[2023-11-05T02:06:59.406+0000] {processor.py:157} INFO - Started process (PID=36325) to work on /opt/airflow/dags/good_mornig.py
[2023-11-05T02:06:59.409+0000] {processor.py:829} INFO - Processing file /opt/airflow/dags/good_mornig.py for tasks to queue
[2023-11-05T02:06:59.419+0000] {logging_mixin.py:151} INFO - [2023-11-05T02:06:59.417+0000] {dagbag.py:536} INFO - Filling up the DagBag from /opt/airflow/dags/good_mornig.py
[2023-11-05T02:06:59.458+0000] {processor.py:839} INFO - DAG(s) dict_keys(['good_morning_1']) retrieved from /opt/airflow/dags/good_mornig.py
[2023-11-05T02:06:59.532+0000] {logging_mixin.py:151} INFO - [2023-11-05T02:06:59.532+0000] {dag.py:2941} INFO - Sync 1 DAGs
[2023-11-05T02:06:59.629+0000] {logging_mixin.py:151} INFO - [2023-11-05T02:06:59.628+0000] {dag.py:3722} INFO - Setting next_dagrun for good_morning_1 to 2023-11-05T00:10:00+00:00, run_after=2023-11-05T01:10:00+00:00
[2023-11-05T02:06:59.722+0000] {processor.py:179} INFO - Processing /opt/airflow/dags/good_mornig.py took 0.348 seconds
[2023-11-05T02:07:30.692+0000] {processor.py:157} INFO - Started process (PID=36387) to work on /opt/airflow/dags/good_mornig.py
[2023-11-05T02:07:30.695+0000] {processor.py:829} INFO - Processing file /opt/airflow/dags/good_mornig.py for tasks to queue
[2023-11-05T02:07:30.705+0000] {logging_mixin.py:151} INFO - [2023-11-05T02:07:30.704+0000] {dagbag.py:536} INFO - Filling up the DagBag from /opt/airflow/dags/good_mornig.py
[2023-11-05T02:07:30.753+0000] {processor.py:839} INFO - DAG(s) dict_keys(['good_morning_1']) retrieved from /opt/airflow/dags/good_mornig.py
[2023-11-05T02:07:30.815+0000] {logging_mixin.py:151} INFO - [2023-11-05T02:07:30.814+0000] {dag.py:2941} INFO - Sync 1 DAGs
[2023-11-05T02:07:30.902+0000] {logging_mixin.py:151} INFO - [2023-11-05T02:07:30.901+0000] {dag.py:3722} INFO - Setting next_dagrun for good_morning_1 to 2023-11-05T01:10:00+00:00, run_after=2023-11-05T02:10:00+00:00
[2023-11-05T02:07:30.977+0000] {processor.py:179} INFO - Processing /opt/airflow/dags/good_mornig.py took 0.292 seconds
[2023-11-05T02:10:10.561+0000] {processor.py:157} INFO - Started process (PID=36420) to work on /opt/airflow/dags/good_mornig.py
[2023-11-05T02:10:10.591+0000] {processor.py:829} INFO - Processing file /opt/airflow/dags/good_mornig.py for tasks to queue
[2023-11-05T02:10:10.619+0000] {logging_mixin.py:151} INFO - [2023-11-05T02:10:10.618+0000] {dagbag.py:536} INFO - Filling up the DagBag from /opt/airflow/dags/good_mornig.py
[2023-11-05T02:10:10.826+0000] {processor.py:839} INFO - DAG(s) dict_keys(['good_morning_1']) retrieved from /opt/airflow/dags/good_mornig.py
[2023-11-05T02:10:11.107+0000] {logging_mixin.py:151} INFO - [2023-11-05T02:10:11.105+0000] {dag.py:2941} INFO - Sync 1 DAGs
[2023-11-05T02:10:11.386+0000] {logging_mixin.py:151} INFO - [2023-11-05T02:10:11.385+0000] {dag.py:3722} INFO - Setting next_dagrun for good_morning_1 to 2023-11-05T02:10:00+00:00, run_after=2023-11-05T03:10:00+00:00
[2023-11-05T02:10:11.653+0000] {processor.py:179} INFO - Processing /opt/airflow/dags/good_mornig.py took 1.126 seconds
