[2023-10-28 17:29:55,506] {processor.py:153} INFO - Started process (PID=73) to work on /home/airflow/.local/lib/python3.7/site-packages/airflow/example_dags/example_branch_labels.py
[2023-10-28 17:29:55,507] {processor.py:641} INFO - Processing file /home/airflow/.local/lib/python3.7/site-packages/airflow/example_dags/example_branch_labels.py for tasks to queue
[2023-10-28 17:29:55,509] {logging_mixin.py:115} INFO - [2023-10-28 17:29:55,508] {dagbag.py:508} INFO - Filling up the DagBag from /home/airflow/.local/lib/python3.7/site-packages/airflow/example_dags/example_branch_labels.py
[2023-10-28 17:29:55,525] {processor.py:651} INFO - DAG(s) dict_keys(['example_branch_labels']) retrieved from /home/airflow/.local/lib/python3.7/site-packages/airflow/example_dags/example_branch_labels.py
[2023-10-28 17:29:55,587] {logging_mixin.py:115} INFO - [2023-10-28 17:29:55,586] {dag.py:2420} INFO - Sync 1 DAGs
[2023-10-28 17:29:55,640] {logging_mixin.py:115} INFO - [2023-10-28 17:29:55,639] {dag.py:2972} INFO - Setting next_dagrun for example_branch_labels to 2023-10-27T00:00:00+00:00, run_after=2023-10-28T00:00:00+00:00
[2023-10-28 17:29:55,664] {processor.py:161} INFO - Processing /home/airflow/.local/lib/python3.7/site-packages/airflow/example_dags/example_branch_labels.py took 0.163 seconds
[2023-10-28 17:30:26,692] {processor.py:153} INFO - Started process (PID=127) to work on /home/airflow/.local/lib/python3.7/site-packages/airflow/example_dags/example_branch_labels.py
[2023-10-28 17:30:26,693] {processor.py:641} INFO - Processing file /home/airflow/.local/lib/python3.7/site-packages/airflow/example_dags/example_branch_labels.py for tasks to queue
[2023-10-28 17:30:26,695] {logging_mixin.py:115} INFO - [2023-10-28 17:30:26,695] {dagbag.py:508} INFO - Filling up the DagBag from /home/airflow/.local/lib/python3.7/site-packages/airflow/example_dags/example_branch_labels.py
[2023-10-28 17:30:26,707] {processor.py:651} INFO - DAG(s) dict_keys(['example_branch_labels']) retrieved from /home/airflow/.local/lib/python3.7/site-packages/airflow/example_dags/example_branch_labels.py
[2023-10-28 17:30:26,754] {logging_mixin.py:115} INFO - [2023-10-28 17:30:26,754] {dag.py:2420} INFO - Sync 1 DAGs
[2023-10-28 17:30:26,798] {logging_mixin.py:115} INFO - [2023-10-28 17:30:26,797] {dag.py:2972} INFO - Setting next_dagrun for example_branch_labels to 2023-10-27T00:00:00+00:00, run_after=2023-10-28T00:00:00+00:00
[2023-10-28 17:30:26,820] {processor.py:161} INFO - Processing /home/airflow/.local/lib/python3.7/site-packages/airflow/example_dags/example_branch_labels.py took 0.136 seconds
[2023-10-28 17:30:57,330] {processor.py:153} INFO - Started process (PID=189) to work on /home/airflow/.local/lib/python3.7/site-packages/airflow/example_dags/example_branch_labels.py
[2023-10-28 17:30:57,331] {processor.py:641} INFO - Processing file /home/airflow/.local/lib/python3.7/site-packages/airflow/example_dags/example_branch_labels.py for tasks to queue
[2023-10-28 17:30:57,332] {logging_mixin.py:115} INFO - [2023-10-28 17:30:57,332] {dagbag.py:508} INFO - Filling up the DagBag from /home/airflow/.local/lib/python3.7/site-packages/airflow/example_dags/example_branch_labels.py
[2023-10-28 17:30:57,358] {processor.py:651} INFO - DAG(s) dict_keys(['example_branch_labels']) retrieved from /home/airflow/.local/lib/python3.7/site-packages/airflow/example_dags/example_branch_labels.py
[2023-10-28 17:30:57,408] {logging_mixin.py:115} INFO - [2023-10-28 17:30:57,407] {dag.py:2420} INFO - Sync 1 DAGs
[2023-10-28 17:30:57,456] {logging_mixin.py:115} INFO - [2023-10-28 17:30:57,456] {dag.py:2972} INFO - Setting next_dagrun for example_branch_labels to 2023-10-27T00:00:00+00:00, run_after=2023-10-28T00:00:00+00:00
[2023-10-28 17:30:57,476] {processor.py:161} INFO - Processing /home/airflow/.local/lib/python3.7/site-packages/airflow/example_dags/example_branch_labels.py took 0.152 seconds
[2023-10-28 17:31:27,680] {processor.py:153} INFO - Started process (PID=242) to work on /home/airflow/.local/lib/python3.7/site-packages/airflow/example_dags/example_branch_labels.py
[2023-10-28 17:31:27,681] {processor.py:641} INFO - Processing file /home/airflow/.local/lib/python3.7/site-packages/airflow/example_dags/example_branch_labels.py for tasks to queue
[2023-10-28 17:31:27,683] {logging_mixin.py:115} INFO - [2023-10-28 17:31:27,683] {dagbag.py:508} INFO - Filling up the DagBag from /home/airflow/.local/lib/python3.7/site-packages/airflow/example_dags/example_branch_labels.py
[2023-10-28 17:31:27,696] {processor.py:651} INFO - DAG(s) dict_keys(['example_branch_labels']) retrieved from /home/airflow/.local/lib/python3.7/site-packages/airflow/example_dags/example_branch_labels.py
[2023-10-28 17:31:27,759] {logging_mixin.py:115} INFO - [2023-10-28 17:31:27,759] {dag.py:2420} INFO - Sync 1 DAGs
[2023-10-28 17:31:27,799] {logging_mixin.py:115} INFO - [2023-10-28 17:31:27,799] {dag.py:2972} INFO - Setting next_dagrun for example_branch_labels to 2023-10-27T00:00:00+00:00, run_after=2023-10-28T00:00:00+00:00
[2023-10-28 17:31:27,820] {processor.py:161} INFO - Processing /home/airflow/.local/lib/python3.7/site-packages/airflow/example_dags/example_branch_labels.py took 0.145 seconds
[2023-10-28 17:31:58,035] {processor.py:153} INFO - Started process (PID=304) to work on /home/airflow/.local/lib/python3.7/site-packages/airflow/example_dags/example_branch_labels.py
[2023-10-28 17:31:58,037] {processor.py:641} INFO - Processing file /home/airflow/.local/lib/python3.7/site-packages/airflow/example_dags/example_branch_labels.py for tasks to queue
[2023-10-28 17:31:58,039] {logging_mixin.py:115} INFO - [2023-10-28 17:31:58,039] {dagbag.py:508} INFO - Filling up the DagBag from /home/airflow/.local/lib/python3.7/site-packages/airflow/example_dags/example_branch_labels.py
[2023-10-28 17:31:58,066] {processor.py:651} INFO - DAG(s) dict_keys(['example_branch_labels']) retrieved from /home/airflow/.local/lib/python3.7/site-packages/airflow/example_dags/example_branch_labels.py
[2023-10-28 17:31:58,124] {logging_mixin.py:115} INFO - [2023-10-28 17:31:58,124] {dag.py:2420} INFO - Sync 1 DAGs
[2023-10-28 17:31:58,171] {logging_mixin.py:115} INFO - [2023-10-28 17:31:58,171] {dag.py:2972} INFO - Setting next_dagrun for example_branch_labels to 2023-10-27T00:00:00+00:00, run_after=2023-10-28T00:00:00+00:00
[2023-10-28 17:31:58,190] {processor.py:161} INFO - Processing /home/airflow/.local/lib/python3.7/site-packages/airflow/example_dags/example_branch_labels.py took 0.161 seconds
[2023-10-28 17:32:28,370] {processor.py:153} INFO - Started process (PID=357) to work on /home/airflow/.local/lib/python3.7/site-packages/airflow/example_dags/example_branch_labels.py
[2023-10-28 17:32:28,371] {processor.py:641} INFO - Processing file /home/airflow/.local/lib/python3.7/site-packages/airflow/example_dags/example_branch_labels.py for tasks to queue
[2023-10-28 17:32:28,375] {logging_mixin.py:115} INFO - [2023-10-28 17:32:28,375] {dagbag.py:508} INFO - Filling up the DagBag from /home/airflow/.local/lib/python3.7/site-packages/airflow/example_dags/example_branch_labels.py
[2023-10-28 17:32:28,402] {processor.py:651} INFO - DAG(s) dict_keys(['example_branch_labels']) retrieved from /home/airflow/.local/lib/python3.7/site-packages/airflow/example_dags/example_branch_labels.py
[2023-10-28 17:32:28,442] {logging_mixin.py:115} INFO - [2023-10-28 17:32:28,442] {dag.py:2420} INFO - Sync 1 DAGs
[2023-10-28 17:32:28,484] {logging_mixin.py:115} INFO - [2023-10-28 17:32:28,484] {dag.py:2972} INFO - Setting next_dagrun for example_branch_labels to 2023-10-27T00:00:00+00:00, run_after=2023-10-28T00:00:00+00:00
[2023-10-28 17:32:28,512] {processor.py:161} INFO - Processing /home/airflow/.local/lib/python3.7/site-packages/airflow/example_dags/example_branch_labels.py took 0.151 seconds
[2023-10-28 17:32:58,798] {processor.py:153} INFO - Started process (PID=419) to work on /home/airflow/.local/lib/python3.7/site-packages/airflow/example_dags/example_branch_labels.py
[2023-10-28 17:32:58,799] {processor.py:641} INFO - Processing file /home/airflow/.local/lib/python3.7/site-packages/airflow/example_dags/example_branch_labels.py for tasks to queue
[2023-10-28 17:32:58,801] {logging_mixin.py:115} INFO - [2023-10-28 17:32:58,801] {dagbag.py:508} INFO - Filling up the DagBag from /home/airflow/.local/lib/python3.7/site-packages/airflow/example_dags/example_branch_labels.py
[2023-10-28 17:32:58,826] {processor.py:651} INFO - DAG(s) dict_keys(['example_branch_labels']) retrieved from /home/airflow/.local/lib/python3.7/site-packages/airflow/example_dags/example_branch_labels.py
[2023-10-28 17:32:58,881] {logging_mixin.py:115} INFO - [2023-10-28 17:32:58,881] {dag.py:2420} INFO - Sync 1 DAGs
[2023-10-28 17:32:58,927] {logging_mixin.py:115} INFO - [2023-10-28 17:32:58,927] {dag.py:2972} INFO - Setting next_dagrun for example_branch_labels to 2023-10-27T00:00:00+00:00, run_after=2023-10-28T00:00:00+00:00
[2023-10-28 17:32:58,946] {processor.py:161} INFO - Processing /home/airflow/.local/lib/python3.7/site-packages/airflow/example_dags/example_branch_labels.py took 0.156 seconds
[2023-10-28 17:33:29,444] {processor.py:153} INFO - Started process (PID=472) to work on /home/airflow/.local/lib/python3.7/site-packages/airflow/example_dags/example_branch_labels.py
[2023-10-28 17:33:29,446] {processor.py:641} INFO - Processing file /home/airflow/.local/lib/python3.7/site-packages/airflow/example_dags/example_branch_labels.py for tasks to queue
[2023-10-28 17:33:29,448] {logging_mixin.py:115} INFO - [2023-10-28 17:33:29,448] {dagbag.py:508} INFO - Filling up the DagBag from /home/airflow/.local/lib/python3.7/site-packages/airflow/example_dags/example_branch_labels.py
[2023-10-28 17:33:29,474] {processor.py:651} INFO - DAG(s) dict_keys(['example_branch_labels']) retrieved from /home/airflow/.local/lib/python3.7/site-packages/airflow/example_dags/example_branch_labels.py
[2023-10-28 17:33:29,533] {logging_mixin.py:115} INFO - [2023-10-28 17:33:29,533] {dag.py:2420} INFO - Sync 1 DAGs
[2023-10-28 17:33:29,594] {logging_mixin.py:115} INFO - [2023-10-28 17:33:29,594] {dag.py:2972} INFO - Setting next_dagrun for example_branch_labels to 2023-10-27T00:00:00+00:00, run_after=2023-10-28T00:00:00+00:00
[2023-10-28 17:33:29,617] {processor.py:161} INFO - Processing /home/airflow/.local/lib/python3.7/site-packages/airflow/example_dags/example_branch_labels.py took 0.181 seconds
[2023-10-28 17:33:59,882] {processor.py:153} INFO - Started process (PID=534) to work on /home/airflow/.local/lib/python3.7/site-packages/airflow/example_dags/example_branch_labels.py
[2023-10-28 17:33:59,884] {processor.py:641} INFO - Processing file /home/airflow/.local/lib/python3.7/site-packages/airflow/example_dags/example_branch_labels.py for tasks to queue
[2023-10-28 17:33:59,886] {logging_mixin.py:115} INFO - [2023-10-28 17:33:59,886] {dagbag.py:508} INFO - Filling up the DagBag from /home/airflow/.local/lib/python3.7/site-packages/airflow/example_dags/example_branch_labels.py
[2023-10-28 17:33:59,911] {processor.py:651} INFO - DAG(s) dict_keys(['example_branch_labels']) retrieved from /home/airflow/.local/lib/python3.7/site-packages/airflow/example_dags/example_branch_labels.py
[2023-10-28 17:33:59,957] {logging_mixin.py:115} INFO - [2023-10-28 17:33:59,957] {dag.py:2420} INFO - Sync 1 DAGs
[2023-10-28 17:33:59,991] {logging_mixin.py:115} INFO - [2023-10-28 17:33:59,991] {dag.py:2972} INFO - Setting next_dagrun for example_branch_labels to 2023-10-27T00:00:00+00:00, run_after=2023-10-28T00:00:00+00:00
[2023-10-28 17:34:00,020] {processor.py:161} INFO - Processing /home/airflow/.local/lib/python3.7/site-packages/airflow/example_dags/example_branch_labels.py took 0.149 seconds
[2023-10-28 17:34:30,200] {processor.py:153} INFO - Started process (PID=587) to work on /home/airflow/.local/lib/python3.7/site-packages/airflow/example_dags/example_branch_labels.py
[2023-10-28 17:34:30,201] {processor.py:641} INFO - Processing file /home/airflow/.local/lib/python3.7/site-packages/airflow/example_dags/example_branch_labels.py for tasks to queue
[2023-10-28 17:34:30,203] {logging_mixin.py:115} INFO - [2023-10-28 17:34:30,202] {dagbag.py:508} INFO - Filling up the DagBag from /home/airflow/.local/lib/python3.7/site-packages/airflow/example_dags/example_branch_labels.py
[2023-10-28 17:34:30,215] {processor.py:651} INFO - DAG(s) dict_keys(['example_branch_labels']) retrieved from /home/airflow/.local/lib/python3.7/site-packages/airflow/example_dags/example_branch_labels.py
[2023-10-28 17:34:30,287] {logging_mixin.py:115} INFO - [2023-10-28 17:34:30,287] {dag.py:2420} INFO - Sync 1 DAGs
[2023-10-28 17:34:30,319] {logging_mixin.py:115} INFO - [2023-10-28 17:34:30,319] {dag.py:2972} INFO - Setting next_dagrun for example_branch_labels to 2023-10-27T00:00:00+00:00, run_after=2023-10-28T00:00:00+00:00
[2023-10-28 17:34:30,338] {processor.py:161} INFO - Processing /home/airflow/.local/lib/python3.7/site-packages/airflow/example_dags/example_branch_labels.py took 0.142 seconds
[2023-10-28 17:35:01,288] {processor.py:153} INFO - Started process (PID=649) to work on /home/airflow/.local/lib/python3.7/site-packages/airflow/example_dags/example_branch_labels.py
[2023-10-28 17:35:01,290] {processor.py:641} INFO - Processing file /home/airflow/.local/lib/python3.7/site-packages/airflow/example_dags/example_branch_labels.py for tasks to queue
[2023-10-28 17:35:01,292] {logging_mixin.py:115} INFO - [2023-10-28 17:35:01,292] {dagbag.py:508} INFO - Filling up the DagBag from /home/airflow/.local/lib/python3.7/site-packages/airflow/example_dags/example_branch_labels.py
[2023-10-28 17:35:01,312] {processor.py:651} INFO - DAG(s) dict_keys(['example_branch_labels']) retrieved from /home/airflow/.local/lib/python3.7/site-packages/airflow/example_dags/example_branch_labels.py
[2023-10-28 17:35:01,361] {logging_mixin.py:115} INFO - [2023-10-28 17:35:01,361] {dag.py:2420} INFO - Sync 1 DAGs
[2023-10-28 17:35:01,401] {logging_mixin.py:115} INFO - [2023-10-28 17:35:01,401] {dag.py:2972} INFO - Setting next_dagrun for example_branch_labels to 2023-10-27T00:00:00+00:00, run_after=2023-10-28T00:00:00+00:00
[2023-10-28 17:35:01,421] {processor.py:161} INFO - Processing /home/airflow/.local/lib/python3.7/site-packages/airflow/example_dags/example_branch_labels.py took 0.143 seconds
[2023-10-28 17:35:31,733] {processor.py:153} INFO - Started process (PID=702) to work on /home/airflow/.local/lib/python3.7/site-packages/airflow/example_dags/example_branch_labels.py
[2023-10-28 17:35:31,736] {processor.py:641} INFO - Processing file /home/airflow/.local/lib/python3.7/site-packages/airflow/example_dags/example_branch_labels.py for tasks to queue
[2023-10-28 17:35:31,738] {logging_mixin.py:115} INFO - [2023-10-28 17:35:31,738] {dagbag.py:508} INFO - Filling up the DagBag from /home/airflow/.local/lib/python3.7/site-packages/airflow/example_dags/example_branch_labels.py
[2023-10-28 17:35:31,752] {processor.py:651} INFO - DAG(s) dict_keys(['example_branch_labels']) retrieved from /home/airflow/.local/lib/python3.7/site-packages/airflow/example_dags/example_branch_labels.py
[2023-10-28 17:35:31,794] {logging_mixin.py:115} INFO - [2023-10-28 17:35:31,794] {dag.py:2420} INFO - Sync 1 DAGs
[2023-10-28 17:35:31,834] {logging_mixin.py:115} INFO - [2023-10-28 17:35:31,834] {dag.py:2972} INFO - Setting next_dagrun for example_branch_labels to 2023-10-27T00:00:00+00:00, run_after=2023-10-28T00:00:00+00:00
[2023-10-28 17:35:31,853] {processor.py:161} INFO - Processing /home/airflow/.local/lib/python3.7/site-packages/airflow/example_dags/example_branch_labels.py took 0.131 seconds
[2023-10-28 17:36:01,924] {processor.py:153} INFO - Started process (PID=764) to work on /home/airflow/.local/lib/python3.7/site-packages/airflow/example_dags/example_branch_labels.py
[2023-10-28 17:36:01,926] {processor.py:641} INFO - Processing file /home/airflow/.local/lib/python3.7/site-packages/airflow/example_dags/example_branch_labels.py for tasks to queue
[2023-10-28 17:36:01,928] {logging_mixin.py:115} INFO - [2023-10-28 17:36:01,927] {dagbag.py:508} INFO - Filling up the DagBag from /home/airflow/.local/lib/python3.7/site-packages/airflow/example_dags/example_branch_labels.py
[2023-10-28 17:36:01,951] {processor.py:651} INFO - DAG(s) dict_keys(['example_branch_labels']) retrieved from /home/airflow/.local/lib/python3.7/site-packages/airflow/example_dags/example_branch_labels.py
[2023-10-28 17:36:01,993] {logging_mixin.py:115} INFO - [2023-10-28 17:36:01,993] {dag.py:2420} INFO - Sync 1 DAGs
[2023-10-28 17:36:02,039] {logging_mixin.py:115} INFO - [2023-10-28 17:36:02,038] {dag.py:2972} INFO - Setting next_dagrun for example_branch_labels to 2023-10-27T00:00:00+00:00, run_after=2023-10-28T00:00:00+00:00
[2023-10-28 17:36:02,065] {processor.py:161} INFO - Processing /home/airflow/.local/lib/python3.7/site-packages/airflow/example_dags/example_branch_labels.py took 0.151 seconds
[2023-10-28 17:36:32,383] {processor.py:153} INFO - Started process (PID=817) to work on /home/airflow/.local/lib/python3.7/site-packages/airflow/example_dags/example_branch_labels.py
[2023-10-28 17:36:32,385] {processor.py:641} INFO - Processing file /home/airflow/.local/lib/python3.7/site-packages/airflow/example_dags/example_branch_labels.py for tasks to queue
[2023-10-28 17:36:32,387] {logging_mixin.py:115} INFO - [2023-10-28 17:36:32,386] {dagbag.py:508} INFO - Filling up the DagBag from /home/airflow/.local/lib/python3.7/site-packages/airflow/example_dags/example_branch_labels.py
[2023-10-28 17:36:32,409] {processor.py:651} INFO - DAG(s) dict_keys(['example_branch_labels']) retrieved from /home/airflow/.local/lib/python3.7/site-packages/airflow/example_dags/example_branch_labels.py
[2023-10-28 17:36:32,458] {logging_mixin.py:115} INFO - [2023-10-28 17:36:32,458] {dag.py:2420} INFO - Sync 1 DAGs
[2023-10-28 17:36:32,496] {logging_mixin.py:115} INFO - [2023-10-28 17:36:32,496] {dag.py:2972} INFO - Setting next_dagrun for example_branch_labels to 2023-10-27T00:00:00+00:00, run_after=2023-10-28T00:00:00+00:00
[2023-10-28 17:36:32,514] {processor.py:161} INFO - Processing /home/airflow/.local/lib/python3.7/site-packages/airflow/example_dags/example_branch_labels.py took 0.139 seconds
