[2023-10-28 17:29:52,257] {processor.py:153} INFO - Started process (PID=48) to work on /home/airflow/.local/lib/python3.7/site-packages/airflow/example_dags/example_branch_operator.py
[2023-10-28 17:29:52,267] {processor.py:641} INFO - Processing file /home/airflow/.local/lib/python3.7/site-packages/airflow/example_dags/example_branch_operator.py for tasks to queue
[2023-10-28 17:29:52,269] {logging_mixin.py:115} INFO - [2023-10-28 17:29:52,269] {dagbag.py:508} INFO - Filling up the DagBag from /home/airflow/.local/lib/python3.7/site-packages/airflow/example_dags/example_branch_operator.py
[2023-10-28 17:29:52,599] {processor.py:651} INFO - DAG(s) dict_keys(['example_branch_operator']) retrieved from /home/airflow/.local/lib/python3.7/site-packages/airflow/example_dags/example_branch_operator.py
[2023-10-28 17:29:52,703] {logging_mixin.py:115} INFO - [2023-10-28 17:29:52,703] {dag.py:2420} INFO - Sync 1 DAGs
[2023-10-28 17:29:52,774] {logging_mixin.py:115} INFO - [2023-10-28 17:29:52,774] {dag.py:2972} INFO - Setting next_dagrun for example_branch_operator to 2023-10-27T00:00:00+00:00, run_after=2023-10-28T00:00:00+00:00
[2023-10-28 17:29:52,804] {processor.py:161} INFO - Processing /home/airflow/.local/lib/python3.7/site-packages/airflow/example_dags/example_branch_operator.py took 0.559 seconds
[2023-10-28 17:30:22,851] {processor.py:153} INFO - Started process (PID=111) to work on /home/airflow/.local/lib/python3.7/site-packages/airflow/example_dags/example_branch_operator.py
[2023-10-28 17:30:22,852] {processor.py:641} INFO - Processing file /home/airflow/.local/lib/python3.7/site-packages/airflow/example_dags/example_branch_operator.py for tasks to queue
[2023-10-28 17:30:22,853] {logging_mixin.py:115} INFO - [2023-10-28 17:30:22,853] {dagbag.py:508} INFO - Filling up the DagBag from /home/airflow/.local/lib/python3.7/site-packages/airflow/example_dags/example_branch_operator.py
[2023-10-28 17:30:22,875] {processor.py:651} INFO - DAG(s) dict_keys(['example_branch_operator']) retrieved from /home/airflow/.local/lib/python3.7/site-packages/airflow/example_dags/example_branch_operator.py
[2023-10-28 17:30:22,919] {logging_mixin.py:115} INFO - [2023-10-28 17:30:22,919] {dag.py:2420} INFO - Sync 1 DAGs
[2023-10-28 17:30:22,960] {logging_mixin.py:115} INFO - [2023-10-28 17:30:22,960] {dag.py:2972} INFO - Setting next_dagrun for example_branch_operator to 2023-10-27T00:00:00+00:00, run_after=2023-10-28T00:00:00+00:00
[2023-10-28 17:30:22,979] {processor.py:161} INFO - Processing /home/airflow/.local/lib/python3.7/site-packages/airflow/example_dags/example_branch_operator.py took 0.132 seconds
[2023-10-28 17:30:53,321] {processor.py:153} INFO - Started process (PID=164) to work on /home/airflow/.local/lib/python3.7/site-packages/airflow/example_dags/example_branch_operator.py
[2023-10-28 17:30:53,334] {processor.py:641} INFO - Processing file /home/airflow/.local/lib/python3.7/site-packages/airflow/example_dags/example_branch_operator.py for tasks to queue
[2023-10-28 17:30:53,338] {logging_mixin.py:115} INFO - [2023-10-28 17:30:53,337] {dagbag.py:508} INFO - Filling up the DagBag from /home/airflow/.local/lib/python3.7/site-packages/airflow/example_dags/example_branch_operator.py
[2023-10-28 17:30:53,384] {processor.py:651} INFO - DAG(s) dict_keys(['example_branch_operator']) retrieved from /home/airflow/.local/lib/python3.7/site-packages/airflow/example_dags/example_branch_operator.py
[2023-10-28 17:30:53,455] {logging_mixin.py:115} INFO - [2023-10-28 17:30:53,455] {dag.py:2420} INFO - Sync 1 DAGs
[2023-10-28 17:30:53,511] {logging_mixin.py:115} INFO - [2023-10-28 17:30:53,511] {dag.py:2972} INFO - Setting next_dagrun for example_branch_operator to 2023-10-27T00:00:00+00:00, run_after=2023-10-28T00:00:00+00:00
[2023-10-28 17:30:53,533] {processor.py:161} INFO - Processing /home/airflow/.local/lib/python3.7/site-packages/airflow/example_dags/example_branch_operator.py took 0.242 seconds
[2023-10-28 17:31:24,093] {processor.py:153} INFO - Started process (PID=226) to work on /home/airflow/.local/lib/python3.7/site-packages/airflow/example_dags/example_branch_operator.py
[2023-10-28 17:31:24,095] {processor.py:641} INFO - Processing file /home/airflow/.local/lib/python3.7/site-packages/airflow/example_dags/example_branch_operator.py for tasks to queue
[2023-10-28 17:31:24,096] {logging_mixin.py:115} INFO - [2023-10-28 17:31:24,096] {dagbag.py:508} INFO - Filling up the DagBag from /home/airflow/.local/lib/python3.7/site-packages/airflow/example_dags/example_branch_operator.py
[2023-10-28 17:31:24,119] {processor.py:651} INFO - DAG(s) dict_keys(['example_branch_operator']) retrieved from /home/airflow/.local/lib/python3.7/site-packages/airflow/example_dags/example_branch_operator.py
[2023-10-28 17:31:24,171] {logging_mixin.py:115} INFO - [2023-10-28 17:31:24,171] {dag.py:2420} INFO - Sync 1 DAGs
[2023-10-28 17:31:24,220] {logging_mixin.py:115} INFO - [2023-10-28 17:31:24,220] {dag.py:2972} INFO - Setting next_dagrun for example_branch_operator to 2023-10-27T00:00:00+00:00, run_after=2023-10-28T00:00:00+00:00
[2023-10-28 17:31:24,243] {processor.py:161} INFO - Processing /home/airflow/.local/lib/python3.7/site-packages/airflow/example_dags/example_branch_operator.py took 0.156 seconds
[2023-10-28 17:31:54,373] {processor.py:153} INFO - Started process (PID=279) to work on /home/airflow/.local/lib/python3.7/site-packages/airflow/example_dags/example_branch_operator.py
[2023-10-28 17:31:54,377] {processor.py:641} INFO - Processing file /home/airflow/.local/lib/python3.7/site-packages/airflow/example_dags/example_branch_operator.py for tasks to queue
[2023-10-28 17:31:54,379] {logging_mixin.py:115} INFO - [2023-10-28 17:31:54,379] {dagbag.py:508} INFO - Filling up the DagBag from /home/airflow/.local/lib/python3.7/site-packages/airflow/example_dags/example_branch_operator.py
[2023-10-28 17:31:54,416] {processor.py:651} INFO - DAG(s) dict_keys(['example_branch_operator']) retrieved from /home/airflow/.local/lib/python3.7/site-packages/airflow/example_dags/example_branch_operator.py
[2023-10-28 17:31:54,464] {logging_mixin.py:115} INFO - [2023-10-28 17:31:54,463] {dag.py:2420} INFO - Sync 1 DAGs
[2023-10-28 17:31:54,503] {logging_mixin.py:115} INFO - [2023-10-28 17:31:54,503] {dag.py:2972} INFO - Setting next_dagrun for example_branch_operator to 2023-10-27T00:00:00+00:00, run_after=2023-10-28T00:00:00+00:00
[2023-10-28 17:31:54,524] {processor.py:161} INFO - Processing /home/airflow/.local/lib/python3.7/site-packages/airflow/example_dags/example_branch_operator.py took 0.162 seconds
[2023-10-28 17:32:24,796] {processor.py:153} INFO - Started process (PID=341) to work on /home/airflow/.local/lib/python3.7/site-packages/airflow/example_dags/example_branch_operator.py
[2023-10-28 17:32:24,797] {processor.py:641} INFO - Processing file /home/airflow/.local/lib/python3.7/site-packages/airflow/example_dags/example_branch_operator.py for tasks to queue
[2023-10-28 17:32:24,798] {logging_mixin.py:115} INFO - [2023-10-28 17:32:24,798] {dagbag.py:508} INFO - Filling up the DagBag from /home/airflow/.local/lib/python3.7/site-packages/airflow/example_dags/example_branch_operator.py
[2023-10-28 17:32:24,814] {processor.py:651} INFO - DAG(s) dict_keys(['example_branch_operator']) retrieved from /home/airflow/.local/lib/python3.7/site-packages/airflow/example_dags/example_branch_operator.py
[2023-10-28 17:32:24,859] {logging_mixin.py:115} INFO - [2023-10-28 17:32:24,859] {dag.py:2420} INFO - Sync 1 DAGs
[2023-10-28 17:32:24,900] {logging_mixin.py:115} INFO - [2023-10-28 17:32:24,899] {dag.py:2972} INFO - Setting next_dagrun for example_branch_operator to 2023-10-27T00:00:00+00:00, run_after=2023-10-28T00:00:00+00:00
[2023-10-28 17:32:24,922] {processor.py:161} INFO - Processing /home/airflow/.local/lib/python3.7/site-packages/airflow/example_dags/example_branch_operator.py took 0.133 seconds
[2023-10-28 17:32:55,002] {processor.py:153} INFO - Started process (PID=394) to work on /home/airflow/.local/lib/python3.7/site-packages/airflow/example_dags/example_branch_operator.py
[2023-10-28 17:32:55,004] {processor.py:641} INFO - Processing file /home/airflow/.local/lib/python3.7/site-packages/airflow/example_dags/example_branch_operator.py for tasks to queue
[2023-10-28 17:32:55,006] {logging_mixin.py:115} INFO - [2023-10-28 17:32:55,006] {dagbag.py:508} INFO - Filling up the DagBag from /home/airflow/.local/lib/python3.7/site-packages/airflow/example_dags/example_branch_operator.py
[2023-10-28 17:32:55,030] {processor.py:651} INFO - DAG(s) dict_keys(['example_branch_operator']) retrieved from /home/airflow/.local/lib/python3.7/site-packages/airflow/example_dags/example_branch_operator.py
[2023-10-28 17:32:55,129] {logging_mixin.py:115} INFO - [2023-10-28 17:32:55,129] {dag.py:2420} INFO - Sync 1 DAGs
[2023-10-28 17:32:55,243] {logging_mixin.py:115} INFO - [2023-10-28 17:32:55,243] {dag.py:2972} INFO - Setting next_dagrun for example_branch_operator to 2023-10-27T00:00:00+00:00, run_after=2023-10-28T00:00:00+00:00
[2023-10-28 17:32:55,271] {processor.py:161} INFO - Processing /home/airflow/.local/lib/python3.7/site-packages/airflow/example_dags/example_branch_operator.py took 0.274 seconds
[2023-10-28 17:33:25,396] {processor.py:153} INFO - Started process (PID=456) to work on /home/airflow/.local/lib/python3.7/site-packages/airflow/example_dags/example_branch_operator.py
[2023-10-28 17:33:25,397] {processor.py:641} INFO - Processing file /home/airflow/.local/lib/python3.7/site-packages/airflow/example_dags/example_branch_operator.py for tasks to queue
[2023-10-28 17:33:25,399] {logging_mixin.py:115} INFO - [2023-10-28 17:33:25,398] {dagbag.py:508} INFO - Filling up the DagBag from /home/airflow/.local/lib/python3.7/site-packages/airflow/example_dags/example_branch_operator.py
[2023-10-28 17:33:25,431] {processor.py:651} INFO - DAG(s) dict_keys(['example_branch_operator']) retrieved from /home/airflow/.local/lib/python3.7/site-packages/airflow/example_dags/example_branch_operator.py
[2023-10-28 17:33:25,480] {logging_mixin.py:115} INFO - [2023-10-28 17:33:25,480] {dag.py:2420} INFO - Sync 1 DAGs
[2023-10-28 17:33:25,533] {logging_mixin.py:115} INFO - [2023-10-28 17:33:25,533] {dag.py:2972} INFO - Setting next_dagrun for example_branch_operator to 2023-10-27T00:00:00+00:00, run_after=2023-10-28T00:00:00+00:00
[2023-10-28 17:33:25,557] {processor.py:161} INFO - Processing /home/airflow/.local/lib/python3.7/site-packages/airflow/example_dags/example_branch_operator.py took 0.164 seconds
[2023-10-28 17:33:56,193] {processor.py:153} INFO - Started process (PID=509) to work on /home/airflow/.local/lib/python3.7/site-packages/airflow/example_dags/example_branch_operator.py
[2023-10-28 17:33:56,194] {processor.py:641} INFO - Processing file /home/airflow/.local/lib/python3.7/site-packages/airflow/example_dags/example_branch_operator.py for tasks to queue
[2023-10-28 17:33:56,195] {logging_mixin.py:115} INFO - [2023-10-28 17:33:56,195] {dagbag.py:508} INFO - Filling up the DagBag from /home/airflow/.local/lib/python3.7/site-packages/airflow/example_dags/example_branch_operator.py
[2023-10-28 17:33:56,216] {processor.py:651} INFO - DAG(s) dict_keys(['example_branch_operator']) retrieved from /home/airflow/.local/lib/python3.7/site-packages/airflow/example_dags/example_branch_operator.py
[2023-10-28 17:33:56,268] {logging_mixin.py:115} INFO - [2023-10-28 17:33:56,268] {dag.py:2420} INFO - Sync 1 DAGs
[2023-10-28 17:33:56,311] {logging_mixin.py:115} INFO - [2023-10-28 17:33:56,311] {dag.py:2972} INFO - Setting next_dagrun for example_branch_operator to 2023-10-27T00:00:00+00:00, run_after=2023-10-28T00:00:00+00:00
[2023-10-28 17:33:56,332] {processor.py:161} INFO - Processing /home/airflow/.local/lib/python3.7/site-packages/airflow/example_dags/example_branch_operator.py took 0.143 seconds
[2023-10-28 17:34:26,464] {processor.py:153} INFO - Started process (PID=571) to work on /home/airflow/.local/lib/python3.7/site-packages/airflow/example_dags/example_branch_operator.py
[2023-10-28 17:34:26,466] {processor.py:641} INFO - Processing file /home/airflow/.local/lib/python3.7/site-packages/airflow/example_dags/example_branch_operator.py for tasks to queue
[2023-10-28 17:34:26,468] {logging_mixin.py:115} INFO - [2023-10-28 17:34:26,468] {dagbag.py:508} INFO - Filling up the DagBag from /home/airflow/.local/lib/python3.7/site-packages/airflow/example_dags/example_branch_operator.py
[2023-10-28 17:34:26,487] {processor.py:651} INFO - DAG(s) dict_keys(['example_branch_operator']) retrieved from /home/airflow/.local/lib/python3.7/site-packages/airflow/example_dags/example_branch_operator.py
[2023-10-28 17:34:26,533] {logging_mixin.py:115} INFO - [2023-10-28 17:34:26,533] {dag.py:2420} INFO - Sync 1 DAGs
[2023-10-28 17:34:26,573] {logging_mixin.py:115} INFO - [2023-10-28 17:34:26,573] {dag.py:2972} INFO - Setting next_dagrun for example_branch_operator to 2023-10-27T00:00:00+00:00, run_after=2023-10-28T00:00:00+00:00
[2023-10-28 17:34:26,594] {processor.py:161} INFO - Processing /home/airflow/.local/lib/python3.7/site-packages/airflow/example_dags/example_branch_operator.py took 0.140 seconds
[2023-10-28 17:34:56,980] {processor.py:153} INFO - Started process (PID=624) to work on /home/airflow/.local/lib/python3.7/site-packages/airflow/example_dags/example_branch_operator.py
[2023-10-28 17:34:56,981] {processor.py:641} INFO - Processing file /home/airflow/.local/lib/python3.7/site-packages/airflow/example_dags/example_branch_operator.py for tasks to queue
[2023-10-28 17:34:56,982] {logging_mixin.py:115} INFO - [2023-10-28 17:34:56,982] {dagbag.py:508} INFO - Filling up the DagBag from /home/airflow/.local/lib/python3.7/site-packages/airflow/example_dags/example_branch_operator.py
[2023-10-28 17:34:57,006] {processor.py:651} INFO - DAG(s) dict_keys(['example_branch_operator']) retrieved from /home/airflow/.local/lib/python3.7/site-packages/airflow/example_dags/example_branch_operator.py
[2023-10-28 17:34:57,059] {logging_mixin.py:115} INFO - [2023-10-28 17:34:57,058] {dag.py:2420} INFO - Sync 1 DAGs
[2023-10-28 17:34:57,140] {logging_mixin.py:115} INFO - [2023-10-28 17:34:57,140] {dag.py:2972} INFO - Setting next_dagrun for example_branch_operator to 2023-10-27T00:00:00+00:00, run_after=2023-10-28T00:00:00+00:00
[2023-10-28 17:34:57,196] {processor.py:161} INFO - Processing /home/airflow/.local/lib/python3.7/site-packages/airflow/example_dags/example_branch_operator.py took 0.221 seconds
[2023-10-28 17:35:27,962] {processor.py:153} INFO - Started process (PID=686) to work on /home/airflow/.local/lib/python3.7/site-packages/airflow/example_dags/example_branch_operator.py
[2023-10-28 17:35:27,963] {processor.py:641} INFO - Processing file /home/airflow/.local/lib/python3.7/site-packages/airflow/example_dags/example_branch_operator.py for tasks to queue
[2023-10-28 17:35:27,964] {logging_mixin.py:115} INFO - [2023-10-28 17:35:27,964] {dagbag.py:508} INFO - Filling up the DagBag from /home/airflow/.local/lib/python3.7/site-packages/airflow/example_dags/example_branch_operator.py
[2023-10-28 17:35:27,982] {processor.py:651} INFO - DAG(s) dict_keys(['example_branch_operator']) retrieved from /home/airflow/.local/lib/python3.7/site-packages/airflow/example_dags/example_branch_operator.py
[2023-10-28 17:35:28,026] {logging_mixin.py:115} INFO - [2023-10-28 17:35:28,026] {dag.py:2420} INFO - Sync 1 DAGs
[2023-10-28 17:35:28,072] {logging_mixin.py:115} INFO - [2023-10-28 17:35:28,072] {dag.py:2972} INFO - Setting next_dagrun for example_branch_operator to 2023-10-27T00:00:00+00:00, run_after=2023-10-28T00:00:00+00:00
[2023-10-28 17:35:28,094] {processor.py:161} INFO - Processing /home/airflow/.local/lib/python3.7/site-packages/airflow/example_dags/example_branch_operator.py took 0.137 seconds
[2023-10-28 17:35:58,336] {processor.py:153} INFO - Started process (PID=748) to work on /home/airflow/.local/lib/python3.7/site-packages/airflow/example_dags/example_branch_operator.py
[2023-10-28 17:35:58,338] {processor.py:641} INFO - Processing file /home/airflow/.local/lib/python3.7/site-packages/airflow/example_dags/example_branch_operator.py for tasks to queue
[2023-10-28 17:35:58,340] {logging_mixin.py:115} INFO - [2023-10-28 17:35:58,340] {dagbag.py:508} INFO - Filling up the DagBag from /home/airflow/.local/lib/python3.7/site-packages/airflow/example_dags/example_branch_operator.py
[2023-10-28 17:35:58,367] {processor.py:651} INFO - DAG(s) dict_keys(['example_branch_operator']) retrieved from /home/airflow/.local/lib/python3.7/site-packages/airflow/example_dags/example_branch_operator.py
[2023-10-28 17:35:58,417] {logging_mixin.py:115} INFO - [2023-10-28 17:35:58,417] {dag.py:2420} INFO - Sync 1 DAGs
[2023-10-28 17:35:58,461] {logging_mixin.py:115} INFO - [2023-10-28 17:35:58,460] {dag.py:2972} INFO - Setting next_dagrun for example_branch_operator to 2023-10-27T00:00:00+00:00, run_after=2023-10-28T00:00:00+00:00
[2023-10-28 17:35:58,483] {processor.py:161} INFO - Processing /home/airflow/.local/lib/python3.7/site-packages/airflow/example_dags/example_branch_operator.py took 0.159 seconds
[2023-10-28 17:36:28,787] {processor.py:153} INFO - Started process (PID=801) to work on /home/airflow/.local/lib/python3.7/site-packages/airflow/example_dags/example_branch_operator.py
[2023-10-28 17:36:28,788] {processor.py:641} INFO - Processing file /home/airflow/.local/lib/python3.7/site-packages/airflow/example_dags/example_branch_operator.py for tasks to queue
[2023-10-28 17:36:28,789] {logging_mixin.py:115} INFO - [2023-10-28 17:36:28,789] {dagbag.py:508} INFO - Filling up the DagBag from /home/airflow/.local/lib/python3.7/site-packages/airflow/example_dags/example_branch_operator.py
[2023-10-28 17:36:28,809] {processor.py:651} INFO - DAG(s) dict_keys(['example_branch_operator']) retrieved from /home/airflow/.local/lib/python3.7/site-packages/airflow/example_dags/example_branch_operator.py
[2023-10-28 17:36:28,848] {logging_mixin.py:115} INFO - [2023-10-28 17:36:28,848] {dag.py:2420} INFO - Sync 1 DAGs
[2023-10-28 17:36:28,889] {logging_mixin.py:115} INFO - [2023-10-28 17:36:28,889] {dag.py:2972} INFO - Setting next_dagrun for example_branch_operator to 2023-10-27T00:00:00+00:00, run_after=2023-10-28T00:00:00+00:00
[2023-10-28 17:36:28,910] {processor.py:161} INFO - Processing /home/airflow/.local/lib/python3.7/site-packages/airflow/example_dags/example_branch_operator.py took 0.127 seconds
