[2023-10-28 17:29:56,689] {processor.py:153} INFO - Started process (PID=82) to work on /home/airflow/.local/lib/python3.7/site-packages/airflow/example_dags/example_skip_dag.py
[2023-10-28 17:29:56,695] {processor.py:641} INFO - Processing file /home/airflow/.local/lib/python3.7/site-packages/airflow/example_dags/example_skip_dag.py for tasks to queue
[2023-10-28 17:29:56,701] {logging_mixin.py:115} INFO - [2023-10-28 17:29:56,701] {dagbag.py:508} INFO - Filling up the DagBag from /home/airflow/.local/lib/python3.7/site-packages/airflow/example_dags/example_skip_dag.py
[2023-10-28 17:29:56,727] {processor.py:651} INFO - DAG(s) dict_keys(['example_skip_dag']) retrieved from /home/airflow/.local/lib/python3.7/site-packages/airflow/example_dags/example_skip_dag.py
[2023-10-28 17:29:56,803] {logging_mixin.py:115} INFO - [2023-10-28 17:29:56,803] {dag.py:2420} INFO - Sync 1 DAGs
[2023-10-28 17:29:56,864] {logging_mixin.py:115} INFO - [2023-10-28 17:29:56,864] {dag.py:2972} INFO - Setting next_dagrun for example_skip_dag to 2023-10-27T17:29:56.864228+00:00, run_after=2023-10-28T17:29:56.864228+00:00
[2023-10-28 17:29:56,889] {processor.py:161} INFO - Processing /home/airflow/.local/lib/python3.7/site-packages/airflow/example_dags/example_skip_dag.py took 0.209 seconds
[2023-10-28 17:30:27,468] {processor.py:153} INFO - Started process (PID=136) to work on /home/airflow/.local/lib/python3.7/site-packages/airflow/example_dags/example_skip_dag.py
[2023-10-28 17:30:27,469] {processor.py:641} INFO - Processing file /home/airflow/.local/lib/python3.7/site-packages/airflow/example_dags/example_skip_dag.py for tasks to queue
[2023-10-28 17:30:27,471] {logging_mixin.py:115} INFO - [2023-10-28 17:30:27,471] {dagbag.py:508} INFO - Filling up the DagBag from /home/airflow/.local/lib/python3.7/site-packages/airflow/example_dags/example_skip_dag.py
[2023-10-28 17:30:27,486] {processor.py:651} INFO - DAG(s) dict_keys(['example_skip_dag']) retrieved from /home/airflow/.local/lib/python3.7/site-packages/airflow/example_dags/example_skip_dag.py
[2023-10-28 17:30:27,536] {logging_mixin.py:115} INFO - [2023-10-28 17:30:27,536] {dag.py:2420} INFO - Sync 1 DAGs
[2023-10-28 17:30:27,575] {logging_mixin.py:115} INFO - [2023-10-28 17:30:27,575] {dag.py:2972} INFO - Setting next_dagrun for example_skip_dag to 2023-10-27T17:30:27.575064+00:00, run_after=2023-10-28T17:30:27.575064+00:00
[2023-10-28 17:30:27,596] {processor.py:161} INFO - Processing /home/airflow/.local/lib/python3.7/site-packages/airflow/example_dags/example_skip_dag.py took 0.137 seconds
[2023-10-28 17:30:58,305] {processor.py:153} INFO - Started process (PID=198) to work on /home/airflow/.local/lib/python3.7/site-packages/airflow/example_dags/example_skip_dag.py
[2023-10-28 17:30:58,306] {processor.py:641} INFO - Processing file /home/airflow/.local/lib/python3.7/site-packages/airflow/example_dags/example_skip_dag.py for tasks to queue
[2023-10-28 17:30:58,307] {logging_mixin.py:115} INFO - [2023-10-28 17:30:58,307] {dagbag.py:508} INFO - Filling up the DagBag from /home/airflow/.local/lib/python3.7/site-packages/airflow/example_dags/example_skip_dag.py
[2023-10-28 17:30:58,317] {processor.py:651} INFO - DAG(s) dict_keys(['example_skip_dag']) retrieved from /home/airflow/.local/lib/python3.7/site-packages/airflow/example_dags/example_skip_dag.py
[2023-10-28 17:30:58,359] {logging_mixin.py:115} INFO - [2023-10-28 17:30:58,359] {dag.py:2420} INFO - Sync 1 DAGs
[2023-10-28 17:30:58,398] {logging_mixin.py:115} INFO - [2023-10-28 17:30:58,397] {dag.py:2972} INFO - Setting next_dagrun for example_skip_dag to 2023-10-27T17:30:58.397575+00:00, run_after=2023-10-28T17:30:58.397575+00:00
[2023-10-28 17:30:58,423] {processor.py:161} INFO - Processing /home/airflow/.local/lib/python3.7/site-packages/airflow/example_dags/example_skip_dag.py took 0.126 seconds
[2023-10-28 17:31:28,482] {processor.py:153} INFO - Started process (PID=251) to work on /home/airflow/.local/lib/python3.7/site-packages/airflow/example_dags/example_skip_dag.py
[2023-10-28 17:31:28,484] {processor.py:641} INFO - Processing file /home/airflow/.local/lib/python3.7/site-packages/airflow/example_dags/example_skip_dag.py for tasks to queue
[2023-10-28 17:31:28,487] {logging_mixin.py:115} INFO - [2023-10-28 17:31:28,487] {dagbag.py:508} INFO - Filling up the DagBag from /home/airflow/.local/lib/python3.7/site-packages/airflow/example_dags/example_skip_dag.py
[2023-10-28 17:31:28,495] {processor.py:651} INFO - DAG(s) dict_keys(['example_skip_dag']) retrieved from /home/airflow/.local/lib/python3.7/site-packages/airflow/example_dags/example_skip_dag.py
[2023-10-28 17:31:28,542] {logging_mixin.py:115} INFO - [2023-10-28 17:31:28,541] {dag.py:2420} INFO - Sync 1 DAGs
[2023-10-28 17:31:28,585] {logging_mixin.py:115} INFO - [2023-10-28 17:31:28,584] {dag.py:2972} INFO - Setting next_dagrun for example_skip_dag to 2023-10-27T17:31:28.584464+00:00, run_after=2023-10-28T17:31:28.584464+00:00
[2023-10-28 17:31:28,608] {processor.py:161} INFO - Processing /home/airflow/.local/lib/python3.7/site-packages/airflow/example_dags/example_skip_dag.py took 0.133 seconds
[2023-10-28 17:31:58,922] {processor.py:153} INFO - Started process (PID=313) to work on /home/airflow/.local/lib/python3.7/site-packages/airflow/example_dags/example_skip_dag.py
[2023-10-28 17:31:58,923] {processor.py:641} INFO - Processing file /home/airflow/.local/lib/python3.7/site-packages/airflow/example_dags/example_skip_dag.py for tasks to queue
[2023-10-28 17:31:58,924] {logging_mixin.py:115} INFO - [2023-10-28 17:31:58,924] {dagbag.py:508} INFO - Filling up the DagBag from /home/airflow/.local/lib/python3.7/site-packages/airflow/example_dags/example_skip_dag.py
[2023-10-28 17:31:58,936] {processor.py:651} INFO - DAG(s) dict_keys(['example_skip_dag']) retrieved from /home/airflow/.local/lib/python3.7/site-packages/airflow/example_dags/example_skip_dag.py
[2023-10-28 17:31:58,982] {logging_mixin.py:115} INFO - [2023-10-28 17:31:58,982] {dag.py:2420} INFO - Sync 1 DAGs
[2023-10-28 17:31:59,026] {logging_mixin.py:115} INFO - [2023-10-28 17:31:59,025] {dag.py:2972} INFO - Setting next_dagrun for example_skip_dag to 2023-10-27T17:31:59.025567+00:00, run_after=2023-10-28T17:31:59.025567+00:00
[2023-10-28 17:31:59,051] {processor.py:161} INFO - Processing /home/airflow/.local/lib/python3.7/site-packages/airflow/example_dags/example_skip_dag.py took 0.134 seconds
[2023-10-28 17:32:29,223] {processor.py:153} INFO - Started process (PID=366) to work on /home/airflow/.local/lib/python3.7/site-packages/airflow/example_dags/example_skip_dag.py
[2023-10-28 17:32:29,224] {processor.py:641} INFO - Processing file /home/airflow/.local/lib/python3.7/site-packages/airflow/example_dags/example_skip_dag.py for tasks to queue
[2023-10-28 17:32:29,225] {logging_mixin.py:115} INFO - [2023-10-28 17:32:29,225] {dagbag.py:508} INFO - Filling up the DagBag from /home/airflow/.local/lib/python3.7/site-packages/airflow/example_dags/example_skip_dag.py
[2023-10-28 17:32:29,234] {processor.py:651} INFO - DAG(s) dict_keys(['example_skip_dag']) retrieved from /home/airflow/.local/lib/python3.7/site-packages/airflow/example_dags/example_skip_dag.py
[2023-10-28 17:32:29,280] {logging_mixin.py:115} INFO - [2023-10-28 17:32:29,279] {dag.py:2420} INFO - Sync 1 DAGs
[2023-10-28 17:32:29,320] {logging_mixin.py:115} INFO - [2023-10-28 17:32:29,320] {dag.py:2972} INFO - Setting next_dagrun for example_skip_dag to 2023-10-27T17:32:29.320478+00:00, run_after=2023-10-28T17:32:29.320478+00:00
[2023-10-28 17:32:29,352] {processor.py:161} INFO - Processing /home/airflow/.local/lib/python3.7/site-packages/airflow/example_dags/example_skip_dag.py took 0.135 seconds
[2023-10-28 17:32:59,617] {processor.py:153} INFO - Started process (PID=428) to work on /home/airflow/.local/lib/python3.7/site-packages/airflow/example_dags/example_skip_dag.py
[2023-10-28 17:32:59,619] {processor.py:641} INFO - Processing file /home/airflow/.local/lib/python3.7/site-packages/airflow/example_dags/example_skip_dag.py for tasks to queue
[2023-10-28 17:32:59,621] {logging_mixin.py:115} INFO - [2023-10-28 17:32:59,621] {dagbag.py:508} INFO - Filling up the DagBag from /home/airflow/.local/lib/python3.7/site-packages/airflow/example_dags/example_skip_dag.py
[2023-10-28 17:32:59,631] {processor.py:651} INFO - DAG(s) dict_keys(['example_skip_dag']) retrieved from /home/airflow/.local/lib/python3.7/site-packages/airflow/example_dags/example_skip_dag.py
[2023-10-28 17:32:59,672] {logging_mixin.py:115} INFO - [2023-10-28 17:32:59,672] {dag.py:2420} INFO - Sync 1 DAGs
[2023-10-28 17:32:59,708] {logging_mixin.py:115} INFO - [2023-10-28 17:32:59,708] {dag.py:2972} INFO - Setting next_dagrun for example_skip_dag to 2023-10-27T17:32:59.708402+00:00, run_after=2023-10-28T17:32:59.708402+00:00
[2023-10-28 17:32:59,728] {processor.py:161} INFO - Processing /home/airflow/.local/lib/python3.7/site-packages/airflow/example_dags/example_skip_dag.py took 0.115 seconds
[2023-10-28 17:33:30,350] {processor.py:153} INFO - Started process (PID=481) to work on /home/airflow/.local/lib/python3.7/site-packages/airflow/example_dags/example_skip_dag.py
[2023-10-28 17:33:30,351] {processor.py:641} INFO - Processing file /home/airflow/.local/lib/python3.7/site-packages/airflow/example_dags/example_skip_dag.py for tasks to queue
[2023-10-28 17:33:30,353] {logging_mixin.py:115} INFO - [2023-10-28 17:33:30,353] {dagbag.py:508} INFO - Filling up the DagBag from /home/airflow/.local/lib/python3.7/site-packages/airflow/example_dags/example_skip_dag.py
[2023-10-28 17:33:30,365] {processor.py:651} INFO - DAG(s) dict_keys(['example_skip_dag']) retrieved from /home/airflow/.local/lib/python3.7/site-packages/airflow/example_dags/example_skip_dag.py
[2023-10-28 17:33:30,419] {logging_mixin.py:115} INFO - [2023-10-28 17:33:30,419] {dag.py:2420} INFO - Sync 1 DAGs
[2023-10-28 17:33:30,463] {logging_mixin.py:115} INFO - [2023-10-28 17:33:30,463] {dag.py:2972} INFO - Setting next_dagrun for example_skip_dag to 2023-10-27T17:33:30.463489+00:00, run_after=2023-10-28T17:33:30.463489+00:00
[2023-10-28 17:33:30,483] {processor.py:161} INFO - Processing /home/airflow/.local/lib/python3.7/site-packages/airflow/example_dags/example_skip_dag.py took 0.137 seconds
[2023-10-28 17:34:00,668] {processor.py:153} INFO - Started process (PID=543) to work on /home/airflow/.local/lib/python3.7/site-packages/airflow/example_dags/example_skip_dag.py
[2023-10-28 17:34:00,669] {processor.py:641} INFO - Processing file /home/airflow/.local/lib/python3.7/site-packages/airflow/example_dags/example_skip_dag.py for tasks to queue
[2023-10-28 17:34:00,671] {logging_mixin.py:115} INFO - [2023-10-28 17:34:00,670] {dagbag.py:508} INFO - Filling up the DagBag from /home/airflow/.local/lib/python3.7/site-packages/airflow/example_dags/example_skip_dag.py
[2023-10-28 17:34:00,681] {processor.py:651} INFO - DAG(s) dict_keys(['example_skip_dag']) retrieved from /home/airflow/.local/lib/python3.7/site-packages/airflow/example_dags/example_skip_dag.py
[2023-10-28 17:34:00,724] {logging_mixin.py:115} INFO - [2023-10-28 17:34:00,724] {dag.py:2420} INFO - Sync 1 DAGs
[2023-10-28 17:34:00,767] {logging_mixin.py:115} INFO - [2023-10-28 17:34:00,767] {dag.py:2972} INFO - Setting next_dagrun for example_skip_dag to 2023-10-27T17:34:00.767056+00:00, run_after=2023-10-28T17:34:00.767056+00:00
[2023-10-28 17:34:00,791] {processor.py:161} INFO - Processing /home/airflow/.local/lib/python3.7/site-packages/airflow/example_dags/example_skip_dag.py took 0.128 seconds
[2023-10-28 17:34:31,015] {processor.py:153} INFO - Started process (PID=596) to work on /home/airflow/.local/lib/python3.7/site-packages/airflow/example_dags/example_skip_dag.py
[2023-10-28 17:34:31,016] {processor.py:641} INFO - Processing file /home/airflow/.local/lib/python3.7/site-packages/airflow/example_dags/example_skip_dag.py for tasks to queue
[2023-10-28 17:34:31,018] {logging_mixin.py:115} INFO - [2023-10-28 17:34:31,017] {dagbag.py:508} INFO - Filling up the DagBag from /home/airflow/.local/lib/python3.7/site-packages/airflow/example_dags/example_skip_dag.py
[2023-10-28 17:34:31,026] {processor.py:651} INFO - DAG(s) dict_keys(['example_skip_dag']) retrieved from /home/airflow/.local/lib/python3.7/site-packages/airflow/example_dags/example_skip_dag.py
[2023-10-28 17:34:31,075] {logging_mixin.py:115} INFO - [2023-10-28 17:34:31,075] {dag.py:2420} INFO - Sync 1 DAGs
[2023-10-28 17:34:31,148] {logging_mixin.py:115} INFO - [2023-10-28 17:34:31,148] {dag.py:2972} INFO - Setting next_dagrun for example_skip_dag to 2023-10-27T17:34:31.147952+00:00, run_after=2023-10-28T17:34:31.147952+00:00
[2023-10-28 17:34:31,209] {processor.py:161} INFO - Processing /home/airflow/.local/lib/python3.7/site-packages/airflow/example_dags/example_skip_dag.py took 0.198 seconds
[2023-10-28 17:35:02,156] {processor.py:153} INFO - Started process (PID=658) to work on /home/airflow/.local/lib/python3.7/site-packages/airflow/example_dags/example_skip_dag.py
[2023-10-28 17:35:02,157] {processor.py:641} INFO - Processing file /home/airflow/.local/lib/python3.7/site-packages/airflow/example_dags/example_skip_dag.py for tasks to queue
[2023-10-28 17:35:02,159] {logging_mixin.py:115} INFO - [2023-10-28 17:35:02,159] {dagbag.py:508} INFO - Filling up the DagBag from /home/airflow/.local/lib/python3.7/site-packages/airflow/example_dags/example_skip_dag.py
[2023-10-28 17:35:02,168] {processor.py:651} INFO - DAG(s) dict_keys(['example_skip_dag']) retrieved from /home/airflow/.local/lib/python3.7/site-packages/airflow/example_dags/example_skip_dag.py
[2023-10-28 17:35:02,208] {logging_mixin.py:115} INFO - [2023-10-28 17:35:02,208] {dag.py:2420} INFO - Sync 1 DAGs
[2023-10-28 17:35:02,238] {logging_mixin.py:115} INFO - [2023-10-28 17:35:02,238] {dag.py:2972} INFO - Setting next_dagrun for example_skip_dag to 2023-10-27T17:35:02.238473+00:00, run_after=2023-10-28T17:35:02.238473+00:00
[2023-10-28 17:35:02,257] {processor.py:161} INFO - Processing /home/airflow/.local/lib/python3.7/site-packages/airflow/example_dags/example_skip_dag.py took 0.107 seconds
[2023-10-28 17:35:32,480] {processor.py:153} INFO - Started process (PID=711) to work on /home/airflow/.local/lib/python3.7/site-packages/airflow/example_dags/example_skip_dag.py
[2023-10-28 17:35:32,480] {processor.py:641} INFO - Processing file /home/airflow/.local/lib/python3.7/site-packages/airflow/example_dags/example_skip_dag.py for tasks to queue
[2023-10-28 17:35:32,482] {logging_mixin.py:115} INFO - [2023-10-28 17:35:32,482] {dagbag.py:508} INFO - Filling up the DagBag from /home/airflow/.local/lib/python3.7/site-packages/airflow/example_dags/example_skip_dag.py
[2023-10-28 17:35:32,492] {processor.py:651} INFO - DAG(s) dict_keys(['example_skip_dag']) retrieved from /home/airflow/.local/lib/python3.7/site-packages/airflow/example_dags/example_skip_dag.py
[2023-10-28 17:35:32,536] {logging_mixin.py:115} INFO - [2023-10-28 17:35:32,536] {dag.py:2420} INFO - Sync 1 DAGs
[2023-10-28 17:35:32,575] {logging_mixin.py:115} INFO - [2023-10-28 17:35:32,575] {dag.py:2972} INFO - Setting next_dagrun for example_skip_dag to 2023-10-27T17:35:32.574501+00:00, run_after=2023-10-28T17:35:32.574501+00:00
[2023-10-28 17:35:32,598] {processor.py:161} INFO - Processing /home/airflow/.local/lib/python3.7/site-packages/airflow/example_dags/example_skip_dag.py took 0.123 seconds
[2023-10-28 17:36:02,860] {processor.py:153} INFO - Started process (PID=773) to work on /home/airflow/.local/lib/python3.7/site-packages/airflow/example_dags/example_skip_dag.py
[2023-10-28 17:36:02,862] {processor.py:641} INFO - Processing file /home/airflow/.local/lib/python3.7/site-packages/airflow/example_dags/example_skip_dag.py for tasks to queue
[2023-10-28 17:36:02,863] {logging_mixin.py:115} INFO - [2023-10-28 17:36:02,863] {dagbag.py:508} INFO - Filling up the DagBag from /home/airflow/.local/lib/python3.7/site-packages/airflow/example_dags/example_skip_dag.py
[2023-10-28 17:36:02,876] {processor.py:651} INFO - DAG(s) dict_keys(['example_skip_dag']) retrieved from /home/airflow/.local/lib/python3.7/site-packages/airflow/example_dags/example_skip_dag.py
[2023-10-28 17:36:02,929] {logging_mixin.py:115} INFO - [2023-10-28 17:36:02,929] {dag.py:2420} INFO - Sync 1 DAGs
[2023-10-28 17:36:02,976] {logging_mixin.py:115} INFO - [2023-10-28 17:36:02,976] {dag.py:2972} INFO - Setting next_dagrun for example_skip_dag to 2023-10-27T17:36:02.975967+00:00, run_after=2023-10-28T17:36:02.975967+00:00
[2023-10-28 17:36:03,004] {processor.py:161} INFO - Processing /home/airflow/.local/lib/python3.7/site-packages/airflow/example_dags/example_skip_dag.py took 0.151 seconds
[2023-10-28 17:36:33,476] {processor.py:153} INFO - Started process (PID=826) to work on /home/airflow/.local/lib/python3.7/site-packages/airflow/example_dags/example_skip_dag.py
[2023-10-28 17:36:33,477] {processor.py:641} INFO - Processing file /home/airflow/.local/lib/python3.7/site-packages/airflow/example_dags/example_skip_dag.py for tasks to queue
[2023-10-28 17:36:33,479] {logging_mixin.py:115} INFO - [2023-10-28 17:36:33,479] {dagbag.py:508} INFO - Filling up the DagBag from /home/airflow/.local/lib/python3.7/site-packages/airflow/example_dags/example_skip_dag.py
[2023-10-28 17:36:33,490] {processor.py:651} INFO - DAG(s) dict_keys(['example_skip_dag']) retrieved from /home/airflow/.local/lib/python3.7/site-packages/airflow/example_dags/example_skip_dag.py
[2023-10-28 17:36:33,536] {logging_mixin.py:115} INFO - [2023-10-28 17:36:33,536] {dag.py:2420} INFO - Sync 1 DAGs
[2023-10-28 17:36:33,574] {logging_mixin.py:115} INFO - [2023-10-28 17:36:33,574] {dag.py:2972} INFO - Setting next_dagrun for example_skip_dag to 2023-10-27T17:36:33.573718+00:00, run_after=2023-10-28T17:36:33.573718+00:00
[2023-10-28 17:36:33,603] {processor.py:161} INFO - Processing /home/airflow/.local/lib/python3.7/site-packages/airflow/example_dags/example_skip_dag.py took 0.131 seconds
