[2023-10-28 17:29:54,629] {processor.py:153} INFO - Started process (PID=68) to work on /home/airflow/.local/lib/python3.7/site-packages/airflow/example_dags/example_subdag_operator.py
[2023-10-28 17:29:54,634] {processor.py:641} INFO - Processing file /home/airflow/.local/lib/python3.7/site-packages/airflow/example_dags/example_subdag_operator.py for tasks to queue
[2023-10-28 17:29:54,637] {logging_mixin.py:115} INFO - [2023-10-28 17:29:54,636] {dagbag.py:508} INFO - Filling up the DagBag from /home/airflow/.local/lib/python3.7/site-packages/airflow/example_dags/example_subdag_operator.py
[2023-10-28 17:29:54,705] {processor.py:651} INFO - DAG(s) dict_keys(['example_subdag_operator.section-1', 'example_subdag_operator.section-2', 'example_subdag_operator']) retrieved from /home/airflow/.local/lib/python3.7/site-packages/airflow/example_dags/example_subdag_operator.py
[2023-10-28 17:29:54,797] {logging_mixin.py:115} INFO - [2023-10-28 17:29:54,797] {dag.py:2420} INFO - Sync 3 DAGs
[2023-10-28 17:29:54,869] {logging_mixin.py:115} INFO - [2023-10-28 17:29:54,869] {dag.py:2972} INFO - Setting next_dagrun for example_subdag_operator to 2022-01-01T00:00:00+00:00, run_after=2022-01-01T00:00:00+00:00
[2023-10-28 17:29:54,870] {logging_mixin.py:115} INFO - [2023-10-28 17:29:54,869] {dag.py:2972} INFO - Setting next_dagrun for example_subdag_operator.section-1 to None, run_after=None
[2023-10-28 17:29:54,870] {logging_mixin.py:115} INFO - [2023-10-28 17:29:54,870] {dag.py:2972} INFO - Setting next_dagrun for example_subdag_operator.section-2 to None, run_after=None
[2023-10-28 17:29:54,885] {logging_mixin.py:115} INFO - [2023-10-28 17:29:54,885] {dag.py:2420} INFO - Sync 2 DAGs
[2023-10-28 17:29:54,898] {logging_mixin.py:115} INFO - [2023-10-28 17:29:54,898] {dag.py:2972} INFO - Setting next_dagrun for example_subdag_operator.section-1 to None, run_after=None
[2023-10-28 17:29:54,899] {logging_mixin.py:115} INFO - [2023-10-28 17:29:54,899] {dag.py:2972} INFO - Setting next_dagrun for example_subdag_operator.section-2 to None, run_after=None
[2023-10-28 17:29:54,916] {processor.py:161} INFO - Processing /home/airflow/.local/lib/python3.7/site-packages/airflow/example_dags/example_subdag_operator.py took 0.296 seconds
[2023-10-28 17:30:25,153] {processor.py:153} INFO - Started process (PID=122) to work on /home/airflow/.local/lib/python3.7/site-packages/airflow/example_dags/example_subdag_operator.py
[2023-10-28 17:30:25,156] {processor.py:641} INFO - Processing file /home/airflow/.local/lib/python3.7/site-packages/airflow/example_dags/example_subdag_operator.py for tasks to queue
[2023-10-28 17:30:25,160] {logging_mixin.py:115} INFO - [2023-10-28 17:30:25,159] {dagbag.py:508} INFO - Filling up the DagBag from /home/airflow/.local/lib/python3.7/site-packages/airflow/example_dags/example_subdag_operator.py
[2023-10-28 17:30:25,254] {processor.py:651} INFO - DAG(s) dict_keys(['example_subdag_operator.section-1', 'example_subdag_operator.section-2', 'example_subdag_operator']) retrieved from /home/airflow/.local/lib/python3.7/site-packages/airflow/example_dags/example_subdag_operator.py
[2023-10-28 17:30:25,305] {logging_mixin.py:115} INFO - [2023-10-28 17:30:25,305] {dag.py:2420} INFO - Sync 3 DAGs
[2023-10-28 17:30:25,340] {logging_mixin.py:115} INFO - [2023-10-28 17:30:25,340] {dag.py:2972} INFO - Setting next_dagrun for example_subdag_operator to 2022-01-01T00:00:00+00:00, run_after=2022-01-01T00:00:00+00:00
[2023-10-28 17:30:25,340] {logging_mixin.py:115} INFO - [2023-10-28 17:30:25,340] {dag.py:2972} INFO - Setting next_dagrun for example_subdag_operator.section-1 to None, run_after=None
[2023-10-28 17:30:25,341] {logging_mixin.py:115} INFO - [2023-10-28 17:30:25,341] {dag.py:2972} INFO - Setting next_dagrun for example_subdag_operator.section-2 to None, run_after=None
[2023-10-28 17:30:25,353] {logging_mixin.py:115} INFO - [2023-10-28 17:30:25,353] {dag.py:2420} INFO - Sync 2 DAGs
[2023-10-28 17:30:25,364] {logging_mixin.py:115} INFO - [2023-10-28 17:30:25,364] {dag.py:2972} INFO - Setting next_dagrun for example_subdag_operator.section-1 to None, run_after=None
[2023-10-28 17:30:25,365] {logging_mixin.py:115} INFO - [2023-10-28 17:30:25,365] {dag.py:2972} INFO - Setting next_dagrun for example_subdag_operator.section-2 to None, run_after=None
[2023-10-28 17:30:25,379] {processor.py:161} INFO - Processing /home/airflow/.local/lib/python3.7/site-packages/airflow/example_dags/example_subdag_operator.py took 0.231 seconds
[2023-10-28 17:30:55,842] {processor.py:153} INFO - Started process (PID=182) to work on /home/airflow/.local/lib/python3.7/site-packages/airflow/example_dags/example_subdag_operator.py
[2023-10-28 17:30:55,843] {processor.py:641} INFO - Processing file /home/airflow/.local/lib/python3.7/site-packages/airflow/example_dags/example_subdag_operator.py for tasks to queue
[2023-10-28 17:30:55,844] {logging_mixin.py:115} INFO - [2023-10-28 17:30:55,844] {dagbag.py:508} INFO - Filling up the DagBag from /home/airflow/.local/lib/python3.7/site-packages/airflow/example_dags/example_subdag_operator.py
[2023-10-28 17:30:55,893] {processor.py:651} INFO - DAG(s) dict_keys(['example_subdag_operator.section-1', 'example_subdag_operator.section-2', 'example_subdag_operator']) retrieved from /home/airflow/.local/lib/python3.7/site-packages/airflow/example_dags/example_subdag_operator.py
[2023-10-28 17:30:55,960] {logging_mixin.py:115} INFO - [2023-10-28 17:30:55,960] {dag.py:2420} INFO - Sync 3 DAGs
[2023-10-28 17:30:56,005] {logging_mixin.py:115} INFO - [2023-10-28 17:30:56,005] {dag.py:2972} INFO - Setting next_dagrun for example_subdag_operator to 2022-01-01T00:00:00+00:00, run_after=2022-01-01T00:00:00+00:00
[2023-10-28 17:30:56,006] {logging_mixin.py:115} INFO - [2023-10-28 17:30:56,006] {dag.py:2972} INFO - Setting next_dagrun for example_subdag_operator.section-1 to None, run_after=None
[2023-10-28 17:30:56,007] {logging_mixin.py:115} INFO - [2023-10-28 17:30:56,007] {dag.py:2972} INFO - Setting next_dagrun for example_subdag_operator.section-2 to None, run_after=None
[2023-10-28 17:30:56,023] {logging_mixin.py:115} INFO - [2023-10-28 17:30:56,023] {dag.py:2420} INFO - Sync 2 DAGs
[2023-10-28 17:30:56,035] {logging_mixin.py:115} INFO - [2023-10-28 17:30:56,035] {dag.py:2972} INFO - Setting next_dagrun for example_subdag_operator.section-1 to None, run_after=None
[2023-10-28 17:30:56,036] {logging_mixin.py:115} INFO - [2023-10-28 17:30:56,036] {dag.py:2972} INFO - Setting next_dagrun for example_subdag_operator.section-2 to None, run_after=None
[2023-10-28 17:30:56,053] {processor.py:161} INFO - Processing /home/airflow/.local/lib/python3.7/site-packages/airflow/example_dags/example_subdag_operator.py took 0.220 seconds
[2023-10-28 17:31:26,229] {processor.py:153} INFO - Started process (PID=237) to work on /home/airflow/.local/lib/python3.7/site-packages/airflow/example_dags/example_subdag_operator.py
[2023-10-28 17:31:26,230] {processor.py:641} INFO - Processing file /home/airflow/.local/lib/python3.7/site-packages/airflow/example_dags/example_subdag_operator.py for tasks to queue
[2023-10-28 17:31:26,231] {logging_mixin.py:115} INFO - [2023-10-28 17:31:26,231] {dagbag.py:508} INFO - Filling up the DagBag from /home/airflow/.local/lib/python3.7/site-packages/airflow/example_dags/example_subdag_operator.py
[2023-10-28 17:31:26,272] {processor.py:651} INFO - DAG(s) dict_keys(['example_subdag_operator.section-1', 'example_subdag_operator.section-2', 'example_subdag_operator']) retrieved from /home/airflow/.local/lib/python3.7/site-packages/airflow/example_dags/example_subdag_operator.py
[2023-10-28 17:31:26,321] {logging_mixin.py:115} INFO - [2023-10-28 17:31:26,321] {dag.py:2420} INFO - Sync 3 DAGs
[2023-10-28 17:31:26,354] {logging_mixin.py:115} INFO - [2023-10-28 17:31:26,354] {dag.py:2972} INFO - Setting next_dagrun for example_subdag_operator to 2022-01-01T00:00:00+00:00, run_after=2022-01-01T00:00:00+00:00
[2023-10-28 17:31:26,355] {logging_mixin.py:115} INFO - [2023-10-28 17:31:26,355] {dag.py:2972} INFO - Setting next_dagrun for example_subdag_operator.section-1 to None, run_after=None
[2023-10-28 17:31:26,356] {logging_mixin.py:115} INFO - [2023-10-28 17:31:26,356] {dag.py:2972} INFO - Setting next_dagrun for example_subdag_operator.section-2 to None, run_after=None
[2023-10-28 17:31:26,369] {logging_mixin.py:115} INFO - [2023-10-28 17:31:26,369] {dag.py:2420} INFO - Sync 2 DAGs
[2023-10-28 17:31:26,379] {logging_mixin.py:115} INFO - [2023-10-28 17:31:26,379] {dag.py:2972} INFO - Setting next_dagrun for example_subdag_operator.section-1 to None, run_after=None
[2023-10-28 17:31:26,380] {logging_mixin.py:115} INFO - [2023-10-28 17:31:26,379] {dag.py:2972} INFO - Setting next_dagrun for example_subdag_operator.section-2 to None, run_after=None
[2023-10-28 17:31:26,398] {processor.py:161} INFO - Processing /home/airflow/.local/lib/python3.7/site-packages/airflow/example_dags/example_subdag_operator.py took 0.173 seconds
[2023-10-28 17:31:56,481] {processor.py:153} INFO - Started process (PID=299) to work on /home/airflow/.local/lib/python3.7/site-packages/airflow/example_dags/example_subdag_operator.py
[2023-10-28 17:31:56,482] {processor.py:641} INFO - Processing file /home/airflow/.local/lib/python3.7/site-packages/airflow/example_dags/example_subdag_operator.py for tasks to queue
[2023-10-28 17:31:56,484] {logging_mixin.py:115} INFO - [2023-10-28 17:31:56,484] {dagbag.py:508} INFO - Filling up the DagBag from /home/airflow/.local/lib/python3.7/site-packages/airflow/example_dags/example_subdag_operator.py
[2023-10-28 17:31:56,539] {processor.py:651} INFO - DAG(s) dict_keys(['example_subdag_operator.section-1', 'example_subdag_operator.section-2', 'example_subdag_operator']) retrieved from /home/airflow/.local/lib/python3.7/site-packages/airflow/example_dags/example_subdag_operator.py
[2023-10-28 17:31:56,603] {logging_mixin.py:115} INFO - [2023-10-28 17:31:56,603] {dag.py:2420} INFO - Sync 3 DAGs
[2023-10-28 17:31:56,651] {logging_mixin.py:115} INFO - [2023-10-28 17:31:56,650] {dag.py:2972} INFO - Setting next_dagrun for example_subdag_operator to 2022-01-01T00:00:00+00:00, run_after=2022-01-01T00:00:00+00:00
[2023-10-28 17:31:56,652] {logging_mixin.py:115} INFO - [2023-10-28 17:31:56,652] {dag.py:2972} INFO - Setting next_dagrun for example_subdag_operator.section-1 to None, run_after=None
[2023-10-28 17:31:56,654] {logging_mixin.py:115} INFO - [2023-10-28 17:31:56,653] {dag.py:2972} INFO - Setting next_dagrun for example_subdag_operator.section-2 to None, run_after=None
[2023-10-28 17:31:56,670] {logging_mixin.py:115} INFO - [2023-10-28 17:31:56,670] {dag.py:2420} INFO - Sync 2 DAGs
[2023-10-28 17:31:56,681] {logging_mixin.py:115} INFO - [2023-10-28 17:31:56,681] {dag.py:2972} INFO - Setting next_dagrun for example_subdag_operator.section-1 to None, run_after=None
[2023-10-28 17:31:56,683] {logging_mixin.py:115} INFO - [2023-10-28 17:31:56,683] {dag.py:2972} INFO - Setting next_dagrun for example_subdag_operator.section-2 to None, run_after=None
[2023-10-28 17:31:56,703] {processor.py:161} INFO - Processing /home/airflow/.local/lib/python3.7/site-packages/airflow/example_dags/example_subdag_operator.py took 0.228 seconds
[2023-10-28 17:32:26,801] {processor.py:153} INFO - Started process (PID=352) to work on /home/airflow/.local/lib/python3.7/site-packages/airflow/example_dags/example_subdag_operator.py
[2023-10-28 17:32:26,802] {processor.py:641} INFO - Processing file /home/airflow/.local/lib/python3.7/site-packages/airflow/example_dags/example_subdag_operator.py for tasks to queue
[2023-10-28 17:32:26,803] {logging_mixin.py:115} INFO - [2023-10-28 17:32:26,803] {dagbag.py:508} INFO - Filling up the DagBag from /home/airflow/.local/lib/python3.7/site-packages/airflow/example_dags/example_subdag_operator.py
[2023-10-28 17:32:26,854] {processor.py:651} INFO - DAG(s) dict_keys(['example_subdag_operator.section-1', 'example_subdag_operator.section-2', 'example_subdag_operator']) retrieved from /home/airflow/.local/lib/python3.7/site-packages/airflow/example_dags/example_subdag_operator.py
[2023-10-28 17:32:26,909] {logging_mixin.py:115} INFO - [2023-10-28 17:32:26,908] {dag.py:2420} INFO - Sync 3 DAGs
[2023-10-28 17:32:26,951] {logging_mixin.py:115} INFO - [2023-10-28 17:32:26,951] {dag.py:2972} INFO - Setting next_dagrun for example_subdag_operator to 2022-01-01T00:00:00+00:00, run_after=2022-01-01T00:00:00+00:00
[2023-10-28 17:32:26,952] {logging_mixin.py:115} INFO - [2023-10-28 17:32:26,952] {dag.py:2972} INFO - Setting next_dagrun for example_subdag_operator.section-1 to None, run_after=None
[2023-10-28 17:32:26,953] {logging_mixin.py:115} INFO - [2023-10-28 17:32:26,953] {dag.py:2972} INFO - Setting next_dagrun for example_subdag_operator.section-2 to None, run_after=None
[2023-10-28 17:32:26,968] {logging_mixin.py:115} INFO - [2023-10-28 17:32:26,967] {dag.py:2420} INFO - Sync 2 DAGs
[2023-10-28 17:32:26,980] {logging_mixin.py:115} INFO - [2023-10-28 17:32:26,980] {dag.py:2972} INFO - Setting next_dagrun for example_subdag_operator.section-1 to None, run_after=None
[2023-10-28 17:32:26,980] {logging_mixin.py:115} INFO - [2023-10-28 17:32:26,980] {dag.py:2972} INFO - Setting next_dagrun for example_subdag_operator.section-2 to None, run_after=None
[2023-10-28 17:32:26,997] {processor.py:161} INFO - Processing /home/airflow/.local/lib/python3.7/site-packages/airflow/example_dags/example_subdag_operator.py took 0.201 seconds
[2023-10-28 17:32:57,299] {processor.py:153} INFO - Started process (PID=414) to work on /home/airflow/.local/lib/python3.7/site-packages/airflow/example_dags/example_subdag_operator.py
[2023-10-28 17:32:57,300] {processor.py:641} INFO - Processing file /home/airflow/.local/lib/python3.7/site-packages/airflow/example_dags/example_subdag_operator.py for tasks to queue
[2023-10-28 17:32:57,301] {logging_mixin.py:115} INFO - [2023-10-28 17:32:57,301] {dagbag.py:508} INFO - Filling up the DagBag from /home/airflow/.local/lib/python3.7/site-packages/airflow/example_dags/example_subdag_operator.py
[2023-10-28 17:32:57,350] {processor.py:651} INFO - DAG(s) dict_keys(['example_subdag_operator.section-1', 'example_subdag_operator.section-2', 'example_subdag_operator']) retrieved from /home/airflow/.local/lib/python3.7/site-packages/airflow/example_dags/example_subdag_operator.py
[2023-10-28 17:32:57,404] {logging_mixin.py:115} INFO - [2023-10-28 17:32:57,404] {dag.py:2420} INFO - Sync 3 DAGs
[2023-10-28 17:32:57,452] {logging_mixin.py:115} INFO - [2023-10-28 17:32:57,452] {dag.py:2972} INFO - Setting next_dagrun for example_subdag_operator to 2022-01-01T00:00:00+00:00, run_after=2022-01-01T00:00:00+00:00
[2023-10-28 17:32:57,454] {logging_mixin.py:115} INFO - [2023-10-28 17:32:57,453] {dag.py:2972} INFO - Setting next_dagrun for example_subdag_operator.section-1 to None, run_after=None
[2023-10-28 17:32:57,455] {logging_mixin.py:115} INFO - [2023-10-28 17:32:57,454] {dag.py:2972} INFO - Setting next_dagrun for example_subdag_operator.section-2 to None, run_after=None
[2023-10-28 17:32:57,469] {logging_mixin.py:115} INFO - [2023-10-28 17:32:57,469] {dag.py:2420} INFO - Sync 2 DAGs
[2023-10-28 17:32:57,481] {logging_mixin.py:115} INFO - [2023-10-28 17:32:57,481] {dag.py:2972} INFO - Setting next_dagrun for example_subdag_operator.section-1 to None, run_after=None
[2023-10-28 17:32:57,482] {logging_mixin.py:115} INFO - [2023-10-28 17:32:57,482] {dag.py:2972} INFO - Setting next_dagrun for example_subdag_operator.section-2 to None, run_after=None
[2023-10-28 17:32:57,498] {processor.py:161} INFO - Processing /home/airflow/.local/lib/python3.7/site-packages/airflow/example_dags/example_subdag_operator.py took 0.204 seconds
[2023-10-28 17:33:27,920] {processor.py:153} INFO - Started process (PID=467) to work on /home/airflow/.local/lib/python3.7/site-packages/airflow/example_dags/example_subdag_operator.py
[2023-10-28 17:33:27,921] {processor.py:641} INFO - Processing file /home/airflow/.local/lib/python3.7/site-packages/airflow/example_dags/example_subdag_operator.py for tasks to queue
[2023-10-28 17:33:27,922] {logging_mixin.py:115} INFO - [2023-10-28 17:33:27,922] {dagbag.py:508} INFO - Filling up the DagBag from /home/airflow/.local/lib/python3.7/site-packages/airflow/example_dags/example_subdag_operator.py
[2023-10-28 17:33:27,979] {processor.py:651} INFO - DAG(s) dict_keys(['example_subdag_operator.section-1', 'example_subdag_operator.section-2', 'example_subdag_operator']) retrieved from /home/airflow/.local/lib/python3.7/site-packages/airflow/example_dags/example_subdag_operator.py
[2023-10-28 17:33:28,062] {logging_mixin.py:115} INFO - [2023-10-28 17:33:28,062] {dag.py:2420} INFO - Sync 3 DAGs
[2023-10-28 17:33:28,112] {logging_mixin.py:115} INFO - [2023-10-28 17:33:28,112] {dag.py:2972} INFO - Setting next_dagrun for example_subdag_operator to 2022-01-01T00:00:00+00:00, run_after=2022-01-01T00:00:00+00:00
[2023-10-28 17:33:28,113] {logging_mixin.py:115} INFO - [2023-10-28 17:33:28,113] {dag.py:2972} INFO - Setting next_dagrun for example_subdag_operator.section-1 to None, run_after=None
[2023-10-28 17:33:28,114] {logging_mixin.py:115} INFO - [2023-10-28 17:33:28,114] {dag.py:2972} INFO - Setting next_dagrun for example_subdag_operator.section-2 to None, run_after=None
[2023-10-28 17:33:28,134] {logging_mixin.py:115} INFO - [2023-10-28 17:33:28,134] {dag.py:2420} INFO - Sync 2 DAGs
[2023-10-28 17:33:28,147] {logging_mixin.py:115} INFO - [2023-10-28 17:33:28,146] {dag.py:2972} INFO - Setting next_dagrun for example_subdag_operator.section-1 to None, run_after=None
[2023-10-28 17:33:28,147] {logging_mixin.py:115} INFO - [2023-10-28 17:33:28,147] {dag.py:2972} INFO - Setting next_dagrun for example_subdag_operator.section-2 to None, run_after=None
[2023-10-28 17:33:28,165] {processor.py:161} INFO - Processing /home/airflow/.local/lib/python3.7/site-packages/airflow/example_dags/example_subdag_operator.py took 0.250 seconds
[2023-10-28 17:33:58,436] {processor.py:153} INFO - Started process (PID=529) to work on /home/airflow/.local/lib/python3.7/site-packages/airflow/example_dags/example_subdag_operator.py
[2023-10-28 17:33:58,437] {processor.py:641} INFO - Processing file /home/airflow/.local/lib/python3.7/site-packages/airflow/example_dags/example_subdag_operator.py for tasks to queue
[2023-10-28 17:33:58,439] {logging_mixin.py:115} INFO - [2023-10-28 17:33:58,439] {dagbag.py:508} INFO - Filling up the DagBag from /home/airflow/.local/lib/python3.7/site-packages/airflow/example_dags/example_subdag_operator.py
[2023-10-28 17:33:58,485] {processor.py:651} INFO - DAG(s) dict_keys(['example_subdag_operator.section-1', 'example_subdag_operator.section-2', 'example_subdag_operator']) retrieved from /home/airflow/.local/lib/python3.7/site-packages/airflow/example_dags/example_subdag_operator.py
[2023-10-28 17:33:58,554] {logging_mixin.py:115} INFO - [2023-10-28 17:33:58,553] {dag.py:2420} INFO - Sync 3 DAGs
[2023-10-28 17:33:58,598] {logging_mixin.py:115} INFO - [2023-10-28 17:33:58,598] {dag.py:2972} INFO - Setting next_dagrun for example_subdag_operator to 2022-01-01T00:00:00+00:00, run_after=2022-01-01T00:00:00+00:00
[2023-10-28 17:33:58,600] {logging_mixin.py:115} INFO - [2023-10-28 17:33:58,600] {dag.py:2972} INFO - Setting next_dagrun for example_subdag_operator.section-1 to None, run_after=None
[2023-10-28 17:33:58,602] {logging_mixin.py:115} INFO - [2023-10-28 17:33:58,601] {dag.py:2972} INFO - Setting next_dagrun for example_subdag_operator.section-2 to None, run_after=None
[2023-10-28 17:33:58,617] {logging_mixin.py:115} INFO - [2023-10-28 17:33:58,617] {dag.py:2420} INFO - Sync 2 DAGs
[2023-10-28 17:33:58,629] {logging_mixin.py:115} INFO - [2023-10-28 17:33:58,629] {dag.py:2972} INFO - Setting next_dagrun for example_subdag_operator.section-1 to None, run_after=None
[2023-10-28 17:33:58,630] {logging_mixin.py:115} INFO - [2023-10-28 17:33:58,630] {dag.py:2972} INFO - Setting next_dagrun for example_subdag_operator.section-2 to None, run_after=None
[2023-10-28 17:33:58,653] {processor.py:161} INFO - Processing /home/airflow/.local/lib/python3.7/site-packages/airflow/example_dags/example_subdag_operator.py took 0.223 seconds
[2023-10-28 17:34:28,818] {processor.py:153} INFO - Started process (PID=582) to work on /home/airflow/.local/lib/python3.7/site-packages/airflow/example_dags/example_subdag_operator.py
[2023-10-28 17:34:28,819] {processor.py:641} INFO - Processing file /home/airflow/.local/lib/python3.7/site-packages/airflow/example_dags/example_subdag_operator.py for tasks to queue
[2023-10-28 17:34:28,820] {logging_mixin.py:115} INFO - [2023-10-28 17:34:28,820] {dagbag.py:508} INFO - Filling up the DagBag from /home/airflow/.local/lib/python3.7/site-packages/airflow/example_dags/example_subdag_operator.py
[2023-10-28 17:34:28,873] {processor.py:651} INFO - DAG(s) dict_keys(['example_subdag_operator.section-1', 'example_subdag_operator.section-2', 'example_subdag_operator']) retrieved from /home/airflow/.local/lib/python3.7/site-packages/airflow/example_dags/example_subdag_operator.py
[2023-10-28 17:34:28,921] {logging_mixin.py:115} INFO - [2023-10-28 17:34:28,920] {dag.py:2420} INFO - Sync 3 DAGs
[2023-10-28 17:34:28,967] {logging_mixin.py:115} INFO - [2023-10-28 17:34:28,966] {dag.py:2972} INFO - Setting next_dagrun for example_subdag_operator to 2022-01-01T00:00:00+00:00, run_after=2022-01-01T00:00:00+00:00
[2023-10-28 17:34:28,968] {logging_mixin.py:115} INFO - [2023-10-28 17:34:28,968] {dag.py:2972} INFO - Setting next_dagrun for example_subdag_operator.section-1 to None, run_after=None
[2023-10-28 17:34:28,970] {logging_mixin.py:115} INFO - [2023-10-28 17:34:28,969] {dag.py:2972} INFO - Setting next_dagrun for example_subdag_operator.section-2 to None, run_after=None
[2023-10-28 17:34:28,982] {logging_mixin.py:115} INFO - [2023-10-28 17:34:28,982] {dag.py:2420} INFO - Sync 2 DAGs
[2023-10-28 17:34:28,996] {logging_mixin.py:115} INFO - [2023-10-28 17:34:28,995] {dag.py:2972} INFO - Setting next_dagrun for example_subdag_operator.section-1 to None, run_after=None
[2023-10-28 17:34:28,997] {logging_mixin.py:115} INFO - [2023-10-28 17:34:28,997] {dag.py:2972} INFO - Setting next_dagrun for example_subdag_operator.section-2 to None, run_after=None
[2023-10-28 17:34:29,015] {processor.py:161} INFO - Processing /home/airflow/.local/lib/python3.7/site-packages/airflow/example_dags/example_subdag_operator.py took 0.203 seconds
[2023-10-28 17:34:59,574] {processor.py:153} INFO - Started process (PID=644) to work on /home/airflow/.local/lib/python3.7/site-packages/airflow/example_dags/example_subdag_operator.py
[2023-10-28 17:34:59,575] {processor.py:641} INFO - Processing file /home/airflow/.local/lib/python3.7/site-packages/airflow/example_dags/example_subdag_operator.py for tasks to queue
[2023-10-28 17:34:59,577] {logging_mixin.py:115} INFO - [2023-10-28 17:34:59,576] {dagbag.py:508} INFO - Filling up the DagBag from /home/airflow/.local/lib/python3.7/site-packages/airflow/example_dags/example_subdag_operator.py
[2023-10-28 17:34:59,638] {processor.py:651} INFO - DAG(s) dict_keys(['example_subdag_operator.section-1', 'example_subdag_operator.section-2', 'example_subdag_operator']) retrieved from /home/airflow/.local/lib/python3.7/site-packages/airflow/example_dags/example_subdag_operator.py
[2023-10-28 17:34:59,709] {logging_mixin.py:115} INFO - [2023-10-28 17:34:59,709] {dag.py:2420} INFO - Sync 3 DAGs
[2023-10-28 17:34:59,759] {logging_mixin.py:115} INFO - [2023-10-28 17:34:59,758] {dag.py:2972} INFO - Setting next_dagrun for example_subdag_operator to 2022-01-01T00:00:00+00:00, run_after=2022-01-01T00:00:00+00:00
[2023-10-28 17:34:59,760] {logging_mixin.py:115} INFO - [2023-10-28 17:34:59,759] {dag.py:2972} INFO - Setting next_dagrun for example_subdag_operator.section-1 to None, run_after=None
[2023-10-28 17:34:59,761] {logging_mixin.py:115} INFO - [2023-10-28 17:34:59,761] {dag.py:2972} INFO - Setting next_dagrun for example_subdag_operator.section-2 to None, run_after=None
[2023-10-28 17:34:59,777] {logging_mixin.py:115} INFO - [2023-10-28 17:34:59,777] {dag.py:2420} INFO - Sync 2 DAGs
[2023-10-28 17:34:59,789] {logging_mixin.py:115} INFO - [2023-10-28 17:34:59,789] {dag.py:2972} INFO - Setting next_dagrun for example_subdag_operator.section-1 to None, run_after=None
[2023-10-28 17:34:59,789] {logging_mixin.py:115} INFO - [2023-10-28 17:34:59,789] {dag.py:2972} INFO - Setting next_dagrun for example_subdag_operator.section-2 to None, run_after=None
[2023-10-28 17:34:59,807] {processor.py:161} INFO - Processing /home/airflow/.local/lib/python3.7/site-packages/airflow/example_dags/example_subdag_operator.py took 0.241 seconds
[2023-10-28 17:35:30,209] {processor.py:153} INFO - Started process (PID=697) to work on /home/airflow/.local/lib/python3.7/site-packages/airflow/example_dags/example_subdag_operator.py
[2023-10-28 17:35:30,209] {processor.py:641} INFO - Processing file /home/airflow/.local/lib/python3.7/site-packages/airflow/example_dags/example_subdag_operator.py for tasks to queue
[2023-10-28 17:35:30,212] {logging_mixin.py:115} INFO - [2023-10-28 17:35:30,211] {dagbag.py:508} INFO - Filling up the DagBag from /home/airflow/.local/lib/python3.7/site-packages/airflow/example_dags/example_subdag_operator.py
[2023-10-28 17:35:30,256] {processor.py:651} INFO - DAG(s) dict_keys(['example_subdag_operator.section-1', 'example_subdag_operator.section-2', 'example_subdag_operator']) retrieved from /home/airflow/.local/lib/python3.7/site-packages/airflow/example_dags/example_subdag_operator.py
[2023-10-28 17:35:30,305] {logging_mixin.py:115} INFO - [2023-10-28 17:35:30,305] {dag.py:2420} INFO - Sync 3 DAGs
[2023-10-28 17:35:30,337] {logging_mixin.py:115} INFO - [2023-10-28 17:35:30,336] {dag.py:2972} INFO - Setting next_dagrun for example_subdag_operator to 2022-01-01T00:00:00+00:00, run_after=2022-01-01T00:00:00+00:00
[2023-10-28 17:35:30,337] {logging_mixin.py:115} INFO - [2023-10-28 17:35:30,337] {dag.py:2972} INFO - Setting next_dagrun for example_subdag_operator.section-1 to None, run_after=None
[2023-10-28 17:35:30,338] {logging_mixin.py:115} INFO - [2023-10-28 17:35:30,338] {dag.py:2972} INFO - Setting next_dagrun for example_subdag_operator.section-2 to None, run_after=None
[2023-10-28 17:35:30,350] {logging_mixin.py:115} INFO - [2023-10-28 17:35:30,350] {dag.py:2420} INFO - Sync 2 DAGs
[2023-10-28 17:35:30,360] {logging_mixin.py:115} INFO - [2023-10-28 17:35:30,360] {dag.py:2972} INFO - Setting next_dagrun for example_subdag_operator.section-1 to None, run_after=None
[2023-10-28 17:35:30,361] {logging_mixin.py:115} INFO - [2023-10-28 17:35:30,360] {dag.py:2972} INFO - Setting next_dagrun for example_subdag_operator.section-2 to None, run_after=None
[2023-10-28 17:35:30,374] {processor.py:161} INFO - Processing /home/airflow/.local/lib/python3.7/site-packages/airflow/example_dags/example_subdag_operator.py took 0.170 seconds
[2023-10-28 17:36:00,415] {processor.py:153} INFO - Started process (PID=759) to work on /home/airflow/.local/lib/python3.7/site-packages/airflow/example_dags/example_subdag_operator.py
[2023-10-28 17:36:00,416] {processor.py:641} INFO - Processing file /home/airflow/.local/lib/python3.7/site-packages/airflow/example_dags/example_subdag_operator.py for tasks to queue
[2023-10-28 17:36:00,417] {logging_mixin.py:115} INFO - [2023-10-28 17:36:00,417] {dagbag.py:508} INFO - Filling up the DagBag from /home/airflow/.local/lib/python3.7/site-packages/airflow/example_dags/example_subdag_operator.py
[2023-10-28 17:36:00,463] {processor.py:651} INFO - DAG(s) dict_keys(['example_subdag_operator.section-1', 'example_subdag_operator.section-2', 'example_subdag_operator']) retrieved from /home/airflow/.local/lib/python3.7/site-packages/airflow/example_dags/example_subdag_operator.py
[2023-10-28 17:36:00,504] {logging_mixin.py:115} INFO - [2023-10-28 17:36:00,503] {dag.py:2420} INFO - Sync 3 DAGs
[2023-10-28 17:36:00,539] {logging_mixin.py:115} INFO - [2023-10-28 17:36:00,538] {dag.py:2972} INFO - Setting next_dagrun for example_subdag_operator to 2022-01-01T00:00:00+00:00, run_after=2022-01-01T00:00:00+00:00
[2023-10-28 17:36:00,539] {logging_mixin.py:115} INFO - [2023-10-28 17:36:00,539] {dag.py:2972} INFO - Setting next_dagrun for example_subdag_operator.section-1 to None, run_after=None
[2023-10-28 17:36:00,540] {logging_mixin.py:115} INFO - [2023-10-28 17:36:00,540] {dag.py:2972} INFO - Setting next_dagrun for example_subdag_operator.section-2 to None, run_after=None
[2023-10-28 17:36:00,555] {logging_mixin.py:115} INFO - [2023-10-28 17:36:00,554] {dag.py:2420} INFO - Sync 2 DAGs
[2023-10-28 17:36:00,565] {logging_mixin.py:115} INFO - [2023-10-28 17:36:00,565] {dag.py:2972} INFO - Setting next_dagrun for example_subdag_operator.section-1 to None, run_after=None
[2023-10-28 17:36:00,566] {logging_mixin.py:115} INFO - [2023-10-28 17:36:00,566] {dag.py:2972} INFO - Setting next_dagrun for example_subdag_operator.section-2 to None, run_after=None
[2023-10-28 17:36:00,579] {processor.py:161} INFO - Processing /home/airflow/.local/lib/python3.7/site-packages/airflow/example_dags/example_subdag_operator.py took 0.169 seconds
[2023-10-28 17:36:30,857] {processor.py:153} INFO - Started process (PID=812) to work on /home/airflow/.local/lib/python3.7/site-packages/airflow/example_dags/example_subdag_operator.py
[2023-10-28 17:36:30,857] {processor.py:641} INFO - Processing file /home/airflow/.local/lib/python3.7/site-packages/airflow/example_dags/example_subdag_operator.py for tasks to queue
[2023-10-28 17:36:30,859] {logging_mixin.py:115} INFO - [2023-10-28 17:36:30,859] {dagbag.py:508} INFO - Filling up the DagBag from /home/airflow/.local/lib/python3.7/site-packages/airflow/example_dags/example_subdag_operator.py
[2023-10-28 17:36:30,904] {processor.py:651} INFO - DAG(s) dict_keys(['example_subdag_operator.section-1', 'example_subdag_operator.section-2', 'example_subdag_operator']) retrieved from /home/airflow/.local/lib/python3.7/site-packages/airflow/example_dags/example_subdag_operator.py
[2023-10-28 17:36:30,955] {logging_mixin.py:115} INFO - [2023-10-28 17:36:30,955] {dag.py:2420} INFO - Sync 3 DAGs
[2023-10-28 17:36:30,992] {logging_mixin.py:115} INFO - [2023-10-28 17:36:30,992] {dag.py:2972} INFO - Setting next_dagrun for example_subdag_operator to 2022-01-01T00:00:00+00:00, run_after=2022-01-01T00:00:00+00:00
[2023-10-28 17:36:30,992] {logging_mixin.py:115} INFO - [2023-10-28 17:36:30,992] {dag.py:2972} INFO - Setting next_dagrun for example_subdag_operator.section-1 to None, run_after=None
[2023-10-28 17:36:30,993] {logging_mixin.py:115} INFO - [2023-10-28 17:36:30,993] {dag.py:2972} INFO - Setting next_dagrun for example_subdag_operator.section-2 to None, run_after=None
[2023-10-28 17:36:31,006] {logging_mixin.py:115} INFO - [2023-10-28 17:36:31,006] {dag.py:2420} INFO - Sync 2 DAGs
[2023-10-28 17:36:31,017] {logging_mixin.py:115} INFO - [2023-10-28 17:36:31,017] {dag.py:2972} INFO - Setting next_dagrun for example_subdag_operator.section-1 to None, run_after=None
[2023-10-28 17:36:31,018] {logging_mixin.py:115} INFO - [2023-10-28 17:36:31,018] {dag.py:2972} INFO - Setting next_dagrun for example_subdag_operator.section-2 to None, run_after=None
[2023-10-28 17:36:31,032] {processor.py:161} INFO - Processing /home/airflow/.local/lib/python3.7/site-packages/airflow/example_dags/example_subdag_operator.py took 0.182 seconds
