[2023-10-28 17:29:56,466] {processor.py:153} INFO - Started process (PID=80) to work on /home/airflow/.local/lib/python3.7/site-packages/airflow/example_dags/example_python_operator.py
[2023-10-28 17:29:56,467] {processor.py:641} INFO - Processing file /home/airflow/.local/lib/python3.7/site-packages/airflow/example_dags/example_python_operator.py for tasks to queue
[2023-10-28 17:29:56,468] {logging_mixin.py:115} INFO - [2023-10-28 17:29:56,468] {dagbag.py:508} INFO - Filling up the DagBag from /home/airflow/.local/lib/python3.7/site-packages/airflow/example_dags/example_python_operator.py
[2023-10-28 17:29:56,507] {processor.py:651} INFO - DAG(s) dict_keys(['example_python_operator']) retrieved from /home/airflow/.local/lib/python3.7/site-packages/airflow/example_dags/example_python_operator.py
[2023-10-28 17:29:56,560] {logging_mixin.py:115} INFO - [2023-10-28 17:29:56,560] {dag.py:2420} INFO - Sync 1 DAGs
[2023-10-28 17:29:56,601] {logging_mixin.py:115} INFO - [2023-10-28 17:29:56,601] {dag.py:2972} INFO - Setting next_dagrun for example_python_operator to None, run_after=None
[2023-10-28 17:29:56,632] {processor.py:161} INFO - Processing /home/airflow/.local/lib/python3.7/site-packages/airflow/example_dags/example_python_operator.py took 0.172 seconds
[2023-10-28 17:30:27,303] {processor.py:153} INFO - Started process (PID=134) to work on /home/airflow/.local/lib/python3.7/site-packages/airflow/example_dags/example_python_operator.py
[2023-10-28 17:30:27,304] {processor.py:641} INFO - Processing file /home/airflow/.local/lib/python3.7/site-packages/airflow/example_dags/example_python_operator.py for tasks to queue
[2023-10-28 17:30:27,305] {logging_mixin.py:115} INFO - [2023-10-28 17:30:27,305] {dagbag.py:508} INFO - Filling up the DagBag from /home/airflow/.local/lib/python3.7/site-packages/airflow/example_dags/example_python_operator.py
[2023-10-28 17:30:27,334] {processor.py:651} INFO - DAG(s) dict_keys(['example_python_operator']) retrieved from /home/airflow/.local/lib/python3.7/site-packages/airflow/example_dags/example_python_operator.py
[2023-10-28 17:30:27,373] {logging_mixin.py:115} INFO - [2023-10-28 17:30:27,373] {dag.py:2420} INFO - Sync 1 DAGs
[2023-10-28 17:30:27,407] {logging_mixin.py:115} INFO - [2023-10-28 17:30:27,407] {dag.py:2972} INFO - Setting next_dagrun for example_python_operator to None, run_after=None
[2023-10-28 17:30:27,427] {processor.py:161} INFO - Processing /home/airflow/.local/lib/python3.7/site-packages/airflow/example_dags/example_python_operator.py took 0.129 seconds
[2023-10-28 17:30:58,065] {processor.py:153} INFO - Started process (PID=196) to work on /home/airflow/.local/lib/python3.7/site-packages/airflow/example_dags/example_python_operator.py
[2023-10-28 17:30:58,066] {processor.py:641} INFO - Processing file /home/airflow/.local/lib/python3.7/site-packages/airflow/example_dags/example_python_operator.py for tasks to queue
[2023-10-28 17:30:58,067] {logging_mixin.py:115} INFO - [2023-10-28 17:30:58,067] {dagbag.py:508} INFO - Filling up the DagBag from /home/airflow/.local/lib/python3.7/site-packages/airflow/example_dags/example_python_operator.py
[2023-10-28 17:30:58,110] {processor.py:651} INFO - DAG(s) dict_keys(['example_python_operator']) retrieved from /home/airflow/.local/lib/python3.7/site-packages/airflow/example_dags/example_python_operator.py
[2023-10-28 17:30:58,159] {logging_mixin.py:115} INFO - [2023-10-28 17:30:58,159] {dag.py:2420} INFO - Sync 1 DAGs
[2023-10-28 17:30:58,231] {logging_mixin.py:115} INFO - [2023-10-28 17:30:58,231] {dag.py:2972} INFO - Setting next_dagrun for example_python_operator to None, run_after=None
[2023-10-28 17:30:58,252] {processor.py:161} INFO - Processing /home/airflow/.local/lib/python3.7/site-packages/airflow/example_dags/example_python_operator.py took 0.192 seconds
[2023-10-28 17:31:28,319] {processor.py:153} INFO - Started process (PID=249) to work on /home/airflow/.local/lib/python3.7/site-packages/airflow/example_dags/example_python_operator.py
[2023-10-28 17:31:28,320] {processor.py:641} INFO - Processing file /home/airflow/.local/lib/python3.7/site-packages/airflow/example_dags/example_python_operator.py for tasks to queue
[2023-10-28 17:31:28,321] {logging_mixin.py:115} INFO - [2023-10-28 17:31:28,321] {dagbag.py:508} INFO - Filling up the DagBag from /home/airflow/.local/lib/python3.7/site-packages/airflow/example_dags/example_python_operator.py
[2023-10-28 17:31:28,345] {processor.py:651} INFO - DAG(s) dict_keys(['example_python_operator']) retrieved from /home/airflow/.local/lib/python3.7/site-packages/airflow/example_dags/example_python_operator.py
[2023-10-28 17:31:28,391] {logging_mixin.py:115} INFO - [2023-10-28 17:31:28,391] {dag.py:2420} INFO - Sync 1 DAGs
[2023-10-28 17:31:28,424] {logging_mixin.py:115} INFO - [2023-10-28 17:31:28,424] {dag.py:2972} INFO - Setting next_dagrun for example_python_operator to None, run_after=None
[2023-10-28 17:31:28,445] {processor.py:161} INFO - Processing /home/airflow/.local/lib/python3.7/site-packages/airflow/example_dags/example_python_operator.py took 0.131 seconds
[2023-10-28 17:31:58,760] {processor.py:153} INFO - Started process (PID=311) to work on /home/airflow/.local/lib/python3.7/site-packages/airflow/example_dags/example_python_operator.py
[2023-10-28 17:31:58,761] {processor.py:641} INFO - Processing file /home/airflow/.local/lib/python3.7/site-packages/airflow/example_dags/example_python_operator.py for tasks to queue
[2023-10-28 17:31:58,762] {logging_mixin.py:115} INFO - [2023-10-28 17:31:58,762] {dagbag.py:508} INFO - Filling up the DagBag from /home/airflow/.local/lib/python3.7/site-packages/airflow/example_dags/example_python_operator.py
[2023-10-28 17:31:58,790] {processor.py:651} INFO - DAG(s) dict_keys(['example_python_operator']) retrieved from /home/airflow/.local/lib/python3.7/site-packages/airflow/example_dags/example_python_operator.py
[2023-10-28 17:31:58,834] {logging_mixin.py:115} INFO - [2023-10-28 17:31:58,834] {dag.py:2420} INFO - Sync 1 DAGs
[2023-10-28 17:31:58,870] {logging_mixin.py:115} INFO - [2023-10-28 17:31:58,870] {dag.py:2972} INFO - Setting next_dagrun for example_python_operator to None, run_after=None
[2023-10-28 17:31:58,889] {processor.py:161} INFO - Processing /home/airflow/.local/lib/python3.7/site-packages/airflow/example_dags/example_python_operator.py took 0.134 seconds
[2023-10-28 17:32:29,059] {processor.py:153} INFO - Started process (PID=364) to work on /home/airflow/.local/lib/python3.7/site-packages/airflow/example_dags/example_python_operator.py
[2023-10-28 17:32:29,060] {processor.py:641} INFO - Processing file /home/airflow/.local/lib/python3.7/site-packages/airflow/example_dags/example_python_operator.py for tasks to queue
[2023-10-28 17:32:29,061] {logging_mixin.py:115} INFO - [2023-10-28 17:32:29,061] {dagbag.py:508} INFO - Filling up the DagBag from /home/airflow/.local/lib/python3.7/site-packages/airflow/example_dags/example_python_operator.py
[2023-10-28 17:32:29,094] {processor.py:651} INFO - DAG(s) dict_keys(['example_python_operator']) retrieved from /home/airflow/.local/lib/python3.7/site-packages/airflow/example_dags/example_python_operator.py
[2023-10-28 17:32:29,133] {logging_mixin.py:115} INFO - [2023-10-28 17:32:29,133] {dag.py:2420} INFO - Sync 1 DAGs
[2023-10-28 17:32:29,165] {logging_mixin.py:115} INFO - [2023-10-28 17:32:29,165] {dag.py:2972} INFO - Setting next_dagrun for example_python_operator to None, run_after=None
[2023-10-28 17:32:29,188] {processor.py:161} INFO - Processing /home/airflow/.local/lib/python3.7/site-packages/airflow/example_dags/example_python_operator.py took 0.134 seconds
[2023-10-28 17:32:59,455] {processor.py:153} INFO - Started process (PID=426) to work on /home/airflow/.local/lib/python3.7/site-packages/airflow/example_dags/example_python_operator.py
[2023-10-28 17:32:59,456] {processor.py:641} INFO - Processing file /home/airflow/.local/lib/python3.7/site-packages/airflow/example_dags/example_python_operator.py for tasks to queue
[2023-10-28 17:32:59,457] {logging_mixin.py:115} INFO - [2023-10-28 17:32:59,457] {dagbag.py:508} INFO - Filling up the DagBag from /home/airflow/.local/lib/python3.7/site-packages/airflow/example_dags/example_python_operator.py
[2023-10-28 17:32:59,482] {processor.py:651} INFO - DAG(s) dict_keys(['example_python_operator']) retrieved from /home/airflow/.local/lib/python3.7/site-packages/airflow/example_dags/example_python_operator.py
[2023-10-28 17:32:59,519] {logging_mixin.py:115} INFO - [2023-10-28 17:32:59,519] {dag.py:2420} INFO - Sync 1 DAGs
[2023-10-28 17:32:59,564] {logging_mixin.py:115} INFO - [2023-10-28 17:32:59,564] {dag.py:2972} INFO - Setting next_dagrun for example_python_operator to None, run_after=None
[2023-10-28 17:32:59,584] {processor.py:161} INFO - Processing /home/airflow/.local/lib/python3.7/site-packages/airflow/example_dags/example_python_operator.py took 0.133 seconds
[2023-10-28 17:33:30,148] {processor.py:153} INFO - Started process (PID=479) to work on /home/airflow/.local/lib/python3.7/site-packages/airflow/example_dags/example_python_operator.py
[2023-10-28 17:33:30,149] {processor.py:641} INFO - Processing file /home/airflow/.local/lib/python3.7/site-packages/airflow/example_dags/example_python_operator.py for tasks to queue
[2023-10-28 17:33:30,151] {logging_mixin.py:115} INFO - [2023-10-28 17:33:30,151] {dagbag.py:508} INFO - Filling up the DagBag from /home/airflow/.local/lib/python3.7/site-packages/airflow/example_dags/example_python_operator.py
[2023-10-28 17:33:30,204] {processor.py:651} INFO - DAG(s) dict_keys(['example_python_operator']) retrieved from /home/airflow/.local/lib/python3.7/site-packages/airflow/example_dags/example_python_operator.py
[2023-10-28 17:33:30,256] {logging_mixin.py:115} INFO - [2023-10-28 17:33:30,255] {dag.py:2420} INFO - Sync 1 DAGs
[2023-10-28 17:33:30,297] {logging_mixin.py:115} INFO - [2023-10-28 17:33:30,297] {dag.py:2972} INFO - Setting next_dagrun for example_python_operator to None, run_after=None
[2023-10-28 17:33:30,319] {processor.py:161} INFO - Processing /home/airflow/.local/lib/python3.7/site-packages/airflow/example_dags/example_python_operator.py took 0.176 seconds
[2023-10-28 17:34:00,500] {processor.py:153} INFO - Started process (PID=541) to work on /home/airflow/.local/lib/python3.7/site-packages/airflow/example_dags/example_python_operator.py
[2023-10-28 17:34:00,501] {processor.py:641} INFO - Processing file /home/airflow/.local/lib/python3.7/site-packages/airflow/example_dags/example_python_operator.py for tasks to queue
[2023-10-28 17:34:00,503] {logging_mixin.py:115} INFO - [2023-10-28 17:34:00,503] {dagbag.py:508} INFO - Filling up the DagBag from /home/airflow/.local/lib/python3.7/site-packages/airflow/example_dags/example_python_operator.py
[2023-10-28 17:34:00,529] {processor.py:651} INFO - DAG(s) dict_keys(['example_python_operator']) retrieved from /home/airflow/.local/lib/python3.7/site-packages/airflow/example_dags/example_python_operator.py
[2023-10-28 17:34:00,573] {logging_mixin.py:115} INFO - [2023-10-28 17:34:00,573] {dag.py:2420} INFO - Sync 1 DAGs
[2023-10-28 17:34:00,610] {logging_mixin.py:115} INFO - [2023-10-28 17:34:00,610] {dag.py:2972} INFO - Setting next_dagrun for example_python_operator to None, run_after=None
[2023-10-28 17:34:00,633] {processor.py:161} INFO - Processing /home/airflow/.local/lib/python3.7/site-packages/airflow/example_dags/example_python_operator.py took 0.138 seconds
[2023-10-28 17:34:30,863] {processor.py:153} INFO - Started process (PID=594) to work on /home/airflow/.local/lib/python3.7/site-packages/airflow/example_dags/example_python_operator.py
[2023-10-28 17:34:30,864] {processor.py:641} INFO - Processing file /home/airflow/.local/lib/python3.7/site-packages/airflow/example_dags/example_python_operator.py for tasks to queue
[2023-10-28 17:34:30,865] {logging_mixin.py:115} INFO - [2023-10-28 17:34:30,865] {dagbag.py:508} INFO - Filling up the DagBag from /home/airflow/.local/lib/python3.7/site-packages/airflow/example_dags/example_python_operator.py
[2023-10-28 17:34:30,892] {processor.py:651} INFO - DAG(s) dict_keys(['example_python_operator']) retrieved from /home/airflow/.local/lib/python3.7/site-packages/airflow/example_dags/example_python_operator.py
[2023-10-28 17:34:30,932] {logging_mixin.py:115} INFO - [2023-10-28 17:34:30,931] {dag.py:2420} INFO - Sync 1 DAGs
[2023-10-28 17:34:30,965] {logging_mixin.py:115} INFO - [2023-10-28 17:34:30,964] {dag.py:2972} INFO - Setting next_dagrun for example_python_operator to None, run_after=None
[2023-10-28 17:34:30,985] {processor.py:161} INFO - Processing /home/airflow/.local/lib/python3.7/site-packages/airflow/example_dags/example_python_operator.py took 0.125 seconds
[2023-10-28 17:35:01,959] {processor.py:153} INFO - Started process (PID=656) to work on /home/airflow/.local/lib/python3.7/site-packages/airflow/example_dags/example_python_operator.py
[2023-10-28 17:35:01,960] {processor.py:641} INFO - Processing file /home/airflow/.local/lib/python3.7/site-packages/airflow/example_dags/example_python_operator.py for tasks to queue
[2023-10-28 17:35:01,963] {logging_mixin.py:115} INFO - [2023-10-28 17:35:01,962] {dagbag.py:508} INFO - Filling up the DagBag from /home/airflow/.local/lib/python3.7/site-packages/airflow/example_dags/example_python_operator.py
[2023-10-28 17:35:01,996] {processor.py:651} INFO - DAG(s) dict_keys(['example_python_operator']) retrieved from /home/airflow/.local/lib/python3.7/site-packages/airflow/example_dags/example_python_operator.py
[2023-10-28 17:35:02,047] {logging_mixin.py:115} INFO - [2023-10-28 17:35:02,046] {dag.py:2420} INFO - Sync 1 DAGs
[2023-10-28 17:35:02,095] {logging_mixin.py:115} INFO - [2023-10-28 17:35:02,095] {dag.py:2972} INFO - Setting next_dagrun for example_python_operator to None, run_after=None
[2023-10-28 17:35:02,119] {processor.py:161} INFO - Processing /home/airflow/.local/lib/python3.7/site-packages/airflow/example_dags/example_python_operator.py took 0.170 seconds
[2023-10-28 17:35:32,325] {processor.py:153} INFO - Started process (PID=709) to work on /home/airflow/.local/lib/python3.7/site-packages/airflow/example_dags/example_python_operator.py
[2023-10-28 17:35:32,325] {processor.py:641} INFO - Processing file /home/airflow/.local/lib/python3.7/site-packages/airflow/example_dags/example_python_operator.py for tasks to queue
[2023-10-28 17:35:32,326] {logging_mixin.py:115} INFO - [2023-10-28 17:35:32,326] {dagbag.py:508} INFO - Filling up the DagBag from /home/airflow/.local/lib/python3.7/site-packages/airflow/example_dags/example_python_operator.py
[2023-10-28 17:35:32,351] {processor.py:651} INFO - DAG(s) dict_keys(['example_python_operator']) retrieved from /home/airflow/.local/lib/python3.7/site-packages/airflow/example_dags/example_python_operator.py
[2023-10-28 17:35:32,394] {logging_mixin.py:115} INFO - [2023-10-28 17:35:32,394] {dag.py:2420} INFO - Sync 1 DAGs
[2023-10-28 17:35:32,428] {logging_mixin.py:115} INFO - [2023-10-28 17:35:32,428] {dag.py:2972} INFO - Setting next_dagrun for example_python_operator to None, run_after=None
[2023-10-28 17:35:32,448] {processor.py:161} INFO - Processing /home/airflow/.local/lib/python3.7/site-packages/airflow/example_dags/example_python_operator.py took 0.127 seconds
[2023-10-28 17:36:02,706] {processor.py:153} INFO - Started process (PID=771) to work on /home/airflow/.local/lib/python3.7/site-packages/airflow/example_dags/example_python_operator.py
[2023-10-28 17:36:02,707] {processor.py:641} INFO - Processing file /home/airflow/.local/lib/python3.7/site-packages/airflow/example_dags/example_python_operator.py for tasks to queue
[2023-10-28 17:36:02,708] {logging_mixin.py:115} INFO - [2023-10-28 17:36:02,708] {dagbag.py:508} INFO - Filling up the DagBag from /home/airflow/.local/lib/python3.7/site-packages/airflow/example_dags/example_python_operator.py
[2023-10-28 17:36:02,729] {processor.py:651} INFO - DAG(s) dict_keys(['example_python_operator']) retrieved from /home/airflow/.local/lib/python3.7/site-packages/airflow/example_dags/example_python_operator.py
[2023-10-28 17:36:02,761] {logging_mixin.py:115} INFO - [2023-10-28 17:36:02,761] {dag.py:2420} INFO - Sync 1 DAGs
[2023-10-28 17:36:02,791] {logging_mixin.py:115} INFO - [2023-10-28 17:36:02,791] {dag.py:2972} INFO - Setting next_dagrun for example_python_operator to None, run_after=None
[2023-10-28 17:36:02,816] {processor.py:161} INFO - Processing /home/airflow/.local/lib/python3.7/site-packages/airflow/example_dags/example_python_operator.py took 0.114 seconds
[2023-10-28 17:36:33,278] {processor.py:153} INFO - Started process (PID=824) to work on /home/airflow/.local/lib/python3.7/site-packages/airflow/example_dags/example_python_operator.py
[2023-10-28 17:36:33,280] {processor.py:641} INFO - Processing file /home/airflow/.local/lib/python3.7/site-packages/airflow/example_dags/example_python_operator.py for tasks to queue
[2023-10-28 17:36:33,282] {logging_mixin.py:115} INFO - [2023-10-28 17:36:33,281] {dagbag.py:508} INFO - Filling up the DagBag from /home/airflow/.local/lib/python3.7/site-packages/airflow/example_dags/example_python_operator.py
[2023-10-28 17:36:33,328] {processor.py:651} INFO - DAG(s) dict_keys(['example_python_operator']) retrieved from /home/airflow/.local/lib/python3.7/site-packages/airflow/example_dags/example_python_operator.py
[2023-10-28 17:36:33,380] {logging_mixin.py:115} INFO - [2023-10-28 17:36:33,380] {dag.py:2420} INFO - Sync 1 DAGs
[2023-10-28 17:36:33,414] {logging_mixin.py:115} INFO - [2023-10-28 17:36:33,414] {dag.py:2972} INFO - Setting next_dagrun for example_python_operator to None, run_after=None
[2023-10-28 17:36:33,445] {processor.py:161} INFO - Processing /home/airflow/.local/lib/python3.7/site-packages/airflow/example_dags/example_python_operator.py took 0.173 seconds
