[2023-10-28 17:29:56,913] {processor.py:153} INFO - Started process (PID=83) to work on /home/airflow/.local/lib/python3.7/site-packages/airflow/example_dags/example_branch_python_dop_operator_3.py
[2023-10-28 17:29:56,914] {processor.py:641} INFO - Processing file /home/airflow/.local/lib/python3.7/site-packages/airflow/example_dags/example_branch_python_dop_operator_3.py for tasks to queue
[2023-10-28 17:29:56,916] {logging_mixin.py:115} INFO - [2023-10-28 17:29:56,915] {dagbag.py:508} INFO - Filling up the DagBag from /home/airflow/.local/lib/python3.7/site-packages/airflow/example_dags/example_branch_python_dop_operator_3.py
[2023-10-28 17:29:56,937] {processor.py:651} INFO - DAG(s) dict_keys(['example_branch_dop_operator_v3']) retrieved from /home/airflow/.local/lib/python3.7/site-packages/airflow/example_dags/example_branch_python_dop_operator_3.py
[2023-10-28 17:29:56,988] {logging_mixin.py:115} INFO - [2023-10-28 17:29:56,988] {dag.py:2420} INFO - Sync 1 DAGs
[2023-10-28 17:29:57,056] {logging_mixin.py:115} INFO - [2023-10-28 17:29:57,056] {dag.py:2972} INFO - Setting next_dagrun for example_branch_dop_operator_v3 to 2023-10-28T17:28:00+00:00, run_after=2023-10-28T17:29:00+00:00
[2023-10-28 17:29:57,081] {processor.py:161} INFO - Processing /home/airflow/.local/lib/python3.7/site-packages/airflow/example_dags/example_branch_python_dop_operator_3.py took 0.175 seconds
[2023-10-28 17:30:27,491] {processor.py:153} INFO - Started process (PID=137) to work on /home/airflow/.local/lib/python3.7/site-packages/airflow/example_dags/example_branch_python_dop_operator_3.py
[2023-10-28 17:30:27,492] {processor.py:641} INFO - Processing file /home/airflow/.local/lib/python3.7/site-packages/airflow/example_dags/example_branch_python_dop_operator_3.py for tasks to queue
[2023-10-28 17:30:27,493] {logging_mixin.py:115} INFO - [2023-10-28 17:30:27,493] {dagbag.py:508} INFO - Filling up the DagBag from /home/airflow/.local/lib/python3.7/site-packages/airflow/example_dags/example_branch_python_dop_operator_3.py
[2023-10-28 17:30:27,508] {processor.py:651} INFO - DAG(s) dict_keys(['example_branch_dop_operator_v3']) retrieved from /home/airflow/.local/lib/python3.7/site-packages/airflow/example_dags/example_branch_python_dop_operator_3.py
[2023-10-28 17:30:27,550] {logging_mixin.py:115} INFO - [2023-10-28 17:30:27,549] {dag.py:2420} INFO - Sync 1 DAGs
[2023-10-28 17:30:27,593] {logging_mixin.py:115} INFO - [2023-10-28 17:30:27,593] {dag.py:2972} INFO - Setting next_dagrun for example_branch_dop_operator_v3 to 2023-10-28T17:29:00+00:00, run_after=2023-10-28T17:30:00+00:00
[2023-10-28 17:30:27,616] {processor.py:161} INFO - Processing /home/airflow/.local/lib/python3.7/site-packages/airflow/example_dags/example_branch_python_dop_operator_3.py took 0.129 seconds
[2023-10-28 17:30:58,340] {processor.py:153} INFO - Started process (PID=199) to work on /home/airflow/.local/lib/python3.7/site-packages/airflow/example_dags/example_branch_python_dop_operator_3.py
[2023-10-28 17:30:58,341] {processor.py:641} INFO - Processing file /home/airflow/.local/lib/python3.7/site-packages/airflow/example_dags/example_branch_python_dop_operator_3.py for tasks to queue
[2023-10-28 17:30:58,342] {logging_mixin.py:115} INFO - [2023-10-28 17:30:58,342] {dagbag.py:508} INFO - Filling up the DagBag from /home/airflow/.local/lib/python3.7/site-packages/airflow/example_dags/example_branch_python_dop_operator_3.py
[2023-10-28 17:30:58,356] {processor.py:651} INFO - DAG(s) dict_keys(['example_branch_dop_operator_v3']) retrieved from /home/airflow/.local/lib/python3.7/site-packages/airflow/example_dags/example_branch_python_dop_operator_3.py
[2023-10-28 17:30:58,394] {logging_mixin.py:115} INFO - [2023-10-28 17:30:58,394] {dag.py:2420} INFO - Sync 1 DAGs
[2023-10-28 17:30:58,452] {logging_mixin.py:115} INFO - [2023-10-28 17:30:58,451] {dag.py:2972} INFO - Setting next_dagrun for example_branch_dop_operator_v3 to 2023-10-28T17:29:00+00:00, run_after=2023-10-28T17:30:00+00:00
[2023-10-28 17:30:58,473] {processor.py:161} INFO - Processing /home/airflow/.local/lib/python3.7/site-packages/airflow/example_dags/example_branch_python_dop_operator_3.py took 0.138 seconds
[2023-10-28 17:31:28,573] {processor.py:153} INFO - Started process (PID=252) to work on /home/airflow/.local/lib/python3.7/site-packages/airflow/example_dags/example_branch_python_dop_operator_3.py
[2023-10-28 17:31:28,575] {processor.py:641} INFO - Processing file /home/airflow/.local/lib/python3.7/site-packages/airflow/example_dags/example_branch_python_dop_operator_3.py for tasks to queue
[2023-10-28 17:31:28,577] {logging_mixin.py:115} INFO - [2023-10-28 17:31:28,577] {dagbag.py:508} INFO - Filling up the DagBag from /home/airflow/.local/lib/python3.7/site-packages/airflow/example_dags/example_branch_python_dop_operator_3.py
[2023-10-28 17:31:28,595] {processor.py:651} INFO - DAG(s) dict_keys(['example_branch_dop_operator_v3']) retrieved from /home/airflow/.local/lib/python3.7/site-packages/airflow/example_dags/example_branch_python_dop_operator_3.py
[2023-10-28 17:31:28,641] {logging_mixin.py:115} INFO - [2023-10-28 17:31:28,640] {dag.py:2420} INFO - Sync 1 DAGs
[2023-10-28 17:31:28,685] {logging_mixin.py:115} INFO - [2023-10-28 17:31:28,685] {dag.py:2972} INFO - Setting next_dagrun for example_branch_dop_operator_v3 to 2023-10-28T17:30:00+00:00, run_after=2023-10-28T17:31:00+00:00
[2023-10-28 17:31:28,707] {processor.py:161} INFO - Processing /home/airflow/.local/lib/python3.7/site-packages/airflow/example_dags/example_branch_python_dop_operator_3.py took 0.138 seconds
[2023-10-28 17:31:58,932] {processor.py:153} INFO - Started process (PID=314) to work on /home/airflow/.local/lib/python3.7/site-packages/airflow/example_dags/example_branch_python_dop_operator_3.py
[2023-10-28 17:31:58,934] {processor.py:641} INFO - Processing file /home/airflow/.local/lib/python3.7/site-packages/airflow/example_dags/example_branch_python_dop_operator_3.py for tasks to queue
[2023-10-28 17:31:58,935] {logging_mixin.py:115} INFO - [2023-10-28 17:31:58,935] {dagbag.py:508} INFO - Filling up the DagBag from /home/airflow/.local/lib/python3.7/site-packages/airflow/example_dags/example_branch_python_dop_operator_3.py
[2023-10-28 17:31:58,956] {processor.py:651} INFO - DAG(s) dict_keys(['example_branch_dop_operator_v3']) retrieved from /home/airflow/.local/lib/python3.7/site-packages/airflow/example_dags/example_branch_python_dop_operator_3.py
[2023-10-28 17:31:59,003] {logging_mixin.py:115} INFO - [2023-10-28 17:31:59,003] {dag.py:2420} INFO - Sync 1 DAGs
[2023-10-28 17:31:59,052] {logging_mixin.py:115} INFO - [2023-10-28 17:31:59,052] {dag.py:2972} INFO - Setting next_dagrun for example_branch_dop_operator_v3 to 2023-10-28T17:30:00+00:00, run_after=2023-10-28T17:31:00+00:00
[2023-10-28 17:31:59,101] {processor.py:161} INFO - Processing /home/airflow/.local/lib/python3.7/site-packages/airflow/example_dags/example_branch_python_dop_operator_3.py took 0.175 seconds
[2023-10-28 17:32:29,244] {processor.py:153} INFO - Started process (PID=367) to work on /home/airflow/.local/lib/python3.7/site-packages/airflow/example_dags/example_branch_python_dop_operator_3.py
[2023-10-28 17:32:29,244] {processor.py:641} INFO - Processing file /home/airflow/.local/lib/python3.7/site-packages/airflow/example_dags/example_branch_python_dop_operator_3.py for tasks to queue
[2023-10-28 17:32:29,246] {logging_mixin.py:115} INFO - [2023-10-28 17:32:29,245] {dagbag.py:508} INFO - Filling up the DagBag from /home/airflow/.local/lib/python3.7/site-packages/airflow/example_dags/example_branch_python_dop_operator_3.py
[2023-10-28 17:32:29,264] {processor.py:651} INFO - DAG(s) dict_keys(['example_branch_dop_operator_v3']) retrieved from /home/airflow/.local/lib/python3.7/site-packages/airflow/example_dags/example_branch_python_dop_operator_3.py
[2023-10-28 17:32:29,307] {logging_mixin.py:115} INFO - [2023-10-28 17:32:29,307] {dag.py:2420} INFO - Sync 1 DAGs
[2023-10-28 17:32:29,358] {logging_mixin.py:115} INFO - [2023-10-28 17:32:29,358] {dag.py:2972} INFO - Setting next_dagrun for example_branch_dop_operator_v3 to 2023-10-28T17:31:00+00:00, run_after=2023-10-28T17:32:00+00:00
[2023-10-28 17:32:29,380] {processor.py:161} INFO - Processing /home/airflow/.local/lib/python3.7/site-packages/airflow/example_dags/example_branch_python_dop_operator_3.py took 0.142 seconds
[2023-10-28 17:32:59,688] {processor.py:153} INFO - Started process (PID=429) to work on /home/airflow/.local/lib/python3.7/site-packages/airflow/example_dags/example_branch_python_dop_operator_3.py
[2023-10-28 17:32:59,689] {processor.py:641} INFO - Processing file /home/airflow/.local/lib/python3.7/site-packages/airflow/example_dags/example_branch_python_dop_operator_3.py for tasks to queue
[2023-10-28 17:32:59,690] {logging_mixin.py:115} INFO - [2023-10-28 17:32:59,690] {dagbag.py:508} INFO - Filling up the DagBag from /home/airflow/.local/lib/python3.7/site-packages/airflow/example_dags/example_branch_python_dop_operator_3.py
[2023-10-28 17:32:59,705] {processor.py:651} INFO - DAG(s) dict_keys(['example_branch_dop_operator_v3']) retrieved from /home/airflow/.local/lib/python3.7/site-packages/airflow/example_dags/example_branch_python_dop_operator_3.py
[2023-10-28 17:32:59,743] {logging_mixin.py:115} INFO - [2023-10-28 17:32:59,743] {dag.py:2420} INFO - Sync 1 DAGs
[2023-10-28 17:32:59,787] {logging_mixin.py:115} INFO - [2023-10-28 17:32:59,786] {dag.py:2972} INFO - Setting next_dagrun for example_branch_dop_operator_v3 to 2023-10-28T17:31:00+00:00, run_after=2023-10-28T17:32:00+00:00
[2023-10-28 17:32:59,808] {processor.py:161} INFO - Processing /home/airflow/.local/lib/python3.7/site-packages/airflow/example_dags/example_branch_python_dop_operator_3.py took 0.125 seconds
[2023-10-28 17:33:30,399] {processor.py:153} INFO - Started process (PID=482) to work on /home/airflow/.local/lib/python3.7/site-packages/airflow/example_dags/example_branch_python_dop_operator_3.py
[2023-10-28 17:33:30,401] {processor.py:641} INFO - Processing file /home/airflow/.local/lib/python3.7/site-packages/airflow/example_dags/example_branch_python_dop_operator_3.py for tasks to queue
[2023-10-28 17:33:30,403] {logging_mixin.py:115} INFO - [2023-10-28 17:33:30,403] {dagbag.py:508} INFO - Filling up the DagBag from /home/airflow/.local/lib/python3.7/site-packages/airflow/example_dags/example_branch_python_dop_operator_3.py
[2023-10-28 17:33:30,427] {processor.py:651} INFO - DAG(s) dict_keys(['example_branch_dop_operator_v3']) retrieved from /home/airflow/.local/lib/python3.7/site-packages/airflow/example_dags/example_branch_python_dop_operator_3.py
[2023-10-28 17:33:30,474] {logging_mixin.py:115} INFO - [2023-10-28 17:33:30,474] {dag.py:2420} INFO - Sync 1 DAGs
[2023-10-28 17:33:30,521] {logging_mixin.py:115} INFO - [2023-10-28 17:33:30,520] {dag.py:2972} INFO - Setting next_dagrun for example_branch_dop_operator_v3 to 2023-10-28T17:32:00+00:00, run_after=2023-10-28T17:33:00+00:00
[2023-10-28 17:33:30,543] {processor.py:161} INFO - Processing /home/airflow/.local/lib/python3.7/site-packages/airflow/example_dags/example_branch_python_dop_operator_3.py took 0.151 seconds
[2023-10-28 17:34:00,714] {processor.py:153} INFO - Started process (PID=544) to work on /home/airflow/.local/lib/python3.7/site-packages/airflow/example_dags/example_branch_python_dop_operator_3.py
[2023-10-28 17:34:00,715] {processor.py:641} INFO - Processing file /home/airflow/.local/lib/python3.7/site-packages/airflow/example_dags/example_branch_python_dop_operator_3.py for tasks to queue
[2023-10-28 17:34:00,716] {logging_mixin.py:115} INFO - [2023-10-28 17:34:00,716] {dagbag.py:508} INFO - Filling up the DagBag from /home/airflow/.local/lib/python3.7/site-packages/airflow/example_dags/example_branch_python_dop_operator_3.py
[2023-10-28 17:34:00,735] {processor.py:651} INFO - DAG(s) dict_keys(['example_branch_dop_operator_v3']) retrieved from /home/airflow/.local/lib/python3.7/site-packages/airflow/example_dags/example_branch_python_dop_operator_3.py
[2023-10-28 17:34:00,778] {logging_mixin.py:115} INFO - [2023-10-28 17:34:00,778] {dag.py:2420} INFO - Sync 1 DAGs
[2023-10-28 17:34:00,822] {logging_mixin.py:115} INFO - [2023-10-28 17:34:00,821] {dag.py:2972} INFO - Setting next_dagrun for example_branch_dop_operator_v3 to 2023-10-28T17:33:00+00:00, run_after=2023-10-28T17:34:00+00:00
[2023-10-28 17:34:00,842] {processor.py:161} INFO - Processing /home/airflow/.local/lib/python3.7/site-packages/airflow/example_dags/example_branch_python_dop_operator_3.py took 0.132 seconds
[2023-10-28 17:34:31,106] {processor.py:153} INFO - Started process (PID=597) to work on /home/airflow/.local/lib/python3.7/site-packages/airflow/example_dags/example_branch_python_dop_operator_3.py
[2023-10-28 17:34:31,108] {processor.py:641} INFO - Processing file /home/airflow/.local/lib/python3.7/site-packages/airflow/example_dags/example_branch_python_dop_operator_3.py for tasks to queue
[2023-10-28 17:34:31,109] {logging_mixin.py:115} INFO - [2023-10-28 17:34:31,109] {dagbag.py:508} INFO - Filling up the DagBag from /home/airflow/.local/lib/python3.7/site-packages/airflow/example_dags/example_branch_python_dop_operator_3.py
[2023-10-28 17:34:31,144] {processor.py:651} INFO - DAG(s) dict_keys(['example_branch_dop_operator_v3']) retrieved from /home/airflow/.local/lib/python3.7/site-packages/airflow/example_dags/example_branch_python_dop_operator_3.py
[2023-10-28 17:34:31,234] {logging_mixin.py:115} INFO - [2023-10-28 17:34:31,234] {dag.py:2420} INFO - Sync 1 DAGs
[2023-10-28 17:34:31,297] {logging_mixin.py:115} INFO - [2023-10-28 17:34:31,297] {dag.py:2972} INFO - Setting next_dagrun for example_branch_dop_operator_v3 to 2023-10-28T17:33:00+00:00, run_after=2023-10-28T17:34:00+00:00
[2023-10-28 17:34:31,316] {processor.py:161} INFO - Processing /home/airflow/.local/lib/python3.7/site-packages/airflow/example_dags/example_branch_python_dop_operator_3.py took 0.232 seconds
[2023-10-28 17:35:02,179] {processor.py:153} INFO - Started process (PID=659) to work on /home/airflow/.local/lib/python3.7/site-packages/airflow/example_dags/example_branch_python_dop_operator_3.py
[2023-10-28 17:35:02,180] {processor.py:641} INFO - Processing file /home/airflow/.local/lib/python3.7/site-packages/airflow/example_dags/example_branch_python_dop_operator_3.py for tasks to queue
[2023-10-28 17:35:02,181] {logging_mixin.py:115} INFO - [2023-10-28 17:35:02,181] {dagbag.py:508} INFO - Filling up the DagBag from /home/airflow/.local/lib/python3.7/site-packages/airflow/example_dags/example_branch_python_dop_operator_3.py
[2023-10-28 17:35:02,199] {processor.py:651} INFO - DAG(s) dict_keys(['example_branch_dop_operator_v3']) retrieved from /home/airflow/.local/lib/python3.7/site-packages/airflow/example_dags/example_branch_python_dop_operator_3.py
[2023-10-28 17:35:02,238] {logging_mixin.py:115} INFO - [2023-10-28 17:35:02,238] {dag.py:2420} INFO - Sync 1 DAGs
[2023-10-28 17:35:02,287] {logging_mixin.py:115} INFO - [2023-10-28 17:35:02,287] {dag.py:2972} INFO - Setting next_dagrun for example_branch_dop_operator_v3 to 2023-10-28T17:34:00+00:00, run_after=2023-10-28T17:35:00+00:00
[2023-10-28 17:35:02,306] {processor.py:161} INFO - Processing /home/airflow/.local/lib/python3.7/site-packages/airflow/example_dags/example_branch_python_dop_operator_3.py took 0.132 seconds
[2023-10-28 17:35:32,529] {processor.py:153} INFO - Started process (PID=712) to work on /home/airflow/.local/lib/python3.7/site-packages/airflow/example_dags/example_branch_python_dop_operator_3.py
[2023-10-28 17:35:32,530] {processor.py:641} INFO - Processing file /home/airflow/.local/lib/python3.7/site-packages/airflow/example_dags/example_branch_python_dop_operator_3.py for tasks to queue
[2023-10-28 17:35:32,531] {logging_mixin.py:115} INFO - [2023-10-28 17:35:32,531] {dagbag.py:508} INFO - Filling up the DagBag from /home/airflow/.local/lib/python3.7/site-packages/airflow/example_dags/example_branch_python_dop_operator_3.py
[2023-10-28 17:35:32,548] {processor.py:651} INFO - DAG(s) dict_keys(['example_branch_dop_operator_v3']) retrieved from /home/airflow/.local/lib/python3.7/site-packages/airflow/example_dags/example_branch_python_dop_operator_3.py
[2023-10-28 17:35:32,589] {logging_mixin.py:115} INFO - [2023-10-28 17:35:32,589] {dag.py:2420} INFO - Sync 1 DAGs
[2023-10-28 17:35:32,639] {logging_mixin.py:115} INFO - [2023-10-28 17:35:32,638] {dag.py:2972} INFO - Setting next_dagrun for example_branch_dop_operator_v3 to 2023-10-28T17:34:00+00:00, run_after=2023-10-28T17:35:00+00:00
[2023-10-28 17:35:32,662] {processor.py:161} INFO - Processing /home/airflow/.local/lib/python3.7/site-packages/airflow/example_dags/example_branch_python_dop_operator_3.py took 0.137 seconds
[2023-10-28 17:36:03,028] {processor.py:153} INFO - Started process (PID=774) to work on /home/airflow/.local/lib/python3.7/site-packages/airflow/example_dags/example_branch_python_dop_operator_3.py
[2023-10-28 17:36:03,029] {processor.py:641} INFO - Processing file /home/airflow/.local/lib/python3.7/site-packages/airflow/example_dags/example_branch_python_dop_operator_3.py for tasks to queue
[2023-10-28 17:36:03,030] {logging_mixin.py:115} INFO - [2023-10-28 17:36:03,030] {dagbag.py:508} INFO - Filling up the DagBag from /home/airflow/.local/lib/python3.7/site-packages/airflow/example_dags/example_branch_python_dop_operator_3.py
[2023-10-28 17:36:03,062] {processor.py:651} INFO - DAG(s) dict_keys(['example_branch_dop_operator_v3']) retrieved from /home/airflow/.local/lib/python3.7/site-packages/airflow/example_dags/example_branch_python_dop_operator_3.py
[2023-10-28 17:36:03,142] {logging_mixin.py:115} INFO - [2023-10-28 17:36:03,142] {dag.py:2420} INFO - Sync 1 DAGs
[2023-10-28 17:36:03,207] {logging_mixin.py:115} INFO - [2023-10-28 17:36:03,207] {dag.py:2972} INFO - Setting next_dagrun for example_branch_dop_operator_v3 to 2023-10-28T17:35:00+00:00, run_after=2023-10-28T17:36:00+00:00
[2023-10-28 17:36:03,229] {processor.py:161} INFO - Processing /home/airflow/.local/lib/python3.7/site-packages/airflow/example_dags/example_branch_python_dop_operator_3.py took 0.208 seconds
[2023-10-28 17:36:33,493] {processor.py:153} INFO - Started process (PID=827) to work on /home/airflow/.local/lib/python3.7/site-packages/airflow/example_dags/example_branch_python_dop_operator_3.py
[2023-10-28 17:36:33,495] {processor.py:641} INFO - Processing file /home/airflow/.local/lib/python3.7/site-packages/airflow/example_dags/example_branch_python_dop_operator_3.py for tasks to queue
[2023-10-28 17:36:33,496] {logging_mixin.py:115} INFO - [2023-10-28 17:36:33,496] {dagbag.py:508} INFO - Filling up the DagBag from /home/airflow/.local/lib/python3.7/site-packages/airflow/example_dags/example_branch_python_dop_operator_3.py
[2023-10-28 17:36:33,514] {processor.py:651} INFO - DAG(s) dict_keys(['example_branch_dop_operator_v3']) retrieved from /home/airflow/.local/lib/python3.7/site-packages/airflow/example_dags/example_branch_python_dop_operator_3.py
[2023-10-28 17:36:33,554] {logging_mixin.py:115} INFO - [2023-10-28 17:36:33,554] {dag.py:2420} INFO - Sync 1 DAGs
[2023-10-28 17:36:33,600] {logging_mixin.py:115} INFO - [2023-10-28 17:36:33,600] {dag.py:2972} INFO - Setting next_dagrun for example_branch_dop_operator_v3 to 2023-10-28T17:35:00+00:00, run_after=2023-10-28T17:36:00+00:00
[2023-10-28 17:36:33,624] {processor.py:161} INFO - Processing /home/airflow/.local/lib/python3.7/site-packages/airflow/example_dags/example_branch_python_dop_operator_3.py took 0.136 seconds
