[2023-10-28 17:29:54,300] {processor.py:153} INFO - Started process (PID=64) to work on /home/airflow/.local/lib/python3.7/site-packages/airflow/example_dags/example_branch_datetime_operator.py
[2023-10-28 17:29:54,301] {processor.py:641} INFO - Processing file /home/airflow/.local/lib/python3.7/site-packages/airflow/example_dags/example_branch_datetime_operator.py for tasks to queue
[2023-10-28 17:29:54,303] {logging_mixin.py:115} INFO - [2023-10-28 17:29:54,303] {dagbag.py:508} INFO - Filling up the DagBag from /home/airflow/.local/lib/python3.7/site-packages/airflow/example_dags/example_branch_datetime_operator.py
[2023-10-28 17:29:54,343] {processor.py:651} INFO - DAG(s) dict_keys(['example_branch_datetime_operator', 'example_branch_datetime_operator_2']) retrieved from /home/airflow/.local/lib/python3.7/site-packages/airflow/example_dags/example_branch_datetime_operator.py
[2023-10-28 17:29:54,430] {logging_mixin.py:115} INFO - [2023-10-28 17:29:54,430] {dag.py:2420} INFO - Sync 2 DAGs
[2023-10-28 17:29:54,499] {logging_mixin.py:115} INFO - [2023-10-28 17:29:54,499] {dag.py:2972} INFO - Setting next_dagrun for example_branch_datetime_operator to 2023-10-27T00:00:00+00:00, run_after=2023-10-28T00:00:00+00:00
[2023-10-28 17:29:54,506] {logging_mixin.py:115} INFO - [2023-10-28 17:29:54,505] {dag.py:2972} INFO - Setting next_dagrun for example_branch_datetime_operator_2 to 2023-10-27T00:00:00+00:00, run_after=2023-10-28T00:00:00+00:00
[2023-10-28 17:29:54,578] {processor.py:161} INFO - Processing /home/airflow/.local/lib/python3.7/site-packages/airflow/example_dags/example_branch_datetime_operator.py took 0.284 seconds
[2023-10-28 17:30:24,904] {processor.py:153} INFO - Started process (PID=120) to work on /home/airflow/.local/lib/python3.7/site-packages/airflow/example_dags/example_branch_datetime_operator.py
[2023-10-28 17:30:24,905] {processor.py:641} INFO - Processing file /home/airflow/.local/lib/python3.7/site-packages/airflow/example_dags/example_branch_datetime_operator.py for tasks to queue
[2023-10-28 17:30:24,907] {logging_mixin.py:115} INFO - [2023-10-28 17:30:24,907] {dagbag.py:508} INFO - Filling up the DagBag from /home/airflow/.local/lib/python3.7/site-packages/airflow/example_dags/example_branch_datetime_operator.py
[2023-10-28 17:30:24,926] {processor.py:651} INFO - DAG(s) dict_keys(['example_branch_datetime_operator', 'example_branch_datetime_operator_2']) retrieved from /home/airflow/.local/lib/python3.7/site-packages/airflow/example_dags/example_branch_datetime_operator.py
[2023-10-28 17:30:24,982] {logging_mixin.py:115} INFO - [2023-10-28 17:30:24,982] {dag.py:2420} INFO - Sync 2 DAGs
[2023-10-28 17:30:25,034] {logging_mixin.py:115} INFO - [2023-10-28 17:30:25,034] {dag.py:2972} INFO - Setting next_dagrun for example_branch_datetime_operator to 2023-10-27T00:00:00+00:00, run_after=2023-10-28T00:00:00+00:00
[2023-10-28 17:30:25,038] {logging_mixin.py:115} INFO - [2023-10-28 17:30:25,038] {dag.py:2972} INFO - Setting next_dagrun for example_branch_datetime_operator_2 to 2023-10-27T00:00:00+00:00, run_after=2023-10-28T00:00:00+00:00
[2023-10-28 17:30:25,087] {processor.py:161} INFO - Processing /home/airflow/.local/lib/python3.7/site-packages/airflow/example_dags/example_branch_datetime_operator.py took 0.187 seconds
[2023-10-28 17:30:55,587] {processor.py:153} INFO - Started process (PID=180) to work on /home/airflow/.local/lib/python3.7/site-packages/airflow/example_dags/example_branch_datetime_operator.py
[2023-10-28 17:30:55,588] {processor.py:641} INFO - Processing file /home/airflow/.local/lib/python3.7/site-packages/airflow/example_dags/example_branch_datetime_operator.py for tasks to queue
[2023-10-28 17:30:55,590] {logging_mixin.py:115} INFO - [2023-10-28 17:30:55,589] {dagbag.py:508} INFO - Filling up the DagBag from /home/airflow/.local/lib/python3.7/site-packages/airflow/example_dags/example_branch_datetime_operator.py
[2023-10-28 17:30:55,612] {processor.py:651} INFO - DAG(s) dict_keys(['example_branch_datetime_operator', 'example_branch_datetime_operator_2']) retrieved from /home/airflow/.local/lib/python3.7/site-packages/airflow/example_dags/example_branch_datetime_operator.py
[2023-10-28 17:30:55,673] {logging_mixin.py:115} INFO - [2023-10-28 17:30:55,673] {dag.py:2420} INFO - Sync 2 DAGs
[2023-10-28 17:30:55,750] {logging_mixin.py:115} INFO - [2023-10-28 17:30:55,750] {dag.py:2972} INFO - Setting next_dagrun for example_branch_datetime_operator to 2023-10-27T00:00:00+00:00, run_after=2023-10-28T00:00:00+00:00
[2023-10-28 17:30:55,759] {logging_mixin.py:115} INFO - [2023-10-28 17:30:55,758] {dag.py:2972} INFO - Setting next_dagrun for example_branch_datetime_operator_2 to 2023-10-27T00:00:00+00:00, run_after=2023-10-28T00:00:00+00:00
[2023-10-28 17:30:55,794] {processor.py:161} INFO - Processing /home/airflow/.local/lib/python3.7/site-packages/airflow/example_dags/example_branch_datetime_operator.py took 0.215 seconds
[2023-10-28 17:31:26,037] {processor.py:153} INFO - Started process (PID=235) to work on /home/airflow/.local/lib/python3.7/site-packages/airflow/example_dags/example_branch_datetime_operator.py
[2023-10-28 17:31:26,038] {processor.py:641} INFO - Processing file /home/airflow/.local/lib/python3.7/site-packages/airflow/example_dags/example_branch_datetime_operator.py for tasks to queue
[2023-10-28 17:31:26,040] {logging_mixin.py:115} INFO - [2023-10-28 17:31:26,040] {dagbag.py:508} INFO - Filling up the DagBag from /home/airflow/.local/lib/python3.7/site-packages/airflow/example_dags/example_branch_datetime_operator.py
[2023-10-28 17:31:26,059] {processor.py:651} INFO - DAG(s) dict_keys(['example_branch_datetime_operator', 'example_branch_datetime_operator_2']) retrieved from /home/airflow/.local/lib/python3.7/site-packages/airflow/example_dags/example_branch_datetime_operator.py
[2023-10-28 17:31:26,116] {logging_mixin.py:115} INFO - [2023-10-28 17:31:26,116] {dag.py:2420} INFO - Sync 2 DAGs
[2023-10-28 17:31:26,168] {logging_mixin.py:115} INFO - [2023-10-28 17:31:26,168] {dag.py:2972} INFO - Setting next_dagrun for example_branch_datetime_operator to 2023-10-27T00:00:00+00:00, run_after=2023-10-28T00:00:00+00:00
[2023-10-28 17:31:26,173] {logging_mixin.py:115} INFO - [2023-10-28 17:31:26,173] {dag.py:2972} INFO - Setting next_dagrun for example_branch_datetime_operator_2 to 2023-10-27T00:00:00+00:00, run_after=2023-10-28T00:00:00+00:00
[2023-10-28 17:31:26,197] {processor.py:161} INFO - Processing /home/airflow/.local/lib/python3.7/site-packages/airflow/example_dags/example_branch_datetime_operator.py took 0.167 seconds
[2023-10-28 17:31:56,302] {processor.py:153} INFO - Started process (PID=295) to work on /home/airflow/.local/lib/python3.7/site-packages/airflow/example_dags/example_branch_datetime_operator.py
[2023-10-28 17:31:56,303] {processor.py:641} INFO - Processing file /home/airflow/.local/lib/python3.7/site-packages/airflow/example_dags/example_branch_datetime_operator.py for tasks to queue
[2023-10-28 17:31:56,305] {logging_mixin.py:115} INFO - [2023-10-28 17:31:56,304] {dagbag.py:508} INFO - Filling up the DagBag from /home/airflow/.local/lib/python3.7/site-packages/airflow/example_dags/example_branch_datetime_operator.py
[2023-10-28 17:31:56,320] {processor.py:651} INFO - DAG(s) dict_keys(['example_branch_datetime_operator', 'example_branch_datetime_operator_2']) retrieved from /home/airflow/.local/lib/python3.7/site-packages/airflow/example_dags/example_branch_datetime_operator.py
[2023-10-28 17:31:56,372] {logging_mixin.py:115} INFO - [2023-10-28 17:31:56,371] {dag.py:2420} INFO - Sync 2 DAGs
[2023-10-28 17:31:56,422] {logging_mixin.py:115} INFO - [2023-10-28 17:31:56,422] {dag.py:2972} INFO - Setting next_dagrun for example_branch_datetime_operator to 2023-10-27T00:00:00+00:00, run_after=2023-10-28T00:00:00+00:00
[2023-10-28 17:31:56,426] {logging_mixin.py:115} INFO - [2023-10-28 17:31:56,426] {dag.py:2972} INFO - Setting next_dagrun for example_branch_datetime_operator_2 to 2023-10-27T00:00:00+00:00, run_after=2023-10-28T00:00:00+00:00
[2023-10-28 17:31:56,448] {processor.py:161} INFO - Processing /home/airflow/.local/lib/python3.7/site-packages/airflow/example_dags/example_branch_datetime_operator.py took 0.150 seconds
[2023-10-28 17:32:26,616] {processor.py:153} INFO - Started process (PID=350) to work on /home/airflow/.local/lib/python3.7/site-packages/airflow/example_dags/example_branch_datetime_operator.py
[2023-10-28 17:32:26,617] {processor.py:641} INFO - Processing file /home/airflow/.local/lib/python3.7/site-packages/airflow/example_dags/example_branch_datetime_operator.py for tasks to queue
[2023-10-28 17:32:26,618] {logging_mixin.py:115} INFO - [2023-10-28 17:32:26,618] {dagbag.py:508} INFO - Filling up the DagBag from /home/airflow/.local/lib/python3.7/site-packages/airflow/example_dags/example_branch_datetime_operator.py
[2023-10-28 17:32:26,633] {processor.py:651} INFO - DAG(s) dict_keys(['example_branch_datetime_operator', 'example_branch_datetime_operator_2']) retrieved from /home/airflow/.local/lib/python3.7/site-packages/airflow/example_dags/example_branch_datetime_operator.py
[2023-10-28 17:32:26,686] {logging_mixin.py:115} INFO - [2023-10-28 17:32:26,686] {dag.py:2420} INFO - Sync 2 DAGs
[2023-10-28 17:32:26,735] {logging_mixin.py:115} INFO - [2023-10-28 17:32:26,735] {dag.py:2972} INFO - Setting next_dagrun for example_branch_datetime_operator to 2023-10-27T00:00:00+00:00, run_after=2023-10-28T00:00:00+00:00
[2023-10-28 17:32:26,740] {logging_mixin.py:115} INFO - [2023-10-28 17:32:26,740] {dag.py:2972} INFO - Setting next_dagrun for example_branch_datetime_operator_2 to 2023-10-27T00:00:00+00:00, run_after=2023-10-28T00:00:00+00:00
[2023-10-28 17:32:26,765] {processor.py:161} INFO - Processing /home/airflow/.local/lib/python3.7/site-packages/airflow/example_dags/example_branch_datetime_operator.py took 0.154 seconds
[2023-10-28 17:32:56,963] {processor.py:153} INFO - Started process (PID=410) to work on /home/airflow/.local/lib/python3.7/site-packages/airflow/example_dags/example_branch_datetime_operator.py
[2023-10-28 17:32:56,964] {processor.py:641} INFO - Processing file /home/airflow/.local/lib/python3.7/site-packages/airflow/example_dags/example_branch_datetime_operator.py for tasks to queue
[2023-10-28 17:32:56,966] {logging_mixin.py:115} INFO - [2023-10-28 17:32:56,966] {dagbag.py:508} INFO - Filling up the DagBag from /home/airflow/.local/lib/python3.7/site-packages/airflow/example_dags/example_branch_datetime_operator.py
[2023-10-28 17:32:56,981] {processor.py:651} INFO - DAG(s) dict_keys(['example_branch_datetime_operator', 'example_branch_datetime_operator_2']) retrieved from /home/airflow/.local/lib/python3.7/site-packages/airflow/example_dags/example_branch_datetime_operator.py
[2023-10-28 17:32:57,032] {logging_mixin.py:115} INFO - [2023-10-28 17:32:57,031] {dag.py:2420} INFO - Sync 2 DAGs
[2023-10-28 17:32:57,111] {logging_mixin.py:115} INFO - [2023-10-28 17:32:57,111] {dag.py:2972} INFO - Setting next_dagrun for example_branch_datetime_operator to 2023-10-27T00:00:00+00:00, run_after=2023-10-28T00:00:00+00:00
[2023-10-28 17:32:57,134] {logging_mixin.py:115} INFO - [2023-10-28 17:32:57,134] {dag.py:2972} INFO - Setting next_dagrun for example_branch_datetime_operator_2 to 2023-10-27T00:00:00+00:00, run_after=2023-10-28T00:00:00+00:00
[2023-10-28 17:32:57,181] {processor.py:161} INFO - Processing /home/airflow/.local/lib/python3.7/site-packages/airflow/example_dags/example_branch_datetime_operator.py took 0.224 seconds
[2023-10-28 17:33:27,530] {processor.py:153} INFO - Started process (PID=464) to work on /home/airflow/.local/lib/python3.7/site-packages/airflow/example_dags/example_branch_datetime_operator.py
[2023-10-28 17:33:27,532] {processor.py:641} INFO - Processing file /home/airflow/.local/lib/python3.7/site-packages/airflow/example_dags/example_branch_datetime_operator.py for tasks to queue
[2023-10-28 17:33:27,533] {logging_mixin.py:115} INFO - [2023-10-28 17:33:27,533] {dagbag.py:508} INFO - Filling up the DagBag from /home/airflow/.local/lib/python3.7/site-packages/airflow/example_dags/example_branch_datetime_operator.py
[2023-10-28 17:33:27,556] {processor.py:651} INFO - DAG(s) dict_keys(['example_branch_datetime_operator', 'example_branch_datetime_operator_2']) retrieved from /home/airflow/.local/lib/python3.7/site-packages/airflow/example_dags/example_branch_datetime_operator.py
[2023-10-28 17:33:27,613] {logging_mixin.py:115} INFO - [2023-10-28 17:33:27,613] {dag.py:2420} INFO - Sync 2 DAGs
[2023-10-28 17:33:27,662] {logging_mixin.py:115} INFO - [2023-10-28 17:33:27,662] {dag.py:2972} INFO - Setting next_dagrun for example_branch_datetime_operator to 2023-10-27T00:00:00+00:00, run_after=2023-10-28T00:00:00+00:00
[2023-10-28 17:33:27,667] {logging_mixin.py:115} INFO - [2023-10-28 17:33:27,667] {dag.py:2972} INFO - Setting next_dagrun for example_branch_datetime_operator_2 to 2023-10-27T00:00:00+00:00, run_after=2023-10-28T00:00:00+00:00
[2023-10-28 17:33:27,692] {processor.py:161} INFO - Processing /home/airflow/.local/lib/python3.7/site-packages/airflow/example_dags/example_branch_datetime_operator.py took 0.167 seconds
[2023-10-28 17:33:58,086] {processor.py:153} INFO - Started process (PID=526) to work on /home/airflow/.local/lib/python3.7/site-packages/airflow/example_dags/example_branch_datetime_operator.py
[2023-10-28 17:33:58,087] {processor.py:641} INFO - Processing file /home/airflow/.local/lib/python3.7/site-packages/airflow/example_dags/example_branch_datetime_operator.py for tasks to queue
[2023-10-28 17:33:58,089] {logging_mixin.py:115} INFO - [2023-10-28 17:33:58,088] {dagbag.py:508} INFO - Filling up the DagBag from /home/airflow/.local/lib/python3.7/site-packages/airflow/example_dags/example_branch_datetime_operator.py
[2023-10-28 17:33:58,105] {processor.py:651} INFO - DAG(s) dict_keys(['example_branch_datetime_operator', 'example_branch_datetime_operator_2']) retrieved from /home/airflow/.local/lib/python3.7/site-packages/airflow/example_dags/example_branch_datetime_operator.py
[2023-10-28 17:33:58,151] {logging_mixin.py:115} INFO - [2023-10-28 17:33:58,151] {dag.py:2420} INFO - Sync 2 DAGs
[2023-10-28 17:33:58,188] {logging_mixin.py:115} INFO - [2023-10-28 17:33:58,188] {dag.py:2972} INFO - Setting next_dagrun for example_branch_datetime_operator to 2023-10-27T00:00:00+00:00, run_after=2023-10-28T00:00:00+00:00
[2023-10-28 17:33:58,192] {logging_mixin.py:115} INFO - [2023-10-28 17:33:58,192] {dag.py:2972} INFO - Setting next_dagrun for example_branch_datetime_operator_2 to 2023-10-27T00:00:00+00:00, run_after=2023-10-28T00:00:00+00:00
[2023-10-28 17:33:58,214] {processor.py:161} INFO - Processing /home/airflow/.local/lib/python3.7/site-packages/airflow/example_dags/example_branch_datetime_operator.py took 0.132 seconds
[2023-10-28 17:34:28,308] {processor.py:153} INFO - Started process (PID=579) to work on /home/airflow/.local/lib/python3.7/site-packages/airflow/example_dags/example_branch_datetime_operator.py
[2023-10-28 17:34:28,309] {processor.py:641} INFO - Processing file /home/airflow/.local/lib/python3.7/site-packages/airflow/example_dags/example_branch_datetime_operator.py for tasks to queue
[2023-10-28 17:34:28,312] {logging_mixin.py:115} INFO - [2023-10-28 17:34:28,311] {dagbag.py:508} INFO - Filling up the DagBag from /home/airflow/.local/lib/python3.7/site-packages/airflow/example_dags/example_branch_datetime_operator.py
[2023-10-28 17:34:28,328] {processor.py:651} INFO - DAG(s) dict_keys(['example_branch_datetime_operator', 'example_branch_datetime_operator_2']) retrieved from /home/airflow/.local/lib/python3.7/site-packages/airflow/example_dags/example_branch_datetime_operator.py
[2023-10-28 17:34:28,376] {logging_mixin.py:115} INFO - [2023-10-28 17:34:28,376] {dag.py:2420} INFO - Sync 2 DAGs
[2023-10-28 17:34:28,414] {logging_mixin.py:115} INFO - [2023-10-28 17:34:28,414] {dag.py:2972} INFO - Setting next_dagrun for example_branch_datetime_operator to 2023-10-27T00:00:00+00:00, run_after=2023-10-28T00:00:00+00:00
[2023-10-28 17:34:28,418] {logging_mixin.py:115} INFO - [2023-10-28 17:34:28,418] {dag.py:2972} INFO - Setting next_dagrun for example_branch_datetime_operator_2 to 2023-10-27T00:00:00+00:00, run_after=2023-10-28T00:00:00+00:00
[2023-10-28 17:34:28,438] {processor.py:161} INFO - Processing /home/airflow/.local/lib/python3.7/site-packages/airflow/example_dags/example_branch_datetime_operator.py took 0.136 seconds
[2023-10-28 17:34:58,971] {processor.py:153} INFO - Started process (PID=641) to work on /home/airflow/.local/lib/python3.7/site-packages/airflow/example_dags/example_branch_datetime_operator.py
[2023-10-28 17:34:58,972] {processor.py:641} INFO - Processing file /home/airflow/.local/lib/python3.7/site-packages/airflow/example_dags/example_branch_datetime_operator.py for tasks to queue
[2023-10-28 17:34:58,973] {logging_mixin.py:115} INFO - [2023-10-28 17:34:58,973] {dagbag.py:508} INFO - Filling up the DagBag from /home/airflow/.local/lib/python3.7/site-packages/airflow/example_dags/example_branch_datetime_operator.py
[2023-10-28 17:34:58,997] {processor.py:651} INFO - DAG(s) dict_keys(['example_branch_datetime_operator', 'example_branch_datetime_operator_2']) retrieved from /home/airflow/.local/lib/python3.7/site-packages/airflow/example_dags/example_branch_datetime_operator.py
[2023-10-28 17:34:59,061] {logging_mixin.py:115} INFO - [2023-10-28 17:34:59,060] {dag.py:2420} INFO - Sync 2 DAGs
[2023-10-28 17:34:59,215] {logging_mixin.py:115} INFO - [2023-10-28 17:34:59,215] {dag.py:2972} INFO - Setting next_dagrun for example_branch_datetime_operator to 2023-10-27T00:00:00+00:00, run_after=2023-10-28T00:00:00+00:00
[2023-10-28 17:34:59,223] {logging_mixin.py:115} INFO - [2023-10-28 17:34:59,222] {dag.py:2972} INFO - Setting next_dagrun for example_branch_datetime_operator_2 to 2023-10-27T00:00:00+00:00, run_after=2023-10-28T00:00:00+00:00
[2023-10-28 17:34:59,310] {processor.py:161} INFO - Processing /home/airflow/.local/lib/python3.7/site-packages/airflow/example_dags/example_branch_datetime_operator.py took 0.346 seconds
[2023-10-28 17:35:29,796] {processor.py:153} INFO - Started process (PID=694) to work on /home/airflow/.local/lib/python3.7/site-packages/airflow/example_dags/example_branch_datetime_operator.py
[2023-10-28 17:35:29,797] {processor.py:641} INFO - Processing file /home/airflow/.local/lib/python3.7/site-packages/airflow/example_dags/example_branch_datetime_operator.py for tasks to queue
[2023-10-28 17:35:29,799] {logging_mixin.py:115} INFO - [2023-10-28 17:35:29,799] {dagbag.py:508} INFO - Filling up the DagBag from /home/airflow/.local/lib/python3.7/site-packages/airflow/example_dags/example_branch_datetime_operator.py
[2023-10-28 17:35:29,816] {processor.py:651} INFO - DAG(s) dict_keys(['example_branch_datetime_operator', 'example_branch_datetime_operator_2']) retrieved from /home/airflow/.local/lib/python3.7/site-packages/airflow/example_dags/example_branch_datetime_operator.py
[2023-10-28 17:35:29,876] {logging_mixin.py:115} INFO - [2023-10-28 17:35:29,876] {dag.py:2420} INFO - Sync 2 DAGs
[2023-10-28 17:35:29,921] {logging_mixin.py:115} INFO - [2023-10-28 17:35:29,921] {dag.py:2972} INFO - Setting next_dagrun for example_branch_datetime_operator to 2023-10-27T00:00:00+00:00, run_after=2023-10-28T00:00:00+00:00
[2023-10-28 17:35:29,925] {logging_mixin.py:115} INFO - [2023-10-28 17:35:29,925] {dag.py:2972} INFO - Setting next_dagrun for example_branch_datetime_operator_2 to 2023-10-27T00:00:00+00:00, run_after=2023-10-28T00:00:00+00:00
[2023-10-28 17:35:29,947] {processor.py:161} INFO - Processing /home/airflow/.local/lib/python3.7/site-packages/airflow/example_dags/example_branch_datetime_operator.py took 0.159 seconds
[2023-10-28 17:36:00,208] {processor.py:153} INFO - Started process (PID=757) to work on /home/airflow/.local/lib/python3.7/site-packages/airflow/example_dags/example_branch_datetime_operator.py
[2023-10-28 17:36:00,209] {processor.py:641} INFO - Processing file /home/airflow/.local/lib/python3.7/site-packages/airflow/example_dags/example_branch_datetime_operator.py for tasks to queue
[2023-10-28 17:36:00,210] {logging_mixin.py:115} INFO - [2023-10-28 17:36:00,210] {dagbag.py:508} INFO - Filling up the DagBag from /home/airflow/.local/lib/python3.7/site-packages/airflow/example_dags/example_branch_datetime_operator.py
[2023-10-28 17:36:00,230] {processor.py:651} INFO - DAG(s) dict_keys(['example_branch_datetime_operator', 'example_branch_datetime_operator_2']) retrieved from /home/airflow/.local/lib/python3.7/site-packages/airflow/example_dags/example_branch_datetime_operator.py
[2023-10-28 17:36:00,277] {logging_mixin.py:115} INFO - [2023-10-28 17:36:00,277] {dag.py:2420} INFO - Sync 2 DAGs
[2023-10-28 17:36:00,326] {logging_mixin.py:115} INFO - [2023-10-28 17:36:00,326] {dag.py:2972} INFO - Setting next_dagrun for example_branch_datetime_operator to 2023-10-27T00:00:00+00:00, run_after=2023-10-28T00:00:00+00:00
[2023-10-28 17:36:00,331] {logging_mixin.py:115} INFO - [2023-10-28 17:36:00,331] {dag.py:2972} INFO - Setting next_dagrun for example_branch_datetime_operator_2 to 2023-10-27T00:00:00+00:00, run_after=2023-10-28T00:00:00+00:00
[2023-10-28 17:36:00,353] {processor.py:161} INFO - Processing /home/airflow/.local/lib/python3.7/site-packages/airflow/example_dags/example_branch_datetime_operator.py took 0.150 seconds
[2023-10-28 17:36:30,682] {processor.py:153} INFO - Started process (PID=810) to work on /home/airflow/.local/lib/python3.7/site-packages/airflow/example_dags/example_branch_datetime_operator.py
[2023-10-28 17:36:30,683] {processor.py:641} INFO - Processing file /home/airflow/.local/lib/python3.7/site-packages/airflow/example_dags/example_branch_datetime_operator.py for tasks to queue
[2023-10-28 17:36:30,684] {logging_mixin.py:115} INFO - [2023-10-28 17:36:30,684] {dagbag.py:508} INFO - Filling up the DagBag from /home/airflow/.local/lib/python3.7/site-packages/airflow/example_dags/example_branch_datetime_operator.py
[2023-10-28 17:36:30,704] {processor.py:651} INFO - DAG(s) dict_keys(['example_branch_datetime_operator', 'example_branch_datetime_operator_2']) retrieved from /home/airflow/.local/lib/python3.7/site-packages/airflow/example_dags/example_branch_datetime_operator.py
[2023-10-28 17:36:30,752] {logging_mixin.py:115} INFO - [2023-10-28 17:36:30,752] {dag.py:2420} INFO - Sync 2 DAGs
[2023-10-28 17:36:30,797] {logging_mixin.py:115} INFO - [2023-10-28 17:36:30,797] {dag.py:2972} INFO - Setting next_dagrun for example_branch_datetime_operator to 2023-10-27T00:00:00+00:00, run_after=2023-10-28T00:00:00+00:00
[2023-10-28 17:36:30,802] {logging_mixin.py:115} INFO - [2023-10-28 17:36:30,801] {dag.py:2972} INFO - Setting next_dagrun for example_branch_datetime_operator_2 to 2023-10-27T00:00:00+00:00, run_after=2023-10-28T00:00:00+00:00
[2023-10-28 17:36:30,825] {processor.py:161} INFO - Processing /home/airflow/.local/lib/python3.7/site-packages/airflow/example_dags/example_branch_datetime_operator.py took 0.148 seconds
