[2023-10-28 17:29:56,672] {processor.py:153} INFO - Started process (PID=81) to work on /home/airflow/.local/lib/python3.7/site-packages/airflow/example_dags/example_branch_day_of_week_operator.py
[2023-10-28 17:29:56,673] {processor.py:641} INFO - Processing file /home/airflow/.local/lib/python3.7/site-packages/airflow/example_dags/example_branch_day_of_week_operator.py for tasks to queue
[2023-10-28 17:29:56,674] {logging_mixin.py:115} INFO - [2023-10-28 17:29:56,674] {dagbag.py:508} INFO - Filling up the DagBag from /home/airflow/.local/lib/python3.7/site-packages/airflow/example_dags/example_branch_day_of_week_operator.py
[2023-10-28 17:29:56,692] {processor.py:651} INFO - DAG(s) dict_keys(['example_weekday_branch_operator']) retrieved from /home/airflow/.local/lib/python3.7/site-packages/airflow/example_dags/example_branch_day_of_week_operator.py
[2023-10-28 17:29:56,741] {logging_mixin.py:115} INFO - [2023-10-28 17:29:56,741] {dag.py:2420} INFO - Sync 1 DAGs
[2023-10-28 17:29:56,829] {logging_mixin.py:115} INFO - [2023-10-28 17:29:56,829] {dag.py:2972} INFO - Setting next_dagrun for example_weekday_branch_operator to 2023-10-27T00:00:00+00:00, run_after=2023-10-28T00:00:00+00:00
[2023-10-28 17:29:56,857] {processor.py:161} INFO - Processing /home/airflow/.local/lib/python3.7/site-packages/airflow/example_dags/example_branch_day_of_week_operator.py took 0.191 seconds
[2023-10-28 17:30:27,359] {processor.py:153} INFO - Started process (PID=135) to work on /home/airflow/.local/lib/python3.7/site-packages/airflow/example_dags/example_branch_day_of_week_operator.py
[2023-10-28 17:30:27,360] {processor.py:641} INFO - Processing file /home/airflow/.local/lib/python3.7/site-packages/airflow/example_dags/example_branch_day_of_week_operator.py for tasks to queue
[2023-10-28 17:30:27,361] {logging_mixin.py:115} INFO - [2023-10-28 17:30:27,361] {dagbag.py:508} INFO - Filling up the DagBag from /home/airflow/.local/lib/python3.7/site-packages/airflow/example_dags/example_branch_day_of_week_operator.py
[2023-10-28 17:30:27,375] {processor.py:651} INFO - DAG(s) dict_keys(['example_weekday_branch_operator']) retrieved from /home/airflow/.local/lib/python3.7/site-packages/airflow/example_dags/example_branch_day_of_week_operator.py
[2023-10-28 17:30:27,412] {logging_mixin.py:115} INFO - [2023-10-28 17:30:27,412] {dag.py:2420} INFO - Sync 1 DAGs
[2023-10-28 17:30:27,447] {logging_mixin.py:115} INFO - [2023-10-28 17:30:27,447] {dag.py:2972} INFO - Setting next_dagrun for example_weekday_branch_operator to 2023-10-27T00:00:00+00:00, run_after=2023-10-28T00:00:00+00:00
[2023-10-28 17:30:27,463] {processor.py:161} INFO - Processing /home/airflow/.local/lib/python3.7/site-packages/airflow/example_dags/example_branch_day_of_week_operator.py took 0.108 seconds
[2023-10-28 17:30:58,168] {processor.py:153} INFO - Started process (PID=197) to work on /home/airflow/.local/lib/python3.7/site-packages/airflow/example_dags/example_branch_day_of_week_operator.py
[2023-10-28 17:30:58,169] {processor.py:641} INFO - Processing file /home/airflow/.local/lib/python3.7/site-packages/airflow/example_dags/example_branch_day_of_week_operator.py for tasks to queue
[2023-10-28 17:30:58,170] {logging_mixin.py:115} INFO - [2023-10-28 17:30:58,170] {dagbag.py:508} INFO - Filling up the DagBag from /home/airflow/.local/lib/python3.7/site-packages/airflow/example_dags/example_branch_day_of_week_operator.py
[2023-10-28 17:30:58,182] {processor.py:651} INFO - DAG(s) dict_keys(['example_weekday_branch_operator']) retrieved from /home/airflow/.local/lib/python3.7/site-packages/airflow/example_dags/example_branch_day_of_week_operator.py
[2023-10-28 17:30:58,220] {logging_mixin.py:115} INFO - [2023-10-28 17:30:58,220] {dag.py:2420} INFO - Sync 1 DAGs
[2023-10-28 17:30:58,278] {logging_mixin.py:115} INFO - [2023-10-28 17:30:58,278] {dag.py:2972} INFO - Setting next_dagrun for example_weekday_branch_operator to 2023-10-27T00:00:00+00:00, run_after=2023-10-28T00:00:00+00:00
[2023-10-28 17:30:58,306] {processor.py:161} INFO - Processing /home/airflow/.local/lib/python3.7/site-packages/airflow/example_dags/example_branch_day_of_week_operator.py took 0.142 seconds
[2023-10-28 17:31:28,377] {processor.py:153} INFO - Started process (PID=250) to work on /home/airflow/.local/lib/python3.7/site-packages/airflow/example_dags/example_branch_day_of_week_operator.py
[2023-10-28 17:31:28,378] {processor.py:641} INFO - Processing file /home/airflow/.local/lib/python3.7/site-packages/airflow/example_dags/example_branch_day_of_week_operator.py for tasks to queue
[2023-10-28 17:31:28,381] {logging_mixin.py:115} INFO - [2023-10-28 17:31:28,381] {dagbag.py:508} INFO - Filling up the DagBag from /home/airflow/.local/lib/python3.7/site-packages/airflow/example_dags/example_branch_day_of_week_operator.py
[2023-10-28 17:31:28,410] {processor.py:651} INFO - DAG(s) dict_keys(['example_weekday_branch_operator']) retrieved from /home/airflow/.local/lib/python3.7/site-packages/airflow/example_dags/example_branch_day_of_week_operator.py
[2023-10-28 17:31:28,461] {logging_mixin.py:115} INFO - [2023-10-28 17:31:28,461] {dag.py:2420} INFO - Sync 1 DAGs
[2023-10-28 17:31:28,510] {logging_mixin.py:115} INFO - [2023-10-28 17:31:28,510] {dag.py:2972} INFO - Setting next_dagrun for example_weekday_branch_operator to 2023-10-27T00:00:00+00:00, run_after=2023-10-28T00:00:00+00:00
[2023-10-28 17:31:28,536] {processor.py:161} INFO - Processing /home/airflow/.local/lib/python3.7/site-packages/airflow/example_dags/example_branch_day_of_week_operator.py took 0.164 seconds
[2023-10-28 17:31:58,774] {processor.py:153} INFO - Started process (PID=312) to work on /home/airflow/.local/lib/python3.7/site-packages/airflow/example_dags/example_branch_day_of_week_operator.py
[2023-10-28 17:31:58,775] {processor.py:641} INFO - Processing file /home/airflow/.local/lib/python3.7/site-packages/airflow/example_dags/example_branch_day_of_week_operator.py for tasks to queue
[2023-10-28 17:31:58,776] {logging_mixin.py:115} INFO - [2023-10-28 17:31:58,776] {dagbag.py:508} INFO - Filling up the DagBag from /home/airflow/.local/lib/python3.7/site-packages/airflow/example_dags/example_branch_day_of_week_operator.py
[2023-10-28 17:31:58,789] {processor.py:651} INFO - DAG(s) dict_keys(['example_weekday_branch_operator']) retrieved from /home/airflow/.local/lib/python3.7/site-packages/airflow/example_dags/example_branch_day_of_week_operator.py
[2023-10-28 17:31:58,831] {logging_mixin.py:115} INFO - [2023-10-28 17:31:58,831] {dag.py:2420} INFO - Sync 1 DAGs
[2023-10-28 17:31:58,870] {logging_mixin.py:115} INFO - [2023-10-28 17:31:58,870] {dag.py:2972} INFO - Setting next_dagrun for example_weekday_branch_operator to 2023-10-27T00:00:00+00:00, run_after=2023-10-28T00:00:00+00:00
[2023-10-28 17:31:58,889] {processor.py:161} INFO - Processing /home/airflow/.local/lib/python3.7/site-packages/airflow/example_dags/example_branch_day_of_week_operator.py took 0.119 seconds
[2023-10-28 17:32:29,074] {processor.py:153} INFO - Started process (PID=365) to work on /home/airflow/.local/lib/python3.7/site-packages/airflow/example_dags/example_branch_day_of_week_operator.py
[2023-10-28 17:32:29,075] {processor.py:641} INFO - Processing file /home/airflow/.local/lib/python3.7/site-packages/airflow/example_dags/example_branch_day_of_week_operator.py for tasks to queue
[2023-10-28 17:32:29,076] {logging_mixin.py:115} INFO - [2023-10-28 17:32:29,076] {dagbag.py:508} INFO - Filling up the DagBag from /home/airflow/.local/lib/python3.7/site-packages/airflow/example_dags/example_branch_day_of_week_operator.py
[2023-10-28 17:32:29,095] {processor.py:651} INFO - DAG(s) dict_keys(['example_weekday_branch_operator']) retrieved from /home/airflow/.local/lib/python3.7/site-packages/airflow/example_dags/example_branch_day_of_week_operator.py
[2023-10-28 17:32:29,137] {logging_mixin.py:115} INFO - [2023-10-28 17:32:29,137] {dag.py:2420} INFO - Sync 1 DAGs
[2023-10-28 17:32:29,181] {logging_mixin.py:115} INFO - [2023-10-28 17:32:29,181] {dag.py:2972} INFO - Setting next_dagrun for example_weekday_branch_operator to 2023-10-27T00:00:00+00:00, run_after=2023-10-28T00:00:00+00:00
[2023-10-28 17:32:29,206] {processor.py:161} INFO - Processing /home/airflow/.local/lib/python3.7/site-packages/airflow/example_dags/example_branch_day_of_week_operator.py took 0.139 seconds
[2023-10-28 17:32:59,535] {processor.py:153} INFO - Started process (PID=427) to work on /home/airflow/.local/lib/python3.7/site-packages/airflow/example_dags/example_branch_day_of_week_operator.py
[2023-10-28 17:32:59,536] {processor.py:641} INFO - Processing file /home/airflow/.local/lib/python3.7/site-packages/airflow/example_dags/example_branch_day_of_week_operator.py for tasks to queue
[2023-10-28 17:32:59,537] {logging_mixin.py:115} INFO - [2023-10-28 17:32:59,537] {dagbag.py:508} INFO - Filling up the DagBag from /home/airflow/.local/lib/python3.7/site-packages/airflow/example_dags/example_branch_day_of_week_operator.py
[2023-10-28 17:32:59,554] {processor.py:651} INFO - DAG(s) dict_keys(['example_weekday_branch_operator']) retrieved from /home/airflow/.local/lib/python3.7/site-packages/airflow/example_dags/example_branch_day_of_week_operator.py
[2023-10-28 17:32:59,596] {logging_mixin.py:115} INFO - [2023-10-28 17:32:59,596] {dag.py:2420} INFO - Sync 1 DAGs
[2023-10-28 17:32:59,638] {logging_mixin.py:115} INFO - [2023-10-28 17:32:59,638] {dag.py:2972} INFO - Setting next_dagrun for example_weekday_branch_operator to 2023-10-27T00:00:00+00:00, run_after=2023-10-28T00:00:00+00:00
[2023-10-28 17:32:59,656] {processor.py:161} INFO - Processing /home/airflow/.local/lib/python3.7/site-packages/airflow/example_dags/example_branch_day_of_week_operator.py took 0.126 seconds
[2023-10-28 17:33:30,235] {processor.py:153} INFO - Started process (PID=480) to work on /home/airflow/.local/lib/python3.7/site-packages/airflow/example_dags/example_branch_day_of_week_operator.py
[2023-10-28 17:33:30,236] {processor.py:641} INFO - Processing file /home/airflow/.local/lib/python3.7/site-packages/airflow/example_dags/example_branch_day_of_week_operator.py for tasks to queue
[2023-10-28 17:33:30,238] {logging_mixin.py:115} INFO - [2023-10-28 17:33:30,238] {dagbag.py:508} INFO - Filling up the DagBag from /home/airflow/.local/lib/python3.7/site-packages/airflow/example_dags/example_branch_day_of_week_operator.py
[2023-10-28 17:33:30,253] {processor.py:651} INFO - DAG(s) dict_keys(['example_weekday_branch_operator']) retrieved from /home/airflow/.local/lib/python3.7/site-packages/airflow/example_dags/example_branch_day_of_week_operator.py
[2023-10-28 17:33:30,295] {logging_mixin.py:115} INFO - [2023-10-28 17:33:30,295] {dag.py:2420} INFO - Sync 1 DAGs
[2023-10-28 17:33:30,335] {logging_mixin.py:115} INFO - [2023-10-28 17:33:30,335] {dag.py:2972} INFO - Setting next_dagrun for example_weekday_branch_operator to 2023-10-27T00:00:00+00:00, run_after=2023-10-28T00:00:00+00:00
[2023-10-28 17:33:30,356] {processor.py:161} INFO - Processing /home/airflow/.local/lib/python3.7/site-packages/airflow/example_dags/example_branch_day_of_week_operator.py took 0.127 seconds
[2023-10-28 17:34:00,562] {processor.py:153} INFO - Started process (PID=542) to work on /home/airflow/.local/lib/python3.7/site-packages/airflow/example_dags/example_branch_day_of_week_operator.py
[2023-10-28 17:34:00,563] {processor.py:641} INFO - Processing file /home/airflow/.local/lib/python3.7/site-packages/airflow/example_dags/example_branch_day_of_week_operator.py for tasks to queue
[2023-10-28 17:34:00,565] {logging_mixin.py:115} INFO - [2023-10-28 17:34:00,565] {dagbag.py:508} INFO - Filling up the DagBag from /home/airflow/.local/lib/python3.7/site-packages/airflow/example_dags/example_branch_day_of_week_operator.py
[2023-10-28 17:34:00,581] {processor.py:651} INFO - DAG(s) dict_keys(['example_weekday_branch_operator']) retrieved from /home/airflow/.local/lib/python3.7/site-packages/airflow/example_dags/example_branch_day_of_week_operator.py
[2023-10-28 17:34:00,622] {logging_mixin.py:115} INFO - [2023-10-28 17:34:00,622] {dag.py:2420} INFO - Sync 1 DAGs
[2023-10-28 17:34:00,662] {logging_mixin.py:115} INFO - [2023-10-28 17:34:00,662] {dag.py:2972} INFO - Setting next_dagrun for example_weekday_branch_operator to 2023-10-27T00:00:00+00:00, run_after=2023-10-28T00:00:00+00:00
[2023-10-28 17:34:00,685] {processor.py:161} INFO - Processing /home/airflow/.local/lib/python3.7/site-packages/airflow/example_dags/example_branch_day_of_week_operator.py took 0.128 seconds
[2023-10-28 17:34:30,916] {processor.py:153} INFO - Started process (PID=595) to work on /home/airflow/.local/lib/python3.7/site-packages/airflow/example_dags/example_branch_day_of_week_operator.py
[2023-10-28 17:34:30,917] {processor.py:641} INFO - Processing file /home/airflow/.local/lib/python3.7/site-packages/airflow/example_dags/example_branch_day_of_week_operator.py for tasks to queue
[2023-10-28 17:34:30,918] {logging_mixin.py:115} INFO - [2023-10-28 17:34:30,918] {dagbag.py:508} INFO - Filling up the DagBag from /home/airflow/.local/lib/python3.7/site-packages/airflow/example_dags/example_branch_day_of_week_operator.py
[2023-10-28 17:34:30,932] {processor.py:651} INFO - DAG(s) dict_keys(['example_weekday_branch_operator']) retrieved from /home/airflow/.local/lib/python3.7/site-packages/airflow/example_dags/example_branch_day_of_week_operator.py
[2023-10-28 17:34:30,974] {logging_mixin.py:115} INFO - [2023-10-28 17:34:30,974] {dag.py:2420} INFO - Sync 1 DAGs
[2023-10-28 17:34:31,022] {logging_mixin.py:115} INFO - [2023-10-28 17:34:31,022] {dag.py:2972} INFO - Setting next_dagrun for example_weekday_branch_operator to 2023-10-27T00:00:00+00:00, run_after=2023-10-28T00:00:00+00:00
[2023-10-28 17:34:31,048] {processor.py:161} INFO - Processing /home/airflow/.local/lib/python3.7/site-packages/airflow/example_dags/example_branch_day_of_week_operator.py took 0.138 seconds
[2023-10-28 17:35:01,998] {processor.py:153} INFO - Started process (PID=657) to work on /home/airflow/.local/lib/python3.7/site-packages/airflow/example_dags/example_branch_day_of_week_operator.py
[2023-10-28 17:35:02,000] {processor.py:641} INFO - Processing file /home/airflow/.local/lib/python3.7/site-packages/airflow/example_dags/example_branch_day_of_week_operator.py for tasks to queue
[2023-10-28 17:35:02,001] {logging_mixin.py:115} INFO - [2023-10-28 17:35:02,001] {dagbag.py:508} INFO - Filling up the DagBag from /home/airflow/.local/lib/python3.7/site-packages/airflow/example_dags/example_branch_day_of_week_operator.py
[2023-10-28 17:35:02,023] {processor.py:651} INFO - DAG(s) dict_keys(['example_weekday_branch_operator']) retrieved from /home/airflow/.local/lib/python3.7/site-packages/airflow/example_dags/example_branch_day_of_week_operator.py
[2023-10-28 17:35:02,075] {logging_mixin.py:115} INFO - [2023-10-28 17:35:02,075] {dag.py:2420} INFO - Sync 1 DAGs
[2023-10-28 17:35:02,125] {logging_mixin.py:115} INFO - [2023-10-28 17:35:02,125] {dag.py:2972} INFO - Setting next_dagrun for example_weekday_branch_operator to 2023-10-27T00:00:00+00:00, run_after=2023-10-28T00:00:00+00:00
[2023-10-28 17:35:02,147] {processor.py:161} INFO - Processing /home/airflow/.local/lib/python3.7/site-packages/airflow/example_dags/example_branch_day_of_week_operator.py took 0.154 seconds
[2023-10-28 17:35:32,383] {processor.py:153} INFO - Started process (PID=710) to work on /home/airflow/.local/lib/python3.7/site-packages/airflow/example_dags/example_branch_day_of_week_operator.py
[2023-10-28 17:35:32,384] {processor.py:641} INFO - Processing file /home/airflow/.local/lib/python3.7/site-packages/airflow/example_dags/example_branch_day_of_week_operator.py for tasks to queue
[2023-10-28 17:35:32,385] {logging_mixin.py:115} INFO - [2023-10-28 17:35:32,385] {dagbag.py:508} INFO - Filling up the DagBag from /home/airflow/.local/lib/python3.7/site-packages/airflow/example_dags/example_branch_day_of_week_operator.py
[2023-10-28 17:35:32,399] {processor.py:651} INFO - DAG(s) dict_keys(['example_weekday_branch_operator']) retrieved from /home/airflow/.local/lib/python3.7/site-packages/airflow/example_dags/example_branch_day_of_week_operator.py
[2023-10-28 17:35:32,436] {logging_mixin.py:115} INFO - [2023-10-28 17:35:32,436] {dag.py:2420} INFO - Sync 1 DAGs
[2023-10-28 17:35:32,473] {logging_mixin.py:115} INFO - [2023-10-28 17:35:32,473] {dag.py:2972} INFO - Setting next_dagrun for example_weekday_branch_operator to 2023-10-27T00:00:00+00:00, run_after=2023-10-28T00:00:00+00:00
[2023-10-28 17:35:32,496] {processor.py:161} INFO - Processing /home/airflow/.local/lib/python3.7/site-packages/airflow/example_dags/example_branch_day_of_week_operator.py took 0.118 seconds
[2023-10-28 17:36:02,848] {processor.py:153} INFO - Started process (PID=772) to work on /home/airflow/.local/lib/python3.7/site-packages/airflow/example_dags/example_branch_day_of_week_operator.py
[2023-10-28 17:36:02,850] {processor.py:641} INFO - Processing file /home/airflow/.local/lib/python3.7/site-packages/airflow/example_dags/example_branch_day_of_week_operator.py for tasks to queue
[2023-10-28 17:36:02,851] {logging_mixin.py:115} INFO - [2023-10-28 17:36:02,851] {dagbag.py:508} INFO - Filling up the DagBag from /home/airflow/.local/lib/python3.7/site-packages/airflow/example_dags/example_branch_day_of_week_operator.py
[2023-10-28 17:36:02,873] {processor.py:651} INFO - DAG(s) dict_keys(['example_weekday_branch_operator']) retrieved from /home/airflow/.local/lib/python3.7/site-packages/airflow/example_dags/example_branch_day_of_week_operator.py
[2023-10-28 17:36:02,917] {logging_mixin.py:115} INFO - [2023-10-28 17:36:02,917] {dag.py:2420} INFO - Sync 1 DAGs
[2023-10-28 17:36:02,962] {logging_mixin.py:115} INFO - [2023-10-28 17:36:02,962] {dag.py:2972} INFO - Setting next_dagrun for example_weekday_branch_operator to 2023-10-27T00:00:00+00:00, run_after=2023-10-28T00:00:00+00:00
[2023-10-28 17:36:02,987] {processor.py:161} INFO - Processing /home/airflow/.local/lib/python3.7/site-packages/airflow/example_dags/example_branch_day_of_week_operator.py took 0.144 seconds
[2023-10-28 17:36:33,313] {processor.py:153} INFO - Started process (PID=825) to work on /home/airflow/.local/lib/python3.7/site-packages/airflow/example_dags/example_branch_day_of_week_operator.py
[2023-10-28 17:36:33,314] {processor.py:641} INFO - Processing file /home/airflow/.local/lib/python3.7/site-packages/airflow/example_dags/example_branch_day_of_week_operator.py for tasks to queue
[2023-10-28 17:36:33,315] {logging_mixin.py:115} INFO - [2023-10-28 17:36:33,315] {dagbag.py:508} INFO - Filling up the DagBag from /home/airflow/.local/lib/python3.7/site-packages/airflow/example_dags/example_branch_day_of_week_operator.py
[2023-10-28 17:36:33,333] {processor.py:651} INFO - DAG(s) dict_keys(['example_weekday_branch_operator']) retrieved from /home/airflow/.local/lib/python3.7/site-packages/airflow/example_dags/example_branch_day_of_week_operator.py
[2023-10-28 17:36:33,385] {logging_mixin.py:115} INFO - [2023-10-28 17:36:33,385] {dag.py:2420} INFO - Sync 1 DAGs
[2023-10-28 17:36:33,425] {logging_mixin.py:115} INFO - [2023-10-28 17:36:33,425] {dag.py:2972} INFO - Setting next_dagrun for example_weekday_branch_operator to 2023-10-27T00:00:00+00:00, run_after=2023-10-28T00:00:00+00:00
[2023-10-28 17:36:33,460] {processor.py:161} INFO - Processing /home/airflow/.local/lib/python3.7/site-packages/airflow/example_dags/example_branch_day_of_week_operator.py took 0.152 seconds
