[2023-10-28 17:29:55,233] {processor.py:153} INFO - Started process (PID=71) to work on /home/airflow/.local/lib/python3.7/site-packages/airflow/example_dags/example_trigger_controller_dag.py
[2023-10-28 17:29:55,260] {processor.py:641} INFO - Processing file /home/airflow/.local/lib/python3.7/site-packages/airflow/example_dags/example_trigger_controller_dag.py for tasks to queue
[2023-10-28 17:29:55,262] {logging_mixin.py:115} INFO - [2023-10-28 17:29:55,262] {dagbag.py:508} INFO - Filling up the DagBag from /home/airflow/.local/lib/python3.7/site-packages/airflow/example_dags/example_trigger_controller_dag.py
[2023-10-28 17:29:55,272] {processor.py:651} INFO - DAG(s) dict_keys(['example_trigger_controller_dag']) retrieved from /home/airflow/.local/lib/python3.7/site-packages/airflow/example_dags/example_trigger_controller_dag.py
[2023-10-28 17:29:55,372] {logging_mixin.py:115} INFO - [2023-10-28 17:29:55,372] {dag.py:2420} INFO - Sync 1 DAGs
[2023-10-28 17:29:55,435] {logging_mixin.py:115} INFO - [2023-10-28 17:29:55,435] {dag.py:2972} INFO - Setting next_dagrun for example_trigger_controller_dag to 2021-01-01T00:00:00+00:00, run_after=2021-01-01T00:00:00+00:00
[2023-10-28 17:29:55,464] {processor.py:161} INFO - Processing /home/airflow/.local/lib/python3.7/site-packages/airflow/example_dags/example_trigger_controller_dag.py took 0.244 seconds
[2023-10-28 17:30:25,538] {processor.py:153} INFO - Started process (PID=125) to work on /home/airflow/.local/lib/python3.7/site-packages/airflow/example_dags/example_trigger_controller_dag.py
[2023-10-28 17:30:25,539] {processor.py:641} INFO - Processing file /home/airflow/.local/lib/python3.7/site-packages/airflow/example_dags/example_trigger_controller_dag.py for tasks to queue
[2023-10-28 17:30:25,540] {logging_mixin.py:115} INFO - [2023-10-28 17:30:25,540] {dagbag.py:508} INFO - Filling up the DagBag from /home/airflow/.local/lib/python3.7/site-packages/airflow/example_dags/example_trigger_controller_dag.py
[2023-10-28 17:30:25,548] {processor.py:651} INFO - DAG(s) dict_keys(['example_trigger_controller_dag']) retrieved from /home/airflow/.local/lib/python3.7/site-packages/airflow/example_dags/example_trigger_controller_dag.py
[2023-10-28 17:30:25,595] {logging_mixin.py:115} INFO - [2023-10-28 17:30:25,595] {dag.py:2420} INFO - Sync 1 DAGs
[2023-10-28 17:30:25,632] {logging_mixin.py:115} INFO - [2023-10-28 17:30:25,632] {dag.py:2972} INFO - Setting next_dagrun for example_trigger_controller_dag to 2021-01-01T00:00:00+00:00, run_after=2021-01-01T00:00:00+00:00
[2023-10-28 17:30:25,653] {processor.py:161} INFO - Processing /home/airflow/.local/lib/python3.7/site-packages/airflow/example_dags/example_trigger_controller_dag.py took 0.120 seconds
[2023-10-28 17:30:56,161] {processor.py:153} INFO - Started process (PID=187) to work on /home/airflow/.local/lib/python3.7/site-packages/airflow/example_dags/example_trigger_controller_dag.py
[2023-10-28 17:30:56,162] {processor.py:641} INFO - Processing file /home/airflow/.local/lib/python3.7/site-packages/airflow/example_dags/example_trigger_controller_dag.py for tasks to queue
[2023-10-28 17:30:56,164] {logging_mixin.py:115} INFO - [2023-10-28 17:30:56,164] {dagbag.py:508} INFO - Filling up the DagBag from /home/airflow/.local/lib/python3.7/site-packages/airflow/example_dags/example_trigger_controller_dag.py
[2023-10-28 17:30:56,170] {processor.py:651} INFO - DAG(s) dict_keys(['example_trigger_controller_dag']) retrieved from /home/airflow/.local/lib/python3.7/site-packages/airflow/example_dags/example_trigger_controller_dag.py
[2023-10-28 17:30:56,212] {logging_mixin.py:115} INFO - [2023-10-28 17:30:56,212] {dag.py:2420} INFO - Sync 1 DAGs
[2023-10-28 17:30:56,253] {logging_mixin.py:115} INFO - [2023-10-28 17:30:56,253] {dag.py:2972} INFO - Setting next_dagrun for example_trigger_controller_dag to 2021-01-01T00:00:00+00:00, run_after=2021-01-01T00:00:00+00:00
[2023-10-28 17:30:56,285] {processor.py:161} INFO - Processing /home/airflow/.local/lib/python3.7/site-packages/airflow/example_dags/example_trigger_controller_dag.py took 0.128 seconds
[2023-10-28 17:31:26,525] {processor.py:153} INFO - Started process (PID=240) to work on /home/airflow/.local/lib/python3.7/site-packages/airflow/example_dags/example_trigger_controller_dag.py
[2023-10-28 17:31:26,526] {processor.py:641} INFO - Processing file /home/airflow/.local/lib/python3.7/site-packages/airflow/example_dags/example_trigger_controller_dag.py for tasks to queue
[2023-10-28 17:31:26,527] {logging_mixin.py:115} INFO - [2023-10-28 17:31:26,527] {dagbag.py:508} INFO - Filling up the DagBag from /home/airflow/.local/lib/python3.7/site-packages/airflow/example_dags/example_trigger_controller_dag.py
[2023-10-28 17:31:26,534] {processor.py:651} INFO - DAG(s) dict_keys(['example_trigger_controller_dag']) retrieved from /home/airflow/.local/lib/python3.7/site-packages/airflow/example_dags/example_trigger_controller_dag.py
[2023-10-28 17:31:26,578] {logging_mixin.py:115} INFO - [2023-10-28 17:31:26,577] {dag.py:2420} INFO - Sync 1 DAGs
[2023-10-28 17:31:26,618] {logging_mixin.py:115} INFO - [2023-10-28 17:31:26,618] {dag.py:2972} INFO - Setting next_dagrun for example_trigger_controller_dag to 2021-01-01T00:00:00+00:00, run_after=2021-01-01T00:00:00+00:00
[2023-10-28 17:31:26,640] {processor.py:161} INFO - Processing /home/airflow/.local/lib/python3.7/site-packages/airflow/example_dags/example_trigger_controller_dag.py took 0.120 seconds
[2023-10-28 17:31:56,874] {processor.py:153} INFO - Started process (PID=302) to work on /home/airflow/.local/lib/python3.7/site-packages/airflow/example_dags/example_trigger_controller_dag.py
[2023-10-28 17:31:56,876] {processor.py:641} INFO - Processing file /home/airflow/.local/lib/python3.7/site-packages/airflow/example_dags/example_trigger_controller_dag.py for tasks to queue
[2023-10-28 17:31:56,878] {logging_mixin.py:115} INFO - [2023-10-28 17:31:56,877] {dagbag.py:508} INFO - Filling up the DagBag from /home/airflow/.local/lib/python3.7/site-packages/airflow/example_dags/example_trigger_controller_dag.py
[2023-10-28 17:31:56,884] {processor.py:651} INFO - DAG(s) dict_keys(['example_trigger_controller_dag']) retrieved from /home/airflow/.local/lib/python3.7/site-packages/airflow/example_dags/example_trigger_controller_dag.py
[2023-10-28 17:31:56,930] {logging_mixin.py:115} INFO - [2023-10-28 17:31:56,930] {dag.py:2420} INFO - Sync 1 DAGs
[2023-10-28 17:31:56,971] {logging_mixin.py:115} INFO - [2023-10-28 17:31:56,971] {dag.py:2972} INFO - Setting next_dagrun for example_trigger_controller_dag to 2021-01-01T00:00:00+00:00, run_after=2021-01-01T00:00:00+00:00
[2023-10-28 17:31:56,996] {processor.py:161} INFO - Processing /home/airflow/.local/lib/python3.7/site-packages/airflow/example_dags/example_trigger_controller_dag.py took 0.127 seconds
[2023-10-28 17:32:27,179] {processor.py:153} INFO - Started process (PID=355) to work on /home/airflow/.local/lib/python3.7/site-packages/airflow/example_dags/example_trigger_controller_dag.py
[2023-10-28 17:32:27,183] {processor.py:641} INFO - Processing file /home/airflow/.local/lib/python3.7/site-packages/airflow/example_dags/example_trigger_controller_dag.py for tasks to queue
[2023-10-28 17:32:27,188] {logging_mixin.py:115} INFO - [2023-10-28 17:32:27,187] {dagbag.py:508} INFO - Filling up the DagBag from /home/airflow/.local/lib/python3.7/site-packages/airflow/example_dags/example_trigger_controller_dag.py
[2023-10-28 17:32:27,202] {processor.py:651} INFO - DAG(s) dict_keys(['example_trigger_controller_dag']) retrieved from /home/airflow/.local/lib/python3.7/site-packages/airflow/example_dags/example_trigger_controller_dag.py
[2023-10-28 17:32:27,256] {logging_mixin.py:115} INFO - [2023-10-28 17:32:27,256] {dag.py:2420} INFO - Sync 1 DAGs
[2023-10-28 17:32:27,299] {logging_mixin.py:115} INFO - [2023-10-28 17:32:27,298] {dag.py:2972} INFO - Setting next_dagrun for example_trigger_controller_dag to 2021-01-01T00:00:00+00:00, run_after=2021-01-01T00:00:00+00:00
[2023-10-28 17:32:27,324] {processor.py:161} INFO - Processing /home/airflow/.local/lib/python3.7/site-packages/airflow/example_dags/example_trigger_controller_dag.py took 0.158 seconds
[2023-10-28 17:32:57,627] {processor.py:153} INFO - Started process (PID=417) to work on /home/airflow/.local/lib/python3.7/site-packages/airflow/example_dags/example_trigger_controller_dag.py
[2023-10-28 17:32:57,628] {processor.py:641} INFO - Processing file /home/airflow/.local/lib/python3.7/site-packages/airflow/example_dags/example_trigger_controller_dag.py for tasks to queue
[2023-10-28 17:32:57,630] {logging_mixin.py:115} INFO - [2023-10-28 17:32:57,630] {dagbag.py:508} INFO - Filling up the DagBag from /home/airflow/.local/lib/python3.7/site-packages/airflow/example_dags/example_trigger_controller_dag.py
[2023-10-28 17:32:57,637] {processor.py:651} INFO - DAG(s) dict_keys(['example_trigger_controller_dag']) retrieved from /home/airflow/.local/lib/python3.7/site-packages/airflow/example_dags/example_trigger_controller_dag.py
[2023-10-28 17:32:57,684] {logging_mixin.py:115} INFO - [2023-10-28 17:32:57,684] {dag.py:2420} INFO - Sync 1 DAGs
[2023-10-28 17:32:57,730] {logging_mixin.py:115} INFO - [2023-10-28 17:32:57,730] {dag.py:2972} INFO - Setting next_dagrun for example_trigger_controller_dag to 2021-01-01T00:00:00+00:00, run_after=2021-01-01T00:00:00+00:00
[2023-10-28 17:32:57,753] {processor.py:161} INFO - Processing /home/airflow/.local/lib/python3.7/site-packages/airflow/example_dags/example_trigger_controller_dag.py took 0.133 seconds
[2023-10-28 17:33:28,232] {processor.py:153} INFO - Started process (PID=470) to work on /home/airflow/.local/lib/python3.7/site-packages/airflow/example_dags/example_trigger_controller_dag.py
[2023-10-28 17:33:28,233] {processor.py:641} INFO - Processing file /home/airflow/.local/lib/python3.7/site-packages/airflow/example_dags/example_trigger_controller_dag.py for tasks to queue
[2023-10-28 17:33:28,235] {logging_mixin.py:115} INFO - [2023-10-28 17:33:28,235] {dagbag.py:508} INFO - Filling up the DagBag from /home/airflow/.local/lib/python3.7/site-packages/airflow/example_dags/example_trigger_controller_dag.py
[2023-10-28 17:33:28,244] {processor.py:651} INFO - DAG(s) dict_keys(['example_trigger_controller_dag']) retrieved from /home/airflow/.local/lib/python3.7/site-packages/airflow/example_dags/example_trigger_controller_dag.py
[2023-10-28 17:33:28,301] {logging_mixin.py:115} INFO - [2023-10-28 17:33:28,300] {dag.py:2420} INFO - Sync 1 DAGs
[2023-10-28 17:33:28,351] {logging_mixin.py:115} INFO - [2023-10-28 17:33:28,351] {dag.py:2972} INFO - Setting next_dagrun for example_trigger_controller_dag to 2021-01-01T00:00:00+00:00, run_after=2021-01-01T00:00:00+00:00
[2023-10-28 17:33:28,392] {processor.py:161} INFO - Processing /home/airflow/.local/lib/python3.7/site-packages/airflow/example_dags/example_trigger_controller_dag.py took 0.166 seconds
[2023-10-28 17:33:58,714] {processor.py:153} INFO - Started process (PID=532) to work on /home/airflow/.local/lib/python3.7/site-packages/airflow/example_dags/example_trigger_controller_dag.py
[2023-10-28 17:33:58,715] {processor.py:641} INFO - Processing file /home/airflow/.local/lib/python3.7/site-packages/airflow/example_dags/example_trigger_controller_dag.py for tasks to queue
[2023-10-28 17:33:58,717] {logging_mixin.py:115} INFO - [2023-10-28 17:33:58,717] {dagbag.py:508} INFO - Filling up the DagBag from /home/airflow/.local/lib/python3.7/site-packages/airflow/example_dags/example_trigger_controller_dag.py
[2023-10-28 17:33:58,722] {processor.py:651} INFO - DAG(s) dict_keys(['example_trigger_controller_dag']) retrieved from /home/airflow/.local/lib/python3.7/site-packages/airflow/example_dags/example_trigger_controller_dag.py
[2023-10-28 17:33:58,763] {logging_mixin.py:115} INFO - [2023-10-28 17:33:58,762] {dag.py:2420} INFO - Sync 1 DAGs
[2023-10-28 17:33:58,807] {logging_mixin.py:115} INFO - [2023-10-28 17:33:58,806] {dag.py:2972} INFO - Setting next_dagrun for example_trigger_controller_dag to 2021-01-01T00:00:00+00:00, run_after=2021-01-01T00:00:00+00:00
[2023-10-28 17:33:58,829] {processor.py:161} INFO - Processing /home/airflow/.local/lib/python3.7/site-packages/airflow/example_dags/example_trigger_controller_dag.py took 0.119 seconds
[2023-10-28 17:34:29,051] {processor.py:153} INFO - Started process (PID=585) to work on /home/airflow/.local/lib/python3.7/site-packages/airflow/example_dags/example_trigger_controller_dag.py
[2023-10-28 17:34:29,052] {processor.py:641} INFO - Processing file /home/airflow/.local/lib/python3.7/site-packages/airflow/example_dags/example_trigger_controller_dag.py for tasks to queue
[2023-10-28 17:34:29,053] {logging_mixin.py:115} INFO - [2023-10-28 17:34:29,053] {dagbag.py:508} INFO - Filling up the DagBag from /home/airflow/.local/lib/python3.7/site-packages/airflow/example_dags/example_trigger_controller_dag.py
[2023-10-28 17:34:29,058] {processor.py:651} INFO - DAG(s) dict_keys(['example_trigger_controller_dag']) retrieved from /home/airflow/.local/lib/python3.7/site-packages/airflow/example_dags/example_trigger_controller_dag.py
[2023-10-28 17:34:29,099] {logging_mixin.py:115} INFO - [2023-10-28 17:34:29,099] {dag.py:2420} INFO - Sync 1 DAGs
[2023-10-28 17:34:29,141] {logging_mixin.py:115} INFO - [2023-10-28 17:34:29,140] {dag.py:2972} INFO - Setting next_dagrun for example_trigger_controller_dag to 2021-01-01T00:00:00+00:00, run_after=2021-01-01T00:00:00+00:00
[2023-10-28 17:34:29,163] {processor.py:161} INFO - Processing /home/airflow/.local/lib/python3.7/site-packages/airflow/example_dags/example_trigger_controller_dag.py took 0.120 seconds
[2023-10-28 17:35:00,091] {processor.py:153} INFO - Started process (PID=647) to work on /home/airflow/.local/lib/python3.7/site-packages/airflow/example_dags/example_trigger_controller_dag.py
[2023-10-28 17:35:00,092] {processor.py:641} INFO - Processing file /home/airflow/.local/lib/python3.7/site-packages/airflow/example_dags/example_trigger_controller_dag.py for tasks to queue
[2023-10-28 17:35:00,094] {logging_mixin.py:115} INFO - [2023-10-28 17:35:00,094] {dagbag.py:508} INFO - Filling up the DagBag from /home/airflow/.local/lib/python3.7/site-packages/airflow/example_dags/example_trigger_controller_dag.py
[2023-10-28 17:35:00,102] {processor.py:651} INFO - DAG(s) dict_keys(['example_trigger_controller_dag']) retrieved from /home/airflow/.local/lib/python3.7/site-packages/airflow/example_dags/example_trigger_controller_dag.py
[2023-10-28 17:35:00,160] {logging_mixin.py:115} INFO - [2023-10-28 17:35:00,160] {dag.py:2420} INFO - Sync 1 DAGs
[2023-10-28 17:35:00,218] {logging_mixin.py:115} INFO - [2023-10-28 17:35:00,217] {dag.py:2972} INFO - Setting next_dagrun for example_trigger_controller_dag to 2021-01-01T00:00:00+00:00, run_after=2021-01-01T00:00:00+00:00
[2023-10-28 17:35:00,239] {processor.py:161} INFO - Processing /home/airflow/.local/lib/python3.7/site-packages/airflow/example_dags/example_trigger_controller_dag.py took 0.154 seconds
[2023-10-28 17:35:30,564] {processor.py:153} INFO - Started process (PID=700) to work on /home/airflow/.local/lib/python3.7/site-packages/airflow/example_dags/example_trigger_controller_dag.py
[2023-10-28 17:35:30,565] {processor.py:641} INFO - Processing file /home/airflow/.local/lib/python3.7/site-packages/airflow/example_dags/example_trigger_controller_dag.py for tasks to queue
[2023-10-28 17:35:30,567] {logging_mixin.py:115} INFO - [2023-10-28 17:35:30,566] {dagbag.py:508} INFO - Filling up the DagBag from /home/airflow/.local/lib/python3.7/site-packages/airflow/example_dags/example_trigger_controller_dag.py
[2023-10-28 17:35:30,573] {processor.py:651} INFO - DAG(s) dict_keys(['example_trigger_controller_dag']) retrieved from /home/airflow/.local/lib/python3.7/site-packages/airflow/example_dags/example_trigger_controller_dag.py
[2023-10-28 17:35:30,617] {logging_mixin.py:115} INFO - [2023-10-28 17:35:30,617] {dag.py:2420} INFO - Sync 1 DAGs
[2023-10-28 17:35:30,656] {logging_mixin.py:115} INFO - [2023-10-28 17:35:30,655] {dag.py:2972} INFO - Setting next_dagrun for example_trigger_controller_dag to 2021-01-01T00:00:00+00:00, run_after=2021-01-01T00:00:00+00:00
[2023-10-28 17:35:30,677] {processor.py:161} INFO - Processing /home/airflow/.local/lib/python3.7/site-packages/airflow/example_dags/example_trigger_controller_dag.py took 0.117 seconds
[2023-10-28 17:36:00,781] {processor.py:153} INFO - Started process (PID=762) to work on /home/airflow/.local/lib/python3.7/site-packages/airflow/example_dags/example_trigger_controller_dag.py
[2023-10-28 17:36:00,782] {processor.py:641} INFO - Processing file /home/airflow/.local/lib/python3.7/site-packages/airflow/example_dags/example_trigger_controller_dag.py for tasks to queue
[2023-10-28 17:36:00,783] {logging_mixin.py:115} INFO - [2023-10-28 17:36:00,783] {dagbag.py:508} INFO - Filling up the DagBag from /home/airflow/.local/lib/python3.7/site-packages/airflow/example_dags/example_trigger_controller_dag.py
[2023-10-28 17:36:00,789] {processor.py:651} INFO - DAG(s) dict_keys(['example_trigger_controller_dag']) retrieved from /home/airflow/.local/lib/python3.7/site-packages/airflow/example_dags/example_trigger_controller_dag.py
[2023-10-28 17:36:00,821] {logging_mixin.py:115} INFO - [2023-10-28 17:36:00,821] {dag.py:2420} INFO - Sync 1 DAGs
[2023-10-28 17:36:00,852] {logging_mixin.py:115} INFO - [2023-10-28 17:36:00,851] {dag.py:2972} INFO - Setting next_dagrun for example_trigger_controller_dag to 2021-01-01T00:00:00+00:00, run_after=2021-01-01T00:00:00+00:00
[2023-10-28 17:36:00,869] {processor.py:161} INFO - Processing /home/airflow/.local/lib/python3.7/site-packages/airflow/example_dags/example_trigger_controller_dag.py took 0.091 seconds
[2023-10-28 17:36:31,223] {processor.py:153} INFO - Started process (PID=815) to work on /home/airflow/.local/lib/python3.7/site-packages/airflow/example_dags/example_trigger_controller_dag.py
[2023-10-28 17:36:31,224] {processor.py:641} INFO - Processing file /home/airflow/.local/lib/python3.7/site-packages/airflow/example_dags/example_trigger_controller_dag.py for tasks to queue
[2023-10-28 17:36:31,226] {logging_mixin.py:115} INFO - [2023-10-28 17:36:31,225] {dagbag.py:508} INFO - Filling up the DagBag from /home/airflow/.local/lib/python3.7/site-packages/airflow/example_dags/example_trigger_controller_dag.py
[2023-10-28 17:36:31,231] {processor.py:651} INFO - DAG(s) dict_keys(['example_trigger_controller_dag']) retrieved from /home/airflow/.local/lib/python3.7/site-packages/airflow/example_dags/example_trigger_controller_dag.py
[2023-10-28 17:36:31,274] {logging_mixin.py:115} INFO - [2023-10-28 17:36:31,274] {dag.py:2420} INFO - Sync 1 DAGs
[2023-10-28 17:36:31,318] {logging_mixin.py:115} INFO - [2023-10-28 17:36:31,318] {dag.py:2972} INFO - Setting next_dagrun for example_trigger_controller_dag to 2021-01-01T00:00:00+00:00, run_after=2021-01-01T00:00:00+00:00
[2023-10-28 17:36:31,342] {processor.py:161} INFO - Processing /home/airflow/.local/lib/python3.7/site-packages/airflow/example_dags/example_trigger_controller_dag.py took 0.124 seconds
