[2023-10-28 17:29:54,953] {processor.py:153} INFO - Started process (PID=70) to work on /home/airflow/.local/lib/python3.7/site-packages/airflow/example_dags/example_latest_only.py
[2023-10-28 17:29:54,954] {processor.py:641} INFO - Processing file /home/airflow/.local/lib/python3.7/site-packages/airflow/example_dags/example_latest_only.py for tasks to queue
[2023-10-28 17:29:54,956] {logging_mixin.py:115} INFO - [2023-10-28 17:29:54,955] {dagbag.py:508} INFO - Filling up the DagBag from /home/airflow/.local/lib/python3.7/site-packages/airflow/example_dags/example_latest_only.py
[2023-10-28 17:29:54,966] {processor.py:651} INFO - DAG(s) dict_keys(['latest_only']) retrieved from /home/airflow/.local/lib/python3.7/site-packages/airflow/example_dags/example_latest_only.py
[2023-10-28 17:29:55,015] {logging_mixin.py:115} INFO - [2023-10-28 17:29:55,015] {dag.py:2420} INFO - Sync 1 DAGs
[2023-10-28 17:29:55,088] {logging_mixin.py:115} INFO - [2023-10-28 17:29:55,088] {dag.py:2972} INFO - Setting next_dagrun for latest_only to 2023-10-28T13:29:55.087606+00:00, run_after=2023-10-28T17:29:55.087606+00:00
[2023-10-28 17:29:55,152] {processor.py:161} INFO - Processing /home/airflow/.local/lib/python3.7/site-packages/airflow/example_dags/example_latest_only.py took 0.203 seconds
[2023-10-28 17:30:25,410] {processor.py:153} INFO - Started process (PID=124) to work on /home/airflow/.local/lib/python3.7/site-packages/airflow/example_dags/example_latest_only.py
[2023-10-28 17:30:25,411] {processor.py:641} INFO - Processing file /home/airflow/.local/lib/python3.7/site-packages/airflow/example_dags/example_latest_only.py for tasks to queue
[2023-10-28 17:30:25,412] {logging_mixin.py:115} INFO - [2023-10-28 17:30:25,412] {dagbag.py:508} INFO - Filling up the DagBag from /home/airflow/.local/lib/python3.7/site-packages/airflow/example_dags/example_latest_only.py
[2023-10-28 17:30:25,420] {processor.py:651} INFO - DAG(s) dict_keys(['latest_only']) retrieved from /home/airflow/.local/lib/python3.7/site-packages/airflow/example_dags/example_latest_only.py
[2023-10-28 17:30:25,455] {logging_mixin.py:115} INFO - [2023-10-28 17:30:25,454] {dag.py:2420} INFO - Sync 1 DAGs
[2023-10-28 17:30:25,485] {logging_mixin.py:115} INFO - [2023-10-28 17:30:25,485] {dag.py:2972} INFO - Setting next_dagrun for latest_only to 2023-10-28T13:30:25.485174+00:00, run_after=2023-10-28T17:30:25.485174+00:00
[2023-10-28 17:30:25,503] {processor.py:161} INFO - Processing /home/airflow/.local/lib/python3.7/site-packages/airflow/example_dags/example_latest_only.py took 0.097 seconds
[2023-10-28 17:30:56,087] {processor.py:153} INFO - Started process (PID=186) to work on /home/airflow/.local/lib/python3.7/site-packages/airflow/example_dags/example_latest_only.py
[2023-10-28 17:30:56,088] {processor.py:641} INFO - Processing file /home/airflow/.local/lib/python3.7/site-packages/airflow/example_dags/example_latest_only.py for tasks to queue
[2023-10-28 17:30:56,090] {logging_mixin.py:115} INFO - [2023-10-28 17:30:56,089] {dagbag.py:508} INFO - Filling up the DagBag from /home/airflow/.local/lib/python3.7/site-packages/airflow/example_dags/example_latest_only.py
[2023-10-28 17:30:56,099] {processor.py:651} INFO - DAG(s) dict_keys(['latest_only']) retrieved from /home/airflow/.local/lib/python3.7/site-packages/airflow/example_dags/example_latest_only.py
[2023-10-28 17:30:56,148] {logging_mixin.py:115} INFO - [2023-10-28 17:30:56,148] {dag.py:2420} INFO - Sync 1 DAGs
[2023-10-28 17:30:56,197] {logging_mixin.py:115} INFO - [2023-10-28 17:30:56,196] {dag.py:2972} INFO - Setting next_dagrun for latest_only to 2023-10-28T13:30:56.196497+00:00, run_after=2023-10-28T17:30:56.196497+00:00
[2023-10-28 17:30:56,218] {processor.py:161} INFO - Processing /home/airflow/.local/lib/python3.7/site-packages/airflow/example_dags/example_latest_only.py took 0.137 seconds
[2023-10-28 17:31:26,431] {processor.py:153} INFO - Started process (PID=239) to work on /home/airflow/.local/lib/python3.7/site-packages/airflow/example_dags/example_latest_only.py
[2023-10-28 17:31:26,432] {processor.py:641} INFO - Processing file /home/airflow/.local/lib/python3.7/site-packages/airflow/example_dags/example_latest_only.py for tasks to queue
[2023-10-28 17:31:26,434] {logging_mixin.py:115} INFO - [2023-10-28 17:31:26,433] {dagbag.py:508} INFO - Filling up the DagBag from /home/airflow/.local/lib/python3.7/site-packages/airflow/example_dags/example_latest_only.py
[2023-10-28 17:31:26,444] {processor.py:651} INFO - DAG(s) dict_keys(['latest_only']) retrieved from /home/airflow/.local/lib/python3.7/site-packages/airflow/example_dags/example_latest_only.py
[2023-10-28 17:31:26,485] {logging_mixin.py:115} INFO - [2023-10-28 17:31:26,485] {dag.py:2420} INFO - Sync 1 DAGs
[2023-10-28 17:31:26,524] {logging_mixin.py:115} INFO - [2023-10-28 17:31:26,523] {dag.py:2972} INFO - Setting next_dagrun for latest_only to 2023-10-28T13:31:26.523467+00:00, run_after=2023-10-28T17:31:26.523467+00:00
[2023-10-28 17:31:26,547] {processor.py:161} INFO - Processing /home/airflow/.local/lib/python3.7/site-packages/airflow/example_dags/example_latest_only.py took 0.121 seconds
[2023-10-28 17:31:56,744] {processor.py:153} INFO - Started process (PID=301) to work on /home/airflow/.local/lib/python3.7/site-packages/airflow/example_dags/example_latest_only.py
[2023-10-28 17:31:56,747] {processor.py:641} INFO - Processing file /home/airflow/.local/lib/python3.7/site-packages/airflow/example_dags/example_latest_only.py for tasks to queue
[2023-10-28 17:31:56,749] {logging_mixin.py:115} INFO - [2023-10-28 17:31:56,749] {dagbag.py:508} INFO - Filling up the DagBag from /home/airflow/.local/lib/python3.7/site-packages/airflow/example_dags/example_latest_only.py
[2023-10-28 17:31:56,760] {processor.py:651} INFO - DAG(s) dict_keys(['latest_only']) retrieved from /home/airflow/.local/lib/python3.7/site-packages/airflow/example_dags/example_latest_only.py
[2023-10-28 17:31:56,806] {logging_mixin.py:115} INFO - [2023-10-28 17:31:56,806] {dag.py:2420} INFO - Sync 1 DAGs
[2023-10-28 17:31:56,852] {logging_mixin.py:115} INFO - [2023-10-28 17:31:56,852] {dag.py:2972} INFO - Setting next_dagrun for latest_only to 2023-10-28T13:31:56.851599+00:00, run_after=2023-10-28T17:31:56.851599+00:00
[2023-10-28 17:31:56,881] {processor.py:161} INFO - Processing /home/airflow/.local/lib/python3.7/site-packages/airflow/example_dags/example_latest_only.py took 0.143 seconds
[2023-10-28 17:32:27,032] {processor.py:153} INFO - Started process (PID=354) to work on /home/airflow/.local/lib/python3.7/site-packages/airflow/example_dags/example_latest_only.py
[2023-10-28 17:32:27,033] {processor.py:641} INFO - Processing file /home/airflow/.local/lib/python3.7/site-packages/airflow/example_dags/example_latest_only.py for tasks to queue
[2023-10-28 17:32:27,035] {logging_mixin.py:115} INFO - [2023-10-28 17:32:27,034] {dagbag.py:508} INFO - Filling up the DagBag from /home/airflow/.local/lib/python3.7/site-packages/airflow/example_dags/example_latest_only.py
[2023-10-28 17:32:27,045] {processor.py:651} INFO - DAG(s) dict_keys(['latest_only']) retrieved from /home/airflow/.local/lib/python3.7/site-packages/airflow/example_dags/example_latest_only.py
[2023-10-28 17:32:27,177] {logging_mixin.py:115} INFO - [2023-10-28 17:32:27,177] {dag.py:2420} INFO - Sync 1 DAGs
[2023-10-28 17:32:27,239] {logging_mixin.py:115} INFO - [2023-10-28 17:32:27,239] {dag.py:2972} INFO - Setting next_dagrun for latest_only to 2023-10-28T13:32:27.239190+00:00, run_after=2023-10-28T17:32:27.239190+00:00
[2023-10-28 17:32:27,266] {processor.py:161} INFO - Processing /home/airflow/.local/lib/python3.7/site-packages/airflow/example_dags/example_latest_only.py took 0.239 seconds
[2023-10-28 17:32:57,537] {processor.py:153} INFO - Started process (PID=416) to work on /home/airflow/.local/lib/python3.7/site-packages/airflow/example_dags/example_latest_only.py
[2023-10-28 17:32:57,538] {processor.py:641} INFO - Processing file /home/airflow/.local/lib/python3.7/site-packages/airflow/example_dags/example_latest_only.py for tasks to queue
[2023-10-28 17:32:57,539] {logging_mixin.py:115} INFO - [2023-10-28 17:32:57,539] {dagbag.py:508} INFO - Filling up the DagBag from /home/airflow/.local/lib/python3.7/site-packages/airflow/example_dags/example_latest_only.py
[2023-10-28 17:32:57,551] {processor.py:651} INFO - DAG(s) dict_keys(['latest_only']) retrieved from /home/airflow/.local/lib/python3.7/site-packages/airflow/example_dags/example_latest_only.py
[2023-10-28 17:32:57,602] {logging_mixin.py:115} INFO - [2023-10-28 17:32:57,601] {dag.py:2420} INFO - Sync 1 DAGs
[2023-10-28 17:32:57,646] {logging_mixin.py:115} INFO - [2023-10-28 17:32:57,646] {dag.py:2972} INFO - Setting next_dagrun for latest_only to 2023-10-28T13:32:57.645678+00:00, run_after=2023-10-28T17:32:57.645678+00:00
[2023-10-28 17:32:57,668] {processor.py:161} INFO - Processing /home/airflow/.local/lib/python3.7/site-packages/airflow/example_dags/example_latest_only.py took 0.137 seconds
[2023-10-28 17:33:28,203] {processor.py:153} INFO - Started process (PID=469) to work on /home/airflow/.local/lib/python3.7/site-packages/airflow/example_dags/example_latest_only.py
[2023-10-28 17:33:28,204] {processor.py:641} INFO - Processing file /home/airflow/.local/lib/python3.7/site-packages/airflow/example_dags/example_latest_only.py for tasks to queue
[2023-10-28 17:33:28,206] {logging_mixin.py:115} INFO - [2023-10-28 17:33:28,206] {dagbag.py:508} INFO - Filling up the DagBag from /home/airflow/.local/lib/python3.7/site-packages/airflow/example_dags/example_latest_only.py
[2023-10-28 17:33:28,217] {processor.py:651} INFO - DAG(s) dict_keys(['latest_only']) retrieved from /home/airflow/.local/lib/python3.7/site-packages/airflow/example_dags/example_latest_only.py
[2023-10-28 17:33:28,276] {logging_mixin.py:115} INFO - [2023-10-28 17:33:28,276] {dag.py:2420} INFO - Sync 1 DAGs
[2023-10-28 17:33:28,332] {logging_mixin.py:115} INFO - [2023-10-28 17:33:28,332] {dag.py:2972} INFO - Setting next_dagrun for latest_only to 2023-10-28T13:33:28.331608+00:00, run_after=2023-10-28T17:33:28.331608+00:00
[2023-10-28 17:33:28,360] {processor.py:161} INFO - Processing /home/airflow/.local/lib/python3.7/site-packages/airflow/example_dags/example_latest_only.py took 0.163 seconds
[2023-10-28 17:33:58,690] {processor.py:153} INFO - Started process (PID=531) to work on /home/airflow/.local/lib/python3.7/site-packages/airflow/example_dags/example_latest_only.py
[2023-10-28 17:33:58,691] {processor.py:641} INFO - Processing file /home/airflow/.local/lib/python3.7/site-packages/airflow/example_dags/example_latest_only.py for tasks to queue
[2023-10-28 17:33:58,693] {logging_mixin.py:115} INFO - [2023-10-28 17:33:58,693] {dagbag.py:508} INFO - Filling up the DagBag from /home/airflow/.local/lib/python3.7/site-packages/airflow/example_dags/example_latest_only.py
[2023-10-28 17:33:58,702] {processor.py:651} INFO - DAG(s) dict_keys(['latest_only']) retrieved from /home/airflow/.local/lib/python3.7/site-packages/airflow/example_dags/example_latest_only.py
[2023-10-28 17:33:58,748] {logging_mixin.py:115} INFO - [2023-10-28 17:33:58,747] {dag.py:2420} INFO - Sync 1 DAGs
[2023-10-28 17:33:58,784] {logging_mixin.py:115} INFO - [2023-10-28 17:33:58,784] {dag.py:2972} INFO - Setting next_dagrun for latest_only to 2023-10-28T13:33:58.784235+00:00, run_after=2023-10-28T17:33:58.784235+00:00
[2023-10-28 17:33:58,806] {processor.py:161} INFO - Processing /home/airflow/.local/lib/python3.7/site-packages/airflow/example_dags/example_latest_only.py took 0.121 seconds
[2023-10-28 17:34:29,005] {processor.py:153} INFO - Started process (PID=584) to work on /home/airflow/.local/lib/python3.7/site-packages/airflow/example_dags/example_latest_only.py
[2023-10-28 17:34:29,006] {processor.py:641} INFO - Processing file /home/airflow/.local/lib/python3.7/site-packages/airflow/example_dags/example_latest_only.py for tasks to queue
[2023-10-28 17:34:29,008] {logging_mixin.py:115} INFO - [2023-10-28 17:34:29,007] {dagbag.py:508} INFO - Filling up the DagBag from /home/airflow/.local/lib/python3.7/site-packages/airflow/example_dags/example_latest_only.py
[2023-10-28 17:34:29,018] {processor.py:651} INFO - DAG(s) dict_keys(['latest_only']) retrieved from /home/airflow/.local/lib/python3.7/site-packages/airflow/example_dags/example_latest_only.py
[2023-10-28 17:34:29,068] {logging_mixin.py:115} INFO - [2023-10-28 17:34:29,068] {dag.py:2420} INFO - Sync 1 DAGs
[2023-10-28 17:34:29,113] {logging_mixin.py:115} INFO - [2023-10-28 17:34:29,112] {dag.py:2972} INFO - Setting next_dagrun for latest_only to 2023-10-28T13:34:29.112323+00:00, run_after=2023-10-28T17:34:29.112323+00:00
[2023-10-28 17:34:29,135] {processor.py:161} INFO - Processing /home/airflow/.local/lib/python3.7/site-packages/airflow/example_dags/example_latest_only.py took 0.134 seconds
[2023-10-28 17:34:59,905] {processor.py:153} INFO - Started process (PID=646) to work on /home/airflow/.local/lib/python3.7/site-packages/airflow/example_dags/example_latest_only.py
[2023-10-28 17:34:59,906] {processor.py:641} INFO - Processing file /home/airflow/.local/lib/python3.7/site-packages/airflow/example_dags/example_latest_only.py for tasks to queue
[2023-10-28 17:34:59,908] {logging_mixin.py:115} INFO - [2023-10-28 17:34:59,908] {dagbag.py:508} INFO - Filling up the DagBag from /home/airflow/.local/lib/python3.7/site-packages/airflow/example_dags/example_latest_only.py
[2023-10-28 17:34:59,920] {processor.py:651} INFO - DAG(s) dict_keys(['latest_only']) retrieved from /home/airflow/.local/lib/python3.7/site-packages/airflow/example_dags/example_latest_only.py
[2023-10-28 17:34:59,972] {logging_mixin.py:115} INFO - [2023-10-28 17:34:59,972] {dag.py:2420} INFO - Sync 1 DAGs
[2023-10-28 17:35:00,025] {logging_mixin.py:115} INFO - [2023-10-28 17:35:00,025] {dag.py:2972} INFO - Setting next_dagrun for latest_only to 2023-10-28T13:35:00.024927+00:00, run_after=2023-10-28T17:35:00.024927+00:00
[2023-10-28 17:35:00,064] {processor.py:161} INFO - Processing /home/airflow/.local/lib/python3.7/site-packages/airflow/example_dags/example_latest_only.py took 0.165 seconds
[2023-10-28 17:35:30,418] {processor.py:153} INFO - Started process (PID=699) to work on /home/airflow/.local/lib/python3.7/site-packages/airflow/example_dags/example_latest_only.py
[2023-10-28 17:35:30,419] {processor.py:641} INFO - Processing file /home/airflow/.local/lib/python3.7/site-packages/airflow/example_dags/example_latest_only.py for tasks to queue
[2023-10-28 17:35:30,420] {logging_mixin.py:115} INFO - [2023-10-28 17:35:30,420] {dagbag.py:508} INFO - Filling up the DagBag from /home/airflow/.local/lib/python3.7/site-packages/airflow/example_dags/example_latest_only.py
[2023-10-28 17:35:30,431] {processor.py:651} INFO - DAG(s) dict_keys(['latest_only']) retrieved from /home/airflow/.local/lib/python3.7/site-packages/airflow/example_dags/example_latest_only.py
[2023-10-28 17:35:30,473] {logging_mixin.py:115} INFO - [2023-10-28 17:35:30,472] {dag.py:2420} INFO - Sync 1 DAGs
[2023-10-28 17:35:30,509] {logging_mixin.py:115} INFO - [2023-10-28 17:35:30,508] {dag.py:2972} INFO - Setting next_dagrun for latest_only to 2023-10-28T13:35:30.508511+00:00, run_after=2023-10-28T17:35:30.508511+00:00
[2023-10-28 17:35:30,531] {processor.py:161} INFO - Processing /home/airflow/.local/lib/python3.7/site-packages/airflow/example_dags/example_latest_only.py took 0.121 seconds
[2023-10-28 17:36:00,629] {processor.py:153} INFO - Started process (PID=761) to work on /home/airflow/.local/lib/python3.7/site-packages/airflow/example_dags/example_latest_only.py
[2023-10-28 17:36:00,630] {processor.py:641} INFO - Processing file /home/airflow/.local/lib/python3.7/site-packages/airflow/example_dags/example_latest_only.py for tasks to queue
[2023-10-28 17:36:00,632] {logging_mixin.py:115} INFO - [2023-10-28 17:36:00,632] {dagbag.py:508} INFO - Filling up the DagBag from /home/airflow/.local/lib/python3.7/site-packages/airflow/example_dags/example_latest_only.py
[2023-10-28 17:36:00,645] {processor.py:651} INFO - DAG(s) dict_keys(['latest_only']) retrieved from /home/airflow/.local/lib/python3.7/site-packages/airflow/example_dags/example_latest_only.py
[2023-10-28 17:36:00,694] {logging_mixin.py:115} INFO - [2023-10-28 17:36:00,694] {dag.py:2420} INFO - Sync 1 DAGs
[2023-10-28 17:36:00,732] {logging_mixin.py:115} INFO - [2023-10-28 17:36:00,732] {dag.py:2972} INFO - Setting next_dagrun for latest_only to 2023-10-28T13:36:00.732208+00:00, run_after=2023-10-28T17:36:00.732208+00:00
[2023-10-28 17:36:00,756] {processor.py:161} INFO - Processing /home/airflow/.local/lib/python3.7/site-packages/airflow/example_dags/example_latest_only.py took 0.135 seconds
[2023-10-28 17:36:31,072] {processor.py:153} INFO - Started process (PID=814) to work on /home/airflow/.local/lib/python3.7/site-packages/airflow/example_dags/example_latest_only.py
[2023-10-28 17:36:31,073] {processor.py:641} INFO - Processing file /home/airflow/.local/lib/python3.7/site-packages/airflow/example_dags/example_latest_only.py for tasks to queue
[2023-10-28 17:36:31,075] {logging_mixin.py:115} INFO - [2023-10-28 17:36:31,074] {dagbag.py:508} INFO - Filling up the DagBag from /home/airflow/.local/lib/python3.7/site-packages/airflow/example_dags/example_latest_only.py
[2023-10-28 17:36:31,082] {processor.py:651} INFO - DAG(s) dict_keys(['latest_only']) retrieved from /home/airflow/.local/lib/python3.7/site-packages/airflow/example_dags/example_latest_only.py
[2023-10-28 17:36:31,125] {logging_mixin.py:115} INFO - [2023-10-28 17:36:31,125] {dag.py:2420} INFO - Sync 1 DAGs
[2023-10-28 17:36:31,164] {logging_mixin.py:115} INFO - [2023-10-28 17:36:31,164] {dag.py:2972} INFO - Setting next_dagrun for latest_only to 2023-10-28T13:36:31.163651+00:00, run_after=2023-10-28T17:36:31.163651+00:00
[2023-10-28 17:36:31,189] {processor.py:161} INFO - Processing /home/airflow/.local/lib/python3.7/site-packages/airflow/example_dags/example_latest_only.py took 0.121 seconds
