[2023-10-28 17:29:55,278] {processor.py:153} INFO - Started process (PID=72) to work on /home/airflow/.local/lib/python3.7/site-packages/airflow/example_dags/tutorial_etl_dag.py
[2023-10-28 17:29:55,280] {processor.py:641} INFO - Processing file /home/airflow/.local/lib/python3.7/site-packages/airflow/example_dags/tutorial_etl_dag.py for tasks to queue
[2023-10-28 17:29:55,286] {logging_mixin.py:115} INFO - [2023-10-28 17:29:55,286] {dagbag.py:508} INFO - Filling up the DagBag from /home/airflow/.local/lib/python3.7/site-packages/airflow/example_dags/tutorial_etl_dag.py
[2023-10-28 17:29:55,320] {processor.py:651} INFO - DAG(s) dict_keys(['tutorial_etl_dag']) retrieved from /home/airflow/.local/lib/python3.7/site-packages/airflow/example_dags/tutorial_etl_dag.py
[2023-10-28 17:29:55,395] {logging_mixin.py:115} INFO - [2023-10-28 17:29:55,395] {dag.py:2420} INFO - Sync 1 DAGs
[2023-10-28 17:29:55,451] {logging_mixin.py:115} INFO - [2023-10-28 17:29:55,451] {dag.py:2972} INFO - Setting next_dagrun for tutorial_etl_dag to None, run_after=None
[2023-10-28 17:29:55,477] {processor.py:161} INFO - Processing /home/airflow/.local/lib/python3.7/site-packages/airflow/example_dags/tutorial_etl_dag.py took 0.211 seconds
[2023-10-28 17:30:25,556] {processor.py:153} INFO - Started process (PID=126) to work on /home/airflow/.local/lib/python3.7/site-packages/airflow/example_dags/tutorial_etl_dag.py
[2023-10-28 17:30:25,557] {processor.py:641} INFO - Processing file /home/airflow/.local/lib/python3.7/site-packages/airflow/example_dags/tutorial_etl_dag.py for tasks to queue
[2023-10-28 17:30:25,558] {logging_mixin.py:115} INFO - [2023-10-28 17:30:25,558] {dagbag.py:508} INFO - Filling up the DagBag from /home/airflow/.local/lib/python3.7/site-packages/airflow/example_dags/tutorial_etl_dag.py
[2023-10-28 17:30:25,570] {processor.py:651} INFO - DAG(s) dict_keys(['tutorial_etl_dag']) retrieved from /home/airflow/.local/lib/python3.7/site-packages/airflow/example_dags/tutorial_etl_dag.py
[2023-10-28 17:30:25,609] {logging_mixin.py:115} INFO - [2023-10-28 17:30:25,609] {dag.py:2420} INFO - Sync 1 DAGs
[2023-10-28 17:30:25,647] {logging_mixin.py:115} INFO - [2023-10-28 17:30:25,647] {dag.py:2972} INFO - Setting next_dagrun for tutorial_etl_dag to None, run_after=None
[2023-10-28 17:30:25,667] {processor.py:161} INFO - Processing /home/airflow/.local/lib/python3.7/site-packages/airflow/example_dags/tutorial_etl_dag.py took 0.115 seconds
[2023-10-28 17:30:56,250] {processor.py:153} INFO - Started process (PID=188) to work on /home/airflow/.local/lib/python3.7/site-packages/airflow/example_dags/tutorial_etl_dag.py
[2023-10-28 17:30:56,251] {processor.py:641} INFO - Processing file /home/airflow/.local/lib/python3.7/site-packages/airflow/example_dags/tutorial_etl_dag.py for tasks to queue
[2023-10-28 17:30:56,252] {logging_mixin.py:115} INFO - [2023-10-28 17:30:56,252] {dagbag.py:508} INFO - Filling up the DagBag from /home/airflow/.local/lib/python3.7/site-packages/airflow/example_dags/tutorial_etl_dag.py
[2023-10-28 17:30:56,267] {processor.py:651} INFO - DAG(s) dict_keys(['tutorial_etl_dag']) retrieved from /home/airflow/.local/lib/python3.7/site-packages/airflow/example_dags/tutorial_etl_dag.py
[2023-10-28 17:30:56,317] {logging_mixin.py:115} INFO - [2023-10-28 17:30:56,317] {dag.py:2420} INFO - Sync 1 DAGs
[2023-10-28 17:30:56,358] {logging_mixin.py:115} INFO - [2023-10-28 17:30:56,358] {dag.py:2972} INFO - Setting next_dagrun for tutorial_etl_dag to None, run_after=None
[2023-10-28 17:30:56,381] {processor.py:161} INFO - Processing /home/airflow/.local/lib/python3.7/site-packages/airflow/example_dags/tutorial_etl_dag.py took 0.136 seconds
[2023-10-28 17:31:26,581] {processor.py:153} INFO - Started process (PID=241) to work on /home/airflow/.local/lib/python3.7/site-packages/airflow/example_dags/tutorial_etl_dag.py
[2023-10-28 17:31:26,582] {processor.py:641} INFO - Processing file /home/airflow/.local/lib/python3.7/site-packages/airflow/example_dags/tutorial_etl_dag.py for tasks to queue
[2023-10-28 17:31:26,583] {logging_mixin.py:115} INFO - [2023-10-28 17:31:26,583] {dagbag.py:508} INFO - Filling up the DagBag from /home/airflow/.local/lib/python3.7/site-packages/airflow/example_dags/tutorial_etl_dag.py
[2023-10-28 17:31:26,594] {processor.py:651} INFO - DAG(s) dict_keys(['tutorial_etl_dag']) retrieved from /home/airflow/.local/lib/python3.7/site-packages/airflow/example_dags/tutorial_etl_dag.py
[2023-10-28 17:31:26,634] {logging_mixin.py:115} INFO - [2023-10-28 17:31:26,634] {dag.py:2420} INFO - Sync 1 DAGs
[2023-10-28 17:31:26,677] {logging_mixin.py:115} INFO - [2023-10-28 17:31:26,677] {dag.py:2972} INFO - Setting next_dagrun for tutorial_etl_dag to None, run_after=None
[2023-10-28 17:31:26,700] {processor.py:161} INFO - Processing /home/airflow/.local/lib/python3.7/site-packages/airflow/example_dags/tutorial_etl_dag.py took 0.125 seconds
[2023-10-28 17:31:56,916] {processor.py:153} INFO - Started process (PID=303) to work on /home/airflow/.local/lib/python3.7/site-packages/airflow/example_dags/tutorial_etl_dag.py
[2023-10-28 17:31:56,917] {processor.py:641} INFO - Processing file /home/airflow/.local/lib/python3.7/site-packages/airflow/example_dags/tutorial_etl_dag.py for tasks to queue
[2023-10-28 17:31:56,918] {logging_mixin.py:115} INFO - [2023-10-28 17:31:56,918] {dagbag.py:508} INFO - Filling up the DagBag from /home/airflow/.local/lib/python3.7/site-packages/airflow/example_dags/tutorial_etl_dag.py
[2023-10-28 17:31:56,931] {processor.py:651} INFO - DAG(s) dict_keys(['tutorial_etl_dag']) retrieved from /home/airflow/.local/lib/python3.7/site-packages/airflow/example_dags/tutorial_etl_dag.py
[2023-10-28 17:31:56,987] {logging_mixin.py:115} INFO - [2023-10-28 17:31:56,987] {dag.py:2420} INFO - Sync 1 DAGs
[2023-10-28 17:31:57,040] {logging_mixin.py:115} INFO - [2023-10-28 17:31:57,040] {dag.py:2972} INFO - Setting next_dagrun for tutorial_etl_dag to None, run_after=None
[2023-10-28 17:31:57,070] {processor.py:161} INFO - Processing /home/airflow/.local/lib/python3.7/site-packages/airflow/example_dags/tutorial_etl_dag.py took 0.161 seconds
[2023-10-28 17:32:27,296] {processor.py:153} INFO - Started process (PID=356) to work on /home/airflow/.local/lib/python3.7/site-packages/airflow/example_dags/tutorial_etl_dag.py
[2023-10-28 17:32:27,297] {processor.py:641} INFO - Processing file /home/airflow/.local/lib/python3.7/site-packages/airflow/example_dags/tutorial_etl_dag.py for tasks to queue
[2023-10-28 17:32:27,298] {logging_mixin.py:115} INFO - [2023-10-28 17:32:27,298] {dagbag.py:508} INFO - Filling up the DagBag from /home/airflow/.local/lib/python3.7/site-packages/airflow/example_dags/tutorial_etl_dag.py
[2023-10-28 17:32:27,309] {processor.py:651} INFO - DAG(s) dict_keys(['tutorial_etl_dag']) retrieved from /home/airflow/.local/lib/python3.7/site-packages/airflow/example_dags/tutorial_etl_dag.py
[2023-10-28 17:32:27,353] {logging_mixin.py:115} INFO - [2023-10-28 17:32:27,353] {dag.py:2420} INFO - Sync 1 DAGs
[2023-10-28 17:32:27,388] {logging_mixin.py:115} INFO - [2023-10-28 17:32:27,388] {dag.py:2972} INFO - Setting next_dagrun for tutorial_etl_dag to None, run_after=None
[2023-10-28 17:32:27,408] {processor.py:161} INFO - Processing /home/airflow/.local/lib/python3.7/site-packages/airflow/example_dags/tutorial_etl_dag.py took 0.116 seconds
[2023-10-28 17:32:57,699] {processor.py:153} INFO - Started process (PID=418) to work on /home/airflow/.local/lib/python3.7/site-packages/airflow/example_dags/tutorial_etl_dag.py
[2023-10-28 17:32:57,700] {processor.py:641} INFO - Processing file /home/airflow/.local/lib/python3.7/site-packages/airflow/example_dags/tutorial_etl_dag.py for tasks to queue
[2023-10-28 17:32:57,701] {logging_mixin.py:115} INFO - [2023-10-28 17:32:57,701] {dagbag.py:508} INFO - Filling up the DagBag from /home/airflow/.local/lib/python3.7/site-packages/airflow/example_dags/tutorial_etl_dag.py
[2023-10-28 17:32:57,712] {processor.py:651} INFO - DAG(s) dict_keys(['tutorial_etl_dag']) retrieved from /home/airflow/.local/lib/python3.7/site-packages/airflow/example_dags/tutorial_etl_dag.py
[2023-10-28 17:32:57,756] {logging_mixin.py:115} INFO - [2023-10-28 17:32:57,756] {dag.py:2420} INFO - Sync 1 DAGs
[2023-10-28 17:32:57,799] {logging_mixin.py:115} INFO - [2023-10-28 17:32:57,799] {dag.py:2972} INFO - Setting next_dagrun for tutorial_etl_dag to None, run_after=None
[2023-10-28 17:32:57,822] {processor.py:161} INFO - Processing /home/airflow/.local/lib/python3.7/site-packages/airflow/example_dags/tutorial_etl_dag.py took 0.127 seconds
[2023-10-28 17:33:28,409] {processor.py:153} INFO - Started process (PID=471) to work on /home/airflow/.local/lib/python3.7/site-packages/airflow/example_dags/tutorial_etl_dag.py
[2023-10-28 17:33:28,410] {processor.py:641} INFO - Processing file /home/airflow/.local/lib/python3.7/site-packages/airflow/example_dags/tutorial_etl_dag.py for tasks to queue
[2023-10-28 17:33:28,412] {logging_mixin.py:115} INFO - [2023-10-28 17:33:28,412] {dagbag.py:508} INFO - Filling up the DagBag from /home/airflow/.local/lib/python3.7/site-packages/airflow/example_dags/tutorial_etl_dag.py
[2023-10-28 17:33:28,432] {processor.py:651} INFO - DAG(s) dict_keys(['tutorial_etl_dag']) retrieved from /home/airflow/.local/lib/python3.7/site-packages/airflow/example_dags/tutorial_etl_dag.py
[2023-10-28 17:33:28,484] {logging_mixin.py:115} INFO - [2023-10-28 17:33:28,484] {dag.py:2420} INFO - Sync 1 DAGs
[2023-10-28 17:33:28,546] {logging_mixin.py:115} INFO - [2023-10-28 17:33:28,545] {dag.py:2972} INFO - Setting next_dagrun for tutorial_etl_dag to None, run_after=None
[2023-10-28 17:33:28,574] {processor.py:161} INFO - Processing /home/airflow/.local/lib/python3.7/site-packages/airflow/example_dags/tutorial_etl_dag.py took 0.173 seconds
[2023-10-28 17:33:58,840] {processor.py:153} INFO - Started process (PID=533) to work on /home/airflow/.local/lib/python3.7/site-packages/airflow/example_dags/tutorial_etl_dag.py
[2023-10-28 17:33:58,841] {processor.py:641} INFO - Processing file /home/airflow/.local/lib/python3.7/site-packages/airflow/example_dags/tutorial_etl_dag.py for tasks to queue
[2023-10-28 17:33:58,842] {logging_mixin.py:115} INFO - [2023-10-28 17:33:58,842] {dagbag.py:508} INFO - Filling up the DagBag from /home/airflow/.local/lib/python3.7/site-packages/airflow/example_dags/tutorial_etl_dag.py
[2023-10-28 17:33:58,853] {processor.py:651} INFO - DAG(s) dict_keys(['tutorial_etl_dag']) retrieved from /home/airflow/.local/lib/python3.7/site-packages/airflow/example_dags/tutorial_etl_dag.py
[2023-10-28 17:33:58,888] {logging_mixin.py:115} INFO - [2023-10-28 17:33:58,888] {dag.py:2420} INFO - Sync 1 DAGs
[2023-10-28 17:33:58,921] {logging_mixin.py:115} INFO - [2023-10-28 17:33:58,921] {dag.py:2972} INFO - Setting next_dagrun for tutorial_etl_dag to None, run_after=None
[2023-10-28 17:33:58,941] {processor.py:161} INFO - Processing /home/airflow/.local/lib/python3.7/site-packages/airflow/example_dags/tutorial_etl_dag.py took 0.107 seconds
[2023-10-28 17:34:29,165] {processor.py:153} INFO - Started process (PID=586) to work on /home/airflow/.local/lib/python3.7/site-packages/airflow/example_dags/tutorial_etl_dag.py
[2023-10-28 17:34:29,166] {processor.py:641} INFO - Processing file /home/airflow/.local/lib/python3.7/site-packages/airflow/example_dags/tutorial_etl_dag.py for tasks to queue
[2023-10-28 17:34:29,168] {logging_mixin.py:115} INFO - [2023-10-28 17:34:29,167] {dagbag.py:508} INFO - Filling up the DagBag from /home/airflow/.local/lib/python3.7/site-packages/airflow/example_dags/tutorial_etl_dag.py
[2023-10-28 17:34:29,180] {processor.py:651} INFO - DAG(s) dict_keys(['tutorial_etl_dag']) retrieved from /home/airflow/.local/lib/python3.7/site-packages/airflow/example_dags/tutorial_etl_dag.py
[2023-10-28 17:34:29,217] {logging_mixin.py:115} INFO - [2023-10-28 17:34:29,217] {dag.py:2420} INFO - Sync 1 DAGs
[2023-10-28 17:34:29,253] {logging_mixin.py:115} INFO - [2023-10-28 17:34:29,253] {dag.py:2972} INFO - Setting next_dagrun for tutorial_etl_dag to None, run_after=None
[2023-10-28 17:34:29,273] {processor.py:161} INFO - Processing /home/airflow/.local/lib/python3.7/site-packages/airflow/example_dags/tutorial_etl_dag.py took 0.113 seconds
[2023-10-28 17:35:00,111] {processor.py:153} INFO - Started process (PID=648) to work on /home/airflow/.local/lib/python3.7/site-packages/airflow/example_dags/tutorial_etl_dag.py
[2023-10-28 17:35:00,113] {processor.py:641} INFO - Processing file /home/airflow/.local/lib/python3.7/site-packages/airflow/example_dags/tutorial_etl_dag.py for tasks to queue
[2023-10-28 17:35:00,114] {logging_mixin.py:115} INFO - [2023-10-28 17:35:00,114] {dagbag.py:508} INFO - Filling up the DagBag from /home/airflow/.local/lib/python3.7/site-packages/airflow/example_dags/tutorial_etl_dag.py
[2023-10-28 17:35:00,128] {processor.py:651} INFO - DAG(s) dict_keys(['tutorial_etl_dag']) retrieved from /home/airflow/.local/lib/python3.7/site-packages/airflow/example_dags/tutorial_etl_dag.py
[2023-10-28 17:35:00,174] {logging_mixin.py:115} INFO - [2023-10-28 17:35:00,174] {dag.py:2420} INFO - Sync 1 DAGs
[2023-10-28 17:35:00,210] {logging_mixin.py:115} INFO - [2023-10-28 17:35:00,210] {dag.py:2972} INFO - Setting next_dagrun for tutorial_etl_dag to None, run_after=None
[2023-10-28 17:35:00,234] {processor.py:161} INFO - Processing /home/airflow/.local/lib/python3.7/site-packages/airflow/example_dags/tutorial_etl_dag.py took 0.130 seconds
[2023-10-28 17:35:30,580] {processor.py:153} INFO - Started process (PID=701) to work on /home/airflow/.local/lib/python3.7/site-packages/airflow/example_dags/tutorial_etl_dag.py
[2023-10-28 17:35:30,581] {processor.py:641} INFO - Processing file /home/airflow/.local/lib/python3.7/site-packages/airflow/example_dags/tutorial_etl_dag.py for tasks to queue
[2023-10-28 17:35:30,582] {logging_mixin.py:115} INFO - [2023-10-28 17:35:30,582] {dagbag.py:508} INFO - Filling up the DagBag from /home/airflow/.local/lib/python3.7/site-packages/airflow/example_dags/tutorial_etl_dag.py
[2023-10-28 17:35:30,595] {processor.py:651} INFO - DAG(s) dict_keys(['tutorial_etl_dag']) retrieved from /home/airflow/.local/lib/python3.7/site-packages/airflow/example_dags/tutorial_etl_dag.py
[2023-10-28 17:35:30,640] {logging_mixin.py:115} INFO - [2023-10-28 17:35:30,640] {dag.py:2420} INFO - Sync 1 DAGs
[2023-10-28 17:35:30,682] {logging_mixin.py:115} INFO - [2023-10-28 17:35:30,682] {dag.py:2972} INFO - Setting next_dagrun for tutorial_etl_dag to None, run_after=None
[2023-10-28 17:35:30,702] {processor.py:161} INFO - Processing /home/airflow/.local/lib/python3.7/site-packages/airflow/example_dags/tutorial_etl_dag.py took 0.127 seconds
[2023-10-28 17:36:00,898] {processor.py:153} INFO - Started process (PID=763) to work on /home/airflow/.local/lib/python3.7/site-packages/airflow/example_dags/tutorial_etl_dag.py
[2023-10-28 17:36:00,899] {processor.py:641} INFO - Processing file /home/airflow/.local/lib/python3.7/site-packages/airflow/example_dags/tutorial_etl_dag.py for tasks to queue
[2023-10-28 17:36:00,900] {logging_mixin.py:115} INFO - [2023-10-28 17:36:00,900] {dagbag.py:508} INFO - Filling up the DagBag from /home/airflow/.local/lib/python3.7/site-packages/airflow/example_dags/tutorial_etl_dag.py
[2023-10-28 17:36:00,909] {processor.py:651} INFO - DAG(s) dict_keys(['tutorial_etl_dag']) retrieved from /home/airflow/.local/lib/python3.7/site-packages/airflow/example_dags/tutorial_etl_dag.py
[2023-10-28 17:36:00,938] {logging_mixin.py:115} INFO - [2023-10-28 17:36:00,938] {dag.py:2420} INFO - Sync 1 DAGs
[2023-10-28 17:36:00,970] {logging_mixin.py:115} INFO - [2023-10-28 17:36:00,970] {dag.py:2972} INFO - Setting next_dagrun for tutorial_etl_dag to None, run_after=None
[2023-10-28 17:36:00,989] {processor.py:161} INFO - Processing /home/airflow/.local/lib/python3.7/site-packages/airflow/example_dags/tutorial_etl_dag.py took 0.094 seconds
[2023-10-28 17:36:31,241] {processor.py:153} INFO - Started process (PID=816) to work on /home/airflow/.local/lib/python3.7/site-packages/airflow/example_dags/tutorial_etl_dag.py
[2023-10-28 17:36:31,242] {processor.py:641} INFO - Processing file /home/airflow/.local/lib/python3.7/site-packages/airflow/example_dags/tutorial_etl_dag.py for tasks to queue
[2023-10-28 17:36:31,244] {logging_mixin.py:115} INFO - [2023-10-28 17:36:31,244] {dagbag.py:508} INFO - Filling up the DagBag from /home/airflow/.local/lib/python3.7/site-packages/airflow/example_dags/tutorial_etl_dag.py
[2023-10-28 17:36:31,256] {processor.py:651} INFO - DAG(s) dict_keys(['tutorial_etl_dag']) retrieved from /home/airflow/.local/lib/python3.7/site-packages/airflow/example_dags/tutorial_etl_dag.py
[2023-10-28 17:36:31,298] {logging_mixin.py:115} INFO - [2023-10-28 17:36:31,298] {dag.py:2420} INFO - Sync 1 DAGs
[2023-10-28 17:36:31,341] {logging_mixin.py:115} INFO - [2023-10-28 17:36:31,341] {dag.py:2972} INFO - Setting next_dagrun for tutorial_etl_dag to None, run_after=None
[2023-10-28 17:36:31,366] {processor.py:161} INFO - Processing /home/airflow/.local/lib/python3.7/site-packages/airflow/example_dags/tutorial_etl_dag.py took 0.129 seconds
