[2023-11-03T19:42:38.621+0000] {processor.py:157} INFO - Started process (PID=33478) to work on /opt/airflow/dags/01_bash_example.py
[2023-11-03T19:42:38.632+0000] {processor.py:829} INFO - Processing file /opt/airflow/dags/01_bash_example.py for tasks to queue
[2023-11-03T19:42:38.646+0000] {logging_mixin.py:151} INFO - [2023-11-03T19:42:38.644+0000] {dagbag.py:536} INFO - Filling up the DagBag from /opt/airflow/dags/01_bash_example.py
[2023-11-03T19:42:38.750+0000] {processor.py:839} INFO - DAG(s) dict_keys(['01_bash_operator_example']) retrieved from /opt/airflow/dags/01_bash_example.py
[2023-11-03T19:42:38.895+0000] {logging_mixin.py:151} INFO - [2023-11-03T19:42:38.894+0000] {dag.py:2941} INFO - Sync 1 DAGs
[2023-11-03T19:42:39.047+0000] {logging_mixin.py:151} INFO - [2023-11-03T19:42:39.046+0000] {dag.py:3722} INFO - Setting next_dagrun for 01_bash_operator_example to 2023-11-03T19:41:00+00:00, run_after=2023-11-03T19:42:00+00:00
[2023-11-03T19:42:39.196+0000] {processor.py:179} INFO - Processing /opt/airflow/dags/01_bash_example.py took 0.590 seconds
[2023-11-03T19:43:10.100+0000] {processor.py:157} INFO - Started process (PID=33540) to work on /opt/airflow/dags/01_bash_example.py
[2023-11-03T19:43:10.103+0000] {processor.py:829} INFO - Processing file /opt/airflow/dags/01_bash_example.py for tasks to queue
[2023-11-03T19:43:10.112+0000] {logging_mixin.py:151} INFO - [2023-11-03T19:43:10.110+0000] {dagbag.py:536} INFO - Filling up the DagBag from /opt/airflow/dags/01_bash_example.py
[2023-11-03T19:43:10.143+0000] {processor.py:839} INFO - DAG(s) dict_keys(['01_bash_operator_example']) retrieved from /opt/airflow/dags/01_bash_example.py
[2023-11-03T19:43:10.211+0000] {logging_mixin.py:151} INFO - [2023-11-03T19:43:10.211+0000] {dag.py:2941} INFO - Sync 1 DAGs
[2023-11-03T19:43:10.288+0000] {logging_mixin.py:151} INFO - [2023-11-03T19:43:10.288+0000] {dag.py:3722} INFO - Setting next_dagrun for 01_bash_operator_example to 2023-11-03T19:42:00+00:00, run_after=2023-11-03T19:43:00+00:00
[2023-11-03T19:43:10.356+0000] {processor.py:179} INFO - Processing /opt/airflow/dags/01_bash_example.py took 0.265 seconds
[2023-11-03T19:43:41.116+0000] {processor.py:157} INFO - Started process (PID=33602) to work on /opt/airflow/dags/01_bash_example.py
[2023-11-03T19:43:41.120+0000] {processor.py:829} INFO - Processing file /opt/airflow/dags/01_bash_example.py for tasks to queue
[2023-11-03T19:43:41.129+0000] {logging_mixin.py:151} INFO - [2023-11-03T19:43:41.127+0000] {dagbag.py:536} INFO - Filling up the DagBag from /opt/airflow/dags/01_bash_example.py
[2023-11-03T19:43:41.158+0000] {processor.py:839} INFO - DAG(s) dict_keys(['01_bash_operator_example']) retrieved from /opt/airflow/dags/01_bash_example.py
[2023-11-03T19:43:41.217+0000] {logging_mixin.py:151} INFO - [2023-11-03T19:43:41.217+0000] {dag.py:2941} INFO - Sync 1 DAGs
[2023-11-03T19:43:41.279+0000] {logging_mixin.py:151} INFO - [2023-11-03T19:43:41.279+0000] {dag.py:3722} INFO - Setting next_dagrun for 01_bash_operator_example to 2023-11-03T19:42:00+00:00, run_after=2023-11-03T19:43:00+00:00
[2023-11-03T19:43:41.341+0000] {processor.py:179} INFO - Processing /opt/airflow/dags/01_bash_example.py took 0.236 seconds
[2023-11-03T19:44:11.541+0000] {processor.py:157} INFO - Started process (PID=33664) to work on /opt/airflow/dags/01_bash_example.py
[2023-11-03T19:44:11.544+0000] {processor.py:829} INFO - Processing file /opt/airflow/dags/01_bash_example.py for tasks to queue
[2023-11-03T19:44:11.552+0000] {logging_mixin.py:151} INFO - [2023-11-03T19:44:11.550+0000] {dagbag.py:536} INFO - Filling up the DagBag from /opt/airflow/dags/01_bash_example.py
[2023-11-03T19:44:11.585+0000] {processor.py:839} INFO - DAG(s) dict_keys(['01_bash_operator_example']) retrieved from /opt/airflow/dags/01_bash_example.py
[2023-11-03T19:44:11.644+0000] {logging_mixin.py:151} INFO - [2023-11-03T19:44:11.643+0000] {dag.py:2941} INFO - Sync 1 DAGs
[2023-11-03T19:44:11.734+0000] {logging_mixin.py:151} INFO - [2023-11-03T19:44:11.733+0000] {dag.py:3722} INFO - Setting next_dagrun for 01_bash_operator_example to 2023-11-03T19:43:00+00:00, run_after=2023-11-03T19:44:00+00:00
[2023-11-03T19:44:11.927+0000] {processor.py:179} INFO - Processing /opt/airflow/dags/01_bash_example.py took 0.396 seconds
[2023-11-03T19:44:42.035+0000] {processor.py:157} INFO - Started process (PID=33726) to work on /opt/airflow/dags/01_bash_example.py
[2023-11-03T19:44:42.037+0000] {processor.py:829} INFO - Processing file /opt/airflow/dags/01_bash_example.py for tasks to queue
[2023-11-03T19:44:42.045+0000] {logging_mixin.py:151} INFO - [2023-11-03T19:44:42.044+0000] {dagbag.py:536} INFO - Filling up the DagBag from /opt/airflow/dags/01_bash_example.py
[2023-11-03T19:44:42.081+0000] {processor.py:839} INFO - DAG(s) dict_keys(['01_bash_operator_example']) retrieved from /opt/airflow/dags/01_bash_example.py
[2023-11-03T19:44:42.148+0000] {logging_mixin.py:151} INFO - [2023-11-03T19:44:42.148+0000] {dag.py:2941} INFO - Sync 1 DAGs
[2023-11-03T19:44:42.238+0000] {logging_mixin.py:151} INFO - [2023-11-03T19:44:42.237+0000] {dag.py:3722} INFO - Setting next_dagrun for 01_bash_operator_example to 2023-11-03T19:43:00+00:00, run_after=2023-11-03T19:44:00+00:00
[2023-11-03T19:44:42.303+0000] {processor.py:179} INFO - Processing /opt/airflow/dags/01_bash_example.py took 0.277 seconds
[2023-11-03T19:45:12.537+0000] {processor.py:157} INFO - Started process (PID=33790) to work on /opt/airflow/dags/01_bash_example.py
[2023-11-03T19:45:12.540+0000] {processor.py:829} INFO - Processing file /opt/airflow/dags/01_bash_example.py for tasks to queue
[2023-11-03T19:45:12.548+0000] {logging_mixin.py:151} INFO - [2023-11-03T19:45:12.547+0000] {dagbag.py:536} INFO - Filling up the DagBag from /opt/airflow/dags/01_bash_example.py
[2023-11-03T19:45:12.579+0000] {processor.py:839} INFO - DAG(s) dict_keys(['01_bash_operator_example']) retrieved from /opt/airflow/dags/01_bash_example.py
[2023-11-03T19:45:12.647+0000] {logging_mixin.py:151} INFO - [2023-11-03T19:45:12.646+0000] {dag.py:2941} INFO - Sync 1 DAGs
[2023-11-03T19:45:12.722+0000] {logging_mixin.py:151} INFO - [2023-11-03T19:45:12.721+0000] {dag.py:3722} INFO - Setting next_dagrun for 01_bash_operator_example to 2023-11-03T19:44:00+00:00, run_after=2023-11-03T19:45:00+00:00
[2023-11-03T19:45:12.788+0000] {processor.py:179} INFO - Processing /opt/airflow/dags/01_bash_example.py took 0.260 seconds
[2023-11-03T19:45:43.235+0000] {processor.py:157} INFO - Started process (PID=33851) to work on /opt/airflow/dags/01_bash_example.py
[2023-11-03T19:45:43.239+0000] {processor.py:829} INFO - Processing file /opt/airflow/dags/01_bash_example.py for tasks to queue
[2023-11-03T19:45:43.249+0000] {logging_mixin.py:151} INFO - [2023-11-03T19:45:43.248+0000] {dagbag.py:536} INFO - Filling up the DagBag from /opt/airflow/dags/01_bash_example.py
[2023-11-03T19:45:43.288+0000] {processor.py:839} INFO - DAG(s) dict_keys(['01_bash_operator_example']) retrieved from /opt/airflow/dags/01_bash_example.py
[2023-11-03T19:45:43.357+0000] {logging_mixin.py:151} INFO - [2023-11-03T19:45:43.357+0000] {dag.py:2941} INFO - Sync 1 DAGs
[2023-11-03T19:45:43.423+0000] {logging_mixin.py:151} INFO - [2023-11-03T19:45:43.422+0000] {dag.py:3722} INFO - Setting next_dagrun for 01_bash_operator_example to 2023-11-03T19:44:00+00:00, run_after=2023-11-03T19:45:00+00:00
[2023-11-03T19:45:43.489+0000] {processor.py:179} INFO - Processing /opt/airflow/dags/01_bash_example.py took 0.269 seconds
[2023-11-03T19:46:13.665+0000] {processor.py:157} INFO - Started process (PID=33914) to work on /opt/airflow/dags/01_bash_example.py
[2023-11-03T19:46:13.667+0000] {processor.py:829} INFO - Processing file /opt/airflow/dags/01_bash_example.py for tasks to queue
[2023-11-03T19:46:13.674+0000] {logging_mixin.py:151} INFO - [2023-11-03T19:46:13.673+0000] {dagbag.py:536} INFO - Filling up the DagBag from /opt/airflow/dags/01_bash_example.py
[2023-11-03T19:46:13.703+0000] {processor.py:839} INFO - DAG(s) dict_keys(['01_bash_operator_example']) retrieved from /opt/airflow/dags/01_bash_example.py
[2023-11-03T19:46:13.853+0000] {logging_mixin.py:151} INFO - [2023-11-03T19:46:13.852+0000] {dag.py:2941} INFO - Sync 1 DAGs
[2023-11-03T19:46:14.022+0000] {logging_mixin.py:151} INFO - [2023-11-03T19:46:14.021+0000] {dag.py:3722} INFO - Setting next_dagrun for 01_bash_operator_example to 2023-11-03T19:45:00+00:00, run_after=2023-11-03T19:46:00+00:00
[2023-11-03T19:46:14.136+0000] {processor.py:179} INFO - Processing /opt/airflow/dags/01_bash_example.py took 0.479 seconds
[2023-11-03T19:46:44.212+0000] {processor.py:157} INFO - Started process (PID=33975) to work on /opt/airflow/dags/01_bash_example.py
[2023-11-03T19:46:44.215+0000] {processor.py:829} INFO - Processing file /opt/airflow/dags/01_bash_example.py for tasks to queue
[2023-11-03T19:46:44.223+0000] {logging_mixin.py:151} INFO - [2023-11-03T19:46:44.222+0000] {dagbag.py:536} INFO - Filling up the DagBag from /opt/airflow/dags/01_bash_example.py
[2023-11-03T19:46:44.263+0000] {processor.py:839} INFO - DAG(s) dict_keys(['01_bash_operator_example']) retrieved from /opt/airflow/dags/01_bash_example.py
[2023-11-03T19:46:44.348+0000] {logging_mixin.py:151} INFO - [2023-11-03T19:46:44.346+0000] {dag.py:2941} INFO - Sync 1 DAGs
[2023-11-03T19:46:44.424+0000] {logging_mixin.py:151} INFO - [2023-11-03T19:46:44.423+0000] {dag.py:3722} INFO - Setting next_dagrun for 01_bash_operator_example to 2023-11-03T19:45:00+00:00, run_after=2023-11-03T19:46:00+00:00
[2023-11-03T19:46:44.506+0000] {processor.py:179} INFO - Processing /opt/airflow/dags/01_bash_example.py took 0.302 seconds
[2023-11-03T19:47:14.706+0000] {processor.py:157} INFO - Started process (PID=34037) to work on /opt/airflow/dags/01_bash_example.py
[2023-11-03T19:47:14.708+0000] {processor.py:829} INFO - Processing file /opt/airflow/dags/01_bash_example.py for tasks to queue
[2023-11-03T19:47:14.716+0000] {logging_mixin.py:151} INFO - [2023-11-03T19:47:14.715+0000] {dagbag.py:536} INFO - Filling up the DagBag from /opt/airflow/dags/01_bash_example.py
[2023-11-03T19:47:14.757+0000] {processor.py:839} INFO - DAG(s) dict_keys(['01_bash_operator_example']) retrieved from /opt/airflow/dags/01_bash_example.py
[2023-11-03T19:47:14.819+0000] {logging_mixin.py:151} INFO - [2023-11-03T19:47:14.818+0000] {dag.py:2941} INFO - Sync 1 DAGs
[2023-11-03T19:47:14.881+0000] {logging_mixin.py:151} INFO - [2023-11-03T19:47:14.881+0000] {dag.py:3722} INFO - Setting next_dagrun for 01_bash_operator_example to 2023-11-03T19:46:00+00:00, run_after=2023-11-03T19:47:00+00:00
[2023-11-03T19:47:14.940+0000] {processor.py:179} INFO - Processing /opt/airflow/dags/01_bash_example.py took 0.241 seconds
[2023-11-03T19:47:45.286+0000] {processor.py:157} INFO - Started process (PID=34099) to work on /opt/airflow/dags/01_bash_example.py
[2023-11-03T19:47:45.290+0000] {processor.py:829} INFO - Processing file /opt/airflow/dags/01_bash_example.py for tasks to queue
[2023-11-03T19:47:45.297+0000] {logging_mixin.py:151} INFO - [2023-11-03T19:47:45.296+0000] {dagbag.py:536} INFO - Filling up the DagBag from /opt/airflow/dags/01_bash_example.py
[2023-11-03T19:47:45.328+0000] {processor.py:839} INFO - DAG(s) dict_keys(['01_bash_operator_example']) retrieved from /opt/airflow/dags/01_bash_example.py
[2023-11-03T19:47:45.382+0000] {logging_mixin.py:151} INFO - [2023-11-03T19:47:45.382+0000] {dag.py:2941} INFO - Sync 1 DAGs
[2023-11-03T19:47:45.458+0000] {logging_mixin.py:151} INFO - [2023-11-03T19:47:45.457+0000] {dag.py:3722} INFO - Setting next_dagrun for 01_bash_operator_example to 2023-11-03T19:46:00+00:00, run_after=2023-11-03T19:47:00+00:00
[2023-11-03T19:47:45.558+0000] {processor.py:179} INFO - Processing /opt/airflow/dags/01_bash_example.py took 0.282 seconds
[2023-11-03T19:48:15.962+0000] {processor.py:157} INFO - Started process (PID=34161) to work on /opt/airflow/dags/01_bash_example.py
[2023-11-03T19:48:15.964+0000] {processor.py:829} INFO - Processing file /opt/airflow/dags/01_bash_example.py for tasks to queue
[2023-11-03T19:48:15.971+0000] {logging_mixin.py:151} INFO - [2023-11-03T19:48:15.969+0000] {dagbag.py:536} INFO - Filling up the DagBag from /opt/airflow/dags/01_bash_example.py
[2023-11-03T19:48:16.000+0000] {processor.py:839} INFO - DAG(s) dict_keys(['01_bash_operator_example']) retrieved from /opt/airflow/dags/01_bash_example.py
[2023-11-03T19:48:16.056+0000] {logging_mixin.py:151} INFO - [2023-11-03T19:48:16.055+0000] {dag.py:2941} INFO - Sync 1 DAGs
[2023-11-03T19:48:16.123+0000] {logging_mixin.py:151} INFO - [2023-11-03T19:48:16.122+0000] {dag.py:3722} INFO - Setting next_dagrun for 01_bash_operator_example to 2023-11-03T19:47:00+00:00, run_after=2023-11-03T19:48:00+00:00
[2023-11-03T19:48:16.184+0000] {processor.py:179} INFO - Processing /opt/airflow/dags/01_bash_example.py took 0.230 seconds
[2023-11-03T19:48:46.620+0000] {processor.py:157} INFO - Started process (PID=34223) to work on /opt/airflow/dags/01_bash_example.py
[2023-11-03T19:48:46.623+0000] {processor.py:829} INFO - Processing file /opt/airflow/dags/01_bash_example.py for tasks to queue
[2023-11-03T19:48:46.630+0000] {logging_mixin.py:151} INFO - [2023-11-03T19:48:46.629+0000] {dagbag.py:536} INFO - Filling up the DagBag from /opt/airflow/dags/01_bash_example.py
[2023-11-03T19:48:46.655+0000] {processor.py:839} INFO - DAG(s) dict_keys(['01_bash_operator_example']) retrieved from /opt/airflow/dags/01_bash_example.py
[2023-11-03T19:48:46.713+0000] {logging_mixin.py:151} INFO - [2023-11-03T19:48:46.712+0000] {dag.py:2941} INFO - Sync 1 DAGs
[2023-11-03T19:48:46.787+0000] {logging_mixin.py:151} INFO - [2023-11-03T19:48:46.786+0000] {dag.py:3722} INFO - Setting next_dagrun for 01_bash_operator_example to 2023-11-03T19:47:00+00:00, run_after=2023-11-03T19:48:00+00:00
[2023-11-03T19:48:46.849+0000] {processor.py:179} INFO - Processing /opt/airflow/dags/01_bash_example.py took 0.235 seconds
[2023-11-03T19:49:17.187+0000] {processor.py:157} INFO - Started process (PID=34285) to work on /opt/airflow/dags/01_bash_example.py
[2023-11-03T19:49:17.194+0000] {processor.py:829} INFO - Processing file /opt/airflow/dags/01_bash_example.py for tasks to queue
[2023-11-03T19:49:17.203+0000] {logging_mixin.py:151} INFO - [2023-11-03T19:49:17.201+0000] {dagbag.py:536} INFO - Filling up the DagBag from /opt/airflow/dags/01_bash_example.py
[2023-11-03T19:49:17.248+0000] {processor.py:839} INFO - DAG(s) dict_keys(['01_bash_operator_example']) retrieved from /opt/airflow/dags/01_bash_example.py
[2023-11-03T19:49:17.315+0000] {logging_mixin.py:151} INFO - [2023-11-03T19:49:17.315+0000] {dag.py:2941} INFO - Sync 1 DAGs
[2023-11-03T19:49:17.398+0000] {logging_mixin.py:151} INFO - [2023-11-03T19:49:17.397+0000] {dag.py:3722} INFO - Setting next_dagrun for 01_bash_operator_example to 2023-11-03T19:48:00+00:00, run_after=2023-11-03T19:49:00+00:00
[2023-11-03T19:49:17.477+0000] {processor.py:179} INFO - Processing /opt/airflow/dags/01_bash_example.py took 0.301 seconds
[2023-11-03T19:49:47.698+0000] {processor.py:157} INFO - Started process (PID=34348) to work on /opt/airflow/dags/01_bash_example.py
[2023-11-03T19:49:47.702+0000] {processor.py:829} INFO - Processing file /opt/airflow/dags/01_bash_example.py for tasks to queue
[2023-11-03T19:49:47.711+0000] {logging_mixin.py:151} INFO - [2023-11-03T19:49:47.710+0000] {dagbag.py:536} INFO - Filling up the DagBag from /opt/airflow/dags/01_bash_example.py
[2023-11-03T19:49:47.753+0000] {processor.py:839} INFO - DAG(s) dict_keys(['01_bash_operator_example']) retrieved from /opt/airflow/dags/01_bash_example.py
[2023-11-03T19:49:47.901+0000] {logging_mixin.py:151} INFO - [2023-11-03T19:49:47.900+0000] {dag.py:2941} INFO - Sync 1 DAGs
[2023-11-03T19:49:48.004+0000] {logging_mixin.py:151} INFO - [2023-11-03T19:49:48.003+0000] {dag.py:3722} INFO - Setting next_dagrun for 01_bash_operator_example to 2023-11-03T19:48:00+00:00, run_after=2023-11-03T19:49:00+00:00
[2023-11-03T19:49:48.068+0000] {processor.py:179} INFO - Processing /opt/airflow/dags/01_bash_example.py took 0.379 seconds
[2023-11-03T19:50:18.563+0000] {processor.py:157} INFO - Started process (PID=34409) to work on /opt/airflow/dags/01_bash_example.py
[2023-11-03T19:50:18.567+0000] {processor.py:829} INFO - Processing file /opt/airflow/dags/01_bash_example.py for tasks to queue
[2023-11-03T19:50:18.579+0000] {logging_mixin.py:151} INFO - [2023-11-03T19:50:18.577+0000] {dagbag.py:536} INFO - Filling up the DagBag from /opt/airflow/dags/01_bash_example.py
[2023-11-03T19:50:18.618+0000] {processor.py:839} INFO - DAG(s) dict_keys(['01_bash_operator_example']) retrieved from /opt/airflow/dags/01_bash_example.py
[2023-11-03T19:50:18.686+0000] {logging_mixin.py:151} INFO - [2023-11-03T19:50:18.685+0000] {dag.py:2941} INFO - Sync 1 DAGs
[2023-11-03T19:50:18.761+0000] {logging_mixin.py:151} INFO - [2023-11-03T19:50:18.760+0000] {dag.py:3722} INFO - Setting next_dagrun for 01_bash_operator_example to 2023-11-03T19:49:00+00:00, run_after=2023-11-03T19:50:00+00:00
[2023-11-03T19:50:18.835+0000] {processor.py:179} INFO - Processing /opt/airflow/dags/01_bash_example.py took 0.286 seconds
[2023-11-03T19:50:49.261+0000] {processor.py:157} INFO - Started process (PID=34471) to work on /opt/airflow/dags/01_bash_example.py
[2023-11-03T19:50:49.264+0000] {processor.py:829} INFO - Processing file /opt/airflow/dags/01_bash_example.py for tasks to queue
[2023-11-03T19:50:49.273+0000] {logging_mixin.py:151} INFO - [2023-11-03T19:50:49.272+0000] {dagbag.py:536} INFO - Filling up the DagBag from /opt/airflow/dags/01_bash_example.py
[2023-11-03T19:50:49.312+0000] {processor.py:839} INFO - DAG(s) dict_keys(['01_bash_operator_example']) retrieved from /opt/airflow/dags/01_bash_example.py
[2023-11-03T19:50:49.367+0000] {logging_mixin.py:151} INFO - [2023-11-03T19:50:49.367+0000] {dag.py:2941} INFO - Sync 1 DAGs
[2023-11-03T19:50:49.439+0000] {logging_mixin.py:151} INFO - [2023-11-03T19:50:49.439+0000] {dag.py:3722} INFO - Setting next_dagrun for 01_bash_operator_example to 2023-11-03T19:49:00+00:00, run_after=2023-11-03T19:50:00+00:00
[2023-11-03T19:50:49.506+0000] {processor.py:179} INFO - Processing /opt/airflow/dags/01_bash_example.py took 0.258 seconds
[2023-11-03T19:51:19.607+0000] {processor.py:157} INFO - Started process (PID=34533) to work on /opt/airflow/dags/01_bash_example.py
[2023-11-03T19:51:19.609+0000] {processor.py:829} INFO - Processing file /opt/airflow/dags/01_bash_example.py for tasks to queue
[2023-11-03T19:51:19.618+0000] {logging_mixin.py:151} INFO - [2023-11-03T19:51:19.617+0000] {dagbag.py:536} INFO - Filling up the DagBag from /opt/airflow/dags/01_bash_example.py
[2023-11-03T19:51:19.662+0000] {processor.py:839} INFO - DAG(s) dict_keys(['01_bash_operator_example']) retrieved from /opt/airflow/dags/01_bash_example.py
[2023-11-03T19:51:19.726+0000] {logging_mixin.py:151} INFO - [2023-11-03T19:51:19.725+0000] {dag.py:2941} INFO - Sync 1 DAGs
[2023-11-03T19:51:19.785+0000] {logging_mixin.py:151} INFO - [2023-11-03T19:51:19.785+0000] {dag.py:3722} INFO - Setting next_dagrun for 01_bash_operator_example to 2023-11-03T19:50:00+00:00, run_after=2023-11-03T19:51:00+00:00
[2023-11-03T19:51:19.846+0000] {processor.py:179} INFO - Processing /opt/airflow/dags/01_bash_example.py took 0.250 seconds
[2023-11-03T19:51:49.922+0000] {processor.py:157} INFO - Started process (PID=34595) to work on /opt/airflow/dags/01_bash_example.py
[2023-11-03T19:51:49.925+0000] {processor.py:829} INFO - Processing file /opt/airflow/dags/01_bash_example.py for tasks to queue
[2023-11-03T19:51:49.933+0000] {logging_mixin.py:151} INFO - [2023-11-03T19:51:49.932+0000] {dagbag.py:536} INFO - Filling up the DagBag from /opt/airflow/dags/01_bash_example.py
[2023-11-03T19:51:49.963+0000] {processor.py:839} INFO - DAG(s) dict_keys(['01_bash_operator_example']) retrieved from /opt/airflow/dags/01_bash_example.py
[2023-11-03T19:51:50.035+0000] {logging_mixin.py:151} INFO - [2023-11-03T19:51:50.033+0000] {dag.py:2941} INFO - Sync 1 DAGs
[2023-11-03T19:51:50.110+0000] {logging_mixin.py:151} INFO - [2023-11-03T19:51:50.110+0000] {dag.py:3722} INFO - Setting next_dagrun for 01_bash_operator_example to 2023-11-03T19:50:00+00:00, run_after=2023-11-03T19:51:00+00:00
[2023-11-03T19:51:50.170+0000] {processor.py:179} INFO - Processing /opt/airflow/dags/01_bash_example.py took 0.256 seconds
[2023-11-03T19:52:20.565+0000] {processor.py:157} INFO - Started process (PID=34658) to work on /opt/airflow/dags/01_bash_example.py
[2023-11-03T19:52:20.568+0000] {processor.py:829} INFO - Processing file /opt/airflow/dags/01_bash_example.py for tasks to queue
[2023-11-03T19:52:20.575+0000] {logging_mixin.py:151} INFO - [2023-11-03T19:52:20.574+0000] {dagbag.py:536} INFO - Filling up the DagBag from /opt/airflow/dags/01_bash_example.py
[2023-11-03T19:52:20.602+0000] {processor.py:839} INFO - DAG(s) dict_keys(['01_bash_operator_example']) retrieved from /opt/airflow/dags/01_bash_example.py
[2023-11-03T19:52:20.657+0000] {logging_mixin.py:151} INFO - [2023-11-03T19:52:20.656+0000] {dag.py:2941} INFO - Sync 1 DAGs
[2023-11-03T19:52:20.738+0000] {logging_mixin.py:151} INFO - [2023-11-03T19:52:20.737+0000] {dag.py:3722} INFO - Setting next_dagrun for 01_bash_operator_example to 2023-11-03T19:51:00+00:00, run_after=2023-11-03T19:52:00+00:00
[2023-11-03T19:52:20.799+0000] {processor.py:179} INFO - Processing /opt/airflow/dags/01_bash_example.py took 0.245 seconds
[2023-11-03T19:52:51.086+0000] {processor.py:157} INFO - Started process (PID=34720) to work on /opt/airflow/dags/01_bash_example.py
[2023-11-03T19:52:51.089+0000] {processor.py:829} INFO - Processing file /opt/airflow/dags/01_bash_example.py for tasks to queue
[2023-11-03T19:52:51.096+0000] {logging_mixin.py:151} INFO - [2023-11-03T19:52:51.095+0000] {dagbag.py:536} INFO - Filling up the DagBag from /opt/airflow/dags/01_bash_example.py
[2023-11-03T19:52:51.122+0000] {processor.py:839} INFO - DAG(s) dict_keys(['01_bash_operator_example']) retrieved from /opt/airflow/dags/01_bash_example.py
[2023-11-03T19:52:51.168+0000] {logging_mixin.py:151} INFO - [2023-11-03T19:52:51.168+0000] {dag.py:2941} INFO - Sync 1 DAGs
[2023-11-03T19:52:51.224+0000] {logging_mixin.py:151} INFO - [2023-11-03T19:52:51.223+0000] {dag.py:3722} INFO - Setting next_dagrun for 01_bash_operator_example to 2023-11-03T19:51:00+00:00, run_after=2023-11-03T19:52:00+00:00
[2023-11-03T19:52:51.277+0000] {processor.py:179} INFO - Processing /opt/airflow/dags/01_bash_example.py took 0.203 seconds
[2023-11-03T19:53:21.457+0000] {processor.py:157} INFO - Started process (PID=34782) to work on /opt/airflow/dags/01_bash_example.py
[2023-11-03T19:53:21.459+0000] {processor.py:829} INFO - Processing file /opt/airflow/dags/01_bash_example.py for tasks to queue
[2023-11-03T19:53:21.469+0000] {logging_mixin.py:151} INFO - [2023-11-03T19:53:21.467+0000] {dagbag.py:536} INFO - Filling up the DagBag from /opt/airflow/dags/01_bash_example.py
[2023-11-03T19:53:21.501+0000] {processor.py:839} INFO - DAG(s) dict_keys(['01_bash_operator_example']) retrieved from /opt/airflow/dags/01_bash_example.py
[2023-11-03T19:53:21.550+0000] {logging_mixin.py:151} INFO - [2023-11-03T19:53:21.549+0000] {dag.py:2941} INFO - Sync 1 DAGs
[2023-11-03T19:53:21.623+0000] {logging_mixin.py:151} INFO - [2023-11-03T19:53:21.623+0000] {dag.py:3722} INFO - Setting next_dagrun for 01_bash_operator_example to 2023-11-03T19:52:00+00:00, run_after=2023-11-03T19:53:00+00:00
[2023-11-03T19:53:21.677+0000] {processor.py:179} INFO - Processing /opt/airflow/dags/01_bash_example.py took 0.227 seconds
[2023-11-03T19:53:51.967+0000] {processor.py:157} INFO - Started process (PID=34844) to work on /opt/airflow/dags/01_bash_example.py
[2023-11-03T19:53:51.970+0000] {processor.py:829} INFO - Processing file /opt/airflow/dags/01_bash_example.py for tasks to queue
[2023-11-03T19:53:51.977+0000] {logging_mixin.py:151} INFO - [2023-11-03T19:53:51.976+0000] {dagbag.py:536} INFO - Filling up the DagBag from /opt/airflow/dags/01_bash_example.py
[2023-11-03T19:53:52.002+0000] {processor.py:839} INFO - DAG(s) dict_keys(['01_bash_operator_example']) retrieved from /opt/airflow/dags/01_bash_example.py
[2023-11-03T19:53:52.053+0000] {logging_mixin.py:151} INFO - [2023-11-03T19:53:52.052+0000] {dag.py:2941} INFO - Sync 1 DAGs
[2023-11-03T19:53:52.106+0000] {logging_mixin.py:151} INFO - [2023-11-03T19:53:52.106+0000] {dag.py:3722} INFO - Setting next_dagrun for 01_bash_operator_example to 2023-11-03T19:52:00+00:00, run_after=2023-11-03T19:53:00+00:00
[2023-11-03T19:53:52.160+0000] {processor.py:179} INFO - Processing /opt/airflow/dags/01_bash_example.py took 0.201 seconds
[2023-11-03T19:54:22.616+0000] {processor.py:157} INFO - Started process (PID=34906) to work on /opt/airflow/dags/01_bash_example.py
[2023-11-03T19:54:22.620+0000] {processor.py:829} INFO - Processing file /opt/airflow/dags/01_bash_example.py for tasks to queue
[2023-11-03T19:54:22.630+0000] {logging_mixin.py:151} INFO - [2023-11-03T19:54:22.628+0000] {dagbag.py:536} INFO - Filling up the DagBag from /opt/airflow/dags/01_bash_example.py
[2023-11-03T19:54:22.662+0000] {processor.py:839} INFO - DAG(s) dict_keys(['01_bash_operator_example']) retrieved from /opt/airflow/dags/01_bash_example.py
[2023-11-03T19:54:22.734+0000] {logging_mixin.py:151} INFO - [2023-11-03T19:54:22.733+0000] {dag.py:2941} INFO - Sync 1 DAGs
[2023-11-03T19:54:22.820+0000] {logging_mixin.py:151} INFO - [2023-11-03T19:54:22.819+0000] {dag.py:3722} INFO - Setting next_dagrun for 01_bash_operator_example to 2023-11-03T19:53:00+00:00, run_after=2023-11-03T19:54:00+00:00
[2023-11-03T19:54:22.888+0000] {processor.py:179} INFO - Processing /opt/airflow/dags/01_bash_example.py took 0.283 seconds
[2023-11-03T19:54:53.007+0000] {processor.py:157} INFO - Started process (PID=34968) to work on /opt/airflow/dags/01_bash_example.py
[2023-11-03T19:54:53.010+0000] {processor.py:829} INFO - Processing file /opt/airflow/dags/01_bash_example.py for tasks to queue
[2023-11-03T19:54:53.018+0000] {logging_mixin.py:151} INFO - [2023-11-03T19:54:53.017+0000] {dagbag.py:536} INFO - Filling up the DagBag from /opt/airflow/dags/01_bash_example.py
[2023-11-03T19:54:53.042+0000] {processor.py:839} INFO - DAG(s) dict_keys(['01_bash_operator_example']) retrieved from /opt/airflow/dags/01_bash_example.py
[2023-11-03T19:54:53.096+0000] {logging_mixin.py:151} INFO - [2023-11-03T19:54:53.095+0000] {dag.py:2941} INFO - Sync 1 DAGs
[2023-11-03T19:54:53.164+0000] {logging_mixin.py:151} INFO - [2023-11-03T19:54:53.163+0000] {dag.py:3722} INFO - Setting next_dagrun for 01_bash_operator_example to 2023-11-03T19:53:00+00:00, run_after=2023-11-03T19:54:00+00:00
[2023-11-03T19:54:53.220+0000] {processor.py:179} INFO - Processing /opt/airflow/dags/01_bash_example.py took 0.223 seconds
[2023-11-03T19:55:23.346+0000] {processor.py:157} INFO - Started process (PID=35030) to work on /opt/airflow/dags/01_bash_example.py
[2023-11-03T19:55:23.348+0000] {processor.py:829} INFO - Processing file /opt/airflow/dags/01_bash_example.py for tasks to queue
[2023-11-03T19:55:23.355+0000] {logging_mixin.py:151} INFO - [2023-11-03T19:55:23.354+0000] {dagbag.py:536} INFO - Filling up the DagBag from /opt/airflow/dags/01_bash_example.py
[2023-11-03T19:55:23.385+0000] {processor.py:839} INFO - DAG(s) dict_keys(['01_bash_operator_example']) retrieved from /opt/airflow/dags/01_bash_example.py
[2023-11-03T19:55:23.450+0000] {logging_mixin.py:151} INFO - [2023-11-03T19:55:23.450+0000] {dag.py:2941} INFO - Sync 1 DAGs
[2023-11-03T19:55:23.522+0000] {logging_mixin.py:151} INFO - [2023-11-03T19:55:23.521+0000] {dag.py:3722} INFO - Setting next_dagrun for 01_bash_operator_example to 2023-11-03T19:54:00+00:00, run_after=2023-11-03T19:55:00+00:00
[2023-11-03T19:55:23.575+0000] {processor.py:179} INFO - Processing /opt/airflow/dags/01_bash_example.py took 0.238 seconds
[2023-11-03T19:55:53.780+0000] {processor.py:157} INFO - Started process (PID=35092) to work on /opt/airflow/dags/01_bash_example.py
[2023-11-03T19:55:53.787+0000] {processor.py:829} INFO - Processing file /opt/airflow/dags/01_bash_example.py for tasks to queue
[2023-11-03T19:55:53.816+0000] {logging_mixin.py:151} INFO - [2023-11-03T19:55:53.815+0000] {dagbag.py:536} INFO - Filling up the DagBag from /opt/airflow/dags/01_bash_example.py
[2023-11-03T19:55:53.862+0000] {processor.py:839} INFO - DAG(s) dict_keys(['01_bash_operator_example']) retrieved from /opt/airflow/dags/01_bash_example.py
[2023-11-03T19:55:53.986+0000] {logging_mixin.py:151} INFO - [2023-11-03T19:55:53.985+0000] {dag.py:2941} INFO - Sync 1 DAGs
[2023-11-03T19:55:54.069+0000] {logging_mixin.py:151} INFO - [2023-11-03T19:55:54.068+0000] {dag.py:3722} INFO - Setting next_dagrun for 01_bash_operator_example to 2023-11-03T19:54:00+00:00, run_after=2023-11-03T19:55:00+00:00
[2023-11-03T19:55:54.131+0000] {processor.py:179} INFO - Processing /opt/airflow/dags/01_bash_example.py took 0.370 seconds
[2023-11-03T19:56:24.341+0000] {processor.py:157} INFO - Started process (PID=35153) to work on /opt/airflow/dags/01_bash_example.py
[2023-11-03T19:56:24.344+0000] {processor.py:829} INFO - Processing file /opt/airflow/dags/01_bash_example.py for tasks to queue
[2023-11-03T19:56:24.350+0000] {logging_mixin.py:151} INFO - [2023-11-03T19:56:24.349+0000] {dagbag.py:536} INFO - Filling up the DagBag from /opt/airflow/dags/01_bash_example.py
[2023-11-03T19:56:24.376+0000] {processor.py:839} INFO - DAG(s) dict_keys(['01_bash_operator_example']) retrieved from /opt/airflow/dags/01_bash_example.py
[2023-11-03T19:56:24.442+0000] {logging_mixin.py:151} INFO - [2023-11-03T19:56:24.441+0000] {dag.py:2941} INFO - Sync 1 DAGs
[2023-11-03T19:56:24.528+0000] {logging_mixin.py:151} INFO - [2023-11-03T19:56:24.527+0000] {dag.py:3722} INFO - Setting next_dagrun for 01_bash_operator_example to 2023-11-03T19:55:00+00:00, run_after=2023-11-03T19:56:00+00:00
[2023-11-03T19:56:24.609+0000] {processor.py:179} INFO - Processing /opt/airflow/dags/01_bash_example.py took 0.275 seconds
[2023-11-03T19:56:55.306+0000] {processor.py:157} INFO - Started process (PID=35215) to work on /opt/airflow/dags/01_bash_example.py
[2023-11-03T19:56:55.309+0000] {processor.py:829} INFO - Processing file /opt/airflow/dags/01_bash_example.py for tasks to queue
[2023-11-03T19:56:55.315+0000] {logging_mixin.py:151} INFO - [2023-11-03T19:56:55.314+0000] {dagbag.py:536} INFO - Filling up the DagBag from /opt/airflow/dags/01_bash_example.py
[2023-11-03T19:56:55.338+0000] {processor.py:839} INFO - DAG(s) dict_keys(['01_bash_operator_example']) retrieved from /opt/airflow/dags/01_bash_example.py
[2023-11-03T19:56:55.404+0000] {logging_mixin.py:151} INFO - [2023-11-03T19:56:55.403+0000] {dag.py:2941} INFO - Sync 1 DAGs
[2023-11-03T19:56:55.466+0000] {logging_mixin.py:151} INFO - [2023-11-03T19:56:55.466+0000] {dag.py:3722} INFO - Setting next_dagrun for 01_bash_operator_example to 2023-11-03T19:55:00+00:00, run_after=2023-11-03T19:56:00+00:00
[2023-11-03T19:56:55.517+0000] {processor.py:179} INFO - Processing /opt/airflow/dags/01_bash_example.py took 0.217 seconds
[2023-11-03T19:57:25.625+0000] {processor.py:157} INFO - Started process (PID=35277) to work on /opt/airflow/dags/01_bash_example.py
[2023-11-03T19:57:25.628+0000] {processor.py:829} INFO - Processing file /opt/airflow/dags/01_bash_example.py for tasks to queue
[2023-11-03T19:57:25.634+0000] {logging_mixin.py:151} INFO - [2023-11-03T19:57:25.633+0000] {dagbag.py:536} INFO - Filling up the DagBag from /opt/airflow/dags/01_bash_example.py
[2023-11-03T19:57:25.657+0000] {processor.py:839} INFO - DAG(s) dict_keys(['01_bash_operator_example']) retrieved from /opt/airflow/dags/01_bash_example.py
[2023-11-03T19:57:25.729+0000] {logging_mixin.py:151} INFO - [2023-11-03T19:57:25.728+0000] {dag.py:2941} INFO - Sync 1 DAGs
[2023-11-03T19:57:25.899+0000] {logging_mixin.py:151} INFO - [2023-11-03T19:57:25.899+0000] {dag.py:3722} INFO - Setting next_dagrun for 01_bash_operator_example to 2023-11-03T19:56:00+00:00, run_after=2023-11-03T19:57:00+00:00
[2023-11-03T19:57:25.990+0000] {processor.py:179} INFO - Processing /opt/airflow/dags/01_bash_example.py took 0.372 seconds
[2023-11-03T19:57:56.105+0000] {processor.py:157} INFO - Started process (PID=35336) to work on /opt/airflow/dags/01_bash_example.py
[2023-11-03T19:57:56.107+0000] {processor.py:829} INFO - Processing file /opt/airflow/dags/01_bash_example.py for tasks to queue
[2023-11-03T19:57:56.115+0000] {logging_mixin.py:151} INFO - [2023-11-03T19:57:56.113+0000] {dagbag.py:536} INFO - Filling up the DagBag from /opt/airflow/dags/01_bash_example.py
[2023-11-03T19:57:56.141+0000] {processor.py:839} INFO - DAG(s) dict_keys(['01_bash_operator_example']) retrieved from /opt/airflow/dags/01_bash_example.py
[2023-11-03T19:57:56.200+0000] {logging_mixin.py:151} INFO - [2023-11-03T19:57:56.199+0000] {dag.py:2941} INFO - Sync 1 DAGs
[2023-11-03T19:57:56.274+0000] {logging_mixin.py:151} INFO - [2023-11-03T19:57:56.274+0000] {dag.py:3722} INFO - Setting next_dagrun for 01_bash_operator_example to 2023-11-03T19:56:00+00:00, run_after=2023-11-03T19:57:00+00:00
[2023-11-03T19:57:56.336+0000] {processor.py:179} INFO - Processing /opt/airflow/dags/01_bash_example.py took 0.241 seconds
[2023-11-03T19:58:26.585+0000] {processor.py:157} INFO - Started process (PID=35396) to work on /opt/airflow/dags/01_bash_example.py
[2023-11-03T19:58:26.589+0000] {processor.py:829} INFO - Processing file /opt/airflow/dags/01_bash_example.py for tasks to queue
[2023-11-03T19:58:26.597+0000] {logging_mixin.py:151} INFO - [2023-11-03T19:58:26.595+0000] {dagbag.py:536} INFO - Filling up the DagBag from /opt/airflow/dags/01_bash_example.py
[2023-11-03T19:58:26.628+0000] {processor.py:839} INFO - DAG(s) dict_keys(['01_bash_operator_example']) retrieved from /opt/airflow/dags/01_bash_example.py
[2023-11-03T19:58:26.683+0000] {logging_mixin.py:151} INFO - [2023-11-03T19:58:26.683+0000] {dag.py:2941} INFO - Sync 1 DAGs
[2023-11-03T19:58:26.748+0000] {logging_mixin.py:151} INFO - [2023-11-03T19:58:26.747+0000] {dag.py:3722} INFO - Setting next_dagrun for 01_bash_operator_example to 2023-11-03T19:57:00+00:00, run_after=2023-11-03T19:58:00+00:00
[2023-11-03T19:58:26.811+0000] {processor.py:179} INFO - Processing /opt/airflow/dags/01_bash_example.py took 0.237 seconds
[2023-11-03T19:58:57.823+0000] {processor.py:157} INFO - Started process (PID=35458) to work on /opt/airflow/dags/01_bash_example.py
[2023-11-03T19:58:57.837+0000] {processor.py:829} INFO - Processing file /opt/airflow/dags/01_bash_example.py for tasks to queue
[2023-11-03T19:58:57.859+0000] {logging_mixin.py:151} INFO - [2023-11-03T19:58:57.857+0000] {dagbag.py:536} INFO - Filling up the DagBag from /opt/airflow/dags/01_bash_example.py
[2023-11-03T19:58:57.924+0000] {processor.py:839} INFO - DAG(s) dict_keys(['01_bash_operator_example']) retrieved from /opt/airflow/dags/01_bash_example.py
[2023-11-03T19:58:57.978+0000] {logging_mixin.py:151} INFO - [2023-11-03T19:58:57.977+0000] {dag.py:2941} INFO - Sync 1 DAGs
[2023-11-03T19:58:58.051+0000] {logging_mixin.py:151} INFO - [2023-11-03T19:58:58.051+0000] {dag.py:3722} INFO - Setting next_dagrun for 01_bash_operator_example to 2023-11-03T19:57:00+00:00, run_after=2023-11-03T19:58:00+00:00
[2023-11-03T19:58:58.118+0000] {processor.py:179} INFO - Processing /opt/airflow/dags/01_bash_example.py took 0.312 seconds
[2023-11-03T19:59:28.522+0000] {processor.py:157} INFO - Started process (PID=35518) to work on /opt/airflow/dags/01_bash_example.py
[2023-11-03T19:59:28.526+0000] {processor.py:829} INFO - Processing file /opt/airflow/dags/01_bash_example.py for tasks to queue
[2023-11-03T19:59:28.534+0000] {logging_mixin.py:151} INFO - [2023-11-03T19:59:28.532+0000] {dagbag.py:536} INFO - Filling up the DagBag from /opt/airflow/dags/01_bash_example.py
[2023-11-03T19:59:28.564+0000] {processor.py:839} INFO - DAG(s) dict_keys(['01_bash_operator_example']) retrieved from /opt/airflow/dags/01_bash_example.py
[2023-11-03T19:59:28.628+0000] {logging_mixin.py:151} INFO - [2023-11-03T19:59:28.627+0000] {dag.py:2941} INFO - Sync 1 DAGs
[2023-11-03T19:59:28.704+0000] {logging_mixin.py:151} INFO - [2023-11-03T19:59:28.703+0000] {dag.py:3722} INFO - Setting next_dagrun for 01_bash_operator_example to 2023-11-03T19:58:00+00:00, run_after=2023-11-03T19:59:00+00:00
[2023-11-03T19:59:28.775+0000] {processor.py:179} INFO - Processing /opt/airflow/dags/01_bash_example.py took 0.267 seconds
[2023-11-03T19:59:59.148+0000] {processor.py:157} INFO - Started process (PID=35580) to work on /opt/airflow/dags/01_bash_example.py
[2023-11-03T19:59:59.151+0000] {processor.py:829} INFO - Processing file /opt/airflow/dags/01_bash_example.py for tasks to queue
[2023-11-03T19:59:59.159+0000] {logging_mixin.py:151} INFO - [2023-11-03T19:59:59.157+0000] {dagbag.py:536} INFO - Filling up the DagBag from /opt/airflow/dags/01_bash_example.py
[2023-11-03T19:59:59.205+0000] {processor.py:839} INFO - DAG(s) dict_keys(['01_bash_operator_example']) retrieved from /opt/airflow/dags/01_bash_example.py
[2023-11-03T19:59:59.263+0000] {logging_mixin.py:151} INFO - [2023-11-03T19:59:59.262+0000] {dag.py:2941} INFO - Sync 1 DAGs
[2023-11-03T19:59:59.326+0000] {logging_mixin.py:151} INFO - [2023-11-03T19:59:59.326+0000] {dag.py:3722} INFO - Setting next_dagrun for 01_bash_operator_example to 2023-11-03T19:58:00+00:00, run_after=2023-11-03T19:59:00+00:00
[2023-11-03T19:59:59.394+0000] {processor.py:179} INFO - Processing /opt/airflow/dags/01_bash_example.py took 0.256 seconds
[2023-11-03T20:00:29.610+0000] {processor.py:157} INFO - Started process (PID=35643) to work on /opt/airflow/dags/01_bash_example.py
[2023-11-03T20:00:29.613+0000] {processor.py:829} INFO - Processing file /opt/airflow/dags/01_bash_example.py for tasks to queue
[2023-11-03T20:00:29.622+0000] {logging_mixin.py:151} INFO - [2023-11-03T20:00:29.620+0000] {dagbag.py:536} INFO - Filling up the DagBag from /opt/airflow/dags/01_bash_example.py
[2023-11-03T20:00:29.651+0000] {processor.py:839} INFO - DAG(s) dict_keys(['01_bash_operator_example']) retrieved from /opt/airflow/dags/01_bash_example.py
[2023-11-03T20:00:29.724+0000] {logging_mixin.py:151} INFO - [2023-11-03T20:00:29.723+0000] {dag.py:2941} INFO - Sync 1 DAGs
[2023-11-03T20:00:29.857+0000] {logging_mixin.py:151} INFO - [2023-11-03T20:00:29.856+0000] {dag.py:3722} INFO - Setting next_dagrun for 01_bash_operator_example to 2023-11-03T19:59:00+00:00, run_after=2023-11-03T20:00:00+00:00
[2023-11-03T20:00:29.962+0000] {processor.py:179} INFO - Processing /opt/airflow/dags/01_bash_example.py took 0.361 seconds
[2023-11-03T20:01:00.146+0000] {processor.py:157} INFO - Started process (PID=35704) to work on /opt/airflow/dags/01_bash_example.py
[2023-11-03T20:01:00.149+0000] {processor.py:829} INFO - Processing file /opt/airflow/dags/01_bash_example.py for tasks to queue
[2023-11-03T20:01:00.157+0000] {logging_mixin.py:151} INFO - [2023-11-03T20:01:00.156+0000] {dagbag.py:536} INFO - Filling up the DagBag from /opt/airflow/dags/01_bash_example.py
[2023-11-03T20:01:00.201+0000] {processor.py:839} INFO - DAG(s) dict_keys(['01_bash_operator_example']) retrieved from /opt/airflow/dags/01_bash_example.py
[2023-11-03T20:01:00.257+0000] {logging_mixin.py:151} INFO - [2023-11-03T20:01:00.257+0000] {dag.py:2941} INFO - Sync 1 DAGs
[2023-11-03T20:01:00.320+0000] {logging_mixin.py:151} INFO - [2023-11-03T20:01:00.320+0000] {dag.py:3722} INFO - Setting next_dagrun for 01_bash_operator_example to 2023-11-03T20:00:00+00:00, run_after=2023-11-03T20:01:00+00:00
[2023-11-03T20:01:00.395+0000] {processor.py:179} INFO - Processing /opt/airflow/dags/01_bash_example.py took 0.258 seconds
[2023-11-03T20:01:30.673+0000] {processor.py:157} INFO - Started process (PID=35766) to work on /opt/airflow/dags/01_bash_example.py
[2023-11-03T20:01:30.676+0000] {processor.py:829} INFO - Processing file /opt/airflow/dags/01_bash_example.py for tasks to queue
[2023-11-03T20:01:30.684+0000] {logging_mixin.py:151} INFO - [2023-11-03T20:01:30.682+0000] {dagbag.py:536} INFO - Filling up the DagBag from /opt/airflow/dags/01_bash_example.py
[2023-11-03T20:01:30.720+0000] {processor.py:839} INFO - DAG(s) dict_keys(['01_bash_operator_example']) retrieved from /opt/airflow/dags/01_bash_example.py
[2023-11-03T20:01:30.791+0000] {logging_mixin.py:151} INFO - [2023-11-03T20:01:30.790+0000] {dag.py:2941} INFO - Sync 1 DAGs
[2023-11-03T20:01:30.873+0000] {logging_mixin.py:151} INFO - [2023-11-03T20:01:30.873+0000] {dag.py:3722} INFO - Setting next_dagrun for 01_bash_operator_example to 2023-11-03T20:00:00+00:00, run_after=2023-11-03T20:01:00+00:00
[2023-11-03T20:01:30.933+0000] {processor.py:179} INFO - Processing /opt/airflow/dags/01_bash_example.py took 0.270 seconds
[2023-11-03T20:02:01.716+0000] {processor.py:157} INFO - Started process (PID=35828) to work on /opt/airflow/dags/01_bash_example.py
[2023-11-03T20:02:01.718+0000] {processor.py:829} INFO - Processing file /opt/airflow/dags/01_bash_example.py for tasks to queue
[2023-11-03T20:02:01.724+0000] {logging_mixin.py:151} INFO - [2023-11-03T20:02:01.723+0000] {dagbag.py:536} INFO - Filling up the DagBag from /opt/airflow/dags/01_bash_example.py
[2023-11-03T20:02:01.750+0000] {processor.py:839} INFO - DAG(s) dict_keys(['01_bash_operator_example']) retrieved from /opt/airflow/dags/01_bash_example.py
[2023-11-03T20:02:01.808+0000] {logging_mixin.py:151} INFO - [2023-11-03T20:02:01.808+0000] {dag.py:2941} INFO - Sync 1 DAGs
[2023-11-03T20:02:01.878+0000] {logging_mixin.py:151} INFO - [2023-11-03T20:02:01.878+0000] {dag.py:3722} INFO - Setting next_dagrun for 01_bash_operator_example to 2023-11-03T20:01:00+00:00, run_after=2023-11-03T20:02:00+00:00
[2023-11-03T20:02:01.939+0000] {processor.py:179} INFO - Processing /opt/airflow/dags/01_bash_example.py took 0.229 seconds
[2023-11-03T20:02:32.565+0000] {processor.py:157} INFO - Started process (PID=35890) to work on /opt/airflow/dags/01_bash_example.py
[2023-11-03T20:02:32.568+0000] {processor.py:829} INFO - Processing file /opt/airflow/dags/01_bash_example.py for tasks to queue
[2023-11-03T20:02:32.578+0000] {logging_mixin.py:151} INFO - [2023-11-03T20:02:32.577+0000] {dagbag.py:536} INFO - Filling up the DagBag from /opt/airflow/dags/01_bash_example.py
[2023-11-03T20:02:32.629+0000] {processor.py:839} INFO - DAG(s) dict_keys(['01_bash_operator_example']) retrieved from /opt/airflow/dags/01_bash_example.py
[2023-11-03T20:02:32.693+0000] {logging_mixin.py:151} INFO - [2023-11-03T20:02:32.692+0000] {dag.py:2941} INFO - Sync 1 DAGs
[2023-11-03T20:02:32.774+0000] {logging_mixin.py:151} INFO - [2023-11-03T20:02:32.773+0000] {dag.py:3722} INFO - Setting next_dagrun for 01_bash_operator_example to 2023-11-03T20:01:00+00:00, run_after=2023-11-03T20:02:00+00:00
[2023-11-03T20:02:32.867+0000] {processor.py:179} INFO - Processing /opt/airflow/dags/01_bash_example.py took 0.315 seconds
[2023-11-03T20:03:03.106+0000] {processor.py:157} INFO - Started process (PID=35952) to work on /opt/airflow/dags/01_bash_example.py
[2023-11-03T20:03:03.109+0000] {processor.py:829} INFO - Processing file /opt/airflow/dags/01_bash_example.py for tasks to queue
[2023-11-03T20:03:03.117+0000] {logging_mixin.py:151} INFO - [2023-11-03T20:03:03.116+0000] {dagbag.py:536} INFO - Filling up the DagBag from /opt/airflow/dags/01_bash_example.py
[2023-11-03T20:03:03.145+0000] {processor.py:839} INFO - DAG(s) dict_keys(['01_bash_operator_example']) retrieved from /opt/airflow/dags/01_bash_example.py
[2023-11-03T20:03:03.216+0000] {logging_mixin.py:151} INFO - [2023-11-03T20:03:03.215+0000] {dag.py:2941} INFO - Sync 1 DAGs
[2023-11-03T20:03:03.307+0000] {logging_mixin.py:151} INFO - [2023-11-03T20:03:03.306+0000] {dag.py:3722} INFO - Setting next_dagrun for 01_bash_operator_example to 2023-11-03T20:02:00+00:00, run_after=2023-11-03T20:03:00+00:00
[2023-11-03T20:03:03.377+0000] {processor.py:179} INFO - Processing /opt/airflow/dags/01_bash_example.py took 0.285 seconds
[2023-11-03T20:03:33.942+0000] {processor.py:157} INFO - Started process (PID=36015) to work on /opt/airflow/dags/01_bash_example.py
[2023-11-03T20:03:33.945+0000] {processor.py:829} INFO - Processing file /opt/airflow/dags/01_bash_example.py for tasks to queue
[2023-11-03T20:03:33.954+0000] {logging_mixin.py:151} INFO - [2023-11-03T20:03:33.952+0000] {dagbag.py:536} INFO - Filling up the DagBag from /opt/airflow/dags/01_bash_example.py
[2023-11-03T20:03:33.987+0000] {processor.py:839} INFO - DAG(s) dict_keys(['01_bash_operator_example']) retrieved from /opt/airflow/dags/01_bash_example.py
[2023-11-03T20:03:34.064+0000] {logging_mixin.py:151} INFO - [2023-11-03T20:03:34.063+0000] {dag.py:2941} INFO - Sync 1 DAGs
[2023-11-03T20:03:34.140+0000] {logging_mixin.py:151} INFO - [2023-11-03T20:03:34.140+0000] {dag.py:3722} INFO - Setting next_dagrun for 01_bash_operator_example to 2023-11-03T20:02:00+00:00, run_after=2023-11-03T20:03:00+00:00
[2023-11-03T20:03:34.215+0000] {processor.py:179} INFO - Processing /opt/airflow/dags/01_bash_example.py took 0.281 seconds
[2023-11-03T20:04:04.791+0000] {processor.py:157} INFO - Started process (PID=36078) to work on /opt/airflow/dags/01_bash_example.py
[2023-11-03T20:04:04.794+0000] {processor.py:829} INFO - Processing file /opt/airflow/dags/01_bash_example.py for tasks to queue
[2023-11-03T20:04:04.802+0000] {logging_mixin.py:151} INFO - [2023-11-03T20:04:04.801+0000] {dagbag.py:536} INFO - Filling up the DagBag from /opt/airflow/dags/01_bash_example.py
[2023-11-03T20:04:04.844+0000] {processor.py:839} INFO - DAG(s) dict_keys(['01_bash_operator_example']) retrieved from /opt/airflow/dags/01_bash_example.py
[2023-11-03T20:04:04.910+0000] {logging_mixin.py:151} INFO - [2023-11-03T20:04:04.909+0000] {dag.py:2941} INFO - Sync 1 DAGs
[2023-11-03T20:04:04.978+0000] {logging_mixin.py:151} INFO - [2023-11-03T20:04:04.977+0000] {dag.py:3722} INFO - Setting next_dagrun for 01_bash_operator_example to 2023-11-03T20:03:00+00:00, run_after=2023-11-03T20:04:00+00:00
[2023-11-03T20:04:05.047+0000] {processor.py:179} INFO - Processing /opt/airflow/dags/01_bash_example.py took 0.266 seconds
[2023-11-03T20:04:35.526+0000] {processor.py:157} INFO - Started process (PID=36139) to work on /opt/airflow/dags/01_bash_example.py
[2023-11-03T20:04:35.529+0000] {processor.py:829} INFO - Processing file /opt/airflow/dags/01_bash_example.py for tasks to queue
[2023-11-03T20:04:35.538+0000] {logging_mixin.py:151} INFO - [2023-11-03T20:04:35.537+0000] {dagbag.py:536} INFO - Filling up the DagBag from /opt/airflow/dags/01_bash_example.py
[2023-11-03T20:04:35.567+0000] {processor.py:839} INFO - DAG(s) dict_keys(['01_bash_operator_example']) retrieved from /opt/airflow/dags/01_bash_example.py
[2023-11-03T20:04:35.637+0000] {logging_mixin.py:151} INFO - [2023-11-03T20:04:35.636+0000] {dag.py:2941} INFO - Sync 1 DAGs
[2023-11-03T20:04:35.704+0000] {logging_mixin.py:151} INFO - [2023-11-03T20:04:35.703+0000] {dag.py:3722} INFO - Setting next_dagrun for 01_bash_operator_example to 2023-11-03T20:03:00+00:00, run_after=2023-11-03T20:04:00+00:00
[2023-11-03T20:04:35.900+0000] {processor.py:179} INFO - Processing /opt/airflow/dags/01_bash_example.py took 0.384 seconds
[2023-11-03T20:05:06.444+0000] {processor.py:157} INFO - Started process (PID=36201) to work on /opt/airflow/dags/01_bash_example.py
[2023-11-03T20:05:06.447+0000] {processor.py:829} INFO - Processing file /opt/airflow/dags/01_bash_example.py for tasks to queue
[2023-11-03T20:05:06.455+0000] {logging_mixin.py:151} INFO - [2023-11-03T20:05:06.454+0000] {dagbag.py:536} INFO - Filling up the DagBag from /opt/airflow/dags/01_bash_example.py
[2023-11-03T20:05:06.504+0000] {processor.py:839} INFO - DAG(s) dict_keys(['01_bash_operator_example']) retrieved from /opt/airflow/dags/01_bash_example.py
[2023-11-03T20:05:06.567+0000] {logging_mixin.py:151} INFO - [2023-11-03T20:05:06.567+0000] {dag.py:2941} INFO - Sync 1 DAGs
[2023-11-03T20:05:06.626+0000] {logging_mixin.py:151} INFO - [2023-11-03T20:05:06.626+0000] {dag.py:3722} INFO - Setting next_dagrun for 01_bash_operator_example to 2023-11-03T20:04:00+00:00, run_after=2023-11-03T20:05:00+00:00
[2023-11-03T20:05:06.704+0000] {processor.py:179} INFO - Processing /opt/airflow/dags/01_bash_example.py took 0.269 seconds
[2023-11-03T20:05:36.857+0000] {processor.py:157} INFO - Started process (PID=36263) to work on /opt/airflow/dags/01_bash_example.py
[2023-11-03T20:05:36.861+0000] {processor.py:829} INFO - Processing file /opt/airflow/dags/01_bash_example.py for tasks to queue
[2023-11-03T20:05:36.870+0000] {logging_mixin.py:151} INFO - [2023-11-03T20:05:36.868+0000] {dagbag.py:536} INFO - Filling up the DagBag from /opt/airflow/dags/01_bash_example.py
[2023-11-03T20:05:36.897+0000] {processor.py:839} INFO - DAG(s) dict_keys(['01_bash_operator_example']) retrieved from /opt/airflow/dags/01_bash_example.py
[2023-11-03T20:05:36.964+0000] {logging_mixin.py:151} INFO - [2023-11-03T20:05:36.963+0000] {dag.py:2941} INFO - Sync 1 DAGs
[2023-11-03T20:05:37.036+0000] {logging_mixin.py:151} INFO - [2023-11-03T20:05:37.035+0000] {dag.py:3722} INFO - Setting next_dagrun for 01_bash_operator_example to 2023-11-03T20:04:00+00:00, run_after=2023-11-03T20:05:00+00:00
[2023-11-03T20:05:37.102+0000] {processor.py:179} INFO - Processing /opt/airflow/dags/01_bash_example.py took 0.256 seconds
