[2023-11-03T19:42:39.580+0000] {processor.py:157} INFO - Started process (PID=33482) to work on /opt/airflow/dags/02_postgres_example.py
[2023-11-03T19:42:39.590+0000] {processor.py:829} INFO - Processing file /opt/airflow/dags/02_postgres_example.py for tasks to queue
[2023-11-03T19:42:39.599+0000] {logging_mixin.py:151} INFO - [2023-11-03T19:42:39.598+0000] {dagbag.py:536} INFO - Filling up the DagBag from /opt/airflow/dags/02_postgres_example.py
[2023-11-03T19:42:39.733+0000] {processor.py:839} INFO - DAG(s) dict_keys(['02_postgres_operator_example']) retrieved from /opt/airflow/dags/02_postgres_example.py
[2023-11-03T19:42:39.977+0000] {logging_mixin.py:151} INFO - [2023-11-03T19:42:39.976+0000] {dag.py:2941} INFO - Sync 1 DAGs
[2023-11-03T19:42:40.158+0000] {logging_mixin.py:151} INFO - [2023-11-03T19:42:40.157+0000] {dag.py:3722} INFO - Setting next_dagrun for 02_postgres_operator_example to 2023-10-12T00:00:00+00:00, run_after=2023-10-12T00:00:00+00:00
[2023-11-03T19:42:40.283+0000] {processor.py:179} INFO - Processing /opt/airflow/dags/02_postgres_example.py took 0.724 seconds
[2023-11-03T19:43:10.496+0000] {processor.py:157} INFO - Started process (PID=33544) to work on /opt/airflow/dags/02_postgres_example.py
[2023-11-03T19:43:10.498+0000] {processor.py:829} INFO - Processing file /opt/airflow/dags/02_postgres_example.py for tasks to queue
[2023-11-03T19:43:10.506+0000] {logging_mixin.py:151} INFO - [2023-11-03T19:43:10.505+0000] {dagbag.py:536} INFO - Filling up the DagBag from /opt/airflow/dags/02_postgres_example.py
[2023-11-03T19:43:10.542+0000] {processor.py:839} INFO - DAG(s) dict_keys(['02_postgres_operator_example']) retrieved from /opt/airflow/dags/02_postgres_example.py
[2023-11-03T19:43:10.613+0000] {logging_mixin.py:151} INFO - [2023-11-03T19:43:10.612+0000] {dag.py:2941} INFO - Sync 1 DAGs
[2023-11-03T19:43:10.683+0000] {logging_mixin.py:151} INFO - [2023-11-03T19:43:10.682+0000] {dag.py:3722} INFO - Setting next_dagrun for 02_postgres_operator_example to 2023-10-12T00:00:00+00:00, run_after=2023-10-12T00:00:00+00:00
[2023-11-03T19:43:10.762+0000] {processor.py:179} INFO - Processing /opt/airflow/dags/02_postgres_example.py took 0.275 seconds
[2023-11-03T19:43:41.465+0000] {processor.py:157} INFO - Started process (PID=33606) to work on /opt/airflow/dags/02_postgres_example.py
[2023-11-03T19:43:41.467+0000] {processor.py:829} INFO - Processing file /opt/airflow/dags/02_postgres_example.py for tasks to queue
[2023-11-03T19:43:41.475+0000] {logging_mixin.py:151} INFO - [2023-11-03T19:43:41.473+0000] {dagbag.py:536} INFO - Filling up the DagBag from /opt/airflow/dags/02_postgres_example.py
[2023-11-03T19:43:41.502+0000] {processor.py:839} INFO - DAG(s) dict_keys(['02_postgres_operator_example']) retrieved from /opt/airflow/dags/02_postgres_example.py
[2023-11-03T19:43:41.556+0000] {logging_mixin.py:151} INFO - [2023-11-03T19:43:41.555+0000] {dag.py:2941} INFO - Sync 1 DAGs
[2023-11-03T19:43:41.616+0000] {logging_mixin.py:151} INFO - [2023-11-03T19:43:41.615+0000] {dag.py:3722} INFO - Setting next_dagrun for 02_postgres_operator_example to 2023-10-12T00:00:00+00:00, run_after=2023-10-12T00:00:00+00:00
[2023-11-03T19:43:41.675+0000] {processor.py:179} INFO - Processing /opt/airflow/dags/02_postgres_example.py took 0.221 seconds
[2023-11-03T19:44:12.066+0000] {processor.py:157} INFO - Started process (PID=33668) to work on /opt/airflow/dags/02_postgres_example.py
[2023-11-03T19:44:12.068+0000] {processor.py:829} INFO - Processing file /opt/airflow/dags/02_postgres_example.py for tasks to queue
[2023-11-03T19:44:12.075+0000] {logging_mixin.py:151} INFO - [2023-11-03T19:44:12.073+0000] {dagbag.py:536} INFO - Filling up the DagBag from /opt/airflow/dags/02_postgres_example.py
[2023-11-03T19:44:12.103+0000] {processor.py:839} INFO - DAG(s) dict_keys(['02_postgres_operator_example']) retrieved from /opt/airflow/dags/02_postgres_example.py
[2023-11-03T19:44:12.157+0000] {logging_mixin.py:151} INFO - [2023-11-03T19:44:12.156+0000] {dag.py:2941} INFO - Sync 1 DAGs
[2023-11-03T19:44:12.221+0000] {logging_mixin.py:151} INFO - [2023-11-03T19:44:12.220+0000] {dag.py:3722} INFO - Setting next_dagrun for 02_postgres_operator_example to 2023-10-12T00:00:00+00:00, run_after=2023-10-12T00:00:00+00:00
[2023-11-03T19:44:12.287+0000] {processor.py:179} INFO - Processing /opt/airflow/dags/02_postgres_example.py took 0.229 seconds
[2023-11-03T19:44:42.659+0000] {processor.py:157} INFO - Started process (PID=33730) to work on /opt/airflow/dags/02_postgres_example.py
[2023-11-03T19:44:42.662+0000] {processor.py:829} INFO - Processing file /opt/airflow/dags/02_postgres_example.py for tasks to queue
[2023-11-03T19:44:42.671+0000] {logging_mixin.py:151} INFO - [2023-11-03T19:44:42.669+0000] {dagbag.py:536} INFO - Filling up the DagBag from /opt/airflow/dags/02_postgres_example.py
[2023-11-03T19:44:42.703+0000] {processor.py:839} INFO - DAG(s) dict_keys(['02_postgres_operator_example']) retrieved from /opt/airflow/dags/02_postgres_example.py
[2023-11-03T19:44:42.754+0000] {logging_mixin.py:151} INFO - [2023-11-03T19:44:42.754+0000] {dag.py:2941} INFO - Sync 1 DAGs
[2023-11-03T19:44:42.822+0000] {logging_mixin.py:151} INFO - [2023-11-03T19:44:42.821+0000] {dag.py:3722} INFO - Setting next_dagrun for 02_postgres_operator_example to 2023-10-12T00:00:00+00:00, run_after=2023-10-12T00:00:00+00:00
[2023-11-03T19:44:42.883+0000] {processor.py:179} INFO - Processing /opt/airflow/dags/02_postgres_example.py took 0.233 seconds
[2023-11-03T19:45:13.024+0000] {processor.py:157} INFO - Started process (PID=33794) to work on /opt/airflow/dags/02_postgres_example.py
[2023-11-03T19:45:13.026+0000] {processor.py:829} INFO - Processing file /opt/airflow/dags/02_postgres_example.py for tasks to queue
[2023-11-03T19:45:13.033+0000] {logging_mixin.py:151} INFO - [2023-11-03T19:45:13.032+0000] {dagbag.py:536} INFO - Filling up the DagBag from /opt/airflow/dags/02_postgres_example.py
[2023-11-03T19:45:13.059+0000] {processor.py:839} INFO - DAG(s) dict_keys(['02_postgres_operator_example']) retrieved from /opt/airflow/dags/02_postgres_example.py
[2023-11-03T19:45:13.114+0000] {logging_mixin.py:151} INFO - [2023-11-03T19:45:13.113+0000] {dag.py:2941} INFO - Sync 1 DAGs
[2023-11-03T19:45:13.169+0000] {logging_mixin.py:151} INFO - [2023-11-03T19:45:13.169+0000] {dag.py:3722} INFO - Setting next_dagrun for 02_postgres_operator_example to 2023-10-12T00:00:00+00:00, run_after=2023-10-12T00:00:00+00:00
[2023-11-03T19:45:13.244+0000] {processor.py:179} INFO - Processing /opt/airflow/dags/02_postgres_example.py took 0.229 seconds
[2023-11-03T19:45:43.887+0000] {processor.py:157} INFO - Started process (PID=33856) to work on /opt/airflow/dags/02_postgres_example.py
[2023-11-03T19:45:43.902+0000] {processor.py:829} INFO - Processing file /opt/airflow/dags/02_postgres_example.py for tasks to queue
[2023-11-03T19:45:43.915+0000] {logging_mixin.py:151} INFO - [2023-11-03T19:45:43.913+0000] {dagbag.py:536} INFO - Filling up the DagBag from /opt/airflow/dags/02_postgres_example.py
[2023-11-03T19:45:43.998+0000] {processor.py:839} INFO - DAG(s) dict_keys(['02_postgres_operator_example']) retrieved from /opt/airflow/dags/02_postgres_example.py
[2023-11-03T19:45:44.075+0000] {logging_mixin.py:151} INFO - [2023-11-03T19:45:44.074+0000] {dag.py:2941} INFO - Sync 1 DAGs
[2023-11-03T19:45:44.144+0000] {logging_mixin.py:151} INFO - [2023-11-03T19:45:44.143+0000] {dag.py:3722} INFO - Setting next_dagrun for 02_postgres_operator_example to 2023-10-12T00:00:00+00:00, run_after=2023-10-12T00:00:00+00:00
[2023-11-03T19:45:44.205+0000] {processor.py:179} INFO - Processing /opt/airflow/dags/02_postgres_example.py took 0.327 seconds
[2023-11-03T19:46:14.420+0000] {processor.py:157} INFO - Started process (PID=33918) to work on /opt/airflow/dags/02_postgres_example.py
[2023-11-03T19:46:14.423+0000] {processor.py:829} INFO - Processing file /opt/airflow/dags/02_postgres_example.py for tasks to queue
[2023-11-03T19:46:14.430+0000] {logging_mixin.py:151} INFO - [2023-11-03T19:46:14.429+0000] {dagbag.py:536} INFO - Filling up the DagBag from /opt/airflow/dags/02_postgres_example.py
[2023-11-03T19:46:14.470+0000] {processor.py:839} INFO - DAG(s) dict_keys(['02_postgres_operator_example']) retrieved from /opt/airflow/dags/02_postgres_example.py
[2023-11-03T19:46:14.545+0000] {logging_mixin.py:151} INFO - [2023-11-03T19:46:14.545+0000] {dag.py:2941} INFO - Sync 1 DAGs
[2023-11-03T19:46:14.608+0000] {logging_mixin.py:151} INFO - [2023-11-03T19:46:14.607+0000] {dag.py:3722} INFO - Setting next_dagrun for 02_postgres_operator_example to 2023-10-12T00:00:00+00:00, run_after=2023-10-12T00:00:00+00:00
[2023-11-03T19:46:14.666+0000] {processor.py:179} INFO - Processing /opt/airflow/dags/02_postgres_example.py took 0.257 seconds
[2023-11-03T19:46:44.819+0000] {processor.py:157} INFO - Started process (PID=33980) to work on /opt/airflow/dags/02_postgres_example.py
[2023-11-03T19:46:44.821+0000] {processor.py:829} INFO - Processing file /opt/airflow/dags/02_postgres_example.py for tasks to queue
[2023-11-03T19:46:44.829+0000] {logging_mixin.py:151} INFO - [2023-11-03T19:46:44.828+0000] {dagbag.py:536} INFO - Filling up the DagBag from /opt/airflow/dags/02_postgres_example.py
[2023-11-03T19:46:44.858+0000] {processor.py:839} INFO - DAG(s) dict_keys(['02_postgres_operator_example']) retrieved from /opt/airflow/dags/02_postgres_example.py
[2023-11-03T19:46:44.916+0000] {logging_mixin.py:151} INFO - [2023-11-03T19:46:44.915+0000] {dag.py:2941} INFO - Sync 1 DAGs
[2023-11-03T19:46:44.975+0000] {logging_mixin.py:151} INFO - [2023-11-03T19:46:44.975+0000] {dag.py:3722} INFO - Setting next_dagrun for 02_postgres_operator_example to 2023-10-12T00:00:00+00:00, run_after=2023-10-12T00:00:00+00:00
[2023-11-03T19:46:45.042+0000] {processor.py:179} INFO - Processing /opt/airflow/dags/02_postgres_example.py took 0.231 seconds
[2023-11-03T19:47:15.338+0000] {processor.py:157} INFO - Started process (PID=34042) to work on /opt/airflow/dags/02_postgres_example.py
[2023-11-03T19:47:15.341+0000] {processor.py:829} INFO - Processing file /opt/airflow/dags/02_postgres_example.py for tasks to queue
[2023-11-03T19:47:15.349+0000] {logging_mixin.py:151} INFO - [2023-11-03T19:47:15.348+0000] {dagbag.py:536} INFO - Filling up the DagBag from /opt/airflow/dags/02_postgres_example.py
[2023-11-03T19:47:15.377+0000] {processor.py:839} INFO - DAG(s) dict_keys(['02_postgres_operator_example']) retrieved from /opt/airflow/dags/02_postgres_example.py
[2023-11-03T19:47:15.449+0000] {logging_mixin.py:151} INFO - [2023-11-03T19:47:15.449+0000] {dag.py:2941} INFO - Sync 1 DAGs
[2023-11-03T19:47:15.523+0000] {logging_mixin.py:151} INFO - [2023-11-03T19:47:15.522+0000] {dag.py:3722} INFO - Setting next_dagrun for 02_postgres_operator_example to 2023-10-12T00:00:00+00:00, run_after=2023-10-12T00:00:00+00:00
[2023-11-03T19:47:15.572+0000] {processor.py:179} INFO - Processing /opt/airflow/dags/02_postgres_example.py took 0.246 seconds
[2023-11-03T19:47:46.194+0000] {processor.py:157} INFO - Started process (PID=34104) to work on /opt/airflow/dags/02_postgres_example.py
[2023-11-03T19:47:46.198+0000] {processor.py:829} INFO - Processing file /opt/airflow/dags/02_postgres_example.py for tasks to queue
[2023-11-03T19:47:46.206+0000] {logging_mixin.py:151} INFO - [2023-11-03T19:47:46.204+0000] {dagbag.py:536} INFO - Filling up the DagBag from /opt/airflow/dags/02_postgres_example.py
[2023-11-03T19:47:46.237+0000] {processor.py:839} INFO - DAG(s) dict_keys(['02_postgres_operator_example']) retrieved from /opt/airflow/dags/02_postgres_example.py
[2023-11-03T19:47:46.298+0000] {logging_mixin.py:151} INFO - [2023-11-03T19:47:46.298+0000] {dag.py:2941} INFO - Sync 1 DAGs
[2023-11-03T19:47:46.356+0000] {logging_mixin.py:151} INFO - [2023-11-03T19:47:46.355+0000] {dag.py:3722} INFO - Setting next_dagrun for 02_postgres_operator_example to 2023-10-12T00:00:00+00:00, run_after=2023-10-12T00:00:00+00:00
[2023-11-03T19:47:46.415+0000] {processor.py:179} INFO - Processing /opt/airflow/dags/02_postgres_example.py took 0.229 seconds
[2023-11-03T19:48:16.511+0000] {processor.py:157} INFO - Started process (PID=34166) to work on /opt/airflow/dags/02_postgres_example.py
[2023-11-03T19:48:16.513+0000] {processor.py:829} INFO - Processing file /opt/airflow/dags/02_postgres_example.py for tasks to queue
[2023-11-03T19:48:16.520+0000] {logging_mixin.py:151} INFO - [2023-11-03T19:48:16.519+0000] {dagbag.py:536} INFO - Filling up the DagBag from /opt/airflow/dags/02_postgres_example.py
[2023-11-03T19:48:16.556+0000] {processor.py:839} INFO - DAG(s) dict_keys(['02_postgres_operator_example']) retrieved from /opt/airflow/dags/02_postgres_example.py
[2023-11-03T19:48:16.615+0000] {logging_mixin.py:151} INFO - [2023-11-03T19:48:16.614+0000] {dag.py:2941} INFO - Sync 1 DAGs
[2023-11-03T19:48:16.681+0000] {logging_mixin.py:151} INFO - [2023-11-03T19:48:16.680+0000] {dag.py:3722} INFO - Setting next_dagrun for 02_postgres_operator_example to 2023-10-12T00:00:00+00:00, run_after=2023-10-12T00:00:00+00:00
[2023-11-03T19:48:16.739+0000] {processor.py:179} INFO - Processing /opt/airflow/dags/02_postgres_example.py took 0.237 seconds
[2023-11-03T19:48:47.192+0000] {processor.py:157} INFO - Started process (PID=34228) to work on /opt/airflow/dags/02_postgres_example.py
[2023-11-03T19:48:47.195+0000] {processor.py:829} INFO - Processing file /opt/airflow/dags/02_postgres_example.py for tasks to queue
[2023-11-03T19:48:47.206+0000] {logging_mixin.py:151} INFO - [2023-11-03T19:48:47.204+0000] {dagbag.py:536} INFO - Filling up the DagBag from /opt/airflow/dags/02_postgres_example.py
[2023-11-03T19:48:47.237+0000] {processor.py:839} INFO - DAG(s) dict_keys(['02_postgres_operator_example']) retrieved from /opt/airflow/dags/02_postgres_example.py
[2023-11-03T19:48:47.298+0000] {logging_mixin.py:151} INFO - [2023-11-03T19:48:47.298+0000] {dag.py:2941} INFO - Sync 1 DAGs
[2023-11-03T19:48:47.363+0000] {logging_mixin.py:151} INFO - [2023-11-03T19:48:47.362+0000] {dag.py:3722} INFO - Setting next_dagrun for 02_postgres_operator_example to 2023-10-12T00:00:00+00:00, run_after=2023-10-12T00:00:00+00:00
[2023-11-03T19:48:47.433+0000] {processor.py:179} INFO - Processing /opt/airflow/dags/02_postgres_example.py took 0.250 seconds
[2023-11-03T19:49:17.644+0000] {processor.py:157} INFO - Started process (PID=34289) to work on /opt/airflow/dags/02_postgres_example.py
[2023-11-03T19:49:17.647+0000] {processor.py:829} INFO - Processing file /opt/airflow/dags/02_postgres_example.py for tasks to queue
[2023-11-03T19:49:17.655+0000] {logging_mixin.py:151} INFO - [2023-11-03T19:49:17.653+0000] {dagbag.py:536} INFO - Filling up the DagBag from /opt/airflow/dags/02_postgres_example.py
[2023-11-03T19:49:17.683+0000] {processor.py:839} INFO - DAG(s) dict_keys(['02_postgres_operator_example']) retrieved from /opt/airflow/dags/02_postgres_example.py
[2023-11-03T19:49:17.799+0000] {logging_mixin.py:151} INFO - [2023-11-03T19:49:17.798+0000] {dag.py:2941} INFO - Sync 1 DAGs
[2023-11-03T19:49:17.936+0000] {logging_mixin.py:151} INFO - [2023-11-03T19:49:17.935+0000] {dag.py:3722} INFO - Setting next_dagrun for 02_postgres_operator_example to 2023-10-12T00:00:00+00:00, run_after=2023-10-12T00:00:00+00:00
[2023-11-03T19:49:18.044+0000] {processor.py:179} INFO - Processing /opt/airflow/dags/02_postgres_example.py took 0.410 seconds
[2023-11-03T19:49:48.145+0000] {processor.py:157} INFO - Started process (PID=34351) to work on /opt/airflow/dags/02_postgres_example.py
[2023-11-03T19:49:48.148+0000] {processor.py:829} INFO - Processing file /opt/airflow/dags/02_postgres_example.py for tasks to queue
[2023-11-03T19:49:48.157+0000] {logging_mixin.py:151} INFO - [2023-11-03T19:49:48.155+0000] {dagbag.py:536} INFO - Filling up the DagBag from /opt/airflow/dags/02_postgres_example.py
[2023-11-03T19:49:48.186+0000] {processor.py:839} INFO - DAG(s) dict_keys(['02_postgres_operator_example']) retrieved from /opt/airflow/dags/02_postgres_example.py
[2023-11-03T19:49:48.261+0000] {logging_mixin.py:151} INFO - [2023-11-03T19:49:48.261+0000] {dag.py:2941} INFO - Sync 1 DAGs
[2023-11-03T19:49:48.325+0000] {logging_mixin.py:151} INFO - [2023-11-03T19:49:48.324+0000] {dag.py:3722} INFO - Setting next_dagrun for 02_postgres_operator_example to 2023-10-12T00:00:00+00:00, run_after=2023-10-12T00:00:00+00:00
[2023-11-03T19:49:48.398+0000] {processor.py:179} INFO - Processing /opt/airflow/dags/02_postgres_example.py took 0.263 seconds
[2023-11-03T19:50:18.952+0000] {processor.py:157} INFO - Started process (PID=34413) to work on /opt/airflow/dags/02_postgres_example.py
[2023-11-03T19:50:18.955+0000] {processor.py:829} INFO - Processing file /opt/airflow/dags/02_postgres_example.py for tasks to queue
[2023-11-03T19:50:18.962+0000] {logging_mixin.py:151} INFO - [2023-11-03T19:50:18.961+0000] {dagbag.py:536} INFO - Filling up the DagBag from /opt/airflow/dags/02_postgres_example.py
[2023-11-03T19:50:18.990+0000] {processor.py:839} INFO - DAG(s) dict_keys(['02_postgres_operator_example']) retrieved from /opt/airflow/dags/02_postgres_example.py
[2023-11-03T19:50:19.046+0000] {logging_mixin.py:151} INFO - [2023-11-03T19:50:19.045+0000] {dag.py:2941} INFO - Sync 1 DAGs
[2023-11-03T19:50:19.105+0000] {logging_mixin.py:151} INFO - [2023-11-03T19:50:19.104+0000] {dag.py:3722} INFO - Setting next_dagrun for 02_postgres_operator_example to 2023-10-12T00:00:00+00:00, run_after=2023-10-12T00:00:00+00:00
[2023-11-03T19:50:19.170+0000] {processor.py:179} INFO - Processing /opt/airflow/dags/02_postgres_example.py took 0.227 seconds
[2023-11-03T19:50:49.636+0000] {processor.py:157} INFO - Started process (PID=34475) to work on /opt/airflow/dags/02_postgres_example.py
[2023-11-03T19:50:49.639+0000] {processor.py:829} INFO - Processing file /opt/airflow/dags/02_postgres_example.py for tasks to queue
[2023-11-03T19:50:49.645+0000] {logging_mixin.py:151} INFO - [2023-11-03T19:50:49.644+0000] {dagbag.py:536} INFO - Filling up the DagBag from /opt/airflow/dags/02_postgres_example.py
[2023-11-03T19:50:49.673+0000] {processor.py:839} INFO - DAG(s) dict_keys(['02_postgres_operator_example']) retrieved from /opt/airflow/dags/02_postgres_example.py
[2023-11-03T19:50:49.777+0000] {logging_mixin.py:151} INFO - [2023-11-03T19:50:49.776+0000] {dag.py:2941} INFO - Sync 1 DAGs
[2023-11-03T19:50:49.882+0000] {logging_mixin.py:151} INFO - [2023-11-03T19:50:49.881+0000] {dag.py:3722} INFO - Setting next_dagrun for 02_postgres_operator_example to 2023-10-12T00:00:00+00:00, run_after=2023-10-12T00:00:00+00:00
[2023-11-03T19:50:49.994+0000] {processor.py:179} INFO - Processing /opt/airflow/dags/02_postgres_example.py took 0.365 seconds
[2023-11-03T19:51:20.967+0000] {processor.py:157} INFO - Started process (PID=34537) to work on /opt/airflow/dags/02_postgres_example.py
[2023-11-03T19:51:20.970+0000] {processor.py:829} INFO - Processing file /opt/airflow/dags/02_postgres_example.py for tasks to queue
[2023-11-03T19:51:20.980+0000] {logging_mixin.py:151} INFO - [2023-11-03T19:51:20.978+0000] {dagbag.py:536} INFO - Filling up the DagBag from /opt/airflow/dags/02_postgres_example.py
[2023-11-03T19:51:21.017+0000] {processor.py:839} INFO - DAG(s) dict_keys(['02_postgres_operator_example']) retrieved from /opt/airflow/dags/02_postgres_example.py
[2023-11-03T19:51:21.070+0000] {logging_mixin.py:151} INFO - [2023-11-03T19:51:21.069+0000] {dag.py:2941} INFO - Sync 1 DAGs
[2023-11-03T19:51:21.130+0000] {logging_mixin.py:151} INFO - [2023-11-03T19:51:21.129+0000] {dag.py:3722} INFO - Setting next_dagrun for 02_postgres_operator_example to 2023-10-12T00:00:00+00:00, run_after=2023-10-12T00:00:00+00:00
[2023-11-03T19:51:21.194+0000] {processor.py:179} INFO - Processing /opt/airflow/dags/02_postgres_example.py took 0.238 seconds
[2023-11-03T19:51:51.329+0000] {processor.py:157} INFO - Started process (PID=34599) to work on /opt/airflow/dags/02_postgres_example.py
[2023-11-03T19:51:51.332+0000] {processor.py:829} INFO - Processing file /opt/airflow/dags/02_postgres_example.py for tasks to queue
[2023-11-03T19:51:51.342+0000] {logging_mixin.py:151} INFO - [2023-11-03T19:51:51.340+0000] {dagbag.py:536} INFO - Filling up the DagBag from /opt/airflow/dags/02_postgres_example.py
[2023-11-03T19:51:51.371+0000] {processor.py:839} INFO - DAG(s) dict_keys(['02_postgres_operator_example']) retrieved from /opt/airflow/dags/02_postgres_example.py
[2023-11-03T19:51:51.424+0000] {logging_mixin.py:151} INFO - [2023-11-03T19:51:51.424+0000] {dag.py:2941} INFO - Sync 1 DAGs
[2023-11-03T19:51:51.483+0000] {logging_mixin.py:151} INFO - [2023-11-03T19:51:51.483+0000] {dag.py:3722} INFO - Setting next_dagrun for 02_postgres_operator_example to 2023-10-12T00:00:00+00:00, run_after=2023-10-12T00:00:00+00:00
[2023-11-03T19:51:51.540+0000] {processor.py:179} INFO - Processing /opt/airflow/dags/02_postgres_example.py took 0.224 seconds
[2023-11-03T19:52:21.941+0000] {processor.py:157} INFO - Started process (PID=34661) to work on /opt/airflow/dags/02_postgres_example.py
[2023-11-03T19:52:21.945+0000] {processor.py:829} INFO - Processing file /opt/airflow/dags/02_postgres_example.py for tasks to queue
[2023-11-03T19:52:21.956+0000] {logging_mixin.py:151} INFO - [2023-11-03T19:52:21.952+0000] {dagbag.py:536} INFO - Filling up the DagBag from /opt/airflow/dags/02_postgres_example.py
[2023-11-03T19:52:21.991+0000] {processor.py:839} INFO - DAG(s) dict_keys(['02_postgres_operator_example']) retrieved from /opt/airflow/dags/02_postgres_example.py
[2023-11-03T19:52:22.042+0000] {logging_mixin.py:151} INFO - [2023-11-03T19:52:22.042+0000] {dag.py:2941} INFO - Sync 1 DAGs
[2023-11-03T19:52:22.106+0000] {logging_mixin.py:151} INFO - [2023-11-03T19:52:22.105+0000] {dag.py:3722} INFO - Setting next_dagrun for 02_postgres_operator_example to 2023-10-12T00:00:00+00:00, run_after=2023-10-12T00:00:00+00:00
[2023-11-03T19:52:22.166+0000] {processor.py:179} INFO - Processing /opt/airflow/dags/02_postgres_example.py took 0.232 seconds
[2023-11-03T19:52:52.415+0000] {processor.py:157} INFO - Started process (PID=34723) to work on /opt/airflow/dags/02_postgres_example.py
[2023-11-03T19:52:52.419+0000] {processor.py:829} INFO - Processing file /opt/airflow/dags/02_postgres_example.py for tasks to queue
[2023-11-03T19:52:52.426+0000] {logging_mixin.py:151} INFO - [2023-11-03T19:52:52.425+0000] {dagbag.py:536} INFO - Filling up the DagBag from /opt/airflow/dags/02_postgres_example.py
[2023-11-03T19:52:52.457+0000] {processor.py:839} INFO - DAG(s) dict_keys(['02_postgres_operator_example']) retrieved from /opt/airflow/dags/02_postgres_example.py
[2023-11-03T19:52:52.523+0000] {logging_mixin.py:151} INFO - [2023-11-03T19:52:52.522+0000] {dag.py:2941} INFO - Sync 1 DAGs
[2023-11-03T19:52:52.585+0000] {logging_mixin.py:151} INFO - [2023-11-03T19:52:52.585+0000] {dag.py:3722} INFO - Setting next_dagrun for 02_postgres_operator_example to 2023-10-12T00:00:00+00:00, run_after=2023-10-12T00:00:00+00:00
[2023-11-03T19:52:52.645+0000] {processor.py:179} INFO - Processing /opt/airflow/dags/02_postgres_example.py took 0.241 seconds
[2023-11-03T19:53:22.865+0000] {processor.py:157} INFO - Started process (PID=34785) to work on /opt/airflow/dags/02_postgres_example.py
[2023-11-03T19:53:22.868+0000] {processor.py:829} INFO - Processing file /opt/airflow/dags/02_postgres_example.py for tasks to queue
[2023-11-03T19:53:22.878+0000] {logging_mixin.py:151} INFO - [2023-11-03T19:53:22.876+0000] {dagbag.py:536} INFO - Filling up the DagBag from /opt/airflow/dags/02_postgres_example.py
[2023-11-03T19:53:22.920+0000] {processor.py:839} INFO - DAG(s) dict_keys(['02_postgres_operator_example']) retrieved from /opt/airflow/dags/02_postgres_example.py
[2023-11-03T19:53:22.989+0000] {logging_mixin.py:151} INFO - [2023-11-03T19:53:22.988+0000] {dag.py:2941} INFO - Sync 1 DAGs
[2023-11-03T19:53:23.071+0000] {logging_mixin.py:151} INFO - [2023-11-03T19:53:23.070+0000] {dag.py:3722} INFO - Setting next_dagrun for 02_postgres_operator_example to 2023-10-12T00:00:00+00:00, run_after=2023-10-12T00:00:00+00:00
[2023-11-03T19:53:23.131+0000] {processor.py:179} INFO - Processing /opt/airflow/dags/02_postgres_example.py took 0.276 seconds
[2023-11-03T19:53:53.284+0000] {processor.py:157} INFO - Started process (PID=34847) to work on /opt/airflow/dags/02_postgres_example.py
[2023-11-03T19:53:53.287+0000] {processor.py:829} INFO - Processing file /opt/airflow/dags/02_postgres_example.py for tasks to queue
[2023-11-03T19:53:53.296+0000] {logging_mixin.py:151} INFO - [2023-11-03T19:53:53.294+0000] {dagbag.py:536} INFO - Filling up the DagBag from /opt/airflow/dags/02_postgres_example.py
[2023-11-03T19:53:53.325+0000] {processor.py:839} INFO - DAG(s) dict_keys(['02_postgres_operator_example']) retrieved from /opt/airflow/dags/02_postgres_example.py
[2023-11-03T19:53:53.386+0000] {logging_mixin.py:151} INFO - [2023-11-03T19:53:53.385+0000] {dag.py:2941} INFO - Sync 1 DAGs
[2023-11-03T19:53:53.446+0000] {logging_mixin.py:151} INFO - [2023-11-03T19:53:53.445+0000] {dag.py:3722} INFO - Setting next_dagrun for 02_postgres_operator_example to 2023-10-12T00:00:00+00:00, run_after=2023-10-12T00:00:00+00:00
[2023-11-03T19:53:53.496+0000] {processor.py:179} INFO - Processing /opt/airflow/dags/02_postgres_example.py took 0.222 seconds
[2023-11-03T19:54:23.950+0000] {processor.py:157} INFO - Started process (PID=34909) to work on /opt/airflow/dags/02_postgres_example.py
[2023-11-03T19:54:23.953+0000] {processor.py:829} INFO - Processing file /opt/airflow/dags/02_postgres_example.py for tasks to queue
[2023-11-03T19:54:23.961+0000] {logging_mixin.py:151} INFO - [2023-11-03T19:54:23.960+0000] {dagbag.py:536} INFO - Filling up the DagBag from /opt/airflow/dags/02_postgres_example.py
[2023-11-03T19:54:23.997+0000] {processor.py:839} INFO - DAG(s) dict_keys(['02_postgres_operator_example']) retrieved from /opt/airflow/dags/02_postgres_example.py
[2023-11-03T19:54:24.067+0000] {logging_mixin.py:151} INFO - [2023-11-03T19:54:24.066+0000] {dag.py:2941} INFO - Sync 1 DAGs
[2023-11-03T19:54:24.144+0000] {logging_mixin.py:151} INFO - [2023-11-03T19:54:24.143+0000] {dag.py:3722} INFO - Setting next_dagrun for 02_postgres_operator_example to 2023-10-12T00:00:00+00:00, run_after=2023-10-12T00:00:00+00:00
[2023-11-03T19:54:24.211+0000] {processor.py:179} INFO - Processing /opt/airflow/dags/02_postgres_example.py took 0.270 seconds
[2023-11-03T19:54:54.317+0000] {processor.py:157} INFO - Started process (PID=34971) to work on /opt/airflow/dags/02_postgres_example.py
[2023-11-03T19:54:54.320+0000] {processor.py:829} INFO - Processing file /opt/airflow/dags/02_postgres_example.py for tasks to queue
[2023-11-03T19:54:54.328+0000] {logging_mixin.py:151} INFO - [2023-11-03T19:54:54.327+0000] {dagbag.py:536} INFO - Filling up the DagBag from /opt/airflow/dags/02_postgres_example.py
[2023-11-03T19:54:54.360+0000] {processor.py:839} INFO - DAG(s) dict_keys(['02_postgres_operator_example']) retrieved from /opt/airflow/dags/02_postgres_example.py
[2023-11-03T19:54:54.425+0000] {logging_mixin.py:151} INFO - [2023-11-03T19:54:54.424+0000] {dag.py:2941} INFO - Sync 1 DAGs
[2023-11-03T19:54:54.498+0000] {logging_mixin.py:151} INFO - [2023-11-03T19:54:54.497+0000] {dag.py:3722} INFO - Setting next_dagrun for 02_postgres_operator_example to 2023-10-12T00:00:00+00:00, run_after=2023-10-12T00:00:00+00:00
[2023-11-03T19:54:54.570+0000] {processor.py:179} INFO - Processing /opt/airflow/dags/02_postgres_example.py took 0.263 seconds
[2023-11-03T19:55:24.684+0000] {processor.py:157} INFO - Started process (PID=35033) to work on /opt/airflow/dags/02_postgres_example.py
[2023-11-03T19:55:24.687+0000] {processor.py:829} INFO - Processing file /opt/airflow/dags/02_postgres_example.py for tasks to queue
[2023-11-03T19:55:24.698+0000] {logging_mixin.py:151} INFO - [2023-11-03T19:55:24.696+0000] {dagbag.py:536} INFO - Filling up the DagBag from /opt/airflow/dags/02_postgres_example.py
[2023-11-03T19:55:24.730+0000] {processor.py:839} INFO - DAG(s) dict_keys(['02_postgres_operator_example']) retrieved from /opt/airflow/dags/02_postgres_example.py
[2023-11-03T19:55:24.784+0000] {logging_mixin.py:151} INFO - [2023-11-03T19:55:24.784+0000] {dag.py:2941} INFO - Sync 1 DAGs
[2023-11-03T19:55:24.844+0000] {logging_mixin.py:151} INFO - [2023-11-03T19:55:24.843+0000] {dag.py:3722} INFO - Setting next_dagrun for 02_postgres_operator_example to 2023-10-12T00:00:00+00:00, run_after=2023-10-12T00:00:00+00:00
[2023-11-03T19:55:24.899+0000] {processor.py:179} INFO - Processing /opt/airflow/dags/02_postgres_example.py took 0.227 seconds
[2023-11-03T19:55:55.211+0000] {processor.py:157} INFO - Started process (PID=35095) to work on /opt/airflow/dags/02_postgres_example.py
[2023-11-03T19:55:55.214+0000] {processor.py:829} INFO - Processing file /opt/airflow/dags/02_postgres_example.py for tasks to queue
[2023-11-03T19:55:55.222+0000] {logging_mixin.py:151} INFO - [2023-11-03T19:55:55.221+0000] {dagbag.py:536} INFO - Filling up the DagBag from /opt/airflow/dags/02_postgres_example.py
[2023-11-03T19:55:55.253+0000] {processor.py:839} INFO - DAG(s) dict_keys(['02_postgres_operator_example']) retrieved from /opt/airflow/dags/02_postgres_example.py
[2023-11-03T19:55:55.310+0000] {logging_mixin.py:151} INFO - [2023-11-03T19:55:55.310+0000] {dag.py:2941} INFO - Sync 1 DAGs
[2023-11-03T19:55:55.370+0000] {logging_mixin.py:151} INFO - [2023-11-03T19:55:55.370+0000] {dag.py:3722} INFO - Setting next_dagrun for 02_postgres_operator_example to 2023-10-12T00:00:00+00:00, run_after=2023-10-12T00:00:00+00:00
[2023-11-03T19:55:55.431+0000] {processor.py:179} INFO - Processing /opt/airflow/dags/02_postgres_example.py took 0.231 seconds
[2023-11-03T19:56:25.796+0000] {processor.py:157} INFO - Started process (PID=35157) to work on /opt/airflow/dags/02_postgres_example.py
[2023-11-03T19:56:25.799+0000] {processor.py:829} INFO - Processing file /opt/airflow/dags/02_postgres_example.py for tasks to queue
[2023-11-03T19:56:25.806+0000] {logging_mixin.py:151} INFO - [2023-11-03T19:56:25.805+0000] {dagbag.py:536} INFO - Filling up the DagBag from /opt/airflow/dags/02_postgres_example.py
[2023-11-03T19:56:25.910+0000] {processor.py:839} INFO - DAG(s) dict_keys(['02_postgres_operator_example']) retrieved from /opt/airflow/dags/02_postgres_example.py
[2023-11-03T19:56:26.027+0000] {logging_mixin.py:151} INFO - [2023-11-03T19:56:26.027+0000] {dag.py:2941} INFO - Sync 1 DAGs
[2023-11-03T19:56:26.094+0000] {logging_mixin.py:151} INFO - [2023-11-03T19:56:26.094+0000] {dag.py:3722} INFO - Setting next_dagrun for 02_postgres_operator_example to 2023-10-12T00:00:00+00:00, run_after=2023-10-12T00:00:00+00:00
[2023-11-03T19:56:26.147+0000] {processor.py:179} INFO - Processing /opt/airflow/dags/02_postgres_example.py took 0.362 seconds
[2023-11-03T19:56:56.835+0000] {processor.py:157} INFO - Started process (PID=35219) to work on /opt/airflow/dags/02_postgres_example.py
[2023-11-03T19:56:56.837+0000] {processor.py:829} INFO - Processing file /opt/airflow/dags/02_postgres_example.py for tasks to queue
[2023-11-03T19:56:56.845+0000] {logging_mixin.py:151} INFO - [2023-11-03T19:56:56.844+0000] {dagbag.py:536} INFO - Filling up the DagBag from /opt/airflow/dags/02_postgres_example.py
[2023-11-03T19:56:56.880+0000] {processor.py:839} INFO - DAG(s) dict_keys(['02_postgres_operator_example']) retrieved from /opt/airflow/dags/02_postgres_example.py
[2023-11-03T19:56:56.939+0000] {logging_mixin.py:151} INFO - [2023-11-03T19:56:56.938+0000] {dag.py:2941} INFO - Sync 1 DAGs
[2023-11-03T19:56:57.007+0000] {logging_mixin.py:151} INFO - [2023-11-03T19:56:57.006+0000] {dag.py:3722} INFO - Setting next_dagrun for 02_postgres_operator_example to 2023-10-12T00:00:00+00:00, run_after=2023-10-12T00:00:00+00:00
[2023-11-03T19:56:57.058+0000] {processor.py:179} INFO - Processing /opt/airflow/dags/02_postgres_example.py took 0.236 seconds
[2023-11-03T19:57:27.362+0000] {processor.py:157} INFO - Started process (PID=35281) to work on /opt/airflow/dags/02_postgres_example.py
[2023-11-03T19:57:27.365+0000] {processor.py:829} INFO - Processing file /opt/airflow/dags/02_postgres_example.py for tasks to queue
[2023-11-03T19:57:27.372+0000] {logging_mixin.py:151} INFO - [2023-11-03T19:57:27.370+0000] {dagbag.py:536} INFO - Filling up the DagBag from /opt/airflow/dags/02_postgres_example.py
[2023-11-03T19:57:27.404+0000] {processor.py:839} INFO - DAG(s) dict_keys(['02_postgres_operator_example']) retrieved from /opt/airflow/dags/02_postgres_example.py
[2023-11-03T19:57:27.467+0000] {logging_mixin.py:151} INFO - [2023-11-03T19:57:27.466+0000] {dag.py:2941} INFO - Sync 1 DAGs
[2023-11-03T19:57:27.546+0000] {logging_mixin.py:151} INFO - [2023-11-03T19:57:27.546+0000] {dag.py:3722} INFO - Setting next_dagrun for 02_postgres_operator_example to 2023-10-12T00:00:00+00:00, run_after=2023-10-12T00:00:00+00:00
[2023-11-03T19:57:27.635+0000] {processor.py:179} INFO - Processing /opt/airflow/dags/02_postgres_example.py took 0.282 seconds
[2023-11-03T19:57:57.928+0000] {processor.py:157} INFO - Started process (PID=35343) to work on /opt/airflow/dags/02_postgres_example.py
[2023-11-03T19:57:57.931+0000] {processor.py:829} INFO - Processing file /opt/airflow/dags/02_postgres_example.py for tasks to queue
[2023-11-03T19:57:57.939+0000] {logging_mixin.py:151} INFO - [2023-11-03T19:57:57.938+0000] {dagbag.py:536} INFO - Filling up the DagBag from /opt/airflow/dags/02_postgres_example.py
[2023-11-03T19:57:57.981+0000] {processor.py:839} INFO - DAG(s) dict_keys(['02_postgres_operator_example']) retrieved from /opt/airflow/dags/02_postgres_example.py
[2023-11-03T19:57:58.039+0000] {logging_mixin.py:151} INFO - [2023-11-03T19:57:58.038+0000] {dag.py:2941} INFO - Sync 1 DAGs
[2023-11-03T19:57:58.113+0000] {logging_mixin.py:151} INFO - [2023-11-03T19:57:58.112+0000] {dag.py:3722} INFO - Setting next_dagrun for 02_postgres_operator_example to 2023-10-12T00:00:00+00:00, run_after=2023-10-12T00:00:00+00:00
[2023-11-03T19:57:58.171+0000] {processor.py:179} INFO - Processing /opt/airflow/dags/02_postgres_example.py took 0.252 seconds
[2023-11-03T19:58:28.355+0000] {processor.py:157} INFO - Started process (PID=35405) to work on /opt/airflow/dags/02_postgres_example.py
[2023-11-03T19:58:28.358+0000] {processor.py:829} INFO - Processing file /opt/airflow/dags/02_postgres_example.py for tasks to queue
[2023-11-03T19:58:28.378+0000] {logging_mixin.py:151} INFO - [2023-11-03T19:58:28.375+0000] {dagbag.py:536} INFO - Filling up the DagBag from /opt/airflow/dags/02_postgres_example.py
[2023-11-03T19:58:28.405+0000] {processor.py:839} INFO - DAG(s) dict_keys(['02_postgres_operator_example']) retrieved from /opt/airflow/dags/02_postgres_example.py
[2023-11-03T19:58:28.478+0000] {logging_mixin.py:151} INFO - [2023-11-03T19:58:28.477+0000] {dag.py:2941} INFO - Sync 1 DAGs
[2023-11-03T19:58:28.557+0000] {logging_mixin.py:151} INFO - [2023-11-03T19:58:28.556+0000] {dag.py:3722} INFO - Setting next_dagrun for 02_postgres_operator_example to 2023-10-12T00:00:00+00:00, run_after=2023-10-12T00:00:00+00:00
[2023-11-03T19:58:28.623+0000] {processor.py:179} INFO - Processing /opt/airflow/dags/02_postgres_example.py took 0.276 seconds
[2023-11-03T19:58:58.745+0000] {processor.py:157} INFO - Started process (PID=35464) to work on /opt/airflow/dags/02_postgres_example.py
[2023-11-03T19:58:58.748+0000] {processor.py:829} INFO - Processing file /opt/airflow/dags/02_postgres_example.py for tasks to queue
[2023-11-03T19:58:58.755+0000] {logging_mixin.py:151} INFO - [2023-11-03T19:58:58.754+0000] {dagbag.py:536} INFO - Filling up the DagBag from /opt/airflow/dags/02_postgres_example.py
[2023-11-03T19:58:58.787+0000] {processor.py:839} INFO - DAG(s) dict_keys(['02_postgres_operator_example']) retrieved from /opt/airflow/dags/02_postgres_example.py
[2023-11-03T19:58:58.841+0000] {logging_mixin.py:151} INFO - [2023-11-03T19:58:58.840+0000] {dag.py:2941} INFO - Sync 1 DAGs
[2023-11-03T19:58:58.895+0000] {logging_mixin.py:151} INFO - [2023-11-03T19:58:58.895+0000] {dag.py:3722} INFO - Setting next_dagrun for 02_postgres_operator_example to 2023-10-12T00:00:00+00:00, run_after=2023-10-12T00:00:00+00:00
[2023-11-03T19:58:58.955+0000] {processor.py:179} INFO - Processing /opt/airflow/dags/02_postgres_example.py took 0.218 seconds
[2023-11-03T19:59:29.336+0000] {processor.py:157} INFO - Started process (PID=35524) to work on /opt/airflow/dags/02_postgres_example.py
[2023-11-03T19:59:29.339+0000] {processor.py:829} INFO - Processing file /opt/airflow/dags/02_postgres_example.py for tasks to queue
[2023-11-03T19:59:29.348+0000] {logging_mixin.py:151} INFO - [2023-11-03T19:59:29.346+0000] {dagbag.py:536} INFO - Filling up the DagBag from /opt/airflow/dags/02_postgres_example.py
[2023-11-03T19:59:29.386+0000] {processor.py:839} INFO - DAG(s) dict_keys(['02_postgres_operator_example']) retrieved from /opt/airflow/dags/02_postgres_example.py
[2023-11-03T19:59:29.445+0000] {logging_mixin.py:151} INFO - [2023-11-03T19:59:29.445+0000] {dag.py:2941} INFO - Sync 1 DAGs
[2023-11-03T19:59:29.504+0000] {logging_mixin.py:151} INFO - [2023-11-03T19:59:29.503+0000] {dag.py:3722} INFO - Setting next_dagrun for 02_postgres_operator_example to 2023-10-12T00:00:00+00:00, run_after=2023-10-12T00:00:00+00:00
[2023-11-03T19:59:29.563+0000] {processor.py:179} INFO - Processing /opt/airflow/dags/02_postgres_example.py took 0.235 seconds
[2023-11-03T19:59:59.651+0000] {processor.py:157} INFO - Started process (PID=35584) to work on /opt/airflow/dags/02_postgres_example.py
[2023-11-03T19:59:59.654+0000] {processor.py:829} INFO - Processing file /opt/airflow/dags/02_postgres_example.py for tasks to queue
[2023-11-03T19:59:59.663+0000] {logging_mixin.py:151} INFO - [2023-11-03T19:59:59.662+0000] {dagbag.py:536} INFO - Filling up the DagBag from /opt/airflow/dags/02_postgres_example.py
[2023-11-03T19:59:59.701+0000] {processor.py:839} INFO - DAG(s) dict_keys(['02_postgres_operator_example']) retrieved from /opt/airflow/dags/02_postgres_example.py
[2023-11-03T19:59:59.827+0000] {logging_mixin.py:151} INFO - [2023-11-03T19:59:59.826+0000] {dag.py:2941} INFO - Sync 1 DAGs
[2023-11-03T19:59:59.959+0000] {logging_mixin.py:151} INFO - [2023-11-03T19:59:59.958+0000] {dag.py:3722} INFO - Setting next_dagrun for 02_postgres_operator_example to 2023-10-12T00:00:00+00:00, run_after=2023-10-12T00:00:00+00:00
[2023-11-03T20:00:00.036+0000] {processor.py:179} INFO - Processing /opt/airflow/dags/02_postgres_example.py took 0.396 seconds
[2023-11-03T20:00:30.309+0000] {processor.py:157} INFO - Started process (PID=35646) to work on /opt/airflow/dags/02_postgres_example.py
[2023-11-03T20:00:30.311+0000] {processor.py:829} INFO - Processing file /opt/airflow/dags/02_postgres_example.py for tasks to queue
[2023-11-03T20:00:30.317+0000] {logging_mixin.py:151} INFO - [2023-11-03T20:00:30.316+0000] {dagbag.py:536} INFO - Filling up the DagBag from /opt/airflow/dags/02_postgres_example.py
[2023-11-03T20:00:30.342+0000] {processor.py:839} INFO - DAG(s) dict_keys(['02_postgres_operator_example']) retrieved from /opt/airflow/dags/02_postgres_example.py
[2023-11-03T20:00:30.399+0000] {logging_mixin.py:151} INFO - [2023-11-03T20:00:30.398+0000] {dag.py:2941} INFO - Sync 1 DAGs
[2023-11-03T20:00:30.456+0000] {logging_mixin.py:151} INFO - [2023-11-03T20:00:30.455+0000] {dag.py:3722} INFO - Setting next_dagrun for 02_postgres_operator_example to 2023-10-12T00:00:00+00:00, run_after=2023-10-12T00:00:00+00:00
[2023-11-03T20:00:30.511+0000] {processor.py:179} INFO - Processing /opt/airflow/dags/02_postgres_example.py took 0.209 seconds
[2023-11-03T20:01:00.676+0000] {processor.py:157} INFO - Started process (PID=35708) to work on /opt/airflow/dags/02_postgres_example.py
[2023-11-03T20:01:00.680+0000] {processor.py:829} INFO - Processing file /opt/airflow/dags/02_postgres_example.py for tasks to queue
[2023-11-03T20:01:00.690+0000] {logging_mixin.py:151} INFO - [2023-11-03T20:01:00.688+0000] {dagbag.py:536} INFO - Filling up the DagBag from /opt/airflow/dags/02_postgres_example.py
[2023-11-03T20:01:00.724+0000] {processor.py:839} INFO - DAG(s) dict_keys(['02_postgres_operator_example']) retrieved from /opt/airflow/dags/02_postgres_example.py
[2023-11-03T20:01:00.773+0000] {logging_mixin.py:151} INFO - [2023-11-03T20:01:00.773+0000] {dag.py:2941} INFO - Sync 1 DAGs
[2023-11-03T20:01:00.831+0000] {logging_mixin.py:151} INFO - [2023-11-03T20:01:00.830+0000] {dag.py:3722} INFO - Setting next_dagrun for 02_postgres_operator_example to 2023-10-12T00:00:00+00:00, run_after=2023-10-12T00:00:00+00:00
[2023-11-03T20:01:00.885+0000] {processor.py:179} INFO - Processing /opt/airflow/dags/02_postgres_example.py took 0.222 seconds
[2023-11-03T20:01:31.006+0000] {processor.py:157} INFO - Started process (PID=35769) to work on /opt/airflow/dags/02_postgres_example.py
[2023-11-03T20:01:31.009+0000] {processor.py:829} INFO - Processing file /opt/airflow/dags/02_postgres_example.py for tasks to queue
[2023-11-03T20:01:31.017+0000] {logging_mixin.py:151} INFO - [2023-11-03T20:01:31.015+0000] {dagbag.py:536} INFO - Filling up the DagBag from /opt/airflow/dags/02_postgres_example.py
[2023-11-03T20:01:31.047+0000] {processor.py:839} INFO - DAG(s) dict_keys(['02_postgres_operator_example']) retrieved from /opt/airflow/dags/02_postgres_example.py
[2023-11-03T20:01:31.104+0000] {logging_mixin.py:151} INFO - [2023-11-03T20:01:31.103+0000] {dag.py:2941} INFO - Sync 1 DAGs
[2023-11-03T20:01:31.165+0000] {logging_mixin.py:151} INFO - [2023-11-03T20:01:31.164+0000] {dag.py:3722} INFO - Setting next_dagrun for 02_postgres_operator_example to 2023-10-12T00:00:00+00:00, run_after=2023-10-12T00:00:00+00:00
[2023-11-03T20:01:31.229+0000] {processor.py:179} INFO - Processing /opt/airflow/dags/02_postgres_example.py took 0.231 seconds
[2023-11-03T20:02:02.022+0000] {processor.py:157} INFO - Started process (PID=35831) to work on /opt/airflow/dags/02_postgres_example.py
[2023-11-03T20:02:02.025+0000] {processor.py:829} INFO - Processing file /opt/airflow/dags/02_postgres_example.py for tasks to queue
[2023-11-03T20:02:02.031+0000] {logging_mixin.py:151} INFO - [2023-11-03T20:02:02.030+0000] {dagbag.py:536} INFO - Filling up the DagBag from /opt/airflow/dags/02_postgres_example.py
[2023-11-03T20:02:02.069+0000] {processor.py:839} INFO - DAG(s) dict_keys(['02_postgres_operator_example']) retrieved from /opt/airflow/dags/02_postgres_example.py
[2023-11-03T20:02:02.134+0000] {logging_mixin.py:151} INFO - [2023-11-03T20:02:02.133+0000] {dag.py:2941} INFO - Sync 1 DAGs
[2023-11-03T20:02:02.205+0000] {logging_mixin.py:151} INFO - [2023-11-03T20:02:02.204+0000] {dag.py:3722} INFO - Setting next_dagrun for 02_postgres_operator_example to 2023-10-12T00:00:00+00:00, run_after=2023-10-12T00:00:00+00:00
[2023-11-03T20:02:02.260+0000] {processor.py:179} INFO - Processing /opt/airflow/dags/02_postgres_example.py took 0.248 seconds
[2023-11-03T20:02:32.958+0000] {processor.py:157} INFO - Started process (PID=35893) to work on /opt/airflow/dags/02_postgres_example.py
[2023-11-03T20:02:32.962+0000] {processor.py:829} INFO - Processing file /opt/airflow/dags/02_postgres_example.py for tasks to queue
[2023-11-03T20:02:32.969+0000] {logging_mixin.py:151} INFO - [2023-11-03T20:02:32.968+0000] {dagbag.py:536} INFO - Filling up the DagBag from /opt/airflow/dags/02_postgres_example.py
[2023-11-03T20:02:33.004+0000] {processor.py:839} INFO - DAG(s) dict_keys(['02_postgres_operator_example']) retrieved from /opt/airflow/dags/02_postgres_example.py
[2023-11-03T20:02:33.081+0000] {logging_mixin.py:151} INFO - [2023-11-03T20:02:33.080+0000] {dag.py:2941} INFO - Sync 1 DAGs
[2023-11-03T20:02:33.174+0000] {logging_mixin.py:151} INFO - [2023-11-03T20:02:33.173+0000] {dag.py:3722} INFO - Setting next_dagrun for 02_postgres_operator_example to 2023-10-12T00:00:00+00:00, run_after=2023-10-12T00:00:00+00:00
[2023-11-03T20:02:33.256+0000] {processor.py:179} INFO - Processing /opt/airflow/dags/02_postgres_example.py took 0.313 seconds
[2023-11-03T20:03:03.477+0000] {processor.py:157} INFO - Started process (PID=35955) to work on /opt/airflow/dags/02_postgres_example.py
[2023-11-03T20:03:03.480+0000] {processor.py:829} INFO - Processing file /opt/airflow/dags/02_postgres_example.py for tasks to queue
[2023-11-03T20:03:03.489+0000] {logging_mixin.py:151} INFO - [2023-11-03T20:03:03.488+0000] {dagbag.py:536} INFO - Filling up the DagBag from /opt/airflow/dags/02_postgres_example.py
[2023-11-03T20:03:03.530+0000] {processor.py:839} INFO - DAG(s) dict_keys(['02_postgres_operator_example']) retrieved from /opt/airflow/dags/02_postgres_example.py
[2023-11-03T20:03:03.614+0000] {logging_mixin.py:151} INFO - [2023-11-03T20:03:03.613+0000] {dag.py:2941} INFO - Sync 1 DAGs
[2023-11-03T20:03:03.692+0000] {logging_mixin.py:151} INFO - [2023-11-03T20:03:03.691+0000] {dag.py:3722} INFO - Setting next_dagrun for 02_postgres_operator_example to 2023-10-12T00:00:00+00:00, run_after=2023-10-12T00:00:00+00:00
[2023-11-03T20:03:03.803+0000] {processor.py:179} INFO - Processing /opt/airflow/dags/02_postgres_example.py took 0.344 seconds
[2023-11-03T20:03:34.285+0000] {processor.py:157} INFO - Started process (PID=36018) to work on /opt/airflow/dags/02_postgres_example.py
[2023-11-03T20:03:34.287+0000] {processor.py:829} INFO - Processing file /opt/airflow/dags/02_postgres_example.py for tasks to queue
[2023-11-03T20:03:34.294+0000] {logging_mixin.py:151} INFO - [2023-11-03T20:03:34.293+0000] {dagbag.py:536} INFO - Filling up the DagBag from /opt/airflow/dags/02_postgres_example.py
[2023-11-03T20:03:34.324+0000] {processor.py:839} INFO - DAG(s) dict_keys(['02_postgres_operator_example']) retrieved from /opt/airflow/dags/02_postgres_example.py
[2023-11-03T20:03:34.396+0000] {logging_mixin.py:151} INFO - [2023-11-03T20:03:34.395+0000] {dag.py:2941} INFO - Sync 1 DAGs
[2023-11-03T20:03:34.486+0000] {logging_mixin.py:151} INFO - [2023-11-03T20:03:34.485+0000] {dag.py:3722} INFO - Setting next_dagrun for 02_postgres_operator_example to 2023-10-12T00:00:00+00:00, run_after=2023-10-12T00:00:00+00:00
[2023-11-03T20:03:34.556+0000] {processor.py:179} INFO - Processing /opt/airflow/dags/02_postgres_example.py took 0.278 seconds
[2023-11-03T20:04:05.129+0000] {processor.py:157} INFO - Started process (PID=36081) to work on /opt/airflow/dags/02_postgres_example.py
[2023-11-03T20:04:05.133+0000] {processor.py:829} INFO - Processing file /opt/airflow/dags/02_postgres_example.py for tasks to queue
[2023-11-03T20:04:05.140+0000] {logging_mixin.py:151} INFO - [2023-11-03T20:04:05.139+0000] {dagbag.py:536} INFO - Filling up the DagBag from /opt/airflow/dags/02_postgres_example.py
[2023-11-03T20:04:05.178+0000] {processor.py:839} INFO - DAG(s) dict_keys(['02_postgres_operator_example']) retrieved from /opt/airflow/dags/02_postgres_example.py
[2023-11-03T20:04:05.256+0000] {logging_mixin.py:151} INFO - [2023-11-03T20:04:05.255+0000] {dag.py:2941} INFO - Sync 1 DAGs
[2023-11-03T20:04:05.326+0000] {logging_mixin.py:151} INFO - [2023-11-03T20:04:05.325+0000] {dag.py:3722} INFO - Setting next_dagrun for 02_postgres_operator_example to 2023-10-12T00:00:00+00:00, run_after=2023-10-12T00:00:00+00:00
[2023-11-03T20:04:05.387+0000] {processor.py:179} INFO - Processing /opt/airflow/dags/02_postgres_example.py took 0.270 seconds
[2023-11-03T20:04:35.981+0000] {processor.py:157} INFO - Started process (PID=36142) to work on /opt/airflow/dags/02_postgres_example.py
[2023-11-03T20:04:35.984+0000] {processor.py:829} INFO - Processing file /opt/airflow/dags/02_postgres_example.py for tasks to queue
[2023-11-03T20:04:35.992+0000] {logging_mixin.py:151} INFO - [2023-11-03T20:04:35.990+0000] {dagbag.py:536} INFO - Filling up the DagBag from /opt/airflow/dags/02_postgres_example.py
[2023-11-03T20:04:36.023+0000] {processor.py:839} INFO - DAG(s) dict_keys(['02_postgres_operator_example']) retrieved from /opt/airflow/dags/02_postgres_example.py
[2023-11-03T20:04:36.080+0000] {logging_mixin.py:151} INFO - [2023-11-03T20:04:36.079+0000] {dag.py:2941} INFO - Sync 1 DAGs
[2023-11-03T20:04:36.138+0000] {logging_mixin.py:151} INFO - [2023-11-03T20:04:36.137+0000] {dag.py:3722} INFO - Setting next_dagrun for 02_postgres_operator_example to 2023-10-12T00:00:00+00:00, run_after=2023-10-12T00:00:00+00:00
[2023-11-03T20:04:36.199+0000] {processor.py:179} INFO - Processing /opt/airflow/dags/02_postgres_example.py took 0.226 seconds
[2023-11-03T20:05:06.780+0000] {processor.py:157} INFO - Started process (PID=36204) to work on /opt/airflow/dags/02_postgres_example.py
[2023-11-03T20:05:06.783+0000] {processor.py:829} INFO - Processing file /opt/airflow/dags/02_postgres_example.py for tasks to queue
[2023-11-03T20:05:06.789+0000] {logging_mixin.py:151} INFO - [2023-11-03T20:05:06.788+0000] {dagbag.py:536} INFO - Filling up the DagBag from /opt/airflow/dags/02_postgres_example.py
[2023-11-03T20:05:06.816+0000] {processor.py:839} INFO - DAG(s) dict_keys(['02_postgres_operator_example']) retrieved from /opt/airflow/dags/02_postgres_example.py
[2023-11-03T20:05:06.869+0000] {logging_mixin.py:151} INFO - [2023-11-03T20:05:06.868+0000] {dag.py:2941} INFO - Sync 1 DAGs
[2023-11-03T20:05:06.932+0000] {logging_mixin.py:151} INFO - [2023-11-03T20:05:06.931+0000] {dag.py:3722} INFO - Setting next_dagrun for 02_postgres_operator_example to 2023-10-12T00:00:00+00:00, run_after=2023-10-12T00:00:00+00:00
[2023-11-03T20:05:06.992+0000] {processor.py:179} INFO - Processing /opt/airflow/dags/02_postgres_example.py took 0.219 seconds
[2023-11-03T20:05:37.183+0000] {processor.py:157} INFO - Started process (PID=36266) to work on /opt/airflow/dags/02_postgres_example.py
[2023-11-03T20:05:37.187+0000] {processor.py:829} INFO - Processing file /opt/airflow/dags/02_postgres_example.py for tasks to queue
[2023-11-03T20:05:37.200+0000] {logging_mixin.py:151} INFO - [2023-11-03T20:05:37.198+0000] {dagbag.py:536} INFO - Filling up the DagBag from /opt/airflow/dags/02_postgres_example.py
[2023-11-03T20:05:37.238+0000] {processor.py:839} INFO - DAG(s) dict_keys(['02_postgres_operator_example']) retrieved from /opt/airflow/dags/02_postgres_example.py
[2023-11-03T20:05:37.301+0000] {logging_mixin.py:151} INFO - [2023-11-03T20:05:37.300+0000] {dag.py:2941} INFO - Sync 1 DAGs
[2023-11-03T20:05:37.382+0000] {logging_mixin.py:151} INFO - [2023-11-03T20:05:37.382+0000] {dag.py:3722} INFO - Setting next_dagrun for 02_postgres_operator_example to 2023-10-12T00:00:00+00:00, run_after=2023-10-12T00:00:00+00:00
[2023-11-03T20:05:37.455+0000] {processor.py:179} INFO - Processing /opt/airflow/dags/02_postgres_example.py took 0.283 seconds
