[2023-11-03T19:42:40.180+0000] {processor.py:157} INFO - Started process (PID=33483) to work on /opt/airflow/dags/03_python_example.py
[2023-11-03T19:42:40.188+0000] {processor.py:829} INFO - Processing file /opt/airflow/dags/03_python_example.py for tasks to queue
[2023-11-03T19:42:40.207+0000] {logging_mixin.py:151} INFO - [2023-11-03T19:42:40.206+0000] {dagbag.py:536} INFO - Filling up the DagBag from /opt/airflow/dags/03_python_example.py
[2023-11-03T19:42:40.274+0000] {processor.py:839} INFO - DAG(s) dict_keys(['03_python_example']) retrieved from /opt/airflow/dags/03_python_example.py
[2023-11-03T19:42:40.431+0000] {logging_mixin.py:151} INFO - [2023-11-03T19:42:40.430+0000] {dag.py:2941} INFO - Sync 1 DAGs
[2023-11-03T19:42:40.586+0000] {logging_mixin.py:151} INFO - [2023-11-03T19:42:40.585+0000] {dag.py:3722} INFO - Setting next_dagrun for 03_python_example to 2023-11-03T19:41:00+00:00, run_after=2023-11-03T19:42:00+00:00
[2023-11-03T19:42:40.698+0000] {processor.py:179} INFO - Processing /opt/airflow/dags/03_python_example.py took 0.537 seconds
[2023-11-03T19:43:10.851+0000] {processor.py:157} INFO - Started process (PID=33546) to work on /opt/airflow/dags/03_python_example.py
[2023-11-03T19:43:10.855+0000] {processor.py:829} INFO - Processing file /opt/airflow/dags/03_python_example.py for tasks to queue
[2023-11-03T19:43:10.864+0000] {logging_mixin.py:151} INFO - [2023-11-03T19:43:10.863+0000] {dagbag.py:536} INFO - Filling up the DagBag from /opt/airflow/dags/03_python_example.py
[2023-11-03T19:43:10.901+0000] {processor.py:839} INFO - DAG(s) dict_keys(['03_python_example']) retrieved from /opt/airflow/dags/03_python_example.py
[2023-11-03T19:43:10.963+0000] {logging_mixin.py:151} INFO - [2023-11-03T19:43:10.963+0000] {dag.py:2941} INFO - Sync 1 DAGs
[2023-11-03T19:43:11.033+0000] {logging_mixin.py:151} INFO - [2023-11-03T19:43:11.033+0000] {dag.py:3722} INFO - Setting next_dagrun for 03_python_example to 2023-11-03T19:42:00+00:00, run_after=2023-11-03T19:43:00+00:00
[2023-11-03T19:43:11.095+0000] {processor.py:179} INFO - Processing /opt/airflow/dags/03_python_example.py took 0.256 seconds
[2023-11-03T19:43:41.753+0000] {processor.py:157} INFO - Started process (PID=33608) to work on /opt/airflow/dags/03_python_example.py
[2023-11-03T19:43:41.755+0000] {processor.py:829} INFO - Processing file /opt/airflow/dags/03_python_example.py for tasks to queue
[2023-11-03T19:43:41.762+0000] {logging_mixin.py:151} INFO - [2023-11-03T19:43:41.761+0000] {dagbag.py:536} INFO - Filling up the DagBag from /opt/airflow/dags/03_python_example.py
[2023-11-03T19:43:41.791+0000] {processor.py:839} INFO - DAG(s) dict_keys(['03_python_example']) retrieved from /opt/airflow/dags/03_python_example.py
[2023-11-03T19:43:41.842+0000] {logging_mixin.py:151} INFO - [2023-11-03T19:43:41.841+0000] {dag.py:2941} INFO - Sync 1 DAGs
[2023-11-03T19:43:41.903+0000] {logging_mixin.py:151} INFO - [2023-11-03T19:43:41.903+0000] {dag.py:3722} INFO - Setting next_dagrun for 03_python_example to 2023-11-03T19:42:00+00:00, run_after=2023-11-03T19:43:00+00:00
[2023-11-03T19:43:41.955+0000] {processor.py:179} INFO - Processing /opt/airflow/dags/03_python_example.py took 0.211 seconds
[2023-11-03T19:44:12.543+0000] {processor.py:157} INFO - Started process (PID=33670) to work on /opt/airflow/dags/03_python_example.py
[2023-11-03T19:44:12.546+0000] {processor.py:829} INFO - Processing file /opt/airflow/dags/03_python_example.py for tasks to queue
[2023-11-03T19:44:12.554+0000] {logging_mixin.py:151} INFO - [2023-11-03T19:44:12.552+0000] {dagbag.py:536} INFO - Filling up the DagBag from /opt/airflow/dags/03_python_example.py
[2023-11-03T19:44:12.588+0000] {processor.py:839} INFO - DAG(s) dict_keys(['03_python_example']) retrieved from /opt/airflow/dags/03_python_example.py
[2023-11-03T19:44:12.643+0000] {logging_mixin.py:151} INFO - [2023-11-03T19:44:12.643+0000] {dag.py:2941} INFO - Sync 1 DAGs
[2023-11-03T19:44:12.721+0000] {logging_mixin.py:151} INFO - [2023-11-03T19:44:12.721+0000] {dag.py:3722} INFO - Setting next_dagrun for 03_python_example to 2023-11-03T19:43:00+00:00, run_after=2023-11-03T19:44:00+00:00
[2023-11-03T19:44:12.779+0000] {processor.py:179} INFO - Processing /opt/airflow/dags/03_python_example.py took 0.245 seconds
[2023-11-03T19:44:42.863+0000] {processor.py:157} INFO - Started process (PID=33732) to work on /opt/airflow/dags/03_python_example.py
[2023-11-03T19:44:42.866+0000] {processor.py:829} INFO - Processing file /opt/airflow/dags/03_python_example.py for tasks to queue
[2023-11-03T19:44:42.873+0000] {logging_mixin.py:151} INFO - [2023-11-03T19:44:42.872+0000] {dagbag.py:536} INFO - Filling up the DagBag from /opt/airflow/dags/03_python_example.py
[2023-11-03T19:44:42.901+0000] {processor.py:839} INFO - DAG(s) dict_keys(['03_python_example']) retrieved from /opt/airflow/dags/03_python_example.py
[2023-11-03T19:44:42.949+0000] {logging_mixin.py:151} INFO - [2023-11-03T19:44:42.948+0000] {dag.py:2941} INFO - Sync 1 DAGs
[2023-11-03T19:44:43.018+0000] {logging_mixin.py:151} INFO - [2023-11-03T19:44:43.017+0000] {dag.py:3722} INFO - Setting next_dagrun for 03_python_example to 2023-11-03T19:43:00+00:00, run_after=2023-11-03T19:44:00+00:00
[2023-11-03T19:44:43.086+0000] {processor.py:179} INFO - Processing /opt/airflow/dags/03_python_example.py took 0.231 seconds
[2023-11-03T19:45:13.323+0000] {processor.py:157} INFO - Started process (PID=33795) to work on /opt/airflow/dags/03_python_example.py
[2023-11-03T19:45:13.326+0000] {processor.py:829} INFO - Processing file /opt/airflow/dags/03_python_example.py for tasks to queue
[2023-11-03T19:45:13.334+0000] {logging_mixin.py:151} INFO - [2023-11-03T19:45:13.332+0000] {dagbag.py:536} INFO - Filling up the DagBag from /opt/airflow/dags/03_python_example.py
[2023-11-03T19:45:13.367+0000] {processor.py:839} INFO - DAG(s) dict_keys(['03_python_example']) retrieved from /opt/airflow/dags/03_python_example.py
[2023-11-03T19:45:13.433+0000] {logging_mixin.py:151} INFO - [2023-11-03T19:45:13.432+0000] {dag.py:2941} INFO - Sync 1 DAGs
[2023-11-03T19:45:13.506+0000] {logging_mixin.py:151} INFO - [2023-11-03T19:45:13.505+0000] {dag.py:3722} INFO - Setting next_dagrun for 03_python_example to 2023-11-03T19:44:00+00:00, run_after=2023-11-03T19:45:00+00:00
[2023-11-03T19:45:13.560+0000] {processor.py:179} INFO - Processing /opt/airflow/dags/03_python_example.py took 0.248 seconds
[2023-11-03T19:45:44.074+0000] {processor.py:157} INFO - Started process (PID=33857) to work on /opt/airflow/dags/03_python_example.py
[2023-11-03T19:45:44.076+0000] {processor.py:829} INFO - Processing file /opt/airflow/dags/03_python_example.py for tasks to queue
[2023-11-03T19:45:44.084+0000] {logging_mixin.py:151} INFO - [2023-11-03T19:45:44.083+0000] {dagbag.py:536} INFO - Filling up the DagBag from /opt/airflow/dags/03_python_example.py
[2023-11-03T19:45:44.112+0000] {processor.py:839} INFO - DAG(s) dict_keys(['03_python_example']) retrieved from /opt/airflow/dags/03_python_example.py
[2023-11-03T19:45:44.170+0000] {logging_mixin.py:151} INFO - [2023-11-03T19:45:44.169+0000] {dag.py:2941} INFO - Sync 1 DAGs
[2023-11-03T19:45:44.249+0000] {logging_mixin.py:151} INFO - [2023-11-03T19:45:44.249+0000] {dag.py:3722} INFO - Setting next_dagrun for 03_python_example to 2023-11-03T19:44:00+00:00, run_after=2023-11-03T19:45:00+00:00
[2023-11-03T19:45:44.302+0000] {processor.py:179} INFO - Processing /opt/airflow/dags/03_python_example.py took 0.236 seconds
[2023-11-03T19:46:14.498+0000] {processor.py:157} INFO - Started process (PID=33919) to work on /opt/airflow/dags/03_python_example.py
[2023-11-03T19:46:14.500+0000] {processor.py:829} INFO - Processing file /opt/airflow/dags/03_python_example.py for tasks to queue
[2023-11-03T19:46:14.508+0000] {logging_mixin.py:151} INFO - [2023-11-03T19:46:14.506+0000] {dagbag.py:536} INFO - Filling up the DagBag from /opt/airflow/dags/03_python_example.py
[2023-11-03T19:46:14.536+0000] {processor.py:839} INFO - DAG(s) dict_keys(['03_python_example']) retrieved from /opt/airflow/dags/03_python_example.py
[2023-11-03T19:46:14.590+0000] {logging_mixin.py:151} INFO - [2023-11-03T19:46:14.590+0000] {dag.py:2941} INFO - Sync 1 DAGs
[2023-11-03T19:46:14.670+0000] {logging_mixin.py:151} INFO - [2023-11-03T19:46:14.669+0000] {dag.py:3722} INFO - Setting next_dagrun for 03_python_example to 2023-11-03T19:45:00+00:00, run_after=2023-11-03T19:46:00+00:00
[2023-11-03T19:46:14.731+0000] {processor.py:179} INFO - Processing /opt/airflow/dags/03_python_example.py took 0.245 seconds
[2023-11-03T19:46:44.859+0000] {processor.py:157} INFO - Started process (PID=33981) to work on /opt/airflow/dags/03_python_example.py
[2023-11-03T19:46:44.862+0000] {processor.py:829} INFO - Processing file /opt/airflow/dags/03_python_example.py for tasks to queue
[2023-11-03T19:46:44.870+0000] {logging_mixin.py:151} INFO - [2023-11-03T19:46:44.869+0000] {dagbag.py:536} INFO - Filling up the DagBag from /opt/airflow/dags/03_python_example.py
[2023-11-03T19:46:44.896+0000] {processor.py:839} INFO - DAG(s) dict_keys(['03_python_example']) retrieved from /opt/airflow/dags/03_python_example.py
[2023-11-03T19:46:44.960+0000] {logging_mixin.py:151} INFO - [2023-11-03T19:46:44.959+0000] {dag.py:2941} INFO - Sync 1 DAGs
[2023-11-03T19:46:45.048+0000] {logging_mixin.py:151} INFO - [2023-11-03T19:46:45.047+0000] {dag.py:3722} INFO - Setting next_dagrun for 03_python_example to 2023-11-03T19:45:00+00:00, run_after=2023-11-03T19:46:00+00:00
[2023-11-03T19:46:45.103+0000] {processor.py:179} INFO - Processing /opt/airflow/dags/03_python_example.py took 0.252 seconds
[2023-11-03T19:47:15.647+0000] {processor.py:157} INFO - Started process (PID=34043) to work on /opt/airflow/dags/03_python_example.py
[2023-11-03T19:47:15.650+0000] {processor.py:829} INFO - Processing file /opt/airflow/dags/03_python_example.py for tasks to queue
[2023-11-03T19:47:15.661+0000] {logging_mixin.py:151} INFO - [2023-11-03T19:47:15.660+0000] {dagbag.py:536} INFO - Filling up the DagBag from /opt/airflow/dags/03_python_example.py
[2023-11-03T19:47:15.686+0000] {processor.py:839} INFO - DAG(s) dict_keys(['03_python_example']) retrieved from /opt/airflow/dags/03_python_example.py
[2023-11-03T19:47:15.739+0000] {logging_mixin.py:151} INFO - [2023-11-03T19:47:15.738+0000] {dag.py:2941} INFO - Sync 1 DAGs
[2023-11-03T19:47:15.810+0000] {logging_mixin.py:151} INFO - [2023-11-03T19:47:15.810+0000] {dag.py:3722} INFO - Setting next_dagrun for 03_python_example to 2023-11-03T19:46:00+00:00, run_after=2023-11-03T19:47:00+00:00
[2023-11-03T19:47:15.868+0000] {processor.py:179} INFO - Processing /opt/airflow/dags/03_python_example.py took 0.233 seconds
[2023-11-03T19:47:46.218+0000] {processor.py:157} INFO - Started process (PID=34105) to work on /opt/airflow/dags/03_python_example.py
[2023-11-03T19:47:46.221+0000] {processor.py:829} INFO - Processing file /opt/airflow/dags/03_python_example.py for tasks to queue
[2023-11-03T19:47:46.228+0000] {logging_mixin.py:151} INFO - [2023-11-03T19:47:46.226+0000] {dagbag.py:536} INFO - Filling up the DagBag from /opt/airflow/dags/03_python_example.py
[2023-11-03T19:47:46.256+0000] {processor.py:839} INFO - DAG(s) dict_keys(['03_python_example']) retrieved from /opt/airflow/dags/03_python_example.py
[2023-11-03T19:47:46.307+0000] {logging_mixin.py:151} INFO - [2023-11-03T19:47:46.307+0000] {dag.py:2941} INFO - Sync 1 DAGs
[2023-11-03T19:47:46.374+0000] {logging_mixin.py:151} INFO - [2023-11-03T19:47:46.374+0000] {dag.py:3722} INFO - Setting next_dagrun for 03_python_example to 2023-11-03T19:46:00+00:00, run_after=2023-11-03T19:47:00+00:00
[2023-11-03T19:47:46.439+0000] {processor.py:179} INFO - Processing /opt/airflow/dags/03_python_example.py took 0.229 seconds
[2023-11-03T19:48:16.566+0000] {processor.py:157} INFO - Started process (PID=34167) to work on /opt/airflow/dags/03_python_example.py
[2023-11-03T19:48:16.569+0000] {processor.py:829} INFO - Processing file /opt/airflow/dags/03_python_example.py for tasks to queue
[2023-11-03T19:48:16.576+0000] {logging_mixin.py:151} INFO - [2023-11-03T19:48:16.574+0000] {dagbag.py:536} INFO - Filling up the DagBag from /opt/airflow/dags/03_python_example.py
[2023-11-03T19:48:16.601+0000] {processor.py:839} INFO - DAG(s) dict_keys(['03_python_example']) retrieved from /opt/airflow/dags/03_python_example.py
[2023-11-03T19:48:16.655+0000] {logging_mixin.py:151} INFO - [2023-11-03T19:48:16.655+0000] {dag.py:2941} INFO - Sync 1 DAGs
[2023-11-03T19:48:16.739+0000] {logging_mixin.py:151} INFO - [2023-11-03T19:48:16.738+0000] {dag.py:3722} INFO - Setting next_dagrun for 03_python_example to 2023-11-03T19:47:00+00:00, run_after=2023-11-03T19:48:00+00:00
[2023-11-03T19:48:16.799+0000] {processor.py:179} INFO - Processing /opt/airflow/dags/03_python_example.py took 0.242 seconds
[2023-11-03T19:48:47.599+0000] {processor.py:157} INFO - Started process (PID=34229) to work on /opt/airflow/dags/03_python_example.py
[2023-11-03T19:48:47.602+0000] {processor.py:829} INFO - Processing file /opt/airflow/dags/03_python_example.py for tasks to queue
[2023-11-03T19:48:47.608+0000] {logging_mixin.py:151} INFO - [2023-11-03T19:48:47.607+0000] {dagbag.py:536} INFO - Filling up the DagBag from /opt/airflow/dags/03_python_example.py
[2023-11-03T19:48:47.643+0000] {processor.py:839} INFO - DAG(s) dict_keys(['03_python_example']) retrieved from /opt/airflow/dags/03_python_example.py
[2023-11-03T19:48:47.721+0000] {logging_mixin.py:151} INFO - [2023-11-03T19:48:47.720+0000] {dag.py:2941} INFO - Sync 1 DAGs
[2023-11-03T19:48:47.853+0000] {logging_mixin.py:151} INFO - [2023-11-03T19:48:47.852+0000] {dag.py:3722} INFO - Setting next_dagrun for 03_python_example to 2023-11-03T19:47:00+00:00, run_after=2023-11-03T19:48:00+00:00
[2023-11-03T19:48:47.937+0000] {processor.py:179} INFO - Processing /opt/airflow/dags/03_python_example.py took 0.344 seconds
[2023-11-03T19:49:18.129+0000] {processor.py:157} INFO - Started process (PID=34291) to work on /opt/airflow/dags/03_python_example.py
[2023-11-03T19:49:18.132+0000] {processor.py:829} INFO - Processing file /opt/airflow/dags/03_python_example.py for tasks to queue
[2023-11-03T19:49:18.140+0000] {logging_mixin.py:151} INFO - [2023-11-03T19:49:18.138+0000] {dagbag.py:536} INFO - Filling up the DagBag from /opt/airflow/dags/03_python_example.py
[2023-11-03T19:49:18.200+0000] {processor.py:839} INFO - DAG(s) dict_keys(['03_python_example']) retrieved from /opt/airflow/dags/03_python_example.py
[2023-11-03T19:49:18.260+0000] {logging_mixin.py:151} INFO - [2023-11-03T19:49:18.259+0000] {dag.py:2941} INFO - Sync 1 DAGs
[2023-11-03T19:49:18.328+0000] {logging_mixin.py:151} INFO - [2023-11-03T19:49:18.327+0000] {dag.py:3722} INFO - Setting next_dagrun for 03_python_example to 2023-11-03T19:48:00+00:00, run_after=2023-11-03T19:49:00+00:00
[2023-11-03T19:49:18.381+0000] {processor.py:179} INFO - Processing /opt/airflow/dags/03_python_example.py took 0.261 seconds
[2023-11-03T19:49:48.490+0000] {processor.py:157} INFO - Started process (PID=34353) to work on /opt/airflow/dags/03_python_example.py
[2023-11-03T19:49:48.493+0000] {processor.py:829} INFO - Processing file /opt/airflow/dags/03_python_example.py for tasks to queue
[2023-11-03T19:49:48.502+0000] {logging_mixin.py:151} INFO - [2023-11-03T19:49:48.500+0000] {dagbag.py:536} INFO - Filling up the DagBag from /opt/airflow/dags/03_python_example.py
[2023-11-03T19:49:48.527+0000] {processor.py:839} INFO - DAG(s) dict_keys(['03_python_example']) retrieved from /opt/airflow/dags/03_python_example.py
[2023-11-03T19:49:48.571+0000] {logging_mixin.py:151} INFO - [2023-11-03T19:49:48.571+0000] {dag.py:2941} INFO - Sync 1 DAGs
[2023-11-03T19:49:48.642+0000] {logging_mixin.py:151} INFO - [2023-11-03T19:49:48.641+0000] {dag.py:3722} INFO - Setting next_dagrun for 03_python_example to 2023-11-03T19:48:00+00:00, run_after=2023-11-03T19:49:00+00:00
[2023-11-03T19:49:48.694+0000] {processor.py:179} INFO - Processing /opt/airflow/dags/03_python_example.py took 0.216 seconds
[2023-11-03T19:50:19.262+0000] {processor.py:157} INFO - Started process (PID=34415) to work on /opt/airflow/dags/03_python_example.py
[2023-11-03T19:50:19.265+0000] {processor.py:829} INFO - Processing file /opt/airflow/dags/03_python_example.py for tasks to queue
[2023-11-03T19:50:19.272+0000] {logging_mixin.py:151} INFO - [2023-11-03T19:50:19.271+0000] {dagbag.py:536} INFO - Filling up the DagBag from /opt/airflow/dags/03_python_example.py
[2023-11-03T19:50:19.304+0000] {processor.py:839} INFO - DAG(s) dict_keys(['03_python_example']) retrieved from /opt/airflow/dags/03_python_example.py
[2023-11-03T19:50:19.361+0000] {logging_mixin.py:151} INFO - [2023-11-03T19:50:19.361+0000] {dag.py:2941} INFO - Sync 1 DAGs
[2023-11-03T19:50:19.451+0000] {logging_mixin.py:151} INFO - [2023-11-03T19:50:19.450+0000] {dag.py:3722} INFO - Setting next_dagrun for 03_python_example to 2023-11-03T19:49:00+00:00, run_after=2023-11-03T19:50:00+00:00
[2023-11-03T19:50:19.519+0000] {processor.py:179} INFO - Processing /opt/airflow/dags/03_python_example.py took 0.266 seconds
[2023-11-03T19:50:50.128+0000] {processor.py:157} INFO - Started process (PID=34476) to work on /opt/airflow/dags/03_python_example.py
[2023-11-03T19:50:50.131+0000] {processor.py:829} INFO - Processing file /opt/airflow/dags/03_python_example.py for tasks to queue
[2023-11-03T19:50:50.137+0000] {logging_mixin.py:151} INFO - [2023-11-03T19:50:50.135+0000] {dagbag.py:536} INFO - Filling up the DagBag from /opt/airflow/dags/03_python_example.py
[2023-11-03T19:50:50.159+0000] {processor.py:839} INFO - DAG(s) dict_keys(['03_python_example']) retrieved from /opt/airflow/dags/03_python_example.py
[2023-11-03T19:50:50.224+0000] {logging_mixin.py:151} INFO - [2023-11-03T19:50:50.224+0000] {dag.py:2941} INFO - Sync 1 DAGs
[2023-11-03T19:50:50.291+0000] {logging_mixin.py:151} INFO - [2023-11-03T19:50:50.290+0000] {dag.py:3722} INFO - Setting next_dagrun for 03_python_example to 2023-11-03T19:49:00+00:00, run_after=2023-11-03T19:50:00+00:00
[2023-11-03T19:50:50.345+0000] {processor.py:179} INFO - Processing /opt/airflow/dags/03_python_example.py took 0.223 seconds
[2023-11-03T19:51:21.226+0000] {processor.py:157} INFO - Started process (PID=34538) to work on /opt/airflow/dags/03_python_example.py
[2023-11-03T19:51:21.229+0000] {processor.py:829} INFO - Processing file /opt/airflow/dags/03_python_example.py for tasks to queue
[2023-11-03T19:51:21.236+0000] {logging_mixin.py:151} INFO - [2023-11-03T19:51:21.235+0000] {dagbag.py:536} INFO - Filling up the DagBag from /opt/airflow/dags/03_python_example.py
[2023-11-03T19:51:21.260+0000] {processor.py:839} INFO - DAG(s) dict_keys(['03_python_example']) retrieved from /opt/airflow/dags/03_python_example.py
[2023-11-03T19:51:21.312+0000] {logging_mixin.py:151} INFO - [2023-11-03T19:51:21.312+0000] {dag.py:2941} INFO - Sync 1 DAGs
[2023-11-03T19:51:21.391+0000] {logging_mixin.py:151} INFO - [2023-11-03T19:51:21.390+0000] {dag.py:3722} INFO - Setting next_dagrun for 03_python_example to 2023-11-03T19:50:00+00:00, run_after=2023-11-03T19:51:00+00:00
[2023-11-03T19:51:21.443+0000] {processor.py:179} INFO - Processing /opt/airflow/dags/03_python_example.py took 0.225 seconds
[2023-11-03T19:51:51.563+0000] {processor.py:157} INFO - Started process (PID=34600) to work on /opt/airflow/dags/03_python_example.py
[2023-11-03T19:51:51.567+0000] {processor.py:829} INFO - Processing file /opt/airflow/dags/03_python_example.py for tasks to queue
[2023-11-03T19:51:51.576+0000] {logging_mixin.py:151} INFO - [2023-11-03T19:51:51.575+0000] {dagbag.py:536} INFO - Filling up the DagBag from /opt/airflow/dags/03_python_example.py
[2023-11-03T19:51:51.600+0000] {processor.py:839} INFO - DAG(s) dict_keys(['03_python_example']) retrieved from /opt/airflow/dags/03_python_example.py
[2023-11-03T19:51:51.671+0000] {logging_mixin.py:151} INFO - [2023-11-03T19:51:51.670+0000] {dag.py:2941} INFO - Sync 1 DAGs
[2023-11-03T19:51:51.814+0000] {logging_mixin.py:151} INFO - [2023-11-03T19:51:51.814+0000] {dag.py:3722} INFO - Setting next_dagrun for 03_python_example to 2023-11-03T19:50:00+00:00, run_after=2023-11-03T19:51:00+00:00
[2023-11-03T19:51:51.973+0000] {processor.py:179} INFO - Processing /opt/airflow/dags/03_python_example.py took 0.418 seconds
[2023-11-03T19:52:22.260+0000] {processor.py:157} INFO - Started process (PID=34663) to work on /opt/airflow/dags/03_python_example.py
[2023-11-03T19:52:22.262+0000] {processor.py:829} INFO - Processing file /opt/airflow/dags/03_python_example.py for tasks to queue
[2023-11-03T19:52:22.271+0000] {logging_mixin.py:151} INFO - [2023-11-03T19:52:22.270+0000] {dagbag.py:536} INFO - Filling up the DagBag from /opt/airflow/dags/03_python_example.py
[2023-11-03T19:52:22.303+0000] {processor.py:839} INFO - DAG(s) dict_keys(['03_python_example']) retrieved from /opt/airflow/dags/03_python_example.py
[2023-11-03T19:52:22.358+0000] {logging_mixin.py:151} INFO - [2023-11-03T19:52:22.357+0000] {dag.py:2941} INFO - Sync 1 DAGs
[2023-11-03T19:52:22.423+0000] {logging_mixin.py:151} INFO - [2023-11-03T19:52:22.422+0000] {dag.py:3722} INFO - Setting next_dagrun for 03_python_example to 2023-11-03T19:51:00+00:00, run_after=2023-11-03T19:52:00+00:00
[2023-11-03T19:52:22.475+0000] {processor.py:179} INFO - Processing /opt/airflow/dags/03_python_example.py took 0.223 seconds
[2023-11-03T19:52:52.735+0000] {processor.py:157} INFO - Started process (PID=34725) to work on /opt/airflow/dags/03_python_example.py
[2023-11-03T19:52:52.738+0000] {processor.py:829} INFO - Processing file /opt/airflow/dags/03_python_example.py for tasks to queue
[2023-11-03T19:52:52.744+0000] {logging_mixin.py:151} INFO - [2023-11-03T19:52:52.743+0000] {dagbag.py:536} INFO - Filling up the DagBag from /opt/airflow/dags/03_python_example.py
[2023-11-03T19:52:52.773+0000] {processor.py:839} INFO - DAG(s) dict_keys(['03_python_example']) retrieved from /opt/airflow/dags/03_python_example.py
[2023-11-03T19:52:52.826+0000] {logging_mixin.py:151} INFO - [2023-11-03T19:52:52.826+0000] {dag.py:2941} INFO - Sync 1 DAGs
[2023-11-03T19:52:52.895+0000] {logging_mixin.py:151} INFO - [2023-11-03T19:52:52.895+0000] {dag.py:3722} INFO - Setting next_dagrun for 03_python_example to 2023-11-03T19:51:00+00:00, run_after=2023-11-03T19:52:00+00:00
[2023-11-03T19:52:52.955+0000] {processor.py:179} INFO - Processing /opt/airflow/dags/03_python_example.py took 0.230 seconds
[2023-11-03T19:53:23.332+0000] {processor.py:157} INFO - Started process (PID=34787) to work on /opt/airflow/dags/03_python_example.py
[2023-11-03T19:53:23.335+0000] {processor.py:829} INFO - Processing file /opt/airflow/dags/03_python_example.py for tasks to queue
[2023-11-03T19:53:23.343+0000] {logging_mixin.py:151} INFO - [2023-11-03T19:53:23.341+0000] {dagbag.py:536} INFO - Filling up the DagBag from /opt/airflow/dags/03_python_example.py
[2023-11-03T19:53:23.369+0000] {processor.py:839} INFO - DAG(s) dict_keys(['03_python_example']) retrieved from /opt/airflow/dags/03_python_example.py
[2023-11-03T19:53:23.421+0000] {logging_mixin.py:151} INFO - [2023-11-03T19:53:23.420+0000] {dag.py:2941} INFO - Sync 1 DAGs
[2023-11-03T19:53:23.486+0000] {logging_mixin.py:151} INFO - [2023-11-03T19:53:23.485+0000] {dag.py:3722} INFO - Setting next_dagrun for 03_python_example to 2023-11-03T19:52:00+00:00, run_after=2023-11-03T19:53:00+00:00
[2023-11-03T19:53:23.542+0000] {processor.py:179} INFO - Processing /opt/airflow/dags/03_python_example.py took 0.217 seconds
[2023-11-03T19:53:53.714+0000] {processor.py:157} INFO - Started process (PID=34849) to work on /opt/airflow/dags/03_python_example.py
[2023-11-03T19:53:53.717+0000] {processor.py:829} INFO - Processing file /opt/airflow/dags/03_python_example.py for tasks to queue
[2023-11-03T19:53:53.728+0000] {logging_mixin.py:151} INFO - [2023-11-03T19:53:53.727+0000] {dagbag.py:536} INFO - Filling up the DagBag from /opt/airflow/dags/03_python_example.py
[2023-11-03T19:53:53.755+0000] {processor.py:839} INFO - DAG(s) dict_keys(['03_python_example']) retrieved from /opt/airflow/dags/03_python_example.py
[2023-11-03T19:53:53.805+0000] {logging_mixin.py:151} INFO - [2023-11-03T19:53:53.804+0000] {dag.py:2941} INFO - Sync 1 DAGs
[2023-11-03T19:53:53.886+0000] {logging_mixin.py:151} INFO - [2023-11-03T19:53:53.886+0000] {dag.py:3722} INFO - Setting next_dagrun for 03_python_example to 2023-11-03T19:52:00+00:00, run_after=2023-11-03T19:53:00+00:00
[2023-11-03T19:53:53.942+0000] {processor.py:179} INFO - Processing /opt/airflow/dags/03_python_example.py took 0.235 seconds
[2023-11-03T19:54:24.428+0000] {processor.py:157} INFO - Started process (PID=34911) to work on /opt/airflow/dags/03_python_example.py
[2023-11-03T19:54:24.431+0000] {processor.py:829} INFO - Processing file /opt/airflow/dags/03_python_example.py for tasks to queue
[2023-11-03T19:54:24.439+0000] {logging_mixin.py:151} INFO - [2023-11-03T19:54:24.437+0000] {dagbag.py:536} INFO - Filling up the DagBag from /opt/airflow/dags/03_python_example.py
[2023-11-03T19:54:24.474+0000] {processor.py:839} INFO - DAG(s) dict_keys(['03_python_example']) retrieved from /opt/airflow/dags/03_python_example.py
[2023-11-03T19:54:24.547+0000] {logging_mixin.py:151} INFO - [2023-11-03T19:54:24.546+0000] {dag.py:2941} INFO - Sync 1 DAGs
[2023-11-03T19:54:24.613+0000] {logging_mixin.py:151} INFO - [2023-11-03T19:54:24.612+0000] {dag.py:3722} INFO - Setting next_dagrun for 03_python_example to 2023-11-03T19:53:00+00:00, run_after=2023-11-03T19:54:00+00:00
[2023-11-03T19:54:24.674+0000] {processor.py:179} INFO - Processing /opt/airflow/dags/03_python_example.py took 0.254 seconds
[2023-11-03T19:54:54.782+0000] {processor.py:157} INFO - Started process (PID=34973) to work on /opt/airflow/dags/03_python_example.py
[2023-11-03T19:54:54.785+0000] {processor.py:829} INFO - Processing file /opt/airflow/dags/03_python_example.py for tasks to queue
[2023-11-03T19:54:54.794+0000] {logging_mixin.py:151} INFO - [2023-11-03T19:54:54.792+0000] {dagbag.py:536} INFO - Filling up the DagBag from /opt/airflow/dags/03_python_example.py
[2023-11-03T19:54:54.827+0000] {processor.py:839} INFO - DAG(s) dict_keys(['03_python_example']) retrieved from /opt/airflow/dags/03_python_example.py
[2023-11-03T19:54:54.876+0000] {logging_mixin.py:151} INFO - [2023-11-03T19:54:54.876+0000] {dag.py:2941} INFO - Sync 1 DAGs
[2023-11-03T19:54:54.943+0000] {logging_mixin.py:151} INFO - [2023-11-03T19:54:54.943+0000] {dag.py:3722} INFO - Setting next_dagrun for 03_python_example to 2023-11-03T19:53:00+00:00, run_after=2023-11-03T19:54:00+00:00
[2023-11-03T19:54:54.999+0000] {processor.py:179} INFO - Processing /opt/airflow/dags/03_python_example.py took 0.225 seconds
[2023-11-03T19:55:25.094+0000] {processor.py:157} INFO - Started process (PID=35035) to work on /opt/airflow/dags/03_python_example.py
[2023-11-03T19:55:25.097+0000] {processor.py:829} INFO - Processing file /opt/airflow/dags/03_python_example.py for tasks to queue
[2023-11-03T19:55:25.108+0000] {logging_mixin.py:151} INFO - [2023-11-03T19:55:25.106+0000] {dagbag.py:536} INFO - Filling up the DagBag from /opt/airflow/dags/03_python_example.py
[2023-11-03T19:55:25.137+0000] {processor.py:839} INFO - DAG(s) dict_keys(['03_python_example']) retrieved from /opt/airflow/dags/03_python_example.py
[2023-11-03T19:55:25.188+0000] {logging_mixin.py:151} INFO - [2023-11-03T19:55:25.187+0000] {dag.py:2941} INFO - Sync 1 DAGs
[2023-11-03T19:55:25.258+0000] {logging_mixin.py:151} INFO - [2023-11-03T19:55:25.257+0000] {dag.py:3722} INFO - Setting next_dagrun for 03_python_example to 2023-11-03T19:54:00+00:00, run_after=2023-11-03T19:55:00+00:00
[2023-11-03T19:55:25.312+0000] {processor.py:179} INFO - Processing /opt/airflow/dags/03_python_example.py took 0.229 seconds
[2023-11-03T19:55:55.515+0000] {processor.py:157} INFO - Started process (PID=35097) to work on /opt/airflow/dags/03_python_example.py
[2023-11-03T19:55:55.517+0000] {processor.py:829} INFO - Processing file /opt/airflow/dags/03_python_example.py for tasks to queue
[2023-11-03T19:55:55.525+0000] {logging_mixin.py:151} INFO - [2023-11-03T19:55:55.524+0000] {dagbag.py:536} INFO - Filling up the DagBag from /opt/airflow/dags/03_python_example.py
[2023-11-03T19:55:55.560+0000] {processor.py:839} INFO - DAG(s) dict_keys(['03_python_example']) retrieved from /opt/airflow/dags/03_python_example.py
[2023-11-03T19:55:55.624+0000] {logging_mixin.py:151} INFO - [2023-11-03T19:55:55.623+0000] {dag.py:2941} INFO - Sync 1 DAGs
[2023-11-03T19:55:55.685+0000] {logging_mixin.py:151} INFO - [2023-11-03T19:55:55.685+0000] {dag.py:3722} INFO - Setting next_dagrun for 03_python_example to 2023-11-03T19:54:00+00:00, run_after=2023-11-03T19:55:00+00:00
[2023-11-03T19:55:55.842+0000] {processor.py:179} INFO - Processing /opt/airflow/dags/03_python_example.py took 0.336 seconds
[2023-11-03T19:56:26.226+0000] {processor.py:157} INFO - Started process (PID=35159) to work on /opt/airflow/dags/03_python_example.py
[2023-11-03T19:56:26.228+0000] {processor.py:829} INFO - Processing file /opt/airflow/dags/03_python_example.py for tasks to queue
[2023-11-03T19:56:26.235+0000] {logging_mixin.py:151} INFO - [2023-11-03T19:56:26.234+0000] {dagbag.py:536} INFO - Filling up the DagBag from /opt/airflow/dags/03_python_example.py
[2023-11-03T19:56:26.263+0000] {processor.py:839} INFO - DAG(s) dict_keys(['03_python_example']) retrieved from /opt/airflow/dags/03_python_example.py
[2023-11-03T19:56:26.313+0000] {logging_mixin.py:151} INFO - [2023-11-03T19:56:26.312+0000] {dag.py:2941} INFO - Sync 1 DAGs
[2023-11-03T19:56:26.381+0000] {logging_mixin.py:151} INFO - [2023-11-03T19:56:26.381+0000] {dag.py:3722} INFO - Setting next_dagrun for 03_python_example to 2023-11-03T19:55:00+00:00, run_after=2023-11-03T19:56:00+00:00
[2023-11-03T19:56:26.436+0000] {processor.py:179} INFO - Processing /opt/airflow/dags/03_python_example.py took 0.219 seconds
[2023-11-03T19:56:57.097+0000] {processor.py:157} INFO - Started process (PID=35220) to work on /opt/airflow/dags/03_python_example.py
[2023-11-03T19:56:57.099+0000] {processor.py:829} INFO - Processing file /opt/airflow/dags/03_python_example.py for tasks to queue
[2023-11-03T19:56:57.106+0000] {logging_mixin.py:151} INFO - [2023-11-03T19:56:57.104+0000] {dagbag.py:536} INFO - Filling up the DagBag from /opt/airflow/dags/03_python_example.py
[2023-11-03T19:56:57.146+0000] {processor.py:839} INFO - DAG(s) dict_keys(['03_python_example']) retrieved from /opt/airflow/dags/03_python_example.py
[2023-11-03T19:56:57.214+0000] {logging_mixin.py:151} INFO - [2023-11-03T19:56:57.213+0000] {dag.py:2941} INFO - Sync 1 DAGs
[2023-11-03T19:56:57.325+0000] {logging_mixin.py:151} INFO - [2023-11-03T19:56:57.324+0000] {dag.py:3722} INFO - Setting next_dagrun for 03_python_example to 2023-11-03T19:55:00+00:00, run_after=2023-11-03T19:56:00+00:00
[2023-11-03T19:56:57.397+0000] {processor.py:179} INFO - Processing /opt/airflow/dags/03_python_example.py took 0.306 seconds
[2023-11-03T19:57:27.688+0000] {processor.py:157} INFO - Started process (PID=35282) to work on /opt/airflow/dags/03_python_example.py
[2023-11-03T19:57:27.691+0000] {processor.py:829} INFO - Processing file /opt/airflow/dags/03_python_example.py for tasks to queue
[2023-11-03T19:57:27.716+0000] {logging_mixin.py:151} INFO - [2023-11-03T19:57:27.714+0000] {dagbag.py:536} INFO - Filling up the DagBag from /opt/airflow/dags/03_python_example.py
[2023-11-03T19:57:27.826+0000] {processor.py:839} INFO - DAG(s) dict_keys(['03_python_example']) retrieved from /opt/airflow/dags/03_python_example.py
[2023-11-03T19:57:27.969+0000] {logging_mixin.py:151} INFO - [2023-11-03T19:57:27.968+0000] {dag.py:2941} INFO - Sync 1 DAGs
[2023-11-03T19:57:28.091+0000] {logging_mixin.py:151} INFO - [2023-11-03T19:57:28.091+0000] {dag.py:3722} INFO - Setting next_dagrun for 03_python_example to 2023-11-03T19:56:00+00:00, run_after=2023-11-03T19:57:00+00:00
[2023-11-03T19:57:28.143+0000] {processor.py:179} INFO - Processing /opt/airflow/dags/03_python_example.py took 0.462 seconds
[2023-11-03T19:57:58.239+0000] {processor.py:157} INFO - Started process (PID=35344) to work on /opt/airflow/dags/03_python_example.py
[2023-11-03T19:57:58.241+0000] {processor.py:829} INFO - Processing file /opt/airflow/dags/03_python_example.py for tasks to queue
[2023-11-03T19:57:58.248+0000] {logging_mixin.py:151} INFO - [2023-11-03T19:57:58.247+0000] {dagbag.py:536} INFO - Filling up the DagBag from /opt/airflow/dags/03_python_example.py
[2023-11-03T19:57:58.271+0000] {processor.py:839} INFO - DAG(s) dict_keys(['03_python_example']) retrieved from /opt/airflow/dags/03_python_example.py
[2023-11-03T19:57:58.326+0000] {logging_mixin.py:151} INFO - [2023-11-03T19:57:58.325+0000] {dag.py:2941} INFO - Sync 1 DAGs
[2023-11-03T19:57:58.406+0000] {logging_mixin.py:151} INFO - [2023-11-03T19:57:58.406+0000] {dag.py:3722} INFO - Setting next_dagrun for 03_python_example to 2023-11-03T19:56:00+00:00, run_after=2023-11-03T19:57:00+00:00
[2023-11-03T19:57:58.465+0000] {processor.py:179} INFO - Processing /opt/airflow/dags/03_python_example.py took 0.232 seconds
[2023-11-03T19:58:28.563+0000] {processor.py:157} INFO - Started process (PID=35406) to work on /opt/airflow/dags/03_python_example.py
[2023-11-03T19:58:28.567+0000] {processor.py:829} INFO - Processing file /opt/airflow/dags/03_python_example.py for tasks to queue
[2023-11-03T19:58:28.576+0000] {logging_mixin.py:151} INFO - [2023-11-03T19:58:28.574+0000] {dagbag.py:536} INFO - Filling up the DagBag from /opt/airflow/dags/03_python_example.py
[2023-11-03T19:58:28.601+0000] {processor.py:839} INFO - DAG(s) dict_keys(['03_python_example']) retrieved from /opt/airflow/dags/03_python_example.py
[2023-11-03T19:58:28.659+0000] {logging_mixin.py:151} INFO - [2023-11-03T19:58:28.659+0000] {dag.py:2941} INFO - Sync 1 DAGs
[2023-11-03T19:58:28.750+0000] {logging_mixin.py:151} INFO - [2023-11-03T19:58:28.750+0000] {dag.py:3722} INFO - Setting next_dagrun for 03_python_example to 2023-11-03T19:57:00+00:00, run_after=2023-11-03T19:58:00+00:00
[2023-11-03T19:58:28.808+0000] {processor.py:179} INFO - Processing /opt/airflow/dags/03_python_example.py took 0.257 seconds
[2023-11-03T19:58:59.347+0000] {processor.py:157} INFO - Started process (PID=35468) to work on /opt/airflow/dags/03_python_example.py
[2023-11-03T19:58:59.349+0000] {processor.py:829} INFO - Processing file /opt/airflow/dags/03_python_example.py for tasks to queue
[2023-11-03T19:58:59.356+0000] {logging_mixin.py:151} INFO - [2023-11-03T19:58:59.355+0000] {dagbag.py:536} INFO - Filling up the DagBag from /opt/airflow/dags/03_python_example.py
[2023-11-03T19:58:59.385+0000] {processor.py:839} INFO - DAG(s) dict_keys(['03_python_example']) retrieved from /opt/airflow/dags/03_python_example.py
[2023-11-03T19:58:59.438+0000] {logging_mixin.py:151} INFO - [2023-11-03T19:58:59.437+0000] {dag.py:2941} INFO - Sync 1 DAGs
[2023-11-03T19:58:59.522+0000] {logging_mixin.py:151} INFO - [2023-11-03T19:58:59.522+0000] {dag.py:3722} INFO - Setting next_dagrun for 03_python_example to 2023-11-03T19:57:00+00:00, run_after=2023-11-03T19:58:00+00:00
[2023-11-03T19:58:59.582+0000] {processor.py:179} INFO - Processing /opt/airflow/dags/03_python_example.py took 0.244 seconds
[2023-11-03T19:59:29.933+0000] {processor.py:157} INFO - Started process (PID=35527) to work on /opt/airflow/dags/03_python_example.py
[2023-11-03T19:59:29.936+0000] {processor.py:829} INFO - Processing file /opt/airflow/dags/03_python_example.py for tasks to queue
[2023-11-03T19:59:29.944+0000] {logging_mixin.py:151} INFO - [2023-11-03T19:59:29.943+0000] {dagbag.py:536} INFO - Filling up the DagBag from /opt/airflow/dags/03_python_example.py
[2023-11-03T19:59:29.971+0000] {processor.py:839} INFO - DAG(s) dict_keys(['03_python_example']) retrieved from /opt/airflow/dags/03_python_example.py
[2023-11-03T19:59:30.037+0000] {logging_mixin.py:151} INFO - [2023-11-03T19:59:30.036+0000] {dag.py:2941} INFO - Sync 1 DAGs
[2023-11-03T19:59:30.126+0000] {logging_mixin.py:151} INFO - [2023-11-03T19:59:30.126+0000] {dag.py:3722} INFO - Setting next_dagrun for 03_python_example to 2023-11-03T19:58:00+00:00, run_after=2023-11-03T19:59:00+00:00
[2023-11-03T19:59:30.193+0000] {processor.py:179} INFO - Processing /opt/airflow/dags/03_python_example.py took 0.275 seconds
[2023-11-03T20:00:00.744+0000] {processor.py:157} INFO - Started process (PID=35589) to work on /opt/airflow/dags/03_python_example.py
[2023-11-03T20:00:00.746+0000] {processor.py:829} INFO - Processing file /opt/airflow/dags/03_python_example.py for tasks to queue
[2023-11-03T20:00:00.753+0000] {logging_mixin.py:151} INFO - [2023-11-03T20:00:00.752+0000] {dagbag.py:536} INFO - Filling up the DagBag from /opt/airflow/dags/03_python_example.py
[2023-11-03T20:00:00.777+0000] {processor.py:839} INFO - DAG(s) dict_keys(['03_python_example']) retrieved from /opt/airflow/dags/03_python_example.py
[2023-11-03T20:00:00.843+0000] {logging_mixin.py:151} INFO - [2023-11-03T20:00:00.843+0000] {dag.py:2941} INFO - Sync 1 DAGs
[2023-11-03T20:00:00.921+0000] {logging_mixin.py:151} INFO - [2023-11-03T20:00:00.921+0000] {dag.py:3722} INFO - Setting next_dagrun for 03_python_example to 2023-11-03T19:59:00+00:00, run_after=2023-11-03T20:00:00+00:00
[2023-11-03T20:00:00.989+0000] {processor.py:179} INFO - Processing /opt/airflow/dags/03_python_example.py took 0.252 seconds
[2023-11-03T20:00:31.143+0000] {processor.py:157} INFO - Started process (PID=35651) to work on /opt/airflow/dags/03_python_example.py
[2023-11-03T20:00:31.147+0000] {processor.py:829} INFO - Processing file /opt/airflow/dags/03_python_example.py for tasks to queue
[2023-11-03T20:00:31.156+0000] {logging_mixin.py:151} INFO - [2023-11-03T20:00:31.155+0000] {dagbag.py:536} INFO - Filling up the DagBag from /opt/airflow/dags/03_python_example.py
[2023-11-03T20:00:31.181+0000] {processor.py:839} INFO - DAG(s) dict_keys(['03_python_example']) retrieved from /opt/airflow/dags/03_python_example.py
[2023-11-03T20:00:31.239+0000] {logging_mixin.py:151} INFO - [2023-11-03T20:00:31.239+0000] {dag.py:2941} INFO - Sync 1 DAGs
[2023-11-03T20:00:31.316+0000] {logging_mixin.py:151} INFO - [2023-11-03T20:00:31.315+0000] {dag.py:3722} INFO - Setting next_dagrun for 03_python_example to 2023-11-03T19:59:00+00:00, run_after=2023-11-03T20:00:00+00:00
[2023-11-03T20:00:31.372+0000] {processor.py:179} INFO - Processing /opt/airflow/dags/03_python_example.py took 0.240 seconds
[2023-11-03T20:01:01.502+0000] {processor.py:157} INFO - Started process (PID=35711) to work on /opt/airflow/dags/03_python_example.py
[2023-11-03T20:01:01.505+0000] {processor.py:829} INFO - Processing file /opt/airflow/dags/03_python_example.py for tasks to queue
[2023-11-03T20:01:01.513+0000] {logging_mixin.py:151} INFO - [2023-11-03T20:01:01.512+0000] {dagbag.py:536} INFO - Filling up the DagBag from /opt/airflow/dags/03_python_example.py
[2023-11-03T20:01:01.538+0000] {processor.py:839} INFO - DAG(s) dict_keys(['03_python_example']) retrieved from /opt/airflow/dags/03_python_example.py
[2023-11-03T20:01:01.587+0000] {logging_mixin.py:151} INFO - [2023-11-03T20:01:01.587+0000] {dag.py:2941} INFO - Sync 1 DAGs
[2023-11-03T20:01:01.656+0000] {logging_mixin.py:151} INFO - [2023-11-03T20:01:01.655+0000] {dag.py:3722} INFO - Setting next_dagrun for 03_python_example to 2023-11-03T20:00:00+00:00, run_after=2023-11-03T20:01:00+00:00
[2023-11-03T20:01:01.767+0000] {processor.py:179} INFO - Processing /opt/airflow/dags/03_python_example.py took 0.271 seconds
[2023-11-03T20:01:32.033+0000] {processor.py:157} INFO - Started process (PID=35773) to work on /opt/airflow/dags/03_python_example.py
[2023-11-03T20:01:32.036+0000] {processor.py:829} INFO - Processing file /opt/airflow/dags/03_python_example.py for tasks to queue
[2023-11-03T20:01:32.044+0000] {logging_mixin.py:151} INFO - [2023-11-03T20:01:32.043+0000] {dagbag.py:536} INFO - Filling up the DagBag from /opt/airflow/dags/03_python_example.py
[2023-11-03T20:01:32.076+0000] {processor.py:839} INFO - DAG(s) dict_keys(['03_python_example']) retrieved from /opt/airflow/dags/03_python_example.py
[2023-11-03T20:01:32.122+0000] {logging_mixin.py:151} INFO - [2023-11-03T20:01:32.121+0000] {dag.py:2941} INFO - Sync 1 DAGs
[2023-11-03T20:01:32.185+0000] {logging_mixin.py:151} INFO - [2023-11-03T20:01:32.184+0000] {dag.py:3722} INFO - Setting next_dagrun for 03_python_example to 2023-11-03T20:00:00+00:00, run_after=2023-11-03T20:01:00+00:00
[2023-11-03T20:01:32.263+0000] {processor.py:179} INFO - Processing /opt/airflow/dags/03_python_example.py took 0.239 seconds
[2023-11-03T20:02:02.482+0000] {processor.py:157} INFO - Started process (PID=35834) to work on /opt/airflow/dags/03_python_example.py
[2023-11-03T20:02:02.485+0000] {processor.py:829} INFO - Processing file /opt/airflow/dags/03_python_example.py for tasks to queue
[2023-11-03T20:02:02.493+0000] {logging_mixin.py:151} INFO - [2023-11-03T20:02:02.491+0000] {dagbag.py:536} INFO - Filling up the DagBag from /opt/airflow/dags/03_python_example.py
[2023-11-03T20:02:02.542+0000] {processor.py:839} INFO - DAG(s) dict_keys(['03_python_example']) retrieved from /opt/airflow/dags/03_python_example.py
[2023-11-03T20:02:02.609+0000] {logging_mixin.py:151} INFO - [2023-11-03T20:02:02.608+0000] {dag.py:2941} INFO - Sync 1 DAGs
[2023-11-03T20:02:02.689+0000] {logging_mixin.py:151} INFO - [2023-11-03T20:02:02.689+0000] {dag.py:3722} INFO - Setting next_dagrun for 03_python_example to 2023-11-03T20:01:00+00:00, run_after=2023-11-03T20:02:00+00:00
[2023-11-03T20:02:02.747+0000] {processor.py:179} INFO - Processing /opt/airflow/dags/03_python_example.py took 0.274 seconds
[2023-11-03T20:02:33.340+0000] {processor.py:157} INFO - Started process (PID=35895) to work on /opt/airflow/dags/03_python_example.py
[2023-11-03T20:02:33.343+0000] {processor.py:829} INFO - Processing file /opt/airflow/dags/03_python_example.py for tasks to queue
[2023-11-03T20:02:33.352+0000] {logging_mixin.py:151} INFO - [2023-11-03T20:02:33.348+0000] {dagbag.py:536} INFO - Filling up the DagBag from /opt/airflow/dags/03_python_example.py
[2023-11-03T20:02:33.388+0000] {processor.py:839} INFO - DAG(s) dict_keys(['03_python_example']) retrieved from /opt/airflow/dags/03_python_example.py
[2023-11-03T20:02:33.449+0000] {logging_mixin.py:151} INFO - [2023-11-03T20:02:33.448+0000] {dag.py:2941} INFO - Sync 1 DAGs
[2023-11-03T20:02:33.535+0000] {logging_mixin.py:151} INFO - [2023-11-03T20:02:33.534+0000] {dag.py:3722} INFO - Setting next_dagrun for 03_python_example to 2023-11-03T20:01:00+00:00, run_after=2023-11-03T20:02:00+00:00
[2023-11-03T20:02:33.594+0000] {processor.py:179} INFO - Processing /opt/airflow/dags/03_python_example.py took 0.266 seconds
[2023-11-03T20:03:03.680+0000] {processor.py:157} INFO - Started process (PID=35956) to work on /opt/airflow/dags/03_python_example.py
[2023-11-03T20:03:03.683+0000] {processor.py:829} INFO - Processing file /opt/airflow/dags/03_python_example.py for tasks to queue
[2023-11-03T20:03:03.690+0000] {logging_mixin.py:151} INFO - [2023-11-03T20:03:03.689+0000] {dagbag.py:536} INFO - Filling up the DagBag from /opt/airflow/dags/03_python_example.py
[2023-11-03T20:03:03.737+0000] {processor.py:839} INFO - DAG(s) dict_keys(['03_python_example']) retrieved from /opt/airflow/dags/03_python_example.py
[2023-11-03T20:03:03.883+0000] {logging_mixin.py:151} INFO - [2023-11-03T20:03:03.882+0000] {dag.py:2941} INFO - Sync 1 DAGs
[2023-11-03T20:03:04.059+0000] {logging_mixin.py:151} INFO - [2023-11-03T20:03:04.058+0000] {dag.py:3722} INFO - Setting next_dagrun for 03_python_example to 2023-11-03T20:02:00+00:00, run_after=2023-11-03T20:03:00+00:00
[2023-11-03T20:03:04.129+0000] {processor.py:179} INFO - Processing /opt/airflow/dags/03_python_example.py took 0.456 seconds
[2023-11-03T20:03:34.490+0000] {processor.py:157} INFO - Started process (PID=36019) to work on /opt/airflow/dags/03_python_example.py
[2023-11-03T20:03:34.494+0000] {processor.py:829} INFO - Processing file /opt/airflow/dags/03_python_example.py for tasks to queue
[2023-11-03T20:03:34.502+0000] {logging_mixin.py:151} INFO - [2023-11-03T20:03:34.501+0000] {dagbag.py:536} INFO - Filling up the DagBag from /opt/airflow/dags/03_python_example.py
[2023-11-03T20:03:34.536+0000] {processor.py:839} INFO - DAG(s) dict_keys(['03_python_example']) retrieved from /opt/airflow/dags/03_python_example.py
[2023-11-03T20:03:34.615+0000] {logging_mixin.py:151} INFO - [2023-11-03T20:03:34.614+0000] {dag.py:2941} INFO - Sync 1 DAGs
[2023-11-03T20:03:34.688+0000] {logging_mixin.py:151} INFO - [2023-11-03T20:03:34.688+0000] {dag.py:3722} INFO - Setting next_dagrun for 03_python_example to 2023-11-03T20:02:00+00:00, run_after=2023-11-03T20:03:00+00:00
[2023-11-03T20:03:34.748+0000] {processor.py:179} INFO - Processing /opt/airflow/dags/03_python_example.py took 0.272 seconds
[2023-11-03T20:04:05.469+0000] {processor.py:157} INFO - Started process (PID=36083) to work on /opt/airflow/dags/03_python_example.py
[2023-11-03T20:04:05.472+0000] {processor.py:829} INFO - Processing file /opt/airflow/dags/03_python_example.py for tasks to queue
[2023-11-03T20:04:05.481+0000] {logging_mixin.py:151} INFO - [2023-11-03T20:04:05.478+0000] {dagbag.py:536} INFO - Filling up the DagBag from /opt/airflow/dags/03_python_example.py
[2023-11-03T20:04:05.504+0000] {processor.py:839} INFO - DAG(s) dict_keys(['03_python_example']) retrieved from /opt/airflow/dags/03_python_example.py
[2023-11-03T20:04:05.563+0000] {logging_mixin.py:151} INFO - [2023-11-03T20:04:05.562+0000] {dag.py:2941} INFO - Sync 1 DAGs
[2023-11-03T20:04:05.641+0000] {logging_mixin.py:151} INFO - [2023-11-03T20:04:05.641+0000] {dag.py:3722} INFO - Setting next_dagrun for 03_python_example to 2023-11-03T20:03:00+00:00, run_after=2023-11-03T20:04:00+00:00
[2023-11-03T20:04:05.700+0000] {processor.py:179} INFO - Processing /opt/airflow/dags/03_python_example.py took 0.238 seconds
[2023-11-03T20:04:36.279+0000] {processor.py:157} INFO - Started process (PID=36144) to work on /opt/airflow/dags/03_python_example.py
[2023-11-03T20:04:36.283+0000] {processor.py:829} INFO - Processing file /opt/airflow/dags/03_python_example.py for tasks to queue
[2023-11-03T20:04:36.296+0000] {logging_mixin.py:151} INFO - [2023-11-03T20:04:36.294+0000] {dagbag.py:536} INFO - Filling up the DagBag from /opt/airflow/dags/03_python_example.py
[2023-11-03T20:04:36.324+0000] {processor.py:839} INFO - DAG(s) dict_keys(['03_python_example']) retrieved from /opt/airflow/dags/03_python_example.py
[2023-11-03T20:04:36.382+0000] {logging_mixin.py:151} INFO - [2023-11-03T20:04:36.381+0000] {dag.py:2941} INFO - Sync 1 DAGs
[2023-11-03T20:04:36.450+0000] {logging_mixin.py:151} INFO - [2023-11-03T20:04:36.449+0000] {dag.py:3722} INFO - Setting next_dagrun for 03_python_example to 2023-11-03T20:03:00+00:00, run_after=2023-11-03T20:04:00+00:00
[2023-11-03T20:04:36.510+0000] {processor.py:179} INFO - Processing /opt/airflow/dags/03_python_example.py took 0.244 seconds
[2023-11-03T20:05:07.075+0000] {processor.py:157} INFO - Started process (PID=36206) to work on /opt/airflow/dags/03_python_example.py
[2023-11-03T20:05:07.077+0000] {processor.py:829} INFO - Processing file /opt/airflow/dags/03_python_example.py for tasks to queue
[2023-11-03T20:05:07.085+0000] {logging_mixin.py:151} INFO - [2023-11-03T20:05:07.084+0000] {dagbag.py:536} INFO - Filling up the DagBag from /opt/airflow/dags/03_python_example.py
[2023-11-03T20:05:07.112+0000] {processor.py:839} INFO - DAG(s) dict_keys(['03_python_example']) retrieved from /opt/airflow/dags/03_python_example.py
[2023-11-03T20:05:07.166+0000] {logging_mixin.py:151} INFO - [2023-11-03T20:05:07.166+0000] {dag.py:2941} INFO - Sync 1 DAGs
[2023-11-03T20:05:07.272+0000] {logging_mixin.py:151} INFO - [2023-11-03T20:05:07.271+0000] {dag.py:3722} INFO - Setting next_dagrun for 03_python_example to 2023-11-03T20:04:00+00:00, run_after=2023-11-03T20:05:00+00:00
[2023-11-03T20:05:07.343+0000] {processor.py:179} INFO - Processing /opt/airflow/dags/03_python_example.py took 0.280 seconds
[2023-11-03T20:05:37.595+0000] {processor.py:157} INFO - Started process (PID=36269) to work on /opt/airflow/dags/03_python_example.py
[2023-11-03T20:05:37.598+0000] {processor.py:829} INFO - Processing file /opt/airflow/dags/03_python_example.py for tasks to queue
[2023-11-03T20:05:37.606+0000] {logging_mixin.py:151} INFO - [2023-11-03T20:05:37.605+0000] {dagbag.py:536} INFO - Filling up the DagBag from /opt/airflow/dags/03_python_example.py
[2023-11-03T20:05:37.633+0000] {processor.py:839} INFO - DAG(s) dict_keys(['03_python_example']) retrieved from /opt/airflow/dags/03_python_example.py
[2023-11-03T20:05:37.685+0000] {logging_mixin.py:151} INFO - [2023-11-03T20:05:37.685+0000] {dag.py:2941} INFO - Sync 1 DAGs
[2023-11-03T20:05:37.762+0000] {logging_mixin.py:151} INFO - [2023-11-03T20:05:37.761+0000] {dag.py:3722} INFO - Setting next_dagrun for 03_python_example to 2023-11-03T20:04:00+00:00, run_after=2023-11-03T20:05:00+00:00
[2023-11-03T20:05:37.824+0000] {processor.py:179} INFO - Processing /opt/airflow/dags/03_python_example.py took 0.239 seconds
