[2023-11-03T19:42:39.383+0000] {processor.py:157} INFO - Started process (PID=33481) to work on /opt/airflow/dags/03_python_example_2.py
[2023-11-03T19:42:39.389+0000] {processor.py:829} INFO - Processing file /opt/airflow/dags/03_python_example_2.py for tasks to queue
[2023-11-03T19:42:39.403+0000] {logging_mixin.py:151} INFO - [2023-11-03T19:42:39.402+0000] {dagbag.py:536} INFO - Filling up the DagBag from /opt/airflow/dags/03_python_example_2.py
[2023-11-03T19:42:39.448+0000] {processor.py:839} INFO - DAG(s) dict_keys(['03_python_example_2']) retrieved from /opt/airflow/dags/03_python_example_2.py
[2023-11-03T19:42:39.568+0000] {logging_mixin.py:151} INFO - [2023-11-03T19:42:39.567+0000] {dag.py:2941} INFO - Sync 1 DAGs
[2023-11-03T19:42:39.782+0000] {logging_mixin.py:151} INFO - [2023-11-03T19:42:39.781+0000] {dag.py:3722} INFO - Setting next_dagrun for 03_python_example_2 to 2023-10-12T00:00:00+00:00, run_after=2023-10-12T00:00:00+00:00
[2023-11-03T19:42:39.999+0000] {processor.py:179} INFO - Processing /opt/airflow/dags/03_python_example_2.py took 0.638 seconds
[2023-11-03T19:43:10.440+0000] {processor.py:157} INFO - Started process (PID=33543) to work on /opt/airflow/dags/03_python_example_2.py
[2023-11-03T19:43:10.443+0000] {processor.py:829} INFO - Processing file /opt/airflow/dags/03_python_example_2.py for tasks to queue
[2023-11-03T19:43:10.450+0000] {logging_mixin.py:151} INFO - [2023-11-03T19:43:10.449+0000] {dagbag.py:536} INFO - Filling up the DagBag from /opt/airflow/dags/03_python_example_2.py
[2023-11-03T19:43:10.473+0000] {processor.py:839} INFO - DAG(s) dict_keys(['03_python_example_2']) retrieved from /opt/airflow/dags/03_python_example_2.py
[2023-11-03T19:43:10.534+0000] {logging_mixin.py:151} INFO - [2023-11-03T19:43:10.533+0000] {dag.py:2941} INFO - Sync 1 DAGs
[2023-11-03T19:43:10.612+0000] {logging_mixin.py:151} INFO - [2023-11-03T19:43:10.611+0000] {dag.py:3722} INFO - Setting next_dagrun for 03_python_example_2 to 2023-10-12T00:00:00+00:00, run_after=2023-10-12T00:00:00+00:00
[2023-11-03T19:43:10.686+0000] {processor.py:179} INFO - Processing /opt/airflow/dags/03_python_example_2.py took 0.254 seconds
[2023-11-03T19:43:41.416+0000] {processor.py:157} INFO - Started process (PID=33605) to work on /opt/airflow/dags/03_python_example_2.py
[2023-11-03T19:43:41.419+0000] {processor.py:829} INFO - Processing file /opt/airflow/dags/03_python_example_2.py for tasks to queue
[2023-11-03T19:43:41.426+0000] {logging_mixin.py:151} INFO - [2023-11-03T19:43:41.425+0000] {dagbag.py:536} INFO - Filling up the DagBag from /opt/airflow/dags/03_python_example_2.py
[2023-11-03T19:43:41.451+0000] {processor.py:839} INFO - DAG(s) dict_keys(['03_python_example_2']) retrieved from /opt/airflow/dags/03_python_example_2.py
[2023-11-03T19:43:41.505+0000] {logging_mixin.py:151} INFO - [2023-11-03T19:43:41.504+0000] {dag.py:2941} INFO - Sync 1 DAGs
[2023-11-03T19:43:41.566+0000] {logging_mixin.py:151} INFO - [2023-11-03T19:43:41.565+0000] {dag.py:3722} INFO - Setting next_dagrun for 03_python_example_2 to 2023-10-12T00:00:00+00:00, run_after=2023-10-12T00:00:00+00:00
[2023-11-03T19:43:41.622+0000] {processor.py:179} INFO - Processing /opt/airflow/dags/03_python_example_2.py took 0.216 seconds
[2023-11-03T19:44:12.011+0000] {processor.py:157} INFO - Started process (PID=33667) to work on /opt/airflow/dags/03_python_example_2.py
[2023-11-03T19:44:12.014+0000] {processor.py:829} INFO - Processing file /opt/airflow/dags/03_python_example_2.py for tasks to queue
[2023-11-03T19:44:12.023+0000] {logging_mixin.py:151} INFO - [2023-11-03T19:44:12.021+0000] {dagbag.py:536} INFO - Filling up the DagBag from /opt/airflow/dags/03_python_example_2.py
[2023-11-03T19:44:12.043+0000] {processor.py:839} INFO - DAG(s) dict_keys(['03_python_example_2']) retrieved from /opt/airflow/dags/03_python_example_2.py
[2023-11-03T19:44:12.095+0000] {logging_mixin.py:151} INFO - [2023-11-03T19:44:12.095+0000] {dag.py:2941} INFO - Sync 1 DAGs
[2023-11-03T19:44:12.158+0000] {logging_mixin.py:151} INFO - [2023-11-03T19:44:12.157+0000] {dag.py:3722} INFO - Setting next_dagrun for 03_python_example_2 to 2023-10-12T00:00:00+00:00, run_after=2023-10-12T00:00:00+00:00
[2023-11-03T19:44:12.215+0000] {processor.py:179} INFO - Processing /opt/airflow/dags/03_python_example_2.py took 0.212 seconds
[2023-11-03T19:44:42.394+0000] {processor.py:157} INFO - Started process (PID=33729) to work on /opt/airflow/dags/03_python_example_2.py
[2023-11-03T19:44:42.397+0000] {processor.py:829} INFO - Processing file /opt/airflow/dags/03_python_example_2.py for tasks to queue
[2023-11-03T19:44:42.406+0000] {logging_mixin.py:151} INFO - [2023-11-03T19:44:42.404+0000] {dagbag.py:536} INFO - Filling up the DagBag from /opt/airflow/dags/03_python_example_2.py
[2023-11-03T19:44:42.426+0000] {processor.py:839} INFO - DAG(s) dict_keys(['03_python_example_2']) retrieved from /opt/airflow/dags/03_python_example_2.py
[2023-11-03T19:44:42.478+0000] {logging_mixin.py:151} INFO - [2023-11-03T19:44:42.477+0000] {dag.py:2941} INFO - Sync 1 DAGs
[2023-11-03T19:44:42.532+0000] {logging_mixin.py:151} INFO - [2023-11-03T19:44:42.531+0000] {dag.py:3722} INFO - Setting next_dagrun for 03_python_example_2 to 2023-10-12T00:00:00+00:00, run_after=2023-10-12T00:00:00+00:00
[2023-11-03T19:44:42.586+0000] {processor.py:179} INFO - Processing /opt/airflow/dags/03_python_example_2.py took 0.202 seconds
[2023-11-03T19:45:12.744+0000] {processor.py:157} INFO - Started process (PID=33792) to work on /opt/airflow/dags/03_python_example_2.py
[2023-11-03T19:45:12.748+0000] {processor.py:829} INFO - Processing file /opt/airflow/dags/03_python_example_2.py for tasks to queue
[2023-11-03T19:45:12.756+0000] {logging_mixin.py:151} INFO - [2023-11-03T19:45:12.755+0000] {dagbag.py:536} INFO - Filling up the DagBag from /opt/airflow/dags/03_python_example_2.py
[2023-11-03T19:45:12.776+0000] {processor.py:839} INFO - DAG(s) dict_keys(['03_python_example_2']) retrieved from /opt/airflow/dags/03_python_example_2.py
[2023-11-03T19:45:12.829+0000] {logging_mixin.py:151} INFO - [2023-11-03T19:45:12.828+0000] {dag.py:2941} INFO - Sync 1 DAGs
[2023-11-03T19:45:12.891+0000] {logging_mixin.py:151} INFO - [2023-11-03T19:45:12.891+0000] {dag.py:3722} INFO - Setting next_dagrun for 03_python_example_2 to 2023-10-12T00:00:00+00:00, run_after=2023-10-12T00:00:00+00:00
[2023-11-03T19:45:12.953+0000] {processor.py:179} INFO - Processing /opt/airflow/dags/03_python_example_2.py took 0.216 seconds
[2023-11-03T19:45:43.566+0000] {processor.py:157} INFO - Started process (PID=33854) to work on /opt/airflow/dags/03_python_example_2.py
[2023-11-03T19:45:43.569+0000] {processor.py:829} INFO - Processing file /opt/airflow/dags/03_python_example_2.py for tasks to queue
[2023-11-03T19:45:43.576+0000] {logging_mixin.py:151} INFO - [2023-11-03T19:45:43.575+0000] {dagbag.py:536} INFO - Filling up the DagBag from /opt/airflow/dags/03_python_example_2.py
[2023-11-03T19:45:43.618+0000] {processor.py:839} INFO - DAG(s) dict_keys(['03_python_example_2']) retrieved from /opt/airflow/dags/03_python_example_2.py
[2023-11-03T19:45:43.694+0000] {logging_mixin.py:151} INFO - [2023-11-03T19:45:43.693+0000] {dag.py:2941} INFO - Sync 1 DAGs
[2023-11-03T19:45:43.797+0000] {logging_mixin.py:151} INFO - [2023-11-03T19:45:43.796+0000] {dag.py:3722} INFO - Setting next_dagrun for 03_python_example_2 to 2023-10-12T00:00:00+00:00, run_after=2023-10-12T00:00:00+00:00
[2023-11-03T19:45:43.979+0000] {processor.py:179} INFO - Processing /opt/airflow/dags/03_python_example_2.py took 0.423 seconds
[2023-11-03T19:46:14.124+0000] {processor.py:157} INFO - Started process (PID=33916) to work on /opt/airflow/dags/03_python_example_2.py
[2023-11-03T19:46:14.127+0000] {processor.py:829} INFO - Processing file /opt/airflow/dags/03_python_example_2.py for tasks to queue
[2023-11-03T19:46:14.134+0000] {logging_mixin.py:151} INFO - [2023-11-03T19:46:14.133+0000] {dagbag.py:536} INFO - Filling up the DagBag from /opt/airflow/dags/03_python_example_2.py
[2023-11-03T19:46:14.161+0000] {processor.py:839} INFO - DAG(s) dict_keys(['03_python_example_2']) retrieved from /opt/airflow/dags/03_python_example_2.py
[2023-11-03T19:46:14.252+0000] {logging_mixin.py:151} INFO - [2023-11-03T19:46:14.251+0000] {dag.py:2941} INFO - Sync 1 DAGs
[2023-11-03T19:46:14.320+0000] {logging_mixin.py:151} INFO - [2023-11-03T19:46:14.319+0000] {dag.py:3722} INFO - Setting next_dagrun for 03_python_example_2 to 2023-10-12T00:00:00+00:00, run_after=2023-10-12T00:00:00+00:00
[2023-11-03T19:46:14.387+0000] {processor.py:179} INFO - Processing /opt/airflow/dags/03_python_example_2.py took 0.274 seconds
[2023-11-03T19:46:44.579+0000] {processor.py:157} INFO - Started process (PID=33978) to work on /opt/airflow/dags/03_python_example_2.py
[2023-11-03T19:46:44.582+0000] {processor.py:829} INFO - Processing file /opt/airflow/dags/03_python_example_2.py for tasks to queue
[2023-11-03T19:46:44.588+0000] {logging_mixin.py:151} INFO - [2023-11-03T19:46:44.587+0000] {dagbag.py:536} INFO - Filling up the DagBag from /opt/airflow/dags/03_python_example_2.py
[2023-11-03T19:46:44.612+0000] {processor.py:839} INFO - DAG(s) dict_keys(['03_python_example_2']) retrieved from /opt/airflow/dags/03_python_example_2.py
[2023-11-03T19:46:44.666+0000] {logging_mixin.py:151} INFO - [2023-11-03T19:46:44.665+0000] {dag.py:2941} INFO - Sync 1 DAGs
[2023-11-03T19:46:44.727+0000] {logging_mixin.py:151} INFO - [2023-11-03T19:46:44.727+0000] {dag.py:3722} INFO - Setting next_dagrun for 03_python_example_2 to 2023-10-12T00:00:00+00:00, run_after=2023-10-12T00:00:00+00:00
[2023-11-03T19:46:44.780+0000] {processor.py:179} INFO - Processing /opt/airflow/dags/03_python_example_2.py took 0.208 seconds
[2023-11-03T19:47:15.042+0000] {processor.py:157} INFO - Started process (PID=34040) to work on /opt/airflow/dags/03_python_example_2.py
[2023-11-03T19:47:15.045+0000] {processor.py:829} INFO - Processing file /opt/airflow/dags/03_python_example_2.py for tasks to queue
[2023-11-03T19:47:15.055+0000] {logging_mixin.py:151} INFO - [2023-11-03T19:47:15.053+0000] {dagbag.py:536} INFO - Filling up the DagBag from /opt/airflow/dags/03_python_example_2.py
[2023-11-03T19:47:15.084+0000] {processor.py:839} INFO - DAG(s) dict_keys(['03_python_example_2']) retrieved from /opt/airflow/dags/03_python_example_2.py
[2023-11-03T19:47:15.140+0000] {logging_mixin.py:151} INFO - [2023-11-03T19:47:15.140+0000] {dag.py:2941} INFO - Sync 1 DAGs
[2023-11-03T19:47:15.209+0000] {logging_mixin.py:151} INFO - [2023-11-03T19:47:15.208+0000] {dag.py:3722} INFO - Setting next_dagrun for 03_python_example_2 to 2023-10-12T00:00:00+00:00, run_after=2023-10-12T00:00:00+00:00
[2023-11-03T19:47:15.268+0000] {processor.py:179} INFO - Processing /opt/airflow/dags/03_python_example_2.py took 0.241 seconds
[2023-11-03T19:47:45.632+0000] {processor.py:157} INFO - Started process (PID=34102) to work on /opt/airflow/dags/03_python_example_2.py
[2023-11-03T19:47:45.635+0000] {processor.py:829} INFO - Processing file /opt/airflow/dags/03_python_example_2.py for tasks to queue
[2023-11-03T19:47:45.643+0000] {logging_mixin.py:151} INFO - [2023-11-03T19:47:45.642+0000] {dagbag.py:536} INFO - Filling up the DagBag from /opt/airflow/dags/03_python_example_2.py
[2023-11-03T19:47:45.668+0000] {processor.py:839} INFO - DAG(s) dict_keys(['03_python_example_2']) retrieved from /opt/airflow/dags/03_python_example_2.py
[2023-11-03T19:47:45.742+0000] {logging_mixin.py:151} INFO - [2023-11-03T19:47:45.742+0000] {dag.py:2941} INFO - Sync 1 DAGs
[2023-11-03T19:47:45.870+0000] {logging_mixin.py:151} INFO - [2023-11-03T19:47:45.869+0000] {dag.py:3722} INFO - Setting next_dagrun for 03_python_example_2 to 2023-10-12T00:00:00+00:00, run_after=2023-10-12T00:00:00+00:00
[2023-11-03T19:47:45.946+0000] {processor.py:179} INFO - Processing /opt/airflow/dags/03_python_example_2.py took 0.320 seconds
[2023-11-03T19:48:16.271+0000] {processor.py:157} INFO - Started process (PID=34164) to work on /opt/airflow/dags/03_python_example_2.py
[2023-11-03T19:48:16.273+0000] {processor.py:829} INFO - Processing file /opt/airflow/dags/03_python_example_2.py for tasks to queue
[2023-11-03T19:48:16.280+0000] {logging_mixin.py:151} INFO - [2023-11-03T19:48:16.279+0000] {dagbag.py:536} INFO - Filling up the DagBag from /opt/airflow/dags/03_python_example_2.py
[2023-11-03T19:48:16.301+0000] {processor.py:839} INFO - DAG(s) dict_keys(['03_python_example_2']) retrieved from /opt/airflow/dags/03_python_example_2.py
[2023-11-03T19:48:16.352+0000] {logging_mixin.py:151} INFO - [2023-11-03T19:48:16.351+0000] {dag.py:2941} INFO - Sync 1 DAGs
[2023-11-03T19:48:16.420+0000] {logging_mixin.py:151} INFO - [2023-11-03T19:48:16.419+0000] {dag.py:3722} INFO - Setting next_dagrun for 03_python_example_2 to 2023-10-12T00:00:00+00:00, run_after=2023-10-12T00:00:00+00:00
[2023-11-03T19:48:16.482+0000] {processor.py:179} INFO - Processing /opt/airflow/dags/03_python_example_2.py took 0.220 seconds
[2023-11-03T19:48:46.918+0000] {processor.py:157} INFO - Started process (PID=34226) to work on /opt/airflow/dags/03_python_example_2.py
[2023-11-03T19:48:46.921+0000] {processor.py:829} INFO - Processing file /opt/airflow/dags/03_python_example_2.py for tasks to queue
[2023-11-03T19:48:46.927+0000] {logging_mixin.py:151} INFO - [2023-11-03T19:48:46.926+0000] {dagbag.py:536} INFO - Filling up the DagBag from /opt/airflow/dags/03_python_example_2.py
[2023-11-03T19:48:46.948+0000] {processor.py:839} INFO - DAG(s) dict_keys(['03_python_example_2']) retrieved from /opt/airflow/dags/03_python_example_2.py
[2023-11-03T19:48:46.997+0000] {logging_mixin.py:151} INFO - [2023-11-03T19:48:46.996+0000] {dag.py:2941} INFO - Sync 1 DAGs
[2023-11-03T19:48:47.072+0000] {logging_mixin.py:151} INFO - [2023-11-03T19:48:47.071+0000] {dag.py:3722} INFO - Setting next_dagrun for 03_python_example_2 to 2023-10-12T00:00:00+00:00, run_after=2023-10-12T00:00:00+00:00
[2023-11-03T19:48:47.138+0000] {processor.py:179} INFO - Processing /opt/airflow/dags/03_python_example_2.py took 0.227 seconds
[2023-11-03T19:49:17.572+0000] {processor.py:157} INFO - Started process (PID=34288) to work on /opt/airflow/dags/03_python_example_2.py
[2023-11-03T19:49:17.575+0000] {processor.py:829} INFO - Processing file /opt/airflow/dags/03_python_example_2.py for tasks to queue
[2023-11-03T19:49:17.583+0000] {logging_mixin.py:151} INFO - [2023-11-03T19:49:17.581+0000] {dagbag.py:536} INFO - Filling up the DagBag from /opt/airflow/dags/03_python_example_2.py
[2023-11-03T19:49:17.608+0000] {processor.py:839} INFO - DAG(s) dict_keys(['03_python_example_2']) retrieved from /opt/airflow/dags/03_python_example_2.py
[2023-11-03T19:49:17.670+0000] {logging_mixin.py:151} INFO - [2023-11-03T19:49:17.669+0000] {dag.py:2941} INFO - Sync 1 DAGs
[2023-11-03T19:49:17.765+0000] {logging_mixin.py:151} INFO - [2023-11-03T19:49:17.764+0000] {dag.py:3722} INFO - Setting next_dagrun for 03_python_example_2 to 2023-10-12T00:00:00+00:00, run_after=2023-10-12T00:00:00+00:00
[2023-11-03T19:49:17.918+0000] {processor.py:179} INFO - Processing /opt/airflow/dags/03_python_example_2.py took 0.355 seconds
[2023-11-03T19:49:48.049+0000] {processor.py:157} INFO - Started process (PID=34350) to work on /opt/airflow/dags/03_python_example_2.py
[2023-11-03T19:49:48.052+0000] {processor.py:829} INFO - Processing file /opt/airflow/dags/03_python_example_2.py for tasks to queue
[2023-11-03T19:49:48.058+0000] {logging_mixin.py:151} INFO - [2023-11-03T19:49:48.057+0000] {dagbag.py:536} INFO - Filling up the DagBag from /opt/airflow/dags/03_python_example_2.py
[2023-11-03T19:49:48.080+0000] {processor.py:839} INFO - DAG(s) dict_keys(['03_python_example_2']) retrieved from /opt/airflow/dags/03_python_example_2.py
[2023-11-03T19:49:48.128+0000] {logging_mixin.py:151} INFO - [2023-11-03T19:49:48.127+0000] {dag.py:2941} INFO - Sync 1 DAGs
[2023-11-03T19:49:48.190+0000] {logging_mixin.py:151} INFO - [2023-11-03T19:49:48.188+0000] {dag.py:3722} INFO - Setting next_dagrun for 03_python_example_2 to 2023-10-12T00:00:00+00:00, run_after=2023-10-12T00:00:00+00:00
[2023-11-03T19:49:48.262+0000] {processor.py:179} INFO - Processing /opt/airflow/dags/03_python_example_2.py took 0.220 seconds
[2023-11-03T19:50:18.912+0000] {processor.py:157} INFO - Started process (PID=34412) to work on /opt/airflow/dags/03_python_example_2.py
[2023-11-03T19:50:18.916+0000] {processor.py:829} INFO - Processing file /opt/airflow/dags/03_python_example_2.py for tasks to queue
[2023-11-03T19:50:18.924+0000] {logging_mixin.py:151} INFO - [2023-11-03T19:50:18.923+0000] {dagbag.py:536} INFO - Filling up the DagBag from /opt/airflow/dags/03_python_example_2.py
[2023-11-03T19:50:18.945+0000] {processor.py:839} INFO - DAG(s) dict_keys(['03_python_example_2']) retrieved from /opt/airflow/dags/03_python_example_2.py
[2023-11-03T19:50:19.003+0000] {logging_mixin.py:151} INFO - [2023-11-03T19:50:19.002+0000] {dag.py:2941} INFO - Sync 1 DAGs
[2023-11-03T19:50:19.070+0000] {logging_mixin.py:151} INFO - [2023-11-03T19:50:19.070+0000] {dag.py:3722} INFO - Setting next_dagrun for 03_python_example_2 to 2023-10-12T00:00:00+00:00, run_after=2023-10-12T00:00:00+00:00
[2023-11-03T19:50:19.131+0000] {processor.py:179} INFO - Processing /opt/airflow/dags/03_python_example_2.py took 0.227 seconds
[2023-11-03T19:50:49.593+0000] {processor.py:157} INFO - Started process (PID=34474) to work on /opt/airflow/dags/03_python_example_2.py
[2023-11-03T19:50:49.596+0000] {processor.py:829} INFO - Processing file /opt/airflow/dags/03_python_example_2.py for tasks to queue
[2023-11-03T19:50:49.603+0000] {logging_mixin.py:151} INFO - [2023-11-03T19:50:49.602+0000] {dagbag.py:536} INFO - Filling up the DagBag from /opt/airflow/dags/03_python_example_2.py
[2023-11-03T19:50:49.622+0000] {processor.py:839} INFO - DAG(s) dict_keys(['03_python_example_2']) retrieved from /opt/airflow/dags/03_python_example_2.py
[2023-11-03T19:50:49.673+0000] {logging_mixin.py:151} INFO - [2023-11-03T19:50:49.673+0000] {dag.py:2941} INFO - Sync 1 DAGs
[2023-11-03T19:50:49.767+0000] {logging_mixin.py:151} INFO - [2023-11-03T19:50:49.766+0000] {dag.py:3722} INFO - Setting next_dagrun for 03_python_example_2 to 2023-10-12T00:00:00+00:00, run_after=2023-10-12T00:00:00+00:00
[2023-11-03T19:50:49.931+0000] {processor.py:179} INFO - Processing /opt/airflow/dags/03_python_example_2.py took 0.347 seconds
[2023-11-03T19:51:20.936+0000] {processor.py:157} INFO - Started process (PID=34536) to work on /opt/airflow/dags/03_python_example_2.py
[2023-11-03T19:51:20.939+0000] {processor.py:829} INFO - Processing file /opt/airflow/dags/03_python_example_2.py for tasks to queue
[2023-11-03T19:51:20.948+0000] {logging_mixin.py:151} INFO - [2023-11-03T19:51:20.947+0000] {dagbag.py:536} INFO - Filling up the DagBag from /opt/airflow/dags/03_python_example_2.py
[2023-11-03T19:51:20.975+0000] {processor.py:839} INFO - DAG(s) dict_keys(['03_python_example_2']) retrieved from /opt/airflow/dags/03_python_example_2.py
[2023-11-03T19:51:21.027+0000] {logging_mixin.py:151} INFO - [2023-11-03T19:51:21.026+0000] {dag.py:2941} INFO - Sync 1 DAGs
[2023-11-03T19:51:21.091+0000] {logging_mixin.py:151} INFO - [2023-11-03T19:51:21.090+0000] {dag.py:3722} INFO - Setting next_dagrun for 03_python_example_2 to 2023-10-12T00:00:00+00:00, run_after=2023-10-12T00:00:00+00:00
[2023-11-03T19:51:21.152+0000] {processor.py:179} INFO - Processing /opt/airflow/dags/03_python_example_2.py took 0.225 seconds
[2023-11-03T19:51:51.260+0000] {processor.py:157} INFO - Started process (PID=34598) to work on /opt/airflow/dags/03_python_example_2.py
[2023-11-03T19:51:51.263+0000] {processor.py:829} INFO - Processing file /opt/airflow/dags/03_python_example_2.py for tasks to queue
[2023-11-03T19:51:51.271+0000] {logging_mixin.py:151} INFO - [2023-11-03T19:51:51.269+0000] {dagbag.py:536} INFO - Filling up the DagBag from /opt/airflow/dags/03_python_example_2.py
[2023-11-03T19:51:51.296+0000] {processor.py:839} INFO - DAG(s) dict_keys(['03_python_example_2']) retrieved from /opt/airflow/dags/03_python_example_2.py
[2023-11-03T19:51:51.370+0000] {logging_mixin.py:151} INFO - [2023-11-03T19:51:51.369+0000] {dag.py:2941} INFO - Sync 1 DAGs
[2023-11-03T19:51:51.437+0000] {logging_mixin.py:151} INFO - [2023-11-03T19:51:51.437+0000] {dag.py:3722} INFO - Setting next_dagrun for 03_python_example_2 to 2023-10-12T00:00:00+00:00, run_after=2023-10-12T00:00:00+00:00
[2023-11-03T19:51:51.492+0000] {processor.py:179} INFO - Processing /opt/airflow/dags/03_python_example_2.py took 0.241 seconds
[2023-11-03T19:52:21.911+0000] {processor.py:157} INFO - Started process (PID=34660) to work on /opt/airflow/dags/03_python_example_2.py
[2023-11-03T19:52:21.917+0000] {processor.py:829} INFO - Processing file /opt/airflow/dags/03_python_example_2.py for tasks to queue
[2023-11-03T19:52:21.925+0000] {logging_mixin.py:151} INFO - [2023-11-03T19:52:21.924+0000] {dagbag.py:536} INFO - Filling up the DagBag from /opt/airflow/dags/03_python_example_2.py
[2023-11-03T19:52:21.953+0000] {processor.py:839} INFO - DAG(s) dict_keys(['03_python_example_2']) retrieved from /opt/airflow/dags/03_python_example_2.py
[2023-11-03T19:52:22.012+0000] {logging_mixin.py:151} INFO - [2023-11-03T19:52:22.012+0000] {dag.py:2941} INFO - Sync 1 DAGs
[2023-11-03T19:52:22.068+0000] {logging_mixin.py:151} INFO - [2023-11-03T19:52:22.067+0000] {dag.py:3722} INFO - Setting next_dagrun for 03_python_example_2 to 2023-10-12T00:00:00+00:00, run_after=2023-10-12T00:00:00+00:00
[2023-11-03T19:52:22.124+0000] {processor.py:179} INFO - Processing /opt/airflow/dags/03_python_example_2.py took 0.221 seconds
[2023-11-03T19:52:52.388+0000] {processor.py:157} INFO - Started process (PID=34722) to work on /opt/airflow/dags/03_python_example_2.py
[2023-11-03T19:52:52.393+0000] {processor.py:829} INFO - Processing file /opt/airflow/dags/03_python_example_2.py for tasks to queue
[2023-11-03T19:52:52.404+0000] {logging_mixin.py:151} INFO - [2023-11-03T19:52:52.402+0000] {dagbag.py:536} INFO - Filling up the DagBag from /opt/airflow/dags/03_python_example_2.py
[2023-11-03T19:52:52.435+0000] {processor.py:839} INFO - DAG(s) dict_keys(['03_python_example_2']) retrieved from /opt/airflow/dags/03_python_example_2.py
[2023-11-03T19:52:52.495+0000] {logging_mixin.py:151} INFO - [2023-11-03T19:52:52.495+0000] {dag.py:2941} INFO - Sync 1 DAGs
[2023-11-03T19:52:52.556+0000] {logging_mixin.py:151} INFO - [2023-11-03T19:52:52.555+0000] {dag.py:3722} INFO - Setting next_dagrun for 03_python_example_2 to 2023-10-12T00:00:00+00:00, run_after=2023-10-12T00:00:00+00:00
[2023-11-03T19:52:52.615+0000] {processor.py:179} INFO - Processing /opt/airflow/dags/03_python_example_2.py took 0.239 seconds
[2023-11-03T19:53:22.835+0000] {processor.py:157} INFO - Started process (PID=34784) to work on /opt/airflow/dags/03_python_example_2.py
[2023-11-03T19:53:22.838+0000] {processor.py:829} INFO - Processing file /opt/airflow/dags/03_python_example_2.py for tasks to queue
[2023-11-03T19:53:22.846+0000] {logging_mixin.py:151} INFO - [2023-11-03T19:53:22.845+0000] {dagbag.py:536} INFO - Filling up the DagBag from /opt/airflow/dags/03_python_example_2.py
[2023-11-03T19:53:22.865+0000] {processor.py:839} INFO - DAG(s) dict_keys(['03_python_example_2']) retrieved from /opt/airflow/dags/03_python_example_2.py
[2023-11-03T19:53:22.928+0000] {logging_mixin.py:151} INFO - [2023-11-03T19:53:22.927+0000] {dag.py:2941} INFO - Sync 1 DAGs
[2023-11-03T19:53:22.997+0000] {logging_mixin.py:151} INFO - [2023-11-03T19:53:22.996+0000] {dag.py:3722} INFO - Setting next_dagrun for 03_python_example_2 to 2023-10-12T00:00:00+00:00, run_after=2023-10-12T00:00:00+00:00
[2023-11-03T19:53:23.084+0000] {processor.py:179} INFO - Processing /opt/airflow/dags/03_python_example_2.py took 0.257 seconds
[2023-11-03T19:53:53.267+0000] {processor.py:157} INFO - Started process (PID=34846) to work on /opt/airflow/dags/03_python_example_2.py
[2023-11-03T19:53:53.270+0000] {processor.py:829} INFO - Processing file /opt/airflow/dags/03_python_example_2.py for tasks to queue
[2023-11-03T19:53:53.280+0000] {logging_mixin.py:151} INFO - [2023-11-03T19:53:53.278+0000] {dagbag.py:536} INFO - Filling up the DagBag from /opt/airflow/dags/03_python_example_2.py
[2023-11-03T19:53:53.314+0000] {processor.py:839} INFO - DAG(s) dict_keys(['03_python_example_2']) retrieved from /opt/airflow/dags/03_python_example_2.py
[2023-11-03T19:53:53.375+0000] {logging_mixin.py:151} INFO - [2023-11-03T19:53:53.374+0000] {dag.py:2941} INFO - Sync 1 DAGs
[2023-11-03T19:53:53.440+0000] {logging_mixin.py:151} INFO - [2023-11-03T19:53:53.439+0000] {dag.py:3722} INFO - Setting next_dagrun for 03_python_example_2 to 2023-10-12T00:00:00+00:00, run_after=2023-10-12T00:00:00+00:00
[2023-11-03T19:53:53.508+0000] {processor.py:179} INFO - Processing /opt/airflow/dags/03_python_example_2.py took 0.252 seconds
[2023-11-03T19:54:23.893+0000] {processor.py:157} INFO - Started process (PID=34908) to work on /opt/airflow/dags/03_python_example_2.py
[2023-11-03T19:54:23.900+0000] {processor.py:829} INFO - Processing file /opt/airflow/dags/03_python_example_2.py for tasks to queue
[2023-11-03T19:54:23.926+0000] {logging_mixin.py:151} INFO - [2023-11-03T19:54:23.924+0000] {dagbag.py:536} INFO - Filling up the DagBag from /opt/airflow/dags/03_python_example_2.py
[2023-11-03T19:54:23.961+0000] {processor.py:839} INFO - DAG(s) dict_keys(['03_python_example_2']) retrieved from /opt/airflow/dags/03_python_example_2.py
[2023-11-03T19:54:24.033+0000] {logging_mixin.py:151} INFO - [2023-11-03T19:54:24.032+0000] {dag.py:2941} INFO - Sync 1 DAGs
[2023-11-03T19:54:24.111+0000] {logging_mixin.py:151} INFO - [2023-11-03T19:54:24.110+0000] {dag.py:3722} INFO - Setting next_dagrun for 03_python_example_2 to 2023-10-12T00:00:00+00:00, run_after=2023-10-12T00:00:00+00:00
[2023-11-03T19:54:24.181+0000] {processor.py:179} INFO - Processing /opt/airflow/dags/03_python_example_2.py took 0.308 seconds
[2023-11-03T19:54:54.291+0000] {processor.py:157} INFO - Started process (PID=34970) to work on /opt/airflow/dags/03_python_example_2.py
[2023-11-03T19:54:54.294+0000] {processor.py:829} INFO - Processing file /opt/airflow/dags/03_python_example_2.py for tasks to queue
[2023-11-03T19:54:54.302+0000] {logging_mixin.py:151} INFO - [2023-11-03T19:54:54.301+0000] {dagbag.py:536} INFO - Filling up the DagBag from /opt/airflow/dags/03_python_example_2.py
[2023-11-03T19:54:54.329+0000] {processor.py:839} INFO - DAG(s) dict_keys(['03_python_example_2']) retrieved from /opt/airflow/dags/03_python_example_2.py
[2023-11-03T19:54:54.408+0000] {logging_mixin.py:151} INFO - [2023-11-03T19:54:54.408+0000] {dag.py:2941} INFO - Sync 1 DAGs
[2023-11-03T19:54:54.478+0000] {logging_mixin.py:151} INFO - [2023-11-03T19:54:54.477+0000] {dag.py:3722} INFO - Setting next_dagrun for 03_python_example_2 to 2023-10-12T00:00:00+00:00, run_after=2023-10-12T00:00:00+00:00
[2023-11-03T19:54:54.556+0000] {processor.py:179} INFO - Processing /opt/airflow/dags/03_python_example_2.py took 0.274 seconds
[2023-11-03T19:55:24.646+0000] {processor.py:157} INFO - Started process (PID=35032) to work on /opt/airflow/dags/03_python_example_2.py
[2023-11-03T19:55:24.649+0000] {processor.py:829} INFO - Processing file /opt/airflow/dags/03_python_example_2.py for tasks to queue
[2023-11-03T19:55:24.659+0000] {logging_mixin.py:151} INFO - [2023-11-03T19:55:24.657+0000] {dagbag.py:536} INFO - Filling up the DagBag from /opt/airflow/dags/03_python_example_2.py
[2023-11-03T19:55:24.685+0000] {processor.py:839} INFO - DAG(s) dict_keys(['03_python_example_2']) retrieved from /opt/airflow/dags/03_python_example_2.py
[2023-11-03T19:55:24.745+0000] {logging_mixin.py:151} INFO - [2023-11-03T19:55:24.744+0000] {dag.py:2941} INFO - Sync 1 DAGs
[2023-11-03T19:55:24.803+0000] {logging_mixin.py:151} INFO - [2023-11-03T19:55:24.803+0000] {dag.py:3722} INFO - Setting next_dagrun for 03_python_example_2 to 2023-10-12T00:00:00+00:00, run_after=2023-10-12T00:00:00+00:00
[2023-11-03T19:55:24.857+0000] {processor.py:179} INFO - Processing /opt/airflow/dags/03_python_example_2.py took 0.222 seconds
[2023-11-03T19:55:55.177+0000] {processor.py:157} INFO - Started process (PID=35094) to work on /opt/airflow/dags/03_python_example_2.py
[2023-11-03T19:55:55.181+0000] {processor.py:829} INFO - Processing file /opt/airflow/dags/03_python_example_2.py for tasks to queue
[2023-11-03T19:55:55.195+0000] {logging_mixin.py:151} INFO - [2023-11-03T19:55:55.193+0000] {dagbag.py:536} INFO - Filling up the DagBag from /opt/airflow/dags/03_python_example_2.py
[2023-11-03T19:55:55.230+0000] {processor.py:839} INFO - DAG(s) dict_keys(['03_python_example_2']) retrieved from /opt/airflow/dags/03_python_example_2.py
[2023-11-03T19:55:55.286+0000] {logging_mixin.py:151} INFO - [2023-11-03T19:55:55.285+0000] {dag.py:2941} INFO - Sync 1 DAGs
[2023-11-03T19:55:55.345+0000] {logging_mixin.py:151} INFO - [2023-11-03T19:55:55.344+0000] {dag.py:3722} INFO - Setting next_dagrun for 03_python_example_2 to 2023-10-12T00:00:00+00:00, run_after=2023-10-12T00:00:00+00:00
[2023-11-03T19:55:55.401+0000] {processor.py:179} INFO - Processing /opt/airflow/dags/03_python_example_2.py took 0.235 seconds
[2023-11-03T19:56:25.746+0000] {processor.py:157} INFO - Started process (PID=35156) to work on /opt/airflow/dags/03_python_example_2.py
[2023-11-03T19:56:25.761+0000] {processor.py:829} INFO - Processing file /opt/airflow/dags/03_python_example_2.py for tasks to queue
[2023-11-03T19:56:25.771+0000] {logging_mixin.py:151} INFO - [2023-11-03T19:56:25.770+0000] {dagbag.py:536} INFO - Filling up the DagBag from /opt/airflow/dags/03_python_example_2.py
[2023-11-03T19:56:25.831+0000] {processor.py:839} INFO - DAG(s) dict_keys(['03_python_example_2']) retrieved from /opt/airflow/dags/03_python_example_2.py
[2023-11-03T19:56:25.950+0000] {logging_mixin.py:151} INFO - [2023-11-03T19:56:25.949+0000] {dag.py:2941} INFO - Sync 1 DAGs
[2023-11-03T19:56:26.039+0000] {logging_mixin.py:151} INFO - [2023-11-03T19:56:26.038+0000] {dag.py:3722} INFO - Setting next_dagrun for 03_python_example_2 to 2023-10-12T00:00:00+00:00, run_after=2023-10-12T00:00:00+00:00
[2023-11-03T19:56:26.094+0000] {processor.py:179} INFO - Processing /opt/airflow/dags/03_python_example_2.py took 0.360 seconds
[2023-11-03T19:56:56.799+0000] {processor.py:157} INFO - Started process (PID=35218) to work on /opt/airflow/dags/03_python_example_2.py
[2023-11-03T19:56:56.802+0000] {processor.py:829} INFO - Processing file /opt/airflow/dags/03_python_example_2.py for tasks to queue
[2023-11-03T19:56:56.812+0000] {logging_mixin.py:151} INFO - [2023-11-03T19:56:56.810+0000] {dagbag.py:536} INFO - Filling up the DagBag from /opt/airflow/dags/03_python_example_2.py
[2023-11-03T19:56:56.844+0000] {processor.py:839} INFO - DAG(s) dict_keys(['03_python_example_2']) retrieved from /opt/airflow/dags/03_python_example_2.py
[2023-11-03T19:56:56.909+0000] {logging_mixin.py:151} INFO - [2023-11-03T19:56:56.908+0000] {dag.py:2941} INFO - Sync 1 DAGs
[2023-11-03T19:56:56.978+0000] {logging_mixin.py:151} INFO - [2023-11-03T19:56:56.977+0000] {dag.py:3722} INFO - Setting next_dagrun for 03_python_example_2 to 2023-10-12T00:00:00+00:00, run_after=2023-10-12T00:00:00+00:00
[2023-11-03T19:56:57.035+0000] {processor.py:179} INFO - Processing /opt/airflow/dags/03_python_example_2.py took 0.245 seconds
[2023-11-03T19:57:27.327+0000] {processor.py:157} INFO - Started process (PID=35280) to work on /opt/airflow/dags/03_python_example_2.py
[2023-11-03T19:57:27.332+0000] {processor.py:829} INFO - Processing file /opt/airflow/dags/03_python_example_2.py for tasks to queue
[2023-11-03T19:57:27.346+0000] {logging_mixin.py:151} INFO - [2023-11-03T19:57:27.344+0000] {dagbag.py:536} INFO - Filling up the DagBag from /opt/airflow/dags/03_python_example_2.py
[2023-11-03T19:57:27.378+0000] {processor.py:839} INFO - DAG(s) dict_keys(['03_python_example_2']) retrieved from /opt/airflow/dags/03_python_example_2.py
[2023-11-03T19:57:27.441+0000] {logging_mixin.py:151} INFO - [2023-11-03T19:57:27.440+0000] {dag.py:2941} INFO - Sync 1 DAGs
[2023-11-03T19:57:27.515+0000] {logging_mixin.py:151} INFO - [2023-11-03T19:57:27.514+0000] {dag.py:3722} INFO - Setting next_dagrun for 03_python_example_2 to 2023-10-12T00:00:00+00:00, run_after=2023-10-12T00:00:00+00:00
[2023-11-03T19:57:27.617+0000] {processor.py:179} INFO - Processing /opt/airflow/dags/03_python_example_2.py took 0.302 seconds
[2023-11-03T19:57:57.898+0000] {processor.py:157} INFO - Started process (PID=35342) to work on /opt/airflow/dags/03_python_example_2.py
[2023-11-03T19:57:57.901+0000] {processor.py:829} INFO - Processing file /opt/airflow/dags/03_python_example_2.py for tasks to queue
[2023-11-03T19:57:57.910+0000] {logging_mixin.py:151} INFO - [2023-11-03T19:57:57.908+0000] {dagbag.py:536} INFO - Filling up the DagBag from /opt/airflow/dags/03_python_example_2.py
[2023-11-03T19:57:57.935+0000] {processor.py:839} INFO - DAG(s) dict_keys(['03_python_example_2']) retrieved from /opt/airflow/dags/03_python_example_2.py
[2023-11-03T19:57:58.008+0000] {logging_mixin.py:151} INFO - [2023-11-03T19:57:58.007+0000] {dag.py:2941} INFO - Sync 1 DAGs
[2023-11-03T19:57:58.069+0000] {logging_mixin.py:151} INFO - [2023-11-03T19:57:58.065+0000] {dag.py:3722} INFO - Setting next_dagrun for 03_python_example_2 to 2023-10-12T00:00:00+00:00, run_after=2023-10-12T00:00:00+00:00
[2023-11-03T19:57:58.130+0000] {processor.py:179} INFO - Processing /opt/airflow/dags/03_python_example_2.py took 0.241 seconds
[2023-11-03T19:58:28.242+0000] {processor.py:157} INFO - Started process (PID=35404) to work on /opt/airflow/dags/03_python_example_2.py
[2023-11-03T19:58:28.245+0000] {processor.py:829} INFO - Processing file /opt/airflow/dags/03_python_example_2.py for tasks to queue
[2023-11-03T19:58:28.254+0000] {logging_mixin.py:151} INFO - [2023-11-03T19:58:28.252+0000] {dagbag.py:536} INFO - Filling up the DagBag from /opt/airflow/dags/03_python_example_2.py
[2023-11-03T19:58:28.281+0000] {processor.py:839} INFO - DAG(s) dict_keys(['03_python_example_2']) retrieved from /opt/airflow/dags/03_python_example_2.py
[2023-11-03T19:58:28.344+0000] {logging_mixin.py:151} INFO - [2023-11-03T19:58:28.343+0000] {dag.py:2941} INFO - Sync 1 DAGs
[2023-11-03T19:58:28.414+0000] {logging_mixin.py:151} INFO - [2023-11-03T19:58:28.408+0000] {dag.py:3722} INFO - Setting next_dagrun for 03_python_example_2 to 2023-10-12T00:00:00+00:00, run_after=2023-10-12T00:00:00+00:00
[2023-11-03T19:58:28.475+0000] {processor.py:179} INFO - Processing /opt/airflow/dags/03_python_example_2.py took 0.242 seconds
[2023-11-03T19:58:58.712+0000] {processor.py:157} INFO - Started process (PID=35463) to work on /opt/airflow/dags/03_python_example_2.py
[2023-11-03T19:58:58.715+0000] {processor.py:829} INFO - Processing file /opt/airflow/dags/03_python_example_2.py for tasks to queue
[2023-11-03T19:58:58.723+0000] {logging_mixin.py:151} INFO - [2023-11-03T19:58:58.722+0000] {dagbag.py:536} INFO - Filling up the DagBag from /opt/airflow/dags/03_python_example_2.py
[2023-11-03T19:58:58.745+0000] {processor.py:839} INFO - DAG(s) dict_keys(['03_python_example_2']) retrieved from /opt/airflow/dags/03_python_example_2.py
[2023-11-03T19:58:58.801+0000] {logging_mixin.py:151} INFO - [2023-11-03T19:58:58.801+0000] {dag.py:2941} INFO - Sync 1 DAGs
[2023-11-03T19:58:58.859+0000] {logging_mixin.py:151} INFO - [2023-11-03T19:58:58.858+0000] {dag.py:3722} INFO - Setting next_dagrun for 03_python_example_2 to 2023-10-12T00:00:00+00:00, run_after=2023-10-12T00:00:00+00:00
[2023-11-03T19:58:58.913+0000] {processor.py:179} INFO - Processing /opt/airflow/dags/03_python_example_2.py took 0.210 seconds
[2023-11-03T19:59:29.039+0000] {processor.py:157} INFO - Started process (PID=35522) to work on /opt/airflow/dags/03_python_example_2.py
[2023-11-03T19:59:29.043+0000] {processor.py:829} INFO - Processing file /opt/airflow/dags/03_python_example_2.py for tasks to queue
[2023-11-03T19:59:29.053+0000] {logging_mixin.py:151} INFO - [2023-11-03T19:59:29.051+0000] {dagbag.py:536} INFO - Filling up the DagBag from /opt/airflow/dags/03_python_example_2.py
[2023-11-03T19:59:29.076+0000] {processor.py:839} INFO - DAG(s) dict_keys(['03_python_example_2']) retrieved from /opt/airflow/dags/03_python_example_2.py
[2023-11-03T19:59:29.133+0000] {logging_mixin.py:151} INFO - [2023-11-03T19:59:29.132+0000] {dag.py:2941} INFO - Sync 1 DAGs
[2023-11-03T19:59:29.197+0000] {logging_mixin.py:151} INFO - [2023-11-03T19:59:29.196+0000] {dag.py:3722} INFO - Setting next_dagrun for 03_python_example_2 to 2023-10-12T00:00:00+00:00, run_after=2023-10-12T00:00:00+00:00
[2023-11-03T19:59:29.264+0000] {processor.py:179} INFO - Processing /opt/airflow/dags/03_python_example_2.py took 0.236 seconds
[2023-11-03T19:59:59.470+0000] {processor.py:157} INFO - Started process (PID=35583) to work on /opt/airflow/dags/03_python_example_2.py
[2023-11-03T19:59:59.474+0000] {processor.py:829} INFO - Processing file /opt/airflow/dags/03_python_example_2.py for tasks to queue
[2023-11-03T19:59:59.482+0000] {logging_mixin.py:151} INFO - [2023-11-03T19:59:59.480+0000] {dagbag.py:536} INFO - Filling up the DagBag from /opt/airflow/dags/03_python_example_2.py
[2023-11-03T19:59:59.501+0000] {processor.py:839} INFO - DAG(s) dict_keys(['03_python_example_2']) retrieved from /opt/airflow/dags/03_python_example_2.py
[2023-11-03T19:59:59.553+0000] {logging_mixin.py:151} INFO - [2023-11-03T19:59:59.552+0000] {dag.py:2941} INFO - Sync 1 DAGs
[2023-11-03T19:59:59.627+0000] {logging_mixin.py:151} INFO - [2023-11-03T19:59:59.627+0000] {dag.py:3722} INFO - Setting next_dagrun for 03_python_example_2 to 2023-10-12T00:00:00+00:00, run_after=2023-10-12T00:00:00+00:00
[2023-11-03T19:59:59.688+0000] {processor.py:179} INFO - Processing /opt/airflow/dags/03_python_example_2.py took 0.226 seconds
[2023-11-03T20:00:30.033+0000] {processor.py:157} INFO - Started process (PID=35644) to work on /opt/airflow/dags/03_python_example_2.py
[2023-11-03T20:00:30.037+0000] {processor.py:829} INFO - Processing file /opt/airflow/dags/03_python_example_2.py for tasks to queue
[2023-11-03T20:00:30.048+0000] {logging_mixin.py:151} INFO - [2023-11-03T20:00:30.047+0000] {dagbag.py:536} INFO - Filling up the DagBag from /opt/airflow/dags/03_python_example_2.py
[2023-11-03T20:00:30.077+0000] {processor.py:839} INFO - DAG(s) dict_keys(['03_python_example_2']) retrieved from /opt/airflow/dags/03_python_example_2.py
[2023-11-03T20:00:30.131+0000] {logging_mixin.py:151} INFO - [2023-11-03T20:00:30.130+0000] {dag.py:2941} INFO - Sync 1 DAGs
[2023-11-03T20:00:30.190+0000] {logging_mixin.py:151} INFO - [2023-11-03T20:00:30.189+0000] {dag.py:3722} INFO - Setting next_dagrun for 03_python_example_2 to 2023-10-12T00:00:00+00:00, run_after=2023-10-12T00:00:00+00:00
[2023-11-03T20:00:30.251+0000] {processor.py:179} INFO - Processing /opt/airflow/dags/03_python_example_2.py took 0.226 seconds
[2023-11-03T20:01:00.362+0000] {processor.py:157} INFO - Started process (PID=35706) to work on /opt/airflow/dags/03_python_example_2.py
[2023-11-03T20:01:00.366+0000] {processor.py:829} INFO - Processing file /opt/airflow/dags/03_python_example_2.py for tasks to queue
[2023-11-03T20:01:00.376+0000] {logging_mixin.py:151} INFO - [2023-11-03T20:01:00.374+0000] {dagbag.py:536} INFO - Filling up the DagBag from /opt/airflow/dags/03_python_example_2.py
[2023-11-03T20:01:00.402+0000] {processor.py:839} INFO - DAG(s) dict_keys(['03_python_example_2']) retrieved from /opt/airflow/dags/03_python_example_2.py
[2023-11-03T20:01:00.454+0000] {logging_mixin.py:151} INFO - [2023-11-03T20:01:00.454+0000] {dag.py:2941} INFO - Sync 1 DAGs
[2023-11-03T20:01:00.530+0000] {logging_mixin.py:151} INFO - [2023-11-03T20:01:00.529+0000] {dag.py:3722} INFO - Setting next_dagrun for 03_python_example_2 to 2023-10-12T00:00:00+00:00, run_after=2023-10-12T00:00:00+00:00
[2023-11-03T20:01:00.587+0000] {processor.py:179} INFO - Processing /opt/airflow/dags/03_python_example_2.py took 0.240 seconds
[2023-11-03T20:01:30.894+0000] {processor.py:157} INFO - Started process (PID=35768) to work on /opt/airflow/dags/03_python_example_2.py
[2023-11-03T20:01:30.897+0000] {processor.py:829} INFO - Processing file /opt/airflow/dags/03_python_example_2.py for tasks to queue
[2023-11-03T20:01:30.904+0000] {logging_mixin.py:151} INFO - [2023-11-03T20:01:30.903+0000] {dagbag.py:536} INFO - Filling up the DagBag from /opt/airflow/dags/03_python_example_2.py
[2023-11-03T20:01:30.926+0000] {processor.py:839} INFO - DAG(s) dict_keys(['03_python_example_2']) retrieved from /opt/airflow/dags/03_python_example_2.py
[2023-11-03T20:01:30.981+0000] {logging_mixin.py:151} INFO - [2023-11-03T20:01:30.980+0000] {dag.py:2941} INFO - Sync 1 DAGs
[2023-11-03T20:01:31.055+0000] {logging_mixin.py:151} INFO - [2023-11-03T20:01:31.055+0000] {dag.py:3722} INFO - Setting next_dagrun for 03_python_example_2 to 2023-10-12T00:00:00+00:00, run_after=2023-10-12T00:00:00+00:00
[2023-11-03T20:01:31.112+0000] {processor.py:179} INFO - Processing /opt/airflow/dags/03_python_example_2.py took 0.231 seconds
[2023-11-03T20:02:01.904+0000] {processor.py:157} INFO - Started process (PID=35830) to work on /opt/airflow/dags/03_python_example_2.py
[2023-11-03T20:02:01.907+0000] {processor.py:829} INFO - Processing file /opt/airflow/dags/03_python_example_2.py for tasks to queue
[2023-11-03T20:02:01.914+0000] {logging_mixin.py:151} INFO - [2023-11-03T20:02:01.912+0000] {dagbag.py:536} INFO - Filling up the DagBag from /opt/airflow/dags/03_python_example_2.py
[2023-11-03T20:02:01.934+0000] {processor.py:839} INFO - DAG(s) dict_keys(['03_python_example_2']) retrieved from /opt/airflow/dags/03_python_example_2.py
[2023-11-03T20:02:01.992+0000] {logging_mixin.py:151} INFO - [2023-11-03T20:02:01.991+0000] {dag.py:2941} INFO - Sync 1 DAGs
[2023-11-03T20:02:02.058+0000] {logging_mixin.py:151} INFO - [2023-11-03T20:02:02.058+0000] {dag.py:3722} INFO - Setting next_dagrun for 03_python_example_2 to 2023-10-12T00:00:00+00:00, run_after=2023-10-12T00:00:00+00:00
[2023-11-03T20:02:02.124+0000] {processor.py:179} INFO - Processing /opt/airflow/dags/03_python_example_2.py took 0.226 seconds
[2023-11-03T20:02:32.796+0000] {processor.py:157} INFO - Started process (PID=35892) to work on /opt/airflow/dags/03_python_example_2.py
[2023-11-03T20:02:32.799+0000] {processor.py:829} INFO - Processing file /opt/airflow/dags/03_python_example_2.py for tasks to queue
[2023-11-03T20:02:32.809+0000] {logging_mixin.py:151} INFO - [2023-11-03T20:02:32.807+0000] {dagbag.py:536} INFO - Filling up the DagBag from /opt/airflow/dags/03_python_example_2.py
[2023-11-03T20:02:32.843+0000] {processor.py:839} INFO - DAG(s) dict_keys(['03_python_example_2']) retrieved from /opt/airflow/dags/03_python_example_2.py
[2023-11-03T20:02:32.916+0000] {logging_mixin.py:151} INFO - [2023-11-03T20:02:32.915+0000] {dag.py:2941} INFO - Sync 1 DAGs
[2023-11-03T20:02:33.005+0000] {logging_mixin.py:151} INFO - [2023-11-03T20:02:33.004+0000] {dag.py:3722} INFO - Setting next_dagrun for 03_python_example_2 to 2023-10-12T00:00:00+00:00, run_after=2023-10-12T00:00:00+00:00
[2023-11-03T20:02:33.092+0000] {processor.py:179} INFO - Processing /opt/airflow/dags/03_python_example_2.py took 0.305 seconds
[2023-11-03T20:03:03.317+0000] {processor.py:157} INFO - Started process (PID=35954) to work on /opt/airflow/dags/03_python_example_2.py
[2023-11-03T20:03:03.319+0000] {processor.py:829} INFO - Processing file /opt/airflow/dags/03_python_example_2.py for tasks to queue
[2023-11-03T20:03:03.326+0000] {logging_mixin.py:151} INFO - [2023-11-03T20:03:03.325+0000] {dagbag.py:536} INFO - Filling up the DagBag from /opt/airflow/dags/03_python_example_2.py
[2023-11-03T20:03:03.347+0000] {processor.py:839} INFO - DAG(s) dict_keys(['03_python_example_2']) retrieved from /opt/airflow/dags/03_python_example_2.py
[2023-11-03T20:03:03.400+0000] {logging_mixin.py:151} INFO - [2023-11-03T20:03:03.399+0000] {dag.py:2941} INFO - Sync 1 DAGs
[2023-11-03T20:03:03.506+0000] {logging_mixin.py:151} INFO - [2023-11-03T20:03:03.505+0000] {dag.py:3722} INFO - Setting next_dagrun for 03_python_example_2 to 2023-10-12T00:00:00+00:00, run_after=2023-10-12T00:00:00+00:00
[2023-11-03T20:03:03.595+0000] {processor.py:179} INFO - Processing /opt/airflow/dags/03_python_example_2.py took 0.287 seconds
[2023-11-03T20:03:34.168+0000] {processor.py:157} INFO - Started process (PID=36017) to work on /opt/airflow/dags/03_python_example_2.py
[2023-11-03T20:03:34.170+0000] {processor.py:829} INFO - Processing file /opt/airflow/dags/03_python_example_2.py for tasks to queue
[2023-11-03T20:03:34.177+0000] {logging_mixin.py:151} INFO - [2023-11-03T20:03:34.176+0000] {dagbag.py:536} INFO - Filling up the DagBag from /opt/airflow/dags/03_python_example_2.py
[2023-11-03T20:03:34.203+0000] {processor.py:839} INFO - DAG(s) dict_keys(['03_python_example_2']) retrieved from /opt/airflow/dags/03_python_example_2.py
[2023-11-03T20:03:34.256+0000] {logging_mixin.py:151} INFO - [2023-11-03T20:03:34.256+0000] {dag.py:2941} INFO - Sync 1 DAGs
[2023-11-03T20:03:34.319+0000] {logging_mixin.py:151} INFO - [2023-11-03T20:03:34.319+0000] {dag.py:3722} INFO - Setting next_dagrun for 03_python_example_2 to 2023-10-12T00:00:00+00:00, run_after=2023-10-12T00:00:00+00:00
[2023-11-03T20:03:34.393+0000] {processor.py:179} INFO - Processing /opt/airflow/dags/03_python_example_2.py took 0.235 seconds
[2023-11-03T20:04:04.997+0000] {processor.py:157} INFO - Started process (PID=36080) to work on /opt/airflow/dags/03_python_example_2.py
[2023-11-03T20:04:05.000+0000] {processor.py:829} INFO - Processing file /opt/airflow/dags/03_python_example_2.py for tasks to queue
[2023-11-03T20:04:05.008+0000] {logging_mixin.py:151} INFO - [2023-11-03T20:04:05.006+0000] {dagbag.py:536} INFO - Filling up the DagBag from /opt/airflow/dags/03_python_example_2.py
[2023-11-03T20:04:05.028+0000] {processor.py:839} INFO - DAG(s) dict_keys(['03_python_example_2']) retrieved from /opt/airflow/dags/03_python_example_2.py
[2023-11-03T20:04:05.085+0000] {logging_mixin.py:151} INFO - [2023-11-03T20:04:05.085+0000] {dag.py:2941} INFO - Sync 1 DAGs
[2023-11-03T20:04:05.152+0000] {logging_mixin.py:151} INFO - [2023-11-03T20:04:05.151+0000] {dag.py:3722} INFO - Setting next_dagrun for 03_python_example_2 to 2023-10-12T00:00:00+00:00, run_after=2023-10-12T00:00:00+00:00
[2023-11-03T20:04:05.227+0000] {processor.py:179} INFO - Processing /opt/airflow/dags/03_python_example_2.py took 0.239 seconds
[2023-11-03T20:04:35.831+0000] {processor.py:157} INFO - Started process (PID=36141) to work on /opt/airflow/dags/03_python_example_2.py
[2023-11-03T20:04:35.858+0000] {processor.py:829} INFO - Processing file /opt/airflow/dags/03_python_example_2.py for tasks to queue
[2023-11-03T20:04:35.866+0000] {logging_mixin.py:151} INFO - [2023-11-03T20:04:35.864+0000] {dagbag.py:536} INFO - Filling up the DagBag from /opt/airflow/dags/03_python_example_2.py
[2023-11-03T20:04:35.929+0000] {processor.py:839} INFO - DAG(s) dict_keys(['03_python_example_2']) retrieved from /opt/airflow/dags/03_python_example_2.py
[2023-11-03T20:04:35.987+0000] {logging_mixin.py:151} INFO - [2023-11-03T20:04:35.986+0000] {dag.py:2941} INFO - Sync 1 DAGs
[2023-11-03T20:04:36.054+0000] {logging_mixin.py:151} INFO - [2023-11-03T20:04:36.053+0000] {dag.py:3722} INFO - Setting next_dagrun for 03_python_example_2 to 2023-10-12T00:00:00+00:00, run_after=2023-10-12T00:00:00+00:00
[2023-11-03T20:04:36.108+0000] {processor.py:179} INFO - Processing /opt/airflow/dags/03_python_example_2.py took 0.287 seconds
[2023-11-03T20:05:06.677+0000] {processor.py:157} INFO - Started process (PID=36203) to work on /opt/airflow/dags/03_python_example_2.py
[2023-11-03T20:05:06.680+0000] {processor.py:829} INFO - Processing file /opt/airflow/dags/03_python_example_2.py for tasks to queue
[2023-11-03T20:05:06.687+0000] {logging_mixin.py:151} INFO - [2023-11-03T20:05:06.685+0000] {dagbag.py:536} INFO - Filling up the DagBag from /opt/airflow/dags/03_python_example_2.py
[2023-11-03T20:05:06.709+0000] {processor.py:839} INFO - DAG(s) dict_keys(['03_python_example_2']) retrieved from /opt/airflow/dags/03_python_example_2.py
[2023-11-03T20:05:06.766+0000] {logging_mixin.py:151} INFO - [2023-11-03T20:05:06.765+0000] {dag.py:2941} INFO - Sync 1 DAGs
[2023-11-03T20:05:06.829+0000] {logging_mixin.py:151} INFO - [2023-11-03T20:05:06.829+0000] {dag.py:3722} INFO - Setting next_dagrun for 03_python_example_2 to 2023-10-12T00:00:00+00:00, run_after=2023-10-12T00:00:00+00:00
[2023-11-03T20:05:06.886+0000] {processor.py:179} INFO - Processing /opt/airflow/dags/03_python_example_2.py took 0.219 seconds
[2023-11-03T20:05:37.062+0000] {processor.py:157} INFO - Started process (PID=36265) to work on /opt/airflow/dags/03_python_example_2.py
[2023-11-03T20:05:37.065+0000] {processor.py:829} INFO - Processing file /opt/airflow/dags/03_python_example_2.py for tasks to queue
[2023-11-03T20:05:37.072+0000] {logging_mixin.py:151} INFO - [2023-11-03T20:05:37.071+0000] {dagbag.py:536} INFO - Filling up the DagBag from /opt/airflow/dags/03_python_example_2.py
[2023-11-03T20:05:37.095+0000] {processor.py:839} INFO - DAG(s) dict_keys(['03_python_example_2']) retrieved from /opt/airflow/dags/03_python_example_2.py
[2023-11-03T20:05:37.151+0000] {logging_mixin.py:151} INFO - [2023-11-03T20:05:37.151+0000] {dag.py:2941} INFO - Sync 1 DAGs
[2023-11-03T20:05:37.249+0000] {logging_mixin.py:151} INFO - [2023-11-03T20:05:37.249+0000] {dag.py:3722} INFO - Setting next_dagrun for 03_python_example_2 to 2023-10-12T00:00:00+00:00, run_after=2023-10-12T00:00:00+00:00
[2023-11-03T20:05:37.320+0000] {processor.py:179} INFO - Processing /opt/airflow/dags/03_python_example_2.py took 0.266 seconds
