[2023-11-03T19:42:37.973+0000] {processor.py:157} INFO - Started process (PID=33477) to work on /opt/airflow/dags/good_mornig.py
[2023-11-03T19:42:37.978+0000] {processor.py:829} INFO - Processing file /opt/airflow/dags/good_mornig.py for tasks to queue
[2023-11-03T19:42:37.987+0000] {logging_mixin.py:151} INFO - [2023-11-03T19:42:37.986+0000] {dagbag.py:536} INFO - Filling up the DagBag from /opt/airflow/dags/good_mornig.py
[2023-11-03T19:42:38.069+0000] {processor.py:839} INFO - DAG(s) dict_keys(['good_morning_1']) retrieved from /opt/airflow/dags/good_mornig.py
[2023-11-03T19:42:38.271+0000] {logging_mixin.py:151} INFO - [2023-11-03T19:42:38.266+0000] {dag.py:2941} INFO - Sync 1 DAGs
[2023-11-03T19:42:38.504+0000] {logging_mixin.py:151} INFO - [2023-11-03T19:42:38.502+0000] {dag.py:3722} INFO - Setting next_dagrun for good_morning_1 to 2023-11-03T19:10:00+00:00, run_after=2023-11-03T20:10:00+00:00
[2023-11-03T19:42:38.640+0000] {processor.py:179} INFO - Processing /opt/airflow/dags/good_mornig.py took 0.678 seconds
[2023-11-03T19:43:08.766+0000] {processor.py:157} INFO - Started process (PID=33538) to work on /opt/airflow/dags/good_mornig.py
[2023-11-03T19:43:08.768+0000] {processor.py:829} INFO - Processing file /opt/airflow/dags/good_mornig.py for tasks to queue
[2023-11-03T19:43:08.775+0000] {logging_mixin.py:151} INFO - [2023-11-03T19:43:08.774+0000] {dagbag.py:536} INFO - Filling up the DagBag from /opt/airflow/dags/good_mornig.py
[2023-11-03T19:43:08.807+0000] {processor.py:839} INFO - DAG(s) dict_keys(['good_morning_1']) retrieved from /opt/airflow/dags/good_mornig.py
[2023-11-03T19:43:08.869+0000] {logging_mixin.py:151} INFO - [2023-11-03T19:43:08.868+0000] {dag.py:2941} INFO - Sync 1 DAGs
[2023-11-03T19:43:08.941+0000] {logging_mixin.py:151} INFO - [2023-11-03T19:43:08.941+0000] {dag.py:3722} INFO - Setting next_dagrun for good_morning_1 to 2023-11-03T19:10:00+00:00, run_after=2023-11-03T20:10:00+00:00
[2023-11-03T19:43:09.011+0000] {processor.py:179} INFO - Processing /opt/airflow/dags/good_mornig.py took 0.251 seconds
[2023-11-03T19:43:39.541+0000] {processor.py:157} INFO - Started process (PID=33600) to work on /opt/airflow/dags/good_mornig.py
[2023-11-03T19:43:39.544+0000] {processor.py:829} INFO - Processing file /opt/airflow/dags/good_mornig.py for tasks to queue
[2023-11-03T19:43:39.554+0000] {logging_mixin.py:151} INFO - [2023-11-03T19:43:39.552+0000] {dagbag.py:536} INFO - Filling up the DagBag from /opt/airflow/dags/good_mornig.py
[2023-11-03T19:43:39.587+0000] {processor.py:839} INFO - DAG(s) dict_keys(['good_morning_1']) retrieved from /opt/airflow/dags/good_mornig.py
[2023-11-03T19:43:39.651+0000] {logging_mixin.py:151} INFO - [2023-11-03T19:43:39.651+0000] {dag.py:2941} INFO - Sync 1 DAGs
[2023-11-03T19:43:39.745+0000] {logging_mixin.py:151} INFO - [2023-11-03T19:43:39.744+0000] {dag.py:3722} INFO - Setting next_dagrun for good_morning_1 to 2023-11-03T19:10:00+00:00, run_after=2023-11-03T20:10:00+00:00
[2023-11-03T19:43:39.917+0000] {processor.py:179} INFO - Processing /opt/airflow/dags/good_mornig.py took 0.386 seconds
[2023-11-03T19:44:10.229+0000] {processor.py:157} INFO - Started process (PID=33662) to work on /opt/airflow/dags/good_mornig.py
[2023-11-03T19:44:10.231+0000] {processor.py:829} INFO - Processing file /opt/airflow/dags/good_mornig.py for tasks to queue
[2023-11-03T19:44:10.241+0000] {logging_mixin.py:151} INFO - [2023-11-03T19:44:10.240+0000] {dagbag.py:536} INFO - Filling up the DagBag from /opt/airflow/dags/good_mornig.py
[2023-11-03T19:44:10.275+0000] {processor.py:839} INFO - DAG(s) dict_keys(['good_morning_1']) retrieved from /opt/airflow/dags/good_mornig.py
[2023-11-03T19:44:10.341+0000] {logging_mixin.py:151} INFO - [2023-11-03T19:44:10.340+0000] {dag.py:2941} INFO - Sync 1 DAGs
[2023-11-03T19:44:10.400+0000] {logging_mixin.py:151} INFO - [2023-11-03T19:44:10.399+0000] {dag.py:3722} INFO - Setting next_dagrun for good_morning_1 to 2023-11-03T19:10:00+00:00, run_after=2023-11-03T20:10:00+00:00
[2023-11-03T19:44:10.460+0000] {processor.py:179} INFO - Processing /opt/airflow/dags/good_mornig.py took 0.242 seconds
[2023-11-03T19:44:40.722+0000] {processor.py:157} INFO - Started process (PID=33724) to work on /opt/airflow/dags/good_mornig.py
[2023-11-03T19:44:40.724+0000] {processor.py:829} INFO - Processing file /opt/airflow/dags/good_mornig.py for tasks to queue
[2023-11-03T19:44:40.733+0000] {logging_mixin.py:151} INFO - [2023-11-03T19:44:40.732+0000] {dagbag.py:536} INFO - Filling up the DagBag from /opt/airflow/dags/good_mornig.py
[2023-11-03T19:44:40.767+0000] {processor.py:839} INFO - DAG(s) dict_keys(['good_morning_1']) retrieved from /opt/airflow/dags/good_mornig.py
[2023-11-03T19:44:40.846+0000] {logging_mixin.py:151} INFO - [2023-11-03T19:44:40.845+0000] {dag.py:2941} INFO - Sync 1 DAGs
[2023-11-03T19:44:40.920+0000] {logging_mixin.py:151} INFO - [2023-11-03T19:44:40.919+0000] {dag.py:3722} INFO - Setting next_dagrun for good_morning_1 to 2023-11-03T19:10:00+00:00, run_after=2023-11-03T20:10:00+00:00
[2023-11-03T19:44:40.984+0000] {processor.py:179} INFO - Processing /opt/airflow/dags/good_mornig.py took 0.277 seconds
[2023-11-03T19:45:11.339+0000] {processor.py:157} INFO - Started process (PID=33788) to work on /opt/airflow/dags/good_mornig.py
[2023-11-03T19:45:11.342+0000] {processor.py:829} INFO - Processing file /opt/airflow/dags/good_mornig.py for tasks to queue
[2023-11-03T19:45:11.349+0000] {logging_mixin.py:151} INFO - [2023-11-03T19:45:11.348+0000] {dagbag.py:536} INFO - Filling up the DagBag from /opt/airflow/dags/good_mornig.py
[2023-11-03T19:45:11.381+0000] {processor.py:839} INFO - DAG(s) dict_keys(['good_morning_1']) retrieved from /opt/airflow/dags/good_mornig.py
[2023-11-03T19:45:11.442+0000] {logging_mixin.py:151} INFO - [2023-11-03T19:45:11.441+0000] {dag.py:2941} INFO - Sync 1 DAGs
[2023-11-03T19:45:11.519+0000] {logging_mixin.py:151} INFO - [2023-11-03T19:45:11.519+0000] {dag.py:3722} INFO - Setting next_dagrun for good_morning_1 to 2023-11-03T19:10:00+00:00, run_after=2023-11-03T20:10:00+00:00
[2023-11-03T19:45:11.583+0000] {processor.py:179} INFO - Processing /opt/airflow/dags/good_mornig.py took 0.254 seconds
[2023-11-03T19:45:41.741+0000] {processor.py:157} INFO - Started process (PID=33849) to work on /opt/airflow/dags/good_mornig.py
[2023-11-03T19:45:41.749+0000] {processor.py:829} INFO - Processing file /opt/airflow/dags/good_mornig.py for tasks to queue
[2023-11-03T19:45:41.766+0000] {logging_mixin.py:151} INFO - [2023-11-03T19:45:41.765+0000] {dagbag.py:536} INFO - Filling up the DagBag from /opt/airflow/dags/good_mornig.py
[2023-11-03T19:45:41.866+0000] {processor.py:839} INFO - DAG(s) dict_keys(['good_morning_1']) retrieved from /opt/airflow/dags/good_mornig.py
[2023-11-03T19:45:41.999+0000] {logging_mixin.py:151} INFO - [2023-11-03T19:45:41.999+0000] {dag.py:2941} INFO - Sync 1 DAGs
[2023-11-03T19:45:42.076+0000] {logging_mixin.py:151} INFO - [2023-11-03T19:45:42.075+0000] {dag.py:3722} INFO - Setting next_dagrun for good_morning_1 to 2023-11-03T19:10:00+00:00, run_after=2023-11-03T20:10:00+00:00
[2023-11-03T19:45:42.143+0000] {processor.py:179} INFO - Processing /opt/airflow/dags/good_mornig.py took 0.415 seconds
[2023-11-03T19:46:12.316+0000] {processor.py:157} INFO - Started process (PID=33911) to work on /opt/airflow/dags/good_mornig.py
[2023-11-03T19:46:12.320+0000] {processor.py:829} INFO - Processing file /opt/airflow/dags/good_mornig.py for tasks to queue
[2023-11-03T19:46:12.328+0000] {logging_mixin.py:151} INFO - [2023-11-03T19:46:12.327+0000] {dagbag.py:536} INFO - Filling up the DagBag from /opt/airflow/dags/good_mornig.py
[2023-11-03T19:46:12.378+0000] {processor.py:839} INFO - DAG(s) dict_keys(['good_morning_1']) retrieved from /opt/airflow/dags/good_mornig.py
[2023-11-03T19:46:12.448+0000] {logging_mixin.py:151} INFO - [2023-11-03T19:46:12.447+0000] {dag.py:2941} INFO - Sync 1 DAGs
[2023-11-03T19:46:12.509+0000] {logging_mixin.py:151} INFO - [2023-11-03T19:46:12.508+0000] {dag.py:3722} INFO - Setting next_dagrun for good_morning_1 to 2023-11-03T19:10:00+00:00, run_after=2023-11-03T20:10:00+00:00
[2023-11-03T19:46:12.575+0000] {processor.py:179} INFO - Processing /opt/airflow/dags/good_mornig.py took 0.272 seconds
[2023-11-03T19:46:42.892+0000] {processor.py:157} INFO - Started process (PID=33973) to work on /opt/airflow/dags/good_mornig.py
[2023-11-03T19:46:42.895+0000] {processor.py:829} INFO - Processing file /opt/airflow/dags/good_mornig.py for tasks to queue
[2023-11-03T19:46:42.904+0000] {logging_mixin.py:151} INFO - [2023-11-03T19:46:42.902+0000] {dagbag.py:536} INFO - Filling up the DagBag from /opt/airflow/dags/good_mornig.py
[2023-11-03T19:46:42.947+0000] {processor.py:839} INFO - DAG(s) dict_keys(['good_morning_1']) retrieved from /opt/airflow/dags/good_mornig.py
[2023-11-03T19:46:43.003+0000] {logging_mixin.py:151} INFO - [2023-11-03T19:46:43.002+0000] {dag.py:2941} INFO - Sync 1 DAGs
[2023-11-03T19:46:43.065+0000] {logging_mixin.py:151} INFO - [2023-11-03T19:46:43.064+0000] {dag.py:3722} INFO - Setting next_dagrun for good_morning_1 to 2023-11-03T19:10:00+00:00, run_after=2023-11-03T20:10:00+00:00
[2023-11-03T19:46:43.132+0000] {processor.py:179} INFO - Processing /opt/airflow/dags/good_mornig.py took 0.252 seconds
[2023-11-03T19:47:13.648+0000] {processor.py:157} INFO - Started process (PID=34035) to work on /opt/airflow/dags/good_mornig.py
[2023-11-03T19:47:13.652+0000] {processor.py:829} INFO - Processing file /opt/airflow/dags/good_mornig.py for tasks to queue
[2023-11-03T19:47:13.660+0000] {logging_mixin.py:151} INFO - [2023-11-03T19:47:13.659+0000] {dagbag.py:536} INFO - Filling up the DagBag from /opt/airflow/dags/good_mornig.py
[2023-11-03T19:47:13.688+0000] {processor.py:839} INFO - DAG(s) dict_keys(['good_morning_1']) retrieved from /opt/airflow/dags/good_mornig.py
[2023-11-03T19:47:13.840+0000] {logging_mixin.py:151} INFO - [2023-11-03T19:47:13.839+0000] {dag.py:2941} INFO - Sync 1 DAGs
[2023-11-03T19:47:13.956+0000] {logging_mixin.py:151} INFO - [2023-11-03T19:47:13.956+0000] {dag.py:3722} INFO - Setting next_dagrun for good_morning_1 to 2023-11-03T19:10:00+00:00, run_after=2023-11-03T20:10:00+00:00
[2023-11-03T19:47:14.024+0000] {processor.py:179} INFO - Processing /opt/airflow/dags/good_mornig.py took 0.387 seconds
[2023-11-03T19:47:44.128+0000] {processor.py:157} INFO - Started process (PID=34097) to work on /opt/airflow/dags/good_mornig.py
[2023-11-03T19:47:44.131+0000] {processor.py:829} INFO - Processing file /opt/airflow/dags/good_mornig.py for tasks to queue
[2023-11-03T19:47:44.139+0000] {logging_mixin.py:151} INFO - [2023-11-03T19:47:44.137+0000] {dagbag.py:536} INFO - Filling up the DagBag from /opt/airflow/dags/good_mornig.py
[2023-11-03T19:47:44.178+0000] {processor.py:839} INFO - DAG(s) dict_keys(['good_morning_1']) retrieved from /opt/airflow/dags/good_mornig.py
[2023-11-03T19:47:44.245+0000] {logging_mixin.py:151} INFO - [2023-11-03T19:47:44.244+0000] {dag.py:2941} INFO - Sync 1 DAGs
[2023-11-03T19:47:44.312+0000] {logging_mixin.py:151} INFO - [2023-11-03T19:47:44.312+0000] {dag.py:3722} INFO - Setting next_dagrun for good_morning_1 to 2023-11-03T19:10:00+00:00, run_after=2023-11-03T20:10:00+00:00
[2023-11-03T19:47:44.373+0000] {processor.py:179} INFO - Processing /opt/airflow/dags/good_mornig.py took 0.255 seconds
[2023-11-03T19:48:14.649+0000] {processor.py:157} INFO - Started process (PID=34159) to work on /opt/airflow/dags/good_mornig.py
[2023-11-03T19:48:14.652+0000] {processor.py:829} INFO - Processing file /opt/airflow/dags/good_mornig.py for tasks to queue
[2023-11-03T19:48:14.660+0000] {logging_mixin.py:151} INFO - [2023-11-03T19:48:14.659+0000] {dagbag.py:536} INFO - Filling up the DagBag from /opt/airflow/dags/good_mornig.py
[2023-11-03T19:48:14.700+0000] {processor.py:839} INFO - DAG(s) dict_keys(['good_morning_1']) retrieved from /opt/airflow/dags/good_mornig.py
[2023-11-03T19:48:14.762+0000] {logging_mixin.py:151} INFO - [2023-11-03T19:48:14.762+0000] {dag.py:2941} INFO - Sync 1 DAGs
[2023-11-03T19:48:14.828+0000] {logging_mixin.py:151} INFO - [2023-11-03T19:48:14.827+0000] {dag.py:3722} INFO - Setting next_dagrun for good_morning_1 to 2023-11-03T19:10:00+00:00, run_after=2023-11-03T20:10:00+00:00
[2023-11-03T19:48:14.885+0000] {processor.py:179} INFO - Processing /opt/airflow/dags/good_mornig.py took 0.245 seconds
[2023-11-03T19:48:45.246+0000] {processor.py:157} INFO - Started process (PID=34221) to work on /opt/airflow/dags/good_mornig.py
[2023-11-03T19:48:45.250+0000] {processor.py:829} INFO - Processing file /opt/airflow/dags/good_mornig.py for tasks to queue
[2023-11-03T19:48:45.258+0000] {logging_mixin.py:151} INFO - [2023-11-03T19:48:45.256+0000] {dagbag.py:536} INFO - Filling up the DagBag from /opt/airflow/dags/good_mornig.py
[2023-11-03T19:48:45.296+0000] {processor.py:839} INFO - DAG(s) dict_keys(['good_morning_1']) retrieved from /opt/airflow/dags/good_mornig.py
[2023-11-03T19:48:45.385+0000] {logging_mixin.py:151} INFO - [2023-11-03T19:48:45.384+0000] {dag.py:2941} INFO - Sync 1 DAGs
[2023-11-03T19:48:45.465+0000] {logging_mixin.py:151} INFO - [2023-11-03T19:48:45.465+0000] {dag.py:3722} INFO - Setting next_dagrun for good_morning_1 to 2023-11-03T19:10:00+00:00, run_after=2023-11-03T20:10:00+00:00
[2023-11-03T19:48:45.527+0000] {processor.py:179} INFO - Processing /opt/airflow/dags/good_mornig.py took 0.289 seconds
[2023-11-03T19:49:15.862+0000] {processor.py:157} INFO - Started process (PID=34283) to work on /opt/airflow/dags/good_mornig.py
[2023-11-03T19:49:15.866+0000] {processor.py:829} INFO - Processing file /opt/airflow/dags/good_mornig.py for tasks to queue
[2023-11-03T19:49:15.878+0000] {logging_mixin.py:151} INFO - [2023-11-03T19:49:15.876+0000] {dagbag.py:536} INFO - Filling up the DagBag from /opt/airflow/dags/good_mornig.py
[2023-11-03T19:49:15.914+0000] {processor.py:839} INFO - DAG(s) dict_keys(['good_morning_1']) retrieved from /opt/airflow/dags/good_mornig.py
[2023-11-03T19:49:15.974+0000] {logging_mixin.py:151} INFO - [2023-11-03T19:49:15.974+0000] {dag.py:2941} INFO - Sync 1 DAGs
[2023-11-03T19:49:16.060+0000] {logging_mixin.py:151} INFO - [2023-11-03T19:49:16.059+0000] {dag.py:3722} INFO - Setting next_dagrun for good_morning_1 to 2023-11-03T19:10:00+00:00, run_after=2023-11-03T20:10:00+00:00
[2023-11-03T19:49:16.127+0000] {processor.py:179} INFO - Processing /opt/airflow/dags/good_mornig.py took 0.280 seconds
[2023-11-03T19:49:46.214+0000] {processor.py:157} INFO - Started process (PID=34345) to work on /opt/airflow/dags/good_mornig.py
[2023-11-03T19:49:46.216+0000] {processor.py:829} INFO - Processing file /opt/airflow/dags/good_mornig.py for tasks to queue
[2023-11-03T19:49:46.223+0000] {logging_mixin.py:151} INFO - [2023-11-03T19:49:46.222+0000] {dagbag.py:536} INFO - Filling up the DagBag from /opt/airflow/dags/good_mornig.py
[2023-11-03T19:49:46.247+0000] {processor.py:839} INFO - DAG(s) dict_keys(['good_morning_1']) retrieved from /opt/airflow/dags/good_mornig.py
[2023-11-03T19:49:46.299+0000] {logging_mixin.py:151} INFO - [2023-11-03T19:49:46.299+0000] {dag.py:2941} INFO - Sync 1 DAGs
[2023-11-03T19:49:46.357+0000] {logging_mixin.py:151} INFO - [2023-11-03T19:49:46.356+0000] {dag.py:3722} INFO - Setting next_dagrun for good_morning_1 to 2023-11-03T19:10:00+00:00, run_after=2023-11-03T20:10:00+00:00
[2023-11-03T19:49:46.412+0000] {processor.py:179} INFO - Processing /opt/airflow/dags/good_mornig.py took 0.206 seconds
[2023-11-03T19:50:16.734+0000] {processor.py:157} INFO - Started process (PID=34405) to work on /opt/airflow/dags/good_mornig.py
[2023-11-03T19:50:16.737+0000] {processor.py:829} INFO - Processing file /opt/airflow/dags/good_mornig.py for tasks to queue
[2023-11-03T19:50:16.747+0000] {logging_mixin.py:151} INFO - [2023-11-03T19:50:16.746+0000] {dagbag.py:536} INFO - Filling up the DagBag from /opt/airflow/dags/good_mornig.py
[2023-11-03T19:50:16.780+0000] {processor.py:839} INFO - DAG(s) dict_keys(['good_morning_1']) retrieved from /opt/airflow/dags/good_mornig.py
[2023-11-03T19:50:16.837+0000] {logging_mixin.py:151} INFO - [2023-11-03T19:50:16.837+0000] {dag.py:2941} INFO - Sync 1 DAGs
[2023-11-03T19:50:16.929+0000] {logging_mixin.py:151} INFO - [2023-11-03T19:50:16.928+0000] {dag.py:3722} INFO - Setting next_dagrun for good_morning_1 to 2023-11-03T19:10:00+00:00, run_after=2023-11-03T20:10:00+00:00
[2023-11-03T19:50:17.004+0000] {processor.py:179} INFO - Processing /opt/airflow/dags/good_mornig.py took 0.281 seconds
[2023-11-03T19:50:47.211+0000] {processor.py:157} INFO - Started process (PID=34466) to work on /opt/airflow/dags/good_mornig.py
[2023-11-03T19:50:47.215+0000] {processor.py:829} INFO - Processing file /opt/airflow/dags/good_mornig.py for tasks to queue
[2023-11-03T19:50:47.223+0000] {logging_mixin.py:151} INFO - [2023-11-03T19:50:47.222+0000] {dagbag.py:536} INFO - Filling up the DagBag from /opt/airflow/dags/good_mornig.py
[2023-11-03T19:50:47.257+0000] {processor.py:839} INFO - DAG(s) dict_keys(['good_morning_1']) retrieved from /opt/airflow/dags/good_mornig.py
[2023-11-03T19:50:47.337+0000] {logging_mixin.py:151} INFO - [2023-11-03T19:50:47.336+0000] {dag.py:2941} INFO - Sync 1 DAGs
[2023-11-03T19:50:47.429+0000] {logging_mixin.py:151} INFO - [2023-11-03T19:50:47.428+0000] {dag.py:3722} INFO - Setting next_dagrun for good_morning_1 to 2023-11-03T19:10:00+00:00, run_after=2023-11-03T20:10:00+00:00
[2023-11-03T19:50:47.490+0000] {processor.py:179} INFO - Processing /opt/airflow/dags/good_mornig.py took 0.292 seconds
[2023-11-03T19:51:17.617+0000] {processor.py:157} INFO - Started process (PID=34528) to work on /opt/airflow/dags/good_mornig.py
[2023-11-03T19:51:17.620+0000] {processor.py:829} INFO - Processing file /opt/airflow/dags/good_mornig.py for tasks to queue
[2023-11-03T19:51:17.627+0000] {logging_mixin.py:151} INFO - [2023-11-03T19:51:17.626+0000] {dagbag.py:536} INFO - Filling up the DagBag from /opt/airflow/dags/good_mornig.py
[2023-11-03T19:51:17.662+0000] {processor.py:839} INFO - DAG(s) dict_keys(['good_morning_1']) retrieved from /opt/airflow/dags/good_mornig.py
[2023-11-03T19:51:17.740+0000] {logging_mixin.py:151} INFO - [2023-11-03T19:51:17.739+0000] {dag.py:2941} INFO - Sync 1 DAGs
[2023-11-03T19:51:17.894+0000] {logging_mixin.py:151} INFO - [2023-11-03T19:51:17.892+0000] {dag.py:3722} INFO - Setting next_dagrun for good_morning_1 to 2023-11-03T19:10:00+00:00, run_after=2023-11-03T20:10:00+00:00
[2023-11-03T19:51:18.013+0000] {processor.py:179} INFO - Processing /opt/airflow/dags/good_mornig.py took 0.405 seconds
[2023-11-03T19:51:48.912+0000] {processor.py:157} INFO - Started process (PID=34590) to work on /opt/airflow/dags/good_mornig.py
[2023-11-03T19:51:48.915+0000] {processor.py:829} INFO - Processing file /opt/airflow/dags/good_mornig.py for tasks to queue
[2023-11-03T19:51:48.925+0000] {logging_mixin.py:151} INFO - [2023-11-03T19:51:48.923+0000] {dagbag.py:536} INFO - Filling up the DagBag from /opt/airflow/dags/good_mornig.py
[2023-11-03T19:51:48.953+0000] {processor.py:839} INFO - DAG(s) dict_keys(['good_morning_1']) retrieved from /opt/airflow/dags/good_mornig.py
[2023-11-03T19:51:49.020+0000] {logging_mixin.py:151} INFO - [2023-11-03T19:51:49.019+0000] {dag.py:2941} INFO - Sync 1 DAGs
[2023-11-03T19:51:49.087+0000] {logging_mixin.py:151} INFO - [2023-11-03T19:51:49.086+0000] {dag.py:3722} INFO - Setting next_dagrun for good_morning_1 to 2023-11-03T19:10:00+00:00, run_after=2023-11-03T20:10:00+00:00
[2023-11-03T19:51:49.141+0000] {processor.py:179} INFO - Processing /opt/airflow/dags/good_mornig.py took 0.240 seconds
[2023-11-03T19:52:19.413+0000] {processor.py:157} INFO - Started process (PID=34652) to work on /opt/airflow/dags/good_mornig.py
[2023-11-03T19:52:19.416+0000] {processor.py:829} INFO - Processing file /opt/airflow/dags/good_mornig.py for tasks to queue
[2023-11-03T19:52:19.423+0000] {logging_mixin.py:151} INFO - [2023-11-03T19:52:19.422+0000] {dagbag.py:536} INFO - Filling up the DagBag from /opt/airflow/dags/good_mornig.py
[2023-11-03T19:52:19.453+0000] {processor.py:839} INFO - DAG(s) dict_keys(['good_morning_1']) retrieved from /opt/airflow/dags/good_mornig.py
[2023-11-03T19:52:19.523+0000] {logging_mixin.py:151} INFO - [2023-11-03T19:52:19.522+0000] {dag.py:2941} INFO - Sync 1 DAGs
[2023-11-03T19:52:19.602+0000] {logging_mixin.py:151} INFO - [2023-11-03T19:52:19.601+0000] {dag.py:3722} INFO - Setting next_dagrun for good_morning_1 to 2023-11-03T19:10:00+00:00, run_after=2023-11-03T20:10:00+00:00
[2023-11-03T19:52:19.672+0000] {processor.py:179} INFO - Processing /opt/airflow/dags/good_mornig.py took 0.265 seconds
[2023-11-03T19:52:49.934+0000] {processor.py:157} INFO - Started process (PID=34714) to work on /opt/airflow/dags/good_mornig.py
[2023-11-03T19:52:49.936+0000] {processor.py:829} INFO - Processing file /opt/airflow/dags/good_mornig.py for tasks to queue
[2023-11-03T19:52:49.949+0000] {logging_mixin.py:151} INFO - [2023-11-03T19:52:49.948+0000] {dagbag.py:536} INFO - Filling up the DagBag from /opt/airflow/dags/good_mornig.py
[2023-11-03T19:52:50.022+0000] {processor.py:839} INFO - DAG(s) dict_keys(['good_morning_1']) retrieved from /opt/airflow/dags/good_mornig.py
[2023-11-03T19:52:50.084+0000] {logging_mixin.py:151} INFO - [2023-11-03T19:52:50.084+0000] {dag.py:2941} INFO - Sync 1 DAGs
[2023-11-03T19:52:50.147+0000] {logging_mixin.py:151} INFO - [2023-11-03T19:52:50.147+0000] {dag.py:3722} INFO - Setting next_dagrun for good_morning_1 to 2023-11-03T19:10:00+00:00, run_after=2023-11-03T20:10:00+00:00
[2023-11-03T19:52:50.210+0000] {processor.py:179} INFO - Processing /opt/airflow/dags/good_mornig.py took 0.283 seconds
[2023-11-03T19:53:20.416+0000] {processor.py:157} INFO - Started process (PID=34776) to work on /opt/airflow/dags/good_mornig.py
[2023-11-03T19:53:20.419+0000] {processor.py:829} INFO - Processing file /opt/airflow/dags/good_mornig.py for tasks to queue
[2023-11-03T19:53:20.427+0000] {logging_mixin.py:151} INFO - [2023-11-03T19:53:20.426+0000] {dagbag.py:536} INFO - Filling up the DagBag from /opt/airflow/dags/good_mornig.py
[2023-11-03T19:53:20.467+0000] {processor.py:839} INFO - DAG(s) dict_keys(['good_morning_1']) retrieved from /opt/airflow/dags/good_mornig.py
[2023-11-03T19:53:20.531+0000] {logging_mixin.py:151} INFO - [2023-11-03T19:53:20.530+0000] {dag.py:2941} INFO - Sync 1 DAGs
[2023-11-03T19:53:20.601+0000] {logging_mixin.py:151} INFO - [2023-11-03T19:53:20.600+0000] {dag.py:3722} INFO - Setting next_dagrun for good_morning_1 to 2023-11-03T19:10:00+00:00, run_after=2023-11-03T20:10:00+00:00
[2023-11-03T19:53:20.659+0000] {processor.py:179} INFO - Processing /opt/airflow/dags/good_mornig.py took 0.253 seconds
[2023-11-03T19:53:50.940+0000] {processor.py:157} INFO - Started process (PID=34838) to work on /opt/airflow/dags/good_mornig.py
[2023-11-03T19:53:50.943+0000] {processor.py:829} INFO - Processing file /opt/airflow/dags/good_mornig.py for tasks to queue
[2023-11-03T19:53:50.952+0000] {logging_mixin.py:151} INFO - [2023-11-03T19:53:50.951+0000] {dagbag.py:536} INFO - Filling up the DagBag from /opt/airflow/dags/good_mornig.py
[2023-11-03T19:53:50.990+0000] {processor.py:839} INFO - DAG(s) dict_keys(['good_morning_1']) retrieved from /opt/airflow/dags/good_mornig.py
[2023-11-03T19:53:51.048+0000] {logging_mixin.py:151} INFO - [2023-11-03T19:53:51.047+0000] {dag.py:2941} INFO - Sync 1 DAGs
[2023-11-03T19:53:51.121+0000] {logging_mixin.py:151} INFO - [2023-11-03T19:53:51.121+0000] {dag.py:3722} INFO - Setting next_dagrun for good_morning_1 to 2023-11-03T19:10:00+00:00, run_after=2023-11-03T20:10:00+00:00
[2023-11-03T19:53:51.182+0000] {processor.py:179} INFO - Processing /opt/airflow/dags/good_mornig.py took 0.252 seconds
[2023-11-03T19:54:21.402+0000] {processor.py:157} INFO - Started process (PID=34901) to work on /opt/airflow/dags/good_mornig.py
[2023-11-03T19:54:21.406+0000] {processor.py:829} INFO - Processing file /opt/airflow/dags/good_mornig.py for tasks to queue
[2023-11-03T19:54:21.415+0000] {logging_mixin.py:151} INFO - [2023-11-03T19:54:21.413+0000] {dagbag.py:536} INFO - Filling up the DagBag from /opt/airflow/dags/good_mornig.py
[2023-11-03T19:54:21.452+0000] {processor.py:839} INFO - DAG(s) dict_keys(['good_morning_1']) retrieved from /opt/airflow/dags/good_mornig.py
[2023-11-03T19:54:21.513+0000] {logging_mixin.py:151} INFO - [2023-11-03T19:54:21.512+0000] {dag.py:2941} INFO - Sync 1 DAGs
[2023-11-03T19:54:21.604+0000] {logging_mixin.py:151} INFO - [2023-11-03T19:54:21.603+0000] {dag.py:3722} INFO - Setting next_dagrun for good_morning_1 to 2023-11-03T19:10:00+00:00, run_after=2023-11-03T20:10:00+00:00
[2023-11-03T19:54:21.666+0000] {processor.py:179} INFO - Processing /opt/airflow/dags/good_mornig.py took 0.274 seconds
[2023-11-03T19:54:51.798+0000] {processor.py:157} INFO - Started process (PID=34962) to work on /opt/airflow/dags/good_mornig.py
[2023-11-03T19:54:51.814+0000] {processor.py:829} INFO - Processing file /opt/airflow/dags/good_mornig.py for tasks to queue
[2023-11-03T19:54:51.860+0000] {logging_mixin.py:151} INFO - [2023-11-03T19:54:51.859+0000] {dagbag.py:536} INFO - Filling up the DagBag from /opt/airflow/dags/good_mornig.py
[2023-11-03T19:54:51.920+0000] {processor.py:839} INFO - DAG(s) dict_keys(['good_morning_1']) retrieved from /opt/airflow/dags/good_mornig.py
[2023-11-03T19:54:51.994+0000] {logging_mixin.py:151} INFO - [2023-11-03T19:54:51.993+0000] {dag.py:2941} INFO - Sync 1 DAGs
[2023-11-03T19:54:52.065+0000] {logging_mixin.py:151} INFO - [2023-11-03T19:54:52.064+0000] {dag.py:3722} INFO - Setting next_dagrun for good_morning_1 to 2023-11-03T19:10:00+00:00, run_after=2023-11-03T20:10:00+00:00
[2023-11-03T19:54:52.130+0000] {processor.py:179} INFO - Processing /opt/airflow/dags/good_mornig.py took 0.344 seconds
[2023-11-03T19:55:22.202+0000] {processor.py:157} INFO - Started process (PID=35023) to work on /opt/airflow/dags/good_mornig.py
[2023-11-03T19:55:22.205+0000] {processor.py:829} INFO - Processing file /opt/airflow/dags/good_mornig.py for tasks to queue
[2023-11-03T19:55:22.213+0000] {logging_mixin.py:151} INFO - [2023-11-03T19:55:22.212+0000] {dagbag.py:536} INFO - Filling up the DagBag from /opt/airflow/dags/good_mornig.py
[2023-11-03T19:55:22.242+0000] {processor.py:839} INFO - DAG(s) dict_keys(['good_morning_1']) retrieved from /opt/airflow/dags/good_mornig.py
[2023-11-03T19:55:22.300+0000] {logging_mixin.py:151} INFO - [2023-11-03T19:55:22.299+0000] {dag.py:2941} INFO - Sync 1 DAGs
[2023-11-03T19:55:22.361+0000] {logging_mixin.py:151} INFO - [2023-11-03T19:55:22.361+0000] {dag.py:3722} INFO - Setting next_dagrun for good_morning_1 to 2023-11-03T19:10:00+00:00, run_after=2023-11-03T20:10:00+00:00
[2023-11-03T19:55:22.419+0000] {processor.py:179} INFO - Processing /opt/airflow/dags/good_mornig.py took 0.230 seconds
[2023-11-03T19:55:52.813+0000] {processor.py:157} INFO - Started process (PID=35086) to work on /opt/airflow/dags/good_mornig.py
[2023-11-03T19:55:52.817+0000] {processor.py:829} INFO - Processing file /opt/airflow/dags/good_mornig.py for tasks to queue
[2023-11-03T19:55:52.824+0000] {logging_mixin.py:151} INFO - [2023-11-03T19:55:52.823+0000] {dagbag.py:536} INFO - Filling up the DagBag from /opt/airflow/dags/good_mornig.py
[2023-11-03T19:55:52.855+0000] {processor.py:839} INFO - DAG(s) dict_keys(['good_morning_1']) retrieved from /opt/airflow/dags/good_mornig.py
[2023-11-03T19:55:52.911+0000] {logging_mixin.py:151} INFO - [2023-11-03T19:55:52.910+0000] {dag.py:2941} INFO - Sync 1 DAGs
[2023-11-03T19:55:52.980+0000] {logging_mixin.py:151} INFO - [2023-11-03T19:55:52.979+0000] {dag.py:3722} INFO - Setting next_dagrun for good_morning_1 to 2023-11-03T19:10:00+00:00, run_after=2023-11-03T20:10:00+00:00
[2023-11-03T19:55:53.043+0000] {processor.py:179} INFO - Processing /opt/airflow/dags/good_mornig.py took 0.242 seconds
[2023-11-03T19:56:23.294+0000] {processor.py:157} INFO - Started process (PID=35146) to work on /opt/airflow/dags/good_mornig.py
[2023-11-03T19:56:23.296+0000] {processor.py:829} INFO - Processing file /opt/airflow/dags/good_mornig.py for tasks to queue
[2023-11-03T19:56:23.304+0000] {logging_mixin.py:151} INFO - [2023-11-03T19:56:23.303+0000] {dagbag.py:536} INFO - Filling up the DagBag from /opt/airflow/dags/good_mornig.py
[2023-11-03T19:56:23.335+0000] {processor.py:839} INFO - DAG(s) dict_keys(['good_morning_1']) retrieved from /opt/airflow/dags/good_mornig.py
[2023-11-03T19:56:23.392+0000] {logging_mixin.py:151} INFO - [2023-11-03T19:56:23.391+0000] {dag.py:2941} INFO - Sync 1 DAGs
[2023-11-03T19:56:23.465+0000] {logging_mixin.py:151} INFO - [2023-11-03T19:56:23.465+0000] {dag.py:3722} INFO - Setting next_dagrun for good_morning_1 to 2023-11-03T19:10:00+00:00, run_after=2023-11-03T20:10:00+00:00
[2023-11-03T19:56:23.524+0000] {processor.py:179} INFO - Processing /opt/airflow/dags/good_mornig.py took 0.238 seconds
[2023-11-03T19:56:54.021+0000] {processor.py:157} INFO - Started process (PID=35207) to work on /opt/airflow/dags/good_mornig.py
[2023-11-03T19:56:54.023+0000] {processor.py:829} INFO - Processing file /opt/airflow/dags/good_mornig.py for tasks to queue
[2023-11-03T19:56:54.030+0000] {logging_mixin.py:151} INFO - [2023-11-03T19:56:54.028+0000] {dagbag.py:536} INFO - Filling up the DagBag from /opt/airflow/dags/good_mornig.py
[2023-11-03T19:56:54.056+0000] {processor.py:839} INFO - DAG(s) dict_keys(['good_morning_1']) retrieved from /opt/airflow/dags/good_mornig.py
[2023-11-03T19:56:54.111+0000] {logging_mixin.py:151} INFO - [2023-11-03T19:56:54.110+0000] {dag.py:2941} INFO - Sync 1 DAGs
[2023-11-03T19:56:54.178+0000] {logging_mixin.py:151} INFO - [2023-11-03T19:56:54.178+0000] {dag.py:3722} INFO - Setting next_dagrun for good_morning_1 to 2023-11-03T19:10:00+00:00, run_after=2023-11-03T20:10:00+00:00
[2023-11-03T19:56:54.247+0000] {processor.py:179} INFO - Processing /opt/airflow/dags/good_mornig.py took 0.236 seconds
[2023-11-03T19:57:24.393+0000] {processor.py:157} INFO - Started process (PID=35268) to work on /opt/airflow/dags/good_mornig.py
[2023-11-03T19:57:24.395+0000] {processor.py:829} INFO - Processing file /opt/airflow/dags/good_mornig.py for tasks to queue
[2023-11-03T19:57:24.403+0000] {logging_mixin.py:151} INFO - [2023-11-03T19:57:24.401+0000] {dagbag.py:536} INFO - Filling up the DagBag from /opt/airflow/dags/good_mornig.py
[2023-11-03T19:57:24.429+0000] {processor.py:839} INFO - DAG(s) dict_keys(['good_morning_1']) retrieved from /opt/airflow/dags/good_mornig.py
[2023-11-03T19:57:24.488+0000] {logging_mixin.py:151} INFO - [2023-11-03T19:57:24.488+0000] {dag.py:2941} INFO - Sync 1 DAGs
[2023-11-03T19:57:24.591+0000] {logging_mixin.py:151} INFO - [2023-11-03T19:57:24.590+0000] {dag.py:3722} INFO - Setting next_dagrun for good_morning_1 to 2023-11-03T19:10:00+00:00, run_after=2023-11-03T20:10:00+00:00
[2023-11-03T19:57:24.644+0000] {processor.py:179} INFO - Processing /opt/airflow/dags/good_mornig.py took 0.259 seconds
[2023-11-03T19:57:54.875+0000] {processor.py:157} INFO - Started process (PID=35330) to work on /opt/airflow/dags/good_mornig.py
[2023-11-03T19:57:54.878+0000] {processor.py:829} INFO - Processing file /opt/airflow/dags/good_mornig.py for tasks to queue
[2023-11-03T19:57:54.889+0000] {logging_mixin.py:151} INFO - [2023-11-03T19:57:54.887+0000] {dagbag.py:536} INFO - Filling up the DagBag from /opt/airflow/dags/good_mornig.py
[2023-11-03T19:57:54.926+0000] {processor.py:839} INFO - DAG(s) dict_keys(['good_morning_1']) retrieved from /opt/airflow/dags/good_mornig.py
[2023-11-03T19:57:54.981+0000] {logging_mixin.py:151} INFO - [2023-11-03T19:57:54.980+0000] {dag.py:2941} INFO - Sync 1 DAGs
[2023-11-03T19:57:55.068+0000] {logging_mixin.py:151} INFO - [2023-11-03T19:57:55.067+0000] {dag.py:3722} INFO - Setting next_dagrun for good_morning_1 to 2023-11-03T19:10:00+00:00, run_after=2023-11-03T20:10:00+00:00
[2023-11-03T19:57:55.122+0000] {processor.py:179} INFO - Processing /opt/airflow/dags/good_mornig.py took 0.260 seconds
[2023-11-03T19:58:25.396+0000] {processor.py:157} INFO - Started process (PID=35390) to work on /opt/airflow/dags/good_mornig.py
[2023-11-03T19:58:25.399+0000] {processor.py:829} INFO - Processing file /opt/airflow/dags/good_mornig.py for tasks to queue
[2023-11-03T19:58:25.407+0000] {logging_mixin.py:151} INFO - [2023-11-03T19:58:25.406+0000] {dagbag.py:536} INFO - Filling up the DagBag from /opt/airflow/dags/good_mornig.py
[2023-11-03T19:58:25.439+0000] {processor.py:839} INFO - DAG(s) dict_keys(['good_morning_1']) retrieved from /opt/airflow/dags/good_mornig.py
[2023-11-03T19:58:25.503+0000] {logging_mixin.py:151} INFO - [2023-11-03T19:58:25.502+0000] {dag.py:2941} INFO - Sync 1 DAGs
[2023-11-03T19:58:25.595+0000] {logging_mixin.py:151} INFO - [2023-11-03T19:58:25.594+0000] {dag.py:3722} INFO - Setting next_dagrun for good_morning_1 to 2023-11-03T19:10:00+00:00, run_after=2023-11-03T20:10:00+00:00
[2023-11-03T19:58:25.660+0000] {processor.py:179} INFO - Processing /opt/airflow/dags/good_mornig.py took 0.274 seconds
[2023-11-03T19:58:55.760+0000] {processor.py:157} INFO - Started process (PID=35450) to work on /opt/airflow/dags/good_mornig.py
[2023-11-03T19:58:55.763+0000] {processor.py:829} INFO - Processing file /opt/airflow/dags/good_mornig.py for tasks to queue
[2023-11-03T19:58:55.770+0000] {logging_mixin.py:151} INFO - [2023-11-03T19:58:55.768+0000] {dagbag.py:536} INFO - Filling up the DagBag from /opt/airflow/dags/good_mornig.py
[2023-11-03T19:58:55.799+0000] {processor.py:839} INFO - DAG(s) dict_keys(['good_morning_1']) retrieved from /opt/airflow/dags/good_mornig.py
[2023-11-03T19:58:55.863+0000] {logging_mixin.py:151} INFO - [2023-11-03T19:58:55.863+0000] {dag.py:2941} INFO - Sync 1 DAGs
[2023-11-03T19:58:55.936+0000] {logging_mixin.py:151} INFO - [2023-11-03T19:58:55.935+0000] {dag.py:3722} INFO - Setting next_dagrun for good_morning_1 to 2023-11-03T19:10:00+00:00, run_after=2023-11-03T20:10:00+00:00
[2023-11-03T19:58:55.997+0000] {processor.py:179} INFO - Processing /opt/airflow/dags/good_mornig.py took 0.250 seconds
[2023-11-03T19:59:26.399+0000] {processor.py:157} INFO - Started process (PID=35512) to work on /opt/airflow/dags/good_mornig.py
[2023-11-03T19:59:26.402+0000] {processor.py:829} INFO - Processing file /opt/airflow/dags/good_mornig.py for tasks to queue
[2023-11-03T19:59:26.410+0000] {logging_mixin.py:151} INFO - [2023-11-03T19:59:26.409+0000] {dagbag.py:536} INFO - Filling up the DagBag from /opt/airflow/dags/good_mornig.py
[2023-11-03T19:59:26.454+0000] {processor.py:839} INFO - DAG(s) dict_keys(['good_morning_1']) retrieved from /opt/airflow/dags/good_mornig.py
[2023-11-03T19:59:26.516+0000] {logging_mixin.py:151} INFO - [2023-11-03T19:59:26.515+0000] {dag.py:2941} INFO - Sync 1 DAGs
[2023-11-03T19:59:26.605+0000] {logging_mixin.py:151} INFO - [2023-11-03T19:59:26.604+0000] {dag.py:3722} INFO - Setting next_dagrun for good_morning_1 to 2023-11-03T19:10:00+00:00, run_after=2023-11-03T20:10:00+00:00
[2023-11-03T19:59:26.687+0000] {processor.py:179} INFO - Processing /opt/airflow/dags/good_mornig.py took 0.297 seconds
[2023-11-03T19:59:57.035+0000] {processor.py:157} INFO - Started process (PID=35574) to work on /opt/airflow/dags/good_mornig.py
[2023-11-03T19:59:57.039+0000] {processor.py:829} INFO - Processing file /opt/airflow/dags/good_mornig.py for tasks to queue
[2023-11-03T19:59:57.048+0000] {logging_mixin.py:151} INFO - [2023-11-03T19:59:57.046+0000] {dagbag.py:536} INFO - Filling up the DagBag from /opt/airflow/dags/good_mornig.py
[2023-11-03T19:59:57.080+0000] {processor.py:839} INFO - DAG(s) dict_keys(['good_morning_1']) retrieved from /opt/airflow/dags/good_mornig.py
[2023-11-03T19:59:57.140+0000] {logging_mixin.py:151} INFO - [2023-11-03T19:59:57.139+0000] {dag.py:2941} INFO - Sync 1 DAGs
[2023-11-03T19:59:57.227+0000] {logging_mixin.py:151} INFO - [2023-11-03T19:59:57.226+0000] {dag.py:3722} INFO - Setting next_dagrun for good_morning_1 to 2023-11-03T19:10:00+00:00, run_after=2023-11-03T20:10:00+00:00
[2023-11-03T19:59:57.306+0000] {processor.py:179} INFO - Processing /opt/airflow/dags/good_mornig.py took 0.282 seconds
[2023-11-03T20:00:27.428+0000] {processor.py:157} INFO - Started process (PID=35636) to work on /opt/airflow/dags/good_mornig.py
[2023-11-03T20:00:27.430+0000] {processor.py:829} INFO - Processing file /opt/airflow/dags/good_mornig.py for tasks to queue
[2023-11-03T20:00:27.439+0000] {logging_mixin.py:151} INFO - [2023-11-03T20:00:27.437+0000] {dagbag.py:536} INFO - Filling up the DagBag from /opt/airflow/dags/good_mornig.py
[2023-11-03T20:00:27.472+0000] {processor.py:839} INFO - DAG(s) dict_keys(['good_morning_1']) retrieved from /opt/airflow/dags/good_mornig.py
[2023-11-03T20:00:27.533+0000] {logging_mixin.py:151} INFO - [2023-11-03T20:00:27.532+0000] {dag.py:2941} INFO - Sync 1 DAGs
[2023-11-03T20:00:27.606+0000] {logging_mixin.py:151} INFO - [2023-11-03T20:00:27.606+0000] {dag.py:3722} INFO - Setting next_dagrun for good_morning_1 to 2023-11-03T19:10:00+00:00, run_after=2023-11-03T20:10:00+00:00
[2023-11-03T20:00:27.663+0000] {processor.py:179} INFO - Processing /opt/airflow/dags/good_mornig.py took 0.243 seconds
[2023-11-03T20:00:57.750+0000] {processor.py:157} INFO - Started process (PID=35698) to work on /opt/airflow/dags/good_mornig.py
[2023-11-03T20:00:57.755+0000] {processor.py:829} INFO - Processing file /opt/airflow/dags/good_mornig.py for tasks to queue
[2023-11-03T20:00:57.795+0000] {logging_mixin.py:151} INFO - [2023-11-03T20:00:57.793+0000] {dagbag.py:536} INFO - Filling up the DagBag from /opt/airflow/dags/good_mornig.py
[2023-11-03T20:00:57.885+0000] {processor.py:839} INFO - DAG(s) dict_keys(['good_morning_1']) retrieved from /opt/airflow/dags/good_mornig.py
[2023-11-03T20:00:57.980+0000] {logging_mixin.py:151} INFO - [2023-11-03T20:00:57.979+0000] {dag.py:2941} INFO - Sync 1 DAGs
[2023-11-03T20:00:58.051+0000] {logging_mixin.py:151} INFO - [2023-11-03T20:00:58.050+0000] {dag.py:3722} INFO - Setting next_dagrun for good_morning_1 to 2023-11-03T19:10:00+00:00, run_after=2023-11-03T20:10:00+00:00
[2023-11-03T20:00:58.110+0000] {processor.py:179} INFO - Processing /opt/airflow/dags/good_mornig.py took 0.370 seconds
[2023-11-03T20:01:28.800+0000] {processor.py:157} INFO - Started process (PID=35760) to work on /opt/airflow/dags/good_mornig.py
[2023-11-03T20:01:28.803+0000] {processor.py:829} INFO - Processing file /opt/airflow/dags/good_mornig.py for tasks to queue
[2023-11-03T20:01:28.811+0000] {logging_mixin.py:151} INFO - [2023-11-03T20:01:28.810+0000] {dagbag.py:536} INFO - Filling up the DagBag from /opt/airflow/dags/good_mornig.py
[2023-11-03T20:01:28.852+0000] {processor.py:839} INFO - DAG(s) dict_keys(['good_morning_1']) retrieved from /opt/airflow/dags/good_mornig.py
[2023-11-03T20:01:28.909+0000] {logging_mixin.py:151} INFO - [2023-11-03T20:01:28.908+0000] {dag.py:2941} INFO - Sync 1 DAGs
[2023-11-03T20:01:28.972+0000] {logging_mixin.py:151} INFO - [2023-11-03T20:01:28.972+0000] {dag.py:3722} INFO - Setting next_dagrun for good_morning_1 to 2023-11-03T19:10:00+00:00, run_after=2023-11-03T20:10:00+00:00
[2023-11-03T20:01:29.049+0000] {processor.py:179} INFO - Processing /opt/airflow/dags/good_mornig.py took 0.259 seconds
[2023-11-03T20:01:59.567+0000] {processor.py:157} INFO - Started process (PID=35822) to work on /opt/airflow/dags/good_mornig.py
[2023-11-03T20:01:59.578+0000] {processor.py:829} INFO - Processing file /opt/airflow/dags/good_mornig.py for tasks to queue
[2023-11-03T20:01:59.589+0000] {logging_mixin.py:151} INFO - [2023-11-03T20:01:59.588+0000] {dagbag.py:536} INFO - Filling up the DagBag from /opt/airflow/dags/good_mornig.py
[2023-11-03T20:01:59.620+0000] {processor.py:839} INFO - DAG(s) dict_keys(['good_morning_1']) retrieved from /opt/airflow/dags/good_mornig.py
[2023-11-03T20:01:59.674+0000] {logging_mixin.py:151} INFO - [2023-11-03T20:01:59.674+0000] {dag.py:2941} INFO - Sync 1 DAGs
[2023-11-03T20:01:59.840+0000] {logging_mixin.py:151} INFO - [2023-11-03T20:01:59.839+0000] {dag.py:3722} INFO - Setting next_dagrun for good_morning_1 to 2023-11-03T19:10:00+00:00, run_after=2023-11-03T20:10:00+00:00
[2023-11-03T20:02:00.006+0000] {processor.py:179} INFO - Processing /opt/airflow/dags/good_mornig.py took 0.451 seconds
[2023-11-03T20:02:30.516+0000] {processor.py:157} INFO - Started process (PID=35884) to work on /opt/airflow/dags/good_mornig.py
[2023-11-03T20:02:30.521+0000] {processor.py:829} INFO - Processing file /opt/airflow/dags/good_mornig.py for tasks to queue
[2023-11-03T20:02:30.531+0000] {logging_mixin.py:151} INFO - [2023-11-03T20:02:30.529+0000] {dagbag.py:536} INFO - Filling up the DagBag from /opt/airflow/dags/good_mornig.py
[2023-11-03T20:02:30.566+0000] {processor.py:839} INFO - DAG(s) dict_keys(['good_morning_1']) retrieved from /opt/airflow/dags/good_mornig.py
[2023-11-03T20:02:30.628+0000] {logging_mixin.py:151} INFO - [2023-11-03T20:02:30.627+0000] {dag.py:2941} INFO - Sync 1 DAGs
[2023-11-03T20:02:30.707+0000] {logging_mixin.py:151} INFO - [2023-11-03T20:02:30.706+0000] {dag.py:3722} INFO - Setting next_dagrun for good_morning_1 to 2023-11-03T19:10:00+00:00, run_after=2023-11-03T20:10:00+00:00
[2023-11-03T20:02:30.773+0000] {processor.py:179} INFO - Processing /opt/airflow/dags/good_mornig.py took 0.270 seconds
[2023-11-03T20:03:01.157+0000] {processor.py:157} INFO - Started process (PID=35946) to work on /opt/airflow/dags/good_mornig.py
[2023-11-03T20:03:01.160+0000] {processor.py:829} INFO - Processing file /opt/airflow/dags/good_mornig.py for tasks to queue
[2023-11-03T20:03:01.168+0000] {logging_mixin.py:151} INFO - [2023-11-03T20:03:01.167+0000] {dagbag.py:536} INFO - Filling up the DagBag from /opt/airflow/dags/good_mornig.py
[2023-11-03T20:03:01.220+0000] {processor.py:839} INFO - DAG(s) dict_keys(['good_morning_1']) retrieved from /opt/airflow/dags/good_mornig.py
[2023-11-03T20:03:01.274+0000] {logging_mixin.py:151} INFO - [2023-11-03T20:03:01.274+0000] {dag.py:2941} INFO - Sync 1 DAGs
[2023-11-03T20:03:01.341+0000] {logging_mixin.py:151} INFO - [2023-11-03T20:03:01.340+0000] {dag.py:3722} INFO - Setting next_dagrun for good_morning_1 to 2023-11-03T19:10:00+00:00, run_after=2023-11-03T20:10:00+00:00
[2023-11-03T20:03:01.392+0000] {processor.py:179} INFO - Processing /opt/airflow/dags/good_mornig.py took 0.244 seconds
[2023-11-03T20:03:32.086+0000] {processor.py:157} INFO - Started process (PID=36009) to work on /opt/airflow/dags/good_mornig.py
[2023-11-03T20:03:32.089+0000] {processor.py:829} INFO - Processing file /opt/airflow/dags/good_mornig.py for tasks to queue
[2023-11-03T20:03:32.097+0000] {logging_mixin.py:151} INFO - [2023-11-03T20:03:32.096+0000] {dagbag.py:536} INFO - Filling up the DagBag from /opt/airflow/dags/good_mornig.py
[2023-11-03T20:03:32.137+0000] {processor.py:839} INFO - DAG(s) dict_keys(['good_morning_1']) retrieved from /opt/airflow/dags/good_mornig.py
[2023-11-03T20:03:32.192+0000] {logging_mixin.py:151} INFO - [2023-11-03T20:03:32.190+0000] {dag.py:2941} INFO - Sync 1 DAGs
[2023-11-03T20:03:32.260+0000] {logging_mixin.py:151} INFO - [2023-11-03T20:03:32.259+0000] {dag.py:3722} INFO - Setting next_dagrun for good_morning_1 to 2023-11-03T19:10:00+00:00, run_after=2023-11-03T20:10:00+00:00
[2023-11-03T20:03:32.320+0000] {processor.py:179} INFO - Processing /opt/airflow/dags/good_mornig.py took 0.244 seconds
[2023-11-03T20:04:02.861+0000] {processor.py:157} INFO - Started process (PID=36072) to work on /opt/airflow/dags/good_mornig.py
[2023-11-03T20:04:02.864+0000] {processor.py:829} INFO - Processing file /opt/airflow/dags/good_mornig.py for tasks to queue
[2023-11-03T20:04:02.872+0000] {logging_mixin.py:151} INFO - [2023-11-03T20:04:02.870+0000] {dagbag.py:536} INFO - Filling up the DagBag from /opt/airflow/dags/good_mornig.py
[2023-11-03T20:04:02.911+0000] {processor.py:839} INFO - DAG(s) dict_keys(['good_morning_1']) retrieved from /opt/airflow/dags/good_mornig.py
[2023-11-03T20:04:02.976+0000] {logging_mixin.py:151} INFO - [2023-11-03T20:04:02.975+0000] {dag.py:2941} INFO - Sync 1 DAGs
[2023-11-03T20:04:03.046+0000] {logging_mixin.py:151} INFO - [2023-11-03T20:04:03.046+0000] {dag.py:3722} INFO - Setting next_dagrun for good_morning_1 to 2023-11-03T19:10:00+00:00, run_after=2023-11-03T20:10:00+00:00
[2023-11-03T20:04:03.102+0000] {processor.py:179} INFO - Processing /opt/airflow/dags/good_mornig.py took 0.251 seconds
[2023-11-03T20:04:33.263+0000] {processor.py:157} INFO - Started process (PID=36134) to work on /opt/airflow/dags/good_mornig.py
[2023-11-03T20:04:33.266+0000] {processor.py:829} INFO - Processing file /opt/airflow/dags/good_mornig.py for tasks to queue
[2023-11-03T20:04:33.274+0000] {logging_mixin.py:151} INFO - [2023-11-03T20:04:33.272+0000] {dagbag.py:536} INFO - Filling up the DagBag from /opt/airflow/dags/good_mornig.py
[2023-11-03T20:04:33.298+0000] {processor.py:839} INFO - DAG(s) dict_keys(['good_morning_1']) retrieved from /opt/airflow/dags/good_mornig.py
[2023-11-03T20:04:33.362+0000] {logging_mixin.py:151} INFO - [2023-11-03T20:04:33.361+0000] {dag.py:2941} INFO - Sync 1 DAGs
[2023-11-03T20:04:33.428+0000] {logging_mixin.py:151} INFO - [2023-11-03T20:04:33.427+0000] {dag.py:3722} INFO - Setting next_dagrun for good_morning_1 to 2023-11-03T19:10:00+00:00, run_after=2023-11-03T20:10:00+00:00
[2023-11-03T20:04:33.484+0000] {processor.py:179} INFO - Processing /opt/airflow/dags/good_mornig.py took 0.231 seconds
[2023-11-03T20:05:03.680+0000] {processor.py:157} INFO - Started process (PID=36196) to work on /opt/airflow/dags/good_mornig.py
[2023-11-03T20:05:03.683+0000] {processor.py:829} INFO - Processing file /opt/airflow/dags/good_mornig.py for tasks to queue
[2023-11-03T20:05:03.694+0000] {logging_mixin.py:151} INFO - [2023-11-03T20:05:03.692+0000] {dagbag.py:536} INFO - Filling up the DagBag from /opt/airflow/dags/good_mornig.py
[2023-11-03T20:05:03.778+0000] {processor.py:839} INFO - DAG(s) dict_keys(['good_morning_1']) retrieved from /opt/airflow/dags/good_mornig.py
[2023-11-03T20:05:03.921+0000] {logging_mixin.py:151} INFO - [2023-11-03T20:05:03.920+0000] {dag.py:2941} INFO - Sync 1 DAGs
[2023-11-03T20:05:03.985+0000] {logging_mixin.py:151} INFO - [2023-11-03T20:05:03.984+0000] {dag.py:3722} INFO - Setting next_dagrun for good_morning_1 to 2023-11-03T19:10:00+00:00, run_after=2023-11-03T20:10:00+00:00
[2023-11-03T20:05:04.035+0000] {processor.py:179} INFO - Processing /opt/airflow/dags/good_mornig.py took 0.365 seconds
[2023-11-03T20:05:34.722+0000] {processor.py:157} INFO - Started process (PID=36258) to work on /opt/airflow/dags/good_mornig.py
[2023-11-03T20:05:34.724+0000] {processor.py:829} INFO - Processing file /opt/airflow/dags/good_mornig.py for tasks to queue
[2023-11-03T20:05:34.732+0000] {logging_mixin.py:151} INFO - [2023-11-03T20:05:34.731+0000] {dagbag.py:536} INFO - Filling up the DagBag from /opt/airflow/dags/good_mornig.py
[2023-11-03T20:05:34.762+0000] {processor.py:839} INFO - DAG(s) dict_keys(['good_morning_1']) retrieved from /opt/airflow/dags/good_mornig.py
[2023-11-03T20:05:34.823+0000] {logging_mixin.py:151} INFO - [2023-11-03T20:05:34.823+0000] {dag.py:2941} INFO - Sync 1 DAGs
[2023-11-03T20:05:34.881+0000] {logging_mixin.py:151} INFO - [2023-11-03T20:05:34.881+0000] {dag.py:3722} INFO - Setting next_dagrun for good_morning_1 to 2023-11-03T19:10:00+00:00, run_after=2023-11-03T20:10:00+00:00
[2023-11-03T20:05:34.936+0000] {processor.py:179} INFO - Processing /opt/airflow/dags/good_mornig.py took 0.224 seconds
