[2023-11-03T19:42:45.778+0000] {processor.py:157} INFO - Started process (PID=33498) to work on /home/airflow/.local/lib/python3.8/site-packages/airflow/example_dags/example_setup_teardown_taskflow.py
[2023-11-03T19:42:45.781+0000] {processor.py:829} INFO - Processing file /home/airflow/.local/lib/python3.8/site-packages/airflow/example_dags/example_setup_teardown_taskflow.py for tasks to queue
[2023-11-03T19:42:45.789+0000] {logging_mixin.py:151} INFO - [2023-11-03T19:42:45.788+0000] {dagbag.py:536} INFO - Filling up the DagBag from /home/airflow/.local/lib/python3.8/site-packages/airflow/example_dags/example_setup_teardown_taskflow.py
[2023-11-03T19:42:45.819+0000] {processor.py:839} INFO - DAG(s) dict_keys(['example_setup_teardown_taskflow']) retrieved from /home/airflow/.local/lib/python3.8/site-packages/airflow/example_dags/example_setup_teardown_taskflow.py
[2023-11-03T19:42:45.877+0000] {logging_mixin.py:151} INFO - [2023-11-03T19:42:45.877+0000] {dag.py:2941} INFO - Sync 1 DAGs
[2023-11-03T19:42:45.938+0000] {logging_mixin.py:151} INFO - [2023-11-03T19:42:45.938+0000] {dag.py:3722} INFO - Setting next_dagrun for example_setup_teardown_taskflow to 2023-11-02T19:42:45.937794+00:00, run_after=2023-11-03T19:42:45.937794+00:00
[2023-11-03T19:42:46.001+0000] {processor.py:179} INFO - Processing /home/airflow/.local/lib/python3.8/site-packages/airflow/example_dags/example_setup_teardown_taskflow.py took 0.240 seconds
[2023-11-03T19:43:16.587+0000] {processor.py:157} INFO - Started process (PID=33560) to work on /home/airflow/.local/lib/python3.8/site-packages/airflow/example_dags/example_setup_teardown_taskflow.py
[2023-11-03T19:43:16.591+0000] {processor.py:829} INFO - Processing file /home/airflow/.local/lib/python3.8/site-packages/airflow/example_dags/example_setup_teardown_taskflow.py for tasks to queue
[2023-11-03T19:43:16.600+0000] {logging_mixin.py:151} INFO - [2023-11-03T19:43:16.598+0000] {dagbag.py:536} INFO - Filling up the DagBag from /home/airflow/.local/lib/python3.8/site-packages/airflow/example_dags/example_setup_teardown_taskflow.py
[2023-11-03T19:43:16.644+0000] {processor.py:839} INFO - DAG(s) dict_keys(['example_setup_teardown_taskflow']) retrieved from /home/airflow/.local/lib/python3.8/site-packages/airflow/example_dags/example_setup_teardown_taskflow.py
[2023-11-03T19:43:16.741+0000] {logging_mixin.py:151} INFO - [2023-11-03T19:43:16.740+0000] {dag.py:2941} INFO - Sync 1 DAGs
[2023-11-03T19:43:16.845+0000] {logging_mixin.py:151} INFO - [2023-11-03T19:43:16.844+0000] {dag.py:3722} INFO - Setting next_dagrun for example_setup_teardown_taskflow to 2023-11-02T19:43:16.843910+00:00, run_after=2023-11-03T19:43:16.843910+00:00
[2023-11-03T19:43:16.939+0000] {processor.py:179} INFO - Processing /home/airflow/.local/lib/python3.8/site-packages/airflow/example_dags/example_setup_teardown_taskflow.py took 0.364 seconds
[2023-11-03T19:43:47.922+0000] {processor.py:157} INFO - Started process (PID=33622) to work on /home/airflow/.local/lib/python3.8/site-packages/airflow/example_dags/example_setup_teardown_taskflow.py
[2023-11-03T19:43:47.926+0000] {processor.py:829} INFO - Processing file /home/airflow/.local/lib/python3.8/site-packages/airflow/example_dags/example_setup_teardown_taskflow.py for tasks to queue
[2023-11-03T19:43:47.933+0000] {logging_mixin.py:151} INFO - [2023-11-03T19:43:47.932+0000] {dagbag.py:536} INFO - Filling up the DagBag from /home/airflow/.local/lib/python3.8/site-packages/airflow/example_dags/example_setup_teardown_taskflow.py
[2023-11-03T19:43:47.959+0000] {processor.py:839} INFO - DAG(s) dict_keys(['example_setup_teardown_taskflow']) retrieved from /home/airflow/.local/lib/python3.8/site-packages/airflow/example_dags/example_setup_teardown_taskflow.py
[2023-11-03T19:43:48.023+0000] {logging_mixin.py:151} INFO - [2023-11-03T19:43:48.022+0000] {dag.py:2941} INFO - Sync 1 DAGs
[2023-11-03T19:43:48.102+0000] {logging_mixin.py:151} INFO - [2023-11-03T19:43:48.101+0000] {dag.py:3722} INFO - Setting next_dagrun for example_setup_teardown_taskflow to 2023-11-02T19:43:48.101396+00:00, run_after=2023-11-03T19:43:48.101396+00:00
[2023-11-03T19:43:48.164+0000] {processor.py:179} INFO - Processing /home/airflow/.local/lib/python3.8/site-packages/airflow/example_dags/example_setup_teardown_taskflow.py took 0.250 seconds
[2023-11-03T19:44:18.384+0000] {processor.py:157} INFO - Started process (PID=33684) to work on /home/airflow/.local/lib/python3.8/site-packages/airflow/example_dags/example_setup_teardown_taskflow.py
[2023-11-03T19:44:18.388+0000] {processor.py:829} INFO - Processing file /home/airflow/.local/lib/python3.8/site-packages/airflow/example_dags/example_setup_teardown_taskflow.py for tasks to queue
[2023-11-03T19:44:18.397+0000] {logging_mixin.py:151} INFO - [2023-11-03T19:44:18.396+0000] {dagbag.py:536} INFO - Filling up the DagBag from /home/airflow/.local/lib/python3.8/site-packages/airflow/example_dags/example_setup_teardown_taskflow.py
[2023-11-03T19:44:18.435+0000] {processor.py:839} INFO - DAG(s) dict_keys(['example_setup_teardown_taskflow']) retrieved from /home/airflow/.local/lib/python3.8/site-packages/airflow/example_dags/example_setup_teardown_taskflow.py
[2023-11-03T19:44:18.508+0000] {logging_mixin.py:151} INFO - [2023-11-03T19:44:18.507+0000] {dag.py:2941} INFO - Sync 1 DAGs
[2023-11-03T19:44:18.574+0000] {logging_mixin.py:151} INFO - [2023-11-03T19:44:18.573+0000] {dag.py:3722} INFO - Setting next_dagrun for example_setup_teardown_taskflow to 2023-11-02T19:44:18.572819+00:00, run_after=2023-11-03T19:44:18.572819+00:00
[2023-11-03T19:44:18.640+0000] {processor.py:179} INFO - Processing /home/airflow/.local/lib/python3.8/site-packages/airflow/example_dags/example_setup_teardown_taskflow.py took 0.267 seconds
[2023-11-03T19:44:49.342+0000] {processor.py:157} INFO - Started process (PID=33746) to work on /home/airflow/.local/lib/python3.8/site-packages/airflow/example_dags/example_setup_teardown_taskflow.py
[2023-11-03T19:44:49.345+0000] {processor.py:829} INFO - Processing file /home/airflow/.local/lib/python3.8/site-packages/airflow/example_dags/example_setup_teardown_taskflow.py for tasks to queue
[2023-11-03T19:44:49.351+0000] {logging_mixin.py:151} INFO - [2023-11-03T19:44:49.350+0000] {dagbag.py:536} INFO - Filling up the DagBag from /home/airflow/.local/lib/python3.8/site-packages/airflow/example_dags/example_setup_teardown_taskflow.py
[2023-11-03T19:44:49.384+0000] {processor.py:839} INFO - DAG(s) dict_keys(['example_setup_teardown_taskflow']) retrieved from /home/airflow/.local/lib/python3.8/site-packages/airflow/example_dags/example_setup_teardown_taskflow.py
[2023-11-03T19:44:49.439+0000] {logging_mixin.py:151} INFO - [2023-11-03T19:44:49.438+0000] {dag.py:2941} INFO - Sync 1 DAGs
[2023-11-03T19:44:49.507+0000] {logging_mixin.py:151} INFO - [2023-11-03T19:44:49.506+0000] {dag.py:3722} INFO - Setting next_dagrun for example_setup_teardown_taskflow to 2023-11-02T19:44:49.505696+00:00, run_after=2023-11-03T19:44:49.505696+00:00
[2023-11-03T19:44:49.571+0000] {processor.py:179} INFO - Processing /home/airflow/.local/lib/python3.8/site-packages/airflow/example_dags/example_setup_teardown_taskflow.py took 0.238 seconds
[2023-11-03T19:45:19.892+0000] {processor.py:157} INFO - Started process (PID=33809) to work on /home/airflow/.local/lib/python3.8/site-packages/airflow/example_dags/example_setup_teardown_taskflow.py
[2023-11-03T19:45:19.896+0000] {processor.py:829} INFO - Processing file /home/airflow/.local/lib/python3.8/site-packages/airflow/example_dags/example_setup_teardown_taskflow.py for tasks to queue
[2023-11-03T19:45:19.905+0000] {logging_mixin.py:151} INFO - [2023-11-03T19:45:19.904+0000] {dagbag.py:536} INFO - Filling up the DagBag from /home/airflow/.local/lib/python3.8/site-packages/airflow/example_dags/example_setup_teardown_taskflow.py
[2023-11-03T19:45:19.941+0000] {processor.py:839} INFO - DAG(s) dict_keys(['example_setup_teardown_taskflow']) retrieved from /home/airflow/.local/lib/python3.8/site-packages/airflow/example_dags/example_setup_teardown_taskflow.py
[2023-11-03T19:45:20.004+0000] {logging_mixin.py:151} INFO - [2023-11-03T19:45:20.004+0000] {dag.py:2941} INFO - Sync 1 DAGs
[2023-11-03T19:45:20.083+0000] {logging_mixin.py:151} INFO - [2023-11-03T19:45:20.082+0000] {dag.py:3722} INFO - Setting next_dagrun for example_setup_teardown_taskflow to 2023-11-02T19:45:20.082001+00:00, run_after=2023-11-03T19:45:20.082001+00:00
[2023-11-03T19:45:20.138+0000] {processor.py:179} INFO - Processing /home/airflow/.local/lib/python3.8/site-packages/airflow/example_dags/example_setup_teardown_taskflow.py took 0.258 seconds
[2023-11-03T19:45:50.808+0000] {processor.py:157} INFO - Started process (PID=33871) to work on /home/airflow/.local/lib/python3.8/site-packages/airflow/example_dags/example_setup_teardown_taskflow.py
[2023-11-03T19:45:50.811+0000] {processor.py:829} INFO - Processing file /home/airflow/.local/lib/python3.8/site-packages/airflow/example_dags/example_setup_teardown_taskflow.py for tasks to queue
[2023-11-03T19:45:50.819+0000] {logging_mixin.py:151} INFO - [2023-11-03T19:45:50.817+0000] {dagbag.py:536} INFO - Filling up the DagBag from /home/airflow/.local/lib/python3.8/site-packages/airflow/example_dags/example_setup_teardown_taskflow.py
[2023-11-03T19:45:50.844+0000] {processor.py:839} INFO - DAG(s) dict_keys(['example_setup_teardown_taskflow']) retrieved from /home/airflow/.local/lib/python3.8/site-packages/airflow/example_dags/example_setup_teardown_taskflow.py
[2023-11-03T19:45:50.916+0000] {logging_mixin.py:151} INFO - [2023-11-03T19:45:50.914+0000] {dag.py:2941} INFO - Sync 1 DAGs
[2023-11-03T19:45:50.986+0000] {logging_mixin.py:151} INFO - [2023-11-03T19:45:50.986+0000] {dag.py:3722} INFO - Setting next_dagrun for example_setup_teardown_taskflow to 2023-11-02T19:45:50.985640+00:00, run_after=2023-11-03T19:45:50.985640+00:00
[2023-11-03T19:45:51.049+0000] {processor.py:179} INFO - Processing /home/airflow/.local/lib/python3.8/site-packages/airflow/example_dags/example_setup_teardown_taskflow.py took 0.248 seconds
[2023-11-03T19:46:21.848+0000] {processor.py:157} INFO - Started process (PID=33933) to work on /home/airflow/.local/lib/python3.8/site-packages/airflow/example_dags/example_setup_teardown_taskflow.py
[2023-11-03T19:46:21.851+0000] {processor.py:829} INFO - Processing file /home/airflow/.local/lib/python3.8/site-packages/airflow/example_dags/example_setup_teardown_taskflow.py for tasks to queue
[2023-11-03T19:46:21.869+0000] {logging_mixin.py:151} INFO - [2023-11-03T19:46:21.868+0000] {dagbag.py:536} INFO - Filling up the DagBag from /home/airflow/.local/lib/python3.8/site-packages/airflow/example_dags/example_setup_teardown_taskflow.py
[2023-11-03T19:46:21.931+0000] {processor.py:839} INFO - DAG(s) dict_keys(['example_setup_teardown_taskflow']) retrieved from /home/airflow/.local/lib/python3.8/site-packages/airflow/example_dags/example_setup_teardown_taskflow.py
[2023-11-03T19:46:22.014+0000] {logging_mixin.py:151} INFO - [2023-11-03T19:46:22.013+0000] {dag.py:2941} INFO - Sync 1 DAGs
[2023-11-03T19:46:22.077+0000] {logging_mixin.py:151} INFO - [2023-11-03T19:46:22.076+0000] {dag.py:3722} INFO - Setting next_dagrun for example_setup_teardown_taskflow to 2023-11-02T19:46:22.076327+00:00, run_after=2023-11-03T19:46:22.076327+00:00
[2023-11-03T19:46:22.135+0000] {processor.py:179} INFO - Processing /home/airflow/.local/lib/python3.8/site-packages/airflow/example_dags/example_setup_teardown_taskflow.py took 0.319 seconds
[2023-11-03T19:46:52.520+0000] {processor.py:157} INFO - Started process (PID=33995) to work on /home/airflow/.local/lib/python3.8/site-packages/airflow/example_dags/example_setup_teardown_taskflow.py
[2023-11-03T19:46:52.523+0000] {processor.py:829} INFO - Processing file /home/airflow/.local/lib/python3.8/site-packages/airflow/example_dags/example_setup_teardown_taskflow.py for tasks to queue
[2023-11-03T19:46:52.533+0000] {logging_mixin.py:151} INFO - [2023-11-03T19:46:52.531+0000] {dagbag.py:536} INFO - Filling up the DagBag from /home/airflow/.local/lib/python3.8/site-packages/airflow/example_dags/example_setup_teardown_taskflow.py
[2023-11-03T19:46:52.563+0000] {processor.py:839} INFO - DAG(s) dict_keys(['example_setup_teardown_taskflow']) retrieved from /home/airflow/.local/lib/python3.8/site-packages/airflow/example_dags/example_setup_teardown_taskflow.py
[2023-11-03T19:46:52.619+0000] {logging_mixin.py:151} INFO - [2023-11-03T19:46:52.619+0000] {dag.py:2941} INFO - Sync 1 DAGs
[2023-11-03T19:46:52.677+0000] {logging_mixin.py:151} INFO - [2023-11-03T19:46:52.677+0000] {dag.py:3722} INFO - Setting next_dagrun for example_setup_teardown_taskflow to 2023-11-02T19:46:52.676673+00:00, run_after=2023-11-03T19:46:52.676673+00:00
[2023-11-03T19:46:52.737+0000] {processor.py:179} INFO - Processing /home/airflow/.local/lib/python3.8/site-packages/airflow/example_dags/example_setup_teardown_taskflow.py took 0.229 seconds
[2023-11-03T19:47:23.481+0000] {processor.py:157} INFO - Started process (PID=34057) to work on /home/airflow/.local/lib/python3.8/site-packages/airflow/example_dags/example_setup_teardown_taskflow.py
[2023-11-03T19:47:23.483+0000] {processor.py:829} INFO - Processing file /home/airflow/.local/lib/python3.8/site-packages/airflow/example_dags/example_setup_teardown_taskflow.py for tasks to queue
[2023-11-03T19:47:23.490+0000] {logging_mixin.py:151} INFO - [2023-11-03T19:47:23.489+0000] {dagbag.py:536} INFO - Filling up the DagBag from /home/airflow/.local/lib/python3.8/site-packages/airflow/example_dags/example_setup_teardown_taskflow.py
[2023-11-03T19:47:23.515+0000] {processor.py:839} INFO - DAG(s) dict_keys(['example_setup_teardown_taskflow']) retrieved from /home/airflow/.local/lib/python3.8/site-packages/airflow/example_dags/example_setup_teardown_taskflow.py
[2023-11-03T19:47:23.575+0000] {logging_mixin.py:151} INFO - [2023-11-03T19:47:23.574+0000] {dag.py:2941} INFO - Sync 1 DAGs
[2023-11-03T19:47:23.651+0000] {logging_mixin.py:151} INFO - [2023-11-03T19:47:23.651+0000] {dag.py:3722} INFO - Setting next_dagrun for example_setup_teardown_taskflow to 2023-11-02T19:47:23.650562+00:00, run_after=2023-11-03T19:47:23.650562+00:00
[2023-11-03T19:47:23.766+0000] {processor.py:179} INFO - Processing /home/airflow/.local/lib/python3.8/site-packages/airflow/example_dags/example_setup_teardown_taskflow.py took 0.293 seconds
[2023-11-03T19:47:54.134+0000] {processor.py:157} INFO - Started process (PID=34119) to work on /home/airflow/.local/lib/python3.8/site-packages/airflow/example_dags/example_setup_teardown_taskflow.py
[2023-11-03T19:47:54.136+0000] {processor.py:829} INFO - Processing file /home/airflow/.local/lib/python3.8/site-packages/airflow/example_dags/example_setup_teardown_taskflow.py for tasks to queue
[2023-11-03T19:47:54.144+0000] {logging_mixin.py:151} INFO - [2023-11-03T19:47:54.142+0000] {dagbag.py:536} INFO - Filling up the DagBag from /home/airflow/.local/lib/python3.8/site-packages/airflow/example_dags/example_setup_teardown_taskflow.py
[2023-11-03T19:47:54.173+0000] {processor.py:839} INFO - DAG(s) dict_keys(['example_setup_teardown_taskflow']) retrieved from /home/airflow/.local/lib/python3.8/site-packages/airflow/example_dags/example_setup_teardown_taskflow.py
[2023-11-03T19:47:54.231+0000] {logging_mixin.py:151} INFO - [2023-11-03T19:47:54.231+0000] {dag.py:2941} INFO - Sync 1 DAGs
[2023-11-03T19:47:54.294+0000] {logging_mixin.py:151} INFO - [2023-11-03T19:47:54.293+0000] {dag.py:3722} INFO - Setting next_dagrun for example_setup_teardown_taskflow to 2023-11-02T19:47:54.292998+00:00, run_after=2023-11-03T19:47:54.292998+00:00
[2023-11-03T19:47:54.360+0000] {processor.py:179} INFO - Processing /home/airflow/.local/lib/python3.8/site-packages/airflow/example_dags/example_setup_teardown_taskflow.py took 0.236 seconds
[2023-11-03T19:48:24.837+0000] {processor.py:157} INFO - Started process (PID=34181) to work on /home/airflow/.local/lib/python3.8/site-packages/airflow/example_dags/example_setup_teardown_taskflow.py
[2023-11-03T19:48:24.840+0000] {processor.py:829} INFO - Processing file /home/airflow/.local/lib/python3.8/site-packages/airflow/example_dags/example_setup_teardown_taskflow.py for tasks to queue
[2023-11-03T19:48:24.848+0000] {logging_mixin.py:151} INFO - [2023-11-03T19:48:24.847+0000] {dagbag.py:536} INFO - Filling up the DagBag from /home/airflow/.local/lib/python3.8/site-packages/airflow/example_dags/example_setup_teardown_taskflow.py
[2023-11-03T19:48:24.883+0000] {processor.py:839} INFO - DAG(s) dict_keys(['example_setup_teardown_taskflow']) retrieved from /home/airflow/.local/lib/python3.8/site-packages/airflow/example_dags/example_setup_teardown_taskflow.py
[2023-11-03T19:48:24.948+0000] {logging_mixin.py:151} INFO - [2023-11-03T19:48:24.947+0000] {dag.py:2941} INFO - Sync 1 DAGs
[2023-11-03T19:48:25.018+0000] {logging_mixin.py:151} INFO - [2023-11-03T19:48:25.018+0000] {dag.py:3722} INFO - Setting next_dagrun for example_setup_teardown_taskflow to 2023-11-02T19:48:25.017416+00:00, run_after=2023-11-03T19:48:25.017416+00:00
[2023-11-03T19:48:25.081+0000] {processor.py:179} INFO - Processing /home/airflow/.local/lib/python3.8/site-packages/airflow/example_dags/example_setup_teardown_taskflow.py took 0.253 seconds
[2023-11-03T19:48:55.828+0000] {processor.py:157} INFO - Started process (PID=34243) to work on /home/airflow/.local/lib/python3.8/site-packages/airflow/example_dags/example_setup_teardown_taskflow.py
[2023-11-03T19:48:55.835+0000] {processor.py:829} INFO - Processing file /home/airflow/.local/lib/python3.8/site-packages/airflow/example_dags/example_setup_teardown_taskflow.py for tasks to queue
[2023-11-03T19:48:55.845+0000] {logging_mixin.py:151} INFO - [2023-11-03T19:48:55.844+0000] {dagbag.py:536} INFO - Filling up the DagBag from /home/airflow/.local/lib/python3.8/site-packages/airflow/example_dags/example_setup_teardown_taskflow.py
[2023-11-03T19:48:55.925+0000] {processor.py:839} INFO - DAG(s) dict_keys(['example_setup_teardown_taskflow']) retrieved from /home/airflow/.local/lib/python3.8/site-packages/airflow/example_dags/example_setup_teardown_taskflow.py
[2023-11-03T19:48:56.020+0000] {logging_mixin.py:151} INFO - [2023-11-03T19:48:56.020+0000] {dag.py:2941} INFO - Sync 1 DAGs
[2023-11-03T19:48:56.086+0000] {logging_mixin.py:151} INFO - [2023-11-03T19:48:56.085+0000] {dag.py:3722} INFO - Setting next_dagrun for example_setup_teardown_taskflow to 2023-11-02T19:48:56.085044+00:00, run_after=2023-11-03T19:48:56.085044+00:00
[2023-11-03T19:48:56.144+0000] {processor.py:179} INFO - Processing /home/airflow/.local/lib/python3.8/site-packages/airflow/example_dags/example_setup_teardown_taskflow.py took 0.337 seconds
[2023-11-03T19:49:26.536+0000] {processor.py:157} INFO - Started process (PID=34305) to work on /home/airflow/.local/lib/python3.8/site-packages/airflow/example_dags/example_setup_teardown_taskflow.py
[2023-11-03T19:49:26.540+0000] {processor.py:829} INFO - Processing file /home/airflow/.local/lib/python3.8/site-packages/airflow/example_dags/example_setup_teardown_taskflow.py for tasks to queue
[2023-11-03T19:49:26.548+0000] {logging_mixin.py:151} INFO - [2023-11-03T19:49:26.547+0000] {dagbag.py:536} INFO - Filling up the DagBag from /home/airflow/.local/lib/python3.8/site-packages/airflow/example_dags/example_setup_teardown_taskflow.py
[2023-11-03T19:49:26.578+0000] {processor.py:839} INFO - DAG(s) dict_keys(['example_setup_teardown_taskflow']) retrieved from /home/airflow/.local/lib/python3.8/site-packages/airflow/example_dags/example_setup_teardown_taskflow.py
[2023-11-03T19:49:26.640+0000] {logging_mixin.py:151} INFO - [2023-11-03T19:49:26.640+0000] {dag.py:2941} INFO - Sync 1 DAGs
[2023-11-03T19:49:26.705+0000] {logging_mixin.py:151} INFO - [2023-11-03T19:49:26.704+0000] {dag.py:3722} INFO - Setting next_dagrun for example_setup_teardown_taskflow to 2023-11-02T19:49:26.703898+00:00, run_after=2023-11-03T19:49:26.703898+00:00
[2023-11-03T19:49:26.759+0000] {processor.py:179} INFO - Processing /home/airflow/.local/lib/python3.8/site-packages/airflow/example_dags/example_setup_teardown_taskflow.py took 0.236 seconds
[2023-11-03T19:49:57.339+0000] {processor.py:157} INFO - Started process (PID=34367) to work on /home/airflow/.local/lib/python3.8/site-packages/airflow/example_dags/example_setup_teardown_taskflow.py
[2023-11-03T19:49:57.343+0000] {processor.py:829} INFO - Processing file /home/airflow/.local/lib/python3.8/site-packages/airflow/example_dags/example_setup_teardown_taskflow.py for tasks to queue
[2023-11-03T19:49:57.352+0000] {logging_mixin.py:151} INFO - [2023-11-03T19:49:57.350+0000] {dagbag.py:536} INFO - Filling up the DagBag from /home/airflow/.local/lib/python3.8/site-packages/airflow/example_dags/example_setup_teardown_taskflow.py
[2023-11-03T19:49:57.415+0000] {processor.py:839} INFO - DAG(s) dict_keys(['example_setup_teardown_taskflow']) retrieved from /home/airflow/.local/lib/python3.8/site-packages/airflow/example_dags/example_setup_teardown_taskflow.py
[2023-11-03T19:49:57.501+0000] {logging_mixin.py:151} INFO - [2023-11-03T19:49:57.500+0000] {dag.py:2941} INFO - Sync 1 DAGs
[2023-11-03T19:49:57.590+0000] {logging_mixin.py:151} INFO - [2023-11-03T19:49:57.589+0000] {dag.py:3722} INFO - Setting next_dagrun for example_setup_teardown_taskflow to 2023-11-02T19:49:57.588398+00:00, run_after=2023-11-03T19:49:57.588398+00:00
[2023-11-03T19:49:57.676+0000] {processor.py:179} INFO - Processing /home/airflow/.local/lib/python3.8/site-packages/airflow/example_dags/example_setup_teardown_taskflow.py took 0.348 seconds
[2023-11-03T19:50:28.345+0000] {processor.py:157} INFO - Started process (PID=34429) to work on /home/airflow/.local/lib/python3.8/site-packages/airflow/example_dags/example_setup_teardown_taskflow.py
[2023-11-03T19:50:28.348+0000] {processor.py:829} INFO - Processing file /home/airflow/.local/lib/python3.8/site-packages/airflow/example_dags/example_setup_teardown_taskflow.py for tasks to queue
[2023-11-03T19:50:28.356+0000] {logging_mixin.py:151} INFO - [2023-11-03T19:50:28.354+0000] {dagbag.py:536} INFO - Filling up the DagBag from /home/airflow/.local/lib/python3.8/site-packages/airflow/example_dags/example_setup_teardown_taskflow.py
[2023-11-03T19:50:28.383+0000] {processor.py:839} INFO - DAG(s) dict_keys(['example_setup_teardown_taskflow']) retrieved from /home/airflow/.local/lib/python3.8/site-packages/airflow/example_dags/example_setup_teardown_taskflow.py
[2023-11-03T19:50:28.439+0000] {logging_mixin.py:151} INFO - [2023-11-03T19:50:28.438+0000] {dag.py:2941} INFO - Sync 1 DAGs
[2023-11-03T19:50:28.505+0000] {logging_mixin.py:151} INFO - [2023-11-03T19:50:28.504+0000] {dag.py:3722} INFO - Setting next_dagrun for example_setup_teardown_taskflow to 2023-11-02T19:50:28.503926+00:00, run_after=2023-11-03T19:50:28.503926+00:00
[2023-11-03T19:50:28.565+0000] {processor.py:179} INFO - Processing /home/airflow/.local/lib/python3.8/site-packages/airflow/example_dags/example_setup_teardown_taskflow.py took 0.227 seconds
[2023-11-03T19:50:59.663+0000] {processor.py:157} INFO - Started process (PID=34491) to work on /home/airflow/.local/lib/python3.8/site-packages/airflow/example_dags/example_setup_teardown_taskflow.py
[2023-11-03T19:50:59.666+0000] {processor.py:829} INFO - Processing file /home/airflow/.local/lib/python3.8/site-packages/airflow/example_dags/example_setup_teardown_taskflow.py for tasks to queue
[2023-11-03T19:50:59.672+0000] {logging_mixin.py:151} INFO - [2023-11-03T19:50:59.671+0000] {dagbag.py:536} INFO - Filling up the DagBag from /home/airflow/.local/lib/python3.8/site-packages/airflow/example_dags/example_setup_teardown_taskflow.py
[2023-11-03T19:50:59.709+0000] {processor.py:839} INFO - DAG(s) dict_keys(['example_setup_teardown_taskflow']) retrieved from /home/airflow/.local/lib/python3.8/site-packages/airflow/example_dags/example_setup_teardown_taskflow.py
[2023-11-03T19:50:59.866+0000] {logging_mixin.py:151} INFO - [2023-11-03T19:50:59.866+0000] {dag.py:2941} INFO - Sync 1 DAGs
[2023-11-03T19:51:00.020+0000] {logging_mixin.py:151} INFO - [2023-11-03T19:51:00.019+0000] {dag.py:3722} INFO - Setting next_dagrun for example_setup_teardown_taskflow to 2023-11-02T19:51:00.018785+00:00, run_after=2023-11-03T19:51:00.018785+00:00
[2023-11-03T19:51:00.102+0000] {processor.py:179} INFO - Processing /home/airflow/.local/lib/python3.8/site-packages/airflow/example_dags/example_setup_teardown_taskflow.py took 0.445 seconds
[2023-11-03T19:51:30.527+0000] {processor.py:157} INFO - Started process (PID=34553) to work on /home/airflow/.local/lib/python3.8/site-packages/airflow/example_dags/example_setup_teardown_taskflow.py
[2023-11-03T19:51:30.530+0000] {processor.py:829} INFO - Processing file /home/airflow/.local/lib/python3.8/site-packages/airflow/example_dags/example_setup_teardown_taskflow.py for tasks to queue
[2023-11-03T19:51:30.538+0000] {logging_mixin.py:151} INFO - [2023-11-03T19:51:30.537+0000] {dagbag.py:536} INFO - Filling up the DagBag from /home/airflow/.local/lib/python3.8/site-packages/airflow/example_dags/example_setup_teardown_taskflow.py
[2023-11-03T19:51:30.566+0000] {processor.py:839} INFO - DAG(s) dict_keys(['example_setup_teardown_taskflow']) retrieved from /home/airflow/.local/lib/python3.8/site-packages/airflow/example_dags/example_setup_teardown_taskflow.py
[2023-11-03T19:51:30.631+0000] {logging_mixin.py:151} INFO - [2023-11-03T19:51:30.630+0000] {dag.py:2941} INFO - Sync 1 DAGs
[2023-11-03T19:51:30.703+0000] {logging_mixin.py:151} INFO - [2023-11-03T19:51:30.702+0000] {dag.py:3722} INFO - Setting next_dagrun for example_setup_teardown_taskflow to 2023-11-02T19:51:30.701968+00:00, run_after=2023-11-03T19:51:30.701968+00:00
[2023-11-03T19:51:30.759+0000] {processor.py:179} INFO - Processing /home/airflow/.local/lib/python3.8/site-packages/airflow/example_dags/example_setup_teardown_taskflow.py took 0.239 seconds
[2023-11-03T19:52:01.217+0000] {processor.py:157} INFO - Started process (PID=34615) to work on /home/airflow/.local/lib/python3.8/site-packages/airflow/example_dags/example_setup_teardown_taskflow.py
[2023-11-03T19:52:01.221+0000] {processor.py:829} INFO - Processing file /home/airflow/.local/lib/python3.8/site-packages/airflow/example_dags/example_setup_teardown_taskflow.py for tasks to queue
[2023-11-03T19:52:01.228+0000] {logging_mixin.py:151} INFO - [2023-11-03T19:52:01.227+0000] {dagbag.py:536} INFO - Filling up the DagBag from /home/airflow/.local/lib/python3.8/site-packages/airflow/example_dags/example_setup_teardown_taskflow.py
[2023-11-03T19:52:01.258+0000] {processor.py:839} INFO - DAG(s) dict_keys(['example_setup_teardown_taskflow']) retrieved from /home/airflow/.local/lib/python3.8/site-packages/airflow/example_dags/example_setup_teardown_taskflow.py
[2023-11-03T19:52:01.314+0000] {logging_mixin.py:151} INFO - [2023-11-03T19:52:01.313+0000] {dag.py:2941} INFO - Sync 1 DAGs
[2023-11-03T19:52:01.393+0000] {logging_mixin.py:151} INFO - [2023-11-03T19:52:01.392+0000] {dag.py:3722} INFO - Setting next_dagrun for example_setup_teardown_taskflow to 2023-11-02T19:52:01.392007+00:00, run_after=2023-11-03T19:52:01.392007+00:00
[2023-11-03T19:52:01.462+0000] {processor.py:179} INFO - Processing /home/airflow/.local/lib/python3.8/site-packages/airflow/example_dags/example_setup_teardown_taskflow.py took 0.260 seconds
[2023-11-03T19:52:32.203+0000] {processor.py:157} INFO - Started process (PID=34677) to work on /home/airflow/.local/lib/python3.8/site-packages/airflow/example_dags/example_setup_teardown_taskflow.py
[2023-11-03T19:52:32.206+0000] {processor.py:829} INFO - Processing file /home/airflow/.local/lib/python3.8/site-packages/airflow/example_dags/example_setup_teardown_taskflow.py for tasks to queue
[2023-11-03T19:52:32.216+0000] {logging_mixin.py:151} INFO - [2023-11-03T19:52:32.214+0000] {dagbag.py:536} INFO - Filling up the DagBag from /home/airflow/.local/lib/python3.8/site-packages/airflow/example_dags/example_setup_teardown_taskflow.py
[2023-11-03T19:52:32.241+0000] {processor.py:839} INFO - DAG(s) dict_keys(['example_setup_teardown_taskflow']) retrieved from /home/airflow/.local/lib/python3.8/site-packages/airflow/example_dags/example_setup_teardown_taskflow.py
[2023-11-03T19:52:32.291+0000] {logging_mixin.py:151} INFO - [2023-11-03T19:52:32.290+0000] {dag.py:2941} INFO - Sync 1 DAGs
[2023-11-03T19:52:32.342+0000] {logging_mixin.py:151} INFO - [2023-11-03T19:52:32.341+0000] {dag.py:3722} INFO - Setting next_dagrun for example_setup_teardown_taskflow to 2023-11-02T19:52:32.341161+00:00, run_after=2023-11-03T19:52:32.341161+00:00
[2023-11-03T19:52:32.396+0000] {processor.py:179} INFO - Processing /home/airflow/.local/lib/python3.8/site-packages/airflow/example_dags/example_setup_teardown_taskflow.py took 0.205 seconds
[2023-11-03T19:53:03.229+0000] {processor.py:157} INFO - Started process (PID=34739) to work on /home/airflow/.local/lib/python3.8/site-packages/airflow/example_dags/example_setup_teardown_taskflow.py
[2023-11-03T19:53:03.231+0000] {processor.py:829} INFO - Processing file /home/airflow/.local/lib/python3.8/site-packages/airflow/example_dags/example_setup_teardown_taskflow.py for tasks to queue
[2023-11-03T19:53:03.238+0000] {logging_mixin.py:151} INFO - [2023-11-03T19:53:03.237+0000] {dagbag.py:536} INFO - Filling up the DagBag from /home/airflow/.local/lib/python3.8/site-packages/airflow/example_dags/example_setup_teardown_taskflow.py
[2023-11-03T19:53:03.261+0000] {processor.py:839} INFO - DAG(s) dict_keys(['example_setup_teardown_taskflow']) retrieved from /home/airflow/.local/lib/python3.8/site-packages/airflow/example_dags/example_setup_teardown_taskflow.py
[2023-11-03T19:53:03.320+0000] {logging_mixin.py:151} INFO - [2023-11-03T19:53:03.320+0000] {dag.py:2941} INFO - Sync 1 DAGs
[2023-11-03T19:53:03.383+0000] {logging_mixin.py:151} INFO - [2023-11-03T19:53:03.382+0000] {dag.py:3722} INFO - Setting next_dagrun for example_setup_teardown_taskflow to 2023-11-02T19:53:03.382169+00:00, run_after=2023-11-03T19:53:03.382169+00:00
[2023-11-03T19:53:03.455+0000] {processor.py:179} INFO - Processing /home/airflow/.local/lib/python3.8/site-packages/airflow/example_dags/example_setup_teardown_taskflow.py took 0.234 seconds
[2023-11-03T19:53:34.762+0000] {processor.py:157} INFO - Started process (PID=34801) to work on /home/airflow/.local/lib/python3.8/site-packages/airflow/example_dags/example_setup_teardown_taskflow.py
[2023-11-03T19:53:34.764+0000] {processor.py:829} INFO - Processing file /home/airflow/.local/lib/python3.8/site-packages/airflow/example_dags/example_setup_teardown_taskflow.py for tasks to queue
[2023-11-03T19:53:34.772+0000] {logging_mixin.py:151} INFO - [2023-11-03T19:53:34.770+0000] {dagbag.py:536} INFO - Filling up the DagBag from /home/airflow/.local/lib/python3.8/site-packages/airflow/example_dags/example_setup_teardown_taskflow.py
[2023-11-03T19:53:34.796+0000] {processor.py:839} INFO - DAG(s) dict_keys(['example_setup_teardown_taskflow']) retrieved from /home/airflow/.local/lib/python3.8/site-packages/airflow/example_dags/example_setup_teardown_taskflow.py
[2023-11-03T19:53:34.852+0000] {logging_mixin.py:151} INFO - [2023-11-03T19:53:34.852+0000] {dag.py:2941} INFO - Sync 1 DAGs
[2023-11-03T19:53:34.928+0000] {logging_mixin.py:151} INFO - [2023-11-03T19:53:34.927+0000] {dag.py:3722} INFO - Setting next_dagrun for example_setup_teardown_taskflow to 2023-11-02T19:53:34.926869+00:00, run_after=2023-11-03T19:53:34.926869+00:00
[2023-11-03T19:53:34.998+0000] {processor.py:179} INFO - Processing /home/airflow/.local/lib/python3.8/site-packages/airflow/example_dags/example_setup_teardown_taskflow.py took 0.243 seconds
[2023-11-03T19:54:06.001+0000] {processor.py:157} INFO - Started process (PID=34870) to work on /home/airflow/.local/lib/python3.8/site-packages/airflow/example_dags/example_setup_teardown_taskflow.py
[2023-11-03T19:54:06.023+0000] {processor.py:829} INFO - Processing file /home/airflow/.local/lib/python3.8/site-packages/airflow/example_dags/example_setup_teardown_taskflow.py for tasks to queue
[2023-11-03T19:54:06.036+0000] {logging_mixin.py:151} INFO - [2023-11-03T19:54:06.034+0000] {dagbag.py:536} INFO - Filling up the DagBag from /home/airflow/.local/lib/python3.8/site-packages/airflow/example_dags/example_setup_teardown_taskflow.py
[2023-11-03T19:54:06.077+0000] {processor.py:839} INFO - DAG(s) dict_keys(['example_setup_teardown_taskflow']) retrieved from /home/airflow/.local/lib/python3.8/site-packages/airflow/example_dags/example_setup_teardown_taskflow.py
[2023-11-03T19:54:06.166+0000] {logging_mixin.py:151} INFO - [2023-11-03T19:54:06.165+0000] {dag.py:2941} INFO - Sync 1 DAGs
[2023-11-03T19:54:06.242+0000] {logging_mixin.py:151} INFO - [2023-11-03T19:54:06.242+0000] {dag.py:3722} INFO - Setting next_dagrun for example_setup_teardown_taskflow to 2023-11-02T19:54:06.241065+00:00, run_after=2023-11-03T19:54:06.241065+00:00
[2023-11-03T19:54:06.307+0000] {processor.py:179} INFO - Processing /home/airflow/.local/lib/python3.8/site-packages/airflow/example_dags/example_setup_teardown_taskflow.py took 0.316 seconds
[2023-11-03T19:54:37.003+0000] {processor.py:157} INFO - Started process (PID=34932) to work on /home/airflow/.local/lib/python3.8/site-packages/airflow/example_dags/example_setup_teardown_taskflow.py
[2023-11-03T19:54:37.008+0000] {processor.py:829} INFO - Processing file /home/airflow/.local/lib/python3.8/site-packages/airflow/example_dags/example_setup_teardown_taskflow.py for tasks to queue
[2023-11-03T19:54:37.019+0000] {logging_mixin.py:151} INFO - [2023-11-03T19:54:37.018+0000] {dagbag.py:536} INFO - Filling up the DagBag from /home/airflow/.local/lib/python3.8/site-packages/airflow/example_dags/example_setup_teardown_taskflow.py
[2023-11-03T19:54:37.053+0000] {processor.py:839} INFO - DAG(s) dict_keys(['example_setup_teardown_taskflow']) retrieved from /home/airflow/.local/lib/python3.8/site-packages/airflow/example_dags/example_setup_teardown_taskflow.py
[2023-11-03T19:54:37.127+0000] {logging_mixin.py:151} INFO - [2023-11-03T19:54:37.126+0000] {dag.py:2941} INFO - Sync 1 DAGs
[2023-11-03T19:54:37.214+0000] {logging_mixin.py:151} INFO - [2023-11-03T19:54:37.213+0000] {dag.py:3722} INFO - Setting next_dagrun for example_setup_teardown_taskflow to 2023-11-02T19:54:37.212837+00:00, run_after=2023-11-03T19:54:37.212837+00:00
[2023-11-03T19:54:37.285+0000] {processor.py:179} INFO - Processing /home/airflow/.local/lib/python3.8/site-packages/airflow/example_dags/example_setup_teardown_taskflow.py took 0.298 seconds
[2023-11-03T19:55:08.511+0000] {processor.py:157} INFO - Started process (PID=34994) to work on /home/airflow/.local/lib/python3.8/site-packages/airflow/example_dags/example_setup_teardown_taskflow.py
[2023-11-03T19:55:08.514+0000] {processor.py:829} INFO - Processing file /home/airflow/.local/lib/python3.8/site-packages/airflow/example_dags/example_setup_teardown_taskflow.py for tasks to queue
[2023-11-03T19:55:08.523+0000] {logging_mixin.py:151} INFO - [2023-11-03T19:55:08.521+0000] {dagbag.py:536} INFO - Filling up the DagBag from /home/airflow/.local/lib/python3.8/site-packages/airflow/example_dags/example_setup_teardown_taskflow.py
[2023-11-03T19:55:08.560+0000] {processor.py:839} INFO - DAG(s) dict_keys(['example_setup_teardown_taskflow']) retrieved from /home/airflow/.local/lib/python3.8/site-packages/airflow/example_dags/example_setup_teardown_taskflow.py
[2023-11-03T19:55:08.639+0000] {logging_mixin.py:151} INFO - [2023-11-03T19:55:08.638+0000] {dag.py:2941} INFO - Sync 1 DAGs
[2023-11-03T19:55:08.694+0000] {logging_mixin.py:151} INFO - [2023-11-03T19:55:08.693+0000] {dag.py:3722} INFO - Setting next_dagrun for example_setup_teardown_taskflow to 2023-11-02T19:55:08.692310+00:00, run_after=2023-11-03T19:55:08.692310+00:00
[2023-11-03T19:55:08.754+0000] {processor.py:179} INFO - Processing /home/airflow/.local/lib/python3.8/site-packages/airflow/example_dags/example_setup_teardown_taskflow.py took 0.252 seconds
[2023-11-03T19:55:38.914+0000] {processor.py:157} INFO - Started process (PID=35056) to work on /home/airflow/.local/lib/python3.8/site-packages/airflow/example_dags/example_setup_teardown_taskflow.py
[2023-11-03T19:55:38.917+0000] {processor.py:829} INFO - Processing file /home/airflow/.local/lib/python3.8/site-packages/airflow/example_dags/example_setup_teardown_taskflow.py for tasks to queue
[2023-11-03T19:55:38.925+0000] {logging_mixin.py:151} INFO - [2023-11-03T19:55:38.923+0000] {dagbag.py:536} INFO - Filling up the DagBag from /home/airflow/.local/lib/python3.8/site-packages/airflow/example_dags/example_setup_teardown_taskflow.py
[2023-11-03T19:55:38.954+0000] {processor.py:839} INFO - DAG(s) dict_keys(['example_setup_teardown_taskflow']) retrieved from /home/airflow/.local/lib/python3.8/site-packages/airflow/example_dags/example_setup_teardown_taskflow.py
[2023-11-03T19:55:39.013+0000] {logging_mixin.py:151} INFO - [2023-11-03T19:55:39.012+0000] {dag.py:2941} INFO - Sync 1 DAGs
[2023-11-03T19:55:39.067+0000] {logging_mixin.py:151} INFO - [2023-11-03T19:55:39.066+0000] {dag.py:3722} INFO - Setting next_dagrun for example_setup_teardown_taskflow to 2023-11-02T19:55:39.066246+00:00, run_after=2023-11-03T19:55:39.066246+00:00
[2023-11-03T19:55:39.146+0000] {processor.py:179} INFO - Processing /home/airflow/.local/lib/python3.8/site-packages/airflow/example_dags/example_setup_teardown_taskflow.py took 0.242 seconds
[2023-11-03T19:56:09.562+0000] {processor.py:157} INFO - Started process (PID=35118) to work on /home/airflow/.local/lib/python3.8/site-packages/airflow/example_dags/example_setup_teardown_taskflow.py
[2023-11-03T19:56:09.564+0000] {processor.py:829} INFO - Processing file /home/airflow/.local/lib/python3.8/site-packages/airflow/example_dags/example_setup_teardown_taskflow.py for tasks to queue
[2023-11-03T19:56:09.571+0000] {logging_mixin.py:151} INFO - [2023-11-03T19:56:09.569+0000] {dagbag.py:536} INFO - Filling up the DagBag from /home/airflow/.local/lib/python3.8/site-packages/airflow/example_dags/example_setup_teardown_taskflow.py
[2023-11-03T19:56:09.594+0000] {processor.py:839} INFO - DAG(s) dict_keys(['example_setup_teardown_taskflow']) retrieved from /home/airflow/.local/lib/python3.8/site-packages/airflow/example_dags/example_setup_teardown_taskflow.py
[2023-11-03T19:56:09.651+0000] {logging_mixin.py:151} INFO - [2023-11-03T19:56:09.651+0000] {dag.py:2941} INFO - Sync 1 DAGs
[2023-11-03T19:56:09.713+0000] {logging_mixin.py:151} INFO - [2023-11-03T19:56:09.712+0000] {dag.py:3722} INFO - Setting next_dagrun for example_setup_teardown_taskflow to 2023-11-02T19:56:09.712353+00:00, run_after=2023-11-03T19:56:09.712353+00:00
[2023-11-03T19:56:09.776+0000] {processor.py:179} INFO - Processing /home/airflow/.local/lib/python3.8/site-packages/airflow/example_dags/example_setup_teardown_taskflow.py took 0.222 seconds
[2023-11-03T19:56:40.106+0000] {processor.py:157} INFO - Started process (PID=35180) to work on /home/airflow/.local/lib/python3.8/site-packages/airflow/example_dags/example_setup_teardown_taskflow.py
[2023-11-03T19:56:40.109+0000] {processor.py:829} INFO - Processing file /home/airflow/.local/lib/python3.8/site-packages/airflow/example_dags/example_setup_teardown_taskflow.py for tasks to queue
[2023-11-03T19:56:40.116+0000] {logging_mixin.py:151} INFO - [2023-11-03T19:56:40.115+0000] {dagbag.py:536} INFO - Filling up the DagBag from /home/airflow/.local/lib/python3.8/site-packages/airflow/example_dags/example_setup_teardown_taskflow.py
[2023-11-03T19:56:40.143+0000] {processor.py:839} INFO - DAG(s) dict_keys(['example_setup_teardown_taskflow']) retrieved from /home/airflow/.local/lib/python3.8/site-packages/airflow/example_dags/example_setup_teardown_taskflow.py
[2023-11-03T19:56:40.213+0000] {logging_mixin.py:151} INFO - [2023-11-03T19:56:40.212+0000] {dag.py:2941} INFO - Sync 1 DAGs
[2023-11-03T19:56:40.288+0000] {logging_mixin.py:151} INFO - [2023-11-03T19:56:40.288+0000] {dag.py:3722} INFO - Setting next_dagrun for example_setup_teardown_taskflow to 2023-11-02T19:56:40.287553+00:00, run_after=2023-11-03T19:56:40.287553+00:00
[2023-11-03T19:56:40.352+0000] {processor.py:179} INFO - Processing /home/airflow/.local/lib/python3.8/site-packages/airflow/example_dags/example_setup_teardown_taskflow.py took 0.256 seconds
[2023-11-03T19:57:10.550+0000] {processor.py:157} INFO - Started process (PID=35241) to work on /home/airflow/.local/lib/python3.8/site-packages/airflow/example_dags/example_setup_teardown_taskflow.py
[2023-11-03T19:57:10.553+0000] {processor.py:829} INFO - Processing file /home/airflow/.local/lib/python3.8/site-packages/airflow/example_dags/example_setup_teardown_taskflow.py for tasks to queue
[2023-11-03T19:57:10.563+0000] {logging_mixin.py:151} INFO - [2023-11-03T19:57:10.562+0000] {dagbag.py:536} INFO - Filling up the DagBag from /home/airflow/.local/lib/python3.8/site-packages/airflow/example_dags/example_setup_teardown_taskflow.py
[2023-11-03T19:57:10.594+0000] {processor.py:839} INFO - DAG(s) dict_keys(['example_setup_teardown_taskflow']) retrieved from /home/airflow/.local/lib/python3.8/site-packages/airflow/example_dags/example_setup_teardown_taskflow.py
[2023-11-03T19:57:10.664+0000] {logging_mixin.py:151} INFO - [2023-11-03T19:57:10.664+0000] {dag.py:2941} INFO - Sync 1 DAGs
[2023-11-03T19:57:10.726+0000] {logging_mixin.py:151} INFO - [2023-11-03T19:57:10.726+0000] {dag.py:3722} INFO - Setting next_dagrun for example_setup_teardown_taskflow to 2023-11-02T19:57:10.725370+00:00, run_after=2023-11-03T19:57:10.725370+00:00
[2023-11-03T19:57:10.781+0000] {processor.py:179} INFO - Processing /home/airflow/.local/lib/python3.8/site-packages/airflow/example_dags/example_setup_teardown_taskflow.py took 0.242 seconds
[2023-11-03T19:57:41.295+0000] {processor.py:157} INFO - Started process (PID=35303) to work on /home/airflow/.local/lib/python3.8/site-packages/airflow/example_dags/example_setup_teardown_taskflow.py
[2023-11-03T19:57:41.297+0000] {processor.py:829} INFO - Processing file /home/airflow/.local/lib/python3.8/site-packages/airflow/example_dags/example_setup_teardown_taskflow.py for tasks to queue
[2023-11-03T19:57:41.309+0000] {logging_mixin.py:151} INFO - [2023-11-03T19:57:41.307+0000] {dagbag.py:536} INFO - Filling up the DagBag from /home/airflow/.local/lib/python3.8/site-packages/airflow/example_dags/example_setup_teardown_taskflow.py
[2023-11-03T19:57:41.340+0000] {processor.py:839} INFO - DAG(s) dict_keys(['example_setup_teardown_taskflow']) retrieved from /home/airflow/.local/lib/python3.8/site-packages/airflow/example_dags/example_setup_teardown_taskflow.py
[2023-11-03T19:57:41.410+0000] {logging_mixin.py:151} INFO - [2023-11-03T19:57:41.410+0000] {dag.py:2941} INFO - Sync 1 DAGs
[2023-11-03T19:57:41.473+0000] {logging_mixin.py:151} INFO - [2023-11-03T19:57:41.473+0000] {dag.py:3722} INFO - Setting next_dagrun for example_setup_teardown_taskflow to 2023-11-02T19:57:41.472433+00:00, run_after=2023-11-03T19:57:41.472433+00:00
[2023-11-03T19:57:41.534+0000] {processor.py:179} INFO - Processing /home/airflow/.local/lib/python3.8/site-packages/airflow/example_dags/example_setup_teardown_taskflow.py took 0.245 seconds
[2023-11-03T19:58:12.006+0000] {processor.py:157} INFO - Started process (PID=35365) to work on /home/airflow/.local/lib/python3.8/site-packages/airflow/example_dags/example_setup_teardown_taskflow.py
[2023-11-03T19:58:12.008+0000] {processor.py:829} INFO - Processing file /home/airflow/.local/lib/python3.8/site-packages/airflow/example_dags/example_setup_teardown_taskflow.py for tasks to queue
[2023-11-03T19:58:12.014+0000] {logging_mixin.py:151} INFO - [2023-11-03T19:58:12.013+0000] {dagbag.py:536} INFO - Filling up the DagBag from /home/airflow/.local/lib/python3.8/site-packages/airflow/example_dags/example_setup_teardown_taskflow.py
[2023-11-03T19:58:12.039+0000] {processor.py:839} INFO - DAG(s) dict_keys(['example_setup_teardown_taskflow']) retrieved from /home/airflow/.local/lib/python3.8/site-packages/airflow/example_dags/example_setup_teardown_taskflow.py
[2023-11-03T19:58:12.094+0000] {logging_mixin.py:151} INFO - [2023-11-03T19:58:12.093+0000] {dag.py:2941} INFO - Sync 1 DAGs
[2023-11-03T19:58:12.158+0000] {logging_mixin.py:151} INFO - [2023-11-03T19:58:12.157+0000] {dag.py:3722} INFO - Setting next_dagrun for example_setup_teardown_taskflow to 2023-11-02T19:58:12.156889+00:00, run_after=2023-11-03T19:58:12.156889+00:00
[2023-11-03T19:58:12.229+0000] {processor.py:179} INFO - Processing /home/airflow/.local/lib/python3.8/site-packages/airflow/example_dags/example_setup_teardown_taskflow.py took 0.230 seconds
[2023-11-03T19:58:43.017+0000] {processor.py:157} INFO - Started process (PID=35427) to work on /home/airflow/.local/lib/python3.8/site-packages/airflow/example_dags/example_setup_teardown_taskflow.py
[2023-11-03T19:58:43.020+0000] {processor.py:829} INFO - Processing file /home/airflow/.local/lib/python3.8/site-packages/airflow/example_dags/example_setup_teardown_taskflow.py for tasks to queue
[2023-11-03T19:58:43.029+0000] {logging_mixin.py:151} INFO - [2023-11-03T19:58:43.027+0000] {dagbag.py:536} INFO - Filling up the DagBag from /home/airflow/.local/lib/python3.8/site-packages/airflow/example_dags/example_setup_teardown_taskflow.py
[2023-11-03T19:58:43.067+0000] {processor.py:839} INFO - DAG(s) dict_keys(['example_setup_teardown_taskflow']) retrieved from /home/airflow/.local/lib/python3.8/site-packages/airflow/example_dags/example_setup_teardown_taskflow.py
[2023-11-03T19:58:43.135+0000] {logging_mixin.py:151} INFO - [2023-11-03T19:58:43.135+0000] {dag.py:2941} INFO - Sync 1 DAGs
[2023-11-03T19:58:43.211+0000] {logging_mixin.py:151} INFO - [2023-11-03T19:58:43.210+0000] {dag.py:3722} INFO - Setting next_dagrun for example_setup_teardown_taskflow to 2023-11-02T19:58:43.210222+00:00, run_after=2023-11-03T19:58:43.210222+00:00
[2023-11-03T19:58:43.269+0000] {processor.py:179} INFO - Processing /home/airflow/.local/lib/python3.8/site-packages/airflow/example_dags/example_setup_teardown_taskflow.py took 0.258 seconds
[2023-11-03T19:59:14.007+0000] {processor.py:157} INFO - Started process (PID=35489) to work on /home/airflow/.local/lib/python3.8/site-packages/airflow/example_dags/example_setup_teardown_taskflow.py
[2023-11-03T19:59:14.010+0000] {processor.py:829} INFO - Processing file /home/airflow/.local/lib/python3.8/site-packages/airflow/example_dags/example_setup_teardown_taskflow.py for tasks to queue
[2023-11-03T19:59:14.018+0000] {logging_mixin.py:151} INFO - [2023-11-03T19:59:14.016+0000] {dagbag.py:536} INFO - Filling up the DagBag from /home/airflow/.local/lib/python3.8/site-packages/airflow/example_dags/example_setup_teardown_taskflow.py
[2023-11-03T19:59:14.048+0000] {processor.py:839} INFO - DAG(s) dict_keys(['example_setup_teardown_taskflow']) retrieved from /home/airflow/.local/lib/python3.8/site-packages/airflow/example_dags/example_setup_teardown_taskflow.py
[2023-11-03T19:59:14.117+0000] {logging_mixin.py:151} INFO - [2023-11-03T19:59:14.117+0000] {dag.py:2941} INFO - Sync 1 DAGs
[2023-11-03T19:59:14.183+0000] {logging_mixin.py:151} INFO - [2023-11-03T19:59:14.182+0000] {dag.py:3722} INFO - Setting next_dagrun for example_setup_teardown_taskflow to 2023-11-02T19:59:14.181911+00:00, run_after=2023-11-03T19:59:14.181911+00:00
[2023-11-03T19:59:14.243+0000] {processor.py:179} INFO - Processing /home/airflow/.local/lib/python3.8/site-packages/airflow/example_dags/example_setup_teardown_taskflow.py took 0.245 seconds
[2023-11-03T19:59:44.878+0000] {processor.py:157} INFO - Started process (PID=35551) to work on /home/airflow/.local/lib/python3.8/site-packages/airflow/example_dags/example_setup_teardown_taskflow.py
[2023-11-03T19:59:44.882+0000] {processor.py:829} INFO - Processing file /home/airflow/.local/lib/python3.8/site-packages/airflow/example_dags/example_setup_teardown_taskflow.py for tasks to queue
[2023-11-03T19:59:44.888+0000] {logging_mixin.py:151} INFO - [2023-11-03T19:59:44.887+0000] {dagbag.py:536} INFO - Filling up the DagBag from /home/airflow/.local/lib/python3.8/site-packages/airflow/example_dags/example_setup_teardown_taskflow.py
[2023-11-03T19:59:44.914+0000] {processor.py:839} INFO - DAG(s) dict_keys(['example_setup_teardown_taskflow']) retrieved from /home/airflow/.local/lib/python3.8/site-packages/airflow/example_dags/example_setup_teardown_taskflow.py
[2023-11-03T19:59:44.981+0000] {logging_mixin.py:151} INFO - [2023-11-03T19:59:44.980+0000] {dag.py:2941} INFO - Sync 1 DAGs
[2023-11-03T19:59:45.050+0000] {logging_mixin.py:151} INFO - [2023-11-03T19:59:45.050+0000] {dag.py:3722} INFO - Setting next_dagrun for example_setup_teardown_taskflow to 2023-11-02T19:59:45.049515+00:00, run_after=2023-11-03T19:59:45.049515+00:00
[2023-11-03T19:59:45.104+0000] {processor.py:179} INFO - Processing /home/airflow/.local/lib/python3.8/site-packages/airflow/example_dags/example_setup_teardown_taskflow.py took 0.233 seconds
[2023-11-03T20:00:15.700+0000] {processor.py:157} INFO - Started process (PID=35613) to work on /home/airflow/.local/lib/python3.8/site-packages/airflow/example_dags/example_setup_teardown_taskflow.py
[2023-11-03T20:00:15.703+0000] {processor.py:829} INFO - Processing file /home/airflow/.local/lib/python3.8/site-packages/airflow/example_dags/example_setup_teardown_taskflow.py for tasks to queue
[2023-11-03T20:00:15.710+0000] {logging_mixin.py:151} INFO - [2023-11-03T20:00:15.709+0000] {dagbag.py:536} INFO - Filling up the DagBag from /home/airflow/.local/lib/python3.8/site-packages/airflow/example_dags/example_setup_teardown_taskflow.py
[2023-11-03T20:00:15.734+0000] {processor.py:839} INFO - DAG(s) dict_keys(['example_setup_teardown_taskflow']) retrieved from /home/airflow/.local/lib/python3.8/site-packages/airflow/example_dags/example_setup_teardown_taskflow.py
[2023-11-03T20:00:15.792+0000] {logging_mixin.py:151} INFO - [2023-11-03T20:00:15.791+0000] {dag.py:2941} INFO - Sync 1 DAGs
[2023-11-03T20:00:15.855+0000] {logging_mixin.py:151} INFO - [2023-11-03T20:00:15.854+0000] {dag.py:3722} INFO - Setting next_dagrun for example_setup_teardown_taskflow to 2023-11-02T20:00:15.853972+00:00, run_after=2023-11-03T20:00:15.853972+00:00
[2023-11-03T20:00:15.913+0000] {processor.py:179} INFO - Processing /home/airflow/.local/lib/python3.8/site-packages/airflow/example_dags/example_setup_teardown_taskflow.py took 0.221 seconds
[2023-11-03T20:00:46.948+0000] {processor.py:157} INFO - Started process (PID=35675) to work on /home/airflow/.local/lib/python3.8/site-packages/airflow/example_dags/example_setup_teardown_taskflow.py
[2023-11-03T20:00:46.951+0000] {processor.py:829} INFO - Processing file /home/airflow/.local/lib/python3.8/site-packages/airflow/example_dags/example_setup_teardown_taskflow.py for tasks to queue
[2023-11-03T20:00:46.958+0000] {logging_mixin.py:151} INFO - [2023-11-03T20:00:46.957+0000] {dagbag.py:536} INFO - Filling up the DagBag from /home/airflow/.local/lib/python3.8/site-packages/airflow/example_dags/example_setup_teardown_taskflow.py
[2023-11-03T20:00:46.989+0000] {processor.py:839} INFO - DAG(s) dict_keys(['example_setup_teardown_taskflow']) retrieved from /home/airflow/.local/lib/python3.8/site-packages/airflow/example_dags/example_setup_teardown_taskflow.py
[2023-11-03T20:00:47.046+0000] {logging_mixin.py:151} INFO - [2023-11-03T20:00:47.046+0000] {dag.py:2941} INFO - Sync 1 DAGs
[2023-11-03T20:00:47.111+0000] {logging_mixin.py:151} INFO - [2023-11-03T20:00:47.110+0000] {dag.py:3722} INFO - Setting next_dagrun for example_setup_teardown_taskflow to 2023-11-02T20:00:47.110355+00:00, run_after=2023-11-03T20:00:47.110355+00:00
[2023-11-03T20:00:47.185+0000] {processor.py:179} INFO - Processing /home/airflow/.local/lib/python3.8/site-packages/airflow/example_dags/example_setup_teardown_taskflow.py took 0.246 seconds
[2023-11-03T20:01:18.341+0000] {processor.py:157} INFO - Started process (PID=35737) to work on /home/airflow/.local/lib/python3.8/site-packages/airflow/example_dags/example_setup_teardown_taskflow.py
[2023-11-03T20:01:18.344+0000] {processor.py:829} INFO - Processing file /home/airflow/.local/lib/python3.8/site-packages/airflow/example_dags/example_setup_teardown_taskflow.py for tasks to queue
[2023-11-03T20:01:18.355+0000] {logging_mixin.py:151} INFO - [2023-11-03T20:01:18.354+0000] {dagbag.py:536} INFO - Filling up the DagBag from /home/airflow/.local/lib/python3.8/site-packages/airflow/example_dags/example_setup_teardown_taskflow.py
[2023-11-03T20:01:18.387+0000] {processor.py:839} INFO - DAG(s) dict_keys(['example_setup_teardown_taskflow']) retrieved from /home/airflow/.local/lib/python3.8/site-packages/airflow/example_dags/example_setup_teardown_taskflow.py
[2023-11-03T20:01:18.450+0000] {logging_mixin.py:151} INFO - [2023-11-03T20:01:18.449+0000] {dag.py:2941} INFO - Sync 1 DAGs
[2023-11-03T20:01:18.511+0000] {logging_mixin.py:151} INFO - [2023-11-03T20:01:18.511+0000] {dag.py:3722} INFO - Setting next_dagrun for example_setup_teardown_taskflow to 2023-11-02T20:01:18.510442+00:00, run_after=2023-11-03T20:01:18.510442+00:00
[2023-11-03T20:01:18.568+0000] {processor.py:179} INFO - Processing /home/airflow/.local/lib/python3.8/site-packages/airflow/example_dags/example_setup_teardown_taskflow.py took 0.238 seconds
[2023-11-03T20:01:49.536+0000] {processor.py:157} INFO - Started process (PID=35799) to work on /home/airflow/.local/lib/python3.8/site-packages/airflow/example_dags/example_setup_teardown_taskflow.py
[2023-11-03T20:01:49.539+0000] {processor.py:829} INFO - Processing file /home/airflow/.local/lib/python3.8/site-packages/airflow/example_dags/example_setup_teardown_taskflow.py for tasks to queue
[2023-11-03T20:01:49.549+0000] {logging_mixin.py:151} INFO - [2023-11-03T20:01:49.547+0000] {dagbag.py:536} INFO - Filling up the DagBag from /home/airflow/.local/lib/python3.8/site-packages/airflow/example_dags/example_setup_teardown_taskflow.py
[2023-11-03T20:01:49.578+0000] {processor.py:839} INFO - DAG(s) dict_keys(['example_setup_teardown_taskflow']) retrieved from /home/airflow/.local/lib/python3.8/site-packages/airflow/example_dags/example_setup_teardown_taskflow.py
[2023-11-03T20:01:49.660+0000] {logging_mixin.py:151} INFO - [2023-11-03T20:01:49.659+0000] {dag.py:2941} INFO - Sync 1 DAGs
[2023-11-03T20:01:49.745+0000] {logging_mixin.py:151} INFO - [2023-11-03T20:01:49.744+0000] {dag.py:3722} INFO - Setting next_dagrun for example_setup_teardown_taskflow to 2023-11-02T20:01:49.743363+00:00, run_after=2023-11-03T20:01:49.743363+00:00
[2023-11-03T20:01:49.899+0000] {processor.py:179} INFO - Processing /home/airflow/.local/lib/python3.8/site-packages/airflow/example_dags/example_setup_teardown_taskflow.py took 0.374 seconds
[2023-11-03T20:02:20.077+0000] {processor.py:157} INFO - Started process (PID=35861) to work on /home/airflow/.local/lib/python3.8/site-packages/airflow/example_dags/example_setup_teardown_taskflow.py
[2023-11-03T20:02:20.080+0000] {processor.py:829} INFO - Processing file /home/airflow/.local/lib/python3.8/site-packages/airflow/example_dags/example_setup_teardown_taskflow.py for tasks to queue
[2023-11-03T20:02:20.087+0000] {logging_mixin.py:151} INFO - [2023-11-03T20:02:20.085+0000] {dagbag.py:536} INFO - Filling up the DagBag from /home/airflow/.local/lib/python3.8/site-packages/airflow/example_dags/example_setup_teardown_taskflow.py
[2023-11-03T20:02:20.112+0000] {processor.py:839} INFO - DAG(s) dict_keys(['example_setup_teardown_taskflow']) retrieved from /home/airflow/.local/lib/python3.8/site-packages/airflow/example_dags/example_setup_teardown_taskflow.py
[2023-11-03T20:02:20.163+0000] {logging_mixin.py:151} INFO - [2023-11-03T20:02:20.162+0000] {dag.py:2941} INFO - Sync 1 DAGs
[2023-11-03T20:02:20.264+0000] {logging_mixin.py:151} INFO - [2023-11-03T20:02:20.263+0000] {dag.py:3722} INFO - Setting next_dagrun for example_setup_teardown_taskflow to 2023-11-02T20:02:20.262877+00:00, run_after=2023-11-03T20:02:20.262877+00:00
[2023-11-03T20:02:20.331+0000] {processor.py:179} INFO - Processing /home/airflow/.local/lib/python3.8/site-packages/airflow/example_dags/example_setup_teardown_taskflow.py took 0.260 seconds
[2023-11-03T20:02:51.104+0000] {processor.py:157} INFO - Started process (PID=35923) to work on /home/airflow/.local/lib/python3.8/site-packages/airflow/example_dags/example_setup_teardown_taskflow.py
[2023-11-03T20:02:51.106+0000] {processor.py:829} INFO - Processing file /home/airflow/.local/lib/python3.8/site-packages/airflow/example_dags/example_setup_teardown_taskflow.py for tasks to queue
[2023-11-03T20:02:51.113+0000] {logging_mixin.py:151} INFO - [2023-11-03T20:02:51.112+0000] {dagbag.py:536} INFO - Filling up the DagBag from /home/airflow/.local/lib/python3.8/site-packages/airflow/example_dags/example_setup_teardown_taskflow.py
[2023-11-03T20:02:51.138+0000] {processor.py:839} INFO - DAG(s) dict_keys(['example_setup_teardown_taskflow']) retrieved from /home/airflow/.local/lib/python3.8/site-packages/airflow/example_dags/example_setup_teardown_taskflow.py
[2023-11-03T20:02:51.208+0000] {logging_mixin.py:151} INFO - [2023-11-03T20:02:51.207+0000] {dag.py:2941} INFO - Sync 1 DAGs
[2023-11-03T20:02:51.270+0000] {logging_mixin.py:151} INFO - [2023-11-03T20:02:51.270+0000] {dag.py:3722} INFO - Setting next_dagrun for example_setup_teardown_taskflow to 2023-11-02T20:02:51.269587+00:00, run_after=2023-11-03T20:02:51.269587+00:00
[2023-11-03T20:02:51.329+0000] {processor.py:179} INFO - Processing /home/airflow/.local/lib/python3.8/site-packages/airflow/example_dags/example_setup_teardown_taskflow.py took 0.231 seconds
[2023-11-03T20:03:22.043+0000] {processor.py:157} INFO - Started process (PID=35986) to work on /home/airflow/.local/lib/python3.8/site-packages/airflow/example_dags/example_setup_teardown_taskflow.py
[2023-11-03T20:03:22.046+0000] {processor.py:829} INFO - Processing file /home/airflow/.local/lib/python3.8/site-packages/airflow/example_dags/example_setup_teardown_taskflow.py for tasks to queue
[2023-11-03T20:03:22.052+0000] {logging_mixin.py:151} INFO - [2023-11-03T20:03:22.051+0000] {dagbag.py:536} INFO - Filling up the DagBag from /home/airflow/.local/lib/python3.8/site-packages/airflow/example_dags/example_setup_teardown_taskflow.py
[2023-11-03T20:03:22.085+0000] {processor.py:839} INFO - DAG(s) dict_keys(['example_setup_teardown_taskflow']) retrieved from /home/airflow/.local/lib/python3.8/site-packages/airflow/example_dags/example_setup_teardown_taskflow.py
[2023-11-03T20:03:22.148+0000] {logging_mixin.py:151} INFO - [2023-11-03T20:03:22.148+0000] {dag.py:2941} INFO - Sync 1 DAGs
[2023-11-03T20:03:22.231+0000] {logging_mixin.py:151} INFO - [2023-11-03T20:03:22.230+0000] {dag.py:3722} INFO - Setting next_dagrun for example_setup_teardown_taskflow to 2023-11-02T20:03:22.230209+00:00, run_after=2023-11-03T20:03:22.230209+00:00
[2023-11-03T20:03:22.291+0000] {processor.py:179} INFO - Processing /home/airflow/.local/lib/python3.8/site-packages/airflow/example_dags/example_setup_teardown_taskflow.py took 0.256 seconds
[2023-11-03T20:03:52.675+0000] {processor.py:157} INFO - Started process (PID=36049) to work on /home/airflow/.local/lib/python3.8/site-packages/airflow/example_dags/example_setup_teardown_taskflow.py
[2023-11-03T20:03:52.678+0000] {processor.py:829} INFO - Processing file /home/airflow/.local/lib/python3.8/site-packages/airflow/example_dags/example_setup_teardown_taskflow.py for tasks to queue
[2023-11-03T20:03:52.687+0000] {logging_mixin.py:151} INFO - [2023-11-03T20:03:52.685+0000] {dagbag.py:536} INFO - Filling up the DagBag from /home/airflow/.local/lib/python3.8/site-packages/airflow/example_dags/example_setup_teardown_taskflow.py
[2023-11-03T20:03:52.732+0000] {processor.py:839} INFO - DAG(s) dict_keys(['example_setup_teardown_taskflow']) retrieved from /home/airflow/.local/lib/python3.8/site-packages/airflow/example_dags/example_setup_teardown_taskflow.py
[2023-11-03T20:03:52.788+0000] {logging_mixin.py:151} INFO - [2023-11-03T20:03:52.787+0000] {dag.py:2941} INFO - Sync 1 DAGs
[2023-11-03T20:03:52.842+0000] {logging_mixin.py:151} INFO - [2023-11-03T20:03:52.841+0000] {dag.py:3722} INFO - Setting next_dagrun for example_setup_teardown_taskflow to 2023-11-02T20:03:52.841411+00:00, run_after=2023-11-03T20:03:52.841411+00:00
[2023-11-03T20:03:52.913+0000] {processor.py:179} INFO - Processing /home/airflow/.local/lib/python3.8/site-packages/airflow/example_dags/example_setup_teardown_taskflow.py took 0.249 seconds
[2023-11-03T20:04:23.923+0000] {processor.py:157} INFO - Started process (PID=36110) to work on /home/airflow/.local/lib/python3.8/site-packages/airflow/example_dags/example_setup_teardown_taskflow.py
[2023-11-03T20:04:23.925+0000] {processor.py:829} INFO - Processing file /home/airflow/.local/lib/python3.8/site-packages/airflow/example_dags/example_setup_teardown_taskflow.py for tasks to queue
[2023-11-03T20:04:23.932+0000] {logging_mixin.py:151} INFO - [2023-11-03T20:04:23.931+0000] {dagbag.py:536} INFO - Filling up the DagBag from /home/airflow/.local/lib/python3.8/site-packages/airflow/example_dags/example_setup_teardown_taskflow.py
[2023-11-03T20:04:23.954+0000] {processor.py:839} INFO - DAG(s) dict_keys(['example_setup_teardown_taskflow']) retrieved from /home/airflow/.local/lib/python3.8/site-packages/airflow/example_dags/example_setup_teardown_taskflow.py
[2023-11-03T20:04:24.010+0000] {logging_mixin.py:151} INFO - [2023-11-03T20:04:24.010+0000] {dag.py:2941} INFO - Sync 1 DAGs
[2023-11-03T20:04:24.068+0000] {logging_mixin.py:151} INFO - [2023-11-03T20:04:24.067+0000] {dag.py:3722} INFO - Setting next_dagrun for example_setup_teardown_taskflow to 2023-11-02T20:04:24.067253+00:00, run_after=2023-11-03T20:04:24.067253+00:00
[2023-11-03T20:04:24.122+0000] {processor.py:179} INFO - Processing /home/airflow/.local/lib/python3.8/site-packages/airflow/example_dags/example_setup_teardown_taskflow.py took 0.206 seconds
[2023-11-03T20:04:54.532+0000] {processor.py:157} INFO - Started process (PID=36172) to work on /home/airflow/.local/lib/python3.8/site-packages/airflow/example_dags/example_setup_teardown_taskflow.py
[2023-11-03T20:04:54.535+0000] {processor.py:829} INFO - Processing file /home/airflow/.local/lib/python3.8/site-packages/airflow/example_dags/example_setup_teardown_taskflow.py for tasks to queue
[2023-11-03T20:04:54.544+0000] {logging_mixin.py:151} INFO - [2023-11-03T20:04:54.542+0000] {dagbag.py:536} INFO - Filling up the DagBag from /home/airflow/.local/lib/python3.8/site-packages/airflow/example_dags/example_setup_teardown_taskflow.py
[2023-11-03T20:04:54.587+0000] {processor.py:839} INFO - DAG(s) dict_keys(['example_setup_teardown_taskflow']) retrieved from /home/airflow/.local/lib/python3.8/site-packages/airflow/example_dags/example_setup_teardown_taskflow.py
[2023-11-03T20:04:54.690+0000] {logging_mixin.py:151} INFO - [2023-11-03T20:04:54.689+0000] {dag.py:2941} INFO - Sync 1 DAGs
[2023-11-03T20:04:54.751+0000] {logging_mixin.py:151} INFO - [2023-11-03T20:04:54.750+0000] {dag.py:3722} INFO - Setting next_dagrun for example_setup_teardown_taskflow to 2023-11-02T20:04:54.749838+00:00, run_after=2023-11-03T20:04:54.749838+00:00
[2023-11-03T20:04:54.812+0000] {processor.py:179} INFO - Processing /home/airflow/.local/lib/python3.8/site-packages/airflow/example_dags/example_setup_teardown_taskflow.py took 0.292 seconds
[2023-11-03T20:05:25.450+0000] {processor.py:157} INFO - Started process (PID=36234) to work on /home/airflow/.local/lib/python3.8/site-packages/airflow/example_dags/example_setup_teardown_taskflow.py
[2023-11-03T20:05:25.453+0000] {processor.py:829} INFO - Processing file /home/airflow/.local/lib/python3.8/site-packages/airflow/example_dags/example_setup_teardown_taskflow.py for tasks to queue
[2023-11-03T20:05:25.460+0000] {logging_mixin.py:151} INFO - [2023-11-03T20:05:25.459+0000] {dagbag.py:536} INFO - Filling up the DagBag from /home/airflow/.local/lib/python3.8/site-packages/airflow/example_dags/example_setup_teardown_taskflow.py
[2023-11-03T20:05:25.488+0000] {processor.py:839} INFO - DAG(s) dict_keys(['example_setup_teardown_taskflow']) retrieved from /home/airflow/.local/lib/python3.8/site-packages/airflow/example_dags/example_setup_teardown_taskflow.py
[2023-11-03T20:05:25.541+0000] {logging_mixin.py:151} INFO - [2023-11-03T20:05:25.540+0000] {dag.py:2941} INFO - Sync 1 DAGs
[2023-11-03T20:05:25.607+0000] {logging_mixin.py:151} INFO - [2023-11-03T20:05:25.607+0000] {dag.py:3722} INFO - Setting next_dagrun for example_setup_teardown_taskflow to 2023-11-02T20:05:25.606468+00:00, run_after=2023-11-03T20:05:25.606468+00:00
[2023-11-03T20:05:25.669+0000] {processor.py:179} INFO - Processing /home/airflow/.local/lib/python3.8/site-packages/airflow/example_dags/example_setup_teardown_taskflow.py took 0.226 seconds
[2023-11-03T20:05:56.156+0000] {processor.py:157} INFO - Started process (PID=36296) to work on /home/airflow/.local/lib/python3.8/site-packages/airflow/example_dags/example_setup_teardown_taskflow.py
[2023-11-03T20:05:56.158+0000] {processor.py:829} INFO - Processing file /home/airflow/.local/lib/python3.8/site-packages/airflow/example_dags/example_setup_teardown_taskflow.py for tasks to queue
[2023-11-03T20:05:56.166+0000] {logging_mixin.py:151} INFO - [2023-11-03T20:05:56.165+0000] {dagbag.py:536} INFO - Filling up the DagBag from /home/airflow/.local/lib/python3.8/site-packages/airflow/example_dags/example_setup_teardown_taskflow.py
[2023-11-03T20:05:56.207+0000] {processor.py:839} INFO - DAG(s) dict_keys(['example_setup_teardown_taskflow']) retrieved from /home/airflow/.local/lib/python3.8/site-packages/airflow/example_dags/example_setup_teardown_taskflow.py
[2023-11-03T20:05:56.273+0000] {logging_mixin.py:151} INFO - [2023-11-03T20:05:56.272+0000] {dag.py:2941} INFO - Sync 1 DAGs
[2023-11-03T20:05:56.353+0000] {logging_mixin.py:151} INFO - [2023-11-03T20:05:56.352+0000] {dag.py:3722} INFO - Setting next_dagrun for example_setup_teardown_taskflow to 2023-11-02T20:05:56.352163+00:00, run_after=2023-11-03T20:05:56.352163+00:00
[2023-11-03T20:05:56.414+0000] {processor.py:179} INFO - Processing /home/airflow/.local/lib/python3.8/site-packages/airflow/example_dags/example_setup_teardown_taskflow.py took 0.267 seconds
