[2023-11-03T19:42:32.942+0000] {processor.py:157} INFO - Started process (PID=33470) to work on /home/airflow/.local/lib/python3.8/site-packages/airflow/example_dags/example_trigger_controller_dag.py
[2023-11-03T19:42:32.956+0000] {processor.py:829} INFO - Processing file /home/airflow/.local/lib/python3.8/site-packages/airflow/example_dags/example_trigger_controller_dag.py for tasks to queue
[2023-11-03T19:42:32.969+0000] {logging_mixin.py:151} INFO - [2023-11-03T19:42:32.968+0000] {dagbag.py:536} INFO - Filling up the DagBag from /home/airflow/.local/lib/python3.8/site-packages/airflow/example_dags/example_trigger_controller_dag.py
[2023-11-03T19:42:32.999+0000] {processor.py:839} INFO - DAG(s) dict_keys(['example_trigger_controller_dag']) retrieved from /home/airflow/.local/lib/python3.8/site-packages/airflow/example_dags/example_trigger_controller_dag.py
[2023-11-03T19:42:33.910+0000] {logging_mixin.py:151} INFO - [2023-11-03T19:42:33.908+0000] {dag.py:2941} INFO - Sync 1 DAGs
[2023-11-03T19:42:34.208+0000] {logging_mixin.py:151} INFO - [2023-11-03T19:42:34.207+0000] {dag.py:3722} INFO - Setting next_dagrun for example_trigger_controller_dag to 2021-01-01T00:00:00+00:00, run_after=2021-01-01T00:00:00+00:00
[2023-11-03T19:42:34.454+0000] {processor.py:179} INFO - Processing /home/airflow/.local/lib/python3.8/site-packages/airflow/example_dags/example_trigger_controller_dag.py took 1.525 seconds
[2023-11-03T19:43:05.221+0000] {processor.py:157} INFO - Started process (PID=33532) to work on /home/airflow/.local/lib/python3.8/site-packages/airflow/example_dags/example_trigger_controller_dag.py
[2023-11-03T19:43:05.223+0000] {processor.py:829} INFO - Processing file /home/airflow/.local/lib/python3.8/site-packages/airflow/example_dags/example_trigger_controller_dag.py for tasks to queue
[2023-11-03T19:43:05.230+0000] {logging_mixin.py:151} INFO - [2023-11-03T19:43:05.229+0000] {dagbag.py:536} INFO - Filling up the DagBag from /home/airflow/.local/lib/python3.8/site-packages/airflow/example_dags/example_trigger_controller_dag.py
[2023-11-03T19:43:05.244+0000] {processor.py:839} INFO - DAG(s) dict_keys(['example_trigger_controller_dag']) retrieved from /home/airflow/.local/lib/python3.8/site-packages/airflow/example_dags/example_trigger_controller_dag.py
[2023-11-03T19:43:05.698+0000] {logging_mixin.py:151} INFO - [2023-11-03T19:43:05.696+0000] {dag.py:2941} INFO - Sync 1 DAGs
[2023-11-03T19:43:05.813+0000] {logging_mixin.py:151} INFO - [2023-11-03T19:43:05.812+0000] {dag.py:3722} INFO - Setting next_dagrun for example_trigger_controller_dag to 2021-01-01T00:00:00+00:00, run_after=2021-01-01T00:00:00+00:00
[2023-11-03T19:43:05.993+0000] {processor.py:179} INFO - Processing /home/airflow/.local/lib/python3.8/site-packages/airflow/example_dags/example_trigger_controller_dag.py took 0.779 seconds
[2023-11-03T19:43:36.657+0000] {processor.py:157} INFO - Started process (PID=33594) to work on /home/airflow/.local/lib/python3.8/site-packages/airflow/example_dags/example_trigger_controller_dag.py
[2023-11-03T19:43:36.661+0000] {processor.py:829} INFO - Processing file /home/airflow/.local/lib/python3.8/site-packages/airflow/example_dags/example_trigger_controller_dag.py for tasks to queue
[2023-11-03T19:43:36.670+0000] {logging_mixin.py:151} INFO - [2023-11-03T19:43:36.669+0000] {dagbag.py:536} INFO - Filling up the DagBag from /home/airflow/.local/lib/python3.8/site-packages/airflow/example_dags/example_trigger_controller_dag.py
[2023-11-03T19:43:36.692+0000] {processor.py:839} INFO - DAG(s) dict_keys(['example_trigger_controller_dag']) retrieved from /home/airflow/.local/lib/python3.8/site-packages/airflow/example_dags/example_trigger_controller_dag.py
[2023-11-03T19:43:36.753+0000] {logging_mixin.py:151} INFO - [2023-11-03T19:43:36.752+0000] {dag.py:2941} INFO - Sync 1 DAGs
[2023-11-03T19:43:36.815+0000] {logging_mixin.py:151} INFO - [2023-11-03T19:43:36.814+0000] {dag.py:3722} INFO - Setting next_dagrun for example_trigger_controller_dag to 2021-01-01T00:00:00+00:00, run_after=2021-01-01T00:00:00+00:00
[2023-11-03T19:43:36.871+0000] {processor.py:179} INFO - Processing /home/airflow/.local/lib/python3.8/site-packages/airflow/example_dags/example_trigger_controller_dag.py took 0.222 seconds
[2023-11-03T19:44:07.322+0000] {processor.py:157} INFO - Started process (PID=33656) to work on /home/airflow/.local/lib/python3.8/site-packages/airflow/example_dags/example_trigger_controller_dag.py
[2023-11-03T19:44:07.325+0000] {processor.py:829} INFO - Processing file /home/airflow/.local/lib/python3.8/site-packages/airflow/example_dags/example_trigger_controller_dag.py for tasks to queue
[2023-11-03T19:44:07.335+0000] {logging_mixin.py:151} INFO - [2023-11-03T19:44:07.334+0000] {dagbag.py:536} INFO - Filling up the DagBag from /home/airflow/.local/lib/python3.8/site-packages/airflow/example_dags/example_trigger_controller_dag.py
[2023-11-03T19:44:07.351+0000] {processor.py:839} INFO - DAG(s) dict_keys(['example_trigger_controller_dag']) retrieved from /home/airflow/.local/lib/python3.8/site-packages/airflow/example_dags/example_trigger_controller_dag.py
[2023-11-03T19:44:07.421+0000] {logging_mixin.py:151} INFO - [2023-11-03T19:44:07.420+0000] {dag.py:2941} INFO - Sync 1 DAGs
[2023-11-03T19:44:07.502+0000] {logging_mixin.py:151} INFO - [2023-11-03T19:44:07.501+0000] {dag.py:3722} INFO - Setting next_dagrun for example_trigger_controller_dag to 2021-01-01T00:00:00+00:00, run_after=2021-01-01T00:00:00+00:00
[2023-11-03T19:44:07.550+0000] {processor.py:179} INFO - Processing /home/airflow/.local/lib/python3.8/site-packages/airflow/example_dags/example_trigger_controller_dag.py took 0.239 seconds
[2023-11-03T19:44:37.674+0000] {processor.py:157} INFO - Started process (PID=33718) to work on /home/airflow/.local/lib/python3.8/site-packages/airflow/example_dags/example_trigger_controller_dag.py
[2023-11-03T19:44:37.677+0000] {processor.py:829} INFO - Processing file /home/airflow/.local/lib/python3.8/site-packages/airflow/example_dags/example_trigger_controller_dag.py for tasks to queue
[2023-11-03T19:44:37.685+0000] {logging_mixin.py:151} INFO - [2023-11-03T19:44:37.684+0000] {dagbag.py:536} INFO - Filling up the DagBag from /home/airflow/.local/lib/python3.8/site-packages/airflow/example_dags/example_trigger_controller_dag.py
[2023-11-03T19:44:37.707+0000] {processor.py:839} INFO - DAG(s) dict_keys(['example_trigger_controller_dag']) retrieved from /home/airflow/.local/lib/python3.8/site-packages/airflow/example_dags/example_trigger_controller_dag.py
[2023-11-03T19:44:37.774+0000] {logging_mixin.py:151} INFO - [2023-11-03T19:44:37.773+0000] {dag.py:2941} INFO - Sync 1 DAGs
[2023-11-03T19:44:37.848+0000] {logging_mixin.py:151} INFO - [2023-11-03T19:44:37.847+0000] {dag.py:3722} INFO - Setting next_dagrun for example_trigger_controller_dag to 2021-01-01T00:00:00+00:00, run_after=2021-01-01T00:00:00+00:00
[2023-11-03T19:44:37.908+0000] {processor.py:179} INFO - Processing /home/airflow/.local/lib/python3.8/site-packages/airflow/example_dags/example_trigger_controller_dag.py took 0.244 seconds
[2023-11-03T19:45:08.115+0000] {processor.py:157} INFO - Started process (PID=33781) to work on /home/airflow/.local/lib/python3.8/site-packages/airflow/example_dags/example_trigger_controller_dag.py
[2023-11-03T19:45:08.118+0000] {processor.py:829} INFO - Processing file /home/airflow/.local/lib/python3.8/site-packages/airflow/example_dags/example_trigger_controller_dag.py for tasks to queue
[2023-11-03T19:45:08.126+0000] {logging_mixin.py:151} INFO - [2023-11-03T19:45:08.124+0000] {dagbag.py:536} INFO - Filling up the DagBag from /home/airflow/.local/lib/python3.8/site-packages/airflow/example_dags/example_trigger_controller_dag.py
[2023-11-03T19:45:08.139+0000] {processor.py:839} INFO - DAG(s) dict_keys(['example_trigger_controller_dag']) retrieved from /home/airflow/.local/lib/python3.8/site-packages/airflow/example_dags/example_trigger_controller_dag.py
[2023-11-03T19:45:08.221+0000] {logging_mixin.py:151} INFO - [2023-11-03T19:45:08.221+0000] {dag.py:2941} INFO - Sync 1 DAGs
[2023-11-03T19:45:08.312+0000] {logging_mixin.py:151} INFO - [2023-11-03T19:45:08.311+0000] {dag.py:3722} INFO - Setting next_dagrun for example_trigger_controller_dag to 2021-01-01T00:00:00+00:00, run_after=2021-01-01T00:00:00+00:00
[2023-11-03T19:45:08.387+0000] {processor.py:179} INFO - Processing /home/airflow/.local/lib/python3.8/site-packages/airflow/example_dags/example_trigger_controller_dag.py took 0.278 seconds
[2023-11-03T19:45:38.602+0000] {processor.py:157} INFO - Started process (PID=33843) to work on /home/airflow/.local/lib/python3.8/site-packages/airflow/example_dags/example_trigger_controller_dag.py
[2023-11-03T19:45:38.605+0000] {processor.py:829} INFO - Processing file /home/airflow/.local/lib/python3.8/site-packages/airflow/example_dags/example_trigger_controller_dag.py for tasks to queue
[2023-11-03T19:45:38.613+0000] {logging_mixin.py:151} INFO - [2023-11-03T19:45:38.612+0000] {dagbag.py:536} INFO - Filling up the DagBag from /home/airflow/.local/lib/python3.8/site-packages/airflow/example_dags/example_trigger_controller_dag.py
[2023-11-03T19:45:38.629+0000] {processor.py:839} INFO - DAG(s) dict_keys(['example_trigger_controller_dag']) retrieved from /home/airflow/.local/lib/python3.8/site-packages/airflow/example_dags/example_trigger_controller_dag.py
[2023-11-03T19:45:38.696+0000] {logging_mixin.py:151} INFO - [2023-11-03T19:45:38.695+0000] {dag.py:2941} INFO - Sync 1 DAGs
[2023-11-03T19:45:38.773+0000] {logging_mixin.py:151} INFO - [2023-11-03T19:45:38.772+0000] {dag.py:3722} INFO - Setting next_dagrun for example_trigger_controller_dag to 2021-01-01T00:00:00+00:00, run_after=2021-01-01T00:00:00+00:00
[2023-11-03T19:45:38.831+0000] {processor.py:179} INFO - Processing /home/airflow/.local/lib/python3.8/site-packages/airflow/example_dags/example_trigger_controller_dag.py took 0.236 seconds
[2023-11-03T19:46:09.399+0000] {processor.py:157} INFO - Started process (PID=33905) to work on /home/airflow/.local/lib/python3.8/site-packages/airflow/example_dags/example_trigger_controller_dag.py
[2023-11-03T19:46:09.401+0000] {processor.py:829} INFO - Processing file /home/airflow/.local/lib/python3.8/site-packages/airflow/example_dags/example_trigger_controller_dag.py for tasks to queue
[2023-11-03T19:46:09.408+0000] {logging_mixin.py:151} INFO - [2023-11-03T19:46:09.407+0000] {dagbag.py:536} INFO - Filling up the DagBag from /home/airflow/.local/lib/python3.8/site-packages/airflow/example_dags/example_trigger_controller_dag.py
[2023-11-03T19:46:09.422+0000] {processor.py:839} INFO - DAG(s) dict_keys(['example_trigger_controller_dag']) retrieved from /home/airflow/.local/lib/python3.8/site-packages/airflow/example_dags/example_trigger_controller_dag.py
[2023-11-03T19:46:09.476+0000] {logging_mixin.py:151} INFO - [2023-11-03T19:46:09.475+0000] {dag.py:2941} INFO - Sync 1 DAGs
[2023-11-03T19:46:09.533+0000] {logging_mixin.py:151} INFO - [2023-11-03T19:46:09.532+0000] {dag.py:3722} INFO - Setting next_dagrun for example_trigger_controller_dag to 2021-01-01T00:00:00+00:00, run_after=2021-01-01T00:00:00+00:00
[2023-11-03T19:46:09.586+0000] {processor.py:179} INFO - Processing /home/airflow/.local/lib/python3.8/site-packages/airflow/example_dags/example_trigger_controller_dag.py took 0.197 seconds
[2023-11-03T19:46:40.970+0000] {processor.py:157} INFO - Started process (PID=33967) to work on /home/airflow/.local/lib/python3.8/site-packages/airflow/example_dags/example_trigger_controller_dag.py
[2023-11-03T19:46:40.973+0000] {processor.py:829} INFO - Processing file /home/airflow/.local/lib/python3.8/site-packages/airflow/example_dags/example_trigger_controller_dag.py for tasks to queue
[2023-11-03T19:46:40.981+0000] {logging_mixin.py:151} INFO - [2023-11-03T19:46:40.980+0000] {dagbag.py:536} INFO - Filling up the DagBag from /home/airflow/.local/lib/python3.8/site-packages/airflow/example_dags/example_trigger_controller_dag.py
[2023-11-03T19:46:40.993+0000] {processor.py:839} INFO - DAG(s) dict_keys(['example_trigger_controller_dag']) retrieved from /home/airflow/.local/lib/python3.8/site-packages/airflow/example_dags/example_trigger_controller_dag.py
[2023-11-03T19:46:41.051+0000] {logging_mixin.py:151} INFO - [2023-11-03T19:46:41.050+0000] {dag.py:2941} INFO - Sync 1 DAGs
[2023-11-03T19:46:41.126+0000] {logging_mixin.py:151} INFO - [2023-11-03T19:46:41.126+0000] {dag.py:3722} INFO - Setting next_dagrun for example_trigger_controller_dag to 2021-01-01T00:00:00+00:00, run_after=2021-01-01T00:00:00+00:00
[2023-11-03T19:46:41.189+0000] {processor.py:179} INFO - Processing /home/airflow/.local/lib/python3.8/site-packages/airflow/example_dags/example_trigger_controller_dag.py took 0.227 seconds
[2023-11-03T19:47:11.400+0000] {processor.py:157} INFO - Started process (PID=34029) to work on /home/airflow/.local/lib/python3.8/site-packages/airflow/example_dags/example_trigger_controller_dag.py
[2023-11-03T19:47:11.403+0000] {processor.py:829} INFO - Processing file /home/airflow/.local/lib/python3.8/site-packages/airflow/example_dags/example_trigger_controller_dag.py for tasks to queue
[2023-11-03T19:47:11.412+0000] {logging_mixin.py:151} INFO - [2023-11-03T19:47:11.410+0000] {dagbag.py:536} INFO - Filling up the DagBag from /home/airflow/.local/lib/python3.8/site-packages/airflow/example_dags/example_trigger_controller_dag.py
[2023-11-03T19:47:11.432+0000] {processor.py:839} INFO - DAG(s) dict_keys(['example_trigger_controller_dag']) retrieved from /home/airflow/.local/lib/python3.8/site-packages/airflow/example_dags/example_trigger_controller_dag.py
[2023-11-03T19:47:11.503+0000] {logging_mixin.py:151} INFO - [2023-11-03T19:47:11.502+0000] {dag.py:2941} INFO - Sync 1 DAGs
[2023-11-03T19:47:11.585+0000] {logging_mixin.py:151} INFO - [2023-11-03T19:47:11.584+0000] {dag.py:3722} INFO - Setting next_dagrun for example_trigger_controller_dag to 2021-01-01T00:00:00+00:00, run_after=2021-01-01T00:00:00+00:00
[2023-11-03T19:47:11.646+0000] {processor.py:179} INFO - Processing /home/airflow/.local/lib/python3.8/site-packages/airflow/example_dags/example_trigger_controller_dag.py took 0.258 seconds
[2023-11-03T19:47:42.068+0000] {processor.py:157} INFO - Started process (PID=34091) to work on /home/airflow/.local/lib/python3.8/site-packages/airflow/example_dags/example_trigger_controller_dag.py
[2023-11-03T19:47:42.071+0000] {processor.py:829} INFO - Processing file /home/airflow/.local/lib/python3.8/site-packages/airflow/example_dags/example_trigger_controller_dag.py for tasks to queue
[2023-11-03T19:47:42.082+0000] {logging_mixin.py:151} INFO - [2023-11-03T19:47:42.080+0000] {dagbag.py:536} INFO - Filling up the DagBag from /home/airflow/.local/lib/python3.8/site-packages/airflow/example_dags/example_trigger_controller_dag.py
[2023-11-03T19:47:42.099+0000] {processor.py:839} INFO - DAG(s) dict_keys(['example_trigger_controller_dag']) retrieved from /home/airflow/.local/lib/python3.8/site-packages/airflow/example_dags/example_trigger_controller_dag.py
[2023-11-03T19:47:42.154+0000] {logging_mixin.py:151} INFO - [2023-11-03T19:47:42.153+0000] {dag.py:2941} INFO - Sync 1 DAGs
[2023-11-03T19:47:42.218+0000] {logging_mixin.py:151} INFO - [2023-11-03T19:47:42.218+0000] {dag.py:3722} INFO - Setting next_dagrun for example_trigger_controller_dag to 2021-01-01T00:00:00+00:00, run_after=2021-01-01T00:00:00+00:00
[2023-11-03T19:47:42.274+0000] {processor.py:179} INFO - Processing /home/airflow/.local/lib/python3.8/site-packages/airflow/example_dags/example_trigger_controller_dag.py took 0.214 seconds
[2023-11-03T19:48:12.550+0000] {processor.py:157} INFO - Started process (PID=34153) to work on /home/airflow/.local/lib/python3.8/site-packages/airflow/example_dags/example_trigger_controller_dag.py
[2023-11-03T19:48:12.552+0000] {processor.py:829} INFO - Processing file /home/airflow/.local/lib/python3.8/site-packages/airflow/example_dags/example_trigger_controller_dag.py for tasks to queue
[2023-11-03T19:48:12.560+0000] {logging_mixin.py:151} INFO - [2023-11-03T19:48:12.559+0000] {dagbag.py:536} INFO - Filling up the DagBag from /home/airflow/.local/lib/python3.8/site-packages/airflow/example_dags/example_trigger_controller_dag.py
[2023-11-03T19:48:12.572+0000] {processor.py:839} INFO - DAG(s) dict_keys(['example_trigger_controller_dag']) retrieved from /home/airflow/.local/lib/python3.8/site-packages/airflow/example_dags/example_trigger_controller_dag.py
[2023-11-03T19:48:12.635+0000] {logging_mixin.py:151} INFO - [2023-11-03T19:48:12.634+0000] {dag.py:2941} INFO - Sync 1 DAGs
[2023-11-03T19:48:12.696+0000] {logging_mixin.py:151} INFO - [2023-11-03T19:48:12.695+0000] {dag.py:3722} INFO - Setting next_dagrun for example_trigger_controller_dag to 2021-01-01T00:00:00+00:00, run_after=2021-01-01T00:00:00+00:00
[2023-11-03T19:48:12.763+0000] {processor.py:179} INFO - Processing /home/airflow/.local/lib/python3.8/site-packages/airflow/example_dags/example_trigger_controller_dag.py took 0.223 seconds
[2023-11-03T19:48:42.895+0000] {processor.py:157} INFO - Started process (PID=34215) to work on /home/airflow/.local/lib/python3.8/site-packages/airflow/example_dags/example_trigger_controller_dag.py
[2023-11-03T19:48:42.897+0000] {processor.py:829} INFO - Processing file /home/airflow/.local/lib/python3.8/site-packages/airflow/example_dags/example_trigger_controller_dag.py for tasks to queue
[2023-11-03T19:48:42.904+0000] {logging_mixin.py:151} INFO - [2023-11-03T19:48:42.903+0000] {dagbag.py:536} INFO - Filling up the DagBag from /home/airflow/.local/lib/python3.8/site-packages/airflow/example_dags/example_trigger_controller_dag.py
[2023-11-03T19:48:42.917+0000] {processor.py:839} INFO - DAG(s) dict_keys(['example_trigger_controller_dag']) retrieved from /home/airflow/.local/lib/python3.8/site-packages/airflow/example_dags/example_trigger_controller_dag.py
[2023-11-03T19:48:42.972+0000] {logging_mixin.py:151} INFO - [2023-11-03T19:48:42.971+0000] {dag.py:2941} INFO - Sync 1 DAGs
[2023-11-03T19:48:43.031+0000] {logging_mixin.py:151} INFO - [2023-11-03T19:48:43.030+0000] {dag.py:3722} INFO - Setting next_dagrun for example_trigger_controller_dag to 2021-01-01T00:00:00+00:00, run_after=2021-01-01T00:00:00+00:00
[2023-11-03T19:48:43.097+0000] {processor.py:179} INFO - Processing /home/airflow/.local/lib/python3.8/site-packages/airflow/example_dags/example_trigger_controller_dag.py took 0.209 seconds
[2023-11-03T19:49:14.004+0000] {processor.py:157} INFO - Started process (PID=34277) to work on /home/airflow/.local/lib/python3.8/site-packages/airflow/example_dags/example_trigger_controller_dag.py
[2023-11-03T19:49:14.007+0000] {processor.py:829} INFO - Processing file /home/airflow/.local/lib/python3.8/site-packages/airflow/example_dags/example_trigger_controller_dag.py for tasks to queue
[2023-11-03T19:49:14.014+0000] {logging_mixin.py:151} INFO - [2023-11-03T19:49:14.013+0000] {dagbag.py:536} INFO - Filling up the DagBag from /home/airflow/.local/lib/python3.8/site-packages/airflow/example_dags/example_trigger_controller_dag.py
[2023-11-03T19:49:14.029+0000] {processor.py:839} INFO - DAG(s) dict_keys(['example_trigger_controller_dag']) retrieved from /home/airflow/.local/lib/python3.8/site-packages/airflow/example_dags/example_trigger_controller_dag.py
[2023-11-03T19:49:14.084+0000] {logging_mixin.py:151} INFO - [2023-11-03T19:49:14.084+0000] {dag.py:2941} INFO - Sync 1 DAGs
[2023-11-03T19:49:14.144+0000] {logging_mixin.py:151} INFO - [2023-11-03T19:49:14.143+0000] {dag.py:3722} INFO - Setting next_dagrun for example_trigger_controller_dag to 2021-01-01T00:00:00+00:00, run_after=2021-01-01T00:00:00+00:00
[2023-11-03T19:49:14.212+0000] {processor.py:179} INFO - Processing /home/airflow/.local/lib/python3.8/site-packages/airflow/example_dags/example_trigger_controller_dag.py took 0.219 seconds
[2023-11-03T19:49:44.844+0000] {processor.py:157} INFO - Started process (PID=34339) to work on /home/airflow/.local/lib/python3.8/site-packages/airflow/example_dags/example_trigger_controller_dag.py
[2023-11-03T19:49:44.848+0000] {processor.py:829} INFO - Processing file /home/airflow/.local/lib/python3.8/site-packages/airflow/example_dags/example_trigger_controller_dag.py for tasks to queue
[2023-11-03T19:49:44.858+0000] {logging_mixin.py:151} INFO - [2023-11-03T19:49:44.856+0000] {dagbag.py:536} INFO - Filling up the DagBag from /home/airflow/.local/lib/python3.8/site-packages/airflow/example_dags/example_trigger_controller_dag.py
[2023-11-03T19:49:44.874+0000] {processor.py:839} INFO - DAG(s) dict_keys(['example_trigger_controller_dag']) retrieved from /home/airflow/.local/lib/python3.8/site-packages/airflow/example_dags/example_trigger_controller_dag.py
[2023-11-03T19:49:44.928+0000] {logging_mixin.py:151} INFO - [2023-11-03T19:49:44.927+0000] {dag.py:2941} INFO - Sync 1 DAGs
[2023-11-03T19:49:44.998+0000] {logging_mixin.py:151} INFO - [2023-11-03T19:49:44.997+0000] {dag.py:3722} INFO - Setting next_dagrun for example_trigger_controller_dag to 2021-01-01T00:00:00+00:00, run_after=2021-01-01T00:00:00+00:00
[2023-11-03T19:49:45.053+0000] {processor.py:179} INFO - Processing /home/airflow/.local/lib/python3.8/site-packages/airflow/example_dags/example_trigger_controller_dag.py took 0.219 seconds
[2023-11-03T19:50:15.851+0000] {processor.py:157} INFO - Started process (PID=34401) to work on /home/airflow/.local/lib/python3.8/site-packages/airflow/example_dags/example_trigger_controller_dag.py
[2023-11-03T19:50:15.854+0000] {processor.py:829} INFO - Processing file /home/airflow/.local/lib/python3.8/site-packages/airflow/example_dags/example_trigger_controller_dag.py for tasks to queue
[2023-11-03T19:50:15.864+0000] {logging_mixin.py:151} INFO - [2023-11-03T19:50:15.862+0000] {dagbag.py:536} INFO - Filling up the DagBag from /home/airflow/.local/lib/python3.8/site-packages/airflow/example_dags/example_trigger_controller_dag.py
[2023-11-03T19:50:15.881+0000] {processor.py:839} INFO - DAG(s) dict_keys(['example_trigger_controller_dag']) retrieved from /home/airflow/.local/lib/python3.8/site-packages/airflow/example_dags/example_trigger_controller_dag.py
[2023-11-03T19:50:15.932+0000] {logging_mixin.py:151} INFO - [2023-11-03T19:50:15.931+0000] {dag.py:2941} INFO - Sync 1 DAGs
[2023-11-03T19:50:15.985+0000] {logging_mixin.py:151} INFO - [2023-11-03T19:50:15.985+0000] {dag.py:3722} INFO - Setting next_dagrun for example_trigger_controller_dag to 2021-01-01T00:00:00+00:00, run_after=2021-01-01T00:00:00+00:00
[2023-11-03T19:50:16.043+0000] {processor.py:179} INFO - Processing /home/airflow/.local/lib/python3.8/site-packages/airflow/example_dags/example_trigger_controller_dag.py took 0.201 seconds
[2023-11-03T19:50:46.648+0000] {processor.py:157} INFO - Started process (PID=34463) to work on /home/airflow/.local/lib/python3.8/site-packages/airflow/example_dags/example_trigger_controller_dag.py
[2023-11-03T19:50:46.650+0000] {processor.py:829} INFO - Processing file /home/airflow/.local/lib/python3.8/site-packages/airflow/example_dags/example_trigger_controller_dag.py for tasks to queue
[2023-11-03T19:50:46.659+0000] {logging_mixin.py:151} INFO - [2023-11-03T19:50:46.657+0000] {dagbag.py:536} INFO - Filling up the DagBag from /home/airflow/.local/lib/python3.8/site-packages/airflow/example_dags/example_trigger_controller_dag.py
[2023-11-03T19:50:46.671+0000] {processor.py:839} INFO - DAG(s) dict_keys(['example_trigger_controller_dag']) retrieved from /home/airflow/.local/lib/python3.8/site-packages/airflow/example_dags/example_trigger_controller_dag.py
[2023-11-03T19:50:46.730+0000] {logging_mixin.py:151} INFO - [2023-11-03T19:50:46.730+0000] {dag.py:2941} INFO - Sync 1 DAGs
[2023-11-03T19:50:46.804+0000] {logging_mixin.py:151} INFO - [2023-11-03T19:50:46.803+0000] {dag.py:3722} INFO - Setting next_dagrun for example_trigger_controller_dag to 2021-01-01T00:00:00+00:00, run_after=2021-01-01T00:00:00+00:00
[2023-11-03T19:50:46.859+0000] {processor.py:179} INFO - Processing /home/airflow/.local/lib/python3.8/site-packages/airflow/example_dags/example_trigger_controller_dag.py took 0.217 seconds
[2023-11-03T19:51:17.022+0000] {processor.py:157} INFO - Started process (PID=34525) to work on /home/airflow/.local/lib/python3.8/site-packages/airflow/example_dags/example_trigger_controller_dag.py
[2023-11-03T19:51:17.025+0000] {processor.py:829} INFO - Processing file /home/airflow/.local/lib/python3.8/site-packages/airflow/example_dags/example_trigger_controller_dag.py for tasks to queue
[2023-11-03T19:51:17.034+0000] {logging_mixin.py:151} INFO - [2023-11-03T19:51:17.032+0000] {dagbag.py:536} INFO - Filling up the DagBag from /home/airflow/.local/lib/python3.8/site-packages/airflow/example_dags/example_trigger_controller_dag.py
[2023-11-03T19:51:17.051+0000] {processor.py:839} INFO - DAG(s) dict_keys(['example_trigger_controller_dag']) retrieved from /home/airflow/.local/lib/python3.8/site-packages/airflow/example_dags/example_trigger_controller_dag.py
[2023-11-03T19:51:17.120+0000] {logging_mixin.py:151} INFO - [2023-11-03T19:51:17.120+0000] {dag.py:2941} INFO - Sync 1 DAGs
[2023-11-03T19:51:17.202+0000] {logging_mixin.py:151} INFO - [2023-11-03T19:51:17.201+0000] {dag.py:3722} INFO - Setting next_dagrun for example_trigger_controller_dag to 2021-01-01T00:00:00+00:00, run_after=2021-01-01T00:00:00+00:00
[2023-11-03T19:51:17.266+0000] {processor.py:179} INFO - Processing /home/airflow/.local/lib/python3.8/site-packages/airflow/example_dags/example_trigger_controller_dag.py took 0.254 seconds
[2023-11-03T19:51:47.475+0000] {processor.py:157} INFO - Started process (PID=34587) to work on /home/airflow/.local/lib/python3.8/site-packages/airflow/example_dags/example_trigger_controller_dag.py
[2023-11-03T19:51:47.479+0000] {processor.py:829} INFO - Processing file /home/airflow/.local/lib/python3.8/site-packages/airflow/example_dags/example_trigger_controller_dag.py for tasks to queue
[2023-11-03T19:51:47.487+0000] {logging_mixin.py:151} INFO - [2023-11-03T19:51:47.485+0000] {dagbag.py:536} INFO - Filling up the DagBag from /home/airflow/.local/lib/python3.8/site-packages/airflow/example_dags/example_trigger_controller_dag.py
[2023-11-03T19:51:47.504+0000] {processor.py:839} INFO - DAG(s) dict_keys(['example_trigger_controller_dag']) retrieved from /home/airflow/.local/lib/python3.8/site-packages/airflow/example_dags/example_trigger_controller_dag.py
[2023-11-03T19:51:47.569+0000] {logging_mixin.py:151} INFO - [2023-11-03T19:51:47.568+0000] {dag.py:2941} INFO - Sync 1 DAGs
[2023-11-03T19:51:47.624+0000] {logging_mixin.py:151} INFO - [2023-11-03T19:51:47.624+0000] {dag.py:3722} INFO - Setting next_dagrun for example_trigger_controller_dag to 2021-01-01T00:00:00+00:00, run_after=2021-01-01T00:00:00+00:00
[2023-11-03T19:51:47.689+0000] {processor.py:179} INFO - Processing /home/airflow/.local/lib/python3.8/site-packages/airflow/example_dags/example_trigger_controller_dag.py took 0.222 seconds
[2023-11-03T19:52:17.910+0000] {processor.py:157} INFO - Started process (PID=34649) to work on /home/airflow/.local/lib/python3.8/site-packages/airflow/example_dags/example_trigger_controller_dag.py
[2023-11-03T19:52:17.913+0000] {processor.py:829} INFO - Processing file /home/airflow/.local/lib/python3.8/site-packages/airflow/example_dags/example_trigger_controller_dag.py for tasks to queue
[2023-11-03T19:52:17.921+0000] {logging_mixin.py:151} INFO - [2023-11-03T19:52:17.920+0000] {dagbag.py:536} INFO - Filling up the DagBag from /home/airflow/.local/lib/python3.8/site-packages/airflow/example_dags/example_trigger_controller_dag.py
[2023-11-03T19:52:17.935+0000] {processor.py:839} INFO - DAG(s) dict_keys(['example_trigger_controller_dag']) retrieved from /home/airflow/.local/lib/python3.8/site-packages/airflow/example_dags/example_trigger_controller_dag.py
[2023-11-03T19:52:17.992+0000] {logging_mixin.py:151} INFO - [2023-11-03T19:52:17.991+0000] {dag.py:2941} INFO - Sync 1 DAGs
[2023-11-03T19:52:18.070+0000] {logging_mixin.py:151} INFO - [2023-11-03T19:52:18.069+0000] {dag.py:3722} INFO - Setting next_dagrun for example_trigger_controller_dag to 2021-01-01T00:00:00+00:00, run_after=2021-01-01T00:00:00+00:00
[2023-11-03T19:52:18.139+0000] {processor.py:179} INFO - Processing /home/airflow/.local/lib/python3.8/site-packages/airflow/example_dags/example_trigger_controller_dag.py took 0.240 seconds
[2023-11-03T19:52:48.364+0000] {processor.py:157} INFO - Started process (PID=34711) to work on /home/airflow/.local/lib/python3.8/site-packages/airflow/example_dags/example_trigger_controller_dag.py
[2023-11-03T19:52:48.366+0000] {processor.py:829} INFO - Processing file /home/airflow/.local/lib/python3.8/site-packages/airflow/example_dags/example_trigger_controller_dag.py for tasks to queue
[2023-11-03T19:52:48.375+0000] {logging_mixin.py:151} INFO - [2023-11-03T19:52:48.373+0000] {dagbag.py:536} INFO - Filling up the DagBag from /home/airflow/.local/lib/python3.8/site-packages/airflow/example_dags/example_trigger_controller_dag.py
[2023-11-03T19:52:48.389+0000] {processor.py:839} INFO - DAG(s) dict_keys(['example_trigger_controller_dag']) retrieved from /home/airflow/.local/lib/python3.8/site-packages/airflow/example_dags/example_trigger_controller_dag.py
[2023-11-03T19:52:48.440+0000] {logging_mixin.py:151} INFO - [2023-11-03T19:52:48.439+0000] {dag.py:2941} INFO - Sync 1 DAGs
[2023-11-03T19:52:48.515+0000] {logging_mixin.py:151} INFO - [2023-11-03T19:52:48.515+0000] {dag.py:3722} INFO - Setting next_dagrun for example_trigger_controller_dag to 2021-01-01T00:00:00+00:00, run_after=2021-01-01T00:00:00+00:00
[2023-11-03T19:52:48.571+0000] {processor.py:179} INFO - Processing /home/airflow/.local/lib/python3.8/site-packages/airflow/example_dags/example_trigger_controller_dag.py took 0.214 seconds
[2023-11-03T19:53:18.884+0000] {processor.py:157} INFO - Started process (PID=34773) to work on /home/airflow/.local/lib/python3.8/site-packages/airflow/example_dags/example_trigger_controller_dag.py
[2023-11-03T19:53:18.887+0000] {processor.py:829} INFO - Processing file /home/airflow/.local/lib/python3.8/site-packages/airflow/example_dags/example_trigger_controller_dag.py for tasks to queue
[2023-11-03T19:53:18.894+0000] {logging_mixin.py:151} INFO - [2023-11-03T19:53:18.893+0000] {dagbag.py:536} INFO - Filling up the DagBag from /home/airflow/.local/lib/python3.8/site-packages/airflow/example_dags/example_trigger_controller_dag.py
[2023-11-03T19:53:18.908+0000] {processor.py:839} INFO - DAG(s) dict_keys(['example_trigger_controller_dag']) retrieved from /home/airflow/.local/lib/python3.8/site-packages/airflow/example_dags/example_trigger_controller_dag.py
[2023-11-03T19:53:18.962+0000] {logging_mixin.py:151} INFO - [2023-11-03T19:53:18.961+0000] {dag.py:2941} INFO - Sync 1 DAGs
[2023-11-03T19:53:19.036+0000] {logging_mixin.py:151} INFO - [2023-11-03T19:53:19.036+0000] {dag.py:3722} INFO - Setting next_dagrun for example_trigger_controller_dag to 2021-01-01T00:00:00+00:00, run_after=2021-01-01T00:00:00+00:00
[2023-11-03T19:53:19.092+0000] {processor.py:179} INFO - Processing /home/airflow/.local/lib/python3.8/site-packages/airflow/example_dags/example_trigger_controller_dag.py took 0.217 seconds
[2023-11-03T19:53:49.498+0000] {processor.py:157} INFO - Started process (PID=34835) to work on /home/airflow/.local/lib/python3.8/site-packages/airflow/example_dags/example_trigger_controller_dag.py
[2023-11-03T19:53:49.502+0000] {processor.py:829} INFO - Processing file /home/airflow/.local/lib/python3.8/site-packages/airflow/example_dags/example_trigger_controller_dag.py for tasks to queue
[2023-11-03T19:53:49.509+0000] {logging_mixin.py:151} INFO - [2023-11-03T19:53:49.508+0000] {dagbag.py:536} INFO - Filling up the DagBag from /home/airflow/.local/lib/python3.8/site-packages/airflow/example_dags/example_trigger_controller_dag.py
[2023-11-03T19:53:49.524+0000] {processor.py:839} INFO - DAG(s) dict_keys(['example_trigger_controller_dag']) retrieved from /home/airflow/.local/lib/python3.8/site-packages/airflow/example_dags/example_trigger_controller_dag.py
[2023-11-03T19:53:49.596+0000] {logging_mixin.py:151} INFO - [2023-11-03T19:53:49.596+0000] {dag.py:2941} INFO - Sync 1 DAGs
[2023-11-03T19:53:49.668+0000] {logging_mixin.py:151} INFO - [2023-11-03T19:53:49.667+0000] {dag.py:3722} INFO - Setting next_dagrun for example_trigger_controller_dag to 2021-01-01T00:00:00+00:00, run_after=2021-01-01T00:00:00+00:00
[2023-11-03T19:53:49.738+0000] {processor.py:179} INFO - Processing /home/airflow/.local/lib/python3.8/site-packages/airflow/example_dags/example_trigger_controller_dag.py took 0.249 seconds
[2023-11-03T19:54:20.579+0000] {processor.py:157} INFO - Started process (PID=34897) to work on /home/airflow/.local/lib/python3.8/site-packages/airflow/example_dags/example_trigger_controller_dag.py
[2023-11-03T19:54:20.583+0000] {processor.py:829} INFO - Processing file /home/airflow/.local/lib/python3.8/site-packages/airflow/example_dags/example_trigger_controller_dag.py for tasks to queue
[2023-11-03T19:54:20.593+0000] {logging_mixin.py:151} INFO - [2023-11-03T19:54:20.591+0000] {dagbag.py:536} INFO - Filling up the DagBag from /home/airflow/.local/lib/python3.8/site-packages/airflow/example_dags/example_trigger_controller_dag.py
[2023-11-03T19:54:20.611+0000] {processor.py:839} INFO - DAG(s) dict_keys(['example_trigger_controller_dag']) retrieved from /home/airflow/.local/lib/python3.8/site-packages/airflow/example_dags/example_trigger_controller_dag.py
[2023-11-03T19:54:20.675+0000] {logging_mixin.py:151} INFO - [2023-11-03T19:54:20.674+0000] {dag.py:2941} INFO - Sync 1 DAGs
[2023-11-03T19:54:20.750+0000] {logging_mixin.py:151} INFO - [2023-11-03T19:54:20.749+0000] {dag.py:3722} INFO - Setting next_dagrun for example_trigger_controller_dag to 2021-01-01T00:00:00+00:00, run_after=2021-01-01T00:00:00+00:00
[2023-11-03T19:54:20.814+0000] {processor.py:179} INFO - Processing /home/airflow/.local/lib/python3.8/site-packages/airflow/example_dags/example_trigger_controller_dag.py took 0.245 seconds
[2023-11-03T19:54:51.255+0000] {processor.py:157} INFO - Started process (PID=34959) to work on /home/airflow/.local/lib/python3.8/site-packages/airflow/example_dags/example_trigger_controller_dag.py
[2023-11-03T19:54:51.257+0000] {processor.py:829} INFO - Processing file /home/airflow/.local/lib/python3.8/site-packages/airflow/example_dags/example_trigger_controller_dag.py for tasks to queue
[2023-11-03T19:54:51.264+0000] {logging_mixin.py:151} INFO - [2023-11-03T19:54:51.263+0000] {dagbag.py:536} INFO - Filling up the DagBag from /home/airflow/.local/lib/python3.8/site-packages/airflow/example_dags/example_trigger_controller_dag.py
[2023-11-03T19:54:51.278+0000] {processor.py:839} INFO - DAG(s) dict_keys(['example_trigger_controller_dag']) retrieved from /home/airflow/.local/lib/python3.8/site-packages/airflow/example_dags/example_trigger_controller_dag.py
[2023-11-03T19:54:51.339+0000] {logging_mixin.py:151} INFO - [2023-11-03T19:54:51.338+0000] {dag.py:2941} INFO - Sync 1 DAGs
[2023-11-03T19:54:51.402+0000] {logging_mixin.py:151} INFO - [2023-11-03T19:54:51.401+0000] {dag.py:3722} INFO - Setting next_dagrun for example_trigger_controller_dag to 2021-01-01T00:00:00+00:00, run_after=2021-01-01T00:00:00+00:00
[2023-11-03T19:54:51.460+0000] {processor.py:179} INFO - Processing /home/airflow/.local/lib/python3.8/site-packages/airflow/example_dags/example_trigger_controller_dag.py took 0.212 seconds
[2023-11-03T19:55:21.917+0000] {processor.py:157} INFO - Started process (PID=35021) to work on /home/airflow/.local/lib/python3.8/site-packages/airflow/example_dags/example_trigger_controller_dag.py
[2023-11-03T19:55:21.919+0000] {processor.py:829} INFO - Processing file /home/airflow/.local/lib/python3.8/site-packages/airflow/example_dags/example_trigger_controller_dag.py for tasks to queue
[2023-11-03T19:55:21.927+0000] {logging_mixin.py:151} INFO - [2023-11-03T19:55:21.926+0000] {dagbag.py:536} INFO - Filling up the DagBag from /home/airflow/.local/lib/python3.8/site-packages/airflow/example_dags/example_trigger_controller_dag.py
[2023-11-03T19:55:21.942+0000] {processor.py:839} INFO - DAG(s) dict_keys(['example_trigger_controller_dag']) retrieved from /home/airflow/.local/lib/python3.8/site-packages/airflow/example_dags/example_trigger_controller_dag.py
[2023-11-03T19:55:22.016+0000] {logging_mixin.py:151} INFO - [2023-11-03T19:55:22.015+0000] {dag.py:2941} INFO - Sync 1 DAGs
[2023-11-03T19:55:22.071+0000] {logging_mixin.py:151} INFO - [2023-11-03T19:55:22.070+0000] {dag.py:3722} INFO - Setting next_dagrun for example_trigger_controller_dag to 2021-01-01T00:00:00+00:00, run_after=2021-01-01T00:00:00+00:00
[2023-11-03T19:55:22.126+0000] {processor.py:179} INFO - Processing /home/airflow/.local/lib/python3.8/site-packages/airflow/example_dags/example_trigger_controller_dag.py took 0.217 seconds
[2023-11-03T19:55:52.467+0000] {processor.py:157} INFO - Started process (PID=35084) to work on /home/airflow/.local/lib/python3.8/site-packages/airflow/example_dags/example_trigger_controller_dag.py
[2023-11-03T19:55:52.470+0000] {processor.py:829} INFO - Processing file /home/airflow/.local/lib/python3.8/site-packages/airflow/example_dags/example_trigger_controller_dag.py for tasks to queue
[2023-11-03T19:55:52.478+0000] {logging_mixin.py:151} INFO - [2023-11-03T19:55:52.476+0000] {dagbag.py:536} INFO - Filling up the DagBag from /home/airflow/.local/lib/python3.8/site-packages/airflow/example_dags/example_trigger_controller_dag.py
[2023-11-03T19:55:52.493+0000] {processor.py:839} INFO - DAG(s) dict_keys(['example_trigger_controller_dag']) retrieved from /home/airflow/.local/lib/python3.8/site-packages/airflow/example_dags/example_trigger_controller_dag.py
[2023-11-03T19:55:52.558+0000] {logging_mixin.py:151} INFO - [2023-11-03T19:55:52.558+0000] {dag.py:2941} INFO - Sync 1 DAGs
[2023-11-03T19:55:52.630+0000] {logging_mixin.py:151} INFO - [2023-11-03T19:55:52.629+0000] {dag.py:3722} INFO - Setting next_dagrun for example_trigger_controller_dag to 2021-01-01T00:00:00+00:00, run_after=2021-01-01T00:00:00+00:00
[2023-11-03T19:55:52.709+0000] {processor.py:179} INFO - Processing /home/airflow/.local/lib/python3.8/site-packages/airflow/example_dags/example_trigger_controller_dag.py took 0.253 seconds
[2023-11-03T19:56:23.477+0000] {processor.py:157} INFO - Started process (PID=35147) to work on /home/airflow/.local/lib/python3.8/site-packages/airflow/example_dags/example_trigger_controller_dag.py
[2023-11-03T19:56:23.480+0000] {processor.py:829} INFO - Processing file /home/airflow/.local/lib/python3.8/site-packages/airflow/example_dags/example_trigger_controller_dag.py for tasks to queue
[2023-11-03T19:56:23.487+0000] {logging_mixin.py:151} INFO - [2023-11-03T19:56:23.486+0000] {dagbag.py:536} INFO - Filling up the DagBag from /home/airflow/.local/lib/python3.8/site-packages/airflow/example_dags/example_trigger_controller_dag.py
[2023-11-03T19:56:23.503+0000] {processor.py:839} INFO - DAG(s) dict_keys(['example_trigger_controller_dag']) retrieved from /home/airflow/.local/lib/python3.8/site-packages/airflow/example_dags/example_trigger_controller_dag.py
[2023-11-03T19:56:23.562+0000] {logging_mixin.py:151} INFO - [2023-11-03T19:56:23.561+0000] {dag.py:2941} INFO - Sync 1 DAGs
[2023-11-03T19:56:23.623+0000] {logging_mixin.py:151} INFO - [2023-11-03T19:56:23.623+0000] {dag.py:3722} INFO - Setting next_dagrun for example_trigger_controller_dag to 2021-01-01T00:00:00+00:00, run_after=2021-01-01T00:00:00+00:00
[2023-11-03T19:56:23.678+0000] {processor.py:179} INFO - Processing /home/airflow/.local/lib/python3.8/site-packages/airflow/example_dags/example_trigger_controller_dag.py took 0.211 seconds
[2023-11-03T19:56:54.331+0000] {processor.py:157} INFO - Started process (PID=35209) to work on /home/airflow/.local/lib/python3.8/site-packages/airflow/example_dags/example_trigger_controller_dag.py
[2023-11-03T19:56:54.335+0000] {processor.py:829} INFO - Processing file /home/airflow/.local/lib/python3.8/site-packages/airflow/example_dags/example_trigger_controller_dag.py for tasks to queue
[2023-11-03T19:56:54.341+0000] {logging_mixin.py:151} INFO - [2023-11-03T19:56:54.340+0000] {dagbag.py:536} INFO - Filling up the DagBag from /home/airflow/.local/lib/python3.8/site-packages/airflow/example_dags/example_trigger_controller_dag.py
[2023-11-03T19:56:54.353+0000] {processor.py:839} INFO - DAG(s) dict_keys(['example_trigger_controller_dag']) retrieved from /home/airflow/.local/lib/python3.8/site-packages/airflow/example_dags/example_trigger_controller_dag.py
[2023-11-03T19:56:54.412+0000] {logging_mixin.py:151} INFO - [2023-11-03T19:56:54.411+0000] {dag.py:2941} INFO - Sync 1 DAGs
[2023-11-03T19:56:54.486+0000] {logging_mixin.py:151} INFO - [2023-11-03T19:56:54.485+0000] {dag.py:3722} INFO - Setting next_dagrun for example_trigger_controller_dag to 2021-01-01T00:00:00+00:00, run_after=2021-01-01T00:00:00+00:00
[2023-11-03T19:56:54.564+0000] {processor.py:179} INFO - Processing /home/airflow/.local/lib/python3.8/site-packages/airflow/example_dags/example_trigger_controller_dag.py took 0.246 seconds
[2023-11-03T19:57:24.786+0000] {processor.py:157} INFO - Started process (PID=35271) to work on /home/airflow/.local/lib/python3.8/site-packages/airflow/example_dags/example_trigger_controller_dag.py
[2023-11-03T19:57:24.789+0000] {processor.py:829} INFO - Processing file /home/airflow/.local/lib/python3.8/site-packages/airflow/example_dags/example_trigger_controller_dag.py for tasks to queue
[2023-11-03T19:57:24.798+0000] {logging_mixin.py:151} INFO - [2023-11-03T19:57:24.797+0000] {dagbag.py:536} INFO - Filling up the DagBag from /home/airflow/.local/lib/python3.8/site-packages/airflow/example_dags/example_trigger_controller_dag.py
[2023-11-03T19:57:24.819+0000] {processor.py:839} INFO - DAG(s) dict_keys(['example_trigger_controller_dag']) retrieved from /home/airflow/.local/lib/python3.8/site-packages/airflow/example_dags/example_trigger_controller_dag.py
[2023-11-03T19:57:24.876+0000] {logging_mixin.py:151} INFO - [2023-11-03T19:57:24.876+0000] {dag.py:2941} INFO - Sync 1 DAGs
[2023-11-03T19:57:24.936+0000] {logging_mixin.py:151} INFO - [2023-11-03T19:57:24.935+0000] {dag.py:3722} INFO - Setting next_dagrun for example_trigger_controller_dag to 2021-01-01T00:00:00+00:00, run_after=2021-01-01T00:00:00+00:00
[2023-11-03T19:57:24.996+0000] {processor.py:179} INFO - Processing /home/airflow/.local/lib/python3.8/site-packages/airflow/example_dags/example_trigger_controller_dag.py took 0.217 seconds
[2023-11-03T19:57:55.520+0000] {processor.py:157} INFO - Started process (PID=35333) to work on /home/airflow/.local/lib/python3.8/site-packages/airflow/example_dags/example_trigger_controller_dag.py
[2023-11-03T19:57:55.523+0000] {processor.py:829} INFO - Processing file /home/airflow/.local/lib/python3.8/site-packages/airflow/example_dags/example_trigger_controller_dag.py for tasks to queue
[2023-11-03T19:57:55.530+0000] {logging_mixin.py:151} INFO - [2023-11-03T19:57:55.528+0000] {dagbag.py:536} INFO - Filling up the DagBag from /home/airflow/.local/lib/python3.8/site-packages/airflow/example_dags/example_trigger_controller_dag.py
[2023-11-03T19:57:55.543+0000] {processor.py:839} INFO - DAG(s) dict_keys(['example_trigger_controller_dag']) retrieved from /home/airflow/.local/lib/python3.8/site-packages/airflow/example_dags/example_trigger_controller_dag.py
[2023-11-03T19:57:55.611+0000] {logging_mixin.py:151} INFO - [2023-11-03T19:57:55.610+0000] {dag.py:2941} INFO - Sync 1 DAGs
[2023-11-03T19:57:55.667+0000] {logging_mixin.py:151} INFO - [2023-11-03T19:57:55.667+0000] {dag.py:3722} INFO - Setting next_dagrun for example_trigger_controller_dag to 2021-01-01T00:00:00+00:00, run_after=2021-01-01T00:00:00+00:00
[2023-11-03T19:57:55.819+0000] {processor.py:179} INFO - Processing /home/airflow/.local/lib/python3.8/site-packages/airflow/example_dags/example_trigger_controller_dag.py took 0.311 seconds
[2023-11-03T19:58:26.291+0000] {processor.py:157} INFO - Started process (PID=35395) to work on /home/airflow/.local/lib/python3.8/site-packages/airflow/example_dags/example_trigger_controller_dag.py
[2023-11-03T19:58:26.294+0000] {processor.py:829} INFO - Processing file /home/airflow/.local/lib/python3.8/site-packages/airflow/example_dags/example_trigger_controller_dag.py for tasks to queue
[2023-11-03T19:58:26.301+0000] {logging_mixin.py:151} INFO - [2023-11-03T19:58:26.299+0000] {dagbag.py:536} INFO - Filling up the DagBag from /home/airflow/.local/lib/python3.8/site-packages/airflow/example_dags/example_trigger_controller_dag.py
[2023-11-03T19:58:26.315+0000] {processor.py:839} INFO - DAG(s) dict_keys(['example_trigger_controller_dag']) retrieved from /home/airflow/.local/lib/python3.8/site-packages/airflow/example_dags/example_trigger_controller_dag.py
[2023-11-03T19:58:26.374+0000] {logging_mixin.py:151} INFO - [2023-11-03T19:58:26.374+0000] {dag.py:2941} INFO - Sync 1 DAGs
[2023-11-03T19:58:26.443+0000] {logging_mixin.py:151} INFO - [2023-11-03T19:58:26.442+0000] {dag.py:3722} INFO - Setting next_dagrun for example_trigger_controller_dag to 2021-01-01T00:00:00+00:00, run_after=2021-01-01T00:00:00+00:00
[2023-11-03T19:58:26.519+0000] {processor.py:179} INFO - Processing /home/airflow/.local/lib/python3.8/site-packages/airflow/example_dags/example_trigger_controller_dag.py took 0.236 seconds
[2023-11-03T19:58:56.702+0000] {processor.py:157} INFO - Started process (PID=35455) to work on /home/airflow/.local/lib/python3.8/site-packages/airflow/example_dags/example_trigger_controller_dag.py
[2023-11-03T19:58:56.705+0000] {processor.py:829} INFO - Processing file /home/airflow/.local/lib/python3.8/site-packages/airflow/example_dags/example_trigger_controller_dag.py for tasks to queue
[2023-11-03T19:58:56.714+0000] {logging_mixin.py:151} INFO - [2023-11-03T19:58:56.712+0000] {dagbag.py:536} INFO - Filling up the DagBag from /home/airflow/.local/lib/python3.8/site-packages/airflow/example_dags/example_trigger_controller_dag.py
[2023-11-03T19:58:56.739+0000] {processor.py:839} INFO - DAG(s) dict_keys(['example_trigger_controller_dag']) retrieved from /home/airflow/.local/lib/python3.8/site-packages/airflow/example_dags/example_trigger_controller_dag.py
[2023-11-03T19:58:56.793+0000] {logging_mixin.py:151} INFO - [2023-11-03T19:58:56.792+0000] {dag.py:2941} INFO - Sync 1 DAGs
[2023-11-03T19:58:56.842+0000] {logging_mixin.py:151} INFO - [2023-11-03T19:58:56.841+0000] {dag.py:3722} INFO - Setting next_dagrun for example_trigger_controller_dag to 2021-01-01T00:00:00+00:00, run_after=2021-01-01T00:00:00+00:00
[2023-11-03T19:58:56.898+0000] {processor.py:179} INFO - Processing /home/airflow/.local/lib/python3.8/site-packages/airflow/example_dags/example_trigger_controller_dag.py took 0.203 seconds
[2023-11-03T19:59:27.135+0000] {processor.py:157} INFO - Started process (PID=35517) to work on /home/airflow/.local/lib/python3.8/site-packages/airflow/example_dags/example_trigger_controller_dag.py
[2023-11-03T19:59:27.139+0000] {processor.py:829} INFO - Processing file /home/airflow/.local/lib/python3.8/site-packages/airflow/example_dags/example_trigger_controller_dag.py for tasks to queue
[2023-11-03T19:59:27.149+0000] {logging_mixin.py:151} INFO - [2023-11-03T19:59:27.147+0000] {dagbag.py:536} INFO - Filling up the DagBag from /home/airflow/.local/lib/python3.8/site-packages/airflow/example_dags/example_trigger_controller_dag.py
[2023-11-03T19:59:27.167+0000] {processor.py:839} INFO - DAG(s) dict_keys(['example_trigger_controller_dag']) retrieved from /home/airflow/.local/lib/python3.8/site-packages/airflow/example_dags/example_trigger_controller_dag.py
[2023-11-03T19:59:27.243+0000] {logging_mixin.py:151} INFO - [2023-11-03T19:59:27.243+0000] {dag.py:2941} INFO - Sync 1 DAGs
[2023-11-03T19:59:27.341+0000] {logging_mixin.py:151} INFO - [2023-11-03T19:59:27.340+0000] {dag.py:3722} INFO - Setting next_dagrun for example_trigger_controller_dag to 2021-01-01T00:00:00+00:00, run_after=2021-01-01T00:00:00+00:00
[2023-11-03T19:59:27.420+0000] {processor.py:179} INFO - Processing /home/airflow/.local/lib/python3.8/site-packages/airflow/example_dags/example_trigger_controller_dag.py took 0.299 seconds
[2023-11-03T19:59:57.929+0000] {processor.py:157} INFO - Started process (PID=35579) to work on /home/airflow/.local/lib/python3.8/site-packages/airflow/example_dags/example_trigger_controller_dag.py
[2023-11-03T19:59:57.933+0000] {processor.py:829} INFO - Processing file /home/airflow/.local/lib/python3.8/site-packages/airflow/example_dags/example_trigger_controller_dag.py for tasks to queue
[2023-11-03T19:59:57.941+0000] {logging_mixin.py:151} INFO - [2023-11-03T19:59:57.939+0000] {dagbag.py:536} INFO - Filling up the DagBag from /home/airflow/.local/lib/python3.8/site-packages/airflow/example_dags/example_trigger_controller_dag.py
[2023-11-03T19:59:57.956+0000] {processor.py:839} INFO - DAG(s) dict_keys(['example_trigger_controller_dag']) retrieved from /home/airflow/.local/lib/python3.8/site-packages/airflow/example_dags/example_trigger_controller_dag.py
[2023-11-03T19:59:58.019+0000] {logging_mixin.py:151} INFO - [2023-11-03T19:59:58.019+0000] {dag.py:2941} INFO - Sync 1 DAGs
[2023-11-03T19:59:58.078+0000] {logging_mixin.py:151} INFO - [2023-11-03T19:59:58.077+0000] {dag.py:3722} INFO - Setting next_dagrun for example_trigger_controller_dag to 2021-01-01T00:00:00+00:00, run_after=2021-01-01T00:00:00+00:00
[2023-11-03T19:59:58.136+0000] {processor.py:179} INFO - Processing /home/airflow/.local/lib/python3.8/site-packages/airflow/example_dags/example_trigger_controller_dag.py took 0.230 seconds
[2023-11-03T20:00:28.418+0000] {processor.py:157} INFO - Started process (PID=35641) to work on /home/airflow/.local/lib/python3.8/site-packages/airflow/example_dags/example_trigger_controller_dag.py
[2023-11-03T20:00:28.422+0000] {processor.py:829} INFO - Processing file /home/airflow/.local/lib/python3.8/site-packages/airflow/example_dags/example_trigger_controller_dag.py for tasks to queue
[2023-11-03T20:00:28.431+0000] {logging_mixin.py:151} INFO - [2023-11-03T20:00:28.430+0000] {dagbag.py:536} INFO - Filling up the DagBag from /home/airflow/.local/lib/python3.8/site-packages/airflow/example_dags/example_trigger_controller_dag.py
[2023-11-03T20:00:28.446+0000] {processor.py:839} INFO - DAG(s) dict_keys(['example_trigger_controller_dag']) retrieved from /home/airflow/.local/lib/python3.8/site-packages/airflow/example_dags/example_trigger_controller_dag.py
[2023-11-03T20:00:28.504+0000] {logging_mixin.py:151} INFO - [2023-11-03T20:00:28.504+0000] {dag.py:2941} INFO - Sync 1 DAGs
[2023-11-03T20:00:28.569+0000] {logging_mixin.py:151} INFO - [2023-11-03T20:00:28.569+0000] {dag.py:3722} INFO - Setting next_dagrun for example_trigger_controller_dag to 2021-01-01T00:00:00+00:00, run_after=2021-01-01T00:00:00+00:00
[2023-11-03T20:00:28.627+0000] {processor.py:179} INFO - Processing /home/airflow/.local/lib/python3.8/site-packages/airflow/example_dags/example_trigger_controller_dag.py took 0.224 seconds
[2023-11-03T20:00:58.841+0000] {processor.py:157} INFO - Started process (PID=35703) to work on /home/airflow/.local/lib/python3.8/site-packages/airflow/example_dags/example_trigger_controller_dag.py
[2023-11-03T20:00:58.844+0000] {processor.py:829} INFO - Processing file /home/airflow/.local/lib/python3.8/site-packages/airflow/example_dags/example_trigger_controller_dag.py for tasks to queue
[2023-11-03T20:00:58.850+0000] {logging_mixin.py:151} INFO - [2023-11-03T20:00:58.849+0000] {dagbag.py:536} INFO - Filling up the DagBag from /home/airflow/.local/lib/python3.8/site-packages/airflow/example_dags/example_trigger_controller_dag.py
[2023-11-03T20:00:58.862+0000] {processor.py:839} INFO - DAG(s) dict_keys(['example_trigger_controller_dag']) retrieved from /home/airflow/.local/lib/python3.8/site-packages/airflow/example_dags/example_trigger_controller_dag.py
[2023-11-03T20:00:58.924+0000] {logging_mixin.py:151} INFO - [2023-11-03T20:00:58.923+0000] {dag.py:2941} INFO - Sync 1 DAGs
[2023-11-03T20:00:58.996+0000] {logging_mixin.py:151} INFO - [2023-11-03T20:00:58.995+0000] {dag.py:3722} INFO - Setting next_dagrun for example_trigger_controller_dag to 2021-01-01T00:00:00+00:00, run_after=2021-01-01T00:00:00+00:00
[2023-11-03T20:00:59.061+0000] {processor.py:179} INFO - Processing /home/airflow/.local/lib/python3.8/site-packages/airflow/example_dags/example_trigger_controller_dag.py took 0.228 seconds
[2023-11-03T20:01:29.478+0000] {processor.py:157} INFO - Started process (PID=35765) to work on /home/airflow/.local/lib/python3.8/site-packages/airflow/example_dags/example_trigger_controller_dag.py
[2023-11-03T20:01:29.482+0000] {processor.py:829} INFO - Processing file /home/airflow/.local/lib/python3.8/site-packages/airflow/example_dags/example_trigger_controller_dag.py for tasks to queue
[2023-11-03T20:01:29.488+0000] {logging_mixin.py:151} INFO - [2023-11-03T20:01:29.487+0000] {dagbag.py:536} INFO - Filling up the DagBag from /home/airflow/.local/lib/python3.8/site-packages/airflow/example_dags/example_trigger_controller_dag.py
[2023-11-03T20:01:29.501+0000] {processor.py:839} INFO - DAG(s) dict_keys(['example_trigger_controller_dag']) retrieved from /home/airflow/.local/lib/python3.8/site-packages/airflow/example_dags/example_trigger_controller_dag.py
[2023-11-03T20:01:29.557+0000] {logging_mixin.py:151} INFO - [2023-11-03T20:01:29.557+0000] {dag.py:2941} INFO - Sync 1 DAGs
[2023-11-03T20:01:29.619+0000] {logging_mixin.py:151} INFO - [2023-11-03T20:01:29.618+0000] {dag.py:3722} INFO - Setting next_dagrun for example_trigger_controller_dag to 2021-01-01T00:00:00+00:00, run_after=2021-01-01T00:00:00+00:00
[2023-11-03T20:01:29.674+0000] {processor.py:179} INFO - Processing /home/airflow/.local/lib/python3.8/site-packages/airflow/example_dags/example_trigger_controller_dag.py took 0.202 seconds
[2023-11-03T20:02:00.419+0000] {processor.py:157} INFO - Started process (PID=35827) to work on /home/airflow/.local/lib/python3.8/site-packages/airflow/example_dags/example_trigger_controller_dag.py
[2023-11-03T20:02:00.422+0000] {processor.py:829} INFO - Processing file /home/airflow/.local/lib/python3.8/site-packages/airflow/example_dags/example_trigger_controller_dag.py for tasks to queue
[2023-11-03T20:02:00.430+0000] {logging_mixin.py:151} INFO - [2023-11-03T20:02:00.428+0000] {dagbag.py:536} INFO - Filling up the DagBag from /home/airflow/.local/lib/python3.8/site-packages/airflow/example_dags/example_trigger_controller_dag.py
[2023-11-03T20:02:00.442+0000] {processor.py:839} INFO - DAG(s) dict_keys(['example_trigger_controller_dag']) retrieved from /home/airflow/.local/lib/python3.8/site-packages/airflow/example_dags/example_trigger_controller_dag.py
[2023-11-03T20:02:00.502+0000] {logging_mixin.py:151} INFO - [2023-11-03T20:02:00.501+0000] {dag.py:2941} INFO - Sync 1 DAGs
[2023-11-03T20:02:00.572+0000] {logging_mixin.py:151} INFO - [2023-11-03T20:02:00.571+0000] {dag.py:3722} INFO - Setting next_dagrun for example_trigger_controller_dag to 2021-01-01T00:00:00+00:00, run_after=2021-01-01T00:00:00+00:00
[2023-11-03T20:02:00.639+0000] {processor.py:179} INFO - Processing /home/airflow/.local/lib/python3.8/site-packages/airflow/example_dags/example_trigger_controller_dag.py took 0.226 seconds
[2023-11-03T20:02:31.248+0000] {processor.py:157} INFO - Started process (PID=35889) to work on /home/airflow/.local/lib/python3.8/site-packages/airflow/example_dags/example_trigger_controller_dag.py
[2023-11-03T20:02:31.251+0000] {processor.py:829} INFO - Processing file /home/airflow/.local/lib/python3.8/site-packages/airflow/example_dags/example_trigger_controller_dag.py for tasks to queue
[2023-11-03T20:02:31.259+0000] {logging_mixin.py:151} INFO - [2023-11-03T20:02:31.257+0000] {dagbag.py:536} INFO - Filling up the DagBag from /home/airflow/.local/lib/python3.8/site-packages/airflow/example_dags/example_trigger_controller_dag.py
[2023-11-03T20:02:31.275+0000] {processor.py:839} INFO - DAG(s) dict_keys(['example_trigger_controller_dag']) retrieved from /home/airflow/.local/lib/python3.8/site-packages/airflow/example_dags/example_trigger_controller_dag.py
[2023-11-03T20:02:31.337+0000] {logging_mixin.py:151} INFO - [2023-11-03T20:02:31.336+0000] {dag.py:2941} INFO - Sync 1 DAGs
[2023-11-03T20:02:31.408+0000] {logging_mixin.py:151} INFO - [2023-11-03T20:02:31.407+0000] {dag.py:3722} INFO - Setting next_dagrun for example_trigger_controller_dag to 2021-01-01T00:00:00+00:00, run_after=2021-01-01T00:00:00+00:00
[2023-11-03T20:02:31.484+0000] {processor.py:179} INFO - Processing /home/airflow/.local/lib/python3.8/site-packages/airflow/example_dags/example_trigger_controller_dag.py took 0.245 seconds
[2023-11-03T20:03:02.072+0000] {processor.py:157} INFO - Started process (PID=35951) to work on /home/airflow/.local/lib/python3.8/site-packages/airflow/example_dags/example_trigger_controller_dag.py
[2023-11-03T20:03:02.075+0000] {processor.py:829} INFO - Processing file /home/airflow/.local/lib/python3.8/site-packages/airflow/example_dags/example_trigger_controller_dag.py for tasks to queue
[2023-11-03T20:03:02.083+0000] {logging_mixin.py:151} INFO - [2023-11-03T20:03:02.082+0000] {dagbag.py:536} INFO - Filling up the DagBag from /home/airflow/.local/lib/python3.8/site-packages/airflow/example_dags/example_trigger_controller_dag.py
[2023-11-03T20:03:02.102+0000] {processor.py:839} INFO - DAG(s) dict_keys(['example_trigger_controller_dag']) retrieved from /home/airflow/.local/lib/python3.8/site-packages/airflow/example_dags/example_trigger_controller_dag.py
[2023-11-03T20:03:02.168+0000] {logging_mixin.py:151} INFO - [2023-11-03T20:03:02.167+0000] {dag.py:2941} INFO - Sync 1 DAGs
[2023-11-03T20:03:02.234+0000] {logging_mixin.py:151} INFO - [2023-11-03T20:03:02.233+0000] {dag.py:3722} INFO - Setting next_dagrun for example_trigger_controller_dag to 2021-01-01T00:00:00+00:00, run_after=2021-01-01T00:00:00+00:00
[2023-11-03T20:03:02.289+0000] {processor.py:179} INFO - Processing /home/airflow/.local/lib/python3.8/site-packages/airflow/example_dags/example_trigger_controller_dag.py took 0.226 seconds
[2023-11-03T20:03:32.721+0000] {processor.py:157} INFO - Started process (PID=36014) to work on /home/airflow/.local/lib/python3.8/site-packages/airflow/example_dags/example_trigger_controller_dag.py
[2023-11-03T20:03:32.724+0000] {processor.py:829} INFO - Processing file /home/airflow/.local/lib/python3.8/site-packages/airflow/example_dags/example_trigger_controller_dag.py for tasks to queue
[2023-11-03T20:03:32.730+0000] {logging_mixin.py:151} INFO - [2023-11-03T20:03:32.729+0000] {dagbag.py:536} INFO - Filling up the DagBag from /home/airflow/.local/lib/python3.8/site-packages/airflow/example_dags/example_trigger_controller_dag.py
[2023-11-03T20:03:32.743+0000] {processor.py:839} INFO - DAG(s) dict_keys(['example_trigger_controller_dag']) retrieved from /home/airflow/.local/lib/python3.8/site-packages/airflow/example_dags/example_trigger_controller_dag.py
[2023-11-03T20:03:32.806+0000] {logging_mixin.py:151} INFO - [2023-11-03T20:03:32.805+0000] {dag.py:2941} INFO - Sync 1 DAGs
[2023-11-03T20:03:32.864+0000] {logging_mixin.py:151} INFO - [2023-11-03T20:03:32.864+0000] {dag.py:3722} INFO - Setting next_dagrun for example_trigger_controller_dag to 2021-01-01T00:00:00+00:00, run_after=2021-01-01T00:00:00+00:00
[2023-11-03T20:03:32.919+0000] {processor.py:179} INFO - Processing /home/airflow/.local/lib/python3.8/site-packages/airflow/example_dags/example_trigger_controller_dag.py took 0.205 seconds
[2023-11-03T20:04:03.525+0000] {processor.py:157} INFO - Started process (PID=36077) to work on /home/airflow/.local/lib/python3.8/site-packages/airflow/example_dags/example_trigger_controller_dag.py
[2023-11-03T20:04:03.533+0000] {processor.py:829} INFO - Processing file /home/airflow/.local/lib/python3.8/site-packages/airflow/example_dags/example_trigger_controller_dag.py for tasks to queue
[2023-11-03T20:04:03.542+0000] {logging_mixin.py:151} INFO - [2023-11-03T20:04:03.540+0000] {dagbag.py:536} INFO - Filling up the DagBag from /home/airflow/.local/lib/python3.8/site-packages/airflow/example_dags/example_trigger_controller_dag.py
[2023-11-03T20:04:03.557+0000] {processor.py:839} INFO - DAG(s) dict_keys(['example_trigger_controller_dag']) retrieved from /home/airflow/.local/lib/python3.8/site-packages/airflow/example_dags/example_trigger_controller_dag.py
[2023-11-03T20:04:03.623+0000] {logging_mixin.py:151} INFO - [2023-11-03T20:04:03.622+0000] {dag.py:2941} INFO - Sync 1 DAGs
[2023-11-03T20:04:03.678+0000] {logging_mixin.py:151} INFO - [2023-11-03T20:04:03.677+0000] {dag.py:3722} INFO - Setting next_dagrun for example_trigger_controller_dag to 2021-01-01T00:00:00+00:00, run_after=2021-01-01T00:00:00+00:00
[2023-11-03T20:04:03.842+0000] {processor.py:179} INFO - Processing /home/airflow/.local/lib/python3.8/site-packages/airflow/example_dags/example_trigger_controller_dag.py took 0.329 seconds
[2023-11-03T20:04:34.495+0000] {processor.py:157} INFO - Started process (PID=36138) to work on /home/airflow/.local/lib/python3.8/site-packages/airflow/example_dags/example_trigger_controller_dag.py
[2023-11-03T20:04:34.499+0000] {processor.py:829} INFO - Processing file /home/airflow/.local/lib/python3.8/site-packages/airflow/example_dags/example_trigger_controller_dag.py for tasks to queue
[2023-11-03T20:04:34.506+0000] {logging_mixin.py:151} INFO - [2023-11-03T20:04:34.505+0000] {dagbag.py:536} INFO - Filling up the DagBag from /home/airflow/.local/lib/python3.8/site-packages/airflow/example_dags/example_trigger_controller_dag.py
[2023-11-03T20:04:34.521+0000] {processor.py:839} INFO - DAG(s) dict_keys(['example_trigger_controller_dag']) retrieved from /home/airflow/.local/lib/python3.8/site-packages/airflow/example_dags/example_trigger_controller_dag.py
[2023-11-03T20:04:34.595+0000] {logging_mixin.py:151} INFO - [2023-11-03T20:04:34.594+0000] {dag.py:2941} INFO - Sync 1 DAGs
[2023-11-03T20:04:34.647+0000] {logging_mixin.py:151} INFO - [2023-11-03T20:04:34.646+0000] {dag.py:3722} INFO - Setting next_dagrun for example_trigger_controller_dag to 2021-01-01T00:00:00+00:00, run_after=2021-01-01T00:00:00+00:00
[2023-11-03T20:04:34.705+0000] {processor.py:179} INFO - Processing /home/airflow/.local/lib/python3.8/site-packages/airflow/example_dags/example_trigger_controller_dag.py took 0.220 seconds
[2023-11-03T20:05:05.410+0000] {processor.py:157} INFO - Started process (PID=36200) to work on /home/airflow/.local/lib/python3.8/site-packages/airflow/example_dags/example_trigger_controller_dag.py
[2023-11-03T20:05:05.413+0000] {processor.py:829} INFO - Processing file /home/airflow/.local/lib/python3.8/site-packages/airflow/example_dags/example_trigger_controller_dag.py for tasks to queue
[2023-11-03T20:05:05.419+0000] {logging_mixin.py:151} INFO - [2023-11-03T20:05:05.418+0000] {dagbag.py:536} INFO - Filling up the DagBag from /home/airflow/.local/lib/python3.8/site-packages/airflow/example_dags/example_trigger_controller_dag.py
[2023-11-03T20:05:05.432+0000] {processor.py:839} INFO - DAG(s) dict_keys(['example_trigger_controller_dag']) retrieved from /home/airflow/.local/lib/python3.8/site-packages/airflow/example_dags/example_trigger_controller_dag.py
[2023-11-03T20:05:05.485+0000] {logging_mixin.py:151} INFO - [2023-11-03T20:05:05.484+0000] {dag.py:2941} INFO - Sync 1 DAGs
[2023-11-03T20:05:05.555+0000] {logging_mixin.py:151} INFO - [2023-11-03T20:05:05.554+0000] {dag.py:3722} INFO - Setting next_dagrun for example_trigger_controller_dag to 2021-01-01T00:00:00+00:00, run_after=2021-01-01T00:00:00+00:00
[2023-11-03T20:05:05.632+0000] {processor.py:179} INFO - Processing /home/airflow/.local/lib/python3.8/site-packages/airflow/example_dags/example_trigger_controller_dag.py took 0.230 seconds
[2023-11-03T20:05:36.487+0000] {processor.py:157} INFO - Started process (PID=36262) to work on /home/airflow/.local/lib/python3.8/site-packages/airflow/example_dags/example_trigger_controller_dag.py
[2023-11-03T20:05:36.489+0000] {processor.py:829} INFO - Processing file /home/airflow/.local/lib/python3.8/site-packages/airflow/example_dags/example_trigger_controller_dag.py for tasks to queue
[2023-11-03T20:05:36.495+0000] {logging_mixin.py:151} INFO - [2023-11-03T20:05:36.494+0000] {dagbag.py:536} INFO - Filling up the DagBag from /home/airflow/.local/lib/python3.8/site-packages/airflow/example_dags/example_trigger_controller_dag.py
[2023-11-03T20:05:36.507+0000] {processor.py:839} INFO - DAG(s) dict_keys(['example_trigger_controller_dag']) retrieved from /home/airflow/.local/lib/python3.8/site-packages/airflow/example_dags/example_trigger_controller_dag.py
[2023-11-03T20:05:36.552+0000] {logging_mixin.py:151} INFO - [2023-11-03T20:05:36.552+0000] {dag.py:2941} INFO - Sync 1 DAGs
[2023-11-03T20:05:36.606+0000] {logging_mixin.py:151} INFO - [2023-11-03T20:05:36.606+0000] {dag.py:3722} INFO - Setting next_dagrun for example_trigger_controller_dag to 2021-01-01T00:00:00+00:00, run_after=2021-01-01T00:00:00+00:00
[2023-11-03T20:05:36.668+0000] {processor.py:179} INFO - Processing /home/airflow/.local/lib/python3.8/site-packages/airflow/example_dags/example_trigger_controller_dag.py took 0.188 seconds
