[2023-11-03T19:42:41.645+0000] {processor.py:157} INFO - Started process (PID=33488) to work on /home/airflow/.local/lib/python3.8/site-packages/airflow/example_dags/example_params_trigger_ui.py
[2023-11-03T19:42:41.649+0000] {processor.py:829} INFO - Processing file /home/airflow/.local/lib/python3.8/site-packages/airflow/example_dags/example_params_trigger_ui.py for tasks to queue
[2023-11-03T19:42:41.680+0000] {logging_mixin.py:151} INFO - [2023-11-03T19:42:41.679+0000] {dagbag.py:536} INFO - Filling up the DagBag from /home/airflow/.local/lib/python3.8/site-packages/airflow/example_dags/example_params_trigger_ui.py
[2023-11-03T19:42:41.840+0000] {processor.py:839} INFO - DAG(s) dict_keys(['example_params_trigger_ui']) retrieved from /home/airflow/.local/lib/python3.8/site-packages/airflow/example_dags/example_params_trigger_ui.py
[2023-11-03T19:42:42.205+0000] {logging_mixin.py:151} INFO - [2023-11-03T19:42:42.203+0000] {dag.py:2941} INFO - Sync 1 DAGs
[2023-11-03T19:42:42.284+0000] {logging_mixin.py:151} INFO - [2023-11-03T19:42:42.283+0000] {dag.py:3722} INFO - Setting next_dagrun for example_params_trigger_ui to None, run_after=None
[2023-11-03T19:42:42.429+0000] {processor.py:179} INFO - Processing /home/airflow/.local/lib/python3.8/site-packages/airflow/example_dags/example_params_trigger_ui.py took 0.815 seconds
[2023-11-03T19:43:12.697+0000] {processor.py:157} INFO - Started process (PID=33550) to work on /home/airflow/.local/lib/python3.8/site-packages/airflow/example_dags/example_params_trigger_ui.py
[2023-11-03T19:43:12.701+0000] {processor.py:829} INFO - Processing file /home/airflow/.local/lib/python3.8/site-packages/airflow/example_dags/example_params_trigger_ui.py for tasks to queue
[2023-11-03T19:43:12.709+0000] {logging_mixin.py:151} INFO - [2023-11-03T19:43:12.707+0000] {dagbag.py:536} INFO - Filling up the DagBag from /home/airflow/.local/lib/python3.8/site-packages/airflow/example_dags/example_params_trigger_ui.py
[2023-11-03T19:43:12.761+0000] {processor.py:839} INFO - DAG(s) dict_keys(['example_params_trigger_ui']) retrieved from /home/airflow/.local/lib/python3.8/site-packages/airflow/example_dags/example_params_trigger_ui.py
[2023-11-03T19:43:12.905+0000] {logging_mixin.py:151} INFO - [2023-11-03T19:43:12.904+0000] {dag.py:2941} INFO - Sync 1 DAGs
[2023-11-03T19:43:12.952+0000] {logging_mixin.py:151} INFO - [2023-11-03T19:43:12.951+0000] {dag.py:3722} INFO - Setting next_dagrun for example_params_trigger_ui to None, run_after=None
[2023-11-03T19:43:13.044+0000] {processor.py:179} INFO - Processing /home/airflow/.local/lib/python3.8/site-packages/airflow/example_dags/example_params_trigger_ui.py took 0.357 seconds
[2023-11-03T19:43:43.485+0000] {processor.py:157} INFO - Started process (PID=33612) to work on /home/airflow/.local/lib/python3.8/site-packages/airflow/example_dags/example_params_trigger_ui.py
[2023-11-03T19:43:43.487+0000] {processor.py:829} INFO - Processing file /home/airflow/.local/lib/python3.8/site-packages/airflow/example_dags/example_params_trigger_ui.py for tasks to queue
[2023-11-03T19:43:43.494+0000] {logging_mixin.py:151} INFO - [2023-11-03T19:43:43.493+0000] {dagbag.py:536} INFO - Filling up the DagBag from /home/airflow/.local/lib/python3.8/site-packages/airflow/example_dags/example_params_trigger_ui.py
[2023-11-03T19:43:43.541+0000] {processor.py:839} INFO - DAG(s) dict_keys(['example_params_trigger_ui']) retrieved from /home/airflow/.local/lib/python3.8/site-packages/airflow/example_dags/example_params_trigger_ui.py
[2023-11-03T19:43:43.690+0000] {logging_mixin.py:151} INFO - [2023-11-03T19:43:43.689+0000] {dag.py:2941} INFO - Sync 1 DAGs
[2023-11-03T19:43:43.744+0000] {logging_mixin.py:151} INFO - [2023-11-03T19:43:43.744+0000] {dag.py:3722} INFO - Setting next_dagrun for example_params_trigger_ui to None, run_after=None
[2023-11-03T19:43:43.919+0000] {processor.py:179} INFO - Processing /home/airflow/.local/lib/python3.8/site-packages/airflow/example_dags/example_params_trigger_ui.py took 0.441 seconds
[2023-11-03T19:44:14.181+0000] {processor.py:157} INFO - Started process (PID=33674) to work on /home/airflow/.local/lib/python3.8/site-packages/airflow/example_dags/example_params_trigger_ui.py
[2023-11-03T19:44:14.185+0000] {processor.py:829} INFO - Processing file /home/airflow/.local/lib/python3.8/site-packages/airflow/example_dags/example_params_trigger_ui.py for tasks to queue
[2023-11-03T19:44:14.195+0000] {logging_mixin.py:151} INFO - [2023-11-03T19:44:14.194+0000] {dagbag.py:536} INFO - Filling up the DagBag from /home/airflow/.local/lib/python3.8/site-packages/airflow/example_dags/example_params_trigger_ui.py
[2023-11-03T19:44:14.239+0000] {processor.py:839} INFO - DAG(s) dict_keys(['example_params_trigger_ui']) retrieved from /home/airflow/.local/lib/python3.8/site-packages/airflow/example_dags/example_params_trigger_ui.py
[2023-11-03T19:44:14.390+0000] {logging_mixin.py:151} INFO - [2023-11-03T19:44:14.390+0000] {dag.py:2941} INFO - Sync 1 DAGs
[2023-11-03T19:44:14.430+0000] {logging_mixin.py:151} INFO - [2023-11-03T19:44:14.430+0000] {dag.py:3722} INFO - Setting next_dagrun for example_params_trigger_ui to None, run_after=None
[2023-11-03T19:44:14.496+0000] {processor.py:179} INFO - Processing /home/airflow/.local/lib/python3.8/site-packages/airflow/example_dags/example_params_trigger_ui.py took 0.326 seconds
[2023-11-03T19:44:44.586+0000] {processor.py:157} INFO - Started process (PID=33736) to work on /home/airflow/.local/lib/python3.8/site-packages/airflow/example_dags/example_params_trigger_ui.py
[2023-11-03T19:44:44.589+0000] {processor.py:829} INFO - Processing file /home/airflow/.local/lib/python3.8/site-packages/airflow/example_dags/example_params_trigger_ui.py for tasks to queue
[2023-11-03T19:44:44.598+0000] {logging_mixin.py:151} INFO - [2023-11-03T19:44:44.596+0000] {dagbag.py:536} INFO - Filling up the DagBag from /home/airflow/.local/lib/python3.8/site-packages/airflow/example_dags/example_params_trigger_ui.py
[2023-11-03T19:44:44.638+0000] {processor.py:839} INFO - DAG(s) dict_keys(['example_params_trigger_ui']) retrieved from /home/airflow/.local/lib/python3.8/site-packages/airflow/example_dags/example_params_trigger_ui.py
[2023-11-03T19:44:44.756+0000] {logging_mixin.py:151} INFO - [2023-11-03T19:44:44.755+0000] {dag.py:2941} INFO - Sync 1 DAGs
[2023-11-03T19:44:44.784+0000] {logging_mixin.py:151} INFO - [2023-11-03T19:44:44.784+0000] {dag.py:3722} INFO - Setting next_dagrun for example_params_trigger_ui to None, run_after=None
[2023-11-03T19:44:44.835+0000] {processor.py:179} INFO - Processing /home/airflow/.local/lib/python3.8/site-packages/airflow/example_dags/example_params_trigger_ui.py took 0.255 seconds
[2023-11-03T19:45:14.964+0000] {processor.py:157} INFO - Started process (PID=33799) to work on /home/airflow/.local/lib/python3.8/site-packages/airflow/example_dags/example_params_trigger_ui.py
[2023-11-03T19:45:14.967+0000] {processor.py:829} INFO - Processing file /home/airflow/.local/lib/python3.8/site-packages/airflow/example_dags/example_params_trigger_ui.py for tasks to queue
[2023-11-03T19:45:14.976+0000] {logging_mixin.py:151} INFO - [2023-11-03T19:45:14.974+0000] {dagbag.py:536} INFO - Filling up the DagBag from /home/airflow/.local/lib/python3.8/site-packages/airflow/example_dags/example_params_trigger_ui.py
[2023-11-03T19:45:15.025+0000] {processor.py:839} INFO - DAG(s) dict_keys(['example_params_trigger_ui']) retrieved from /home/airflow/.local/lib/python3.8/site-packages/airflow/example_dags/example_params_trigger_ui.py
[2023-11-03T19:45:15.132+0000] {logging_mixin.py:151} INFO - [2023-11-03T19:45:15.132+0000] {dag.py:2941} INFO - Sync 1 DAGs
[2023-11-03T19:45:15.165+0000] {logging_mixin.py:151} INFO - [2023-11-03T19:45:15.164+0000] {dag.py:3722} INFO - Setting next_dagrun for example_params_trigger_ui to None, run_after=None
[2023-11-03T19:45:15.220+0000] {processor.py:179} INFO - Processing /home/airflow/.local/lib/python3.8/site-packages/airflow/example_dags/example_params_trigger_ui.py took 0.266 seconds
[2023-11-03T19:45:45.639+0000] {processor.py:157} INFO - Started process (PID=33861) to work on /home/airflow/.local/lib/python3.8/site-packages/airflow/example_dags/example_params_trigger_ui.py
[2023-11-03T19:45:45.642+0000] {processor.py:829} INFO - Processing file /home/airflow/.local/lib/python3.8/site-packages/airflow/example_dags/example_params_trigger_ui.py for tasks to queue
[2023-11-03T19:45:45.649+0000] {logging_mixin.py:151} INFO - [2023-11-03T19:45:45.647+0000] {dagbag.py:536} INFO - Filling up the DagBag from /home/airflow/.local/lib/python3.8/site-packages/airflow/example_dags/example_params_trigger_ui.py
[2023-11-03T19:45:45.729+0000] {processor.py:839} INFO - DAG(s) dict_keys(['example_params_trigger_ui']) retrieved from /home/airflow/.local/lib/python3.8/site-packages/airflow/example_dags/example_params_trigger_ui.py
[2023-11-03T19:45:46.002+0000] {logging_mixin.py:151} INFO - [2023-11-03T19:45:46.002+0000] {dag.py:2941} INFO - Sync 1 DAGs
[2023-11-03T19:45:46.036+0000] {logging_mixin.py:151} INFO - [2023-11-03T19:45:46.035+0000] {dag.py:3722} INFO - Setting next_dagrun for example_params_trigger_ui to None, run_after=None
[2023-11-03T19:45:46.083+0000] {processor.py:179} INFO - Processing /home/airflow/.local/lib/python3.8/site-packages/airflow/example_dags/example_params_trigger_ui.py took 0.452 seconds
[2023-11-03T19:46:16.563+0000] {processor.py:157} INFO - Started process (PID=33923) to work on /home/airflow/.local/lib/python3.8/site-packages/airflow/example_dags/example_params_trigger_ui.py
[2023-11-03T19:46:16.565+0000] {processor.py:829} INFO - Processing file /home/airflow/.local/lib/python3.8/site-packages/airflow/example_dags/example_params_trigger_ui.py for tasks to queue
[2023-11-03T19:46:16.572+0000] {logging_mixin.py:151} INFO - [2023-11-03T19:46:16.570+0000] {dagbag.py:536} INFO - Filling up the DagBag from /home/airflow/.local/lib/python3.8/site-packages/airflow/example_dags/example_params_trigger_ui.py
[2023-11-03T19:46:16.614+0000] {processor.py:839} INFO - DAG(s) dict_keys(['example_params_trigger_ui']) retrieved from /home/airflow/.local/lib/python3.8/site-packages/airflow/example_dags/example_params_trigger_ui.py
[2023-11-03T19:46:16.737+0000] {logging_mixin.py:151} INFO - [2023-11-03T19:46:16.736+0000] {dag.py:2941} INFO - Sync 1 DAGs
[2023-11-03T19:46:16.771+0000] {logging_mixin.py:151} INFO - [2023-11-03T19:46:16.771+0000] {dag.py:3722} INFO - Setting next_dagrun for example_params_trigger_ui to None, run_after=None
[2023-11-03T19:46:16.837+0000] {processor.py:179} INFO - Processing /home/airflow/.local/lib/python3.8/site-packages/airflow/example_dags/example_params_trigger_ui.py took 0.287 seconds
[2023-11-03T19:46:46.943+0000] {processor.py:157} INFO - Started process (PID=33985) to work on /home/airflow/.local/lib/python3.8/site-packages/airflow/example_dags/example_params_trigger_ui.py
[2023-11-03T19:46:46.947+0000] {processor.py:829} INFO - Processing file /home/airflow/.local/lib/python3.8/site-packages/airflow/example_dags/example_params_trigger_ui.py for tasks to queue
[2023-11-03T19:46:46.956+0000] {logging_mixin.py:151} INFO - [2023-11-03T19:46:46.955+0000] {dagbag.py:536} INFO - Filling up the DagBag from /home/airflow/.local/lib/python3.8/site-packages/airflow/example_dags/example_params_trigger_ui.py
[2023-11-03T19:46:47.017+0000] {processor.py:839} INFO - DAG(s) dict_keys(['example_params_trigger_ui']) retrieved from /home/airflow/.local/lib/python3.8/site-packages/airflow/example_dags/example_params_trigger_ui.py
[2023-11-03T19:46:47.159+0000] {logging_mixin.py:151} INFO - [2023-11-03T19:46:47.159+0000] {dag.py:2941} INFO - Sync 1 DAGs
[2023-11-03T19:46:47.203+0000] {logging_mixin.py:151} INFO - [2023-11-03T19:46:47.202+0000] {dag.py:3722} INFO - Setting next_dagrun for example_params_trigger_ui to None, run_after=None
[2023-11-03T19:46:47.286+0000] {processor.py:179} INFO - Processing /home/airflow/.local/lib/python3.8/site-packages/airflow/example_dags/example_params_trigger_ui.py took 0.355 seconds
[2023-11-03T19:47:17.374+0000] {processor.py:157} INFO - Started process (PID=34047) to work on /home/airflow/.local/lib/python3.8/site-packages/airflow/example_dags/example_params_trigger_ui.py
[2023-11-03T19:47:17.377+0000] {processor.py:829} INFO - Processing file /home/airflow/.local/lib/python3.8/site-packages/airflow/example_dags/example_params_trigger_ui.py for tasks to queue
[2023-11-03T19:47:17.388+0000] {logging_mixin.py:151} INFO - [2023-11-03T19:47:17.387+0000] {dagbag.py:536} INFO - Filling up the DagBag from /home/airflow/.local/lib/python3.8/site-packages/airflow/example_dags/example_params_trigger_ui.py
[2023-11-03T19:47:17.452+0000] {processor.py:839} INFO - DAG(s) dict_keys(['example_params_trigger_ui']) retrieved from /home/airflow/.local/lib/python3.8/site-packages/airflow/example_dags/example_params_trigger_ui.py
[2023-11-03T19:47:17.574+0000] {logging_mixin.py:151} INFO - [2023-11-03T19:47:17.573+0000] {dag.py:2941} INFO - Sync 1 DAGs
[2023-11-03T19:47:17.603+0000] {logging_mixin.py:151} INFO - [2023-11-03T19:47:17.603+0000] {dag.py:3722} INFO - Setting next_dagrun for example_params_trigger_ui to None, run_after=None
[2023-11-03T19:47:17.658+0000] {processor.py:179} INFO - Processing /home/airflow/.local/lib/python3.8/site-packages/airflow/example_dags/example_params_trigger_ui.py took 0.294 seconds
[2023-11-03T19:47:48.091+0000] {processor.py:157} INFO - Started process (PID=34109) to work on /home/airflow/.local/lib/python3.8/site-packages/airflow/example_dags/example_params_trigger_ui.py
[2023-11-03T19:47:48.095+0000] {processor.py:829} INFO - Processing file /home/airflow/.local/lib/python3.8/site-packages/airflow/example_dags/example_params_trigger_ui.py for tasks to queue
[2023-11-03T19:47:48.104+0000] {logging_mixin.py:151} INFO - [2023-11-03T19:47:48.102+0000] {dagbag.py:536} INFO - Filling up the DagBag from /home/airflow/.local/lib/python3.8/site-packages/airflow/example_dags/example_params_trigger_ui.py
[2023-11-03T19:47:48.154+0000] {processor.py:839} INFO - DAG(s) dict_keys(['example_params_trigger_ui']) retrieved from /home/airflow/.local/lib/python3.8/site-packages/airflow/example_dags/example_params_trigger_ui.py
[2023-11-03T19:47:48.270+0000] {logging_mixin.py:151} INFO - [2023-11-03T19:47:48.269+0000] {dag.py:2941} INFO - Sync 1 DAGs
[2023-11-03T19:47:48.302+0000] {logging_mixin.py:151} INFO - [2023-11-03T19:47:48.301+0000] {dag.py:3722} INFO - Setting next_dagrun for example_params_trigger_ui to None, run_after=None
[2023-11-03T19:47:48.360+0000] {processor.py:179} INFO - Processing /home/airflow/.local/lib/python3.8/site-packages/airflow/example_dags/example_params_trigger_ui.py took 0.282 seconds
[2023-11-03T19:48:18.490+0000] {processor.py:157} INFO - Started process (PID=34171) to work on /home/airflow/.local/lib/python3.8/site-packages/airflow/example_dags/example_params_trigger_ui.py
[2023-11-03T19:48:18.493+0000] {processor.py:829} INFO - Processing file /home/airflow/.local/lib/python3.8/site-packages/airflow/example_dags/example_params_trigger_ui.py for tasks to queue
[2023-11-03T19:48:18.500+0000] {logging_mixin.py:151} INFO - [2023-11-03T19:48:18.499+0000] {dagbag.py:536} INFO - Filling up the DagBag from /home/airflow/.local/lib/python3.8/site-packages/airflow/example_dags/example_params_trigger_ui.py
[2023-11-03T19:48:18.555+0000] {processor.py:839} INFO - DAG(s) dict_keys(['example_params_trigger_ui']) retrieved from /home/airflow/.local/lib/python3.8/site-packages/airflow/example_dags/example_params_trigger_ui.py
[2023-11-03T19:48:18.672+0000] {logging_mixin.py:151} INFO - [2023-11-03T19:48:18.672+0000] {dag.py:2941} INFO - Sync 1 DAGs
[2023-11-03T19:48:18.707+0000] {logging_mixin.py:151} INFO - [2023-11-03T19:48:18.706+0000] {dag.py:3722} INFO - Setting next_dagrun for example_params_trigger_ui to None, run_after=None
[2023-11-03T19:48:18.762+0000] {processor.py:179} INFO - Processing /home/airflow/.local/lib/python3.8/site-packages/airflow/example_dags/example_params_trigger_ui.py took 0.278 seconds
[2023-11-03T19:48:49.209+0000] {processor.py:157} INFO - Started process (PID=34233) to work on /home/airflow/.local/lib/python3.8/site-packages/airflow/example_dags/example_params_trigger_ui.py
[2023-11-03T19:48:49.211+0000] {processor.py:829} INFO - Processing file /home/airflow/.local/lib/python3.8/site-packages/airflow/example_dags/example_params_trigger_ui.py for tasks to queue
[2023-11-03T19:48:49.220+0000] {logging_mixin.py:151} INFO - [2023-11-03T19:48:49.219+0000] {dagbag.py:536} INFO - Filling up the DagBag from /home/airflow/.local/lib/python3.8/site-packages/airflow/example_dags/example_params_trigger_ui.py
[2023-11-03T19:48:49.262+0000] {processor.py:839} INFO - DAG(s) dict_keys(['example_params_trigger_ui']) retrieved from /home/airflow/.local/lib/python3.8/site-packages/airflow/example_dags/example_params_trigger_ui.py
[2023-11-03T19:48:49.428+0000] {logging_mixin.py:151} INFO - [2023-11-03T19:48:49.427+0000] {dag.py:2941} INFO - Sync 1 DAGs
[2023-11-03T19:48:49.457+0000] {logging_mixin.py:151} INFO - [2023-11-03T19:48:49.457+0000] {dag.py:3722} INFO - Setting next_dagrun for example_params_trigger_ui to None, run_after=None
[2023-11-03T19:48:49.511+0000] {processor.py:179} INFO - Processing /home/airflow/.local/lib/python3.8/site-packages/airflow/example_dags/example_params_trigger_ui.py took 0.309 seconds
[2023-11-03T19:49:20.065+0000] {processor.py:157} INFO - Started process (PID=34295) to work on /home/airflow/.local/lib/python3.8/site-packages/airflow/example_dags/example_params_trigger_ui.py
[2023-11-03T19:49:20.068+0000] {processor.py:829} INFO - Processing file /home/airflow/.local/lib/python3.8/site-packages/airflow/example_dags/example_params_trigger_ui.py for tasks to queue
[2023-11-03T19:49:20.081+0000] {logging_mixin.py:151} INFO - [2023-11-03T19:49:20.079+0000] {dagbag.py:536} INFO - Filling up the DagBag from /home/airflow/.local/lib/python3.8/site-packages/airflow/example_dags/example_params_trigger_ui.py
[2023-11-03T19:49:20.151+0000] {processor.py:839} INFO - DAG(s) dict_keys(['example_params_trigger_ui']) retrieved from /home/airflow/.local/lib/python3.8/site-packages/airflow/example_dags/example_params_trigger_ui.py
[2023-11-03T19:49:20.331+0000] {logging_mixin.py:151} INFO - [2023-11-03T19:49:20.330+0000] {dag.py:2941} INFO - Sync 1 DAGs
[2023-11-03T19:49:20.361+0000] {logging_mixin.py:151} INFO - [2023-11-03T19:49:20.361+0000] {dag.py:3722} INFO - Setting next_dagrun for example_params_trigger_ui to None, run_after=None
[2023-11-03T19:49:20.416+0000] {processor.py:179} INFO - Processing /home/airflow/.local/lib/python3.8/site-packages/airflow/example_dags/example_params_trigger_ui.py took 0.371 seconds
[2023-11-03T19:49:51.109+0000] {processor.py:157} INFO - Started process (PID=34357) to work on /home/airflow/.local/lib/python3.8/site-packages/airflow/example_dags/example_params_trigger_ui.py
[2023-11-03T19:49:51.112+0000] {processor.py:829} INFO - Processing file /home/airflow/.local/lib/python3.8/site-packages/airflow/example_dags/example_params_trigger_ui.py for tasks to queue
[2023-11-03T19:49:51.120+0000] {logging_mixin.py:151} INFO - [2023-11-03T19:49:51.119+0000] {dagbag.py:536} INFO - Filling up the DagBag from /home/airflow/.local/lib/python3.8/site-packages/airflow/example_dags/example_params_trigger_ui.py
[2023-11-03T19:49:51.185+0000] {processor.py:839} INFO - DAG(s) dict_keys(['example_params_trigger_ui']) retrieved from /home/airflow/.local/lib/python3.8/site-packages/airflow/example_dags/example_params_trigger_ui.py
[2023-11-03T19:49:51.317+0000] {logging_mixin.py:151} INFO - [2023-11-03T19:49:51.316+0000] {dag.py:2941} INFO - Sync 1 DAGs
[2023-11-03T19:49:51.349+0000] {logging_mixin.py:151} INFO - [2023-11-03T19:49:51.348+0000] {dag.py:3722} INFO - Setting next_dagrun for example_params_trigger_ui to None, run_after=None
[2023-11-03T19:49:51.403+0000] {processor.py:179} INFO - Processing /home/airflow/.local/lib/python3.8/site-packages/airflow/example_dags/example_params_trigger_ui.py took 0.303 seconds
[2023-11-03T19:50:21.778+0000] {processor.py:157} INFO - Started process (PID=34419) to work on /home/airflow/.local/lib/python3.8/site-packages/airflow/example_dags/example_params_trigger_ui.py
[2023-11-03T19:50:21.794+0000] {processor.py:829} INFO - Processing file /home/airflow/.local/lib/python3.8/site-packages/airflow/example_dags/example_params_trigger_ui.py for tasks to queue
[2023-11-03T19:50:21.816+0000] {logging_mixin.py:151} INFO - [2023-11-03T19:50:21.815+0000] {dagbag.py:536} INFO - Filling up the DagBag from /home/airflow/.local/lib/python3.8/site-packages/airflow/example_dags/example_params_trigger_ui.py
[2023-11-03T19:50:21.918+0000] {processor.py:839} INFO - DAG(s) dict_keys(['example_params_trigger_ui']) retrieved from /home/airflow/.local/lib/python3.8/site-packages/airflow/example_dags/example_params_trigger_ui.py
[2023-11-03T19:50:22.073+0000] {logging_mixin.py:151} INFO - [2023-11-03T19:50:22.072+0000] {dag.py:2941} INFO - Sync 1 DAGs
[2023-11-03T19:50:22.107+0000] {logging_mixin.py:151} INFO - [2023-11-03T19:50:22.106+0000] {dag.py:3722} INFO - Setting next_dagrun for example_params_trigger_ui to None, run_after=None
[2023-11-03T19:50:22.161+0000] {processor.py:179} INFO - Processing /home/airflow/.local/lib/python3.8/site-packages/airflow/example_dags/example_params_trigger_ui.py took 0.413 seconds
[2023-11-03T19:50:52.839+0000] {processor.py:157} INFO - Started process (PID=34481) to work on /home/airflow/.local/lib/python3.8/site-packages/airflow/example_dags/example_params_trigger_ui.py
[2023-11-03T19:50:52.843+0000] {processor.py:829} INFO - Processing file /home/airflow/.local/lib/python3.8/site-packages/airflow/example_dags/example_params_trigger_ui.py for tasks to queue
[2023-11-03T19:50:52.854+0000] {logging_mixin.py:151} INFO - [2023-11-03T19:50:52.852+0000] {dagbag.py:536} INFO - Filling up the DagBag from /home/airflow/.local/lib/python3.8/site-packages/airflow/example_dags/example_params_trigger_ui.py
[2023-11-03T19:50:52.930+0000] {processor.py:839} INFO - DAG(s) dict_keys(['example_params_trigger_ui']) retrieved from /home/airflow/.local/lib/python3.8/site-packages/airflow/example_dags/example_params_trigger_ui.py
[2023-11-03T19:50:53.063+0000] {logging_mixin.py:151} INFO - [2023-11-03T19:50:53.063+0000] {dag.py:2941} INFO - Sync 1 DAGs
[2023-11-03T19:50:53.100+0000] {logging_mixin.py:151} INFO - [2023-11-03T19:50:53.099+0000] {dag.py:3722} INFO - Setting next_dagrun for example_params_trigger_ui to None, run_after=None
[2023-11-03T19:50:53.158+0000] {processor.py:179} INFO - Processing /home/airflow/.local/lib/python3.8/site-packages/airflow/example_dags/example_params_trigger_ui.py took 0.330 seconds
[2023-11-03T19:51:23.649+0000] {processor.py:157} INFO - Started process (PID=34543) to work on /home/airflow/.local/lib/python3.8/site-packages/airflow/example_dags/example_params_trigger_ui.py
[2023-11-03T19:51:23.653+0000] {processor.py:829} INFO - Processing file /home/airflow/.local/lib/python3.8/site-packages/airflow/example_dags/example_params_trigger_ui.py for tasks to queue
[2023-11-03T19:51:23.661+0000] {logging_mixin.py:151} INFO - [2023-11-03T19:51:23.660+0000] {dagbag.py:536} INFO - Filling up the DagBag from /home/airflow/.local/lib/python3.8/site-packages/airflow/example_dags/example_params_trigger_ui.py
[2023-11-03T19:51:23.750+0000] {processor.py:839} INFO - DAG(s) dict_keys(['example_params_trigger_ui']) retrieved from /home/airflow/.local/lib/python3.8/site-packages/airflow/example_dags/example_params_trigger_ui.py
[2023-11-03T19:51:24.009+0000] {logging_mixin.py:151} INFO - [2023-11-03T19:51:24.008+0000] {dag.py:2941} INFO - Sync 1 DAGs
[2023-11-03T19:51:24.046+0000] {logging_mixin.py:151} INFO - [2023-11-03T19:51:24.046+0000] {dag.py:3722} INFO - Setting next_dagrun for example_params_trigger_ui to None, run_after=None
[2023-11-03T19:51:24.098+0000] {processor.py:179} INFO - Processing /home/airflow/.local/lib/python3.8/site-packages/airflow/example_dags/example_params_trigger_ui.py took 0.460 seconds
[2023-11-03T19:51:54.366+0000] {processor.py:157} INFO - Started process (PID=34605) to work on /home/airflow/.local/lib/python3.8/site-packages/airflow/example_dags/example_params_trigger_ui.py
[2023-11-03T19:51:54.369+0000] {processor.py:829} INFO - Processing file /home/airflow/.local/lib/python3.8/site-packages/airflow/example_dags/example_params_trigger_ui.py for tasks to queue
[2023-11-03T19:51:54.378+0000] {logging_mixin.py:151} INFO - [2023-11-03T19:51:54.377+0000] {dagbag.py:536} INFO - Filling up the DagBag from /home/airflow/.local/lib/python3.8/site-packages/airflow/example_dags/example_params_trigger_ui.py
[2023-11-03T19:51:54.432+0000] {processor.py:839} INFO - DAG(s) dict_keys(['example_params_trigger_ui']) retrieved from /home/airflow/.local/lib/python3.8/site-packages/airflow/example_dags/example_params_trigger_ui.py
[2023-11-03T19:51:54.600+0000] {logging_mixin.py:151} INFO - [2023-11-03T19:51:54.599+0000] {dag.py:2941} INFO - Sync 1 DAGs
[2023-11-03T19:51:54.632+0000] {logging_mixin.py:151} INFO - [2023-11-03T19:51:54.632+0000] {dag.py:3722} INFO - Setting next_dagrun for example_params_trigger_ui to None, run_after=None
[2023-11-03T19:51:54.696+0000] {processor.py:179} INFO - Processing /home/airflow/.local/lib/python3.8/site-packages/airflow/example_dags/example_params_trigger_ui.py took 0.342 seconds
[2023-11-03T19:52:24.843+0000] {processor.py:157} INFO - Started process (PID=34667) to work on /home/airflow/.local/lib/python3.8/site-packages/airflow/example_dags/example_params_trigger_ui.py
[2023-11-03T19:52:24.846+0000] {processor.py:829} INFO - Processing file /home/airflow/.local/lib/python3.8/site-packages/airflow/example_dags/example_params_trigger_ui.py for tasks to queue
[2023-11-03T19:52:24.855+0000] {logging_mixin.py:151} INFO - [2023-11-03T19:52:24.854+0000] {dagbag.py:536} INFO - Filling up the DagBag from /home/airflow/.local/lib/python3.8/site-packages/airflow/example_dags/example_params_trigger_ui.py
[2023-11-03T19:52:24.918+0000] {processor.py:839} INFO - DAG(s) dict_keys(['example_params_trigger_ui']) retrieved from /home/airflow/.local/lib/python3.8/site-packages/airflow/example_dags/example_params_trigger_ui.py
[2023-11-03T19:52:25.072+0000] {logging_mixin.py:151} INFO - [2023-11-03T19:52:25.071+0000] {dag.py:2941} INFO - Sync 1 DAGs
[2023-11-03T19:52:25.111+0000] {logging_mixin.py:151} INFO - [2023-11-03T19:52:25.110+0000] {dag.py:3722} INFO - Setting next_dagrun for example_params_trigger_ui to None, run_after=None
[2023-11-03T19:52:25.167+0000] {processor.py:179} INFO - Processing /home/airflow/.local/lib/python3.8/site-packages/airflow/example_dags/example_params_trigger_ui.py took 0.335 seconds
[2023-11-03T19:52:55.332+0000] {processor.py:157} INFO - Started process (PID=34729) to work on /home/airflow/.local/lib/python3.8/site-packages/airflow/example_dags/example_params_trigger_ui.py
[2023-11-03T19:52:55.336+0000] {processor.py:829} INFO - Processing file /home/airflow/.local/lib/python3.8/site-packages/airflow/example_dags/example_params_trigger_ui.py for tasks to queue
[2023-11-03T19:52:55.345+0000] {logging_mixin.py:151} INFO - [2023-11-03T19:52:55.344+0000] {dagbag.py:536} INFO - Filling up the DagBag from /home/airflow/.local/lib/python3.8/site-packages/airflow/example_dags/example_params_trigger_ui.py
[2023-11-03T19:52:55.397+0000] {processor.py:839} INFO - DAG(s) dict_keys(['example_params_trigger_ui']) retrieved from /home/airflow/.local/lib/python3.8/site-packages/airflow/example_dags/example_params_trigger_ui.py
[2023-11-03T19:52:55.520+0000] {logging_mixin.py:151} INFO - [2023-11-03T19:52:55.519+0000] {dag.py:2941} INFO - Sync 1 DAGs
[2023-11-03T19:52:55.562+0000] {logging_mixin.py:151} INFO - [2023-11-03T19:52:55.561+0000] {dag.py:3722} INFO - Setting next_dagrun for example_params_trigger_ui to None, run_after=None
[2023-11-03T19:52:55.625+0000] {processor.py:179} INFO - Processing /home/airflow/.local/lib/python3.8/site-packages/airflow/example_dags/example_params_trigger_ui.py took 0.306 seconds
[2023-11-03T19:53:25.741+0000] {processor.py:157} INFO - Started process (PID=34791) to work on /home/airflow/.local/lib/python3.8/site-packages/airflow/example_dags/example_params_trigger_ui.py
[2023-11-03T19:53:25.744+0000] {processor.py:829} INFO - Processing file /home/airflow/.local/lib/python3.8/site-packages/airflow/example_dags/example_params_trigger_ui.py for tasks to queue
[2023-11-03T19:53:25.753+0000] {logging_mixin.py:151} INFO - [2023-11-03T19:53:25.752+0000] {dagbag.py:536} INFO - Filling up the DagBag from /home/airflow/.local/lib/python3.8/site-packages/airflow/example_dags/example_params_trigger_ui.py
[2023-11-03T19:53:25.814+0000] {processor.py:839} INFO - DAG(s) dict_keys(['example_params_trigger_ui']) retrieved from /home/airflow/.local/lib/python3.8/site-packages/airflow/example_dags/example_params_trigger_ui.py
[2023-11-03T19:53:25.954+0000] {logging_mixin.py:151} INFO - [2023-11-03T19:53:25.954+0000] {dag.py:2941} INFO - Sync 1 DAGs
[2023-11-03T19:53:25.989+0000] {logging_mixin.py:151} INFO - [2023-11-03T19:53:25.989+0000] {dag.py:3722} INFO - Setting next_dagrun for example_params_trigger_ui to None, run_after=None
[2023-11-03T19:53:26.044+0000] {processor.py:179} INFO - Processing /home/airflow/.local/lib/python3.8/site-packages/airflow/example_dags/example_params_trigger_ui.py took 0.311 seconds
[2023-11-03T19:53:56.155+0000] {processor.py:157} INFO - Started process (PID=34853) to work on /home/airflow/.local/lib/python3.8/site-packages/airflow/example_dags/example_params_trigger_ui.py
[2023-11-03T19:53:56.157+0000] {processor.py:829} INFO - Processing file /home/airflow/.local/lib/python3.8/site-packages/airflow/example_dags/example_params_trigger_ui.py for tasks to queue
[2023-11-03T19:53:56.164+0000] {logging_mixin.py:151} INFO - [2023-11-03T19:53:56.162+0000] {dagbag.py:536} INFO - Filling up the DagBag from /home/airflow/.local/lib/python3.8/site-packages/airflow/example_dags/example_params_trigger_ui.py
[2023-11-03T19:53:56.215+0000] {processor.py:839} INFO - DAG(s) dict_keys(['example_params_trigger_ui']) retrieved from /home/airflow/.local/lib/python3.8/site-packages/airflow/example_dags/example_params_trigger_ui.py
[2023-11-03T19:53:56.334+0000] {logging_mixin.py:151} INFO - [2023-11-03T19:53:56.333+0000] {dag.py:2941} INFO - Sync 1 DAGs
[2023-11-03T19:53:56.380+0000] {logging_mixin.py:151} INFO - [2023-11-03T19:53:56.379+0000] {dag.py:3722} INFO - Setting next_dagrun for example_params_trigger_ui to None, run_after=None
[2023-11-03T19:53:56.436+0000] {processor.py:179} INFO - Processing /home/airflow/.local/lib/python3.8/site-packages/airflow/example_dags/example_params_trigger_ui.py took 0.288 seconds
[2023-11-03T19:54:26.879+0000] {processor.py:157} INFO - Started process (PID=34915) to work on /home/airflow/.local/lib/python3.8/site-packages/airflow/example_dags/example_params_trigger_ui.py
[2023-11-03T19:54:26.881+0000] {processor.py:829} INFO - Processing file /home/airflow/.local/lib/python3.8/site-packages/airflow/example_dags/example_params_trigger_ui.py for tasks to queue
[2023-11-03T19:54:26.889+0000] {logging_mixin.py:151} INFO - [2023-11-03T19:54:26.888+0000] {dagbag.py:536} INFO - Filling up the DagBag from /home/airflow/.local/lib/python3.8/site-packages/airflow/example_dags/example_params_trigger_ui.py
[2023-11-03T19:54:26.941+0000] {processor.py:839} INFO - DAG(s) dict_keys(['example_params_trigger_ui']) retrieved from /home/airflow/.local/lib/python3.8/site-packages/airflow/example_dags/example_params_trigger_ui.py
[2023-11-03T19:54:27.057+0000] {logging_mixin.py:151} INFO - [2023-11-03T19:54:27.056+0000] {dag.py:2941} INFO - Sync 1 DAGs
[2023-11-03T19:54:27.092+0000] {logging_mixin.py:151} INFO - [2023-11-03T19:54:27.091+0000] {dag.py:3722} INFO - Setting next_dagrun for example_params_trigger_ui to None, run_after=None
[2023-11-03T19:54:27.170+0000] {processor.py:179} INFO - Processing /home/airflow/.local/lib/python3.8/site-packages/airflow/example_dags/example_params_trigger_ui.py took 0.300 seconds
[2023-11-03T19:54:57.327+0000] {processor.py:157} INFO - Started process (PID=34977) to work on /home/airflow/.local/lib/python3.8/site-packages/airflow/example_dags/example_params_trigger_ui.py
[2023-11-03T19:54:57.331+0000] {processor.py:829} INFO - Processing file /home/airflow/.local/lib/python3.8/site-packages/airflow/example_dags/example_params_trigger_ui.py for tasks to queue
[2023-11-03T19:54:57.342+0000] {logging_mixin.py:151} INFO - [2023-11-03T19:54:57.340+0000] {dagbag.py:536} INFO - Filling up the DagBag from /home/airflow/.local/lib/python3.8/site-packages/airflow/example_dags/example_params_trigger_ui.py
[2023-11-03T19:54:57.449+0000] {processor.py:839} INFO - DAG(s) dict_keys(['example_params_trigger_ui']) retrieved from /home/airflow/.local/lib/python3.8/site-packages/airflow/example_dags/example_params_trigger_ui.py
[2023-11-03T19:54:57.734+0000] {logging_mixin.py:151} INFO - [2023-11-03T19:54:57.717+0000] {dag.py:2941} INFO - Sync 1 DAGs
[2023-11-03T19:54:57.879+0000] {logging_mixin.py:151} INFO - [2023-11-03T19:54:57.878+0000] {dag.py:3722} INFO - Setting next_dagrun for example_params_trigger_ui to None, run_after=None
[2023-11-03T19:54:58.010+0000] {processor.py:179} INFO - Processing /home/airflow/.local/lib/python3.8/site-packages/airflow/example_dags/example_params_trigger_ui.py took 0.696 seconds
[2023-11-03T19:55:28.494+0000] {processor.py:157} INFO - Started process (PID=35039) to work on /home/airflow/.local/lib/python3.8/site-packages/airflow/example_dags/example_params_trigger_ui.py
[2023-11-03T19:55:28.497+0000] {processor.py:829} INFO - Processing file /home/airflow/.local/lib/python3.8/site-packages/airflow/example_dags/example_params_trigger_ui.py for tasks to queue
[2023-11-03T19:55:28.506+0000] {logging_mixin.py:151} INFO - [2023-11-03T19:55:28.505+0000] {dagbag.py:536} INFO - Filling up the DagBag from /home/airflow/.local/lib/python3.8/site-packages/airflow/example_dags/example_params_trigger_ui.py
[2023-11-03T19:55:28.549+0000] {processor.py:839} INFO - DAG(s) dict_keys(['example_params_trigger_ui']) retrieved from /home/airflow/.local/lib/python3.8/site-packages/airflow/example_dags/example_params_trigger_ui.py
[2023-11-03T19:55:28.675+0000] {logging_mixin.py:151} INFO - [2023-11-03T19:55:28.674+0000] {dag.py:2941} INFO - Sync 1 DAGs
[2023-11-03T19:55:28.708+0000] {logging_mixin.py:151} INFO - [2023-11-03T19:55:28.708+0000] {dag.py:3722} INFO - Setting next_dagrun for example_params_trigger_ui to None, run_after=None
[2023-11-03T19:55:28.766+0000] {processor.py:179} INFO - Processing /home/airflow/.local/lib/python3.8/site-packages/airflow/example_dags/example_params_trigger_ui.py took 0.283 seconds
[2023-11-03T19:55:59.133+0000] {processor.py:157} INFO - Started process (PID=35101) to work on /home/airflow/.local/lib/python3.8/site-packages/airflow/example_dags/example_params_trigger_ui.py
[2023-11-03T19:55:59.136+0000] {processor.py:829} INFO - Processing file /home/airflow/.local/lib/python3.8/site-packages/airflow/example_dags/example_params_trigger_ui.py for tasks to queue
[2023-11-03T19:55:59.144+0000] {logging_mixin.py:151} INFO - [2023-11-03T19:55:59.142+0000] {dagbag.py:536} INFO - Filling up the DagBag from /home/airflow/.local/lib/python3.8/site-packages/airflow/example_dags/example_params_trigger_ui.py
[2023-11-03T19:55:59.197+0000] {processor.py:839} INFO - DAG(s) dict_keys(['example_params_trigger_ui']) retrieved from /home/airflow/.local/lib/python3.8/site-packages/airflow/example_dags/example_params_trigger_ui.py
[2023-11-03T19:55:59.348+0000] {logging_mixin.py:151} INFO - [2023-11-03T19:55:59.348+0000] {dag.py:2941} INFO - Sync 1 DAGs
[2023-11-03T19:55:59.383+0000] {logging_mixin.py:151} INFO - [2023-11-03T19:55:59.383+0000] {dag.py:3722} INFO - Setting next_dagrun for example_params_trigger_ui to None, run_after=None
[2023-11-03T19:55:59.452+0000] {processor.py:179} INFO - Processing /home/airflow/.local/lib/python3.8/site-packages/airflow/example_dags/example_params_trigger_ui.py took 0.330 seconds
[2023-11-03T19:56:29.596+0000] {processor.py:157} INFO - Started process (PID=35163) to work on /home/airflow/.local/lib/python3.8/site-packages/airflow/example_dags/example_params_trigger_ui.py
[2023-11-03T19:56:29.599+0000] {processor.py:829} INFO - Processing file /home/airflow/.local/lib/python3.8/site-packages/airflow/example_dags/example_params_trigger_ui.py for tasks to queue
[2023-11-03T19:56:29.607+0000] {logging_mixin.py:151} INFO - [2023-11-03T19:56:29.605+0000] {dagbag.py:536} INFO - Filling up the DagBag from /home/airflow/.local/lib/python3.8/site-packages/airflow/example_dags/example_params_trigger_ui.py
[2023-11-03T19:56:29.653+0000] {processor.py:839} INFO - DAG(s) dict_keys(['example_params_trigger_ui']) retrieved from /home/airflow/.local/lib/python3.8/site-packages/airflow/example_dags/example_params_trigger_ui.py
[2023-11-03T19:56:29.789+0000] {logging_mixin.py:151} INFO - [2023-11-03T19:56:29.789+0000] {dag.py:2941} INFO - Sync 1 DAGs
[2023-11-03T19:56:29.826+0000] {logging_mixin.py:151} INFO - [2023-11-03T19:56:29.825+0000] {dag.py:3722} INFO - Setting next_dagrun for example_params_trigger_ui to None, run_after=None
[2023-11-03T19:56:29.888+0000] {processor.py:179} INFO - Processing /home/airflow/.local/lib/python3.8/site-packages/airflow/example_dags/example_params_trigger_ui.py took 0.306 seconds
[2023-11-03T19:57:00.829+0000] {processor.py:157} INFO - Started process (PID=35225) to work on /home/airflow/.local/lib/python3.8/site-packages/airflow/example_dags/example_params_trigger_ui.py
[2023-11-03T19:57:00.832+0000] {processor.py:829} INFO - Processing file /home/airflow/.local/lib/python3.8/site-packages/airflow/example_dags/example_params_trigger_ui.py for tasks to queue
[2023-11-03T19:57:00.841+0000] {logging_mixin.py:151} INFO - [2023-11-03T19:57:00.840+0000] {dagbag.py:536} INFO - Filling up the DagBag from /home/airflow/.local/lib/python3.8/site-packages/airflow/example_dags/example_params_trigger_ui.py
[2023-11-03T19:57:00.896+0000] {processor.py:839} INFO - DAG(s) dict_keys(['example_params_trigger_ui']) retrieved from /home/airflow/.local/lib/python3.8/site-packages/airflow/example_dags/example_params_trigger_ui.py
[2023-11-03T19:57:01.010+0000] {logging_mixin.py:151} INFO - [2023-11-03T19:57:01.010+0000] {dag.py:2941} INFO - Sync 1 DAGs
[2023-11-03T19:57:01.043+0000] {logging_mixin.py:151} INFO - [2023-11-03T19:57:01.043+0000] {dag.py:3722} INFO - Setting next_dagrun for example_params_trigger_ui to None, run_after=None
[2023-11-03T19:57:01.104+0000] {processor.py:179} INFO - Processing /home/airflow/.local/lib/python3.8/site-packages/airflow/example_dags/example_params_trigger_ui.py took 0.287 seconds
[2023-11-03T19:57:31.431+0000] {processor.py:157} INFO - Started process (PID=35287) to work on /home/airflow/.local/lib/python3.8/site-packages/airflow/example_dags/example_params_trigger_ui.py
[2023-11-03T19:57:31.434+0000] {processor.py:829} INFO - Processing file /home/airflow/.local/lib/python3.8/site-packages/airflow/example_dags/example_params_trigger_ui.py for tasks to queue
[2023-11-03T19:57:31.443+0000] {logging_mixin.py:151} INFO - [2023-11-03T19:57:31.441+0000] {dagbag.py:536} INFO - Filling up the DagBag from /home/airflow/.local/lib/python3.8/site-packages/airflow/example_dags/example_params_trigger_ui.py
[2023-11-03T19:57:31.500+0000] {processor.py:839} INFO - DAG(s) dict_keys(['example_params_trigger_ui']) retrieved from /home/airflow/.local/lib/python3.8/site-packages/airflow/example_dags/example_params_trigger_ui.py
[2023-11-03T19:57:31.635+0000] {logging_mixin.py:151} INFO - [2023-11-03T19:57:31.635+0000] {dag.py:2941} INFO - Sync 1 DAGs
[2023-11-03T19:57:31.674+0000] {logging_mixin.py:151} INFO - [2023-11-03T19:57:31.674+0000] {dag.py:3722} INFO - Setting next_dagrun for example_params_trigger_ui to None, run_after=None
[2023-11-03T19:57:31.830+0000] {processor.py:179} INFO - Processing /home/airflow/.local/lib/python3.8/site-packages/airflow/example_dags/example_params_trigger_ui.py took 0.410 seconds
[2023-11-03T19:58:02.250+0000] {processor.py:157} INFO - Started process (PID=35349) to work on /home/airflow/.local/lib/python3.8/site-packages/airflow/example_dags/example_params_trigger_ui.py
[2023-11-03T19:58:02.253+0000] {processor.py:829} INFO - Processing file /home/airflow/.local/lib/python3.8/site-packages/airflow/example_dags/example_params_trigger_ui.py for tasks to queue
[2023-11-03T19:58:02.261+0000] {logging_mixin.py:151} INFO - [2023-11-03T19:58:02.260+0000] {dagbag.py:536} INFO - Filling up the DagBag from /home/airflow/.local/lib/python3.8/site-packages/airflow/example_dags/example_params_trigger_ui.py
[2023-11-03T19:58:02.305+0000] {processor.py:839} INFO - DAG(s) dict_keys(['example_params_trigger_ui']) retrieved from /home/airflow/.local/lib/python3.8/site-packages/airflow/example_dags/example_params_trigger_ui.py
[2023-11-03T19:58:02.448+0000] {logging_mixin.py:151} INFO - [2023-11-03T19:58:02.447+0000] {dag.py:2941} INFO - Sync 1 DAGs
[2023-11-03T19:58:02.487+0000] {logging_mixin.py:151} INFO - [2023-11-03T19:58:02.487+0000] {dag.py:3722} INFO - Setting next_dagrun for example_params_trigger_ui to None, run_after=None
[2023-11-03T19:58:02.557+0000] {processor.py:179} INFO - Processing /home/airflow/.local/lib/python3.8/site-packages/airflow/example_dags/example_params_trigger_ui.py took 0.321 seconds
[2023-11-03T19:58:33.326+0000] {processor.py:157} INFO - Started process (PID=35411) to work on /home/airflow/.local/lib/python3.8/site-packages/airflow/example_dags/example_params_trigger_ui.py
[2023-11-03T19:58:33.328+0000] {processor.py:829} INFO - Processing file /home/airflow/.local/lib/python3.8/site-packages/airflow/example_dags/example_params_trigger_ui.py for tasks to queue
[2023-11-03T19:58:33.335+0000] {logging_mixin.py:151} INFO - [2023-11-03T19:58:33.333+0000] {dagbag.py:536} INFO - Filling up the DagBag from /home/airflow/.local/lib/python3.8/site-packages/airflow/example_dags/example_params_trigger_ui.py
[2023-11-03T19:58:33.385+0000] {processor.py:839} INFO - DAG(s) dict_keys(['example_params_trigger_ui']) retrieved from /home/airflow/.local/lib/python3.8/site-packages/airflow/example_dags/example_params_trigger_ui.py
[2023-11-03T19:58:33.528+0000] {logging_mixin.py:151} INFO - [2023-11-03T19:58:33.527+0000] {dag.py:2941} INFO - Sync 1 DAGs
[2023-11-03T19:58:33.568+0000] {logging_mixin.py:151} INFO - [2023-11-03T19:58:33.568+0000] {dag.py:3722} INFO - Setting next_dagrun for example_params_trigger_ui to None, run_after=None
[2023-11-03T19:58:33.640+0000] {processor.py:179} INFO - Processing /home/airflow/.local/lib/python3.8/site-packages/airflow/example_dags/example_params_trigger_ui.py took 0.323 seconds
[2023-11-03T19:59:04.051+0000] {processor.py:157} INFO - Started process (PID=35473) to work on /home/airflow/.local/lib/python3.8/site-packages/airflow/example_dags/example_params_trigger_ui.py
[2023-11-03T19:59:04.054+0000] {processor.py:829} INFO - Processing file /home/airflow/.local/lib/python3.8/site-packages/airflow/example_dags/example_params_trigger_ui.py for tasks to queue
[2023-11-03T19:59:04.061+0000] {logging_mixin.py:151} INFO - [2023-11-03T19:59:04.060+0000] {dagbag.py:536} INFO - Filling up the DagBag from /home/airflow/.local/lib/python3.8/site-packages/airflow/example_dags/example_params_trigger_ui.py
[2023-11-03T19:59:04.104+0000] {processor.py:839} INFO - DAG(s) dict_keys(['example_params_trigger_ui']) retrieved from /home/airflow/.local/lib/python3.8/site-packages/airflow/example_dags/example_params_trigger_ui.py
[2023-11-03T19:59:04.283+0000] {logging_mixin.py:151} INFO - [2023-11-03T19:59:04.282+0000] {dag.py:2941} INFO - Sync 1 DAGs
[2023-11-03T19:59:04.323+0000] {logging_mixin.py:151} INFO - [2023-11-03T19:59:04.322+0000] {dag.py:3722} INFO - Setting next_dagrun for example_params_trigger_ui to None, run_after=None
[2023-11-03T19:59:04.395+0000] {processor.py:179} INFO - Processing /home/airflow/.local/lib/python3.8/site-packages/airflow/example_dags/example_params_trigger_ui.py took 0.355 seconds
[2023-11-03T19:59:35.070+0000] {processor.py:157} INFO - Started process (PID=35535) to work on /home/airflow/.local/lib/python3.8/site-packages/airflow/example_dags/example_params_trigger_ui.py
[2023-11-03T19:59:35.073+0000] {processor.py:829} INFO - Processing file /home/airflow/.local/lib/python3.8/site-packages/airflow/example_dags/example_params_trigger_ui.py for tasks to queue
[2023-11-03T19:59:35.081+0000] {logging_mixin.py:151} INFO - [2023-11-03T19:59:35.080+0000] {dagbag.py:536} INFO - Filling up the DagBag from /home/airflow/.local/lib/python3.8/site-packages/airflow/example_dags/example_params_trigger_ui.py
[2023-11-03T19:59:35.137+0000] {processor.py:839} INFO - DAG(s) dict_keys(['example_params_trigger_ui']) retrieved from /home/airflow/.local/lib/python3.8/site-packages/airflow/example_dags/example_params_trigger_ui.py
[2023-11-03T19:59:35.289+0000] {logging_mixin.py:151} INFO - [2023-11-03T19:59:35.288+0000] {dag.py:2941} INFO - Sync 1 DAGs
[2023-11-03T19:59:35.329+0000] {logging_mixin.py:151} INFO - [2023-11-03T19:59:35.329+0000] {dag.py:3722} INFO - Setting next_dagrun for example_params_trigger_ui to None, run_after=None
[2023-11-03T19:59:35.399+0000] {processor.py:179} INFO - Processing /home/airflow/.local/lib/python3.8/site-packages/airflow/example_dags/example_params_trigger_ui.py took 0.338 seconds
[2023-11-03T20:00:05.804+0000] {processor.py:157} INFO - Started process (PID=35597) to work on /home/airflow/.local/lib/python3.8/site-packages/airflow/example_dags/example_params_trigger_ui.py
[2023-11-03T20:00:05.812+0000] {processor.py:829} INFO - Processing file /home/airflow/.local/lib/python3.8/site-packages/airflow/example_dags/example_params_trigger_ui.py for tasks to queue
[2023-11-03T20:00:05.825+0000] {logging_mixin.py:151} INFO - [2023-11-03T20:00:05.824+0000] {dagbag.py:536} INFO - Filling up the DagBag from /home/airflow/.local/lib/python3.8/site-packages/airflow/example_dags/example_params_trigger_ui.py
[2023-11-03T20:00:05.959+0000] {processor.py:839} INFO - DAG(s) dict_keys(['example_params_trigger_ui']) retrieved from /home/airflow/.local/lib/python3.8/site-packages/airflow/example_dags/example_params_trigger_ui.py
[2023-11-03T20:00:06.122+0000] {logging_mixin.py:151} INFO - [2023-11-03T20:00:06.121+0000] {dag.py:2941} INFO - Sync 1 DAGs
[2023-11-03T20:00:06.158+0000] {logging_mixin.py:151} INFO - [2023-11-03T20:00:06.157+0000] {dag.py:3722} INFO - Setting next_dagrun for example_params_trigger_ui to None, run_after=None
[2023-11-03T20:00:06.232+0000] {processor.py:179} INFO - Processing /home/airflow/.local/lib/python3.8/site-packages/airflow/example_dags/example_params_trigger_ui.py took 0.448 seconds
[2023-11-03T20:00:36.364+0000] {processor.py:157} INFO - Started process (PID=35659) to work on /home/airflow/.local/lib/python3.8/site-packages/airflow/example_dags/example_params_trigger_ui.py
[2023-11-03T20:00:36.367+0000] {processor.py:829} INFO - Processing file /home/airflow/.local/lib/python3.8/site-packages/airflow/example_dags/example_params_trigger_ui.py for tasks to queue
[2023-11-03T20:00:36.376+0000] {logging_mixin.py:151} INFO - [2023-11-03T20:00:36.374+0000] {dagbag.py:536} INFO - Filling up the DagBag from /home/airflow/.local/lib/python3.8/site-packages/airflow/example_dags/example_params_trigger_ui.py
[2023-11-03T20:00:36.429+0000] {processor.py:839} INFO - DAG(s) dict_keys(['example_params_trigger_ui']) retrieved from /home/airflow/.local/lib/python3.8/site-packages/airflow/example_dags/example_params_trigger_ui.py
[2023-11-03T20:00:36.556+0000] {logging_mixin.py:151} INFO - [2023-11-03T20:00:36.556+0000] {dag.py:2941} INFO - Sync 1 DAGs
[2023-11-03T20:00:36.592+0000] {logging_mixin.py:151} INFO - [2023-11-03T20:00:36.591+0000] {dag.py:3722} INFO - Setting next_dagrun for example_params_trigger_ui to None, run_after=None
[2023-11-03T20:00:36.665+0000] {processor.py:179} INFO - Processing /home/airflow/.local/lib/python3.8/site-packages/airflow/example_dags/example_params_trigger_ui.py took 0.310 seconds
[2023-11-03T20:01:07.407+0000] {processor.py:157} INFO - Started process (PID=35728) to work on /home/airflow/.local/lib/python3.8/site-packages/airflow/example_dags/example_params_trigger_ui.py
[2023-11-03T20:01:07.410+0000] {processor.py:829} INFO - Processing file /home/airflow/.local/lib/python3.8/site-packages/airflow/example_dags/example_params_trigger_ui.py for tasks to queue
[2023-11-03T20:01:07.418+0000] {logging_mixin.py:151} INFO - [2023-11-03T20:01:07.416+0000] {dagbag.py:536} INFO - Filling up the DagBag from /home/airflow/.local/lib/python3.8/site-packages/airflow/example_dags/example_params_trigger_ui.py
[2023-11-03T20:01:07.469+0000] {processor.py:839} INFO - DAG(s) dict_keys(['example_params_trigger_ui']) retrieved from /home/airflow/.local/lib/python3.8/site-packages/airflow/example_dags/example_params_trigger_ui.py
[2023-11-03T20:01:07.624+0000] {logging_mixin.py:151} INFO - [2023-11-03T20:01:07.624+0000] {dag.py:2941} INFO - Sync 1 DAGs
[2023-11-03T20:01:07.658+0000] {logging_mixin.py:151} INFO - [2023-11-03T20:01:07.657+0000] {dag.py:3722} INFO - Setting next_dagrun for example_params_trigger_ui to None, run_after=None
[2023-11-03T20:01:07.717+0000] {processor.py:179} INFO - Processing /home/airflow/.local/lib/python3.8/site-packages/airflow/example_dags/example_params_trigger_ui.py took 0.320 seconds
[2023-11-03T20:01:37.864+0000] {processor.py:157} INFO - Started process (PID=35790) to work on /home/airflow/.local/lib/python3.8/site-packages/airflow/example_dags/example_params_trigger_ui.py
[2023-11-03T20:01:37.868+0000] {processor.py:829} INFO - Processing file /home/airflow/.local/lib/python3.8/site-packages/airflow/example_dags/example_params_trigger_ui.py for tasks to queue
[2023-11-03T20:01:37.877+0000] {logging_mixin.py:151} INFO - [2023-11-03T20:01:37.876+0000] {dagbag.py:536} INFO - Filling up the DagBag from /home/airflow/.local/lib/python3.8/site-packages/airflow/example_dags/example_params_trigger_ui.py
[2023-11-03T20:01:37.936+0000] {processor.py:839} INFO - DAG(s) dict_keys(['example_params_trigger_ui']) retrieved from /home/airflow/.local/lib/python3.8/site-packages/airflow/example_dags/example_params_trigger_ui.py
[2023-11-03T20:01:38.061+0000] {logging_mixin.py:151} INFO - [2023-11-03T20:01:38.060+0000] {dag.py:2941} INFO - Sync 1 DAGs
[2023-11-03T20:01:38.097+0000] {logging_mixin.py:151} INFO - [2023-11-03T20:01:38.096+0000] {dag.py:3722} INFO - Setting next_dagrun for example_params_trigger_ui to None, run_after=None
[2023-11-03T20:01:38.162+0000] {processor.py:179} INFO - Processing /home/airflow/.local/lib/python3.8/site-packages/airflow/example_dags/example_params_trigger_ui.py took 0.309 seconds
[2023-11-03T20:02:08.735+0000] {processor.py:157} INFO - Started process (PID=35852) to work on /home/airflow/.local/lib/python3.8/site-packages/airflow/example_dags/example_params_trigger_ui.py
[2023-11-03T20:02:08.740+0000] {processor.py:829} INFO - Processing file /home/airflow/.local/lib/python3.8/site-packages/airflow/example_dags/example_params_trigger_ui.py for tasks to queue
[2023-11-03T20:02:08.747+0000] {logging_mixin.py:151} INFO - [2023-11-03T20:02:08.746+0000] {dagbag.py:536} INFO - Filling up the DagBag from /home/airflow/.local/lib/python3.8/site-packages/airflow/example_dags/example_params_trigger_ui.py
[2023-11-03T20:02:08.790+0000] {processor.py:839} INFO - DAG(s) dict_keys(['example_params_trigger_ui']) retrieved from /home/airflow/.local/lib/python3.8/site-packages/airflow/example_dags/example_params_trigger_ui.py
[2023-11-03T20:02:08.902+0000] {logging_mixin.py:151} INFO - [2023-11-03T20:02:08.901+0000] {dag.py:2941} INFO - Sync 1 DAGs
[2023-11-03T20:02:08.935+0000] {logging_mixin.py:151} INFO - [2023-11-03T20:02:08.935+0000] {dag.py:3722} INFO - Setting next_dagrun for example_params_trigger_ui to None, run_after=None
[2023-11-03T20:02:08.997+0000] {processor.py:179} INFO - Processing /home/airflow/.local/lib/python3.8/site-packages/airflow/example_dags/example_params_trigger_ui.py took 0.274 seconds
[2023-11-03T20:02:39.322+0000] {processor.py:157} INFO - Started process (PID=35914) to work on /home/airflow/.local/lib/python3.8/site-packages/airflow/example_dags/example_params_trigger_ui.py
[2023-11-03T20:02:39.325+0000] {processor.py:829} INFO - Processing file /home/airflow/.local/lib/python3.8/site-packages/airflow/example_dags/example_params_trigger_ui.py for tasks to queue
[2023-11-03T20:02:39.333+0000] {logging_mixin.py:151} INFO - [2023-11-03T20:02:39.331+0000] {dagbag.py:536} INFO - Filling up the DagBag from /home/airflow/.local/lib/python3.8/site-packages/airflow/example_dags/example_params_trigger_ui.py
[2023-11-03T20:02:39.379+0000] {processor.py:839} INFO - DAG(s) dict_keys(['example_params_trigger_ui']) retrieved from /home/airflow/.local/lib/python3.8/site-packages/airflow/example_dags/example_params_trigger_ui.py
[2023-11-03T20:02:39.494+0000] {logging_mixin.py:151} INFO - [2023-11-03T20:02:39.493+0000] {dag.py:2941} INFO - Sync 1 DAGs
[2023-11-03T20:02:39.524+0000] {logging_mixin.py:151} INFO - [2023-11-03T20:02:39.524+0000] {dag.py:3722} INFO - Setting next_dagrun for example_params_trigger_ui to None, run_after=None
[2023-11-03T20:02:39.583+0000] {processor.py:179} INFO - Processing /home/airflow/.local/lib/python3.8/site-packages/airflow/example_dags/example_params_trigger_ui.py took 0.270 seconds
[2023-11-03T20:03:10.264+0000] {processor.py:157} INFO - Started process (PID=35978) to work on /home/airflow/.local/lib/python3.8/site-packages/airflow/example_dags/example_params_trigger_ui.py
[2023-11-03T20:03:10.266+0000] {processor.py:829} INFO - Processing file /home/airflow/.local/lib/python3.8/site-packages/airflow/example_dags/example_params_trigger_ui.py for tasks to queue
[2023-11-03T20:03:10.272+0000] {logging_mixin.py:151} INFO - [2023-11-03T20:03:10.271+0000] {dagbag.py:536} INFO - Filling up the DagBag from /home/airflow/.local/lib/python3.8/site-packages/airflow/example_dags/example_params_trigger_ui.py
[2023-11-03T20:03:10.317+0000] {processor.py:839} INFO - DAG(s) dict_keys(['example_params_trigger_ui']) retrieved from /home/airflow/.local/lib/python3.8/site-packages/airflow/example_dags/example_params_trigger_ui.py
[2023-11-03T20:03:10.438+0000] {logging_mixin.py:151} INFO - [2023-11-03T20:03:10.437+0000] {dag.py:2941} INFO - Sync 1 DAGs
[2023-11-03T20:03:10.471+0000] {logging_mixin.py:151} INFO - [2023-11-03T20:03:10.471+0000] {dag.py:3722} INFO - Setting next_dagrun for example_params_trigger_ui to None, run_after=None
[2023-11-03T20:03:10.551+0000] {processor.py:179} INFO - Processing /home/airflow/.local/lib/python3.8/site-packages/airflow/example_dags/example_params_trigger_ui.py took 0.294 seconds
[2023-11-03T20:03:40.844+0000] {processor.py:157} INFO - Started process (PID=36041) to work on /home/airflow/.local/lib/python3.8/site-packages/airflow/example_dags/example_params_trigger_ui.py
[2023-11-03T20:03:40.848+0000] {processor.py:829} INFO - Processing file /home/airflow/.local/lib/python3.8/site-packages/airflow/example_dags/example_params_trigger_ui.py for tasks to queue
[2023-11-03T20:03:40.856+0000] {logging_mixin.py:151} INFO - [2023-11-03T20:03:40.854+0000] {dagbag.py:536} INFO - Filling up the DagBag from /home/airflow/.local/lib/python3.8/site-packages/airflow/example_dags/example_params_trigger_ui.py
[2023-11-03T20:03:40.906+0000] {processor.py:839} INFO - DAG(s) dict_keys(['example_params_trigger_ui']) retrieved from /home/airflow/.local/lib/python3.8/site-packages/airflow/example_dags/example_params_trigger_ui.py
[2023-11-03T20:03:41.037+0000] {logging_mixin.py:151} INFO - [2023-11-03T20:03:41.037+0000] {dag.py:2941} INFO - Sync 1 DAGs
[2023-11-03T20:03:41.083+0000] {logging_mixin.py:151} INFO - [2023-11-03T20:03:41.082+0000] {dag.py:3722} INFO - Setting next_dagrun for example_params_trigger_ui to None, run_after=None
[2023-11-03T20:03:41.144+0000] {processor.py:179} INFO - Processing /home/airflow/.local/lib/python3.8/site-packages/airflow/example_dags/example_params_trigger_ui.py took 0.310 seconds
[2023-11-03T20:04:12.119+0000] {processor.py:157} INFO - Started process (PID=36102) to work on /home/airflow/.local/lib/python3.8/site-packages/airflow/example_dags/example_params_trigger_ui.py
[2023-11-03T20:04:12.121+0000] {processor.py:829} INFO - Processing file /home/airflow/.local/lib/python3.8/site-packages/airflow/example_dags/example_params_trigger_ui.py for tasks to queue
[2023-11-03T20:04:12.130+0000] {logging_mixin.py:151} INFO - [2023-11-03T20:04:12.128+0000] {dagbag.py:536} INFO - Filling up the DagBag from /home/airflow/.local/lib/python3.8/site-packages/airflow/example_dags/example_params_trigger_ui.py
[2023-11-03T20:04:12.191+0000] {processor.py:839} INFO - DAG(s) dict_keys(['example_params_trigger_ui']) retrieved from /home/airflow/.local/lib/python3.8/site-packages/airflow/example_dags/example_params_trigger_ui.py
[2023-11-03T20:04:12.341+0000] {logging_mixin.py:151} INFO - [2023-11-03T20:04:12.340+0000] {dag.py:2941} INFO - Sync 1 DAGs
[2023-11-03T20:04:12.375+0000] {logging_mixin.py:151} INFO - [2023-11-03T20:04:12.374+0000] {dag.py:3722} INFO - Setting next_dagrun for example_params_trigger_ui to None, run_after=None
[2023-11-03T20:04:12.436+0000] {processor.py:179} INFO - Processing /home/airflow/.local/lib/python3.8/site-packages/airflow/example_dags/example_params_trigger_ui.py took 0.326 seconds
[2023-11-03T20:04:42.555+0000] {processor.py:157} INFO - Started process (PID=36164) to work on /home/airflow/.local/lib/python3.8/site-packages/airflow/example_dags/example_params_trigger_ui.py
[2023-11-03T20:04:42.558+0000] {processor.py:829} INFO - Processing file /home/airflow/.local/lib/python3.8/site-packages/airflow/example_dags/example_params_trigger_ui.py for tasks to queue
[2023-11-03T20:04:42.568+0000] {logging_mixin.py:151} INFO - [2023-11-03T20:04:42.566+0000] {dagbag.py:536} INFO - Filling up the DagBag from /home/airflow/.local/lib/python3.8/site-packages/airflow/example_dags/example_params_trigger_ui.py
[2023-11-03T20:04:42.624+0000] {processor.py:839} INFO - DAG(s) dict_keys(['example_params_trigger_ui']) retrieved from /home/airflow/.local/lib/python3.8/site-packages/airflow/example_dags/example_params_trigger_ui.py
[2023-11-03T20:04:42.742+0000] {logging_mixin.py:151} INFO - [2023-11-03T20:04:42.741+0000] {dag.py:2941} INFO - Sync 1 DAGs
[2023-11-03T20:04:42.775+0000] {logging_mixin.py:151} INFO - [2023-11-03T20:04:42.774+0000] {dag.py:3722} INFO - Setting next_dagrun for example_params_trigger_ui to None, run_after=None
[2023-11-03T20:04:42.835+0000] {processor.py:179} INFO - Processing /home/airflow/.local/lib/python3.8/site-packages/airflow/example_dags/example_params_trigger_ui.py took 0.291 seconds
[2023-11-03T20:05:13.116+0000] {processor.py:157} INFO - Started process (PID=36227) to work on /home/airflow/.local/lib/python3.8/site-packages/airflow/example_dags/example_params_trigger_ui.py
[2023-11-03T20:05:13.119+0000] {processor.py:829} INFO - Processing file /home/airflow/.local/lib/python3.8/site-packages/airflow/example_dags/example_params_trigger_ui.py for tasks to queue
[2023-11-03T20:05:13.127+0000] {logging_mixin.py:151} INFO - [2023-11-03T20:05:13.126+0000] {dagbag.py:536} INFO - Filling up the DagBag from /home/airflow/.local/lib/python3.8/site-packages/airflow/example_dags/example_params_trigger_ui.py
[2023-11-03T20:05:13.175+0000] {processor.py:839} INFO - DAG(s) dict_keys(['example_params_trigger_ui']) retrieved from /home/airflow/.local/lib/python3.8/site-packages/airflow/example_dags/example_params_trigger_ui.py
[2023-11-03T20:05:13.299+0000] {logging_mixin.py:151} INFO - [2023-11-03T20:05:13.299+0000] {dag.py:2941} INFO - Sync 1 DAGs
[2023-11-03T20:05:13.341+0000] {logging_mixin.py:151} INFO - [2023-11-03T20:05:13.340+0000] {dag.py:3722} INFO - Setting next_dagrun for example_params_trigger_ui to None, run_after=None
[2023-11-03T20:05:13.398+0000] {processor.py:179} INFO - Processing /home/airflow/.local/lib/python3.8/site-packages/airflow/example_dags/example_params_trigger_ui.py took 0.291 seconds
[2023-11-03T20:05:43.606+0000] {processor.py:157} INFO - Started process (PID=36286) to work on /home/airflow/.local/lib/python3.8/site-packages/airflow/example_dags/example_params_trigger_ui.py
[2023-11-03T20:05:43.609+0000] {processor.py:829} INFO - Processing file /home/airflow/.local/lib/python3.8/site-packages/airflow/example_dags/example_params_trigger_ui.py for tasks to queue
[2023-11-03T20:05:43.618+0000] {logging_mixin.py:151} INFO - [2023-11-03T20:05:43.616+0000] {dagbag.py:536} INFO - Filling up the DagBag from /home/airflow/.local/lib/python3.8/site-packages/airflow/example_dags/example_params_trigger_ui.py
[2023-11-03T20:05:43.699+0000] {processor.py:839} INFO - DAG(s) dict_keys(['example_params_trigger_ui']) retrieved from /home/airflow/.local/lib/python3.8/site-packages/airflow/example_dags/example_params_trigger_ui.py
[2023-11-03T20:05:44.038+0000] {logging_mixin.py:151} INFO - [2023-11-03T20:05:44.037+0000] {dag.py:2941} INFO - Sync 1 DAGs
[2023-11-03T20:05:44.076+0000] {logging_mixin.py:151} INFO - [2023-11-03T20:05:44.076+0000] {dag.py:3722} INFO - Setting next_dagrun for example_params_trigger_ui to None, run_after=None
[2023-11-03T20:05:44.138+0000] {processor.py:179} INFO - Processing /home/airflow/.local/lib/python3.8/site-packages/airflow/example_dags/example_params_trigger_ui.py took 0.543 seconds
