[2023-11-03T19:42:49.081+0000] {processor.py:157} INFO - Started process (PID=33506) to work on /home/airflow/.local/lib/python3.8/site-packages/airflow/example_dags/example_python_operator.py
[2023-11-03T19:42:49.089+0000] {processor.py:829} INFO - Processing file /home/airflow/.local/lib/python3.8/site-packages/airflow/example_dags/example_python_operator.py for tasks to queue
[2023-11-03T19:42:49.116+0000] {logging_mixin.py:151} INFO - [2023-11-03T19:42:49.115+0000] {dagbag.py:536} INFO - Filling up the DagBag from /home/airflow/.local/lib/python3.8/site-packages/airflow/example_dags/example_python_operator.py
[2023-11-03T19:42:49.182+0000] {processor.py:839} INFO - DAG(s) dict_keys(['example_python_operator']) retrieved from /home/airflow/.local/lib/python3.8/site-packages/airflow/example_dags/example_python_operator.py
[2023-11-03T19:42:49.273+0000] {logging_mixin.py:151} INFO - [2023-11-03T19:42:49.273+0000] {dag.py:2941} INFO - Sync 1 DAGs
[2023-11-03T19:42:49.314+0000] {logging_mixin.py:151} INFO - [2023-11-03T19:42:49.313+0000] {dag.py:3722} INFO - Setting next_dagrun for example_python_operator to None, run_after=None
[2023-11-03T19:42:49.784+0000] {processor.py:179} INFO - Processing /home/airflow/.local/lib/python3.8/site-packages/airflow/example_dags/example_python_operator.py took 0.715 seconds
[2023-11-03T19:43:19.935+0000] {processor.py:157} INFO - Started process (PID=33568) to work on /home/airflow/.local/lib/python3.8/site-packages/airflow/example_dags/example_python_operator.py
[2023-11-03T19:43:19.939+0000] {processor.py:829} INFO - Processing file /home/airflow/.local/lib/python3.8/site-packages/airflow/example_dags/example_python_operator.py for tasks to queue
[2023-11-03T19:43:19.948+0000] {logging_mixin.py:151} INFO - [2023-11-03T19:43:19.947+0000] {dagbag.py:536} INFO - Filling up the DagBag from /home/airflow/.local/lib/python3.8/site-packages/airflow/example_dags/example_python_operator.py
[2023-11-03T19:43:20.010+0000] {processor.py:839} INFO - DAG(s) dict_keys(['example_python_operator']) retrieved from /home/airflow/.local/lib/python3.8/site-packages/airflow/example_dags/example_python_operator.py
[2023-11-03T19:43:20.123+0000] {logging_mixin.py:151} INFO - [2023-11-03T19:43:20.122+0000] {dag.py:2941} INFO - Sync 1 DAGs
[2023-11-03T19:43:20.166+0000] {logging_mixin.py:151} INFO - [2023-11-03T19:43:20.166+0000] {dag.py:3722} INFO - Setting next_dagrun for example_python_operator to None, run_after=None
[2023-11-03T19:43:20.346+0000] {processor.py:179} INFO - Processing /home/airflow/.local/lib/python3.8/site-packages/airflow/example_dags/example_python_operator.py took 0.421 seconds
[2023-11-03T19:43:50.518+0000] {processor.py:157} INFO - Started process (PID=33630) to work on /home/airflow/.local/lib/python3.8/site-packages/airflow/example_dags/example_python_operator.py
[2023-11-03T19:43:50.522+0000] {processor.py:829} INFO - Processing file /home/airflow/.local/lib/python3.8/site-packages/airflow/example_dags/example_python_operator.py for tasks to queue
[2023-11-03T19:43:50.533+0000] {logging_mixin.py:151} INFO - [2023-11-03T19:43:50.531+0000] {dagbag.py:536} INFO - Filling up the DagBag from /home/airflow/.local/lib/python3.8/site-packages/airflow/example_dags/example_python_operator.py
[2023-11-03T19:43:50.590+0000] {processor.py:839} INFO - DAG(s) dict_keys(['example_python_operator']) retrieved from /home/airflow/.local/lib/python3.8/site-packages/airflow/example_dags/example_python_operator.py
[2023-11-03T19:43:50.655+0000] {logging_mixin.py:151} INFO - [2023-11-03T19:43:50.655+0000] {dag.py:2941} INFO - Sync 1 DAGs
[2023-11-03T19:43:50.709+0000] {logging_mixin.py:151} INFO - [2023-11-03T19:43:50.708+0000] {dag.py:3722} INFO - Setting next_dagrun for example_python_operator to None, run_after=None
[2023-11-03T19:43:50.766+0000] {processor.py:179} INFO - Processing /home/airflow/.local/lib/python3.8/site-packages/airflow/example_dags/example_python_operator.py took 0.259 seconds
[2023-11-03T19:44:20.856+0000] {processor.py:157} INFO - Started process (PID=33692) to work on /home/airflow/.local/lib/python3.8/site-packages/airflow/example_dags/example_python_operator.py
[2023-11-03T19:44:20.859+0000] {processor.py:829} INFO - Processing file /home/airflow/.local/lib/python3.8/site-packages/airflow/example_dags/example_python_operator.py for tasks to queue
[2023-11-03T19:44:20.869+0000] {logging_mixin.py:151} INFO - [2023-11-03T19:44:20.867+0000] {dagbag.py:536} INFO - Filling up the DagBag from /home/airflow/.local/lib/python3.8/site-packages/airflow/example_dags/example_python_operator.py
[2023-11-03T19:44:20.902+0000] {processor.py:839} INFO - DAG(s) dict_keys(['example_python_operator']) retrieved from /home/airflow/.local/lib/python3.8/site-packages/airflow/example_dags/example_python_operator.py
[2023-11-03T19:44:20.972+0000] {logging_mixin.py:151} INFO - [2023-11-03T19:44:20.972+0000] {dag.py:2941} INFO - Sync 1 DAGs
[2023-11-03T19:44:21.010+0000] {logging_mixin.py:151} INFO - [2023-11-03T19:44:21.009+0000] {dag.py:3722} INFO - Setting next_dagrun for example_python_operator to None, run_after=None
[2023-11-03T19:44:21.065+0000] {processor.py:179} INFO - Processing /home/airflow/.local/lib/python3.8/site-packages/airflow/example_dags/example_python_operator.py took 0.218 seconds
[2023-11-03T19:44:51.795+0000] {processor.py:157} INFO - Started process (PID=33754) to work on /home/airflow/.local/lib/python3.8/site-packages/airflow/example_dags/example_python_operator.py
[2023-11-03T19:44:51.810+0000] {processor.py:829} INFO - Processing file /home/airflow/.local/lib/python3.8/site-packages/airflow/example_dags/example_python_operator.py for tasks to queue
[2023-11-03T19:44:51.822+0000] {logging_mixin.py:151} INFO - [2023-11-03T19:44:51.820+0000] {dagbag.py:536} INFO - Filling up the DagBag from /home/airflow/.local/lib/python3.8/site-packages/airflow/example_dags/example_python_operator.py
[2023-11-03T19:44:51.872+0000] {processor.py:839} INFO - DAG(s) dict_keys(['example_python_operator']) retrieved from /home/airflow/.local/lib/python3.8/site-packages/airflow/example_dags/example_python_operator.py
[2023-11-03T19:44:51.975+0000] {logging_mixin.py:151} INFO - [2023-11-03T19:44:51.975+0000] {dag.py:2941} INFO - Sync 1 DAGs
[2023-11-03T19:44:52.013+0000] {logging_mixin.py:151} INFO - [2023-11-03T19:44:52.013+0000] {dag.py:3722} INFO - Setting next_dagrun for example_python_operator to None, run_after=None
[2023-11-03T19:44:52.071+0000] {processor.py:179} INFO - Processing /home/airflow/.local/lib/python3.8/site-packages/airflow/example_dags/example_python_operator.py took 0.289 seconds
[2023-11-03T19:45:22.272+0000] {processor.py:157} INFO - Started process (PID=33817) to work on /home/airflow/.local/lib/python3.8/site-packages/airflow/example_dags/example_python_operator.py
[2023-11-03T19:45:22.275+0000] {processor.py:829} INFO - Processing file /home/airflow/.local/lib/python3.8/site-packages/airflow/example_dags/example_python_operator.py for tasks to queue
[2023-11-03T19:45:22.282+0000] {logging_mixin.py:151} INFO - [2023-11-03T19:45:22.280+0000] {dagbag.py:536} INFO - Filling up the DagBag from /home/airflow/.local/lib/python3.8/site-packages/airflow/example_dags/example_python_operator.py
[2023-11-03T19:45:22.311+0000] {processor.py:839} INFO - DAG(s) dict_keys(['example_python_operator']) retrieved from /home/airflow/.local/lib/python3.8/site-packages/airflow/example_dags/example_python_operator.py
[2023-11-03T19:45:22.375+0000] {logging_mixin.py:151} INFO - [2023-11-03T19:45:22.374+0000] {dag.py:2941} INFO - Sync 1 DAGs
[2023-11-03T19:45:22.415+0000] {logging_mixin.py:151} INFO - [2023-11-03T19:45:22.414+0000] {dag.py:3722} INFO - Setting next_dagrun for example_python_operator to None, run_after=None
[2023-11-03T19:45:22.473+0000] {processor.py:179} INFO - Processing /home/airflow/.local/lib/python3.8/site-packages/airflow/example_dags/example_python_operator.py took 0.208 seconds
[2023-11-03T19:45:53.076+0000] {processor.py:157} INFO - Started process (PID=33879) to work on /home/airflow/.local/lib/python3.8/site-packages/airflow/example_dags/example_python_operator.py
[2023-11-03T19:45:53.079+0000] {processor.py:829} INFO - Processing file /home/airflow/.local/lib/python3.8/site-packages/airflow/example_dags/example_python_operator.py for tasks to queue
[2023-11-03T19:45:53.087+0000] {logging_mixin.py:151} INFO - [2023-11-03T19:45:53.086+0000] {dagbag.py:536} INFO - Filling up the DagBag from /home/airflow/.local/lib/python3.8/site-packages/airflow/example_dags/example_python_operator.py
[2023-11-03T19:45:53.124+0000] {processor.py:839} INFO - DAG(s) dict_keys(['example_python_operator']) retrieved from /home/airflow/.local/lib/python3.8/site-packages/airflow/example_dags/example_python_operator.py
[2023-11-03T19:45:53.202+0000] {logging_mixin.py:151} INFO - [2023-11-03T19:45:53.201+0000] {dag.py:2941} INFO - Sync 1 DAGs
[2023-11-03T19:45:53.238+0000] {logging_mixin.py:151} INFO - [2023-11-03T19:45:53.238+0000] {dag.py:3722} INFO - Setting next_dagrun for example_python_operator to None, run_after=None
[2023-11-03T19:45:53.296+0000] {processor.py:179} INFO - Processing /home/airflow/.local/lib/python3.8/site-packages/airflow/example_dags/example_python_operator.py took 0.229 seconds
[2023-11-03T19:46:24.064+0000] {processor.py:157} INFO - Started process (PID=33941) to work on /home/airflow/.local/lib/python3.8/site-packages/airflow/example_dags/example_python_operator.py
[2023-11-03T19:46:24.067+0000] {processor.py:829} INFO - Processing file /home/airflow/.local/lib/python3.8/site-packages/airflow/example_dags/example_python_operator.py for tasks to queue
[2023-11-03T19:46:24.075+0000] {logging_mixin.py:151} INFO - [2023-11-03T19:46:24.073+0000] {dagbag.py:536} INFO - Filling up the DagBag from /home/airflow/.local/lib/python3.8/site-packages/airflow/example_dags/example_python_operator.py
[2023-11-03T19:46:24.103+0000] {processor.py:839} INFO - DAG(s) dict_keys(['example_python_operator']) retrieved from /home/airflow/.local/lib/python3.8/site-packages/airflow/example_dags/example_python_operator.py
[2023-11-03T19:46:24.193+0000] {logging_mixin.py:151} INFO - [2023-11-03T19:46:24.192+0000] {dag.py:2941} INFO - Sync 1 DAGs
[2023-11-03T19:46:24.233+0000] {logging_mixin.py:151} INFO - [2023-11-03T19:46:24.232+0000] {dag.py:3722} INFO - Setting next_dagrun for example_python_operator to None, run_after=None
[2023-11-03T19:46:24.287+0000] {processor.py:179} INFO - Processing /home/airflow/.local/lib/python3.8/site-packages/airflow/example_dags/example_python_operator.py took 0.232 seconds
[2023-11-03T19:46:54.878+0000] {processor.py:157} INFO - Started process (PID=34003) to work on /home/airflow/.local/lib/python3.8/site-packages/airflow/example_dags/example_python_operator.py
[2023-11-03T19:46:54.881+0000] {processor.py:829} INFO - Processing file /home/airflow/.local/lib/python3.8/site-packages/airflow/example_dags/example_python_operator.py for tasks to queue
[2023-11-03T19:46:54.889+0000] {logging_mixin.py:151} INFO - [2023-11-03T19:46:54.888+0000] {dagbag.py:536} INFO - Filling up the DagBag from /home/airflow/.local/lib/python3.8/site-packages/airflow/example_dags/example_python_operator.py
[2023-11-03T19:46:54.920+0000] {processor.py:839} INFO - DAG(s) dict_keys(['example_python_operator']) retrieved from /home/airflow/.local/lib/python3.8/site-packages/airflow/example_dags/example_python_operator.py
[2023-11-03T19:46:54.984+0000] {logging_mixin.py:151} INFO - [2023-11-03T19:46:54.983+0000] {dag.py:2941} INFO - Sync 1 DAGs
[2023-11-03T19:46:55.027+0000] {logging_mixin.py:151} INFO - [2023-11-03T19:46:55.026+0000] {dag.py:3722} INFO - Setting next_dagrun for example_python_operator to None, run_after=None
[2023-11-03T19:46:55.102+0000] {processor.py:179} INFO - Processing /home/airflow/.local/lib/python3.8/site-packages/airflow/example_dags/example_python_operator.py took 0.233 seconds
[2023-11-03T19:47:25.460+0000] {processor.py:157} INFO - Started process (PID=34065) to work on /home/airflow/.local/lib/python3.8/site-packages/airflow/example_dags/example_python_operator.py
[2023-11-03T19:47:25.463+0000] {processor.py:829} INFO - Processing file /home/airflow/.local/lib/python3.8/site-packages/airflow/example_dags/example_python_operator.py for tasks to queue
[2023-11-03T19:47:25.469+0000] {logging_mixin.py:151} INFO - [2023-11-03T19:47:25.468+0000] {dagbag.py:536} INFO - Filling up the DagBag from /home/airflow/.local/lib/python3.8/site-packages/airflow/example_dags/example_python_operator.py
[2023-11-03T19:47:25.497+0000] {processor.py:839} INFO - DAG(s) dict_keys(['example_python_operator']) retrieved from /home/airflow/.local/lib/python3.8/site-packages/airflow/example_dags/example_python_operator.py
[2023-11-03T19:47:25.571+0000] {logging_mixin.py:151} INFO - [2023-11-03T19:47:25.570+0000] {dag.py:2941} INFO - Sync 1 DAGs
[2023-11-03T19:47:25.613+0000] {logging_mixin.py:151} INFO - [2023-11-03T19:47:25.613+0000] {dag.py:3722} INFO - Setting next_dagrun for example_python_operator to None, run_after=None
[2023-11-03T19:47:25.673+0000] {processor.py:179} INFO - Processing /home/airflow/.local/lib/python3.8/site-packages/airflow/example_dags/example_python_operator.py took 0.220 seconds
[2023-11-03T19:47:56.438+0000] {processor.py:157} INFO - Started process (PID=34127) to work on /home/airflow/.local/lib/python3.8/site-packages/airflow/example_dags/example_python_operator.py
[2023-11-03T19:47:56.441+0000] {processor.py:829} INFO - Processing file /home/airflow/.local/lib/python3.8/site-packages/airflow/example_dags/example_python_operator.py for tasks to queue
[2023-11-03T19:47:56.451+0000] {logging_mixin.py:151} INFO - [2023-11-03T19:47:56.450+0000] {dagbag.py:536} INFO - Filling up the DagBag from /home/airflow/.local/lib/python3.8/site-packages/airflow/example_dags/example_python_operator.py
[2023-11-03T19:47:56.481+0000] {processor.py:839} INFO - DAG(s) dict_keys(['example_python_operator']) retrieved from /home/airflow/.local/lib/python3.8/site-packages/airflow/example_dags/example_python_operator.py
[2023-11-03T19:47:56.556+0000] {logging_mixin.py:151} INFO - [2023-11-03T19:47:56.555+0000] {dag.py:2941} INFO - Sync 1 DAGs
[2023-11-03T19:47:56.593+0000] {logging_mixin.py:151} INFO - [2023-11-03T19:47:56.593+0000] {dag.py:3722} INFO - Setting next_dagrun for example_python_operator to None, run_after=None
[2023-11-03T19:47:56.649+0000] {processor.py:179} INFO - Processing /home/airflow/.local/lib/python3.8/site-packages/airflow/example_dags/example_python_operator.py took 0.219 seconds
[2023-11-03T19:48:27.036+0000] {processor.py:157} INFO - Started process (PID=34189) to work on /home/airflow/.local/lib/python3.8/site-packages/airflow/example_dags/example_python_operator.py
[2023-11-03T19:48:27.039+0000] {processor.py:829} INFO - Processing file /home/airflow/.local/lib/python3.8/site-packages/airflow/example_dags/example_python_operator.py for tasks to queue
[2023-11-03T19:48:27.047+0000] {logging_mixin.py:151} INFO - [2023-11-03T19:48:27.046+0000] {dagbag.py:536} INFO - Filling up the DagBag from /home/airflow/.local/lib/python3.8/site-packages/airflow/example_dags/example_python_operator.py
[2023-11-03T19:48:27.082+0000] {processor.py:839} INFO - DAG(s) dict_keys(['example_python_operator']) retrieved from /home/airflow/.local/lib/python3.8/site-packages/airflow/example_dags/example_python_operator.py
[2023-11-03T19:48:27.149+0000] {logging_mixin.py:151} INFO - [2023-11-03T19:48:27.148+0000] {dag.py:2941} INFO - Sync 1 DAGs
[2023-11-03T19:48:27.181+0000] {logging_mixin.py:151} INFO - [2023-11-03T19:48:27.180+0000] {dag.py:3722} INFO - Setting next_dagrun for example_python_operator to None, run_after=None
[2023-11-03T19:48:27.251+0000] {processor.py:179} INFO - Processing /home/airflow/.local/lib/python3.8/site-packages/airflow/example_dags/example_python_operator.py took 0.225 seconds
[2023-11-03T19:48:57.496+0000] {processor.py:157} INFO - Started process (PID=34251) to work on /home/airflow/.local/lib/python3.8/site-packages/airflow/example_dags/example_python_operator.py
[2023-11-03T19:48:57.499+0000] {processor.py:829} INFO - Processing file /home/airflow/.local/lib/python3.8/site-packages/airflow/example_dags/example_python_operator.py for tasks to queue
[2023-11-03T19:48:57.508+0000] {logging_mixin.py:151} INFO - [2023-11-03T19:48:57.506+0000] {dagbag.py:536} INFO - Filling up the DagBag from /home/airflow/.local/lib/python3.8/site-packages/airflow/example_dags/example_python_operator.py
[2023-11-03T19:48:57.534+0000] {processor.py:839} INFO - DAG(s) dict_keys(['example_python_operator']) retrieved from /home/airflow/.local/lib/python3.8/site-packages/airflow/example_dags/example_python_operator.py
[2023-11-03T19:48:57.588+0000] {logging_mixin.py:151} INFO - [2023-11-03T19:48:57.587+0000] {dag.py:2941} INFO - Sync 1 DAGs
[2023-11-03T19:48:57.619+0000] {logging_mixin.py:151} INFO - [2023-11-03T19:48:57.618+0000] {dag.py:3722} INFO - Setting next_dagrun for example_python_operator to None, run_after=None
[2023-11-03T19:48:57.675+0000] {processor.py:179} INFO - Processing /home/airflow/.local/lib/python3.8/site-packages/airflow/example_dags/example_python_operator.py took 0.186 seconds
[2023-11-03T19:49:28.281+0000] {processor.py:157} INFO - Started process (PID=34313) to work on /home/airflow/.local/lib/python3.8/site-packages/airflow/example_dags/example_python_operator.py
[2023-11-03T19:49:28.283+0000] {processor.py:829} INFO - Processing file /home/airflow/.local/lib/python3.8/site-packages/airflow/example_dags/example_python_operator.py for tasks to queue
[2023-11-03T19:49:28.290+0000] {logging_mixin.py:151} INFO - [2023-11-03T19:49:28.289+0000] {dagbag.py:536} INFO - Filling up the DagBag from /home/airflow/.local/lib/python3.8/site-packages/airflow/example_dags/example_python_operator.py
[2023-11-03T19:49:28.316+0000] {processor.py:839} INFO - DAG(s) dict_keys(['example_python_operator']) retrieved from /home/airflow/.local/lib/python3.8/site-packages/airflow/example_dags/example_python_operator.py
[2023-11-03T19:49:28.370+0000] {logging_mixin.py:151} INFO - [2023-11-03T19:49:28.369+0000] {dag.py:2941} INFO - Sync 1 DAGs
[2023-11-03T19:49:28.408+0000] {logging_mixin.py:151} INFO - [2023-11-03T19:49:28.407+0000] {dag.py:3722} INFO - Setting next_dagrun for example_python_operator to None, run_after=None
[2023-11-03T19:49:28.461+0000] {processor.py:179} INFO - Processing /home/airflow/.local/lib/python3.8/site-packages/airflow/example_dags/example_python_operator.py took 0.187 seconds
[2023-11-03T19:49:59.109+0000] {processor.py:157} INFO - Started process (PID=34375) to work on /home/airflow/.local/lib/python3.8/site-packages/airflow/example_dags/example_python_operator.py
[2023-11-03T19:49:59.111+0000] {processor.py:829} INFO - Processing file /home/airflow/.local/lib/python3.8/site-packages/airflow/example_dags/example_python_operator.py for tasks to queue
[2023-11-03T19:49:59.118+0000] {logging_mixin.py:151} INFO - [2023-11-03T19:49:59.117+0000] {dagbag.py:536} INFO - Filling up the DagBag from /home/airflow/.local/lib/python3.8/site-packages/airflow/example_dags/example_python_operator.py
[2023-11-03T19:49:59.142+0000] {processor.py:839} INFO - DAG(s) dict_keys(['example_python_operator']) retrieved from /home/airflow/.local/lib/python3.8/site-packages/airflow/example_dags/example_python_operator.py
[2023-11-03T19:49:59.222+0000] {logging_mixin.py:151} INFO - [2023-11-03T19:49:59.221+0000] {dag.py:2941} INFO - Sync 1 DAGs
[2023-11-03T19:49:59.255+0000] {logging_mixin.py:151} INFO - [2023-11-03T19:49:59.254+0000] {dag.py:3722} INFO - Setting next_dagrun for example_python_operator to None, run_after=None
[2023-11-03T19:49:59.312+0000] {processor.py:179} INFO - Processing /home/airflow/.local/lib/python3.8/site-packages/airflow/example_dags/example_python_operator.py took 0.209 seconds
[2023-11-03T19:50:30.291+0000] {processor.py:157} INFO - Started process (PID=34437) to work on /home/airflow/.local/lib/python3.8/site-packages/airflow/example_dags/example_python_operator.py
[2023-11-03T19:50:30.293+0000] {processor.py:829} INFO - Processing file /home/airflow/.local/lib/python3.8/site-packages/airflow/example_dags/example_python_operator.py for tasks to queue
[2023-11-03T19:50:30.301+0000] {logging_mixin.py:151} INFO - [2023-11-03T19:50:30.299+0000] {dagbag.py:536} INFO - Filling up the DagBag from /home/airflow/.local/lib/python3.8/site-packages/airflow/example_dags/example_python_operator.py
[2023-11-03T19:50:30.344+0000] {processor.py:839} INFO - DAG(s) dict_keys(['example_python_operator']) retrieved from /home/airflow/.local/lib/python3.8/site-packages/airflow/example_dags/example_python_operator.py
[2023-11-03T19:50:30.419+0000] {logging_mixin.py:151} INFO - [2023-11-03T19:50:30.418+0000] {dag.py:2941} INFO - Sync 1 DAGs
[2023-11-03T19:50:30.470+0000] {logging_mixin.py:151} INFO - [2023-11-03T19:50:30.470+0000] {dag.py:3722} INFO - Setting next_dagrun for example_python_operator to None, run_after=None
[2023-11-03T19:50:30.539+0000] {processor.py:179} INFO - Processing /home/airflow/.local/lib/python3.8/site-packages/airflow/example_dags/example_python_operator.py took 0.257 seconds
[2023-11-03T19:51:01.448+0000] {processor.py:157} INFO - Started process (PID=34499) to work on /home/airflow/.local/lib/python3.8/site-packages/airflow/example_dags/example_python_operator.py
[2023-11-03T19:51:01.450+0000] {processor.py:829} INFO - Processing file /home/airflow/.local/lib/python3.8/site-packages/airflow/example_dags/example_python_operator.py for tasks to queue
[2023-11-03T19:51:01.457+0000] {logging_mixin.py:151} INFO - [2023-11-03T19:51:01.455+0000] {dagbag.py:536} INFO - Filling up the DagBag from /home/airflow/.local/lib/python3.8/site-packages/airflow/example_dags/example_python_operator.py
[2023-11-03T19:51:01.483+0000] {processor.py:839} INFO - DAG(s) dict_keys(['example_python_operator']) retrieved from /home/airflow/.local/lib/python3.8/site-packages/airflow/example_dags/example_python_operator.py
[2023-11-03T19:51:01.567+0000] {logging_mixin.py:151} INFO - [2023-11-03T19:51:01.566+0000] {dag.py:2941} INFO - Sync 1 DAGs
[2023-11-03T19:51:01.610+0000] {logging_mixin.py:151} INFO - [2023-11-03T19:51:01.610+0000] {dag.py:3722} INFO - Setting next_dagrun for example_python_operator to None, run_after=None
[2023-11-03T19:51:01.677+0000] {processor.py:179} INFO - Processing /home/airflow/.local/lib/python3.8/site-packages/airflow/example_dags/example_python_operator.py took 0.236 seconds
[2023-11-03T19:51:32.324+0000] {processor.py:157} INFO - Started process (PID=34561) to work on /home/airflow/.local/lib/python3.8/site-packages/airflow/example_dags/example_python_operator.py
[2023-11-03T19:51:32.328+0000] {processor.py:829} INFO - Processing file /home/airflow/.local/lib/python3.8/site-packages/airflow/example_dags/example_python_operator.py for tasks to queue
[2023-11-03T19:51:32.338+0000] {logging_mixin.py:151} INFO - [2023-11-03T19:51:32.336+0000] {dagbag.py:536} INFO - Filling up the DagBag from /home/airflow/.local/lib/python3.8/site-packages/airflow/example_dags/example_python_operator.py
[2023-11-03T19:51:32.375+0000] {processor.py:839} INFO - DAG(s) dict_keys(['example_python_operator']) retrieved from /home/airflow/.local/lib/python3.8/site-packages/airflow/example_dags/example_python_operator.py
[2023-11-03T19:51:32.438+0000] {logging_mixin.py:151} INFO - [2023-11-03T19:51:32.437+0000] {dag.py:2941} INFO - Sync 1 DAGs
[2023-11-03T19:51:32.473+0000] {logging_mixin.py:151} INFO - [2023-11-03T19:51:32.473+0000] {dag.py:3722} INFO - Setting next_dagrun for example_python_operator to None, run_after=None
[2023-11-03T19:51:32.536+0000] {processor.py:179} INFO - Processing /home/airflow/.local/lib/python3.8/site-packages/airflow/example_dags/example_python_operator.py took 0.222 seconds
[2023-11-03T19:52:04.036+0000] {processor.py:157} INFO - Started process (PID=34623) to work on /home/airflow/.local/lib/python3.8/site-packages/airflow/example_dags/example_python_operator.py
[2023-11-03T19:52:04.039+0000] {processor.py:829} INFO - Processing file /home/airflow/.local/lib/python3.8/site-packages/airflow/example_dags/example_python_operator.py for tasks to queue
[2023-11-03T19:52:04.045+0000] {logging_mixin.py:151} INFO - [2023-11-03T19:52:04.044+0000] {dagbag.py:536} INFO - Filling up the DagBag from /home/airflow/.local/lib/python3.8/site-packages/airflow/example_dags/example_python_operator.py
[2023-11-03T19:52:04.081+0000] {processor.py:839} INFO - DAG(s) dict_keys(['example_python_operator']) retrieved from /home/airflow/.local/lib/python3.8/site-packages/airflow/example_dags/example_python_operator.py
[2023-11-03T19:52:04.168+0000] {logging_mixin.py:151} INFO - [2023-11-03T19:52:04.167+0000] {dag.py:2941} INFO - Sync 1 DAGs
[2023-11-03T19:52:04.208+0000] {logging_mixin.py:151} INFO - [2023-11-03T19:52:04.207+0000] {dag.py:3722} INFO - Setting next_dagrun for example_python_operator to None, run_after=None
[2023-11-03T19:52:04.266+0000] {processor.py:179} INFO - Processing /home/airflow/.local/lib/python3.8/site-packages/airflow/example_dags/example_python_operator.py took 0.237 seconds
[2023-11-03T19:52:34.552+0000] {processor.py:157} INFO - Started process (PID=34685) to work on /home/airflow/.local/lib/python3.8/site-packages/airflow/example_dags/example_python_operator.py
[2023-11-03T19:52:34.555+0000] {processor.py:829} INFO - Processing file /home/airflow/.local/lib/python3.8/site-packages/airflow/example_dags/example_python_operator.py for tasks to queue
[2023-11-03T19:52:34.561+0000] {logging_mixin.py:151} INFO - [2023-11-03T19:52:34.560+0000] {dagbag.py:536} INFO - Filling up the DagBag from /home/airflow/.local/lib/python3.8/site-packages/airflow/example_dags/example_python_operator.py
[2023-11-03T19:52:34.590+0000] {processor.py:839} INFO - DAG(s) dict_keys(['example_python_operator']) retrieved from /home/airflow/.local/lib/python3.8/site-packages/airflow/example_dags/example_python_operator.py
[2023-11-03T19:52:34.651+0000] {logging_mixin.py:151} INFO - [2023-11-03T19:52:34.650+0000] {dag.py:2941} INFO - Sync 1 DAGs
[2023-11-03T19:52:34.688+0000] {logging_mixin.py:151} INFO - [2023-11-03T19:52:34.687+0000] {dag.py:3722} INFO - Setting next_dagrun for example_python_operator to None, run_after=None
[2023-11-03T19:52:34.749+0000] {processor.py:179} INFO - Processing /home/airflow/.local/lib/python3.8/site-packages/airflow/example_dags/example_python_operator.py took 0.208 seconds
[2023-11-03T19:53:05.646+0000] {processor.py:157} INFO - Started process (PID=34754) to work on /home/airflow/.local/lib/python3.8/site-packages/airflow/example_dags/example_python_operator.py
[2023-11-03T19:53:05.649+0000] {processor.py:829} INFO - Processing file /home/airflow/.local/lib/python3.8/site-packages/airflow/example_dags/example_python_operator.py for tasks to queue
[2023-11-03T19:53:05.657+0000] {logging_mixin.py:151} INFO - [2023-11-03T19:53:05.656+0000] {dagbag.py:536} INFO - Filling up the DagBag from /home/airflow/.local/lib/python3.8/site-packages/airflow/example_dags/example_python_operator.py
[2023-11-03T19:53:05.696+0000] {processor.py:839} INFO - DAG(s) dict_keys(['example_python_operator']) retrieved from /home/airflow/.local/lib/python3.8/site-packages/airflow/example_dags/example_python_operator.py
[2023-11-03T19:53:05.755+0000] {logging_mixin.py:151} INFO - [2023-11-03T19:53:05.755+0000] {dag.py:2941} INFO - Sync 1 DAGs
[2023-11-03T19:53:05.801+0000] {logging_mixin.py:151} INFO - [2023-11-03T19:53:05.801+0000] {dag.py:3722} INFO - Setting next_dagrun for example_python_operator to None, run_after=None
[2023-11-03T19:53:05.856+0000] {processor.py:179} INFO - Processing /home/airflow/.local/lib/python3.8/site-packages/airflow/example_dags/example_python_operator.py took 0.218 seconds
[2023-11-03T19:53:36.363+0000] {processor.py:157} INFO - Started process (PID=34816) to work on /home/airflow/.local/lib/python3.8/site-packages/airflow/example_dags/example_python_operator.py
[2023-11-03T19:53:36.366+0000] {processor.py:829} INFO - Processing file /home/airflow/.local/lib/python3.8/site-packages/airflow/example_dags/example_python_operator.py for tasks to queue
[2023-11-03T19:53:36.376+0000] {logging_mixin.py:151} INFO - [2023-11-03T19:53:36.375+0000] {dagbag.py:536} INFO - Filling up the DagBag from /home/airflow/.local/lib/python3.8/site-packages/airflow/example_dags/example_python_operator.py
[2023-11-03T19:53:36.416+0000] {processor.py:839} INFO - DAG(s) dict_keys(['example_python_operator']) retrieved from /home/airflow/.local/lib/python3.8/site-packages/airflow/example_dags/example_python_operator.py
[2023-11-03T19:53:36.477+0000] {logging_mixin.py:151} INFO - [2023-11-03T19:53:36.477+0000] {dag.py:2941} INFO - Sync 1 DAGs
[2023-11-03T19:53:36.514+0000] {logging_mixin.py:151} INFO - [2023-11-03T19:53:36.514+0000] {dag.py:3722} INFO - Setting next_dagrun for example_python_operator to None, run_after=None
[2023-11-03T19:53:36.578+0000] {processor.py:179} INFO - Processing /home/airflow/.local/lib/python3.8/site-packages/airflow/example_dags/example_python_operator.py took 0.226 seconds
[2023-11-03T19:54:08.043+0000] {processor.py:157} INFO - Started process (PID=34878) to work on /home/airflow/.local/lib/python3.8/site-packages/airflow/example_dags/example_python_operator.py
[2023-11-03T19:54:08.046+0000] {processor.py:829} INFO - Processing file /home/airflow/.local/lib/python3.8/site-packages/airflow/example_dags/example_python_operator.py for tasks to queue
[2023-11-03T19:54:08.053+0000] {logging_mixin.py:151} INFO - [2023-11-03T19:54:08.052+0000] {dagbag.py:536} INFO - Filling up the DagBag from /home/airflow/.local/lib/python3.8/site-packages/airflow/example_dags/example_python_operator.py
[2023-11-03T19:54:08.082+0000] {processor.py:839} INFO - DAG(s) dict_keys(['example_python_operator']) retrieved from /home/airflow/.local/lib/python3.8/site-packages/airflow/example_dags/example_python_operator.py
[2023-11-03T19:54:08.137+0000] {logging_mixin.py:151} INFO - [2023-11-03T19:54:08.137+0000] {dag.py:2941} INFO - Sync 1 DAGs
[2023-11-03T19:54:08.173+0000] {logging_mixin.py:151} INFO - [2023-11-03T19:54:08.172+0000] {dag.py:3722} INFO - Setting next_dagrun for example_python_operator to None, run_after=None
[2023-11-03T19:54:08.234+0000] {processor.py:179} INFO - Processing /home/airflow/.local/lib/python3.8/site-packages/airflow/example_dags/example_python_operator.py took 0.199 seconds
[2023-11-03T19:54:38.504+0000] {processor.py:157} INFO - Started process (PID=34940) to work on /home/airflow/.local/lib/python3.8/site-packages/airflow/example_dags/example_python_operator.py
[2023-11-03T19:54:38.506+0000] {processor.py:829} INFO - Processing file /home/airflow/.local/lib/python3.8/site-packages/airflow/example_dags/example_python_operator.py for tasks to queue
[2023-11-03T19:54:38.512+0000] {logging_mixin.py:151} INFO - [2023-11-03T19:54:38.511+0000] {dagbag.py:536} INFO - Filling up the DagBag from /home/airflow/.local/lib/python3.8/site-packages/airflow/example_dags/example_python_operator.py
[2023-11-03T19:54:38.539+0000] {processor.py:839} INFO - DAG(s) dict_keys(['example_python_operator']) retrieved from /home/airflow/.local/lib/python3.8/site-packages/airflow/example_dags/example_python_operator.py
[2023-11-03T19:54:38.607+0000] {logging_mixin.py:151} INFO - [2023-11-03T19:54:38.606+0000] {dag.py:2941} INFO - Sync 1 DAGs
[2023-11-03T19:54:38.649+0000] {logging_mixin.py:151} INFO - [2023-11-03T19:54:38.648+0000] {dag.py:3722} INFO - Setting next_dagrun for example_python_operator to None, run_after=None
[2023-11-03T19:54:38.710+0000] {processor.py:179} INFO - Processing /home/airflow/.local/lib/python3.8/site-packages/airflow/example_dags/example_python_operator.py took 0.213 seconds
[2023-11-03T19:55:09.712+0000] {processor.py:157} INFO - Started process (PID=35002) to work on /home/airflow/.local/lib/python3.8/site-packages/airflow/example_dags/example_python_operator.py
[2023-11-03T19:55:09.716+0000] {processor.py:829} INFO - Processing file /home/airflow/.local/lib/python3.8/site-packages/airflow/example_dags/example_python_operator.py for tasks to queue
[2023-11-03T19:55:09.723+0000] {logging_mixin.py:151} INFO - [2023-11-03T19:55:09.722+0000] {dagbag.py:536} INFO - Filling up the DagBag from /home/airflow/.local/lib/python3.8/site-packages/airflow/example_dags/example_python_operator.py
[2023-11-03T19:55:09.772+0000] {processor.py:839} INFO - DAG(s) dict_keys(['example_python_operator']) retrieved from /home/airflow/.local/lib/python3.8/site-packages/airflow/example_dags/example_python_operator.py
[2023-11-03T19:55:09.909+0000] {logging_mixin.py:151} INFO - [2023-11-03T19:55:09.908+0000] {dag.py:2941} INFO - Sync 1 DAGs
[2023-11-03T19:55:09.976+0000] {logging_mixin.py:151} INFO - [2023-11-03T19:55:09.976+0000] {dag.py:3722} INFO - Setting next_dagrun for example_python_operator to None, run_after=None
[2023-11-03T19:55:10.057+0000] {processor.py:179} INFO - Processing /home/airflow/.local/lib/python3.8/site-packages/airflow/example_dags/example_python_operator.py took 0.356 seconds
[2023-11-03T19:55:40.413+0000] {processor.py:157} INFO - Started process (PID=35064) to work on /home/airflow/.local/lib/python3.8/site-packages/airflow/example_dags/example_python_operator.py
[2023-11-03T19:55:40.416+0000] {processor.py:829} INFO - Processing file /home/airflow/.local/lib/python3.8/site-packages/airflow/example_dags/example_python_operator.py for tasks to queue
[2023-11-03T19:55:40.425+0000] {logging_mixin.py:151} INFO - [2023-11-03T19:55:40.424+0000] {dagbag.py:536} INFO - Filling up the DagBag from /home/airflow/.local/lib/python3.8/site-packages/airflow/example_dags/example_python_operator.py
[2023-11-03T19:55:40.467+0000] {processor.py:839} INFO - DAG(s) dict_keys(['example_python_operator']) retrieved from /home/airflow/.local/lib/python3.8/site-packages/airflow/example_dags/example_python_operator.py
[2023-11-03T19:55:40.527+0000] {logging_mixin.py:151} INFO - [2023-11-03T19:55:40.526+0000] {dag.py:2941} INFO - Sync 1 DAGs
[2023-11-03T19:55:40.560+0000] {logging_mixin.py:151} INFO - [2023-11-03T19:55:40.560+0000] {dag.py:3722} INFO - Setting next_dagrun for example_python_operator to None, run_after=None
[2023-11-03T19:55:40.616+0000] {processor.py:179} INFO - Processing /home/airflow/.local/lib/python3.8/site-packages/airflow/example_dags/example_python_operator.py took 0.214 seconds
[2023-11-03T19:56:10.927+0000] {processor.py:157} INFO - Started process (PID=35126) to work on /home/airflow/.local/lib/python3.8/site-packages/airflow/example_dags/example_python_operator.py
[2023-11-03T19:56:10.931+0000] {processor.py:829} INFO - Processing file /home/airflow/.local/lib/python3.8/site-packages/airflow/example_dags/example_python_operator.py for tasks to queue
[2023-11-03T19:56:10.941+0000] {logging_mixin.py:151} INFO - [2023-11-03T19:56:10.939+0000] {dagbag.py:536} INFO - Filling up the DagBag from /home/airflow/.local/lib/python3.8/site-packages/airflow/example_dags/example_python_operator.py
[2023-11-03T19:56:10.987+0000] {processor.py:839} INFO - DAG(s) dict_keys(['example_python_operator']) retrieved from /home/airflow/.local/lib/python3.8/site-packages/airflow/example_dags/example_python_operator.py
[2023-11-03T19:56:11.051+0000] {logging_mixin.py:151} INFO - [2023-11-03T19:56:11.050+0000] {dag.py:2941} INFO - Sync 1 DAGs
[2023-11-03T19:56:11.083+0000] {logging_mixin.py:151} INFO - [2023-11-03T19:56:11.083+0000] {dag.py:3722} INFO - Setting next_dagrun for example_python_operator to None, run_after=None
[2023-11-03T19:56:11.144+0000] {processor.py:179} INFO - Processing /home/airflow/.local/lib/python3.8/site-packages/airflow/example_dags/example_python_operator.py took 0.228 seconds
[2023-11-03T19:56:41.762+0000] {processor.py:157} INFO - Started process (PID=35188) to work on /home/airflow/.local/lib/python3.8/site-packages/airflow/example_dags/example_python_operator.py
[2023-11-03T19:56:41.766+0000] {processor.py:829} INFO - Processing file /home/airflow/.local/lib/python3.8/site-packages/airflow/example_dags/example_python_operator.py for tasks to queue
[2023-11-03T19:56:41.780+0000] {logging_mixin.py:151} INFO - [2023-11-03T19:56:41.779+0000] {dagbag.py:536} INFO - Filling up the DagBag from /home/airflow/.local/lib/python3.8/site-packages/airflow/example_dags/example_python_operator.py
[2023-11-03T19:56:41.830+0000] {processor.py:839} INFO - DAG(s) dict_keys(['example_python_operator']) retrieved from /home/airflow/.local/lib/python3.8/site-packages/airflow/example_dags/example_python_operator.py
[2023-11-03T19:56:41.993+0000] {logging_mixin.py:151} INFO - [2023-11-03T19:56:41.992+0000] {dag.py:2941} INFO - Sync 1 DAGs
[2023-11-03T19:56:42.040+0000] {logging_mixin.py:151} INFO - [2023-11-03T19:56:42.040+0000] {dag.py:3722} INFO - Setting next_dagrun for example_python_operator to None, run_after=None
[2023-11-03T19:56:42.111+0000] {processor.py:179} INFO - Processing /home/airflow/.local/lib/python3.8/site-packages/airflow/example_dags/example_python_operator.py took 0.359 seconds
[2023-11-03T19:57:12.381+0000] {processor.py:157} INFO - Started process (PID=35250) to work on /home/airflow/.local/lib/python3.8/site-packages/airflow/example_dags/example_python_operator.py
[2023-11-03T19:57:12.384+0000] {processor.py:829} INFO - Processing file /home/airflow/.local/lib/python3.8/site-packages/airflow/example_dags/example_python_operator.py for tasks to queue
[2023-11-03T19:57:12.392+0000] {logging_mixin.py:151} INFO - [2023-11-03T19:57:12.390+0000] {dagbag.py:536} INFO - Filling up the DagBag from /home/airflow/.local/lib/python3.8/site-packages/airflow/example_dags/example_python_operator.py
[2023-11-03T19:57:12.427+0000] {processor.py:839} INFO - DAG(s) dict_keys(['example_python_operator']) retrieved from /home/airflow/.local/lib/python3.8/site-packages/airflow/example_dags/example_python_operator.py
[2023-11-03T19:57:12.498+0000] {logging_mixin.py:151} INFO - [2023-11-03T19:57:12.498+0000] {dag.py:2941} INFO - Sync 1 DAGs
[2023-11-03T19:57:12.536+0000] {logging_mixin.py:151} INFO - [2023-11-03T19:57:12.535+0000] {dag.py:3722} INFO - Setting next_dagrun for example_python_operator to None, run_after=None
[2023-11-03T19:57:12.591+0000] {processor.py:179} INFO - Processing /home/airflow/.local/lib/python3.8/site-packages/airflow/example_dags/example_python_operator.py took 0.221 seconds
[2023-11-03T19:57:43.503+0000] {processor.py:157} INFO - Started process (PID=35312) to work on /home/airflow/.local/lib/python3.8/site-packages/airflow/example_dags/example_python_operator.py
[2023-11-03T19:57:43.506+0000] {processor.py:829} INFO - Processing file /home/airflow/.local/lib/python3.8/site-packages/airflow/example_dags/example_python_operator.py for tasks to queue
[2023-11-03T19:57:43.514+0000] {logging_mixin.py:151} INFO - [2023-11-03T19:57:43.512+0000] {dagbag.py:536} INFO - Filling up the DagBag from /home/airflow/.local/lib/python3.8/site-packages/airflow/example_dags/example_python_operator.py
[2023-11-03T19:57:43.541+0000] {processor.py:839} INFO - DAG(s) dict_keys(['example_python_operator']) retrieved from /home/airflow/.local/lib/python3.8/site-packages/airflow/example_dags/example_python_operator.py
[2023-11-03T19:57:43.608+0000] {logging_mixin.py:151} INFO - [2023-11-03T19:57:43.608+0000] {dag.py:2941} INFO - Sync 1 DAGs
[2023-11-03T19:57:43.644+0000] {logging_mixin.py:151} INFO - [2023-11-03T19:57:43.644+0000] {dag.py:3722} INFO - Setting next_dagrun for example_python_operator to None, run_after=None
[2023-11-03T19:57:43.706+0000] {processor.py:179} INFO - Processing /home/airflow/.local/lib/python3.8/site-packages/airflow/example_dags/example_python_operator.py took 0.218 seconds
[2023-11-03T19:58:14.232+0000] {processor.py:157} INFO - Started process (PID=35374) to work on /home/airflow/.local/lib/python3.8/site-packages/airflow/example_dags/example_python_operator.py
[2023-11-03T19:58:14.235+0000] {processor.py:829} INFO - Processing file /home/airflow/.local/lib/python3.8/site-packages/airflow/example_dags/example_python_operator.py for tasks to queue
[2023-11-03T19:58:14.241+0000] {logging_mixin.py:151} INFO - [2023-11-03T19:58:14.240+0000] {dagbag.py:536} INFO - Filling up the DagBag from /home/airflow/.local/lib/python3.8/site-packages/airflow/example_dags/example_python_operator.py
[2023-11-03T19:58:14.281+0000] {processor.py:839} INFO - DAG(s) dict_keys(['example_python_operator']) retrieved from /home/airflow/.local/lib/python3.8/site-packages/airflow/example_dags/example_python_operator.py
[2023-11-03T19:58:14.347+0000] {logging_mixin.py:151} INFO - [2023-11-03T19:58:14.347+0000] {dag.py:2941} INFO - Sync 1 DAGs
[2023-11-03T19:58:14.398+0000] {logging_mixin.py:151} INFO - [2023-11-03T19:58:14.397+0000] {dag.py:3722} INFO - Setting next_dagrun for example_python_operator to None, run_after=None
[2023-11-03T19:58:14.467+0000] {processor.py:179} INFO - Processing /home/airflow/.local/lib/python3.8/site-packages/airflow/example_dags/example_python_operator.py took 0.242 seconds
[2023-11-03T19:58:44.811+0000] {processor.py:157} INFO - Started process (PID=35436) to work on /home/airflow/.local/lib/python3.8/site-packages/airflow/example_dags/example_python_operator.py
[2023-11-03T19:58:44.813+0000] {processor.py:829} INFO - Processing file /home/airflow/.local/lib/python3.8/site-packages/airflow/example_dags/example_python_operator.py for tasks to queue
[2023-11-03T19:58:44.819+0000] {logging_mixin.py:151} INFO - [2023-11-03T19:58:44.818+0000] {dagbag.py:536} INFO - Filling up the DagBag from /home/airflow/.local/lib/python3.8/site-packages/airflow/example_dags/example_python_operator.py
[2023-11-03T19:58:44.851+0000] {processor.py:839} INFO - DAG(s) dict_keys(['example_python_operator']) retrieved from /home/airflow/.local/lib/python3.8/site-packages/airflow/example_dags/example_python_operator.py
[2023-11-03T19:58:44.932+0000] {logging_mixin.py:151} INFO - [2023-11-03T19:58:44.932+0000] {dag.py:2941} INFO - Sync 1 DAGs
[2023-11-03T19:58:44.973+0000] {logging_mixin.py:151} INFO - [2023-11-03T19:58:44.972+0000] {dag.py:3722} INFO - Setting next_dagrun for example_python_operator to None, run_after=None
[2023-11-03T19:58:45.038+0000] {processor.py:179} INFO - Processing /home/airflow/.local/lib/python3.8/site-packages/airflow/example_dags/example_python_operator.py took 0.234 seconds
[2023-11-03T19:59:16.033+0000] {processor.py:157} INFO - Started process (PID=35498) to work on /home/airflow/.local/lib/python3.8/site-packages/airflow/example_dags/example_python_operator.py
[2023-11-03T19:59:16.036+0000] {processor.py:829} INFO - Processing file /home/airflow/.local/lib/python3.8/site-packages/airflow/example_dags/example_python_operator.py for tasks to queue
[2023-11-03T19:59:16.044+0000] {logging_mixin.py:151} INFO - [2023-11-03T19:59:16.043+0000] {dagbag.py:536} INFO - Filling up the DagBag from /home/airflow/.local/lib/python3.8/site-packages/airflow/example_dags/example_python_operator.py
[2023-11-03T19:59:16.088+0000] {processor.py:839} INFO - DAG(s) dict_keys(['example_python_operator']) retrieved from /home/airflow/.local/lib/python3.8/site-packages/airflow/example_dags/example_python_operator.py
[2023-11-03T19:59:16.174+0000] {logging_mixin.py:151} INFO - [2023-11-03T19:59:16.173+0000] {dag.py:2941} INFO - Sync 1 DAGs
[2023-11-03T19:59:16.213+0000] {logging_mixin.py:151} INFO - [2023-11-03T19:59:16.212+0000] {dag.py:3722} INFO - Setting next_dagrun for example_python_operator to None, run_after=None
[2023-11-03T19:59:16.275+0000] {processor.py:179} INFO - Processing /home/airflow/.local/lib/python3.8/site-packages/airflow/example_dags/example_python_operator.py took 0.252 seconds
[2023-11-03T19:59:46.663+0000] {processor.py:157} INFO - Started process (PID=35560) to work on /home/airflow/.local/lib/python3.8/site-packages/airflow/example_dags/example_python_operator.py
[2023-11-03T19:59:46.666+0000] {processor.py:829} INFO - Processing file /home/airflow/.local/lib/python3.8/site-packages/airflow/example_dags/example_python_operator.py for tasks to queue
[2023-11-03T19:59:46.674+0000] {logging_mixin.py:151} INFO - [2023-11-03T19:59:46.672+0000] {dagbag.py:536} INFO - Filling up the DagBag from /home/airflow/.local/lib/python3.8/site-packages/airflow/example_dags/example_python_operator.py
[2023-11-03T19:59:46.704+0000] {processor.py:839} INFO - DAG(s) dict_keys(['example_python_operator']) retrieved from /home/airflow/.local/lib/python3.8/site-packages/airflow/example_dags/example_python_operator.py
[2023-11-03T19:59:46.770+0000] {logging_mixin.py:151} INFO - [2023-11-03T19:59:46.770+0000] {dag.py:2941} INFO - Sync 1 DAGs
[2023-11-03T19:59:46.814+0000] {logging_mixin.py:151} INFO - [2023-11-03T19:59:46.813+0000] {dag.py:3722} INFO - Setting next_dagrun for example_python_operator to None, run_after=None
[2023-11-03T19:59:46.874+0000] {processor.py:179} INFO - Processing /home/airflow/.local/lib/python3.8/site-packages/airflow/example_dags/example_python_operator.py took 0.221 seconds
[2023-11-03T20:00:18.009+0000] {processor.py:157} INFO - Started process (PID=35622) to work on /home/airflow/.local/lib/python3.8/site-packages/airflow/example_dags/example_python_operator.py
[2023-11-03T20:00:18.011+0000] {processor.py:829} INFO - Processing file /home/airflow/.local/lib/python3.8/site-packages/airflow/example_dags/example_python_operator.py for tasks to queue
[2023-11-03T20:00:18.019+0000] {logging_mixin.py:151} INFO - [2023-11-03T20:00:18.017+0000] {dagbag.py:536} INFO - Filling up the DagBag from /home/airflow/.local/lib/python3.8/site-packages/airflow/example_dags/example_python_operator.py
[2023-11-03T20:00:18.051+0000] {processor.py:839} INFO - DAG(s) dict_keys(['example_python_operator']) retrieved from /home/airflow/.local/lib/python3.8/site-packages/airflow/example_dags/example_python_operator.py
[2023-11-03T20:00:18.123+0000] {logging_mixin.py:151} INFO - [2023-11-03T20:00:18.122+0000] {dag.py:2941} INFO - Sync 1 DAGs
[2023-11-03T20:00:18.159+0000] {logging_mixin.py:151} INFO - [2023-11-03T20:00:18.159+0000] {dag.py:3722} INFO - Setting next_dagrun for example_python_operator to None, run_after=None
[2023-11-03T20:00:18.227+0000] {processor.py:179} INFO - Processing /home/airflow/.local/lib/python3.8/site-packages/airflow/example_dags/example_python_operator.py took 0.226 seconds
[2023-11-03T20:00:49.173+0000] {processor.py:157} INFO - Started process (PID=35684) to work on /home/airflow/.local/lib/python3.8/site-packages/airflow/example_dags/example_python_operator.py
[2023-11-03T20:00:49.176+0000] {processor.py:829} INFO - Processing file /home/airflow/.local/lib/python3.8/site-packages/airflow/example_dags/example_python_operator.py for tasks to queue
[2023-11-03T20:00:49.183+0000] {logging_mixin.py:151} INFO - [2023-11-03T20:00:49.182+0000] {dagbag.py:536} INFO - Filling up the DagBag from /home/airflow/.local/lib/python3.8/site-packages/airflow/example_dags/example_python_operator.py
[2023-11-03T20:00:49.235+0000] {processor.py:839} INFO - DAG(s) dict_keys(['example_python_operator']) retrieved from /home/airflow/.local/lib/python3.8/site-packages/airflow/example_dags/example_python_operator.py
[2023-11-03T20:00:49.297+0000] {logging_mixin.py:151} INFO - [2023-11-03T20:00:49.296+0000] {dag.py:2941} INFO - Sync 1 DAGs
[2023-11-03T20:00:49.333+0000] {logging_mixin.py:151} INFO - [2023-11-03T20:00:49.333+0000] {dag.py:3722} INFO - Setting next_dagrun for example_python_operator to None, run_after=None
[2023-11-03T20:00:49.409+0000] {processor.py:179} INFO - Processing /home/airflow/.local/lib/python3.8/site-packages/airflow/example_dags/example_python_operator.py took 0.246 seconds
[2023-11-03T20:01:20.445+0000] {processor.py:157} INFO - Started process (PID=35746) to work on /home/airflow/.local/lib/python3.8/site-packages/airflow/example_dags/example_python_operator.py
[2023-11-03T20:01:20.450+0000] {processor.py:829} INFO - Processing file /home/airflow/.local/lib/python3.8/site-packages/airflow/example_dags/example_python_operator.py for tasks to queue
[2023-11-03T20:01:20.462+0000] {logging_mixin.py:151} INFO - [2023-11-03T20:01:20.460+0000] {dagbag.py:536} INFO - Filling up the DagBag from /home/airflow/.local/lib/python3.8/site-packages/airflow/example_dags/example_python_operator.py
[2023-11-03T20:01:20.498+0000] {processor.py:839} INFO - DAG(s) dict_keys(['example_python_operator']) retrieved from /home/airflow/.local/lib/python3.8/site-packages/airflow/example_dags/example_python_operator.py
[2023-11-03T20:01:20.572+0000] {logging_mixin.py:151} INFO - [2023-11-03T20:01:20.571+0000] {dag.py:2941} INFO - Sync 1 DAGs
[2023-11-03T20:01:20.624+0000] {logging_mixin.py:151} INFO - [2023-11-03T20:01:20.623+0000] {dag.py:3722} INFO - Setting next_dagrun for example_python_operator to None, run_after=None
[2023-11-03T20:01:20.688+0000] {processor.py:179} INFO - Processing /home/airflow/.local/lib/python3.8/site-packages/airflow/example_dags/example_python_operator.py took 0.252 seconds
[2023-11-03T20:01:51.409+0000] {processor.py:157} INFO - Started process (PID=35808) to work on /home/airflow/.local/lib/python3.8/site-packages/airflow/example_dags/example_python_operator.py
[2023-11-03T20:01:51.411+0000] {processor.py:829} INFO - Processing file /home/airflow/.local/lib/python3.8/site-packages/airflow/example_dags/example_python_operator.py for tasks to queue
[2023-11-03T20:01:51.419+0000] {logging_mixin.py:151} INFO - [2023-11-03T20:01:51.418+0000] {dagbag.py:536} INFO - Filling up the DagBag from /home/airflow/.local/lib/python3.8/site-packages/airflow/example_dags/example_python_operator.py
[2023-11-03T20:01:51.451+0000] {processor.py:839} INFO - DAG(s) dict_keys(['example_python_operator']) retrieved from /home/airflow/.local/lib/python3.8/site-packages/airflow/example_dags/example_python_operator.py
[2023-11-03T20:01:51.528+0000] {logging_mixin.py:151} INFO - [2023-11-03T20:01:51.527+0000] {dag.py:2941} INFO - Sync 1 DAGs
[2023-11-03T20:01:51.569+0000] {logging_mixin.py:151} INFO - [2023-11-03T20:01:51.568+0000] {dag.py:3722} INFO - Setting next_dagrun for example_python_operator to None, run_after=None
[2023-11-03T20:01:51.633+0000] {processor.py:179} INFO - Processing /home/airflow/.local/lib/python3.8/site-packages/airflow/example_dags/example_python_operator.py took 0.231 seconds
[2023-11-03T20:02:22.043+0000] {processor.py:157} INFO - Started process (PID=35870) to work on /home/airflow/.local/lib/python3.8/site-packages/airflow/example_dags/example_python_operator.py
[2023-11-03T20:02:22.045+0000] {processor.py:829} INFO - Processing file /home/airflow/.local/lib/python3.8/site-packages/airflow/example_dags/example_python_operator.py for tasks to queue
[2023-11-03T20:02:22.052+0000] {logging_mixin.py:151} INFO - [2023-11-03T20:02:22.051+0000] {dagbag.py:536} INFO - Filling up the DagBag from /home/airflow/.local/lib/python3.8/site-packages/airflow/example_dags/example_python_operator.py
[2023-11-03T20:02:22.082+0000] {processor.py:839} INFO - DAG(s) dict_keys(['example_python_operator']) retrieved from /home/airflow/.local/lib/python3.8/site-packages/airflow/example_dags/example_python_operator.py
[2023-11-03T20:02:22.160+0000] {logging_mixin.py:151} INFO - [2023-11-03T20:02:22.160+0000] {dag.py:2941} INFO - Sync 1 DAGs
[2023-11-03T20:02:22.206+0000] {logging_mixin.py:151} INFO - [2023-11-03T20:02:22.205+0000] {dag.py:3722} INFO - Setting next_dagrun for example_python_operator to None, run_after=None
[2023-11-03T20:02:22.278+0000] {processor.py:179} INFO - Processing /home/airflow/.local/lib/python3.8/site-packages/airflow/example_dags/example_python_operator.py took 0.241 seconds
[2023-11-03T20:02:53.001+0000] {processor.py:157} INFO - Started process (PID=35932) to work on /home/airflow/.local/lib/python3.8/site-packages/airflow/example_dags/example_python_operator.py
[2023-11-03T20:02:53.004+0000] {processor.py:829} INFO - Processing file /home/airflow/.local/lib/python3.8/site-packages/airflow/example_dags/example_python_operator.py for tasks to queue
[2023-11-03T20:02:53.013+0000] {logging_mixin.py:151} INFO - [2023-11-03T20:02:53.011+0000] {dagbag.py:536} INFO - Filling up the DagBag from /home/airflow/.local/lib/python3.8/site-packages/airflow/example_dags/example_python_operator.py
[2023-11-03T20:02:53.051+0000] {processor.py:839} INFO - DAG(s) dict_keys(['example_python_operator']) retrieved from /home/airflow/.local/lib/python3.8/site-packages/airflow/example_dags/example_python_operator.py
[2023-11-03T20:02:53.126+0000] {logging_mixin.py:151} INFO - [2023-11-03T20:02:53.125+0000] {dag.py:2941} INFO - Sync 1 DAGs
[2023-11-03T20:02:53.165+0000] {logging_mixin.py:151} INFO - [2023-11-03T20:02:53.164+0000] {dag.py:3722} INFO - Setting next_dagrun for example_python_operator to None, run_after=None
[2023-11-03T20:02:53.235+0000] {processor.py:179} INFO - Processing /home/airflow/.local/lib/python3.8/site-packages/airflow/example_dags/example_python_operator.py took 0.244 seconds
[2023-11-03T20:03:24.321+0000] {processor.py:157} INFO - Started process (PID=35995) to work on /home/airflow/.local/lib/python3.8/site-packages/airflow/example_dags/example_python_operator.py
[2023-11-03T20:03:24.324+0000] {processor.py:829} INFO - Processing file /home/airflow/.local/lib/python3.8/site-packages/airflow/example_dags/example_python_operator.py for tasks to queue
[2023-11-03T20:03:24.334+0000] {logging_mixin.py:151} INFO - [2023-11-03T20:03:24.332+0000] {dagbag.py:536} INFO - Filling up the DagBag from /home/airflow/.local/lib/python3.8/site-packages/airflow/example_dags/example_python_operator.py
[2023-11-03T20:03:24.372+0000] {processor.py:839} INFO - DAG(s) dict_keys(['example_python_operator']) retrieved from /home/airflow/.local/lib/python3.8/site-packages/airflow/example_dags/example_python_operator.py
[2023-11-03T20:03:24.431+0000] {logging_mixin.py:151} INFO - [2023-11-03T20:03:24.430+0000] {dag.py:2941} INFO - Sync 1 DAGs
[2023-11-03T20:03:24.472+0000] {logging_mixin.py:151} INFO - [2023-11-03T20:03:24.471+0000] {dag.py:3722} INFO - Setting next_dagrun for example_python_operator to None, run_after=None
[2023-11-03T20:03:24.533+0000] {processor.py:179} INFO - Processing /home/airflow/.local/lib/python3.8/site-packages/airflow/example_dags/example_python_operator.py took 0.222 seconds
[2023-11-03T20:03:55.000+0000] {processor.py:157} INFO - Started process (PID=36058) to work on /home/airflow/.local/lib/python3.8/site-packages/airflow/example_dags/example_python_operator.py
[2023-11-03T20:03:55.003+0000] {processor.py:829} INFO - Processing file /home/airflow/.local/lib/python3.8/site-packages/airflow/example_dags/example_python_operator.py for tasks to queue
[2023-11-03T20:03:55.012+0000] {logging_mixin.py:151} INFO - [2023-11-03T20:03:55.011+0000] {dagbag.py:536} INFO - Filling up the DagBag from /home/airflow/.local/lib/python3.8/site-packages/airflow/example_dags/example_python_operator.py
[2023-11-03T20:03:55.068+0000] {processor.py:839} INFO - DAG(s) dict_keys(['example_python_operator']) retrieved from /home/airflow/.local/lib/python3.8/site-packages/airflow/example_dags/example_python_operator.py
[2023-11-03T20:03:55.150+0000] {logging_mixin.py:151} INFO - [2023-11-03T20:03:55.149+0000] {dag.py:2941} INFO - Sync 1 DAGs
[2023-11-03T20:03:55.186+0000] {logging_mixin.py:151} INFO - [2023-11-03T20:03:55.185+0000] {dag.py:3722} INFO - Setting next_dagrun for example_python_operator to None, run_after=None
[2023-11-03T20:03:55.272+0000] {processor.py:179} INFO - Processing /home/airflow/.local/lib/python3.8/site-packages/airflow/example_dags/example_python_operator.py took 0.281 seconds
[2023-11-03T20:04:25.479+0000] {processor.py:157} INFO - Started process (PID=36118) to work on /home/airflow/.local/lib/python3.8/site-packages/airflow/example_dags/example_python_operator.py
[2023-11-03T20:04:25.481+0000] {processor.py:829} INFO - Processing file /home/airflow/.local/lib/python3.8/site-packages/airflow/example_dags/example_python_operator.py for tasks to queue
[2023-11-03T20:04:25.488+0000] {logging_mixin.py:151} INFO - [2023-11-03T20:04:25.487+0000] {dagbag.py:536} INFO - Filling up the DagBag from /home/airflow/.local/lib/python3.8/site-packages/airflow/example_dags/example_python_operator.py
[2023-11-03T20:04:25.513+0000] {processor.py:839} INFO - DAG(s) dict_keys(['example_python_operator']) retrieved from /home/airflow/.local/lib/python3.8/site-packages/airflow/example_dags/example_python_operator.py
[2023-11-03T20:04:25.572+0000] {logging_mixin.py:151} INFO - [2023-11-03T20:04:25.572+0000] {dag.py:2941} INFO - Sync 1 DAGs
[2023-11-03T20:04:25.622+0000] {logging_mixin.py:151} INFO - [2023-11-03T20:04:25.621+0000] {dag.py:3722} INFO - Setting next_dagrun for example_python_operator to None, run_after=None
[2023-11-03T20:04:25.681+0000] {processor.py:179} INFO - Processing /home/airflow/.local/lib/python3.8/site-packages/airflow/example_dags/example_python_operator.py took 0.209 seconds
[2023-11-03T20:04:56.577+0000] {processor.py:157} INFO - Started process (PID=36180) to work on /home/airflow/.local/lib/python3.8/site-packages/airflow/example_dags/example_python_operator.py
[2023-11-03T20:04:56.580+0000] {processor.py:829} INFO - Processing file /home/airflow/.local/lib/python3.8/site-packages/airflow/example_dags/example_python_operator.py for tasks to queue
[2023-11-03T20:04:56.587+0000] {logging_mixin.py:151} INFO - [2023-11-03T20:04:56.586+0000] {dagbag.py:536} INFO - Filling up the DagBag from /home/airflow/.local/lib/python3.8/site-packages/airflow/example_dags/example_python_operator.py
[2023-11-03T20:04:56.614+0000] {processor.py:839} INFO - DAG(s) dict_keys(['example_python_operator']) retrieved from /home/airflow/.local/lib/python3.8/site-packages/airflow/example_dags/example_python_operator.py
[2023-11-03T20:04:56.671+0000] {logging_mixin.py:151} INFO - [2023-11-03T20:04:56.670+0000] {dag.py:2941} INFO - Sync 1 DAGs
[2023-11-03T20:04:56.716+0000] {logging_mixin.py:151} INFO - [2023-11-03T20:04:56.716+0000] {dag.py:3722} INFO - Setting next_dagrun for example_python_operator to None, run_after=None
[2023-11-03T20:04:56.789+0000] {processor.py:179} INFO - Processing /home/airflow/.local/lib/python3.8/site-packages/airflow/example_dags/example_python_operator.py took 0.219 seconds
[2023-11-03T20:05:27.215+0000] {processor.py:157} INFO - Started process (PID=36242) to work on /home/airflow/.local/lib/python3.8/site-packages/airflow/example_dags/example_python_operator.py
[2023-11-03T20:05:27.218+0000] {processor.py:829} INFO - Processing file /home/airflow/.local/lib/python3.8/site-packages/airflow/example_dags/example_python_operator.py for tasks to queue
[2023-11-03T20:05:27.226+0000] {logging_mixin.py:151} INFO - [2023-11-03T20:05:27.225+0000] {dagbag.py:536} INFO - Filling up the DagBag from /home/airflow/.local/lib/python3.8/site-packages/airflow/example_dags/example_python_operator.py
[2023-11-03T20:05:27.265+0000] {processor.py:839} INFO - DAG(s) dict_keys(['example_python_operator']) retrieved from /home/airflow/.local/lib/python3.8/site-packages/airflow/example_dags/example_python_operator.py
[2023-11-03T20:05:27.341+0000] {logging_mixin.py:151} INFO - [2023-11-03T20:05:27.340+0000] {dag.py:2941} INFO - Sync 1 DAGs
[2023-11-03T20:05:27.392+0000] {logging_mixin.py:151} INFO - [2023-11-03T20:05:27.391+0000] {dag.py:3722} INFO - Setting next_dagrun for example_python_operator to None, run_after=None
[2023-11-03T20:05:27.467+0000] {processor.py:179} INFO - Processing /home/airflow/.local/lib/python3.8/site-packages/airflow/example_dags/example_python_operator.py took 0.265 seconds
[2023-11-03T20:05:58.393+0000] {processor.py:157} INFO - Started process (PID=36304) to work on /home/airflow/.local/lib/python3.8/site-packages/airflow/example_dags/example_python_operator.py
[2023-11-03T20:05:58.396+0000] {processor.py:829} INFO - Processing file /home/airflow/.local/lib/python3.8/site-packages/airflow/example_dags/example_python_operator.py for tasks to queue
[2023-11-03T20:05:58.405+0000] {logging_mixin.py:151} INFO - [2023-11-03T20:05:58.404+0000] {dagbag.py:536} INFO - Filling up the DagBag from /home/airflow/.local/lib/python3.8/site-packages/airflow/example_dags/example_python_operator.py
[2023-11-03T20:05:58.448+0000] {processor.py:839} INFO - DAG(s) dict_keys(['example_python_operator']) retrieved from /home/airflow/.local/lib/python3.8/site-packages/airflow/example_dags/example_python_operator.py
[2023-11-03T20:05:58.509+0000] {logging_mixin.py:151} INFO - [2023-11-03T20:05:58.508+0000] {dag.py:2941} INFO - Sync 1 DAGs
[2023-11-03T20:05:58.543+0000] {logging_mixin.py:151} INFO - [2023-11-03T20:05:58.542+0000] {dag.py:3722} INFO - Setting next_dagrun for example_python_operator to None, run_after=None
[2023-11-03T20:05:58.600+0000] {processor.py:179} INFO - Processing /home/airflow/.local/lib/python3.8/site-packages/airflow/example_dags/example_python_operator.py took 0.215 seconds
