[2023-11-03T19:42:51.427+0000] {processor.py:157} INFO - Started process (PID=33512) to work on /home/airflow/.local/lib/python3.8/site-packages/airflow/example_dags/example_local_kubernetes_executor.py
[2023-11-03T19:42:51.430+0000] {processor.py:829} INFO - Processing file /home/airflow/.local/lib/python3.8/site-packages/airflow/example_dags/example_local_kubernetes_executor.py for tasks to queue
[2023-11-03T19:42:51.437+0000] {logging_mixin.py:151} INFO - [2023-11-03T19:42:51.436+0000] {dagbag.py:536} INFO - Filling up the DagBag from /home/airflow/.local/lib/python3.8/site-packages/airflow/example_dags/example_local_kubernetes_executor.py
[2023-11-03T19:42:51.462+0000] {processor.py:839} INFO - DAG(s) dict_keys(['example_local_kubernetes_executor']) retrieved from /home/airflow/.local/lib/python3.8/site-packages/airflow/example_dags/example_local_kubernetes_executor.py
[2023-11-03T19:42:51.606+0000] {logging_mixin.py:151} INFO - [2023-11-03T19:42:51.599+0000] {dag.py:2941} INFO - Sync 1 DAGs
[2023-11-03T19:42:52.160+0000] {logging_mixin.py:151} INFO - [2023-11-03T19:42:52.159+0000] {dag.py:3722} INFO - Setting next_dagrun for example_local_kubernetes_executor to None, run_after=None
[2023-11-03T19:42:52.235+0000] {processor.py:179} INFO - Processing /home/airflow/.local/lib/python3.8/site-packages/airflow/example_dags/example_local_kubernetes_executor.py took 0.819 seconds
[2023-11-03T19:43:22.498+0000] {processor.py:157} INFO - Started process (PID=33574) to work on /home/airflow/.local/lib/python3.8/site-packages/airflow/example_dags/example_local_kubernetes_executor.py
[2023-11-03T19:43:22.501+0000] {processor.py:829} INFO - Processing file /home/airflow/.local/lib/python3.8/site-packages/airflow/example_dags/example_local_kubernetes_executor.py for tasks to queue
[2023-11-03T19:43:22.508+0000] {logging_mixin.py:151} INFO - [2023-11-03T19:43:22.507+0000] {dagbag.py:536} INFO - Filling up the DagBag from /home/airflow/.local/lib/python3.8/site-packages/airflow/example_dags/example_local_kubernetes_executor.py
[2023-11-03T19:43:22.530+0000] {processor.py:839} INFO - DAG(s) dict_keys(['example_local_kubernetes_executor']) retrieved from /home/airflow/.local/lib/python3.8/site-packages/airflow/example_dags/example_local_kubernetes_executor.py
[2023-11-03T19:43:22.632+0000] {logging_mixin.py:151} INFO - [2023-11-03T19:43:22.631+0000] {dag.py:2941} INFO - Sync 1 DAGs
[2023-11-03T19:43:22.672+0000] {logging_mixin.py:151} INFO - [2023-11-03T19:43:22.671+0000] {dag.py:3722} INFO - Setting next_dagrun for example_local_kubernetes_executor to None, run_after=None
[2023-11-03T19:43:22.736+0000] {processor.py:179} INFO - Processing /home/airflow/.local/lib/python3.8/site-packages/airflow/example_dags/example_local_kubernetes_executor.py took 0.247 seconds
[2023-11-03T19:43:52.992+0000] {processor.py:157} INFO - Started process (PID=33636) to work on /home/airflow/.local/lib/python3.8/site-packages/airflow/example_dags/example_local_kubernetes_executor.py
[2023-11-03T19:43:52.995+0000] {processor.py:829} INFO - Processing file /home/airflow/.local/lib/python3.8/site-packages/airflow/example_dags/example_local_kubernetes_executor.py for tasks to queue
[2023-11-03T19:43:53.003+0000] {logging_mixin.py:151} INFO - [2023-11-03T19:43:53.001+0000] {dagbag.py:536} INFO - Filling up the DagBag from /home/airflow/.local/lib/python3.8/site-packages/airflow/example_dags/example_local_kubernetes_executor.py
[2023-11-03T19:43:53.027+0000] {processor.py:839} INFO - DAG(s) dict_keys(['example_local_kubernetes_executor']) retrieved from /home/airflow/.local/lib/python3.8/site-packages/airflow/example_dags/example_local_kubernetes_executor.py
[2023-11-03T19:43:53.145+0000] {logging_mixin.py:151} INFO - [2023-11-03T19:43:53.144+0000] {dag.py:2941} INFO - Sync 1 DAGs
[2023-11-03T19:43:53.182+0000] {logging_mixin.py:151} INFO - [2023-11-03T19:43:53.181+0000] {dag.py:3722} INFO - Setting next_dagrun for example_local_kubernetes_executor to None, run_after=None
[2023-11-03T19:43:53.251+0000] {processor.py:179} INFO - Processing /home/airflow/.local/lib/python3.8/site-packages/airflow/example_dags/example_local_kubernetes_executor.py took 0.269 seconds
[2023-11-03T19:44:23.626+0000] {processor.py:157} INFO - Started process (PID=33698) to work on /home/airflow/.local/lib/python3.8/site-packages/airflow/example_dags/example_local_kubernetes_executor.py
[2023-11-03T19:44:23.628+0000] {processor.py:829} INFO - Processing file /home/airflow/.local/lib/python3.8/site-packages/airflow/example_dags/example_local_kubernetes_executor.py for tasks to queue
[2023-11-03T19:44:23.635+0000] {logging_mixin.py:151} INFO - [2023-11-03T19:44:23.634+0000] {dagbag.py:536} INFO - Filling up the DagBag from /home/airflow/.local/lib/python3.8/site-packages/airflow/example_dags/example_local_kubernetes_executor.py
[2023-11-03T19:44:23.655+0000] {processor.py:839} INFO - DAG(s) dict_keys(['example_local_kubernetes_executor']) retrieved from /home/airflow/.local/lib/python3.8/site-packages/airflow/example_dags/example_local_kubernetes_executor.py
[2023-11-03T19:44:23.810+0000] {logging_mixin.py:151} INFO - [2023-11-03T19:44:23.809+0000] {dag.py:2941} INFO - Sync 1 DAGs
[2023-11-03T19:44:23.884+0000] {logging_mixin.py:151} INFO - [2023-11-03T19:44:23.883+0000] {dag.py:3722} INFO - Setting next_dagrun for example_local_kubernetes_executor to None, run_after=None
[2023-11-03T19:44:23.975+0000] {processor.py:179} INFO - Processing /home/airflow/.local/lib/python3.8/site-packages/airflow/example_dags/example_local_kubernetes_executor.py took 0.357 seconds
[2023-11-03T19:44:54.072+0000] {processor.py:157} INFO - Started process (PID=33760) to work on /home/airflow/.local/lib/python3.8/site-packages/airflow/example_dags/example_local_kubernetes_executor.py
[2023-11-03T19:44:54.075+0000] {processor.py:829} INFO - Processing file /home/airflow/.local/lib/python3.8/site-packages/airflow/example_dags/example_local_kubernetes_executor.py for tasks to queue
[2023-11-03T19:44:54.084+0000] {logging_mixin.py:151} INFO - [2023-11-03T19:44:54.083+0000] {dagbag.py:536} INFO - Filling up the DagBag from /home/airflow/.local/lib/python3.8/site-packages/airflow/example_dags/example_local_kubernetes_executor.py
[2023-11-03T19:44:54.112+0000] {processor.py:839} INFO - DAG(s) dict_keys(['example_local_kubernetes_executor']) retrieved from /home/airflow/.local/lib/python3.8/site-packages/airflow/example_dags/example_local_kubernetes_executor.py
[2023-11-03T19:44:54.211+0000] {logging_mixin.py:151} INFO - [2023-11-03T19:44:54.211+0000] {dag.py:2941} INFO - Sync 1 DAGs
[2023-11-03T19:44:54.245+0000] {logging_mixin.py:151} INFO - [2023-11-03T19:44:54.245+0000] {dag.py:3722} INFO - Setting next_dagrun for example_local_kubernetes_executor to None, run_after=None
[2023-11-03T19:44:54.303+0000] {processor.py:179} INFO - Processing /home/airflow/.local/lib/python3.8/site-packages/airflow/example_dags/example_local_kubernetes_executor.py took 0.241 seconds
[2023-11-03T19:45:24.402+0000] {processor.py:157} INFO - Started process (PID=33823) to work on /home/airflow/.local/lib/python3.8/site-packages/airflow/example_dags/example_local_kubernetes_executor.py
[2023-11-03T19:45:24.405+0000] {processor.py:829} INFO - Processing file /home/airflow/.local/lib/python3.8/site-packages/airflow/example_dags/example_local_kubernetes_executor.py for tasks to queue
[2023-11-03T19:45:24.413+0000] {logging_mixin.py:151} INFO - [2023-11-03T19:45:24.412+0000] {dagbag.py:536} INFO - Filling up the DagBag from /home/airflow/.local/lib/python3.8/site-packages/airflow/example_dags/example_local_kubernetes_executor.py
[2023-11-03T19:45:24.438+0000] {processor.py:839} INFO - DAG(s) dict_keys(['example_local_kubernetes_executor']) retrieved from /home/airflow/.local/lib/python3.8/site-packages/airflow/example_dags/example_local_kubernetes_executor.py
[2023-11-03T19:45:24.546+0000] {logging_mixin.py:151} INFO - [2023-11-03T19:45:24.546+0000] {dag.py:2941} INFO - Sync 1 DAGs
[2023-11-03T19:45:24.586+0000] {logging_mixin.py:151} INFO - [2023-11-03T19:45:24.585+0000] {dag.py:3722} INFO - Setting next_dagrun for example_local_kubernetes_executor to None, run_after=None
[2023-11-03T19:45:24.645+0000] {processor.py:179} INFO - Processing /home/airflow/.local/lib/python3.8/site-packages/airflow/example_dags/example_local_kubernetes_executor.py took 0.252 seconds
[2023-11-03T19:45:55.272+0000] {processor.py:157} INFO - Started process (PID=33885) to work on /home/airflow/.local/lib/python3.8/site-packages/airflow/example_dags/example_local_kubernetes_executor.py
[2023-11-03T19:45:55.274+0000] {processor.py:829} INFO - Processing file /home/airflow/.local/lib/python3.8/site-packages/airflow/example_dags/example_local_kubernetes_executor.py for tasks to queue
[2023-11-03T19:45:55.281+0000] {logging_mixin.py:151} INFO - [2023-11-03T19:45:55.279+0000] {dagbag.py:536} INFO - Filling up the DagBag from /home/airflow/.local/lib/python3.8/site-packages/airflow/example_dags/example_local_kubernetes_executor.py
[2023-11-03T19:45:55.299+0000] {processor.py:839} INFO - DAG(s) dict_keys(['example_local_kubernetes_executor']) retrieved from /home/airflow/.local/lib/python3.8/site-packages/airflow/example_dags/example_local_kubernetes_executor.py
[2023-11-03T19:45:55.382+0000] {logging_mixin.py:151} INFO - [2023-11-03T19:45:55.381+0000] {dag.py:2941} INFO - Sync 1 DAGs
[2023-11-03T19:45:55.417+0000] {logging_mixin.py:151} INFO - [2023-11-03T19:45:55.416+0000] {dag.py:3722} INFO - Setting next_dagrun for example_local_kubernetes_executor to None, run_after=None
[2023-11-03T19:45:55.481+0000] {processor.py:179} INFO - Processing /home/airflow/.local/lib/python3.8/site-packages/airflow/example_dags/example_local_kubernetes_executor.py took 0.216 seconds
[2023-11-03T19:46:26.163+0000] {processor.py:157} INFO - Started process (PID=33947) to work on /home/airflow/.local/lib/python3.8/site-packages/airflow/example_dags/example_local_kubernetes_executor.py
[2023-11-03T19:46:26.165+0000] {processor.py:829} INFO - Processing file /home/airflow/.local/lib/python3.8/site-packages/airflow/example_dags/example_local_kubernetes_executor.py for tasks to queue
[2023-11-03T19:46:26.171+0000] {logging_mixin.py:151} INFO - [2023-11-03T19:46:26.170+0000] {dagbag.py:536} INFO - Filling up the DagBag from /home/airflow/.local/lib/python3.8/site-packages/airflow/example_dags/example_local_kubernetes_executor.py
[2023-11-03T19:46:26.202+0000] {processor.py:839} INFO - DAG(s) dict_keys(['example_local_kubernetes_executor']) retrieved from /home/airflow/.local/lib/python3.8/site-packages/airflow/example_dags/example_local_kubernetes_executor.py
[2023-11-03T19:46:26.294+0000] {logging_mixin.py:151} INFO - [2023-11-03T19:46:26.293+0000] {dag.py:2941} INFO - Sync 1 DAGs
[2023-11-03T19:46:26.338+0000] {logging_mixin.py:151} INFO - [2023-11-03T19:46:26.337+0000] {dag.py:3722} INFO - Setting next_dagrun for example_local_kubernetes_executor to None, run_after=None
[2023-11-03T19:46:26.399+0000] {processor.py:179} INFO - Processing /home/airflow/.local/lib/python3.8/site-packages/airflow/example_dags/example_local_kubernetes_executor.py took 0.243 seconds
[2023-11-03T19:46:57.293+0000] {processor.py:157} INFO - Started process (PID=34009) to work on /home/airflow/.local/lib/python3.8/site-packages/airflow/example_dags/example_local_kubernetes_executor.py
[2023-11-03T19:46:57.296+0000] {processor.py:829} INFO - Processing file /home/airflow/.local/lib/python3.8/site-packages/airflow/example_dags/example_local_kubernetes_executor.py for tasks to queue
[2023-11-03T19:46:57.305+0000] {logging_mixin.py:151} INFO - [2023-11-03T19:46:57.303+0000] {dagbag.py:536} INFO - Filling up the DagBag from /home/airflow/.local/lib/python3.8/site-packages/airflow/example_dags/example_local_kubernetes_executor.py
[2023-11-03T19:46:57.328+0000] {processor.py:839} INFO - DAG(s) dict_keys(['example_local_kubernetes_executor']) retrieved from /home/airflow/.local/lib/python3.8/site-packages/airflow/example_dags/example_local_kubernetes_executor.py
[2023-11-03T19:46:57.444+0000] {logging_mixin.py:151} INFO - [2023-11-03T19:46:57.443+0000] {dag.py:2941} INFO - Sync 1 DAGs
[2023-11-03T19:46:57.489+0000] {logging_mixin.py:151} INFO - [2023-11-03T19:46:57.489+0000] {dag.py:3722} INFO - Setting next_dagrun for example_local_kubernetes_executor to None, run_after=None
[2023-11-03T19:46:57.582+0000] {processor.py:179} INFO - Processing /home/airflow/.local/lib/python3.8/site-packages/airflow/example_dags/example_local_kubernetes_executor.py took 0.296 seconds
[2023-11-03T19:47:27.673+0000] {processor.py:157} INFO - Started process (PID=34071) to work on /home/airflow/.local/lib/python3.8/site-packages/airflow/example_dags/example_local_kubernetes_executor.py
[2023-11-03T19:47:27.675+0000] {processor.py:829} INFO - Processing file /home/airflow/.local/lib/python3.8/site-packages/airflow/example_dags/example_local_kubernetes_executor.py for tasks to queue
[2023-11-03T19:47:27.682+0000] {logging_mixin.py:151} INFO - [2023-11-03T19:47:27.681+0000] {dagbag.py:536} INFO - Filling up the DagBag from /home/airflow/.local/lib/python3.8/site-packages/airflow/example_dags/example_local_kubernetes_executor.py
[2023-11-03T19:47:27.716+0000] {processor.py:839} INFO - DAG(s) dict_keys(['example_local_kubernetes_executor']) retrieved from /home/airflow/.local/lib/python3.8/site-packages/airflow/example_dags/example_local_kubernetes_executor.py
[2023-11-03T19:47:27.925+0000] {logging_mixin.py:151} INFO - [2023-11-03T19:47:27.924+0000] {dag.py:2941} INFO - Sync 1 DAGs
[2023-11-03T19:47:27.996+0000] {logging_mixin.py:151} INFO - [2023-11-03T19:47:27.995+0000] {dag.py:3722} INFO - Setting next_dagrun for example_local_kubernetes_executor to None, run_after=None
[2023-11-03T19:47:28.103+0000] {processor.py:179} INFO - Processing /home/airflow/.local/lib/python3.8/site-packages/airflow/example_dags/example_local_kubernetes_executor.py took 0.439 seconds
[2023-11-03T19:47:58.204+0000] {processor.py:157} INFO - Started process (PID=34133) to work on /home/airflow/.local/lib/python3.8/site-packages/airflow/example_dags/example_local_kubernetes_executor.py
[2023-11-03T19:47:58.208+0000] {processor.py:829} INFO - Processing file /home/airflow/.local/lib/python3.8/site-packages/airflow/example_dags/example_local_kubernetes_executor.py for tasks to queue
[2023-11-03T19:47:58.216+0000] {logging_mixin.py:151} INFO - [2023-11-03T19:47:58.215+0000] {dagbag.py:536} INFO - Filling up the DagBag from /home/airflow/.local/lib/python3.8/site-packages/airflow/example_dags/example_local_kubernetes_executor.py
[2023-11-03T19:47:58.253+0000] {processor.py:839} INFO - DAG(s) dict_keys(['example_local_kubernetes_executor']) retrieved from /home/airflow/.local/lib/python3.8/site-packages/airflow/example_dags/example_local_kubernetes_executor.py
[2023-11-03T19:47:58.360+0000] {logging_mixin.py:151} INFO - [2023-11-03T19:47:58.360+0000] {dag.py:2941} INFO - Sync 1 DAGs
[2023-11-03T19:47:58.398+0000] {logging_mixin.py:151} INFO - [2023-11-03T19:47:58.398+0000] {dag.py:3722} INFO - Setting next_dagrun for example_local_kubernetes_executor to None, run_after=None
[2023-11-03T19:47:58.469+0000] {processor.py:179} INFO - Processing /home/airflow/.local/lib/python3.8/site-packages/airflow/example_dags/example_local_kubernetes_executor.py took 0.285 seconds
[2023-11-03T19:48:28.967+0000] {processor.py:157} INFO - Started process (PID=34195) to work on /home/airflow/.local/lib/python3.8/site-packages/airflow/example_dags/example_local_kubernetes_executor.py
[2023-11-03T19:48:28.970+0000] {processor.py:829} INFO - Processing file /home/airflow/.local/lib/python3.8/site-packages/airflow/example_dags/example_local_kubernetes_executor.py for tasks to queue
[2023-11-03T19:48:28.977+0000] {logging_mixin.py:151} INFO - [2023-11-03T19:48:28.975+0000] {dagbag.py:536} INFO - Filling up the DagBag from /home/airflow/.local/lib/python3.8/site-packages/airflow/example_dags/example_local_kubernetes_executor.py
[2023-11-03T19:48:29.001+0000] {processor.py:839} INFO - DAG(s) dict_keys(['example_local_kubernetes_executor']) retrieved from /home/airflow/.local/lib/python3.8/site-packages/airflow/example_dags/example_local_kubernetes_executor.py
[2023-11-03T19:48:29.096+0000] {logging_mixin.py:151} INFO - [2023-11-03T19:48:29.096+0000] {dag.py:2941} INFO - Sync 1 DAGs
[2023-11-03T19:48:29.139+0000] {logging_mixin.py:151} INFO - [2023-11-03T19:48:29.139+0000] {dag.py:3722} INFO - Setting next_dagrun for example_local_kubernetes_executor to None, run_after=None
[2023-11-03T19:48:29.211+0000] {processor.py:179} INFO - Processing /home/airflow/.local/lib/python3.8/site-packages/airflow/example_dags/example_local_kubernetes_executor.py took 0.259 seconds
[2023-11-03T19:48:59.404+0000] {processor.py:157} INFO - Started process (PID=34257) to work on /home/airflow/.local/lib/python3.8/site-packages/airflow/example_dags/example_local_kubernetes_executor.py
[2023-11-03T19:48:59.406+0000] {processor.py:829} INFO - Processing file /home/airflow/.local/lib/python3.8/site-packages/airflow/example_dags/example_local_kubernetes_executor.py for tasks to queue
[2023-11-03T19:48:59.413+0000] {logging_mixin.py:151} INFO - [2023-11-03T19:48:59.412+0000] {dagbag.py:536} INFO - Filling up the DagBag from /home/airflow/.local/lib/python3.8/site-packages/airflow/example_dags/example_local_kubernetes_executor.py
[2023-11-03T19:48:59.441+0000] {processor.py:839} INFO - DAG(s) dict_keys(['example_local_kubernetes_executor']) retrieved from /home/airflow/.local/lib/python3.8/site-packages/airflow/example_dags/example_local_kubernetes_executor.py
[2023-11-03T19:48:59.544+0000] {logging_mixin.py:151} INFO - [2023-11-03T19:48:59.543+0000] {dag.py:2941} INFO - Sync 1 DAGs
[2023-11-03T19:48:59.596+0000] {logging_mixin.py:151} INFO - [2023-11-03T19:48:59.595+0000] {dag.py:3722} INFO - Setting next_dagrun for example_local_kubernetes_executor to None, run_after=None
[2023-11-03T19:48:59.655+0000] {processor.py:179} INFO - Processing /home/airflow/.local/lib/python3.8/site-packages/airflow/example_dags/example_local_kubernetes_executor.py took 0.259 seconds
[2023-11-03T19:49:30.537+0000] {processor.py:157} INFO - Started process (PID=34319) to work on /home/airflow/.local/lib/python3.8/site-packages/airflow/example_dags/example_local_kubernetes_executor.py
[2023-11-03T19:49:30.540+0000] {processor.py:829} INFO - Processing file /home/airflow/.local/lib/python3.8/site-packages/airflow/example_dags/example_local_kubernetes_executor.py for tasks to queue
[2023-11-03T19:49:30.547+0000] {logging_mixin.py:151} INFO - [2023-11-03T19:49:30.545+0000] {dagbag.py:536} INFO - Filling up the DagBag from /home/airflow/.local/lib/python3.8/site-packages/airflow/example_dags/example_local_kubernetes_executor.py
[2023-11-03T19:49:30.570+0000] {processor.py:839} INFO - DAG(s) dict_keys(['example_local_kubernetes_executor']) retrieved from /home/airflow/.local/lib/python3.8/site-packages/airflow/example_dags/example_local_kubernetes_executor.py
[2023-11-03T19:49:30.648+0000] {logging_mixin.py:151} INFO - [2023-11-03T19:49:30.647+0000] {dag.py:2941} INFO - Sync 1 DAGs
[2023-11-03T19:49:30.683+0000] {logging_mixin.py:151} INFO - [2023-11-03T19:49:30.682+0000] {dag.py:3722} INFO - Setting next_dagrun for example_local_kubernetes_executor to None, run_after=None
[2023-11-03T19:49:30.738+0000] {processor.py:179} INFO - Processing /home/airflow/.local/lib/python3.8/site-packages/airflow/example_dags/example_local_kubernetes_executor.py took 0.207 seconds
[2023-11-03T19:50:00.816+0000] {processor.py:157} INFO - Started process (PID=34381) to work on /home/airflow/.local/lib/python3.8/site-packages/airflow/example_dags/example_local_kubernetes_executor.py
[2023-11-03T19:50:00.819+0000] {processor.py:829} INFO - Processing file /home/airflow/.local/lib/python3.8/site-packages/airflow/example_dags/example_local_kubernetes_executor.py for tasks to queue
[2023-11-03T19:50:00.825+0000] {logging_mixin.py:151} INFO - [2023-11-03T19:50:00.824+0000] {dagbag.py:536} INFO - Filling up the DagBag from /home/airflow/.local/lib/python3.8/site-packages/airflow/example_dags/example_local_kubernetes_executor.py
[2023-11-03T19:50:00.851+0000] {processor.py:839} INFO - DAG(s) dict_keys(['example_local_kubernetes_executor']) retrieved from /home/airflow/.local/lib/python3.8/site-packages/airflow/example_dags/example_local_kubernetes_executor.py
[2023-11-03T19:50:00.940+0000] {logging_mixin.py:151} INFO - [2023-11-03T19:50:00.940+0000] {dag.py:2941} INFO - Sync 1 DAGs
[2023-11-03T19:50:00.978+0000] {logging_mixin.py:151} INFO - [2023-11-03T19:50:00.978+0000] {dag.py:3722} INFO - Setting next_dagrun for example_local_kubernetes_executor to None, run_after=None
[2023-11-03T19:50:01.034+0000] {processor.py:179} INFO - Processing /home/airflow/.local/lib/python3.8/site-packages/airflow/example_dags/example_local_kubernetes_executor.py took 0.227 seconds
[2023-11-03T19:50:31.301+0000] {processor.py:157} INFO - Started process (PID=34443) to work on /home/airflow/.local/lib/python3.8/site-packages/airflow/example_dags/example_local_kubernetes_executor.py
[2023-11-03T19:50:31.304+0000] {processor.py:829} INFO - Processing file /home/airflow/.local/lib/python3.8/site-packages/airflow/example_dags/example_local_kubernetes_executor.py for tasks to queue
[2023-11-03T19:50:31.311+0000] {logging_mixin.py:151} INFO - [2023-11-03T19:50:31.309+0000] {dagbag.py:536} INFO - Filling up the DagBag from /home/airflow/.local/lib/python3.8/site-packages/airflow/example_dags/example_local_kubernetes_executor.py
[2023-11-03T19:50:31.332+0000] {processor.py:839} INFO - DAG(s) dict_keys(['example_local_kubernetes_executor']) retrieved from /home/airflow/.local/lib/python3.8/site-packages/airflow/example_dags/example_local_kubernetes_executor.py
[2023-11-03T19:50:31.427+0000] {logging_mixin.py:151} INFO - [2023-11-03T19:50:31.426+0000] {dag.py:2941} INFO - Sync 1 DAGs
[2023-11-03T19:50:31.466+0000] {logging_mixin.py:151} INFO - [2023-11-03T19:50:31.465+0000] {dag.py:3722} INFO - Setting next_dagrun for example_local_kubernetes_executor to None, run_after=None
[2023-11-03T19:50:31.522+0000] {processor.py:179} INFO - Processing /home/airflow/.local/lib/python3.8/site-packages/airflow/example_dags/example_local_kubernetes_executor.py took 0.231 seconds
[2023-11-03T19:51:02.360+0000] {processor.py:157} INFO - Started process (PID=34505) to work on /home/airflow/.local/lib/python3.8/site-packages/airflow/example_dags/example_local_kubernetes_executor.py
[2023-11-03T19:51:02.362+0000] {processor.py:829} INFO - Processing file /home/airflow/.local/lib/python3.8/site-packages/airflow/example_dags/example_local_kubernetes_executor.py for tasks to queue
[2023-11-03T19:51:02.370+0000] {logging_mixin.py:151} INFO - [2023-11-03T19:51:02.368+0000] {dagbag.py:536} INFO - Filling up the DagBag from /home/airflow/.local/lib/python3.8/site-packages/airflow/example_dags/example_local_kubernetes_executor.py
[2023-11-03T19:51:02.389+0000] {processor.py:839} INFO - DAG(s) dict_keys(['example_local_kubernetes_executor']) retrieved from /home/airflow/.local/lib/python3.8/site-packages/airflow/example_dags/example_local_kubernetes_executor.py
[2023-11-03T19:51:02.480+0000] {logging_mixin.py:151} INFO - [2023-11-03T19:51:02.479+0000] {dag.py:2941} INFO - Sync 1 DAGs
[2023-11-03T19:51:02.515+0000] {logging_mixin.py:151} INFO - [2023-11-03T19:51:02.514+0000] {dag.py:3722} INFO - Setting next_dagrun for example_local_kubernetes_executor to None, run_after=None
[2023-11-03T19:51:02.570+0000] {processor.py:179} INFO - Processing /home/airflow/.local/lib/python3.8/site-packages/airflow/example_dags/example_local_kubernetes_executor.py took 0.216 seconds
[2023-11-03T19:51:33.229+0000] {processor.py:157} INFO - Started process (PID=34567) to work on /home/airflow/.local/lib/python3.8/site-packages/airflow/example_dags/example_local_kubernetes_executor.py
[2023-11-03T19:51:33.232+0000] {processor.py:829} INFO - Processing file /home/airflow/.local/lib/python3.8/site-packages/airflow/example_dags/example_local_kubernetes_executor.py for tasks to queue
[2023-11-03T19:51:33.238+0000] {logging_mixin.py:151} INFO - [2023-11-03T19:51:33.237+0000] {dagbag.py:536} INFO - Filling up the DagBag from /home/airflow/.local/lib/python3.8/site-packages/airflow/example_dags/example_local_kubernetes_executor.py
[2023-11-03T19:51:33.258+0000] {processor.py:839} INFO - DAG(s) dict_keys(['example_local_kubernetes_executor']) retrieved from /home/airflow/.local/lib/python3.8/site-packages/airflow/example_dags/example_local_kubernetes_executor.py
[2023-11-03T19:51:33.350+0000] {logging_mixin.py:151} INFO - [2023-11-03T19:51:33.349+0000] {dag.py:2941} INFO - Sync 1 DAGs
[2023-11-03T19:51:33.394+0000] {logging_mixin.py:151} INFO - [2023-11-03T19:51:33.394+0000] {dag.py:3722} INFO - Setting next_dagrun for example_local_kubernetes_executor to None, run_after=None
[2023-11-03T19:51:33.447+0000] {processor.py:179} INFO - Processing /home/airflow/.local/lib/python3.8/site-packages/airflow/example_dags/example_local_kubernetes_executor.py took 0.226 seconds
[2023-11-03T19:52:05.351+0000] {processor.py:157} INFO - Started process (PID=34636) to work on /home/airflow/.local/lib/python3.8/site-packages/airflow/example_dags/example_local_kubernetes_executor.py
[2023-11-03T19:52:05.354+0000] {processor.py:829} INFO - Processing file /home/airflow/.local/lib/python3.8/site-packages/airflow/example_dags/example_local_kubernetes_executor.py for tasks to queue
[2023-11-03T19:52:05.361+0000] {logging_mixin.py:151} INFO - [2023-11-03T19:52:05.360+0000] {dagbag.py:536} INFO - Filling up the DagBag from /home/airflow/.local/lib/python3.8/site-packages/airflow/example_dags/example_local_kubernetes_executor.py
[2023-11-03T19:52:05.381+0000] {processor.py:839} INFO - DAG(s) dict_keys(['example_local_kubernetes_executor']) retrieved from /home/airflow/.local/lib/python3.8/site-packages/airflow/example_dags/example_local_kubernetes_executor.py
[2023-11-03T19:52:05.466+0000] {logging_mixin.py:151} INFO - [2023-11-03T19:52:05.465+0000] {dag.py:2941} INFO - Sync 1 DAGs
[2023-11-03T19:52:05.497+0000] {logging_mixin.py:151} INFO - [2023-11-03T19:52:05.497+0000] {dag.py:3722} INFO - Setting next_dagrun for example_local_kubernetes_executor to None, run_after=None
[2023-11-03T19:52:05.557+0000] {processor.py:179} INFO - Processing /home/airflow/.local/lib/python3.8/site-packages/airflow/example_dags/example_local_kubernetes_executor.py took 0.216 seconds
[2023-11-03T19:52:36.249+0000] {processor.py:157} INFO - Started process (PID=34698) to work on /home/airflow/.local/lib/python3.8/site-packages/airflow/example_dags/example_local_kubernetes_executor.py
[2023-11-03T19:52:36.252+0000] {processor.py:829} INFO - Processing file /home/airflow/.local/lib/python3.8/site-packages/airflow/example_dags/example_local_kubernetes_executor.py for tasks to queue
[2023-11-03T19:52:36.261+0000] {logging_mixin.py:151} INFO - [2023-11-03T19:52:36.259+0000] {dagbag.py:536} INFO - Filling up the DagBag from /home/airflow/.local/lib/python3.8/site-packages/airflow/example_dags/example_local_kubernetes_executor.py
[2023-11-03T19:52:36.285+0000] {processor.py:839} INFO - DAG(s) dict_keys(['example_local_kubernetes_executor']) retrieved from /home/airflow/.local/lib/python3.8/site-packages/airflow/example_dags/example_local_kubernetes_executor.py
[2023-11-03T19:52:36.377+0000] {logging_mixin.py:151} INFO - [2023-11-03T19:52:36.376+0000] {dag.py:2941} INFO - Sync 1 DAGs
[2023-11-03T19:52:36.419+0000] {logging_mixin.py:151} INFO - [2023-11-03T19:52:36.418+0000] {dag.py:3722} INFO - Setting next_dagrun for example_local_kubernetes_executor to None, run_after=None
[2023-11-03T19:52:36.481+0000] {processor.py:179} INFO - Processing /home/airflow/.local/lib/python3.8/site-packages/airflow/example_dags/example_local_kubernetes_executor.py took 0.243 seconds
[2023-11-03T19:53:06.608+0000] {processor.py:157} INFO - Started process (PID=34760) to work on /home/airflow/.local/lib/python3.8/site-packages/airflow/example_dags/example_local_kubernetes_executor.py
[2023-11-03T19:53:06.611+0000] {processor.py:829} INFO - Processing file /home/airflow/.local/lib/python3.8/site-packages/airflow/example_dags/example_local_kubernetes_executor.py for tasks to queue
[2023-11-03T19:53:06.618+0000] {logging_mixin.py:151} INFO - [2023-11-03T19:53:06.617+0000] {dagbag.py:536} INFO - Filling up the DagBag from /home/airflow/.local/lib/python3.8/site-packages/airflow/example_dags/example_local_kubernetes_executor.py
[2023-11-03T19:53:06.640+0000] {processor.py:839} INFO - DAG(s) dict_keys(['example_local_kubernetes_executor']) retrieved from /home/airflow/.local/lib/python3.8/site-packages/airflow/example_dags/example_local_kubernetes_executor.py
[2023-11-03T19:53:06.748+0000] {logging_mixin.py:151} INFO - [2023-11-03T19:53:06.747+0000] {dag.py:2941} INFO - Sync 1 DAGs
[2023-11-03T19:53:06.786+0000] {logging_mixin.py:151} INFO - [2023-11-03T19:53:06.785+0000] {dag.py:3722} INFO - Setting next_dagrun for example_local_kubernetes_executor to None, run_after=None
[2023-11-03T19:53:06.848+0000] {processor.py:179} INFO - Processing /home/airflow/.local/lib/python3.8/site-packages/airflow/example_dags/example_local_kubernetes_executor.py took 0.253 seconds
[2023-11-03T19:53:37.329+0000] {processor.py:157} INFO - Started process (PID=34822) to work on /home/airflow/.local/lib/python3.8/site-packages/airflow/example_dags/example_local_kubernetes_executor.py
[2023-11-03T19:53:37.332+0000] {processor.py:829} INFO - Processing file /home/airflow/.local/lib/python3.8/site-packages/airflow/example_dags/example_local_kubernetes_executor.py for tasks to queue
[2023-11-03T19:53:37.340+0000] {logging_mixin.py:151} INFO - [2023-11-03T19:53:37.338+0000] {dagbag.py:536} INFO - Filling up the DagBag from /home/airflow/.local/lib/python3.8/site-packages/airflow/example_dags/example_local_kubernetes_executor.py
[2023-11-03T19:53:37.367+0000] {processor.py:839} INFO - DAG(s) dict_keys(['example_local_kubernetes_executor']) retrieved from /home/airflow/.local/lib/python3.8/site-packages/airflow/example_dags/example_local_kubernetes_executor.py
[2023-11-03T19:53:37.484+0000] {logging_mixin.py:151} INFO - [2023-11-03T19:53:37.483+0000] {dag.py:2941} INFO - Sync 1 DAGs
[2023-11-03T19:53:37.526+0000] {logging_mixin.py:151} INFO - [2023-11-03T19:53:37.525+0000] {dag.py:3722} INFO - Setting next_dagrun for example_local_kubernetes_executor to None, run_after=None
[2023-11-03T19:53:37.599+0000] {processor.py:179} INFO - Processing /home/airflow/.local/lib/python3.8/site-packages/airflow/example_dags/example_local_kubernetes_executor.py took 0.280 seconds
[2023-11-03T19:54:09.244+0000] {processor.py:157} INFO - Started process (PID=34884) to work on /home/airflow/.local/lib/python3.8/site-packages/airflow/example_dags/example_local_kubernetes_executor.py
[2023-11-03T19:54:09.247+0000] {processor.py:829} INFO - Processing file /home/airflow/.local/lib/python3.8/site-packages/airflow/example_dags/example_local_kubernetes_executor.py for tasks to queue
[2023-11-03T19:54:09.254+0000] {logging_mixin.py:151} INFO - [2023-11-03T19:54:09.253+0000] {dagbag.py:536} INFO - Filling up the DagBag from /home/airflow/.local/lib/python3.8/site-packages/airflow/example_dags/example_local_kubernetes_executor.py
[2023-11-03T19:54:09.275+0000] {processor.py:839} INFO - DAG(s) dict_keys(['example_local_kubernetes_executor']) retrieved from /home/airflow/.local/lib/python3.8/site-packages/airflow/example_dags/example_local_kubernetes_executor.py
[2023-11-03T19:54:09.371+0000] {logging_mixin.py:151} INFO - [2023-11-03T19:54:09.370+0000] {dag.py:2941} INFO - Sync 1 DAGs
[2023-11-03T19:54:09.408+0000] {logging_mixin.py:151} INFO - [2023-11-03T19:54:09.408+0000] {dag.py:3722} INFO - Setting next_dagrun for example_local_kubernetes_executor to None, run_after=None
[2023-11-03T19:54:09.478+0000] {processor.py:179} INFO - Processing /home/airflow/.local/lib/python3.8/site-packages/airflow/example_dags/example_local_kubernetes_executor.py took 0.244 seconds
[2023-11-03T19:54:39.663+0000] {processor.py:157} INFO - Started process (PID=34946) to work on /home/airflow/.local/lib/python3.8/site-packages/airflow/example_dags/example_local_kubernetes_executor.py
[2023-11-03T19:54:39.667+0000] {processor.py:829} INFO - Processing file /home/airflow/.local/lib/python3.8/site-packages/airflow/example_dags/example_local_kubernetes_executor.py for tasks to queue
[2023-11-03T19:54:39.676+0000] {logging_mixin.py:151} INFO - [2023-11-03T19:54:39.674+0000] {dagbag.py:536} INFO - Filling up the DagBag from /home/airflow/.local/lib/python3.8/site-packages/airflow/example_dags/example_local_kubernetes_executor.py
[2023-11-03T19:54:39.703+0000] {processor.py:839} INFO - DAG(s) dict_keys(['example_local_kubernetes_executor']) retrieved from /home/airflow/.local/lib/python3.8/site-packages/airflow/example_dags/example_local_kubernetes_executor.py
[2023-11-03T19:54:39.953+0000] {logging_mixin.py:151} INFO - [2023-11-03T19:54:39.951+0000] {dag.py:2941} INFO - Sync 1 DAGs
[2023-11-03T19:54:40.007+0000] {logging_mixin.py:151} INFO - [2023-11-03T19:54:40.006+0000] {dag.py:3722} INFO - Setting next_dagrun for example_local_kubernetes_executor to None, run_after=None
[2023-11-03T19:54:40.076+0000] {processor.py:179} INFO - Processing /home/airflow/.local/lib/python3.8/site-packages/airflow/example_dags/example_local_kubernetes_executor.py took 0.426 seconds
[2023-11-03T19:55:10.756+0000] {processor.py:157} INFO - Started process (PID=35008) to work on /home/airflow/.local/lib/python3.8/site-packages/airflow/example_dags/example_local_kubernetes_executor.py
[2023-11-03T19:55:10.759+0000] {processor.py:829} INFO - Processing file /home/airflow/.local/lib/python3.8/site-packages/airflow/example_dags/example_local_kubernetes_executor.py for tasks to queue
[2023-11-03T19:55:10.766+0000] {logging_mixin.py:151} INFO - [2023-11-03T19:55:10.765+0000] {dagbag.py:536} INFO - Filling up the DagBag from /home/airflow/.local/lib/python3.8/site-packages/airflow/example_dags/example_local_kubernetes_executor.py
[2023-11-03T19:55:10.793+0000] {processor.py:839} INFO - DAG(s) dict_keys(['example_local_kubernetes_executor']) retrieved from /home/airflow/.local/lib/python3.8/site-packages/airflow/example_dags/example_local_kubernetes_executor.py
[2023-11-03T19:55:10.875+0000] {logging_mixin.py:151} INFO - [2023-11-03T19:55:10.874+0000] {dag.py:2941} INFO - Sync 1 DAGs
[2023-11-03T19:55:10.912+0000] {logging_mixin.py:151} INFO - [2023-11-03T19:55:10.912+0000] {dag.py:3722} INFO - Setting next_dagrun for example_local_kubernetes_executor to None, run_after=None
[2023-11-03T19:55:10.986+0000] {processor.py:179} INFO - Processing /home/airflow/.local/lib/python3.8/site-packages/airflow/example_dags/example_local_kubernetes_executor.py took 0.238 seconds
[2023-11-03T19:55:41.412+0000] {processor.py:157} INFO - Started process (PID=35070) to work on /home/airflow/.local/lib/python3.8/site-packages/airflow/example_dags/example_local_kubernetes_executor.py
[2023-11-03T19:55:41.416+0000] {processor.py:829} INFO - Processing file /home/airflow/.local/lib/python3.8/site-packages/airflow/example_dags/example_local_kubernetes_executor.py for tasks to queue
[2023-11-03T19:55:41.426+0000] {logging_mixin.py:151} INFO - [2023-11-03T19:55:41.424+0000] {dagbag.py:536} INFO - Filling up the DagBag from /home/airflow/.local/lib/python3.8/site-packages/airflow/example_dags/example_local_kubernetes_executor.py
[2023-11-03T19:55:41.458+0000] {processor.py:839} INFO - DAG(s) dict_keys(['example_local_kubernetes_executor']) retrieved from /home/airflow/.local/lib/python3.8/site-packages/airflow/example_dags/example_local_kubernetes_executor.py
[2023-11-03T19:55:41.578+0000] {logging_mixin.py:151} INFO - [2023-11-03T19:55:41.577+0000] {dag.py:2941} INFO - Sync 1 DAGs
[2023-11-03T19:55:41.613+0000] {logging_mixin.py:151} INFO - [2023-11-03T19:55:41.613+0000] {dag.py:3722} INFO - Setting next_dagrun for example_local_kubernetes_executor to None, run_after=None
[2023-11-03T19:55:41.686+0000] {processor.py:179} INFO - Processing /home/airflow/.local/lib/python3.8/site-packages/airflow/example_dags/example_local_kubernetes_executor.py took 0.286 seconds
[2023-11-03T19:56:11.997+0000] {processor.py:157} INFO - Started process (PID=35132) to work on /home/airflow/.local/lib/python3.8/site-packages/airflow/example_dags/example_local_kubernetes_executor.py
[2023-11-03T19:56:12.000+0000] {processor.py:829} INFO - Processing file /home/airflow/.local/lib/python3.8/site-packages/airflow/example_dags/example_local_kubernetes_executor.py for tasks to queue
[2023-11-03T19:56:12.007+0000] {logging_mixin.py:151} INFO - [2023-11-03T19:56:12.006+0000] {dagbag.py:536} INFO - Filling up the DagBag from /home/airflow/.local/lib/python3.8/site-packages/airflow/example_dags/example_local_kubernetes_executor.py
[2023-11-03T19:56:12.034+0000] {processor.py:839} INFO - DAG(s) dict_keys(['example_local_kubernetes_executor']) retrieved from /home/airflow/.local/lib/python3.8/site-packages/airflow/example_dags/example_local_kubernetes_executor.py
[2023-11-03T19:56:12.126+0000] {logging_mixin.py:151} INFO - [2023-11-03T19:56:12.125+0000] {dag.py:2941} INFO - Sync 1 DAGs
[2023-11-03T19:56:12.161+0000] {logging_mixin.py:151} INFO - [2023-11-03T19:56:12.161+0000] {dag.py:3722} INFO - Setting next_dagrun for example_local_kubernetes_executor to None, run_after=None
[2023-11-03T19:56:12.239+0000] {processor.py:179} INFO - Processing /home/airflow/.local/lib/python3.8/site-packages/airflow/example_dags/example_local_kubernetes_executor.py took 0.251 seconds
[2023-11-03T19:56:42.854+0000] {processor.py:157} INFO - Started process (PID=35194) to work on /home/airflow/.local/lib/python3.8/site-packages/airflow/example_dags/example_local_kubernetes_executor.py
[2023-11-03T19:56:42.856+0000] {processor.py:829} INFO - Processing file /home/airflow/.local/lib/python3.8/site-packages/airflow/example_dags/example_local_kubernetes_executor.py for tasks to queue
[2023-11-03T19:56:42.864+0000] {logging_mixin.py:151} INFO - [2023-11-03T19:56:42.862+0000] {dagbag.py:536} INFO - Filling up the DagBag from /home/airflow/.local/lib/python3.8/site-packages/airflow/example_dags/example_local_kubernetes_executor.py
[2023-11-03T19:56:42.892+0000] {processor.py:839} INFO - DAG(s) dict_keys(['example_local_kubernetes_executor']) retrieved from /home/airflow/.local/lib/python3.8/site-packages/airflow/example_dags/example_local_kubernetes_executor.py
[2023-11-03T19:56:42.986+0000] {logging_mixin.py:151} INFO - [2023-11-03T19:56:42.985+0000] {dag.py:2941} INFO - Sync 1 DAGs
[2023-11-03T19:56:43.026+0000] {logging_mixin.py:151} INFO - [2023-11-03T19:56:43.025+0000] {dag.py:3722} INFO - Setting next_dagrun for example_local_kubernetes_executor to None, run_after=None
[2023-11-03T19:56:43.088+0000] {processor.py:179} INFO - Processing /home/airflow/.local/lib/python3.8/site-packages/airflow/example_dags/example_local_kubernetes_executor.py took 0.242 seconds
[2023-11-03T19:57:13.293+0000] {processor.py:157} INFO - Started process (PID=35256) to work on /home/airflow/.local/lib/python3.8/site-packages/airflow/example_dags/example_local_kubernetes_executor.py
[2023-11-03T19:57:13.295+0000] {processor.py:829} INFO - Processing file /home/airflow/.local/lib/python3.8/site-packages/airflow/example_dags/example_local_kubernetes_executor.py for tasks to queue
[2023-11-03T19:57:13.305+0000] {logging_mixin.py:151} INFO - [2023-11-03T19:57:13.303+0000] {dagbag.py:536} INFO - Filling up the DagBag from /home/airflow/.local/lib/python3.8/site-packages/airflow/example_dags/example_local_kubernetes_executor.py
[2023-11-03T19:57:13.327+0000] {processor.py:839} INFO - DAG(s) dict_keys(['example_local_kubernetes_executor']) retrieved from /home/airflow/.local/lib/python3.8/site-packages/airflow/example_dags/example_local_kubernetes_executor.py
[2023-11-03T19:57:13.438+0000] {logging_mixin.py:151} INFO - [2023-11-03T19:57:13.437+0000] {dag.py:2941} INFO - Sync 1 DAGs
[2023-11-03T19:57:13.470+0000] {logging_mixin.py:151} INFO - [2023-11-03T19:57:13.470+0000] {dag.py:3722} INFO - Setting next_dagrun for example_local_kubernetes_executor to None, run_after=None
[2023-11-03T19:57:13.529+0000] {processor.py:179} INFO - Processing /home/airflow/.local/lib/python3.8/site-packages/airflow/example_dags/example_local_kubernetes_executor.py took 0.243 seconds
[2023-11-03T19:57:44.403+0000] {processor.py:157} INFO - Started process (PID=35318) to work on /home/airflow/.local/lib/python3.8/site-packages/airflow/example_dags/example_local_kubernetes_executor.py
[2023-11-03T19:57:44.406+0000] {processor.py:829} INFO - Processing file /home/airflow/.local/lib/python3.8/site-packages/airflow/example_dags/example_local_kubernetes_executor.py for tasks to queue
[2023-11-03T19:57:44.415+0000] {logging_mixin.py:151} INFO - [2023-11-03T19:57:44.413+0000] {dagbag.py:536} INFO - Filling up the DagBag from /home/airflow/.local/lib/python3.8/site-packages/airflow/example_dags/example_local_kubernetes_executor.py
[2023-11-03T19:57:44.440+0000] {processor.py:839} INFO - DAG(s) dict_keys(['example_local_kubernetes_executor']) retrieved from /home/airflow/.local/lib/python3.8/site-packages/airflow/example_dags/example_local_kubernetes_executor.py
[2023-11-03T19:57:44.595+0000] {logging_mixin.py:151} INFO - [2023-11-03T19:57:44.594+0000] {dag.py:2941} INFO - Sync 1 DAGs
[2023-11-03T19:57:44.656+0000] {logging_mixin.py:151} INFO - [2023-11-03T19:57:44.655+0000] {dag.py:3722} INFO - Setting next_dagrun for example_local_kubernetes_executor to None, run_after=None
[2023-11-03T19:57:44.732+0000] {processor.py:179} INFO - Processing /home/airflow/.local/lib/python3.8/site-packages/airflow/example_dags/example_local_kubernetes_executor.py took 0.341 seconds
[2023-11-03T19:58:15.506+0000] {processor.py:157} INFO - Started process (PID=35380) to work on /home/airflow/.local/lib/python3.8/site-packages/airflow/example_dags/example_local_kubernetes_executor.py
[2023-11-03T19:58:15.508+0000] {processor.py:829} INFO - Processing file /home/airflow/.local/lib/python3.8/site-packages/airflow/example_dags/example_local_kubernetes_executor.py for tasks to queue
[2023-11-03T19:58:15.515+0000] {logging_mixin.py:151} INFO - [2023-11-03T19:58:15.514+0000] {dagbag.py:536} INFO - Filling up the DagBag from /home/airflow/.local/lib/python3.8/site-packages/airflow/example_dags/example_local_kubernetes_executor.py
[2023-11-03T19:58:15.538+0000] {processor.py:839} INFO - DAG(s) dict_keys(['example_local_kubernetes_executor']) retrieved from /home/airflow/.local/lib/python3.8/site-packages/airflow/example_dags/example_local_kubernetes_executor.py
[2023-11-03T19:58:15.650+0000] {logging_mixin.py:151} INFO - [2023-11-03T19:58:15.649+0000] {dag.py:2941} INFO - Sync 1 DAGs
[2023-11-03T19:58:15.686+0000] {logging_mixin.py:151} INFO - [2023-11-03T19:58:15.685+0000] {dag.py:3722} INFO - Setting next_dagrun for example_local_kubernetes_executor to None, run_after=None
[2023-11-03T19:58:15.867+0000] {processor.py:179} INFO - Processing /home/airflow/.local/lib/python3.8/site-packages/airflow/example_dags/example_local_kubernetes_executor.py took 0.371 seconds
[2023-11-03T19:58:46.263+0000] {processor.py:157} INFO - Started process (PID=35442) to work on /home/airflow/.local/lib/python3.8/site-packages/airflow/example_dags/example_local_kubernetes_executor.py
[2023-11-03T19:58:46.265+0000] {processor.py:829} INFO - Processing file /home/airflow/.local/lib/python3.8/site-packages/airflow/example_dags/example_local_kubernetes_executor.py for tasks to queue
[2023-11-03T19:58:46.272+0000] {logging_mixin.py:151} INFO - [2023-11-03T19:58:46.271+0000] {dagbag.py:536} INFO - Filling up the DagBag from /home/airflow/.local/lib/python3.8/site-packages/airflow/example_dags/example_local_kubernetes_executor.py
[2023-11-03T19:58:46.300+0000] {processor.py:839} INFO - DAG(s) dict_keys(['example_local_kubernetes_executor']) retrieved from /home/airflow/.local/lib/python3.8/site-packages/airflow/example_dags/example_local_kubernetes_executor.py
[2023-11-03T19:58:46.384+0000] {logging_mixin.py:151} INFO - [2023-11-03T19:58:46.383+0000] {dag.py:2941} INFO - Sync 1 DAGs
[2023-11-03T19:58:46.414+0000] {logging_mixin.py:151} INFO - [2023-11-03T19:58:46.414+0000] {dag.py:3722} INFO - Setting next_dagrun for example_local_kubernetes_executor to None, run_after=None
[2023-11-03T19:58:46.470+0000] {processor.py:179} INFO - Processing /home/airflow/.local/lib/python3.8/site-packages/airflow/example_dags/example_local_kubernetes_executor.py took 0.215 seconds
[2023-11-03T19:59:16.960+0000] {processor.py:157} INFO - Started process (PID=35504) to work on /home/airflow/.local/lib/python3.8/site-packages/airflow/example_dags/example_local_kubernetes_executor.py
[2023-11-03T19:59:16.962+0000] {processor.py:829} INFO - Processing file /home/airflow/.local/lib/python3.8/site-packages/airflow/example_dags/example_local_kubernetes_executor.py for tasks to queue
[2023-11-03T19:59:16.972+0000] {logging_mixin.py:151} INFO - [2023-11-03T19:59:16.970+0000] {dagbag.py:536} INFO - Filling up the DagBag from /home/airflow/.local/lib/python3.8/site-packages/airflow/example_dags/example_local_kubernetes_executor.py
[2023-11-03T19:59:16.994+0000] {processor.py:839} INFO - DAG(s) dict_keys(['example_local_kubernetes_executor']) retrieved from /home/airflow/.local/lib/python3.8/site-packages/airflow/example_dags/example_local_kubernetes_executor.py
[2023-11-03T19:59:17.076+0000] {logging_mixin.py:151} INFO - [2023-11-03T19:59:17.075+0000] {dag.py:2941} INFO - Sync 1 DAGs
[2023-11-03T19:59:17.111+0000] {logging_mixin.py:151} INFO - [2023-11-03T19:59:17.110+0000] {dag.py:3722} INFO - Setting next_dagrun for example_local_kubernetes_executor to None, run_after=None
[2023-11-03T19:59:17.171+0000] {processor.py:179} INFO - Processing /home/airflow/.local/lib/python3.8/site-packages/airflow/example_dags/example_local_kubernetes_executor.py took 0.218 seconds
[2023-11-03T19:59:47.656+0000] {processor.py:157} INFO - Started process (PID=35566) to work on /home/airflow/.local/lib/python3.8/site-packages/airflow/example_dags/example_local_kubernetes_executor.py
[2023-11-03T19:59:47.658+0000] {processor.py:829} INFO - Processing file /home/airflow/.local/lib/python3.8/site-packages/airflow/example_dags/example_local_kubernetes_executor.py for tasks to queue
[2023-11-03T19:59:47.665+0000] {logging_mixin.py:151} INFO - [2023-11-03T19:59:47.664+0000] {dagbag.py:536} INFO - Filling up the DagBag from /home/airflow/.local/lib/python3.8/site-packages/airflow/example_dags/example_local_kubernetes_executor.py
[2023-11-03T19:59:47.683+0000] {processor.py:839} INFO - DAG(s) dict_keys(['example_local_kubernetes_executor']) retrieved from /home/airflow/.local/lib/python3.8/site-packages/airflow/example_dags/example_local_kubernetes_executor.py
[2023-11-03T19:59:47.928+0000] {logging_mixin.py:151} INFO - [2023-11-03T19:59:47.927+0000] {dag.py:2941} INFO - Sync 1 DAGs
[2023-11-03T19:59:47.976+0000] {logging_mixin.py:151} INFO - [2023-11-03T19:59:47.975+0000] {dag.py:3722} INFO - Setting next_dagrun for example_local_kubernetes_executor to None, run_after=None
[2023-11-03T19:59:48.039+0000] {processor.py:179} INFO - Processing /home/airflow/.local/lib/python3.8/site-packages/airflow/example_dags/example_local_kubernetes_executor.py took 0.392 seconds
[2023-11-03T20:00:18.883+0000] {processor.py:157} INFO - Started process (PID=35628) to work on /home/airflow/.local/lib/python3.8/site-packages/airflow/example_dags/example_local_kubernetes_executor.py
[2023-11-03T20:00:18.885+0000] {processor.py:829} INFO - Processing file /home/airflow/.local/lib/python3.8/site-packages/airflow/example_dags/example_local_kubernetes_executor.py for tasks to queue
[2023-11-03T20:00:18.892+0000] {logging_mixin.py:151} INFO - [2023-11-03T20:00:18.891+0000] {dagbag.py:536} INFO - Filling up the DagBag from /home/airflow/.local/lib/python3.8/site-packages/airflow/example_dags/example_local_kubernetes_executor.py
[2023-11-03T20:00:18.921+0000] {processor.py:839} INFO - DAG(s) dict_keys(['example_local_kubernetes_executor']) retrieved from /home/airflow/.local/lib/python3.8/site-packages/airflow/example_dags/example_local_kubernetes_executor.py
[2023-11-03T20:00:19.027+0000] {logging_mixin.py:151} INFO - [2023-11-03T20:00:19.026+0000] {dag.py:2941} INFO - Sync 1 DAGs
[2023-11-03T20:00:19.070+0000] {logging_mixin.py:151} INFO - [2023-11-03T20:00:19.070+0000] {dag.py:3722} INFO - Setting next_dagrun for example_local_kubernetes_executor to None, run_after=None
[2023-11-03T20:00:19.134+0000] {processor.py:179} INFO - Processing /home/airflow/.local/lib/python3.8/site-packages/airflow/example_dags/example_local_kubernetes_executor.py took 0.259 seconds
[2023-11-03T20:00:50.185+0000] {processor.py:157} INFO - Started process (PID=35690) to work on /home/airflow/.local/lib/python3.8/site-packages/airflow/example_dags/example_local_kubernetes_executor.py
[2023-11-03T20:00:50.189+0000] {processor.py:829} INFO - Processing file /home/airflow/.local/lib/python3.8/site-packages/airflow/example_dags/example_local_kubernetes_executor.py for tasks to queue
[2023-11-03T20:00:50.201+0000] {logging_mixin.py:151} INFO - [2023-11-03T20:00:50.199+0000] {dagbag.py:536} INFO - Filling up the DagBag from /home/airflow/.local/lib/python3.8/site-packages/airflow/example_dags/example_local_kubernetes_executor.py
[2023-11-03T20:00:50.226+0000] {processor.py:839} INFO - DAG(s) dict_keys(['example_local_kubernetes_executor']) retrieved from /home/airflow/.local/lib/python3.8/site-packages/airflow/example_dags/example_local_kubernetes_executor.py
[2023-11-03T20:00:50.328+0000] {logging_mixin.py:151} INFO - [2023-11-03T20:00:50.327+0000] {dag.py:2941} INFO - Sync 1 DAGs
[2023-11-03T20:00:50.363+0000] {logging_mixin.py:151} INFO - [2023-11-03T20:00:50.363+0000] {dag.py:3722} INFO - Setting next_dagrun for example_local_kubernetes_executor to None, run_after=None
[2023-11-03T20:00:50.422+0000] {processor.py:179} INFO - Processing /home/airflow/.local/lib/python3.8/site-packages/airflow/example_dags/example_local_kubernetes_executor.py took 0.246 seconds
[2023-11-03T20:01:21.460+0000] {processor.py:157} INFO - Started process (PID=35752) to work on /home/airflow/.local/lib/python3.8/site-packages/airflow/example_dags/example_local_kubernetes_executor.py
[2023-11-03T20:01:21.463+0000] {processor.py:829} INFO - Processing file /home/airflow/.local/lib/python3.8/site-packages/airflow/example_dags/example_local_kubernetes_executor.py for tasks to queue
[2023-11-03T20:01:21.472+0000] {logging_mixin.py:151} INFO - [2023-11-03T20:01:21.470+0000] {dagbag.py:536} INFO - Filling up the DagBag from /home/airflow/.local/lib/python3.8/site-packages/airflow/example_dags/example_local_kubernetes_executor.py
[2023-11-03T20:01:21.500+0000] {processor.py:839} INFO - DAG(s) dict_keys(['example_local_kubernetes_executor']) retrieved from /home/airflow/.local/lib/python3.8/site-packages/airflow/example_dags/example_local_kubernetes_executor.py
[2023-11-03T20:01:21.606+0000] {logging_mixin.py:151} INFO - [2023-11-03T20:01:21.605+0000] {dag.py:2941} INFO - Sync 1 DAGs
[2023-11-03T20:01:21.660+0000] {logging_mixin.py:151} INFO - [2023-11-03T20:01:21.659+0000] {dag.py:3722} INFO - Setting next_dagrun for example_local_kubernetes_executor to None, run_after=None
[2023-11-03T20:01:21.793+0000] {processor.py:179} INFO - Processing /home/airflow/.local/lib/python3.8/site-packages/airflow/example_dags/example_local_kubernetes_executor.py took 0.343 seconds
[2023-11-03T20:01:52.363+0000] {processor.py:157} INFO - Started process (PID=35814) to work on /home/airflow/.local/lib/python3.8/site-packages/airflow/example_dags/example_local_kubernetes_executor.py
[2023-11-03T20:01:52.366+0000] {processor.py:829} INFO - Processing file /home/airflow/.local/lib/python3.8/site-packages/airflow/example_dags/example_local_kubernetes_executor.py for tasks to queue
[2023-11-03T20:01:52.374+0000] {logging_mixin.py:151} INFO - [2023-11-03T20:01:52.372+0000] {dagbag.py:536} INFO - Filling up the DagBag from /home/airflow/.local/lib/python3.8/site-packages/airflow/example_dags/example_local_kubernetes_executor.py
[2023-11-03T20:01:52.413+0000] {processor.py:839} INFO - DAG(s) dict_keys(['example_local_kubernetes_executor']) retrieved from /home/airflow/.local/lib/python3.8/site-packages/airflow/example_dags/example_local_kubernetes_executor.py
[2023-11-03T20:01:52.525+0000] {logging_mixin.py:151} INFO - [2023-11-03T20:01:52.524+0000] {dag.py:2941} INFO - Sync 1 DAGs
[2023-11-03T20:01:52.563+0000] {logging_mixin.py:151} INFO - [2023-11-03T20:01:52.562+0000] {dag.py:3722} INFO - Setting next_dagrun for example_local_kubernetes_executor to None, run_after=None
[2023-11-03T20:01:52.621+0000] {processor.py:179} INFO - Processing /home/airflow/.local/lib/python3.8/site-packages/airflow/example_dags/example_local_kubernetes_executor.py took 0.265 seconds
[2023-11-03T20:02:23.125+0000] {processor.py:157} INFO - Started process (PID=35876) to work on /home/airflow/.local/lib/python3.8/site-packages/airflow/example_dags/example_local_kubernetes_executor.py
[2023-11-03T20:02:23.128+0000] {processor.py:829} INFO - Processing file /home/airflow/.local/lib/python3.8/site-packages/airflow/example_dags/example_local_kubernetes_executor.py for tasks to queue
[2023-11-03T20:02:23.136+0000] {logging_mixin.py:151} INFO - [2023-11-03T20:02:23.135+0000] {dagbag.py:536} INFO - Filling up the DagBag from /home/airflow/.local/lib/python3.8/site-packages/airflow/example_dags/example_local_kubernetes_executor.py
[2023-11-03T20:02:23.162+0000] {processor.py:839} INFO - DAG(s) dict_keys(['example_local_kubernetes_executor']) retrieved from /home/airflow/.local/lib/python3.8/site-packages/airflow/example_dags/example_local_kubernetes_executor.py
[2023-11-03T20:02:23.250+0000] {logging_mixin.py:151} INFO - [2023-11-03T20:02:23.249+0000] {dag.py:2941} INFO - Sync 1 DAGs
[2023-11-03T20:02:23.279+0000] {logging_mixin.py:151} INFO - [2023-11-03T20:02:23.278+0000] {dag.py:3722} INFO - Setting next_dagrun for example_local_kubernetes_executor to None, run_after=None
[2023-11-03T20:02:23.335+0000] {processor.py:179} INFO - Processing /home/airflow/.local/lib/python3.8/site-packages/airflow/example_dags/example_local_kubernetes_executor.py took 0.217 seconds
[2023-11-03T20:02:53.977+0000] {processor.py:157} INFO - Started process (PID=35938) to work on /home/airflow/.local/lib/python3.8/site-packages/airflow/example_dags/example_local_kubernetes_executor.py
[2023-11-03T20:02:53.982+0000] {processor.py:829} INFO - Processing file /home/airflow/.local/lib/python3.8/site-packages/airflow/example_dags/example_local_kubernetes_executor.py for tasks to queue
[2023-11-03T20:02:53.991+0000] {logging_mixin.py:151} INFO - [2023-11-03T20:02:53.989+0000] {dagbag.py:536} INFO - Filling up the DagBag from /home/airflow/.local/lib/python3.8/site-packages/airflow/example_dags/example_local_kubernetes_executor.py
[2023-11-03T20:02:54.020+0000] {processor.py:839} INFO - DAG(s) dict_keys(['example_local_kubernetes_executor']) retrieved from /home/airflow/.local/lib/python3.8/site-packages/airflow/example_dags/example_local_kubernetes_executor.py
[2023-11-03T20:02:54.112+0000] {logging_mixin.py:151} INFO - [2023-11-03T20:02:54.111+0000] {dag.py:2941} INFO - Sync 1 DAGs
[2023-11-03T20:02:54.147+0000] {logging_mixin.py:151} INFO - [2023-11-03T20:02:54.146+0000] {dag.py:3722} INFO - Setting next_dagrun for example_local_kubernetes_executor to None, run_after=None
[2023-11-03T20:02:54.208+0000] {processor.py:179} INFO - Processing /home/airflow/.local/lib/python3.8/site-packages/airflow/example_dags/example_local_kubernetes_executor.py took 0.241 seconds
[2023-11-03T20:03:25.567+0000] {processor.py:157} INFO - Started process (PID=36001) to work on /home/airflow/.local/lib/python3.8/site-packages/airflow/example_dags/example_local_kubernetes_executor.py
[2023-11-03T20:03:25.569+0000] {processor.py:829} INFO - Processing file /home/airflow/.local/lib/python3.8/site-packages/airflow/example_dags/example_local_kubernetes_executor.py for tasks to queue
[2023-11-03T20:03:25.576+0000] {logging_mixin.py:151} INFO - [2023-11-03T20:03:25.574+0000] {dagbag.py:536} INFO - Filling up the DagBag from /home/airflow/.local/lib/python3.8/site-packages/airflow/example_dags/example_local_kubernetes_executor.py
[2023-11-03T20:03:25.600+0000] {processor.py:839} INFO - DAG(s) dict_keys(['example_local_kubernetes_executor']) retrieved from /home/airflow/.local/lib/python3.8/site-packages/airflow/example_dags/example_local_kubernetes_executor.py
[2023-11-03T20:03:25.690+0000] {logging_mixin.py:151} INFO - [2023-11-03T20:03:25.690+0000] {dag.py:2941} INFO - Sync 1 DAGs
[2023-11-03T20:03:25.730+0000] {logging_mixin.py:151} INFO - [2023-11-03T20:03:25.729+0000] {dag.py:3722} INFO - Setting next_dagrun for example_local_kubernetes_executor to None, run_after=None
[2023-11-03T20:03:25.782+0000] {processor.py:179} INFO - Processing /home/airflow/.local/lib/python3.8/site-packages/airflow/example_dags/example_local_kubernetes_executor.py took 0.223 seconds
[2023-11-03T20:03:56.432+0000] {processor.py:157} INFO - Started process (PID=36064) to work on /home/airflow/.local/lib/python3.8/site-packages/airflow/example_dags/example_local_kubernetes_executor.py
[2023-11-03T20:03:56.435+0000] {processor.py:829} INFO - Processing file /home/airflow/.local/lib/python3.8/site-packages/airflow/example_dags/example_local_kubernetes_executor.py for tasks to queue
[2023-11-03T20:03:56.442+0000] {logging_mixin.py:151} INFO - [2023-11-03T20:03:56.440+0000] {dagbag.py:536} INFO - Filling up the DagBag from /home/airflow/.local/lib/python3.8/site-packages/airflow/example_dags/example_local_kubernetes_executor.py
[2023-11-03T20:03:56.463+0000] {processor.py:839} INFO - DAG(s) dict_keys(['example_local_kubernetes_executor']) retrieved from /home/airflow/.local/lib/python3.8/site-packages/airflow/example_dags/example_local_kubernetes_executor.py
[2023-11-03T20:03:56.545+0000] {logging_mixin.py:151} INFO - [2023-11-03T20:03:56.544+0000] {dag.py:2941} INFO - Sync 1 DAGs
[2023-11-03T20:03:56.588+0000] {logging_mixin.py:151} INFO - [2023-11-03T20:03:56.587+0000] {dag.py:3722} INFO - Setting next_dagrun for example_local_kubernetes_executor to None, run_after=None
[2023-11-03T20:03:56.655+0000] {processor.py:179} INFO - Processing /home/airflow/.local/lib/python3.8/site-packages/airflow/example_dags/example_local_kubernetes_executor.py took 0.231 seconds
[2023-11-03T20:04:27.401+0000] {processor.py:157} INFO - Started process (PID=36125) to work on /home/airflow/.local/lib/python3.8/site-packages/airflow/example_dags/example_local_kubernetes_executor.py
[2023-11-03T20:04:27.405+0000] {processor.py:829} INFO - Processing file /home/airflow/.local/lib/python3.8/site-packages/airflow/example_dags/example_local_kubernetes_executor.py for tasks to queue
[2023-11-03T20:04:27.413+0000] {logging_mixin.py:151} INFO - [2023-11-03T20:04:27.412+0000] {dagbag.py:536} INFO - Filling up the DagBag from /home/airflow/.local/lib/python3.8/site-packages/airflow/example_dags/example_local_kubernetes_executor.py
[2023-11-03T20:04:27.439+0000] {processor.py:839} INFO - DAG(s) dict_keys(['example_local_kubernetes_executor']) retrieved from /home/airflow/.local/lib/python3.8/site-packages/airflow/example_dags/example_local_kubernetes_executor.py
[2023-11-03T20:04:27.574+0000] {logging_mixin.py:151} INFO - [2023-11-03T20:04:27.574+0000] {dag.py:2941} INFO - Sync 1 DAGs
[2023-11-03T20:04:27.614+0000] {logging_mixin.py:151} INFO - [2023-11-03T20:04:27.613+0000] {dag.py:3722} INFO - Setting next_dagrun for example_local_kubernetes_executor to None, run_after=None
[2023-11-03T20:04:27.672+0000] {processor.py:179} INFO - Processing /home/airflow/.local/lib/python3.8/site-packages/airflow/example_dags/example_local_kubernetes_executor.py took 0.282 seconds
[2023-11-03T20:04:58.099+0000] {processor.py:157} INFO - Started process (PID=36187) to work on /home/airflow/.local/lib/python3.8/site-packages/airflow/example_dags/example_local_kubernetes_executor.py
[2023-11-03T20:04:58.102+0000] {processor.py:829} INFO - Processing file /home/airflow/.local/lib/python3.8/site-packages/airflow/example_dags/example_local_kubernetes_executor.py for tasks to queue
[2023-11-03T20:04:58.109+0000] {logging_mixin.py:151} INFO - [2023-11-03T20:04:58.108+0000] {dagbag.py:536} INFO - Filling up the DagBag from /home/airflow/.local/lib/python3.8/site-packages/airflow/example_dags/example_local_kubernetes_executor.py
[2023-11-03T20:04:58.133+0000] {processor.py:839} INFO - DAG(s) dict_keys(['example_local_kubernetes_executor']) retrieved from /home/airflow/.local/lib/python3.8/site-packages/airflow/example_dags/example_local_kubernetes_executor.py
[2023-11-03T20:04:58.228+0000] {logging_mixin.py:151} INFO - [2023-11-03T20:04:58.227+0000] {dag.py:2941} INFO - Sync 1 DAGs
[2023-11-03T20:04:58.261+0000] {logging_mixin.py:151} INFO - [2023-11-03T20:04:58.261+0000] {dag.py:3722} INFO - Setting next_dagrun for example_local_kubernetes_executor to None, run_after=None
[2023-11-03T20:04:58.322+0000] {processor.py:179} INFO - Processing /home/airflow/.local/lib/python3.8/site-packages/airflow/example_dags/example_local_kubernetes_executor.py took 0.231 seconds
[2023-11-03T20:05:29.244+0000] {processor.py:157} INFO - Started process (PID=36249) to work on /home/airflow/.local/lib/python3.8/site-packages/airflow/example_dags/example_local_kubernetes_executor.py
[2023-11-03T20:05:29.247+0000] {processor.py:829} INFO - Processing file /home/airflow/.local/lib/python3.8/site-packages/airflow/example_dags/example_local_kubernetes_executor.py for tasks to queue
[2023-11-03T20:05:29.254+0000] {logging_mixin.py:151} INFO - [2023-11-03T20:05:29.253+0000] {dagbag.py:536} INFO - Filling up the DagBag from /home/airflow/.local/lib/python3.8/site-packages/airflow/example_dags/example_local_kubernetes_executor.py
[2023-11-03T20:05:29.278+0000] {processor.py:839} INFO - DAG(s) dict_keys(['example_local_kubernetes_executor']) retrieved from /home/airflow/.local/lib/python3.8/site-packages/airflow/example_dags/example_local_kubernetes_executor.py
[2023-11-03T20:05:29.389+0000] {logging_mixin.py:151} INFO - [2023-11-03T20:05:29.389+0000] {dag.py:2941} INFO - Sync 1 DAGs
[2023-11-03T20:05:29.426+0000] {logging_mixin.py:151} INFO - [2023-11-03T20:05:29.426+0000] {dag.py:3722} INFO - Setting next_dagrun for example_local_kubernetes_executor to None, run_after=None
[2023-11-03T20:05:29.490+0000] {processor.py:179} INFO - Processing /home/airflow/.local/lib/python3.8/site-packages/airflow/example_dags/example_local_kubernetes_executor.py took 0.255 seconds
[2023-11-03T20:05:59.565+0000] {processor.py:157} INFO - Started process (PID=36311) to work on /home/airflow/.local/lib/python3.8/site-packages/airflow/example_dags/example_local_kubernetes_executor.py
[2023-11-03T20:05:59.567+0000] {processor.py:829} INFO - Processing file /home/airflow/.local/lib/python3.8/site-packages/airflow/example_dags/example_local_kubernetes_executor.py for tasks to queue
[2023-11-03T20:05:59.574+0000] {logging_mixin.py:151} INFO - [2023-11-03T20:05:59.573+0000] {dagbag.py:536} INFO - Filling up the DagBag from /home/airflow/.local/lib/python3.8/site-packages/airflow/example_dags/example_local_kubernetes_executor.py
[2023-11-03T20:05:59.594+0000] {processor.py:839} INFO - DAG(s) dict_keys(['example_local_kubernetes_executor']) retrieved from /home/airflow/.local/lib/python3.8/site-packages/airflow/example_dags/example_local_kubernetes_executor.py
[2023-11-03T20:05:59.679+0000] {logging_mixin.py:151} INFO - [2023-11-03T20:05:59.678+0000] {dag.py:2941} INFO - Sync 1 DAGs
[2023-11-03T20:05:59.712+0000] {logging_mixin.py:151} INFO - [2023-11-03T20:05:59.711+0000] {dag.py:3722} INFO - Setting next_dagrun for example_local_kubernetes_executor to None, run_after=None
[2023-11-03T20:05:59.761+0000] {processor.py:179} INFO - Processing /home/airflow/.local/lib/python3.8/site-packages/airflow/example_dags/example_local_kubernetes_executor.py took 0.203 seconds
