[2023-11-03T19:42:40.752+0000] {processor.py:157} INFO - Started process (PID=33485) to work on /home/airflow/.local/lib/python3.8/site-packages/airflow/example_dags/example_short_circuit_decorator.py
[2023-11-03T19:42:40.757+0000] {processor.py:829} INFO - Processing file /home/airflow/.local/lib/python3.8/site-packages/airflow/example_dags/example_short_circuit_decorator.py for tasks to queue
[2023-11-03T19:42:40.780+0000] {logging_mixin.py:151} INFO - [2023-11-03T19:42:40.779+0000] {dagbag.py:536} INFO - Filling up the DagBag from /home/airflow/.local/lib/python3.8/site-packages/airflow/example_dags/example_short_circuit_decorator.py
[2023-11-03T19:42:40.828+0000] {processor.py:839} INFO - DAG(s) dict_keys(['example_short_circuit_decorator']) retrieved from /home/airflow/.local/lib/python3.8/site-packages/airflow/example_dags/example_short_circuit_decorator.py
[2023-11-03T19:42:40.965+0000] {logging_mixin.py:151} INFO - [2023-11-03T19:42:40.964+0000] {dag.py:2941} INFO - Sync 1 DAGs
[2023-11-03T19:42:41.127+0000] {logging_mixin.py:151} INFO - [2023-11-03T19:42:41.125+0000] {dag.py:3722} INFO - Setting next_dagrun for example_short_circuit_decorator to 2023-11-02T19:42:41.124888+00:00, run_after=2023-11-03T19:42:41.124888+00:00
[2023-11-03T19:42:41.256+0000] {processor.py:179} INFO - Processing /home/airflow/.local/lib/python3.8/site-packages/airflow/example_dags/example_short_circuit_decorator.py took 0.517 seconds
[2023-11-03T19:43:11.986+0000] {processor.py:157} INFO - Started process (PID=33547) to work on /home/airflow/.local/lib/python3.8/site-packages/airflow/example_dags/example_short_circuit_decorator.py
[2023-11-03T19:43:11.989+0000] {processor.py:829} INFO - Processing file /home/airflow/.local/lib/python3.8/site-packages/airflow/example_dags/example_short_circuit_decorator.py for tasks to queue
[2023-11-03T19:43:11.998+0000] {logging_mixin.py:151} INFO - [2023-11-03T19:43:11.997+0000] {dagbag.py:536} INFO - Filling up the DagBag from /home/airflow/.local/lib/python3.8/site-packages/airflow/example_dags/example_short_circuit_decorator.py
[2023-11-03T19:43:12.033+0000] {processor.py:839} INFO - DAG(s) dict_keys(['example_short_circuit_decorator']) retrieved from /home/airflow/.local/lib/python3.8/site-packages/airflow/example_dags/example_short_circuit_decorator.py
[2023-11-03T19:43:12.103+0000] {logging_mixin.py:151} INFO - [2023-11-03T19:43:12.102+0000] {dag.py:2941} INFO - Sync 1 DAGs
[2023-11-03T19:43:12.177+0000] {logging_mixin.py:151} INFO - [2023-11-03T19:43:12.176+0000] {dag.py:3722} INFO - Setting next_dagrun for example_short_circuit_decorator to 2023-11-02T19:43:12.175248+00:00, run_after=2023-11-03T19:43:12.175248+00:00
[2023-11-03T19:43:12.278+0000] {processor.py:179} INFO - Processing /home/airflow/.local/lib/python3.8/site-packages/airflow/example_dags/example_short_circuit_decorator.py took 0.301 seconds
[2023-11-03T19:43:42.866+0000] {processor.py:157} INFO - Started process (PID=33609) to work on /home/airflow/.local/lib/python3.8/site-packages/airflow/example_dags/example_short_circuit_decorator.py
[2023-11-03T19:43:42.869+0000] {processor.py:829} INFO - Processing file /home/airflow/.local/lib/python3.8/site-packages/airflow/example_dags/example_short_circuit_decorator.py for tasks to queue
[2023-11-03T19:43:42.878+0000] {logging_mixin.py:151} INFO - [2023-11-03T19:43:42.877+0000] {dagbag.py:536} INFO - Filling up the DagBag from /home/airflow/.local/lib/python3.8/site-packages/airflow/example_dags/example_short_circuit_decorator.py
[2023-11-03T19:43:42.904+0000] {processor.py:839} INFO - DAG(s) dict_keys(['example_short_circuit_decorator']) retrieved from /home/airflow/.local/lib/python3.8/site-packages/airflow/example_dags/example_short_circuit_decorator.py
[2023-11-03T19:43:42.978+0000] {logging_mixin.py:151} INFO - [2023-11-03T19:43:42.977+0000] {dag.py:2941} INFO - Sync 1 DAGs
[2023-11-03T19:43:43.056+0000] {logging_mixin.py:151} INFO - [2023-11-03T19:43:43.055+0000] {dag.py:3722} INFO - Setting next_dagrun for example_short_circuit_decorator to 2023-11-02T19:43:43.054903+00:00, run_after=2023-11-03T19:43:43.054903+00:00
[2023-11-03T19:43:43.124+0000] {processor.py:179} INFO - Processing /home/airflow/.local/lib/python3.8/site-packages/airflow/example_dags/example_short_circuit_decorator.py took 0.267 seconds
[2023-11-03T19:44:13.566+0000] {processor.py:157} INFO - Started process (PID=33671) to work on /home/airflow/.local/lib/python3.8/site-packages/airflow/example_dags/example_short_circuit_decorator.py
[2023-11-03T19:44:13.569+0000] {processor.py:829} INFO - Processing file /home/airflow/.local/lib/python3.8/site-packages/airflow/example_dags/example_short_circuit_decorator.py for tasks to queue
[2023-11-03T19:44:13.577+0000] {logging_mixin.py:151} INFO - [2023-11-03T19:44:13.575+0000] {dagbag.py:536} INFO - Filling up the DagBag from /home/airflow/.local/lib/python3.8/site-packages/airflow/example_dags/example_short_circuit_decorator.py
[2023-11-03T19:44:13.615+0000] {processor.py:839} INFO - DAG(s) dict_keys(['example_short_circuit_decorator']) retrieved from /home/airflow/.local/lib/python3.8/site-packages/airflow/example_dags/example_short_circuit_decorator.py
[2023-11-03T19:44:13.687+0000] {logging_mixin.py:151} INFO - [2023-11-03T19:44:13.686+0000] {dag.py:2941} INFO - Sync 1 DAGs
[2023-11-03T19:44:13.753+0000] {logging_mixin.py:151} INFO - [2023-11-03T19:44:13.753+0000] {dag.py:3722} INFO - Setting next_dagrun for example_short_circuit_decorator to 2023-11-02T19:44:13.752503+00:00, run_after=2023-11-03T19:44:13.752503+00:00
[2023-11-03T19:44:13.822+0000] {processor.py:179} INFO - Processing /home/airflow/.local/lib/python3.8/site-packages/airflow/example_dags/example_short_circuit_decorator.py took 0.264 seconds
[2023-11-03T19:44:43.967+0000] {processor.py:157} INFO - Started process (PID=33733) to work on /home/airflow/.local/lib/python3.8/site-packages/airflow/example_dags/example_short_circuit_decorator.py
[2023-11-03T19:44:43.969+0000] {processor.py:829} INFO - Processing file /home/airflow/.local/lib/python3.8/site-packages/airflow/example_dags/example_short_circuit_decorator.py for tasks to queue
[2023-11-03T19:44:43.976+0000] {logging_mixin.py:151} INFO - [2023-11-03T19:44:43.975+0000] {dagbag.py:536} INFO - Filling up the DagBag from /home/airflow/.local/lib/python3.8/site-packages/airflow/example_dags/example_short_circuit_decorator.py
[2023-11-03T19:44:44.012+0000] {processor.py:839} INFO - DAG(s) dict_keys(['example_short_circuit_decorator']) retrieved from /home/airflow/.local/lib/python3.8/site-packages/airflow/example_dags/example_short_circuit_decorator.py
[2023-11-03T19:44:44.083+0000] {logging_mixin.py:151} INFO - [2023-11-03T19:44:44.082+0000] {dag.py:2941} INFO - Sync 1 DAGs
[2023-11-03T19:44:44.155+0000] {logging_mixin.py:151} INFO - [2023-11-03T19:44:44.154+0000] {dag.py:3722} INFO - Setting next_dagrun for example_short_circuit_decorator to 2023-11-02T19:44:44.152725+00:00, run_after=2023-11-03T19:44:44.152725+00:00
[2023-11-03T19:44:44.228+0000] {processor.py:179} INFO - Processing /home/airflow/.local/lib/python3.8/site-packages/airflow/example_dags/example_short_circuit_decorator.py took 0.268 seconds
[2023-11-03T19:45:14.355+0000] {processor.py:157} INFO - Started process (PID=33796) to work on /home/airflow/.local/lib/python3.8/site-packages/airflow/example_dags/example_short_circuit_decorator.py
[2023-11-03T19:45:14.358+0000] {processor.py:829} INFO - Processing file /home/airflow/.local/lib/python3.8/site-packages/airflow/example_dags/example_short_circuit_decorator.py for tasks to queue
[2023-11-03T19:45:14.369+0000] {logging_mixin.py:151} INFO - [2023-11-03T19:45:14.366+0000] {dagbag.py:536} INFO - Filling up the DagBag from /home/airflow/.local/lib/python3.8/site-packages/airflow/example_dags/example_short_circuit_decorator.py
[2023-11-03T19:45:14.401+0000] {processor.py:839} INFO - DAG(s) dict_keys(['example_short_circuit_decorator']) retrieved from /home/airflow/.local/lib/python3.8/site-packages/airflow/example_dags/example_short_circuit_decorator.py
[2023-11-03T19:45:14.489+0000] {logging_mixin.py:151} INFO - [2023-11-03T19:45:14.488+0000] {dag.py:2941} INFO - Sync 1 DAGs
[2023-11-03T19:45:14.568+0000] {logging_mixin.py:151} INFO - [2023-11-03T19:45:14.567+0000] {dag.py:3722} INFO - Setting next_dagrun for example_short_circuit_decorator to 2023-11-02T19:45:14.567050+00:00, run_after=2023-11-03T19:45:14.567050+00:00
[2023-11-03T19:45:14.623+0000] {processor.py:179} INFO - Processing /home/airflow/.local/lib/python3.8/site-packages/airflow/example_dags/example_short_circuit_decorator.py took 0.282 seconds
[2023-11-03T19:45:45.289+0000] {processor.py:157} INFO - Started process (PID=33858) to work on /home/airflow/.local/lib/python3.8/site-packages/airflow/example_dags/example_short_circuit_decorator.py
[2023-11-03T19:45:45.291+0000] {processor.py:829} INFO - Processing file /home/airflow/.local/lib/python3.8/site-packages/airflow/example_dags/example_short_circuit_decorator.py for tasks to queue
[2023-11-03T19:45:45.301+0000] {logging_mixin.py:151} INFO - [2023-11-03T19:45:45.299+0000] {dagbag.py:536} INFO - Filling up the DagBag from /home/airflow/.local/lib/python3.8/site-packages/airflow/example_dags/example_short_circuit_decorator.py
[2023-11-03T19:45:45.341+0000] {processor.py:839} INFO - DAG(s) dict_keys(['example_short_circuit_decorator']) retrieved from /home/airflow/.local/lib/python3.8/site-packages/airflow/example_dags/example_short_circuit_decorator.py
[2023-11-03T19:45:45.426+0000] {logging_mixin.py:151} INFO - [2023-11-03T19:45:45.425+0000] {dag.py:2941} INFO - Sync 1 DAGs
[2023-11-03T19:45:45.482+0000] {logging_mixin.py:151} INFO - [2023-11-03T19:45:45.482+0000] {dag.py:3722} INFO - Setting next_dagrun for example_short_circuit_decorator to 2023-11-02T19:45:45.481553+00:00, run_after=2023-11-03T19:45:45.481553+00:00
[2023-11-03T19:45:45.542+0000] {processor.py:179} INFO - Processing /home/airflow/.local/lib/python3.8/site-packages/airflow/example_dags/example_short_circuit_decorator.py took 0.262 seconds
[2023-11-03T19:46:15.786+0000] {processor.py:157} INFO - Started process (PID=33920) to work on /home/airflow/.local/lib/python3.8/site-packages/airflow/example_dags/example_short_circuit_decorator.py
[2023-11-03T19:46:15.790+0000] {processor.py:829} INFO - Processing file /home/airflow/.local/lib/python3.8/site-packages/airflow/example_dags/example_short_circuit_decorator.py for tasks to queue
[2023-11-03T19:46:15.822+0000] {logging_mixin.py:151} INFO - [2023-11-03T19:46:15.820+0000] {dagbag.py:536} INFO - Filling up the DagBag from /home/airflow/.local/lib/python3.8/site-packages/airflow/example_dags/example_short_circuit_decorator.py
[2023-11-03T19:46:15.914+0000] {processor.py:839} INFO - DAG(s) dict_keys(['example_short_circuit_decorator']) retrieved from /home/airflow/.local/lib/python3.8/site-packages/airflow/example_dags/example_short_circuit_decorator.py
[2023-11-03T19:46:16.016+0000] {logging_mixin.py:151} INFO - [2023-11-03T19:46:16.015+0000] {dag.py:2941} INFO - Sync 1 DAGs
[2023-11-03T19:46:16.115+0000] {logging_mixin.py:151} INFO - [2023-11-03T19:46:16.114+0000] {dag.py:3722} INFO - Setting next_dagrun for example_short_circuit_decorator to 2023-11-02T19:46:16.113637+00:00, run_after=2023-11-03T19:46:16.113637+00:00
[2023-11-03T19:46:16.198+0000] {processor.py:179} INFO - Processing /home/airflow/.local/lib/python3.8/site-packages/airflow/example_dags/example_short_circuit_decorator.py took 0.422 seconds
[2023-11-03T19:46:46.563+0000] {processor.py:157} INFO - Started process (PID=33983) to work on /home/airflow/.local/lib/python3.8/site-packages/airflow/example_dags/example_short_circuit_decorator.py
[2023-11-03T19:46:46.566+0000] {processor.py:829} INFO - Processing file /home/airflow/.local/lib/python3.8/site-packages/airflow/example_dags/example_short_circuit_decorator.py for tasks to queue
[2023-11-03T19:46:46.575+0000] {logging_mixin.py:151} INFO - [2023-11-03T19:46:46.573+0000] {dagbag.py:536} INFO - Filling up the DagBag from /home/airflow/.local/lib/python3.8/site-packages/airflow/example_dags/example_short_circuit_decorator.py
[2023-11-03T19:46:46.613+0000] {processor.py:839} INFO - DAG(s) dict_keys(['example_short_circuit_decorator']) retrieved from /home/airflow/.local/lib/python3.8/site-packages/airflow/example_dags/example_short_circuit_decorator.py
[2023-11-03T19:46:46.679+0000] {logging_mixin.py:151} INFO - [2023-11-03T19:46:46.678+0000] {dag.py:2941} INFO - Sync 1 DAGs
[2023-11-03T19:46:46.748+0000] {logging_mixin.py:151} INFO - [2023-11-03T19:46:46.748+0000] {dag.py:3722} INFO - Setting next_dagrun for example_short_circuit_decorator to 2023-11-02T19:46:46.747742+00:00, run_after=2023-11-03T19:46:46.747742+00:00
[2023-11-03T19:46:46.802+0000] {processor.py:179} INFO - Processing /home/airflow/.local/lib/python3.8/site-packages/airflow/example_dags/example_short_circuit_decorator.py took 0.254 seconds
[2023-11-03T19:47:16.957+0000] {processor.py:157} INFO - Started process (PID=34045) to work on /home/airflow/.local/lib/python3.8/site-packages/airflow/example_dags/example_short_circuit_decorator.py
[2023-11-03T19:47:16.959+0000] {processor.py:829} INFO - Processing file /home/airflow/.local/lib/python3.8/site-packages/airflow/example_dags/example_short_circuit_decorator.py for tasks to queue
[2023-11-03T19:47:16.970+0000] {logging_mixin.py:151} INFO - [2023-11-03T19:47:16.968+0000] {dagbag.py:536} INFO - Filling up the DagBag from /home/airflow/.local/lib/python3.8/site-packages/airflow/example_dags/example_short_circuit_decorator.py
[2023-11-03T19:47:17.005+0000] {processor.py:839} INFO - DAG(s) dict_keys(['example_short_circuit_decorator']) retrieved from /home/airflow/.local/lib/python3.8/site-packages/airflow/example_dags/example_short_circuit_decorator.py
[2023-11-03T19:47:17.069+0000] {logging_mixin.py:151} INFO - [2023-11-03T19:47:17.068+0000] {dag.py:2941} INFO - Sync 1 DAGs
[2023-11-03T19:47:17.136+0000] {logging_mixin.py:151} INFO - [2023-11-03T19:47:17.135+0000] {dag.py:3722} INFO - Setting next_dagrun for example_short_circuit_decorator to 2023-11-02T19:47:17.135019+00:00, run_after=2023-11-03T19:47:17.135019+00:00
[2023-11-03T19:47:17.238+0000] {processor.py:179} INFO - Processing /home/airflow/.local/lib/python3.8/site-packages/airflow/example_dags/example_short_circuit_decorator.py took 0.292 seconds
[2023-11-03T19:47:47.501+0000] {processor.py:157} INFO - Started process (PID=34106) to work on /home/airflow/.local/lib/python3.8/site-packages/airflow/example_dags/example_short_circuit_decorator.py
[2023-11-03T19:47:47.504+0000] {processor.py:829} INFO - Processing file /home/airflow/.local/lib/python3.8/site-packages/airflow/example_dags/example_short_circuit_decorator.py for tasks to queue
[2023-11-03T19:47:47.514+0000] {logging_mixin.py:151} INFO - [2023-11-03T19:47:47.512+0000] {dagbag.py:536} INFO - Filling up the DagBag from /home/airflow/.local/lib/python3.8/site-packages/airflow/example_dags/example_short_circuit_decorator.py
[2023-11-03T19:47:47.550+0000] {processor.py:839} INFO - DAG(s) dict_keys(['example_short_circuit_decorator']) retrieved from /home/airflow/.local/lib/python3.8/site-packages/airflow/example_dags/example_short_circuit_decorator.py
[2023-11-03T19:47:47.623+0000] {logging_mixin.py:151} INFO - [2023-11-03T19:47:47.622+0000] {dag.py:2941} INFO - Sync 1 DAGs
[2023-11-03T19:47:47.682+0000] {logging_mixin.py:151} INFO - [2023-11-03T19:47:47.681+0000] {dag.py:3722} INFO - Setting next_dagrun for example_short_circuit_decorator to 2023-11-02T19:47:47.680670+00:00, run_after=2023-11-03T19:47:47.680670+00:00
[2023-11-03T19:47:47.750+0000] {processor.py:179} INFO - Processing /home/airflow/.local/lib/python3.8/site-packages/airflow/example_dags/example_short_circuit_decorator.py took 0.260 seconds
[2023-11-03T19:48:17.909+0000] {processor.py:157} INFO - Started process (PID=34168) to work on /home/airflow/.local/lib/python3.8/site-packages/airflow/example_dags/example_short_circuit_decorator.py
[2023-11-03T19:48:17.911+0000] {processor.py:829} INFO - Processing file /home/airflow/.local/lib/python3.8/site-packages/airflow/example_dags/example_short_circuit_decorator.py for tasks to queue
[2023-11-03T19:48:17.920+0000] {logging_mixin.py:151} INFO - [2023-11-03T19:48:17.918+0000] {dagbag.py:536} INFO - Filling up the DagBag from /home/airflow/.local/lib/python3.8/site-packages/airflow/example_dags/example_short_circuit_decorator.py
[2023-11-03T19:48:17.959+0000] {processor.py:839} INFO - DAG(s) dict_keys(['example_short_circuit_decorator']) retrieved from /home/airflow/.local/lib/python3.8/site-packages/airflow/example_dags/example_short_circuit_decorator.py
[2023-11-03T19:48:18.032+0000] {logging_mixin.py:151} INFO - [2023-11-03T19:48:18.031+0000] {dag.py:2941} INFO - Sync 1 DAGs
[2023-11-03T19:48:18.103+0000] {logging_mixin.py:151} INFO - [2023-11-03T19:48:18.103+0000] {dag.py:3722} INFO - Setting next_dagrun for example_short_circuit_decorator to 2023-11-02T19:48:18.102279+00:00, run_after=2023-11-03T19:48:18.102279+00:00
[2023-11-03T19:48:18.160+0000] {processor.py:179} INFO - Processing /home/airflow/.local/lib/python3.8/site-packages/airflow/example_dags/example_short_circuit_decorator.py took 0.260 seconds
[2023-11-03T19:48:48.634+0000] {processor.py:157} INFO - Started process (PID=34230) to work on /home/airflow/.local/lib/python3.8/site-packages/airflow/example_dags/example_short_circuit_decorator.py
[2023-11-03T19:48:48.637+0000] {processor.py:829} INFO - Processing file /home/airflow/.local/lib/python3.8/site-packages/airflow/example_dags/example_short_circuit_decorator.py for tasks to queue
[2023-11-03T19:48:48.646+0000] {logging_mixin.py:151} INFO - [2023-11-03T19:48:48.645+0000] {dagbag.py:536} INFO - Filling up the DagBag from /home/airflow/.local/lib/python3.8/site-packages/airflow/example_dags/example_short_circuit_decorator.py
[2023-11-03T19:48:48.683+0000] {processor.py:839} INFO - DAG(s) dict_keys(['example_short_circuit_decorator']) retrieved from /home/airflow/.local/lib/python3.8/site-packages/airflow/example_dags/example_short_circuit_decorator.py
[2023-11-03T19:48:48.746+0000] {logging_mixin.py:151} INFO - [2023-11-03T19:48:48.746+0000] {dag.py:2941} INFO - Sync 1 DAGs
[2023-11-03T19:48:48.807+0000] {logging_mixin.py:151} INFO - [2023-11-03T19:48:48.806+0000] {dag.py:3722} INFO - Setting next_dagrun for example_short_circuit_decorator to 2023-11-02T19:48:48.806201+00:00, run_after=2023-11-03T19:48:48.806201+00:00
[2023-11-03T19:48:48.865+0000] {processor.py:179} INFO - Processing /home/airflow/.local/lib/python3.8/site-packages/airflow/example_dags/example_short_circuit_decorator.py took 0.244 seconds
[2023-11-03T19:49:19.238+0000] {processor.py:157} INFO - Started process (PID=34292) to work on /home/airflow/.local/lib/python3.8/site-packages/airflow/example_dags/example_short_circuit_decorator.py
[2023-11-03T19:49:19.242+0000] {processor.py:829} INFO - Processing file /home/airflow/.local/lib/python3.8/site-packages/airflow/example_dags/example_short_circuit_decorator.py for tasks to queue
[2023-11-03T19:49:19.252+0000] {logging_mixin.py:151} INFO - [2023-11-03T19:49:19.251+0000] {dagbag.py:536} INFO - Filling up the DagBag from /home/airflow/.local/lib/python3.8/site-packages/airflow/example_dags/example_short_circuit_decorator.py
[2023-11-03T19:49:19.281+0000] {processor.py:839} INFO - DAG(s) dict_keys(['example_short_circuit_decorator']) retrieved from /home/airflow/.local/lib/python3.8/site-packages/airflow/example_dags/example_short_circuit_decorator.py
[2023-11-03T19:49:19.361+0000] {logging_mixin.py:151} INFO - [2023-11-03T19:49:19.360+0000] {dag.py:2941} INFO - Sync 1 DAGs
[2023-11-03T19:49:19.426+0000] {logging_mixin.py:151} INFO - [2023-11-03T19:49:19.426+0000] {dag.py:3722} INFO - Setting next_dagrun for example_short_circuit_decorator to 2023-11-02T19:49:19.425489+00:00, run_after=2023-11-03T19:49:19.425489+00:00
[2023-11-03T19:49:19.482+0000] {processor.py:179} INFO - Processing /home/airflow/.local/lib/python3.8/site-packages/airflow/example_dags/example_short_circuit_decorator.py took 0.254 seconds
[2023-11-03T19:49:49.551+0000] {processor.py:157} INFO - Started process (PID=34354) to work on /home/airflow/.local/lib/python3.8/site-packages/airflow/example_dags/example_short_circuit_decorator.py
[2023-11-03T19:49:49.554+0000] {processor.py:829} INFO - Processing file /home/airflow/.local/lib/python3.8/site-packages/airflow/example_dags/example_short_circuit_decorator.py for tasks to queue
[2023-11-03T19:49:49.563+0000] {logging_mixin.py:151} INFO - [2023-11-03T19:49:49.561+0000] {dagbag.py:536} INFO - Filling up the DagBag from /home/airflow/.local/lib/python3.8/site-packages/airflow/example_dags/example_short_circuit_decorator.py
[2023-11-03T19:49:49.592+0000] {processor.py:839} INFO - DAG(s) dict_keys(['example_short_circuit_decorator']) retrieved from /home/airflow/.local/lib/python3.8/site-packages/airflow/example_dags/example_short_circuit_decorator.py
[2023-11-03T19:49:49.660+0000] {logging_mixin.py:151} INFO - [2023-11-03T19:49:49.659+0000] {dag.py:2941} INFO - Sync 1 DAGs
[2023-11-03T19:49:49.725+0000] {logging_mixin.py:151} INFO - [2023-11-03T19:49:49.724+0000] {dag.py:3722} INFO - Setting next_dagrun for example_short_circuit_decorator to 2023-11-02T19:49:49.723855+00:00, run_after=2023-11-03T19:49:49.723855+00:00
[2023-11-03T19:49:49.784+0000] {processor.py:179} INFO - Processing /home/airflow/.local/lib/python3.8/site-packages/airflow/example_dags/example_short_circuit_decorator.py took 0.242 seconds
[2023-11-03T19:50:20.396+0000] {processor.py:157} INFO - Started process (PID=34416) to work on /home/airflow/.local/lib/python3.8/site-packages/airflow/example_dags/example_short_circuit_decorator.py
[2023-11-03T19:50:20.399+0000] {processor.py:829} INFO - Processing file /home/airflow/.local/lib/python3.8/site-packages/airflow/example_dags/example_short_circuit_decorator.py for tasks to queue
[2023-11-03T19:50:20.412+0000] {logging_mixin.py:151} INFO - [2023-11-03T19:50:20.411+0000] {dagbag.py:536} INFO - Filling up the DagBag from /home/airflow/.local/lib/python3.8/site-packages/airflow/example_dags/example_short_circuit_decorator.py
[2023-11-03T19:50:20.448+0000] {processor.py:839} INFO - DAG(s) dict_keys(['example_short_circuit_decorator']) retrieved from /home/airflow/.local/lib/python3.8/site-packages/airflow/example_dags/example_short_circuit_decorator.py
[2023-11-03T19:50:20.507+0000] {logging_mixin.py:151} INFO - [2023-11-03T19:50:20.507+0000] {dag.py:2941} INFO - Sync 1 DAGs
[2023-11-03T19:50:20.573+0000] {logging_mixin.py:151} INFO - [2023-11-03T19:50:20.572+0000] {dag.py:3722} INFO - Setting next_dagrun for example_short_circuit_decorator to 2023-11-02T19:50:20.572144+00:00, run_after=2023-11-03T19:50:20.572144+00:00
[2023-11-03T19:50:20.630+0000] {processor.py:179} INFO - Processing /home/airflow/.local/lib/python3.8/site-packages/airflow/example_dags/example_short_circuit_decorator.py took 0.241 seconds
[2023-11-03T19:50:51.457+0000] {processor.py:157} INFO - Started process (PID=34478) to work on /home/airflow/.local/lib/python3.8/site-packages/airflow/example_dags/example_short_circuit_decorator.py
[2023-11-03T19:50:51.461+0000] {processor.py:829} INFO - Processing file /home/airflow/.local/lib/python3.8/site-packages/airflow/example_dags/example_short_circuit_decorator.py for tasks to queue
[2023-11-03T19:50:51.473+0000] {logging_mixin.py:151} INFO - [2023-11-03T19:50:51.471+0000] {dagbag.py:536} INFO - Filling up the DagBag from /home/airflow/.local/lib/python3.8/site-packages/airflow/example_dags/example_short_circuit_decorator.py
[2023-11-03T19:50:51.523+0000] {processor.py:839} INFO - DAG(s) dict_keys(['example_short_circuit_decorator']) retrieved from /home/airflow/.local/lib/python3.8/site-packages/airflow/example_dags/example_short_circuit_decorator.py
[2023-11-03T19:50:51.600+0000] {logging_mixin.py:151} INFO - [2023-11-03T19:50:51.599+0000] {dag.py:2941} INFO - Sync 1 DAGs
[2023-11-03T19:50:51.680+0000] {logging_mixin.py:151} INFO - [2023-11-03T19:50:51.680+0000] {dag.py:3722} INFO - Setting next_dagrun for example_short_circuit_decorator to 2023-11-02T19:50:51.679139+00:00, run_after=2023-11-03T19:50:51.679139+00:00
[2023-11-03T19:50:51.745+0000] {processor.py:179} INFO - Processing /home/airflow/.local/lib/python3.8/site-packages/airflow/example_dags/example_short_circuit_decorator.py took 0.302 seconds
[2023-11-03T19:51:22.300+0000] {processor.py:157} INFO - Started process (PID=34540) to work on /home/airflow/.local/lib/python3.8/site-packages/airflow/example_dags/example_short_circuit_decorator.py
[2023-11-03T19:51:22.303+0000] {processor.py:829} INFO - Processing file /home/airflow/.local/lib/python3.8/site-packages/airflow/example_dags/example_short_circuit_decorator.py for tasks to queue
[2023-11-03T19:51:22.313+0000] {logging_mixin.py:151} INFO - [2023-11-03T19:51:22.312+0000] {dagbag.py:536} INFO - Filling up the DagBag from /home/airflow/.local/lib/python3.8/site-packages/airflow/example_dags/example_short_circuit_decorator.py
[2023-11-03T19:51:22.356+0000] {processor.py:839} INFO - DAG(s) dict_keys(['example_short_circuit_decorator']) retrieved from /home/airflow/.local/lib/python3.8/site-packages/airflow/example_dags/example_short_circuit_decorator.py
[2023-11-03T19:51:22.422+0000] {logging_mixin.py:151} INFO - [2023-11-03T19:51:22.421+0000] {dag.py:2941} INFO - Sync 1 DAGs
[2023-11-03T19:51:22.480+0000] {logging_mixin.py:151} INFO - [2023-11-03T19:51:22.479+0000] {dag.py:3722} INFO - Setting next_dagrun for example_short_circuit_decorator to 2023-11-02T19:51:22.479123+00:00, run_after=2023-11-03T19:51:22.479123+00:00
[2023-11-03T19:51:22.536+0000] {processor.py:179} INFO - Processing /home/airflow/.local/lib/python3.8/site-packages/airflow/example_dags/example_short_circuit_decorator.py took 0.245 seconds
[2023-11-03T19:51:53.013+0000] {processor.py:157} INFO - Started process (PID=34602) to work on /home/airflow/.local/lib/python3.8/site-packages/airflow/example_dags/example_short_circuit_decorator.py
[2023-11-03T19:51:53.017+0000] {processor.py:829} INFO - Processing file /home/airflow/.local/lib/python3.8/site-packages/airflow/example_dags/example_short_circuit_decorator.py for tasks to queue
[2023-11-03T19:51:53.027+0000] {logging_mixin.py:151} INFO - [2023-11-03T19:51:53.025+0000] {dagbag.py:536} INFO - Filling up the DagBag from /home/airflow/.local/lib/python3.8/site-packages/airflow/example_dags/example_short_circuit_decorator.py
[2023-11-03T19:51:53.069+0000] {processor.py:839} INFO - DAG(s) dict_keys(['example_short_circuit_decorator']) retrieved from /home/airflow/.local/lib/python3.8/site-packages/airflow/example_dags/example_short_circuit_decorator.py
[2023-11-03T19:51:53.143+0000] {logging_mixin.py:151} INFO - [2023-11-03T19:51:53.142+0000] {dag.py:2941} INFO - Sync 1 DAGs
[2023-11-03T19:51:53.214+0000] {logging_mixin.py:151} INFO - [2023-11-03T19:51:53.213+0000] {dag.py:3722} INFO - Setting next_dagrun for example_short_circuit_decorator to 2023-11-02T19:51:53.213028+00:00, run_after=2023-11-03T19:51:53.213028+00:00
[2023-11-03T19:51:53.275+0000] {processor.py:179} INFO - Processing /home/airflow/.local/lib/python3.8/site-packages/airflow/example_dags/example_short_circuit_decorator.py took 0.275 seconds
[2023-11-03T19:52:23.378+0000] {processor.py:157} INFO - Started process (PID=34664) to work on /home/airflow/.local/lib/python3.8/site-packages/airflow/example_dags/example_short_circuit_decorator.py
[2023-11-03T19:52:23.380+0000] {processor.py:829} INFO - Processing file /home/airflow/.local/lib/python3.8/site-packages/airflow/example_dags/example_short_circuit_decorator.py for tasks to queue
[2023-11-03T19:52:23.390+0000] {logging_mixin.py:151} INFO - [2023-11-03T19:52:23.389+0000] {dagbag.py:536} INFO - Filling up the DagBag from /home/airflow/.local/lib/python3.8/site-packages/airflow/example_dags/example_short_circuit_decorator.py
[2023-11-03T19:52:23.424+0000] {processor.py:839} INFO - DAG(s) dict_keys(['example_short_circuit_decorator']) retrieved from /home/airflow/.local/lib/python3.8/site-packages/airflow/example_dags/example_short_circuit_decorator.py
[2023-11-03T19:52:23.499+0000] {logging_mixin.py:151} INFO - [2023-11-03T19:52:23.498+0000] {dag.py:2941} INFO - Sync 1 DAGs
[2023-11-03T19:52:23.566+0000] {logging_mixin.py:151} INFO - [2023-11-03T19:52:23.565+0000] {dag.py:3722} INFO - Setting next_dagrun for example_short_circuit_decorator to 2023-11-02T19:52:23.564862+00:00, run_after=2023-11-03T19:52:23.564862+00:00
[2023-11-03T19:52:23.626+0000] {processor.py:179} INFO - Processing /home/airflow/.local/lib/python3.8/site-packages/airflow/example_dags/example_short_circuit_decorator.py took 0.259 seconds
[2023-11-03T19:52:53.885+0000] {processor.py:157} INFO - Started process (PID=34726) to work on /home/airflow/.local/lib/python3.8/site-packages/airflow/example_dags/example_short_circuit_decorator.py
[2023-11-03T19:52:53.892+0000] {processor.py:829} INFO - Processing file /home/airflow/.local/lib/python3.8/site-packages/airflow/example_dags/example_short_circuit_decorator.py for tasks to queue
[2023-11-03T19:52:53.915+0000] {logging_mixin.py:151} INFO - [2023-11-03T19:52:53.912+0000] {dagbag.py:536} INFO - Filling up the DagBag from /home/airflow/.local/lib/python3.8/site-packages/airflow/example_dags/example_short_circuit_decorator.py
[2023-11-03T19:52:53.995+0000] {processor.py:839} INFO - DAG(s) dict_keys(['example_short_circuit_decorator']) retrieved from /home/airflow/.local/lib/python3.8/site-packages/airflow/example_dags/example_short_circuit_decorator.py
[2023-11-03T19:52:54.087+0000] {logging_mixin.py:151} INFO - [2023-11-03T19:52:54.087+0000] {dag.py:2941} INFO - Sync 1 DAGs
[2023-11-03T19:52:54.147+0000] {logging_mixin.py:151} INFO - [2023-11-03T19:52:54.146+0000] {dag.py:3722} INFO - Setting next_dagrun for example_short_circuit_decorator to 2023-11-02T19:52:54.146000+00:00, run_after=2023-11-03T19:52:54.146000+00:00
[2023-11-03T19:52:54.217+0000] {processor.py:179} INFO - Processing /home/airflow/.local/lib/python3.8/site-packages/airflow/example_dags/example_short_circuit_decorator.py took 0.347 seconds
[2023-11-03T19:53:24.364+0000] {processor.py:157} INFO - Started process (PID=34788) to work on /home/airflow/.local/lib/python3.8/site-packages/airflow/example_dags/example_short_circuit_decorator.py
[2023-11-03T19:53:24.367+0000] {processor.py:829} INFO - Processing file /home/airflow/.local/lib/python3.8/site-packages/airflow/example_dags/example_short_circuit_decorator.py for tasks to queue
[2023-11-03T19:53:24.378+0000] {logging_mixin.py:151} INFO - [2023-11-03T19:53:24.376+0000] {dagbag.py:536} INFO - Filling up the DagBag from /home/airflow/.local/lib/python3.8/site-packages/airflow/example_dags/example_short_circuit_decorator.py
[2023-11-03T19:53:24.418+0000] {processor.py:839} INFO - DAG(s) dict_keys(['example_short_circuit_decorator']) retrieved from /home/airflow/.local/lib/python3.8/site-packages/airflow/example_dags/example_short_circuit_decorator.py
[2023-11-03T19:53:24.495+0000] {logging_mixin.py:151} INFO - [2023-11-03T19:53:24.494+0000] {dag.py:2941} INFO - Sync 1 DAGs
[2023-11-03T19:53:24.574+0000] {logging_mixin.py:151} INFO - [2023-11-03T19:53:24.573+0000] {dag.py:3722} INFO - Setting next_dagrun for example_short_circuit_decorator to 2023-11-02T19:53:24.573025+00:00, run_after=2023-11-03T19:53:24.573025+00:00
[2023-11-03T19:53:24.642+0000] {processor.py:179} INFO - Processing /home/airflow/.local/lib/python3.8/site-packages/airflow/example_dags/example_short_circuit_decorator.py took 0.288 seconds
[2023-11-03T19:53:54.746+0000] {processor.py:157} INFO - Started process (PID=34850) to work on /home/airflow/.local/lib/python3.8/site-packages/airflow/example_dags/example_short_circuit_decorator.py
[2023-11-03T19:53:54.749+0000] {processor.py:829} INFO - Processing file /home/airflow/.local/lib/python3.8/site-packages/airflow/example_dags/example_short_circuit_decorator.py for tasks to queue
[2023-11-03T19:53:54.757+0000] {logging_mixin.py:151} INFO - [2023-11-03T19:53:54.756+0000] {dagbag.py:536} INFO - Filling up the DagBag from /home/airflow/.local/lib/python3.8/site-packages/airflow/example_dags/example_short_circuit_decorator.py
[2023-11-03T19:53:54.793+0000] {processor.py:839} INFO - DAG(s) dict_keys(['example_short_circuit_decorator']) retrieved from /home/airflow/.local/lib/python3.8/site-packages/airflow/example_dags/example_short_circuit_decorator.py
[2023-11-03T19:53:54.865+0000] {logging_mixin.py:151} INFO - [2023-11-03T19:53:54.865+0000] {dag.py:2941} INFO - Sync 1 DAGs
[2023-11-03T19:53:54.930+0000] {logging_mixin.py:151} INFO - [2023-11-03T19:53:54.930+0000] {dag.py:3722} INFO - Setting next_dagrun for example_short_circuit_decorator to 2023-11-02T19:53:54.929486+00:00, run_after=2023-11-03T19:53:54.929486+00:00
[2023-11-03T19:53:54.995+0000] {processor.py:179} INFO - Processing /home/airflow/.local/lib/python3.8/site-packages/airflow/example_dags/example_short_circuit_decorator.py took 0.258 seconds
[2023-11-03T19:54:25.458+0000] {processor.py:157} INFO - Started process (PID=34912) to work on /home/airflow/.local/lib/python3.8/site-packages/airflow/example_dags/example_short_circuit_decorator.py
[2023-11-03T19:54:25.461+0000] {processor.py:829} INFO - Processing file /home/airflow/.local/lib/python3.8/site-packages/airflow/example_dags/example_short_circuit_decorator.py for tasks to queue
[2023-11-03T19:54:25.472+0000] {logging_mixin.py:151} INFO - [2023-11-03T19:54:25.470+0000] {dagbag.py:536} INFO - Filling up the DagBag from /home/airflow/.local/lib/python3.8/site-packages/airflow/example_dags/example_short_circuit_decorator.py
[2023-11-03T19:54:25.499+0000] {processor.py:839} INFO - DAG(s) dict_keys(['example_short_circuit_decorator']) retrieved from /home/airflow/.local/lib/python3.8/site-packages/airflow/example_dags/example_short_circuit_decorator.py
[2023-11-03T19:54:25.572+0000] {logging_mixin.py:151} INFO - [2023-11-03T19:54:25.572+0000] {dag.py:2941} INFO - Sync 1 DAGs
[2023-11-03T19:54:25.629+0000] {logging_mixin.py:151} INFO - [2023-11-03T19:54:25.629+0000] {dag.py:3722} INFO - Setting next_dagrun for example_short_circuit_decorator to 2023-11-02T19:54:25.628669+00:00, run_after=2023-11-03T19:54:25.628669+00:00
[2023-11-03T19:54:25.688+0000] {processor.py:179} INFO - Processing /home/airflow/.local/lib/python3.8/site-packages/airflow/example_dags/example_short_circuit_decorator.py took 0.238 seconds
[2023-11-03T19:54:55.864+0000] {processor.py:157} INFO - Started process (PID=34974) to work on /home/airflow/.local/lib/python3.8/site-packages/airflow/example_dags/example_short_circuit_decorator.py
[2023-11-03T19:54:55.869+0000] {processor.py:829} INFO - Processing file /home/airflow/.local/lib/python3.8/site-packages/airflow/example_dags/example_short_circuit_decorator.py for tasks to queue
[2023-11-03T19:54:55.890+0000] {logging_mixin.py:151} INFO - [2023-11-03T19:54:55.889+0000] {dagbag.py:536} INFO - Filling up the DagBag from /home/airflow/.local/lib/python3.8/site-packages/airflow/example_dags/example_short_circuit_decorator.py
[2023-11-03T19:54:55.945+0000] {processor.py:839} INFO - DAG(s) dict_keys(['example_short_circuit_decorator']) retrieved from /home/airflow/.local/lib/python3.8/site-packages/airflow/example_dags/example_short_circuit_decorator.py
[2023-11-03T19:54:56.050+0000] {logging_mixin.py:151} INFO - [2023-11-03T19:54:56.049+0000] {dag.py:2941} INFO - Sync 1 DAGs
[2023-11-03T19:54:56.123+0000] {logging_mixin.py:151} INFO - [2023-11-03T19:54:56.122+0000] {dag.py:3722} INFO - Setting next_dagrun for example_short_circuit_decorator to 2023-11-02T19:54:56.121975+00:00, run_after=2023-11-03T19:54:56.121975+00:00
[2023-11-03T19:54:56.183+0000] {processor.py:179} INFO - Processing /home/airflow/.local/lib/python3.8/site-packages/airflow/example_dags/example_short_circuit_decorator.py took 0.332 seconds
[2023-11-03T19:55:26.391+0000] {processor.py:157} INFO - Started process (PID=35036) to work on /home/airflow/.local/lib/python3.8/site-packages/airflow/example_dags/example_short_circuit_decorator.py
[2023-11-03T19:55:26.394+0000] {processor.py:829} INFO - Processing file /home/airflow/.local/lib/python3.8/site-packages/airflow/example_dags/example_short_circuit_decorator.py for tasks to queue
[2023-11-03T19:55:26.402+0000] {logging_mixin.py:151} INFO - [2023-11-03T19:55:26.401+0000] {dagbag.py:536} INFO - Filling up the DagBag from /home/airflow/.local/lib/python3.8/site-packages/airflow/example_dags/example_short_circuit_decorator.py
[2023-11-03T19:55:26.437+0000] {processor.py:839} INFO - DAG(s) dict_keys(['example_short_circuit_decorator']) retrieved from /home/airflow/.local/lib/python3.8/site-packages/airflow/example_dags/example_short_circuit_decorator.py
[2023-11-03T19:55:26.522+0000] {logging_mixin.py:151} INFO - [2023-11-03T19:55:26.521+0000] {dag.py:2941} INFO - Sync 1 DAGs
[2023-11-03T19:55:26.592+0000] {logging_mixin.py:151} INFO - [2023-11-03T19:55:26.591+0000] {dag.py:3722} INFO - Setting next_dagrun for example_short_circuit_decorator to 2023-11-02T19:55:26.591168+00:00, run_after=2023-11-03T19:55:26.591168+00:00
[2023-11-03T19:55:26.647+0000] {processor.py:179} INFO - Processing /home/airflow/.local/lib/python3.8/site-packages/airflow/example_dags/example_short_circuit_decorator.py took 0.267 seconds
[2023-11-03T19:55:56.765+0000] {processor.py:157} INFO - Started process (PID=35098) to work on /home/airflow/.local/lib/python3.8/site-packages/airflow/example_dags/example_short_circuit_decorator.py
[2023-11-03T19:55:56.768+0000] {processor.py:829} INFO - Processing file /home/airflow/.local/lib/python3.8/site-packages/airflow/example_dags/example_short_circuit_decorator.py for tasks to queue
[2023-11-03T19:55:56.775+0000] {logging_mixin.py:151} INFO - [2023-11-03T19:55:56.774+0000] {dagbag.py:536} INFO - Filling up the DagBag from /home/airflow/.local/lib/python3.8/site-packages/airflow/example_dags/example_short_circuit_decorator.py
[2023-11-03T19:55:56.817+0000] {processor.py:839} INFO - DAG(s) dict_keys(['example_short_circuit_decorator']) retrieved from /home/airflow/.local/lib/python3.8/site-packages/airflow/example_dags/example_short_circuit_decorator.py
[2023-11-03T19:55:56.884+0000] {logging_mixin.py:151} INFO - [2023-11-03T19:55:56.884+0000] {dag.py:2941} INFO - Sync 1 DAGs
[2023-11-03T19:55:56.957+0000] {logging_mixin.py:151} INFO - [2023-11-03T19:55:56.956+0000] {dag.py:3722} INFO - Setting next_dagrun for example_short_circuit_decorator to 2023-11-02T19:55:56.955846+00:00, run_after=2023-11-03T19:55:56.955846+00:00
[2023-11-03T19:55:57.013+0000] {processor.py:179} INFO - Processing /home/airflow/.local/lib/python3.8/site-packages/airflow/example_dags/example_short_circuit_decorator.py took 0.259 seconds
[2023-11-03T19:56:27.339+0000] {processor.py:157} INFO - Started process (PID=35160) to work on /home/airflow/.local/lib/python3.8/site-packages/airflow/example_dags/example_short_circuit_decorator.py
[2023-11-03T19:56:27.342+0000] {processor.py:829} INFO - Processing file /home/airflow/.local/lib/python3.8/site-packages/airflow/example_dags/example_short_circuit_decorator.py for tasks to queue
[2023-11-03T19:56:27.354+0000] {logging_mixin.py:151} INFO - [2023-11-03T19:56:27.352+0000] {dagbag.py:536} INFO - Filling up the DagBag from /home/airflow/.local/lib/python3.8/site-packages/airflow/example_dags/example_short_circuit_decorator.py
[2023-11-03T19:56:27.408+0000] {processor.py:839} INFO - DAG(s) dict_keys(['example_short_circuit_decorator']) retrieved from /home/airflow/.local/lib/python3.8/site-packages/airflow/example_dags/example_short_circuit_decorator.py
[2023-11-03T19:56:27.501+0000] {logging_mixin.py:151} INFO - [2023-11-03T19:56:27.500+0000] {dag.py:2941} INFO - Sync 1 DAGs
[2023-11-03T19:56:27.596+0000] {logging_mixin.py:151} INFO - [2023-11-03T19:56:27.596+0000] {dag.py:3722} INFO - Setting next_dagrun for example_short_circuit_decorator to 2023-11-02T19:56:27.595512+00:00, run_after=2023-11-03T19:56:27.595512+00:00
[2023-11-03T19:56:27.665+0000] {processor.py:179} INFO - Processing /home/airflow/.local/lib/python3.8/site-packages/airflow/example_dags/example_short_circuit_decorator.py took 0.338 seconds
[2023-11-03T19:56:58.519+0000] {processor.py:157} INFO - Started process (PID=35222) to work on /home/airflow/.local/lib/python3.8/site-packages/airflow/example_dags/example_short_circuit_decorator.py
[2023-11-03T19:56:58.522+0000] {processor.py:829} INFO - Processing file /home/airflow/.local/lib/python3.8/site-packages/airflow/example_dags/example_short_circuit_decorator.py for tasks to queue
[2023-11-03T19:56:58.532+0000] {logging_mixin.py:151} INFO - [2023-11-03T19:56:58.530+0000] {dagbag.py:536} INFO - Filling up the DagBag from /home/airflow/.local/lib/python3.8/site-packages/airflow/example_dags/example_short_circuit_decorator.py
[2023-11-03T19:56:58.568+0000] {processor.py:839} INFO - DAG(s) dict_keys(['example_short_circuit_decorator']) retrieved from /home/airflow/.local/lib/python3.8/site-packages/airflow/example_dags/example_short_circuit_decorator.py
[2023-11-03T19:56:58.641+0000] {logging_mixin.py:151} INFO - [2023-11-03T19:56:58.640+0000] {dag.py:2941} INFO - Sync 1 DAGs
[2023-11-03T19:56:58.707+0000] {logging_mixin.py:151} INFO - [2023-11-03T19:56:58.707+0000] {dag.py:3722} INFO - Setting next_dagrun for example_short_circuit_decorator to 2023-11-02T19:56:58.706663+00:00, run_after=2023-11-03T19:56:58.706663+00:00
[2023-11-03T19:56:58.766+0000] {processor.py:179} INFO - Processing /home/airflow/.local/lib/python3.8/site-packages/airflow/example_dags/example_short_circuit_decorator.py took 0.256 seconds
[2023-11-03T19:57:29.249+0000] {processor.py:157} INFO - Started process (PID=35284) to work on /home/airflow/.local/lib/python3.8/site-packages/airflow/example_dags/example_short_circuit_decorator.py
[2023-11-03T19:57:29.252+0000] {processor.py:829} INFO - Processing file /home/airflow/.local/lib/python3.8/site-packages/airflow/example_dags/example_short_circuit_decorator.py for tasks to queue
[2023-11-03T19:57:29.261+0000] {logging_mixin.py:151} INFO - [2023-11-03T19:57:29.260+0000] {dagbag.py:536} INFO - Filling up the DagBag from /home/airflow/.local/lib/python3.8/site-packages/airflow/example_dags/example_short_circuit_decorator.py
[2023-11-03T19:57:29.305+0000] {processor.py:839} INFO - DAG(s) dict_keys(['example_short_circuit_decorator']) retrieved from /home/airflow/.local/lib/python3.8/site-packages/airflow/example_dags/example_short_circuit_decorator.py
[2023-11-03T19:57:29.377+0000] {logging_mixin.py:151} INFO - [2023-11-03T19:57:29.377+0000] {dag.py:2941} INFO - Sync 1 DAGs
[2023-11-03T19:57:29.436+0000] {logging_mixin.py:151} INFO - [2023-11-03T19:57:29.436+0000] {dag.py:3722} INFO - Setting next_dagrun for example_short_circuit_decorator to 2023-11-02T19:57:29.435802+00:00, run_after=2023-11-03T19:57:29.435802+00:00
[2023-11-03T19:57:29.503+0000] {processor.py:179} INFO - Processing /home/airflow/.local/lib/python3.8/site-packages/airflow/example_dags/example_short_circuit_decorator.py took 0.267 seconds
[2023-11-03T19:57:59.707+0000] {processor.py:157} INFO - Started process (PID=35346) to work on /home/airflow/.local/lib/python3.8/site-packages/airflow/example_dags/example_short_circuit_decorator.py
[2023-11-03T19:57:59.714+0000] {processor.py:829} INFO - Processing file /home/airflow/.local/lib/python3.8/site-packages/airflow/example_dags/example_short_circuit_decorator.py for tasks to queue
[2023-11-03T19:57:59.724+0000] {logging_mixin.py:151} INFO - [2023-11-03T19:57:59.722+0000] {dagbag.py:536} INFO - Filling up the DagBag from /home/airflow/.local/lib/python3.8/site-packages/airflow/example_dags/example_short_circuit_decorator.py
[2023-11-03T19:57:59.827+0000] {processor.py:839} INFO - DAG(s) dict_keys(['example_short_circuit_decorator']) retrieved from /home/airflow/.local/lib/python3.8/site-packages/airflow/example_dags/example_short_circuit_decorator.py
[2023-11-03T19:57:59.967+0000] {logging_mixin.py:151} INFO - [2023-11-03T19:57:59.967+0000] {dag.py:2941} INFO - Sync 1 DAGs
[2023-11-03T19:58:00.044+0000] {logging_mixin.py:151} INFO - [2023-11-03T19:58:00.043+0000] {dag.py:3722} INFO - Setting next_dagrun for example_short_circuit_decorator to 2023-11-02T19:58:00.043099+00:00, run_after=2023-11-03T19:58:00.043099+00:00
[2023-11-03T19:58:00.103+0000] {processor.py:179} INFO - Processing /home/airflow/.local/lib/python3.8/site-packages/airflow/example_dags/example_short_circuit_decorator.py took 0.412 seconds
[2023-11-03T19:58:30.976+0000] {processor.py:157} INFO - Started process (PID=35408) to work on /home/airflow/.local/lib/python3.8/site-packages/airflow/example_dags/example_short_circuit_decorator.py
[2023-11-03T19:58:30.979+0000] {processor.py:829} INFO - Processing file /home/airflow/.local/lib/python3.8/site-packages/airflow/example_dags/example_short_circuit_decorator.py for tasks to queue
[2023-11-03T19:58:30.990+0000] {logging_mixin.py:151} INFO - [2023-11-03T19:58:30.988+0000] {dagbag.py:536} INFO - Filling up the DagBag from /home/airflow/.local/lib/python3.8/site-packages/airflow/example_dags/example_short_circuit_decorator.py
[2023-11-03T19:58:31.019+0000] {processor.py:839} INFO - DAG(s) dict_keys(['example_short_circuit_decorator']) retrieved from /home/airflow/.local/lib/python3.8/site-packages/airflow/example_dags/example_short_circuit_decorator.py
[2023-11-03T19:58:31.082+0000] {logging_mixin.py:151} INFO - [2023-11-03T19:58:31.081+0000] {dag.py:2941} INFO - Sync 1 DAGs
[2023-11-03T19:58:31.144+0000] {logging_mixin.py:151} INFO - [2023-11-03T19:58:31.143+0000] {dag.py:3722} INFO - Setting next_dagrun for example_short_circuit_decorator to 2023-11-02T19:58:31.143280+00:00, run_after=2023-11-03T19:58:31.143280+00:00
[2023-11-03T19:58:31.207+0000] {processor.py:179} INFO - Processing /home/airflow/.local/lib/python3.8/site-packages/airflow/example_dags/example_short_circuit_decorator.py took 0.241 seconds
[2023-11-03T19:59:01.883+0000] {processor.py:157} INFO - Started process (PID=35470) to work on /home/airflow/.local/lib/python3.8/site-packages/airflow/example_dags/example_short_circuit_decorator.py
[2023-11-03T19:59:01.891+0000] {processor.py:829} INFO - Processing file /home/airflow/.local/lib/python3.8/site-packages/airflow/example_dags/example_short_circuit_decorator.py for tasks to queue
[2023-11-03T19:59:01.936+0000] {logging_mixin.py:151} INFO - [2023-11-03T19:59:01.934+0000] {dagbag.py:536} INFO - Filling up the DagBag from /home/airflow/.local/lib/python3.8/site-packages/airflow/example_dags/example_short_circuit_decorator.py
[2023-11-03T19:59:01.993+0000] {processor.py:839} INFO - DAG(s) dict_keys(['example_short_circuit_decorator']) retrieved from /home/airflow/.local/lib/python3.8/site-packages/airflow/example_dags/example_short_circuit_decorator.py
[2023-11-03T19:59:02.086+0000] {logging_mixin.py:151} INFO - [2023-11-03T19:59:02.086+0000] {dag.py:2941} INFO - Sync 1 DAGs
[2023-11-03T19:59:02.164+0000] {logging_mixin.py:151} INFO - [2023-11-03T19:59:02.164+0000] {dag.py:3722} INFO - Setting next_dagrun for example_short_circuit_decorator to 2023-11-02T19:59:02.163490+00:00, run_after=2023-11-03T19:59:02.163490+00:00
[2023-11-03T19:59:02.230+0000] {processor.py:179} INFO - Processing /home/airflow/.local/lib/python3.8/site-packages/airflow/example_dags/example_short_circuit_decorator.py took 0.374 seconds
[2023-11-03T19:59:32.655+0000] {processor.py:157} INFO - Started process (PID=35532) to work on /home/airflow/.local/lib/python3.8/site-packages/airflow/example_dags/example_short_circuit_decorator.py
[2023-11-03T19:59:32.659+0000] {processor.py:829} INFO - Processing file /home/airflow/.local/lib/python3.8/site-packages/airflow/example_dags/example_short_circuit_decorator.py for tasks to queue
[2023-11-03T19:59:32.670+0000] {logging_mixin.py:151} INFO - [2023-11-03T19:59:32.668+0000] {dagbag.py:536} INFO - Filling up the DagBag from /home/airflow/.local/lib/python3.8/site-packages/airflow/example_dags/example_short_circuit_decorator.py
[2023-11-03T19:59:32.720+0000] {processor.py:839} INFO - DAG(s) dict_keys(['example_short_circuit_decorator']) retrieved from /home/airflow/.local/lib/python3.8/site-packages/airflow/example_dags/example_short_circuit_decorator.py
[2023-11-03T19:59:32.788+0000] {logging_mixin.py:151} INFO - [2023-11-03T19:59:32.787+0000] {dag.py:2941} INFO - Sync 1 DAGs
[2023-11-03T19:59:32.854+0000] {logging_mixin.py:151} INFO - [2023-11-03T19:59:32.854+0000] {dag.py:3722} INFO - Setting next_dagrun for example_short_circuit_decorator to 2023-11-02T19:59:32.853253+00:00, run_after=2023-11-03T19:59:32.853253+00:00
[2023-11-03T19:59:32.917+0000] {processor.py:179} INFO - Processing /home/airflow/.local/lib/python3.8/site-packages/airflow/example_dags/example_short_circuit_decorator.py took 0.274 seconds
[2023-11-03T20:00:03.401+0000] {processor.py:157} INFO - Started process (PID=35594) to work on /home/airflow/.local/lib/python3.8/site-packages/airflow/example_dags/example_short_circuit_decorator.py
[2023-11-03T20:00:03.404+0000] {processor.py:829} INFO - Processing file /home/airflow/.local/lib/python3.8/site-packages/airflow/example_dags/example_short_circuit_decorator.py for tasks to queue
[2023-11-03T20:00:03.413+0000] {logging_mixin.py:151} INFO - [2023-11-03T20:00:03.411+0000] {dagbag.py:536} INFO - Filling up the DagBag from /home/airflow/.local/lib/python3.8/site-packages/airflow/example_dags/example_short_circuit_decorator.py
[2023-11-03T20:00:03.449+0000] {processor.py:839} INFO - DAG(s) dict_keys(['example_short_circuit_decorator']) retrieved from /home/airflow/.local/lib/python3.8/site-packages/airflow/example_dags/example_short_circuit_decorator.py
[2023-11-03T20:00:03.526+0000] {logging_mixin.py:151} INFO - [2023-11-03T20:00:03.525+0000] {dag.py:2941} INFO - Sync 1 DAGs
[2023-11-03T20:00:03.600+0000] {logging_mixin.py:151} INFO - [2023-11-03T20:00:03.599+0000] {dag.py:3722} INFO - Setting next_dagrun for example_short_circuit_decorator to 2023-11-02T20:00:03.599343+00:00, run_after=2023-11-03T20:00:03.599343+00:00
[2023-11-03T20:00:03.659+0000] {processor.py:179} INFO - Processing /home/airflow/.local/lib/python3.8/site-packages/airflow/example_dags/example_short_circuit_decorator.py took 0.270 seconds
[2023-11-03T20:00:34.012+0000] {processor.py:157} INFO - Started process (PID=35656) to work on /home/airflow/.local/lib/python3.8/site-packages/airflow/example_dags/example_short_circuit_decorator.py
[2023-11-03T20:00:34.015+0000] {processor.py:829} INFO - Processing file /home/airflow/.local/lib/python3.8/site-packages/airflow/example_dags/example_short_circuit_decorator.py for tasks to queue
[2023-11-03T20:00:34.022+0000] {logging_mixin.py:151} INFO - [2023-11-03T20:00:34.021+0000] {dagbag.py:536} INFO - Filling up the DagBag from /home/airflow/.local/lib/python3.8/site-packages/airflow/example_dags/example_short_circuit_decorator.py
[2023-11-03T20:00:34.046+0000] {processor.py:839} INFO - DAG(s) dict_keys(['example_short_circuit_decorator']) retrieved from /home/airflow/.local/lib/python3.8/site-packages/airflow/example_dags/example_short_circuit_decorator.py
[2023-11-03T20:00:34.107+0000] {logging_mixin.py:151} INFO - [2023-11-03T20:00:34.106+0000] {dag.py:2941} INFO - Sync 1 DAGs
[2023-11-03T20:00:34.182+0000] {logging_mixin.py:151} INFO - [2023-11-03T20:00:34.181+0000] {dag.py:3722} INFO - Setting next_dagrun for example_short_circuit_decorator to 2023-11-02T20:00:34.181337+00:00, run_after=2023-11-03T20:00:34.181337+00:00
[2023-11-03T20:00:34.252+0000] {processor.py:179} INFO - Processing /home/airflow/.local/lib/python3.8/site-packages/airflow/example_dags/example_short_circuit_decorator.py took 0.247 seconds
[2023-11-03T20:01:05.020+0000] {processor.py:157} INFO - Started process (PID=35718) to work on /home/airflow/.local/lib/python3.8/site-packages/airflow/example_dags/example_short_circuit_decorator.py
[2023-11-03T20:01:05.024+0000] {processor.py:829} INFO - Processing file /home/airflow/.local/lib/python3.8/site-packages/airflow/example_dags/example_short_circuit_decorator.py for tasks to queue
[2023-11-03T20:01:05.033+0000] {logging_mixin.py:151} INFO - [2023-11-03T20:01:05.031+0000] {dagbag.py:536} INFO - Filling up the DagBag from /home/airflow/.local/lib/python3.8/site-packages/airflow/example_dags/example_short_circuit_decorator.py
[2023-11-03T20:01:05.075+0000] {processor.py:839} INFO - DAG(s) dict_keys(['example_short_circuit_decorator']) retrieved from /home/airflow/.local/lib/python3.8/site-packages/airflow/example_dags/example_short_circuit_decorator.py
[2023-11-03T20:01:05.141+0000] {logging_mixin.py:151} INFO - [2023-11-03T20:01:05.141+0000] {dag.py:2941} INFO - Sync 1 DAGs
[2023-11-03T20:01:05.207+0000] {logging_mixin.py:151} INFO - [2023-11-03T20:01:05.206+0000] {dag.py:3722} INFO - Setting next_dagrun for example_short_circuit_decorator to 2023-11-02T20:01:05.205952+00:00, run_after=2023-11-03T20:01:05.205952+00:00
[2023-11-03T20:01:05.266+0000] {processor.py:179} INFO - Processing /home/airflow/.local/lib/python3.8/site-packages/airflow/example_dags/example_short_circuit_decorator.py took 0.258 seconds
[2023-11-03T20:01:35.428+0000] {processor.py:157} INFO - Started process (PID=35780) to work on /home/airflow/.local/lib/python3.8/site-packages/airflow/example_dags/example_short_circuit_decorator.py
[2023-11-03T20:01:35.430+0000] {processor.py:829} INFO - Processing file /home/airflow/.local/lib/python3.8/site-packages/airflow/example_dags/example_short_circuit_decorator.py for tasks to queue
[2023-11-03T20:01:35.437+0000] {logging_mixin.py:151} INFO - [2023-11-03T20:01:35.436+0000] {dagbag.py:536} INFO - Filling up the DagBag from /home/airflow/.local/lib/python3.8/site-packages/airflow/example_dags/example_short_circuit_decorator.py
[2023-11-03T20:01:35.462+0000] {processor.py:839} INFO - DAG(s) dict_keys(['example_short_circuit_decorator']) retrieved from /home/airflow/.local/lib/python3.8/site-packages/airflow/example_dags/example_short_circuit_decorator.py
[2023-11-03T20:01:35.527+0000] {logging_mixin.py:151} INFO - [2023-11-03T20:01:35.527+0000] {dag.py:2941} INFO - Sync 1 DAGs
[2023-11-03T20:01:35.602+0000] {logging_mixin.py:151} INFO - [2023-11-03T20:01:35.602+0000] {dag.py:3722} INFO - Setting next_dagrun for example_short_circuit_decorator to 2023-11-02T20:01:35.601227+00:00, run_after=2023-11-03T20:01:35.601227+00:00
[2023-11-03T20:01:35.695+0000] {processor.py:179} INFO - Processing /home/airflow/.local/lib/python3.8/site-packages/airflow/example_dags/example_short_circuit_decorator.py took 0.275 seconds
[2023-11-03T20:02:06.196+0000] {processor.py:157} INFO - Started process (PID=35842) to work on /home/airflow/.local/lib/python3.8/site-packages/airflow/example_dags/example_short_circuit_decorator.py
[2023-11-03T20:02:06.204+0000] {processor.py:829} INFO - Processing file /home/airflow/.local/lib/python3.8/site-packages/airflow/example_dags/example_short_circuit_decorator.py for tasks to queue
[2023-11-03T20:02:06.218+0000] {logging_mixin.py:151} INFO - [2023-11-03T20:02:06.216+0000] {dagbag.py:536} INFO - Filling up the DagBag from /home/airflow/.local/lib/python3.8/site-packages/airflow/example_dags/example_short_circuit_decorator.py
[2023-11-03T20:02:06.254+0000] {processor.py:839} INFO - DAG(s) dict_keys(['example_short_circuit_decorator']) retrieved from /home/airflow/.local/lib/python3.8/site-packages/airflow/example_dags/example_short_circuit_decorator.py
[2023-11-03T20:02:06.332+0000] {logging_mixin.py:151} INFO - [2023-11-03T20:02:06.331+0000] {dag.py:2941} INFO - Sync 1 DAGs
[2023-11-03T20:02:06.401+0000] {logging_mixin.py:151} INFO - [2023-11-03T20:02:06.401+0000] {dag.py:3722} INFO - Setting next_dagrun for example_short_circuit_decorator to 2023-11-02T20:02:06.400346+00:00, run_after=2023-11-03T20:02:06.400346+00:00
[2023-11-03T20:02:06.473+0000] {processor.py:179} INFO - Processing /home/airflow/.local/lib/python3.8/site-packages/airflow/example_dags/example_short_circuit_decorator.py took 0.291 seconds
[2023-11-03T20:02:36.591+0000] {processor.py:157} INFO - Started process (PID=35904) to work on /home/airflow/.local/lib/python3.8/site-packages/airflow/example_dags/example_short_circuit_decorator.py
[2023-11-03T20:02:36.594+0000] {processor.py:829} INFO - Processing file /home/airflow/.local/lib/python3.8/site-packages/airflow/example_dags/example_short_circuit_decorator.py for tasks to queue
[2023-11-03T20:02:36.604+0000] {logging_mixin.py:151} INFO - [2023-11-03T20:02:36.602+0000] {dagbag.py:536} INFO - Filling up the DagBag from /home/airflow/.local/lib/python3.8/site-packages/airflow/example_dags/example_short_circuit_decorator.py
[2023-11-03T20:02:36.652+0000] {processor.py:839} INFO - DAG(s) dict_keys(['example_short_circuit_decorator']) retrieved from /home/airflow/.local/lib/python3.8/site-packages/airflow/example_dags/example_short_circuit_decorator.py
[2023-11-03T20:02:36.720+0000] {logging_mixin.py:151} INFO - [2023-11-03T20:02:36.719+0000] {dag.py:2941} INFO - Sync 1 DAGs
[2023-11-03T20:02:36.780+0000] {logging_mixin.py:151} INFO - [2023-11-03T20:02:36.779+0000] {dag.py:3722} INFO - Setting next_dagrun for example_short_circuit_decorator to 2023-11-02T20:02:36.778958+00:00, run_after=2023-11-03T20:02:36.778958+00:00
[2023-11-03T20:02:36.840+0000] {processor.py:179} INFO - Processing /home/airflow/.local/lib/python3.8/site-packages/airflow/example_dags/example_short_circuit_decorator.py took 0.260 seconds
[2023-11-03T20:03:07.161+0000] {processor.py:157} INFO - Started process (PID=35966) to work on /home/airflow/.local/lib/python3.8/site-packages/airflow/example_dags/example_short_circuit_decorator.py
[2023-11-03T20:03:07.164+0000] {processor.py:829} INFO - Processing file /home/airflow/.local/lib/python3.8/site-packages/airflow/example_dags/example_short_circuit_decorator.py for tasks to queue
[2023-11-03T20:03:07.176+0000] {logging_mixin.py:151} INFO - [2023-11-03T20:03:07.174+0000] {dagbag.py:536} INFO - Filling up the DagBag from /home/airflow/.local/lib/python3.8/site-packages/airflow/example_dags/example_short_circuit_decorator.py
[2023-11-03T20:03:07.223+0000] {processor.py:839} INFO - DAG(s) dict_keys(['example_short_circuit_decorator']) retrieved from /home/airflow/.local/lib/python3.8/site-packages/airflow/example_dags/example_short_circuit_decorator.py
[2023-11-03T20:03:07.324+0000] {logging_mixin.py:151} INFO - [2023-11-03T20:03:07.323+0000] {dag.py:2941} INFO - Sync 1 DAGs
[2023-11-03T20:03:07.424+0000] {logging_mixin.py:151} INFO - [2023-11-03T20:03:07.423+0000] {dag.py:3722} INFO - Setting next_dagrun for example_short_circuit_decorator to 2023-11-02T20:03:07.421541+00:00, run_after=2023-11-03T20:03:07.421541+00:00
[2023-11-03T20:03:07.521+0000] {processor.py:179} INFO - Processing /home/airflow/.local/lib/python3.8/site-packages/airflow/example_dags/example_short_circuit_decorator.py took 0.371 seconds
[2023-11-03T20:03:37.752+0000] {processor.py:157} INFO - Started process (PID=36035) to work on /home/airflow/.local/lib/python3.8/site-packages/airflow/example_dags/example_short_circuit_decorator.py
[2023-11-03T20:03:37.775+0000] {processor.py:829} INFO - Processing file /home/airflow/.local/lib/python3.8/site-packages/airflow/example_dags/example_short_circuit_decorator.py for tasks to queue
[2023-11-03T20:03:37.787+0000] {logging_mixin.py:151} INFO - [2023-11-03T20:03:37.786+0000] {dagbag.py:536} INFO - Filling up the DagBag from /home/airflow/.local/lib/python3.8/site-packages/airflow/example_dags/example_short_circuit_decorator.py
[2023-11-03T20:03:37.833+0000] {processor.py:839} INFO - DAG(s) dict_keys(['example_short_circuit_decorator']) retrieved from /home/airflow/.local/lib/python3.8/site-packages/airflow/example_dags/example_short_circuit_decorator.py
[2023-11-03T20:03:37.970+0000] {logging_mixin.py:151} INFO - [2023-11-03T20:03:37.969+0000] {dag.py:2941} INFO - Sync 1 DAGs
[2023-11-03T20:03:38.040+0000] {logging_mixin.py:151} INFO - [2023-11-03T20:03:38.040+0000] {dag.py:3722} INFO - Setting next_dagrun for example_short_circuit_decorator to 2023-11-02T20:03:38.039594+00:00, run_after=2023-11-03T20:03:38.039594+00:00
[2023-11-03T20:03:38.102+0000] {processor.py:179} INFO - Processing /home/airflow/.local/lib/python3.8/site-packages/airflow/example_dags/example_short_circuit_decorator.py took 0.361 seconds
[2023-11-03T20:04:08.722+0000] {processor.py:157} INFO - Started process (PID=36096) to work on /home/airflow/.local/lib/python3.8/site-packages/airflow/example_dags/example_short_circuit_decorator.py
[2023-11-03T20:04:08.725+0000] {processor.py:829} INFO - Processing file /home/airflow/.local/lib/python3.8/site-packages/airflow/example_dags/example_short_circuit_decorator.py for tasks to queue
[2023-11-03T20:04:08.734+0000] {logging_mixin.py:151} INFO - [2023-11-03T20:04:08.732+0000] {dagbag.py:536} INFO - Filling up the DagBag from /home/airflow/.local/lib/python3.8/site-packages/airflow/example_dags/example_short_circuit_decorator.py
[2023-11-03T20:04:08.772+0000] {processor.py:839} INFO - DAG(s) dict_keys(['example_short_circuit_decorator']) retrieved from /home/airflow/.local/lib/python3.8/site-packages/airflow/example_dags/example_short_circuit_decorator.py
[2023-11-03T20:04:08.837+0000] {logging_mixin.py:151} INFO - [2023-11-03T20:04:08.837+0000] {dag.py:2941} INFO - Sync 1 DAGs
[2023-11-03T20:04:08.926+0000] {logging_mixin.py:151} INFO - [2023-11-03T20:04:08.925+0000] {dag.py:3722} INFO - Setting next_dagrun for example_short_circuit_decorator to 2023-11-02T20:04:08.924689+00:00, run_after=2023-11-03T20:04:08.924689+00:00
[2023-11-03T20:04:08.976+0000] {processor.py:179} INFO - Processing /home/airflow/.local/lib/python3.8/site-packages/airflow/example_dags/example_short_circuit_decorator.py took 0.266 seconds
[2023-11-03T20:04:39.451+0000] {processor.py:157} INFO - Started process (PID=36158) to work on /home/airflow/.local/lib/python3.8/site-packages/airflow/example_dags/example_short_circuit_decorator.py
[2023-11-03T20:04:39.454+0000] {processor.py:829} INFO - Processing file /home/airflow/.local/lib/python3.8/site-packages/airflow/example_dags/example_short_circuit_decorator.py for tasks to queue
[2023-11-03T20:04:39.461+0000] {logging_mixin.py:151} INFO - [2023-11-03T20:04:39.460+0000] {dagbag.py:536} INFO - Filling up the DagBag from /home/airflow/.local/lib/python3.8/site-packages/airflow/example_dags/example_short_circuit_decorator.py
[2023-11-03T20:04:39.488+0000] {processor.py:839} INFO - DAG(s) dict_keys(['example_short_circuit_decorator']) retrieved from /home/airflow/.local/lib/python3.8/site-packages/airflow/example_dags/example_short_circuit_decorator.py
[2023-11-03T20:04:39.549+0000] {logging_mixin.py:151} INFO - [2023-11-03T20:04:39.548+0000] {dag.py:2941} INFO - Sync 1 DAGs
[2023-11-03T20:04:39.608+0000] {logging_mixin.py:151} INFO - [2023-11-03T20:04:39.607+0000] {dag.py:3722} INFO - Setting next_dagrun for example_short_circuit_decorator to 2023-11-02T20:04:39.607034+00:00, run_after=2023-11-03T20:04:39.607034+00:00
[2023-11-03T20:04:39.664+0000] {processor.py:179} INFO - Processing /home/airflow/.local/lib/python3.8/site-packages/airflow/example_dags/example_short_circuit_decorator.py took 0.221 seconds
[2023-11-03T20:05:10.537+0000] {processor.py:157} INFO - Started process (PID=36220) to work on /home/airflow/.local/lib/python3.8/site-packages/airflow/example_dags/example_short_circuit_decorator.py
[2023-11-03T20:05:10.539+0000] {processor.py:829} INFO - Processing file /home/airflow/.local/lib/python3.8/site-packages/airflow/example_dags/example_short_circuit_decorator.py for tasks to queue
[2023-11-03T20:05:10.546+0000] {logging_mixin.py:151} INFO - [2023-11-03T20:05:10.545+0000] {dagbag.py:536} INFO - Filling up the DagBag from /home/airflow/.local/lib/python3.8/site-packages/airflow/example_dags/example_short_circuit_decorator.py
[2023-11-03T20:05:10.576+0000] {processor.py:839} INFO - DAG(s) dict_keys(['example_short_circuit_decorator']) retrieved from /home/airflow/.local/lib/python3.8/site-packages/airflow/example_dags/example_short_circuit_decorator.py
[2023-11-03T20:05:10.644+0000] {logging_mixin.py:151} INFO - [2023-11-03T20:05:10.643+0000] {dag.py:2941} INFO - Sync 1 DAGs
[2023-11-03T20:05:10.706+0000] {logging_mixin.py:151} INFO - [2023-11-03T20:05:10.706+0000] {dag.py:3722} INFO - Setting next_dagrun for example_short_circuit_decorator to 2023-11-02T20:05:10.705741+00:00, run_after=2023-11-03T20:05:10.705741+00:00
[2023-11-03T20:05:10.764+0000] {processor.py:179} INFO - Processing /home/airflow/.local/lib/python3.8/site-packages/airflow/example_dags/example_short_circuit_decorator.py took 0.238 seconds
[2023-11-03T20:05:41.507+0000] {processor.py:157} INFO - Started process (PID=36282) to work on /home/airflow/.local/lib/python3.8/site-packages/airflow/example_dags/example_short_circuit_decorator.py
[2023-11-03T20:05:41.510+0000] {processor.py:829} INFO - Processing file /home/airflow/.local/lib/python3.8/site-packages/airflow/example_dags/example_short_circuit_decorator.py for tasks to queue
[2023-11-03T20:05:41.519+0000] {logging_mixin.py:151} INFO - [2023-11-03T20:05:41.518+0000] {dagbag.py:536} INFO - Filling up the DagBag from /home/airflow/.local/lib/python3.8/site-packages/airflow/example_dags/example_short_circuit_decorator.py
[2023-11-03T20:05:41.565+0000] {processor.py:839} INFO - DAG(s) dict_keys(['example_short_circuit_decorator']) retrieved from /home/airflow/.local/lib/python3.8/site-packages/airflow/example_dags/example_short_circuit_decorator.py
[2023-11-03T20:05:41.629+0000] {logging_mixin.py:151} INFO - [2023-11-03T20:05:41.629+0000] {dag.py:2941} INFO - Sync 1 DAGs
[2023-11-03T20:05:41.689+0000] {logging_mixin.py:151} INFO - [2023-11-03T20:05:41.689+0000] {dag.py:3722} INFO - Setting next_dagrun for example_short_circuit_decorator to 2023-11-02T20:05:41.688435+00:00, run_after=2023-11-03T20:05:41.688435+00:00
[2023-11-03T20:05:41.753+0000] {processor.py:179} INFO - Processing /home/airflow/.local/lib/python3.8/site-packages/airflow/example_dags/example_short_circuit_decorator.py took 0.255 seconds
