[2023-11-03T19:42:51.571+0000] {processor.py:157} INFO - Started process (PID=33513) to work on /home/airflow/.local/lib/python3.8/site-packages/airflow/example_dags/example_task_group.py
[2023-11-03T19:42:51.580+0000] {processor.py:829} INFO - Processing file /home/airflow/.local/lib/python3.8/site-packages/airflow/example_dags/example_task_group.py for tasks to queue
[2023-11-03T19:42:51.601+0000] {logging_mixin.py:151} INFO - [2023-11-03T19:42:51.600+0000] {dagbag.py:536} INFO - Filling up the DagBag from /home/airflow/.local/lib/python3.8/site-packages/airflow/example_dags/example_task_group.py
[2023-11-03T19:42:51.642+0000] {processor.py:839} INFO - DAG(s) dict_keys(['example_task_group']) retrieved from /home/airflow/.local/lib/python3.8/site-packages/airflow/example_dags/example_task_group.py
[2023-11-03T19:42:51.850+0000] {logging_mixin.py:151} INFO - [2023-11-03T19:42:51.849+0000] {dag.py:2941} INFO - Sync 1 DAGs
[2023-11-03T19:42:52.359+0000] {logging_mixin.py:151} INFO - [2023-11-03T19:42:52.359+0000] {dag.py:3722} INFO - Setting next_dagrun for example_task_group to 2023-11-02T19:42:52.358585+00:00, run_after=2023-11-03T19:42:52.358585+00:00
[2023-11-03T19:42:52.420+0000] {processor.py:179} INFO - Processing /home/airflow/.local/lib/python3.8/site-packages/airflow/example_dags/example_task_group.py took 0.860 seconds
[2023-11-03T19:43:22.802+0000] {processor.py:157} INFO - Started process (PID=33575) to work on /home/airflow/.local/lib/python3.8/site-packages/airflow/example_dags/example_task_group.py
[2023-11-03T19:43:22.804+0000] {processor.py:829} INFO - Processing file /home/airflow/.local/lib/python3.8/site-packages/airflow/example_dags/example_task_group.py for tasks to queue
[2023-11-03T19:43:22.811+0000] {logging_mixin.py:151} INFO - [2023-11-03T19:43:22.810+0000] {dagbag.py:536} INFO - Filling up the DagBag from /home/airflow/.local/lib/python3.8/site-packages/airflow/example_dags/example_task_group.py
[2023-11-03T19:43:22.832+0000] {processor.py:839} INFO - DAG(s) dict_keys(['example_task_group']) retrieved from /home/airflow/.local/lib/python3.8/site-packages/airflow/example_dags/example_task_group.py
[2023-11-03T19:43:22.893+0000] {logging_mixin.py:151} INFO - [2023-11-03T19:43:22.892+0000] {dag.py:2941} INFO - Sync 1 DAGs
[2023-11-03T19:43:22.950+0000] {logging_mixin.py:151} INFO - [2023-11-03T19:43:22.949+0000] {dag.py:3722} INFO - Setting next_dagrun for example_task_group to 2023-11-02T19:43:22.948837+00:00, run_after=2023-11-03T19:43:22.948837+00:00
[2023-11-03T19:43:23.008+0000] {processor.py:179} INFO - Processing /home/airflow/.local/lib/python3.8/site-packages/airflow/example_dags/example_task_group.py took 0.214 seconds
[2023-11-03T19:43:53.337+0000] {processor.py:157} INFO - Started process (PID=33637) to work on /home/airflow/.local/lib/python3.8/site-packages/airflow/example_dags/example_task_group.py
[2023-11-03T19:43:53.341+0000] {processor.py:829} INFO - Processing file /home/airflow/.local/lib/python3.8/site-packages/airflow/example_dags/example_task_group.py for tasks to queue
[2023-11-03T19:43:53.351+0000] {logging_mixin.py:151} INFO - [2023-11-03T19:43:53.349+0000] {dagbag.py:536} INFO - Filling up the DagBag from /home/airflow/.local/lib/python3.8/site-packages/airflow/example_dags/example_task_group.py
[2023-11-03T19:43:53.373+0000] {processor.py:839} INFO - DAG(s) dict_keys(['example_task_group']) retrieved from /home/airflow/.local/lib/python3.8/site-packages/airflow/example_dags/example_task_group.py
[2023-11-03T19:43:53.462+0000] {logging_mixin.py:151} INFO - [2023-11-03T19:43:53.461+0000] {dag.py:2941} INFO - Sync 1 DAGs
[2023-11-03T19:43:53.530+0000] {logging_mixin.py:151} INFO - [2023-11-03T19:43:53.529+0000] {dag.py:3722} INFO - Setting next_dagrun for example_task_group to 2023-11-02T19:43:53.529285+00:00, run_after=2023-11-03T19:43:53.529285+00:00
[2023-11-03T19:43:53.587+0000] {processor.py:179} INFO - Processing /home/airflow/.local/lib/python3.8/site-packages/airflow/example_dags/example_task_group.py took 0.263 seconds
[2023-11-03T19:44:24.054+0000] {processor.py:157} INFO - Started process (PID=33699) to work on /home/airflow/.local/lib/python3.8/site-packages/airflow/example_dags/example_task_group.py
[2023-11-03T19:44:24.057+0000] {processor.py:829} INFO - Processing file /home/airflow/.local/lib/python3.8/site-packages/airflow/example_dags/example_task_group.py for tasks to queue
[2023-11-03T19:44:24.064+0000] {logging_mixin.py:151} INFO - [2023-11-03T19:44:24.063+0000] {dagbag.py:536} INFO - Filling up the DagBag from /home/airflow/.local/lib/python3.8/site-packages/airflow/example_dags/example_task_group.py
[2023-11-03T19:44:24.083+0000] {processor.py:839} INFO - DAG(s) dict_keys(['example_task_group']) retrieved from /home/airflow/.local/lib/python3.8/site-packages/airflow/example_dags/example_task_group.py
[2023-11-03T19:44:24.134+0000] {logging_mixin.py:151} INFO - [2023-11-03T19:44:24.133+0000] {dag.py:2941} INFO - Sync 1 DAGs
[2023-11-03T19:44:24.187+0000] {logging_mixin.py:151} INFO - [2023-11-03T19:44:24.187+0000] {dag.py:3722} INFO - Setting next_dagrun for example_task_group to 2023-11-02T19:44:24.186649+00:00, run_after=2023-11-03T19:44:24.186649+00:00
[2023-11-03T19:44:24.259+0000] {processor.py:179} INFO - Processing /home/airflow/.local/lib/python3.8/site-packages/airflow/example_dags/example_task_group.py took 0.213 seconds
[2023-11-03T19:44:54.481+0000] {processor.py:157} INFO - Started process (PID=33761) to work on /home/airflow/.local/lib/python3.8/site-packages/airflow/example_dags/example_task_group.py
[2023-11-03T19:44:54.483+0000] {processor.py:829} INFO - Processing file /home/airflow/.local/lib/python3.8/site-packages/airflow/example_dags/example_task_group.py for tasks to queue
[2023-11-03T19:44:54.490+0000] {logging_mixin.py:151} INFO - [2023-11-03T19:44:54.488+0000] {dagbag.py:536} INFO - Filling up the DagBag from /home/airflow/.local/lib/python3.8/site-packages/airflow/example_dags/example_task_group.py
[2023-11-03T19:44:54.508+0000] {processor.py:839} INFO - DAG(s) dict_keys(['example_task_group']) retrieved from /home/airflow/.local/lib/python3.8/site-packages/airflow/example_dags/example_task_group.py
[2023-11-03T19:44:54.560+0000] {logging_mixin.py:151} INFO - [2023-11-03T19:44:54.559+0000] {dag.py:2941} INFO - Sync 1 DAGs
[2023-11-03T19:44:54.623+0000] {logging_mixin.py:151} INFO - [2023-11-03T19:44:54.623+0000] {dag.py:3722} INFO - Setting next_dagrun for example_task_group to 2023-11-02T19:44:54.622552+00:00, run_after=2023-11-03T19:44:54.622552+00:00
[2023-11-03T19:44:54.677+0000] {processor.py:179} INFO - Processing /home/airflow/.local/lib/python3.8/site-packages/airflow/example_dags/example_task_group.py took 0.203 seconds
[2023-11-03T19:45:25.857+0000] {processor.py:157} INFO - Started process (PID=33824) to work on /home/airflow/.local/lib/python3.8/site-packages/airflow/example_dags/example_task_group.py
[2023-11-03T19:45:25.870+0000] {processor.py:829} INFO - Processing file /home/airflow/.local/lib/python3.8/site-packages/airflow/example_dags/example_task_group.py for tasks to queue
[2023-11-03T19:45:25.889+0000] {logging_mixin.py:151} INFO - [2023-11-03T19:45:25.888+0000] {dagbag.py:536} INFO - Filling up the DagBag from /home/airflow/.local/lib/python3.8/site-packages/airflow/example_dags/example_task_group.py
[2023-11-03T19:45:25.913+0000] {processor.py:839} INFO - DAG(s) dict_keys(['example_task_group']) retrieved from /home/airflow/.local/lib/python3.8/site-packages/airflow/example_dags/example_task_group.py
[2023-11-03T19:45:25.969+0000] {logging_mixin.py:151} INFO - [2023-11-03T19:45:25.968+0000] {dag.py:2941} INFO - Sync 1 DAGs
[2023-11-03T19:45:26.028+0000] {logging_mixin.py:151} INFO - [2023-11-03T19:45:26.027+0000] {dag.py:3722} INFO - Setting next_dagrun for example_task_group to 2023-11-02T19:45:26.027310+00:00, run_after=2023-11-03T19:45:26.027310+00:00
[2023-11-03T19:45:26.107+0000] {processor.py:179} INFO - Processing /home/airflow/.local/lib/python3.8/site-packages/airflow/example_dags/example_task_group.py took 0.269 seconds
[2023-11-03T19:45:56.307+0000] {processor.py:157} INFO - Started process (PID=33886) to work on /home/airflow/.local/lib/python3.8/site-packages/airflow/example_dags/example_task_group.py
[2023-11-03T19:45:56.310+0000] {processor.py:829} INFO - Processing file /home/airflow/.local/lib/python3.8/site-packages/airflow/example_dags/example_task_group.py for tasks to queue
[2023-11-03T19:45:56.318+0000] {logging_mixin.py:151} INFO - [2023-11-03T19:45:56.316+0000] {dagbag.py:536} INFO - Filling up the DagBag from /home/airflow/.local/lib/python3.8/site-packages/airflow/example_dags/example_task_group.py
[2023-11-03T19:45:56.342+0000] {processor.py:839} INFO - DAG(s) dict_keys(['example_task_group']) retrieved from /home/airflow/.local/lib/python3.8/site-packages/airflow/example_dags/example_task_group.py
[2023-11-03T19:45:56.410+0000] {logging_mixin.py:151} INFO - [2023-11-03T19:45:56.409+0000] {dag.py:2941} INFO - Sync 1 DAGs
[2023-11-03T19:45:56.463+0000] {logging_mixin.py:151} INFO - [2023-11-03T19:45:56.463+0000] {dag.py:3722} INFO - Setting next_dagrun for example_task_group to 2023-11-02T19:45:56.462797+00:00, run_after=2023-11-03T19:45:56.462797+00:00
[2023-11-03T19:45:56.522+0000] {processor.py:179} INFO - Processing /home/airflow/.local/lib/python3.8/site-packages/airflow/example_dags/example_task_group.py took 0.224 seconds
[2023-11-03T19:46:27.403+0000] {processor.py:157} INFO - Started process (PID=33948) to work on /home/airflow/.local/lib/python3.8/site-packages/airflow/example_dags/example_task_group.py
[2023-11-03T19:46:27.406+0000] {processor.py:829} INFO - Processing file /home/airflow/.local/lib/python3.8/site-packages/airflow/example_dags/example_task_group.py for tasks to queue
[2023-11-03T19:46:27.413+0000] {logging_mixin.py:151} INFO - [2023-11-03T19:46:27.412+0000] {dagbag.py:536} INFO - Filling up the DagBag from /home/airflow/.local/lib/python3.8/site-packages/airflow/example_dags/example_task_group.py
[2023-11-03T19:46:27.437+0000] {processor.py:839} INFO - DAG(s) dict_keys(['example_task_group']) retrieved from /home/airflow/.local/lib/python3.8/site-packages/airflow/example_dags/example_task_group.py
[2023-11-03T19:46:27.505+0000] {logging_mixin.py:151} INFO - [2023-11-03T19:46:27.505+0000] {dag.py:2941} INFO - Sync 1 DAGs
[2023-11-03T19:46:27.563+0000] {logging_mixin.py:151} INFO - [2023-11-03T19:46:27.563+0000] {dag.py:3722} INFO - Setting next_dagrun for example_task_group to 2023-11-02T19:46:27.562915+00:00, run_after=2023-11-03T19:46:27.562915+00:00
[2023-11-03T19:46:27.624+0000] {processor.py:179} INFO - Processing /home/airflow/.local/lib/python3.8/site-packages/airflow/example_dags/example_task_group.py took 0.228 seconds
[2023-11-03T19:46:58.341+0000] {processor.py:157} INFO - Started process (PID=34010) to work on /home/airflow/.local/lib/python3.8/site-packages/airflow/example_dags/example_task_group.py
[2023-11-03T19:46:58.343+0000] {processor.py:829} INFO - Processing file /home/airflow/.local/lib/python3.8/site-packages/airflow/example_dags/example_task_group.py for tasks to queue
[2023-11-03T19:46:58.351+0000] {logging_mixin.py:151} INFO - [2023-11-03T19:46:58.350+0000] {dagbag.py:536} INFO - Filling up the DagBag from /home/airflow/.local/lib/python3.8/site-packages/airflow/example_dags/example_task_group.py
[2023-11-03T19:46:58.376+0000] {processor.py:839} INFO - DAG(s) dict_keys(['example_task_group']) retrieved from /home/airflow/.local/lib/python3.8/site-packages/airflow/example_dags/example_task_group.py
[2023-11-03T19:46:58.452+0000] {logging_mixin.py:151} INFO - [2023-11-03T19:46:58.452+0000] {dag.py:2941} INFO - Sync 1 DAGs
[2023-11-03T19:46:58.514+0000] {logging_mixin.py:151} INFO - [2023-11-03T19:46:58.514+0000] {dag.py:3722} INFO - Setting next_dagrun for example_task_group to 2023-11-02T19:46:58.513136+00:00, run_after=2023-11-03T19:46:58.513136+00:00
[2023-11-03T19:46:58.574+0000] {processor.py:179} INFO - Processing /home/airflow/.local/lib/python3.8/site-packages/airflow/example_dags/example_task_group.py took 0.242 seconds
[2023-11-03T19:47:28.706+0000] {processor.py:157} INFO - Started process (PID=34072) to work on /home/airflow/.local/lib/python3.8/site-packages/airflow/example_dags/example_task_group.py
[2023-11-03T19:47:28.709+0000] {processor.py:829} INFO - Processing file /home/airflow/.local/lib/python3.8/site-packages/airflow/example_dags/example_task_group.py for tasks to queue
[2023-11-03T19:47:28.719+0000] {logging_mixin.py:151} INFO - [2023-11-03T19:47:28.718+0000] {dagbag.py:536} INFO - Filling up the DagBag from /home/airflow/.local/lib/python3.8/site-packages/airflow/example_dags/example_task_group.py
[2023-11-03T19:47:28.743+0000] {processor.py:839} INFO - DAG(s) dict_keys(['example_task_group']) retrieved from /home/airflow/.local/lib/python3.8/site-packages/airflow/example_dags/example_task_group.py
[2023-11-03T19:47:28.830+0000] {logging_mixin.py:151} INFO - [2023-11-03T19:47:28.830+0000] {dag.py:2941} INFO - Sync 1 DAGs
[2023-11-03T19:47:28.898+0000] {logging_mixin.py:151} INFO - [2023-11-03T19:47:28.898+0000] {dag.py:3722} INFO - Setting next_dagrun for example_task_group to 2023-11-02T19:47:28.897507+00:00, run_after=2023-11-03T19:47:28.897507+00:00
[2023-11-03T19:47:28.964+0000] {processor.py:179} INFO - Processing /home/airflow/.local/lib/python3.8/site-packages/airflow/example_dags/example_task_group.py took 0.270 seconds
[2023-11-03T19:47:59.483+0000] {processor.py:157} INFO - Started process (PID=34134) to work on /home/airflow/.local/lib/python3.8/site-packages/airflow/example_dags/example_task_group.py
[2023-11-03T19:47:59.487+0000] {processor.py:829} INFO - Processing file /home/airflow/.local/lib/python3.8/site-packages/airflow/example_dags/example_task_group.py for tasks to queue
[2023-11-03T19:47:59.498+0000] {logging_mixin.py:151} INFO - [2023-11-03T19:47:59.496+0000] {dagbag.py:536} INFO - Filling up the DagBag from /home/airflow/.local/lib/python3.8/site-packages/airflow/example_dags/example_task_group.py
[2023-11-03T19:47:59.525+0000] {processor.py:839} INFO - DAG(s) dict_keys(['example_task_group']) retrieved from /home/airflow/.local/lib/python3.8/site-packages/airflow/example_dags/example_task_group.py
[2023-11-03T19:47:59.594+0000] {logging_mixin.py:151} INFO - [2023-11-03T19:47:59.593+0000] {dag.py:2941} INFO - Sync 1 DAGs
[2023-11-03T19:47:59.654+0000] {logging_mixin.py:151} INFO - [2023-11-03T19:47:59.654+0000] {dag.py:3722} INFO - Setting next_dagrun for example_task_group to 2023-11-02T19:47:59.653455+00:00, run_after=2023-11-03T19:47:59.653455+00:00
[2023-11-03T19:47:59.758+0000] {processor.py:179} INFO - Processing /home/airflow/.local/lib/python3.8/site-packages/airflow/example_dags/example_task_group.py took 0.287 seconds
[2023-11-03T19:48:30.277+0000] {processor.py:157} INFO - Started process (PID=34196) to work on /home/airflow/.local/lib/python3.8/site-packages/airflow/example_dags/example_task_group.py
[2023-11-03T19:48:30.280+0000] {processor.py:829} INFO - Processing file /home/airflow/.local/lib/python3.8/site-packages/airflow/example_dags/example_task_group.py for tasks to queue
[2023-11-03T19:48:30.288+0000] {logging_mixin.py:151} INFO - [2023-11-03T19:48:30.287+0000] {dagbag.py:536} INFO - Filling up the DagBag from /home/airflow/.local/lib/python3.8/site-packages/airflow/example_dags/example_task_group.py
[2023-11-03T19:48:30.318+0000] {processor.py:839} INFO - DAG(s) dict_keys(['example_task_group']) retrieved from /home/airflow/.local/lib/python3.8/site-packages/airflow/example_dags/example_task_group.py
[2023-11-03T19:48:30.394+0000] {logging_mixin.py:151} INFO - [2023-11-03T19:48:30.393+0000] {dag.py:2941} INFO - Sync 1 DAGs
[2023-11-03T19:48:30.455+0000] {logging_mixin.py:151} INFO - [2023-11-03T19:48:30.454+0000] {dag.py:3722} INFO - Setting next_dagrun for example_task_group to 2023-11-02T19:48:30.454035+00:00, run_after=2023-11-03T19:48:30.454035+00:00
[2023-11-03T19:48:30.513+0000] {processor.py:179} INFO - Processing /home/airflow/.local/lib/python3.8/site-packages/airflow/example_dags/example_task_group.py took 0.245 seconds
[2023-11-03T19:49:00.734+0000] {processor.py:157} INFO - Started process (PID=34258) to work on /home/airflow/.local/lib/python3.8/site-packages/airflow/example_dags/example_task_group.py
[2023-11-03T19:49:00.737+0000] {processor.py:829} INFO - Processing file /home/airflow/.local/lib/python3.8/site-packages/airflow/example_dags/example_task_group.py for tasks to queue
[2023-11-03T19:49:00.747+0000] {logging_mixin.py:151} INFO - [2023-11-03T19:49:00.746+0000] {dagbag.py:536} INFO - Filling up the DagBag from /home/airflow/.local/lib/python3.8/site-packages/airflow/example_dags/example_task_group.py
[2023-11-03T19:49:00.787+0000] {processor.py:839} INFO - DAG(s) dict_keys(['example_task_group']) retrieved from /home/airflow/.local/lib/python3.8/site-packages/airflow/example_dags/example_task_group.py
[2023-11-03T19:49:00.847+0000] {logging_mixin.py:151} INFO - [2023-11-03T19:49:00.847+0000] {dag.py:2941} INFO - Sync 1 DAGs
[2023-11-03T19:49:00.912+0000] {logging_mixin.py:151} INFO - [2023-11-03T19:49:00.911+0000] {dag.py:3722} INFO - Setting next_dagrun for example_task_group to 2023-11-02T19:49:00.910938+00:00, run_after=2023-11-03T19:49:00.910938+00:00
[2023-11-03T19:49:00.986+0000] {processor.py:179} INFO - Processing /home/airflow/.local/lib/python3.8/site-packages/airflow/example_dags/example_task_group.py took 0.260 seconds
[2023-11-03T19:49:31.568+0000] {processor.py:157} INFO - Started process (PID=34320) to work on /home/airflow/.local/lib/python3.8/site-packages/airflow/example_dags/example_task_group.py
[2023-11-03T19:49:31.571+0000] {processor.py:829} INFO - Processing file /home/airflow/.local/lib/python3.8/site-packages/airflow/example_dags/example_task_group.py for tasks to queue
[2023-11-03T19:49:31.579+0000] {logging_mixin.py:151} INFO - [2023-11-03T19:49:31.578+0000] {dagbag.py:536} INFO - Filling up the DagBag from /home/airflow/.local/lib/python3.8/site-packages/airflow/example_dags/example_task_group.py
[2023-11-03T19:49:31.612+0000] {processor.py:839} INFO - DAG(s) dict_keys(['example_task_group']) retrieved from /home/airflow/.local/lib/python3.8/site-packages/airflow/example_dags/example_task_group.py
[2023-11-03T19:49:31.691+0000] {logging_mixin.py:151} INFO - [2023-11-03T19:49:31.689+0000] {dag.py:2941} INFO - Sync 1 DAGs
[2023-11-03T19:49:31.817+0000] {logging_mixin.py:151} INFO - [2023-11-03T19:49:31.816+0000] {dag.py:3722} INFO - Setting next_dagrun for example_task_group to 2023-11-02T19:49:31.815471+00:00, run_after=2023-11-03T19:49:31.815471+00:00
[2023-11-03T19:49:32.000+0000] {processor.py:179} INFO - Processing /home/airflow/.local/lib/python3.8/site-packages/airflow/example_dags/example_task_group.py took 0.441 seconds
[2023-11-03T19:50:02.189+0000] {processor.py:157} INFO - Started process (PID=34382) to work on /home/airflow/.local/lib/python3.8/site-packages/airflow/example_dags/example_task_group.py
[2023-11-03T19:50:02.193+0000] {processor.py:829} INFO - Processing file /home/airflow/.local/lib/python3.8/site-packages/airflow/example_dags/example_task_group.py for tasks to queue
[2023-11-03T19:50:02.204+0000] {logging_mixin.py:151} INFO - [2023-11-03T19:50:02.203+0000] {dagbag.py:536} INFO - Filling up the DagBag from /home/airflow/.local/lib/python3.8/site-packages/airflow/example_dags/example_task_group.py
[2023-11-03T19:50:02.244+0000] {processor.py:839} INFO - DAG(s) dict_keys(['example_task_group']) retrieved from /home/airflow/.local/lib/python3.8/site-packages/airflow/example_dags/example_task_group.py
[2023-11-03T19:50:02.315+0000] {logging_mixin.py:151} INFO - [2023-11-03T19:50:02.314+0000] {dag.py:2941} INFO - Sync 1 DAGs
[2023-11-03T19:50:02.379+0000] {logging_mixin.py:151} INFO - [2023-11-03T19:50:02.379+0000] {dag.py:3722} INFO - Setting next_dagrun for example_task_group to 2023-11-02T19:50:02.378589+00:00, run_after=2023-11-03T19:50:02.378589+00:00
[2023-11-03T19:50:02.438+0000] {processor.py:179} INFO - Processing /home/airflow/.local/lib/python3.8/site-packages/airflow/example_dags/example_task_group.py took 0.260 seconds
[2023-11-03T19:50:32.526+0000] {processor.py:157} INFO - Started process (PID=34444) to work on /home/airflow/.local/lib/python3.8/site-packages/airflow/example_dags/example_task_group.py
[2023-11-03T19:50:32.530+0000] {processor.py:829} INFO - Processing file /home/airflow/.local/lib/python3.8/site-packages/airflow/example_dags/example_task_group.py for tasks to queue
[2023-11-03T19:50:32.539+0000] {logging_mixin.py:151} INFO - [2023-11-03T19:50:32.538+0000] {dagbag.py:536} INFO - Filling up the DagBag from /home/airflow/.local/lib/python3.8/site-packages/airflow/example_dags/example_task_group.py
[2023-11-03T19:50:32.568+0000] {processor.py:839} INFO - DAG(s) dict_keys(['example_task_group']) retrieved from /home/airflow/.local/lib/python3.8/site-packages/airflow/example_dags/example_task_group.py
[2023-11-03T19:50:32.647+0000] {logging_mixin.py:151} INFO - [2023-11-03T19:50:32.646+0000] {dag.py:2941} INFO - Sync 1 DAGs
[2023-11-03T19:50:32.727+0000] {logging_mixin.py:151} INFO - [2023-11-03T19:50:32.726+0000] {dag.py:3722} INFO - Setting next_dagrun for example_task_group to 2023-11-02T19:50:32.725935+00:00, run_after=2023-11-03T19:50:32.725935+00:00
[2023-11-03T19:50:32.794+0000] {processor.py:179} INFO - Processing /home/airflow/.local/lib/python3.8/site-packages/airflow/example_dags/example_task_group.py took 0.279 seconds
[2023-11-03T19:51:03.584+0000] {processor.py:157} INFO - Started process (PID=34506) to work on /home/airflow/.local/lib/python3.8/site-packages/airflow/example_dags/example_task_group.py
[2023-11-03T19:51:03.586+0000] {processor.py:829} INFO - Processing file /home/airflow/.local/lib/python3.8/site-packages/airflow/example_dags/example_task_group.py for tasks to queue
[2023-11-03T19:51:03.595+0000] {logging_mixin.py:151} INFO - [2023-11-03T19:51:03.593+0000] {dagbag.py:536} INFO - Filling up the DagBag from /home/airflow/.local/lib/python3.8/site-packages/airflow/example_dags/example_task_group.py
[2023-11-03T19:51:03.620+0000] {processor.py:839} INFO - DAG(s) dict_keys(['example_task_group']) retrieved from /home/airflow/.local/lib/python3.8/site-packages/airflow/example_dags/example_task_group.py
[2023-11-03T19:51:03.679+0000] {logging_mixin.py:151} INFO - [2023-11-03T19:51:03.678+0000] {dag.py:2941} INFO - Sync 1 DAGs
[2023-11-03T19:51:03.786+0000] {logging_mixin.py:151} INFO - [2023-11-03T19:51:03.785+0000] {dag.py:3722} INFO - Setting next_dagrun for example_task_group to 2023-11-02T19:51:03.784691+00:00, run_after=2023-11-03T19:51:03.784691+00:00
[2023-11-03T19:51:03.938+0000] {processor.py:179} INFO - Processing /home/airflow/.local/lib/python3.8/site-packages/airflow/example_dags/example_task_group.py took 0.363 seconds
[2023-11-03T19:51:34.458+0000] {processor.py:157} INFO - Started process (PID=34568) to work on /home/airflow/.local/lib/python3.8/site-packages/airflow/example_dags/example_task_group.py
[2023-11-03T19:51:34.460+0000] {processor.py:829} INFO - Processing file /home/airflow/.local/lib/python3.8/site-packages/airflow/example_dags/example_task_group.py for tasks to queue
[2023-11-03T19:51:34.468+0000] {logging_mixin.py:151} INFO - [2023-11-03T19:51:34.466+0000] {dagbag.py:536} INFO - Filling up the DagBag from /home/airflow/.local/lib/python3.8/site-packages/airflow/example_dags/example_task_group.py
[2023-11-03T19:51:34.499+0000] {processor.py:839} INFO - DAG(s) dict_keys(['example_task_group']) retrieved from /home/airflow/.local/lib/python3.8/site-packages/airflow/example_dags/example_task_group.py
[2023-11-03T19:51:34.569+0000] {logging_mixin.py:151} INFO - [2023-11-03T19:51:34.569+0000] {dag.py:2941} INFO - Sync 1 DAGs
[2023-11-03T19:51:34.625+0000] {logging_mixin.py:151} INFO - [2023-11-03T19:51:34.625+0000] {dag.py:3722} INFO - Setting next_dagrun for example_task_group to 2023-11-02T19:51:34.624145+00:00, run_after=2023-11-03T19:51:34.624145+00:00
[2023-11-03T19:51:34.704+0000] {processor.py:179} INFO - Processing /home/airflow/.local/lib/python3.8/site-packages/airflow/example_dags/example_task_group.py took 0.255 seconds
[2023-11-03T19:52:05.628+0000] {processor.py:157} INFO - Started process (PID=34637) to work on /home/airflow/.local/lib/python3.8/site-packages/airflow/example_dags/example_task_group.py
[2023-11-03T19:52:05.630+0000] {processor.py:829} INFO - Processing file /home/airflow/.local/lib/python3.8/site-packages/airflow/example_dags/example_task_group.py for tasks to queue
[2023-11-03T19:52:05.638+0000] {logging_mixin.py:151} INFO - [2023-11-03T19:52:05.636+0000] {dagbag.py:536} INFO - Filling up the DagBag from /home/airflow/.local/lib/python3.8/site-packages/airflow/example_dags/example_task_group.py
[2023-11-03T19:52:05.661+0000] {processor.py:839} INFO - DAG(s) dict_keys(['example_task_group']) retrieved from /home/airflow/.local/lib/python3.8/site-packages/airflow/example_dags/example_task_group.py
[2023-11-03T19:52:05.744+0000] {logging_mixin.py:151} INFO - [2023-11-03T19:52:05.743+0000] {dag.py:2941} INFO - Sync 1 DAGs
[2023-11-03T19:52:05.806+0000] {logging_mixin.py:151} INFO - [2023-11-03T19:52:05.806+0000] {dag.py:3722} INFO - Setting next_dagrun for example_task_group to 2023-11-02T19:52:05.805328+00:00, run_after=2023-11-03T19:52:05.805328+00:00
[2023-11-03T19:52:05.869+0000] {processor.py:179} INFO - Processing /home/airflow/.local/lib/python3.8/site-packages/airflow/example_dags/example_task_group.py took 0.250 seconds
[2023-11-03T19:52:36.267+0000] {processor.py:157} INFO - Started process (PID=34699) to work on /home/airflow/.local/lib/python3.8/site-packages/airflow/example_dags/example_task_group.py
[2023-11-03T19:52:36.269+0000] {processor.py:829} INFO - Processing file /home/airflow/.local/lib/python3.8/site-packages/airflow/example_dags/example_task_group.py for tasks to queue
[2023-11-03T19:52:36.276+0000] {logging_mixin.py:151} INFO - [2023-11-03T19:52:36.275+0000] {dagbag.py:536} INFO - Filling up the DagBag from /home/airflow/.local/lib/python3.8/site-packages/airflow/example_dags/example_task_group.py
[2023-11-03T19:52:36.304+0000] {processor.py:839} INFO - DAG(s) dict_keys(['example_task_group']) retrieved from /home/airflow/.local/lib/python3.8/site-packages/airflow/example_dags/example_task_group.py
[2023-11-03T19:52:36.370+0000] {logging_mixin.py:151} INFO - [2023-11-03T19:52:36.369+0000] {dag.py:2941} INFO - Sync 1 DAGs
[2023-11-03T19:52:36.437+0000] {logging_mixin.py:151} INFO - [2023-11-03T19:52:36.436+0000] {dag.py:3722} INFO - Setting next_dagrun for example_task_group to 2023-11-02T19:52:36.435898+00:00, run_after=2023-11-03T19:52:36.435898+00:00
[2023-11-03T19:52:36.512+0000] {processor.py:179} INFO - Processing /home/airflow/.local/lib/python3.8/site-packages/airflow/example_dags/example_task_group.py took 0.256 seconds
[2023-11-03T19:53:06.831+0000] {processor.py:157} INFO - Started process (PID=34761) to work on /home/airflow/.local/lib/python3.8/site-packages/airflow/example_dags/example_task_group.py
[2023-11-03T19:53:06.834+0000] {processor.py:829} INFO - Processing file /home/airflow/.local/lib/python3.8/site-packages/airflow/example_dags/example_task_group.py for tasks to queue
[2023-11-03T19:53:06.841+0000] {logging_mixin.py:151} INFO - [2023-11-03T19:53:06.840+0000] {dagbag.py:536} INFO - Filling up the DagBag from /home/airflow/.local/lib/python3.8/site-packages/airflow/example_dags/example_task_group.py
[2023-11-03T19:53:06.862+0000] {processor.py:839} INFO - DAG(s) dict_keys(['example_task_group']) retrieved from /home/airflow/.local/lib/python3.8/site-packages/airflow/example_dags/example_task_group.py
[2023-11-03T19:53:06.925+0000] {logging_mixin.py:151} INFO - [2023-11-03T19:53:06.924+0000] {dag.py:2941} INFO - Sync 1 DAGs
[2023-11-03T19:53:06.988+0000] {logging_mixin.py:151} INFO - [2023-11-03T19:53:06.988+0000] {dag.py:3722} INFO - Setting next_dagrun for example_task_group to 2023-11-02T19:53:06.987741+00:00, run_after=2023-11-03T19:53:06.987741+00:00
[2023-11-03T19:53:07.046+0000] {processor.py:179} INFO - Processing /home/airflow/.local/lib/python3.8/site-packages/airflow/example_dags/example_task_group.py took 0.227 seconds
[2023-11-03T19:53:37.547+0000] {processor.py:157} INFO - Started process (PID=34823) to work on /home/airflow/.local/lib/python3.8/site-packages/airflow/example_dags/example_task_group.py
[2023-11-03T19:53:37.550+0000] {processor.py:829} INFO - Processing file /home/airflow/.local/lib/python3.8/site-packages/airflow/example_dags/example_task_group.py for tasks to queue
[2023-11-03T19:53:37.558+0000] {logging_mixin.py:151} INFO - [2023-11-03T19:53:37.557+0000] {dagbag.py:536} INFO - Filling up the DagBag from /home/airflow/.local/lib/python3.8/site-packages/airflow/example_dags/example_task_group.py
[2023-11-03T19:53:37.589+0000] {processor.py:839} INFO - DAG(s) dict_keys(['example_task_group']) retrieved from /home/airflow/.local/lib/python3.8/site-packages/airflow/example_dags/example_task_group.py
[2023-11-03T19:53:37.643+0000] {logging_mixin.py:151} INFO - [2023-11-03T19:53:37.642+0000] {dag.py:2941} INFO - Sync 1 DAGs
[2023-11-03T19:53:37.742+0000] {logging_mixin.py:151} INFO - [2023-11-03T19:53:37.741+0000] {dag.py:3722} INFO - Setting next_dagrun for example_task_group to 2023-11-02T19:53:37.740628+00:00, run_after=2023-11-03T19:53:37.740628+00:00
[2023-11-03T19:53:37.929+0000] {processor.py:179} INFO - Processing /home/airflow/.local/lib/python3.8/site-packages/airflow/example_dags/example_task_group.py took 0.392 seconds
[2023-11-03T19:54:09.316+0000] {processor.py:157} INFO - Started process (PID=34885) to work on /home/airflow/.local/lib/python3.8/site-packages/airflow/example_dags/example_task_group.py
[2023-11-03T19:54:09.319+0000] {processor.py:829} INFO - Processing file /home/airflow/.local/lib/python3.8/site-packages/airflow/example_dags/example_task_group.py for tasks to queue
[2023-11-03T19:54:09.326+0000] {logging_mixin.py:151} INFO - [2023-11-03T19:54:09.325+0000] {dagbag.py:536} INFO - Filling up the DagBag from /home/airflow/.local/lib/python3.8/site-packages/airflow/example_dags/example_task_group.py
[2023-11-03T19:54:09.347+0000] {processor.py:839} INFO - DAG(s) dict_keys(['example_task_group']) retrieved from /home/airflow/.local/lib/python3.8/site-packages/airflow/example_dags/example_task_group.py
[2023-11-03T19:54:09.440+0000] {logging_mixin.py:151} INFO - [2023-11-03T19:54:09.439+0000] {dag.py:2941} INFO - Sync 1 DAGs
[2023-11-03T19:54:09.513+0000] {logging_mixin.py:151} INFO - [2023-11-03T19:54:09.512+0000] {dag.py:3722} INFO - Setting next_dagrun for example_task_group to 2023-11-02T19:54:09.511918+00:00, run_after=2023-11-03T19:54:09.511918+00:00
[2023-11-03T19:54:09.626+0000] {processor.py:179} INFO - Processing /home/airflow/.local/lib/python3.8/site-packages/airflow/example_dags/example_task_group.py took 0.317 seconds
[2023-11-03T19:54:39.742+0000] {processor.py:157} INFO - Started process (PID=34947) to work on /home/airflow/.local/lib/python3.8/site-packages/airflow/example_dags/example_task_group.py
[2023-11-03T19:54:39.746+0000] {processor.py:829} INFO - Processing file /home/airflow/.local/lib/python3.8/site-packages/airflow/example_dags/example_task_group.py for tasks to queue
[2023-11-03T19:54:39.765+0000] {logging_mixin.py:151} INFO - [2023-11-03T19:54:39.756+0000] {dagbag.py:536} INFO - Filling up the DagBag from /home/airflow/.local/lib/python3.8/site-packages/airflow/example_dags/example_task_group.py
[2023-11-03T19:54:39.795+0000] {processor.py:839} INFO - DAG(s) dict_keys(['example_task_group']) retrieved from /home/airflow/.local/lib/python3.8/site-packages/airflow/example_dags/example_task_group.py
[2023-11-03T19:54:39.960+0000] {logging_mixin.py:151} INFO - [2023-11-03T19:54:39.959+0000] {dag.py:2941} INFO - Sync 1 DAGs
[2023-11-03T19:54:40.052+0000] {logging_mixin.py:151} INFO - [2023-11-03T19:54:40.052+0000] {dag.py:3722} INFO - Setting next_dagrun for example_task_group to 2023-11-02T19:54:40.051270+00:00, run_after=2023-11-03T19:54:40.051270+00:00
[2023-11-03T19:54:40.124+0000] {processor.py:179} INFO - Processing /home/airflow/.local/lib/python3.8/site-packages/airflow/example_dags/example_task_group.py took 0.394 seconds
[2023-11-03T19:55:10.912+0000] {processor.py:157} INFO - Started process (PID=35009) to work on /home/airflow/.local/lib/python3.8/site-packages/airflow/example_dags/example_task_group.py
[2023-11-03T19:55:10.915+0000] {processor.py:829} INFO - Processing file /home/airflow/.local/lib/python3.8/site-packages/airflow/example_dags/example_task_group.py for tasks to queue
[2023-11-03T19:55:10.923+0000] {logging_mixin.py:151} INFO - [2023-11-03T19:55:10.922+0000] {dagbag.py:536} INFO - Filling up the DagBag from /home/airflow/.local/lib/python3.8/site-packages/airflow/example_dags/example_task_group.py
[2023-11-03T19:55:10.948+0000] {processor.py:839} INFO - DAG(s) dict_keys(['example_task_group']) retrieved from /home/airflow/.local/lib/python3.8/site-packages/airflow/example_dags/example_task_group.py
[2023-11-03T19:55:11.027+0000] {logging_mixin.py:151} INFO - [2023-11-03T19:55:11.026+0000] {dag.py:2941} INFO - Sync 1 DAGs
[2023-11-03T19:55:11.084+0000] {logging_mixin.py:151} INFO - [2023-11-03T19:55:11.084+0000] {dag.py:3722} INFO - Setting next_dagrun for example_task_group to 2023-11-02T19:55:11.083409+00:00, run_after=2023-11-03T19:55:11.083409+00:00
[2023-11-03T19:55:11.145+0000] {processor.py:179} INFO - Processing /home/airflow/.local/lib/python3.8/site-packages/airflow/example_dags/example_task_group.py took 0.242 seconds
[2023-11-03T19:55:41.628+0000] {processor.py:157} INFO - Started process (PID=35071) to work on /home/airflow/.local/lib/python3.8/site-packages/airflow/example_dags/example_task_group.py
[2023-11-03T19:55:41.631+0000] {processor.py:829} INFO - Processing file /home/airflow/.local/lib/python3.8/site-packages/airflow/example_dags/example_task_group.py for tasks to queue
[2023-11-03T19:55:41.638+0000] {logging_mixin.py:151} INFO - [2023-11-03T19:55:41.637+0000] {dagbag.py:536} INFO - Filling up the DagBag from /home/airflow/.local/lib/python3.8/site-packages/airflow/example_dags/example_task_group.py
[2023-11-03T19:55:41.668+0000] {processor.py:839} INFO - DAG(s) dict_keys(['example_task_group']) retrieved from /home/airflow/.local/lib/python3.8/site-packages/airflow/example_dags/example_task_group.py
[2023-11-03T19:55:41.758+0000] {logging_mixin.py:151} INFO - [2023-11-03T19:55:41.757+0000] {dag.py:2941} INFO - Sync 1 DAGs
[2023-11-03T19:55:41.934+0000] {logging_mixin.py:151} INFO - [2023-11-03T19:55:41.923+0000] {dag.py:3722} INFO - Setting next_dagrun for example_task_group to 2023-11-02T19:55:41.922236+00:00, run_after=2023-11-03T19:55:41.922236+00:00
[2023-11-03T19:55:42.013+0000] {processor.py:179} INFO - Processing /home/airflow/.local/lib/python3.8/site-packages/airflow/example_dags/example_task_group.py took 0.392 seconds
[2023-11-03T19:56:12.160+0000] {processor.py:157} INFO - Started process (PID=35133) to work on /home/airflow/.local/lib/python3.8/site-packages/airflow/example_dags/example_task_group.py
[2023-11-03T19:56:12.162+0000] {processor.py:829} INFO - Processing file /home/airflow/.local/lib/python3.8/site-packages/airflow/example_dags/example_task_group.py for tasks to queue
[2023-11-03T19:56:12.169+0000] {logging_mixin.py:151} INFO - [2023-11-03T19:56:12.168+0000] {dagbag.py:536} INFO - Filling up the DagBag from /home/airflow/.local/lib/python3.8/site-packages/airflow/example_dags/example_task_group.py
[2023-11-03T19:56:12.187+0000] {processor.py:839} INFO - DAG(s) dict_keys(['example_task_group']) retrieved from /home/airflow/.local/lib/python3.8/site-packages/airflow/example_dags/example_task_group.py
[2023-11-03T19:56:12.245+0000] {logging_mixin.py:151} INFO - [2023-11-03T19:56:12.244+0000] {dag.py:2941} INFO - Sync 1 DAGs
[2023-11-03T19:56:12.317+0000] {logging_mixin.py:151} INFO - [2023-11-03T19:56:12.316+0000] {dag.py:3722} INFO - Setting next_dagrun for example_task_group to 2023-11-02T19:56:12.316021+00:00, run_after=2023-11-03T19:56:12.316021+00:00
[2023-11-03T19:56:12.377+0000] {processor.py:179} INFO - Processing /home/airflow/.local/lib/python3.8/site-packages/airflow/example_dags/example_task_group.py took 0.223 seconds
[2023-11-03T19:56:42.948+0000] {processor.py:157} INFO - Started process (PID=35195) to work on /home/airflow/.local/lib/python3.8/site-packages/airflow/example_dags/example_task_group.py
[2023-11-03T19:56:42.951+0000] {processor.py:829} INFO - Processing file /home/airflow/.local/lib/python3.8/site-packages/airflow/example_dags/example_task_group.py for tasks to queue
[2023-11-03T19:56:42.962+0000] {logging_mixin.py:151} INFO - [2023-11-03T19:56:42.960+0000] {dagbag.py:536} INFO - Filling up the DagBag from /home/airflow/.local/lib/python3.8/site-packages/airflow/example_dags/example_task_group.py
[2023-11-03T19:56:42.986+0000] {processor.py:839} INFO - DAG(s) dict_keys(['example_task_group']) retrieved from /home/airflow/.local/lib/python3.8/site-packages/airflow/example_dags/example_task_group.py
[2023-11-03T19:56:43.044+0000] {logging_mixin.py:151} INFO - [2023-11-03T19:56:43.044+0000] {dag.py:2941} INFO - Sync 1 DAGs
[2023-11-03T19:56:43.108+0000] {logging_mixin.py:151} INFO - [2023-11-03T19:56:43.108+0000] {dag.py:3722} INFO - Setting next_dagrun for example_task_group to 2023-11-02T19:56:43.107552+00:00, run_after=2023-11-03T19:56:43.107552+00:00
[2023-11-03T19:56:43.171+0000] {processor.py:179} INFO - Processing /home/airflow/.local/lib/python3.8/site-packages/airflow/example_dags/example_task_group.py took 0.236 seconds
[2023-11-03T19:57:13.404+0000] {processor.py:157} INFO - Started process (PID=35257) to work on /home/airflow/.local/lib/python3.8/site-packages/airflow/example_dags/example_task_group.py
[2023-11-03T19:57:13.406+0000] {processor.py:829} INFO - Processing file /home/airflow/.local/lib/python3.8/site-packages/airflow/example_dags/example_task_group.py for tasks to queue
[2023-11-03T19:57:13.412+0000] {logging_mixin.py:151} INFO - [2023-11-03T19:57:13.411+0000] {dagbag.py:536} INFO - Filling up the DagBag from /home/airflow/.local/lib/python3.8/site-packages/airflow/example_dags/example_task_group.py
[2023-11-03T19:57:13.431+0000] {processor.py:839} INFO - DAG(s) dict_keys(['example_task_group']) retrieved from /home/airflow/.local/lib/python3.8/site-packages/airflow/example_dags/example_task_group.py
[2023-11-03T19:57:13.488+0000] {logging_mixin.py:151} INFO - [2023-11-03T19:57:13.487+0000] {dag.py:2941} INFO - Sync 1 DAGs
[2023-11-03T19:57:13.550+0000] {logging_mixin.py:151} INFO - [2023-11-03T19:57:13.549+0000] {dag.py:3722} INFO - Setting next_dagrun for example_task_group to 2023-11-02T19:57:13.548376+00:00, run_after=2023-11-03T19:57:13.548376+00:00
[2023-11-03T19:57:13.605+0000] {processor.py:179} INFO - Processing /home/airflow/.local/lib/python3.8/site-packages/airflow/example_dags/example_task_group.py took 0.209 seconds
[2023-11-03T19:57:44.522+0000] {processor.py:157} INFO - Started process (PID=35319) to work on /home/airflow/.local/lib/python3.8/site-packages/airflow/example_dags/example_task_group.py
[2023-11-03T19:57:44.525+0000] {processor.py:829} INFO - Processing file /home/airflow/.local/lib/python3.8/site-packages/airflow/example_dags/example_task_group.py for tasks to queue
[2023-11-03T19:57:44.533+0000] {logging_mixin.py:151} INFO - [2023-11-03T19:57:44.532+0000] {dagbag.py:536} INFO - Filling up the DagBag from /home/airflow/.local/lib/python3.8/site-packages/airflow/example_dags/example_task_group.py
[2023-11-03T19:57:44.563+0000] {processor.py:839} INFO - DAG(s) dict_keys(['example_task_group']) retrieved from /home/airflow/.local/lib/python3.8/site-packages/airflow/example_dags/example_task_group.py
[2023-11-03T19:57:44.657+0000] {logging_mixin.py:151} INFO - [2023-11-03T19:57:44.656+0000] {dag.py:2941} INFO - Sync 1 DAGs
[2023-11-03T19:57:44.721+0000] {logging_mixin.py:151} INFO - [2023-11-03T19:57:44.721+0000] {dag.py:3722} INFO - Setting next_dagrun for example_task_group to 2023-11-02T19:57:44.720396+00:00, run_after=2023-11-03T19:57:44.720396+00:00
[2023-11-03T19:57:44.784+0000] {processor.py:179} INFO - Processing /home/airflow/.local/lib/python3.8/site-packages/airflow/example_dags/example_task_group.py took 0.271 seconds
[2023-11-03T19:58:15.962+0000] {processor.py:157} INFO - Started process (PID=35381) to work on /home/airflow/.local/lib/python3.8/site-packages/airflow/example_dags/example_task_group.py
[2023-11-03T19:58:15.970+0000] {processor.py:829} INFO - Processing file /home/airflow/.local/lib/python3.8/site-packages/airflow/example_dags/example_task_group.py for tasks to queue
[2023-11-03T19:58:15.981+0000] {logging_mixin.py:151} INFO - [2023-11-03T19:58:15.980+0000] {dagbag.py:536} INFO - Filling up the DagBag from /home/airflow/.local/lib/python3.8/site-packages/airflow/example_dags/example_task_group.py
[2023-11-03T19:58:16.009+0000] {processor.py:839} INFO - DAG(s) dict_keys(['example_task_group']) retrieved from /home/airflow/.local/lib/python3.8/site-packages/airflow/example_dags/example_task_group.py
[2023-11-03T19:58:16.084+0000] {logging_mixin.py:151} INFO - [2023-11-03T19:58:16.083+0000] {dag.py:2941} INFO - Sync 1 DAGs
[2023-11-03T19:58:16.146+0000] {logging_mixin.py:151} INFO - [2023-11-03T19:58:16.145+0000] {dag.py:3722} INFO - Setting next_dagrun for example_task_group to 2023-11-02T19:58:16.144741+00:00, run_after=2023-11-03T19:58:16.144741+00:00
[2023-11-03T19:58:16.217+0000] {processor.py:179} INFO - Processing /home/airflow/.local/lib/python3.8/site-packages/airflow/example_dags/example_task_group.py took 0.270 seconds
[2023-11-03T19:58:46.672+0000] {processor.py:157} INFO - Started process (PID=35443) to work on /home/airflow/.local/lib/python3.8/site-packages/airflow/example_dags/example_task_group.py
[2023-11-03T19:58:46.675+0000] {processor.py:829} INFO - Processing file /home/airflow/.local/lib/python3.8/site-packages/airflow/example_dags/example_task_group.py for tasks to queue
[2023-11-03T19:58:46.682+0000] {logging_mixin.py:151} INFO - [2023-11-03T19:58:46.680+0000] {dagbag.py:536} INFO - Filling up the DagBag from /home/airflow/.local/lib/python3.8/site-packages/airflow/example_dags/example_task_group.py
[2023-11-03T19:58:46.711+0000] {processor.py:839} INFO - DAG(s) dict_keys(['example_task_group']) retrieved from /home/airflow/.local/lib/python3.8/site-packages/airflow/example_dags/example_task_group.py
[2023-11-03T19:58:46.770+0000] {logging_mixin.py:151} INFO - [2023-11-03T19:58:46.770+0000] {dag.py:2941} INFO - Sync 1 DAGs
[2023-11-03T19:58:46.825+0000] {logging_mixin.py:151} INFO - [2023-11-03T19:58:46.825+0000] {dag.py:3722} INFO - Setting next_dagrun for example_task_group to 2023-11-02T19:58:46.824679+00:00, run_after=2023-11-03T19:58:46.824679+00:00
[2023-11-03T19:58:46.882+0000] {processor.py:179} INFO - Processing /home/airflow/.local/lib/python3.8/site-packages/airflow/example_dags/example_task_group.py took 0.217 seconds
[2023-11-03T19:59:17.236+0000] {processor.py:157} INFO - Started process (PID=35505) to work on /home/airflow/.local/lib/python3.8/site-packages/airflow/example_dags/example_task_group.py
[2023-11-03T19:59:17.238+0000] {processor.py:829} INFO - Processing file /home/airflow/.local/lib/python3.8/site-packages/airflow/example_dags/example_task_group.py for tasks to queue
[2023-11-03T19:59:17.245+0000] {logging_mixin.py:151} INFO - [2023-11-03T19:59:17.244+0000] {dagbag.py:536} INFO - Filling up the DagBag from /home/airflow/.local/lib/python3.8/site-packages/airflow/example_dags/example_task_group.py
[2023-11-03T19:59:17.266+0000] {processor.py:839} INFO - DAG(s) dict_keys(['example_task_group']) retrieved from /home/airflow/.local/lib/python3.8/site-packages/airflow/example_dags/example_task_group.py
[2023-11-03T19:59:17.334+0000] {logging_mixin.py:151} INFO - [2023-11-03T19:59:17.334+0000] {dag.py:2941} INFO - Sync 1 DAGs
[2023-11-03T19:59:17.399+0000] {logging_mixin.py:151} INFO - [2023-11-03T19:59:17.399+0000] {dag.py:3722} INFO - Setting next_dagrun for example_task_group to 2023-11-02T19:59:17.398403+00:00, run_after=2023-11-03T19:59:17.398403+00:00
[2023-11-03T19:59:17.472+0000] {processor.py:179} INFO - Processing /home/airflow/.local/lib/python3.8/site-packages/airflow/example_dags/example_task_group.py took 0.244 seconds
[2023-11-03T19:59:47.701+0000] {processor.py:157} INFO - Started process (PID=35567) to work on /home/airflow/.local/lib/python3.8/site-packages/airflow/example_dags/example_task_group.py
[2023-11-03T19:59:47.714+0000] {processor.py:829} INFO - Processing file /home/airflow/.local/lib/python3.8/site-packages/airflow/example_dags/example_task_group.py for tasks to queue
[2023-11-03T19:59:47.732+0000] {logging_mixin.py:151} INFO - [2023-11-03T19:59:47.731+0000] {dagbag.py:536} INFO - Filling up the DagBag from /home/airflow/.local/lib/python3.8/site-packages/airflow/example_dags/example_task_group.py
[2023-11-03T19:59:47.799+0000] {processor.py:839} INFO - DAG(s) dict_keys(['example_task_group']) retrieved from /home/airflow/.local/lib/python3.8/site-packages/airflow/example_dags/example_task_group.py
[2023-11-03T19:59:47.944+0000] {logging_mixin.py:151} INFO - [2023-11-03T19:59:47.944+0000] {dag.py:2941} INFO - Sync 1 DAGs
[2023-11-03T19:59:48.016+0000] {logging_mixin.py:151} INFO - [2023-11-03T19:59:48.015+0000] {dag.py:3722} INFO - Setting next_dagrun for example_task_group to 2023-11-02T19:59:48.014659+00:00, run_after=2023-11-03T19:59:48.014659+00:00
[2023-11-03T19:59:48.075+0000] {processor.py:179} INFO - Processing /home/airflow/.local/lib/python3.8/site-packages/airflow/example_dags/example_task_group.py took 0.387 seconds
[2023-11-03T20:00:18.944+0000] {processor.py:157} INFO - Started process (PID=35629) to work on /home/airflow/.local/lib/python3.8/site-packages/airflow/example_dags/example_task_group.py
[2023-11-03T20:00:18.947+0000] {processor.py:829} INFO - Processing file /home/airflow/.local/lib/python3.8/site-packages/airflow/example_dags/example_task_group.py for tasks to queue
[2023-11-03T20:00:18.954+0000] {logging_mixin.py:151} INFO - [2023-11-03T20:00:18.953+0000] {dagbag.py:536} INFO - Filling up the DagBag from /home/airflow/.local/lib/python3.8/site-packages/airflow/example_dags/example_task_group.py
[2023-11-03T20:00:18.982+0000] {processor.py:839} INFO - DAG(s) dict_keys(['example_task_group']) retrieved from /home/airflow/.local/lib/python3.8/site-packages/airflow/example_dags/example_task_group.py
[2023-11-03T20:00:19.053+0000] {logging_mixin.py:151} INFO - [2023-11-03T20:00:19.052+0000] {dag.py:2941} INFO - Sync 1 DAGs
[2023-11-03T20:00:19.124+0000] {logging_mixin.py:151} INFO - [2023-11-03T20:00:19.123+0000] {dag.py:3722} INFO - Setting next_dagrun for example_task_group to 2023-11-02T20:00:19.123049+00:00, run_after=2023-11-03T20:00:19.123049+00:00
[2023-11-03T20:00:19.182+0000] {processor.py:179} INFO - Processing /home/airflow/.local/lib/python3.8/site-packages/airflow/example_dags/example_task_group.py took 0.248 seconds
[2023-11-03T20:00:50.432+0000] {processor.py:157} INFO - Started process (PID=35691) to work on /home/airflow/.local/lib/python3.8/site-packages/airflow/example_dags/example_task_group.py
[2023-11-03T20:00:50.435+0000] {processor.py:829} INFO - Processing file /home/airflow/.local/lib/python3.8/site-packages/airflow/example_dags/example_task_group.py for tasks to queue
[2023-11-03T20:00:50.445+0000] {logging_mixin.py:151} INFO - [2023-11-03T20:00:50.443+0000] {dagbag.py:536} INFO - Filling up the DagBag from /home/airflow/.local/lib/python3.8/site-packages/airflow/example_dags/example_task_group.py
[2023-11-03T20:00:50.463+0000] {processor.py:839} INFO - DAG(s) dict_keys(['example_task_group']) retrieved from /home/airflow/.local/lib/python3.8/site-packages/airflow/example_dags/example_task_group.py
[2023-11-03T20:00:50.530+0000] {logging_mixin.py:151} INFO - [2023-11-03T20:00:50.529+0000] {dag.py:2941} INFO - Sync 1 DAGs
[2023-11-03T20:00:50.597+0000] {logging_mixin.py:151} INFO - [2023-11-03T20:00:50.597+0000] {dag.py:3722} INFO - Setting next_dagrun for example_task_group to 2023-11-02T20:00:50.596565+00:00, run_after=2023-11-03T20:00:50.596565+00:00
[2023-11-03T20:00:50.655+0000] {processor.py:179} INFO - Processing /home/airflow/.local/lib/python3.8/site-packages/airflow/example_dags/example_task_group.py took 0.237 seconds
[2023-11-03T20:01:21.574+0000] {processor.py:157} INFO - Started process (PID=35753) to work on /home/airflow/.local/lib/python3.8/site-packages/airflow/example_dags/example_task_group.py
[2023-11-03T20:01:21.577+0000] {processor.py:829} INFO - Processing file /home/airflow/.local/lib/python3.8/site-packages/airflow/example_dags/example_task_group.py for tasks to queue
[2023-11-03T20:01:21.585+0000] {logging_mixin.py:151} INFO - [2023-11-03T20:01:21.584+0000] {dagbag.py:536} INFO - Filling up the DagBag from /home/airflow/.local/lib/python3.8/site-packages/airflow/example_dags/example_task_group.py
[2023-11-03T20:01:21.621+0000] {processor.py:839} INFO - DAG(s) dict_keys(['example_task_group']) retrieved from /home/airflow/.local/lib/python3.8/site-packages/airflow/example_dags/example_task_group.py
[2023-11-03T20:01:21.701+0000] {logging_mixin.py:151} INFO - [2023-11-03T20:01:21.700+0000] {dag.py:2941} INFO - Sync 1 DAGs
[2023-11-03T20:01:21.801+0000] {logging_mixin.py:151} INFO - [2023-11-03T20:01:21.800+0000] {dag.py:3722} INFO - Setting next_dagrun for example_task_group to 2023-11-02T20:01:21.799496+00:00, run_after=2023-11-03T20:01:21.799496+00:00
[2023-11-03T20:01:21.958+0000] {processor.py:179} INFO - Processing /home/airflow/.local/lib/python3.8/site-packages/airflow/example_dags/example_task_group.py took 0.395 seconds
[2023-11-03T20:01:52.631+0000] {processor.py:157} INFO - Started process (PID=35815) to work on /home/airflow/.local/lib/python3.8/site-packages/airflow/example_dags/example_task_group.py
[2023-11-03T20:01:52.634+0000] {processor.py:829} INFO - Processing file /home/airflow/.local/lib/python3.8/site-packages/airflow/example_dags/example_task_group.py for tasks to queue
[2023-11-03T20:01:52.640+0000] {logging_mixin.py:151} INFO - [2023-11-03T20:01:52.639+0000] {dagbag.py:536} INFO - Filling up the DagBag from /home/airflow/.local/lib/python3.8/site-packages/airflow/example_dags/example_task_group.py
[2023-11-03T20:01:52.664+0000] {processor.py:839} INFO - DAG(s) dict_keys(['example_task_group']) retrieved from /home/airflow/.local/lib/python3.8/site-packages/airflow/example_dags/example_task_group.py
[2023-11-03T20:01:52.729+0000] {logging_mixin.py:151} INFO - [2023-11-03T20:01:52.728+0000] {dag.py:2941} INFO - Sync 1 DAGs
[2023-11-03T20:01:52.794+0000] {logging_mixin.py:151} INFO - [2023-11-03T20:01:52.794+0000] {dag.py:3722} INFO - Setting next_dagrun for example_task_group to 2023-11-02T20:01:52.793180+00:00, run_after=2023-11-03T20:01:52.793180+00:00
[2023-11-03T20:01:52.864+0000] {processor.py:179} INFO - Processing /home/airflow/.local/lib/python3.8/site-packages/airflow/example_dags/example_task_group.py took 0.243 seconds
[2023-11-03T20:02:23.402+0000] {processor.py:157} INFO - Started process (PID=35877) to work on /home/airflow/.local/lib/python3.8/site-packages/airflow/example_dags/example_task_group.py
[2023-11-03T20:02:23.405+0000] {processor.py:829} INFO - Processing file /home/airflow/.local/lib/python3.8/site-packages/airflow/example_dags/example_task_group.py for tasks to queue
[2023-11-03T20:02:23.415+0000] {logging_mixin.py:151} INFO - [2023-11-03T20:02:23.413+0000] {dagbag.py:536} INFO - Filling up the DagBag from /home/airflow/.local/lib/python3.8/site-packages/airflow/example_dags/example_task_group.py
[2023-11-03T20:02:23.447+0000] {processor.py:839} INFO - DAG(s) dict_keys(['example_task_group']) retrieved from /home/airflow/.local/lib/python3.8/site-packages/airflow/example_dags/example_task_group.py
[2023-11-03T20:02:23.509+0000] {logging_mixin.py:151} INFO - [2023-11-03T20:02:23.509+0000] {dag.py:2941} INFO - Sync 1 DAGs
[2023-11-03T20:02:23.566+0000] {logging_mixin.py:151} INFO - [2023-11-03T20:02:23.566+0000] {dag.py:3722} INFO - Setting next_dagrun for example_task_group to 2023-11-02T20:02:23.565785+00:00, run_after=2023-11-03T20:02:23.565785+00:00
[2023-11-03T20:02:23.621+0000] {processor.py:179} INFO - Processing /home/airflow/.local/lib/python3.8/site-packages/airflow/example_dags/example_task_group.py took 0.225 seconds
[2023-11-03T20:02:54.196+0000] {processor.py:157} INFO - Started process (PID=35939) to work on /home/airflow/.local/lib/python3.8/site-packages/airflow/example_dags/example_task_group.py
[2023-11-03T20:02:54.199+0000] {processor.py:829} INFO - Processing file /home/airflow/.local/lib/python3.8/site-packages/airflow/example_dags/example_task_group.py for tasks to queue
[2023-11-03T20:02:54.209+0000] {logging_mixin.py:151} INFO - [2023-11-03T20:02:54.207+0000] {dagbag.py:536} INFO - Filling up the DagBag from /home/airflow/.local/lib/python3.8/site-packages/airflow/example_dags/example_task_group.py
[2023-11-03T20:02:54.236+0000] {processor.py:839} INFO - DAG(s) dict_keys(['example_task_group']) retrieved from /home/airflow/.local/lib/python3.8/site-packages/airflow/example_dags/example_task_group.py
[2023-11-03T20:02:54.293+0000] {logging_mixin.py:151} INFO - [2023-11-03T20:02:54.292+0000] {dag.py:2941} INFO - Sync 1 DAGs
[2023-11-03T20:02:54.351+0000] {logging_mixin.py:151} INFO - [2023-11-03T20:02:54.350+0000] {dag.py:3722} INFO - Setting next_dagrun for example_task_group to 2023-11-02T20:02:54.350076+00:00, run_after=2023-11-03T20:02:54.350076+00:00
[2023-11-03T20:02:54.409+0000] {processor.py:179} INFO - Processing /home/airflow/.local/lib/python3.8/site-packages/airflow/example_dags/example_task_group.py took 0.226 seconds
[2023-11-03T20:03:25.853+0000] {processor.py:157} INFO - Started process (PID=36002) to work on /home/airflow/.local/lib/python3.8/site-packages/airflow/example_dags/example_task_group.py
[2023-11-03T20:03:25.856+0000] {processor.py:829} INFO - Processing file /home/airflow/.local/lib/python3.8/site-packages/airflow/example_dags/example_task_group.py for tasks to queue
[2023-11-03T20:03:25.864+0000] {logging_mixin.py:151} INFO - [2023-11-03T20:03:25.862+0000] {dagbag.py:536} INFO - Filling up the DagBag from /home/airflow/.local/lib/python3.8/site-packages/airflow/example_dags/example_task_group.py
[2023-11-03T20:03:25.880+0000] {processor.py:839} INFO - DAG(s) dict_keys(['example_task_group']) retrieved from /home/airflow/.local/lib/python3.8/site-packages/airflow/example_dags/example_task_group.py
[2023-11-03T20:03:25.938+0000] {logging_mixin.py:151} INFO - [2023-11-03T20:03:25.937+0000] {dag.py:2941} INFO - Sync 1 DAGs
[2023-11-03T20:03:25.994+0000] {logging_mixin.py:151} INFO - [2023-11-03T20:03:25.993+0000] {dag.py:3722} INFO - Setting next_dagrun for example_task_group to 2023-11-02T20:03:25.993054+00:00, run_after=2023-11-03T20:03:25.993054+00:00
[2023-11-03T20:03:26.049+0000] {processor.py:179} INFO - Processing /home/airflow/.local/lib/python3.8/site-packages/airflow/example_dags/example_task_group.py took 0.204 seconds
[2023-11-03T20:03:56.686+0000] {processor.py:157} INFO - Started process (PID=36065) to work on /home/airflow/.local/lib/python3.8/site-packages/airflow/example_dags/example_task_group.py
[2023-11-03T20:03:56.688+0000] {processor.py:829} INFO - Processing file /home/airflow/.local/lib/python3.8/site-packages/airflow/example_dags/example_task_group.py for tasks to queue
[2023-11-03T20:03:56.696+0000] {logging_mixin.py:151} INFO - [2023-11-03T20:03:56.694+0000] {dagbag.py:536} INFO - Filling up the DagBag from /home/airflow/.local/lib/python3.8/site-packages/airflow/example_dags/example_task_group.py
[2023-11-03T20:03:56.714+0000] {processor.py:839} INFO - DAG(s) dict_keys(['example_task_group']) retrieved from /home/airflow/.local/lib/python3.8/site-packages/airflow/example_dags/example_task_group.py
[2023-11-03T20:03:56.772+0000] {logging_mixin.py:151} INFO - [2023-11-03T20:03:56.771+0000] {dag.py:2941} INFO - Sync 1 DAGs
[2023-11-03T20:03:56.832+0000] {logging_mixin.py:151} INFO - [2023-11-03T20:03:56.832+0000] {dag.py:3722} INFO - Setting next_dagrun for example_task_group to 2023-11-02T20:03:56.831631+00:00, run_after=2023-11-03T20:03:56.831631+00:00
[2023-11-03T20:03:56.889+0000] {processor.py:179} INFO - Processing /home/airflow/.local/lib/python3.8/site-packages/airflow/example_dags/example_task_group.py took 0.210 seconds
[2023-11-03T20:04:27.733+0000] {processor.py:157} INFO - Started process (PID=36126) to work on /home/airflow/.local/lib/python3.8/site-packages/airflow/example_dags/example_task_group.py
[2023-11-03T20:04:27.735+0000] {processor.py:829} INFO - Processing file /home/airflow/.local/lib/python3.8/site-packages/airflow/example_dags/example_task_group.py for tasks to queue
[2023-11-03T20:04:27.742+0000] {logging_mixin.py:151} INFO - [2023-11-03T20:04:27.741+0000] {dagbag.py:536} INFO - Filling up the DagBag from /home/airflow/.local/lib/python3.8/site-packages/airflow/example_dags/example_task_group.py
[2023-11-03T20:04:27.761+0000] {processor.py:839} INFO - DAG(s) dict_keys(['example_task_group']) retrieved from /home/airflow/.local/lib/python3.8/site-packages/airflow/example_dags/example_task_group.py
[2023-11-03T20:04:27.838+0000] {logging_mixin.py:151} INFO - [2023-11-03T20:04:27.838+0000] {dag.py:2941} INFO - Sync 1 DAGs
[2023-11-03T20:04:27.893+0000] {logging_mixin.py:151} INFO - [2023-11-03T20:04:27.893+0000] {dag.py:3722} INFO - Setting next_dagrun for example_task_group to 2023-11-02T20:04:27.892692+00:00, run_after=2023-11-03T20:04:27.892692+00:00
[2023-11-03T20:04:27.946+0000] {processor.py:179} INFO - Processing /home/airflow/.local/lib/python3.8/site-packages/airflow/example_dags/example_task_group.py took 0.221 seconds
[2023-11-03T20:04:58.343+0000] {processor.py:157} INFO - Started process (PID=36188) to work on /home/airflow/.local/lib/python3.8/site-packages/airflow/example_dags/example_task_group.py
[2023-11-03T20:04:58.345+0000] {processor.py:829} INFO - Processing file /home/airflow/.local/lib/python3.8/site-packages/airflow/example_dags/example_task_group.py for tasks to queue
[2023-11-03T20:04:58.351+0000] {logging_mixin.py:151} INFO - [2023-11-03T20:04:58.350+0000] {dagbag.py:536} INFO - Filling up the DagBag from /home/airflow/.local/lib/python3.8/site-packages/airflow/example_dags/example_task_group.py
[2023-11-03T20:04:58.370+0000] {processor.py:839} INFO - DAG(s) dict_keys(['example_task_group']) retrieved from /home/airflow/.local/lib/python3.8/site-packages/airflow/example_dags/example_task_group.py
[2023-11-03T20:04:58.443+0000] {logging_mixin.py:151} INFO - [2023-11-03T20:04:58.442+0000] {dag.py:2941} INFO - Sync 1 DAGs
[2023-11-03T20:04:58.501+0000] {logging_mixin.py:151} INFO - [2023-11-03T20:04:58.501+0000] {dag.py:3722} INFO - Setting next_dagrun for example_task_group to 2023-11-02T20:04:58.500572+00:00, run_after=2023-11-03T20:04:58.500572+00:00
[2023-11-03T20:04:58.559+0000] {processor.py:179} INFO - Processing /home/airflow/.local/lib/python3.8/site-packages/airflow/example_dags/example_task_group.py took 0.224 seconds
[2023-11-03T20:05:29.566+0000] {processor.py:157} INFO - Started process (PID=36250) to work on /home/airflow/.local/lib/python3.8/site-packages/airflow/example_dags/example_task_group.py
[2023-11-03T20:05:29.569+0000] {processor.py:829} INFO - Processing file /home/airflow/.local/lib/python3.8/site-packages/airflow/example_dags/example_task_group.py for tasks to queue
[2023-11-03T20:05:29.580+0000] {logging_mixin.py:151} INFO - [2023-11-03T20:05:29.578+0000] {dagbag.py:536} INFO - Filling up the DagBag from /home/airflow/.local/lib/python3.8/site-packages/airflow/example_dags/example_task_group.py
[2023-11-03T20:05:29.604+0000] {processor.py:839} INFO - DAG(s) dict_keys(['example_task_group']) retrieved from /home/airflow/.local/lib/python3.8/site-packages/airflow/example_dags/example_task_group.py
[2023-11-03T20:05:29.681+0000] {logging_mixin.py:151} INFO - [2023-11-03T20:05:29.681+0000] {dag.py:2941} INFO - Sync 1 DAGs
[2023-11-03T20:05:29.779+0000] {logging_mixin.py:151} INFO - [2023-11-03T20:05:29.778+0000] {dag.py:3722} INFO - Setting next_dagrun for example_task_group to 2023-11-02T20:05:29.777571+00:00, run_after=2023-11-03T20:05:29.777571+00:00
[2023-11-03T20:05:29.930+0000] {processor.py:179} INFO - Processing /home/airflow/.local/lib/python3.8/site-packages/airflow/example_dags/example_task_group.py took 0.374 seconds
[2023-11-03T20:06:00.676+0000] {processor.py:157} INFO - Started process (PID=36312) to work on /home/airflow/.local/lib/python3.8/site-packages/airflow/example_dags/example_task_group.py
[2023-11-03T20:06:00.678+0000] {processor.py:829} INFO - Processing file /home/airflow/.local/lib/python3.8/site-packages/airflow/example_dags/example_task_group.py for tasks to queue
[2023-11-03T20:06:00.687+0000] {logging_mixin.py:151} INFO - [2023-11-03T20:06:00.685+0000] {dagbag.py:536} INFO - Filling up the DagBag from /home/airflow/.local/lib/python3.8/site-packages/airflow/example_dags/example_task_group.py
[2023-11-03T20:06:00.717+0000] {processor.py:839} INFO - DAG(s) dict_keys(['example_task_group']) retrieved from /home/airflow/.local/lib/python3.8/site-packages/airflow/example_dags/example_task_group.py
[2023-11-03T20:06:00.788+0000] {logging_mixin.py:151} INFO - [2023-11-03T20:06:00.787+0000] {dag.py:2941} INFO - Sync 1 DAGs
[2023-11-03T20:06:00.860+0000] {logging_mixin.py:151} INFO - [2023-11-03T20:06:00.859+0000] {dag.py:3722} INFO - Setting next_dagrun for example_task_group to 2023-11-02T20:06:00.859189+00:00, run_after=2023-11-03T20:06:00.859189+00:00
[2023-11-03T20:06:00.929+0000] {processor.py:179} INFO - Processing /home/airflow/.local/lib/python3.8/site-packages/airflow/example_dags/example_task_group.py took 0.262 seconds
