[2023-11-03T19:42:45.555+0000] {processor.py:157} INFO - Started process (PID=33497) to work on /home/airflow/.local/lib/python3.8/site-packages/airflow/example_dags/example_branch_datetime_operator.py
[2023-11-03T19:42:45.561+0000] {processor.py:829} INFO - Processing file /home/airflow/.local/lib/python3.8/site-packages/airflow/example_dags/example_branch_datetime_operator.py for tasks to queue
[2023-11-03T19:42:45.569+0000] {logging_mixin.py:151} INFO - [2023-11-03T19:42:45.568+0000] {dagbag.py:536} INFO - Filling up the DagBag from /home/airflow/.local/lib/python3.8/site-packages/airflow/example_dags/example_branch_datetime_operator.py
[2023-11-03T19:42:45.659+0000] {processor.py:839} INFO - DAG(s) dict_keys(['example_branch_datetime_operator_2', 'example_branch_datetime_operator', 'example_branch_datetime_operator_3']) retrieved from /home/airflow/.local/lib/python3.8/site-packages/airflow/example_dags/example_branch_datetime_operator.py
[2023-11-03T19:42:45.802+0000] {logging_mixin.py:151} INFO - [2023-11-03T19:42:45.801+0000] {dag.py:2941} INFO - Sync 3 DAGs
[2023-11-03T19:42:45.869+0000] {logging_mixin.py:151} INFO - [2023-11-03T19:42:45.868+0000] {dag.py:3722} INFO - Setting next_dagrun for example_branch_datetime_operator to 2023-11-02T00:00:00+00:00, run_after=2023-11-03T00:00:00+00:00
[2023-11-03T19:42:45.885+0000] {logging_mixin.py:151} INFO - [2023-11-03T19:42:45.885+0000] {dag.py:3722} INFO - Setting next_dagrun for example_branch_datetime_operator_2 to 2023-11-02T00:00:00+00:00, run_after=2023-11-03T00:00:00+00:00
[2023-11-03T19:42:45.896+0000] {logging_mixin.py:151} INFO - [2023-11-03T19:42:45.895+0000] {dag.py:3722} INFO - Setting next_dagrun for example_branch_datetime_operator_3 to 2023-11-02T00:00:00+00:00, run_after=2023-11-03T00:00:00+00:00
[2023-11-03T19:42:45.949+0000] {processor.py:179} INFO - Processing /home/airflow/.local/lib/python3.8/site-packages/airflow/example_dags/example_branch_datetime_operator.py took 0.408 seconds
[2023-11-03T19:43:16.402+0000] {processor.py:157} INFO - Started process (PID=33559) to work on /home/airflow/.local/lib/python3.8/site-packages/airflow/example_dags/example_branch_datetime_operator.py
[2023-11-03T19:43:16.409+0000] {processor.py:829} INFO - Processing file /home/airflow/.local/lib/python3.8/site-packages/airflow/example_dags/example_branch_datetime_operator.py for tasks to queue
[2023-11-03T19:43:16.418+0000] {logging_mixin.py:151} INFO - [2023-11-03T19:43:16.416+0000] {dagbag.py:536} INFO - Filling up the DagBag from /home/airflow/.local/lib/python3.8/site-packages/airflow/example_dags/example_branch_datetime_operator.py
[2023-11-03T19:43:16.456+0000] {processor.py:839} INFO - DAG(s) dict_keys(['example_branch_datetime_operator_3', 'example_branch_datetime_operator_2', 'example_branch_datetime_operator']) retrieved from /home/airflow/.local/lib/python3.8/site-packages/airflow/example_dags/example_branch_datetime_operator.py
[2023-11-03T19:43:16.553+0000] {logging_mixin.py:151} INFO - [2023-11-03T19:43:16.552+0000] {dag.py:2941} INFO - Sync 3 DAGs
[2023-11-03T19:43:16.674+0000] {logging_mixin.py:151} INFO - [2023-11-03T19:43:16.673+0000] {dag.py:3722} INFO - Setting next_dagrun for example_branch_datetime_operator to 2023-11-02T00:00:00+00:00, run_after=2023-11-03T00:00:00+00:00
[2023-11-03T19:43:16.698+0000] {logging_mixin.py:151} INFO - [2023-11-03T19:43:16.697+0000] {dag.py:3722} INFO - Setting next_dagrun for example_branch_datetime_operator_2 to 2023-11-02T00:00:00+00:00, run_after=2023-11-03T00:00:00+00:00
[2023-11-03T19:43:16.712+0000] {logging_mixin.py:151} INFO - [2023-11-03T19:43:16.712+0000] {dag.py:3722} INFO - Setting next_dagrun for example_branch_datetime_operator_3 to 2023-11-02T00:00:00+00:00, run_after=2023-11-03T00:00:00+00:00
[2023-11-03T19:43:16.778+0000] {processor.py:179} INFO - Processing /home/airflow/.local/lib/python3.8/site-packages/airflow/example_dags/example_branch_datetime_operator.py took 0.387 seconds
[2023-11-03T19:43:47.527+0000] {processor.py:157} INFO - Started process (PID=33621) to work on /home/airflow/.local/lib/python3.8/site-packages/airflow/example_dags/example_branch_datetime_operator.py
[2023-11-03T19:43:47.531+0000] {processor.py:829} INFO - Processing file /home/airflow/.local/lib/python3.8/site-packages/airflow/example_dags/example_branch_datetime_operator.py for tasks to queue
[2023-11-03T19:43:47.539+0000] {logging_mixin.py:151} INFO - [2023-11-03T19:43:47.538+0000] {dagbag.py:536} INFO - Filling up the DagBag from /home/airflow/.local/lib/python3.8/site-packages/airflow/example_dags/example_branch_datetime_operator.py
[2023-11-03T19:43:47.582+0000] {processor.py:839} INFO - DAG(s) dict_keys(['example_branch_datetime_operator_2', 'example_branch_datetime_operator', 'example_branch_datetime_operator_3']) retrieved from /home/airflow/.local/lib/python3.8/site-packages/airflow/example_dags/example_branch_datetime_operator.py
[2023-11-03T19:43:47.688+0000] {logging_mixin.py:151} INFO - [2023-11-03T19:43:47.688+0000] {dag.py:2941} INFO - Sync 3 DAGs
[2023-11-03T19:43:47.762+0000] {logging_mixin.py:151} INFO - [2023-11-03T19:43:47.761+0000] {dag.py:3722} INFO - Setting next_dagrun for example_branch_datetime_operator to 2023-11-02T00:00:00+00:00, run_after=2023-11-03T00:00:00+00:00
[2023-11-03T19:43:47.777+0000] {logging_mixin.py:151} INFO - [2023-11-03T19:43:47.777+0000] {dag.py:3722} INFO - Setting next_dagrun for example_branch_datetime_operator_2 to 2023-11-02T00:00:00+00:00, run_after=2023-11-03T00:00:00+00:00
[2023-11-03T19:43:47.789+0000] {logging_mixin.py:151} INFO - [2023-11-03T19:43:47.788+0000] {dag.py:3722} INFO - Setting next_dagrun for example_branch_datetime_operator_3 to 2023-11-02T00:00:00+00:00, run_after=2023-11-03T00:00:00+00:00
[2023-11-03T19:43:47.850+0000] {processor.py:179} INFO - Processing /home/airflow/.local/lib/python3.8/site-packages/airflow/example_dags/example_branch_datetime_operator.py took 0.338 seconds
[2023-11-03T19:44:18.243+0000] {processor.py:157} INFO - Started process (PID=33683) to work on /home/airflow/.local/lib/python3.8/site-packages/airflow/example_dags/example_branch_datetime_operator.py
[2023-11-03T19:44:18.245+0000] {processor.py:829} INFO - Processing file /home/airflow/.local/lib/python3.8/site-packages/airflow/example_dags/example_branch_datetime_operator.py for tasks to queue
[2023-11-03T19:44:18.253+0000] {logging_mixin.py:151} INFO - [2023-11-03T19:44:18.251+0000] {dagbag.py:536} INFO - Filling up the DagBag from /home/airflow/.local/lib/python3.8/site-packages/airflow/example_dags/example_branch_datetime_operator.py
[2023-11-03T19:44:18.279+0000] {processor.py:839} INFO - DAG(s) dict_keys(['example_branch_datetime_operator_2', 'example_branch_datetime_operator', 'example_branch_datetime_operator_3']) retrieved from /home/airflow/.local/lib/python3.8/site-packages/airflow/example_dags/example_branch_datetime_operator.py
[2023-11-03T19:44:18.354+0000] {logging_mixin.py:151} INFO - [2023-11-03T19:44:18.353+0000] {dag.py:2941} INFO - Sync 3 DAGs
[2023-11-03T19:44:18.420+0000] {logging_mixin.py:151} INFO - [2023-11-03T19:44:18.420+0000] {dag.py:3722} INFO - Setting next_dagrun for example_branch_datetime_operator to 2023-11-02T00:00:00+00:00, run_after=2023-11-03T00:00:00+00:00
[2023-11-03T19:44:18.435+0000] {logging_mixin.py:151} INFO - [2023-11-03T19:44:18.434+0000] {dag.py:3722} INFO - Setting next_dagrun for example_branch_datetime_operator_2 to 2023-11-02T00:00:00+00:00, run_after=2023-11-03T00:00:00+00:00
[2023-11-03T19:44:18.446+0000] {logging_mixin.py:151} INFO - [2023-11-03T19:44:18.446+0000] {dag.py:3722} INFO - Setting next_dagrun for example_branch_datetime_operator_3 to 2023-11-02T00:00:00+00:00, run_after=2023-11-03T00:00:00+00:00
[2023-11-03T19:44:18.495+0000] {processor.py:179} INFO - Processing /home/airflow/.local/lib/python3.8/site-packages/airflow/example_dags/example_branch_datetime_operator.py took 0.261 seconds
[2023-11-03T19:44:49.158+0000] {processor.py:157} INFO - Started process (PID=33745) to work on /home/airflow/.local/lib/python3.8/site-packages/airflow/example_dags/example_branch_datetime_operator.py
[2023-11-03T19:44:49.161+0000] {processor.py:829} INFO - Processing file /home/airflow/.local/lib/python3.8/site-packages/airflow/example_dags/example_branch_datetime_operator.py for tasks to queue
[2023-11-03T19:44:49.169+0000] {logging_mixin.py:151} INFO - [2023-11-03T19:44:49.168+0000] {dagbag.py:536} INFO - Filling up the DagBag from /home/airflow/.local/lib/python3.8/site-packages/airflow/example_dags/example_branch_datetime_operator.py
[2023-11-03T19:44:49.204+0000] {processor.py:839} INFO - DAG(s) dict_keys(['example_branch_datetime_operator_3', 'example_branch_datetime_operator_2', 'example_branch_datetime_operator']) retrieved from /home/airflow/.local/lib/python3.8/site-packages/airflow/example_dags/example_branch_datetime_operator.py
[2023-11-03T19:44:49.286+0000] {logging_mixin.py:151} INFO - [2023-11-03T19:44:49.286+0000] {dag.py:2941} INFO - Sync 3 DAGs
[2023-11-03T19:44:49.348+0000] {logging_mixin.py:151} INFO - [2023-11-03T19:44:49.348+0000] {dag.py:3722} INFO - Setting next_dagrun for example_branch_datetime_operator to 2023-11-02T00:00:00+00:00, run_after=2023-11-03T00:00:00+00:00
[2023-11-03T19:44:49.365+0000] {logging_mixin.py:151} INFO - [2023-11-03T19:44:49.364+0000] {dag.py:3722} INFO - Setting next_dagrun for example_branch_datetime_operator_2 to 2023-11-02T00:00:00+00:00, run_after=2023-11-03T00:00:00+00:00
[2023-11-03T19:44:49.374+0000] {logging_mixin.py:151} INFO - [2023-11-03T19:44:49.374+0000] {dag.py:3722} INFO - Setting next_dagrun for example_branch_datetime_operator_3 to 2023-11-02T00:00:00+00:00, run_after=2023-11-03T00:00:00+00:00
[2023-11-03T19:44:49.441+0000] {processor.py:179} INFO - Processing /home/airflow/.local/lib/python3.8/site-packages/airflow/example_dags/example_branch_datetime_operator.py took 0.291 seconds
[2023-11-03T19:45:19.793+0000] {processor.py:157} INFO - Started process (PID=33808) to work on /home/airflow/.local/lib/python3.8/site-packages/airflow/example_dags/example_branch_datetime_operator.py
[2023-11-03T19:45:19.796+0000] {processor.py:829} INFO - Processing file /home/airflow/.local/lib/python3.8/site-packages/airflow/example_dags/example_branch_datetime_operator.py for tasks to queue
[2023-11-03T19:45:19.805+0000] {logging_mixin.py:151} INFO - [2023-11-03T19:45:19.804+0000] {dagbag.py:536} INFO - Filling up the DagBag from /home/airflow/.local/lib/python3.8/site-packages/airflow/example_dags/example_branch_datetime_operator.py
[2023-11-03T19:45:19.850+0000] {processor.py:839} INFO - DAG(s) dict_keys(['example_branch_datetime_operator_2', 'example_branch_datetime_operator', 'example_branch_datetime_operator_3']) retrieved from /home/airflow/.local/lib/python3.8/site-packages/airflow/example_dags/example_branch_datetime_operator.py
[2023-11-03T19:45:19.933+0000] {logging_mixin.py:151} INFO - [2023-11-03T19:45:19.932+0000] {dag.py:2941} INFO - Sync 3 DAGs
[2023-11-03T19:45:20.014+0000] {logging_mixin.py:151} INFO - [2023-11-03T19:45:20.014+0000] {dag.py:3722} INFO - Setting next_dagrun for example_branch_datetime_operator to 2023-11-02T00:00:00+00:00, run_after=2023-11-03T00:00:00+00:00
[2023-11-03T19:45:20.034+0000] {logging_mixin.py:151} INFO - [2023-11-03T19:45:20.033+0000] {dag.py:3722} INFO - Setting next_dagrun for example_branch_datetime_operator_2 to 2023-11-02T00:00:00+00:00, run_after=2023-11-03T00:00:00+00:00
[2023-11-03T19:45:20.043+0000] {logging_mixin.py:151} INFO - [2023-11-03T19:45:20.043+0000] {dag.py:3722} INFO - Setting next_dagrun for example_branch_datetime_operator_3 to 2023-11-02T00:00:00+00:00, run_after=2023-11-03T00:00:00+00:00
[2023-11-03T19:45:20.100+0000] {processor.py:179} INFO - Processing /home/airflow/.local/lib/python3.8/site-packages/airflow/example_dags/example_branch_datetime_operator.py took 0.318 seconds
[2023-11-03T19:45:50.738+0000] {processor.py:157} INFO - Started process (PID=33870) to work on /home/airflow/.local/lib/python3.8/site-packages/airflow/example_dags/example_branch_datetime_operator.py
[2023-11-03T19:45:50.740+0000] {processor.py:829} INFO - Processing file /home/airflow/.local/lib/python3.8/site-packages/airflow/example_dags/example_branch_datetime_operator.py for tasks to queue
[2023-11-03T19:45:50.748+0000] {logging_mixin.py:151} INFO - [2023-11-03T19:45:50.747+0000] {dagbag.py:536} INFO - Filling up the DagBag from /home/airflow/.local/lib/python3.8/site-packages/airflow/example_dags/example_branch_datetime_operator.py
[2023-11-03T19:45:50.776+0000] {processor.py:839} INFO - DAG(s) dict_keys(['example_branch_datetime_operator_3', 'example_branch_datetime_operator', 'example_branch_datetime_operator_2']) retrieved from /home/airflow/.local/lib/python3.8/site-packages/airflow/example_dags/example_branch_datetime_operator.py
[2023-11-03T19:45:50.853+0000] {logging_mixin.py:151} INFO - [2023-11-03T19:45:50.853+0000] {dag.py:2941} INFO - Sync 3 DAGs
[2023-11-03T19:45:50.911+0000] {logging_mixin.py:151} INFO - [2023-11-03T19:45:50.911+0000] {dag.py:3722} INFO - Setting next_dagrun for example_branch_datetime_operator to 2023-11-02T00:00:00+00:00, run_after=2023-11-03T00:00:00+00:00
[2023-11-03T19:45:50.930+0000] {logging_mixin.py:151} INFO - [2023-11-03T19:45:50.929+0000] {dag.py:3722} INFO - Setting next_dagrun for example_branch_datetime_operator_2 to 2023-11-02T00:00:00+00:00, run_after=2023-11-03T00:00:00+00:00
[2023-11-03T19:45:50.942+0000] {logging_mixin.py:151} INFO - [2023-11-03T19:45:50.941+0000] {dag.py:3722} INFO - Setting next_dagrun for example_branch_datetime_operator_3 to 2023-11-02T00:00:00+00:00, run_after=2023-11-03T00:00:00+00:00
[2023-11-03T19:45:50.997+0000] {processor.py:179} INFO - Processing /home/airflow/.local/lib/python3.8/site-packages/airflow/example_dags/example_branch_datetime_operator.py took 0.267 seconds
[2023-11-03T19:46:21.431+0000] {processor.py:157} INFO - Started process (PID=33932) to work on /home/airflow/.local/lib/python3.8/site-packages/airflow/example_dags/example_branch_datetime_operator.py
[2023-11-03T19:46:21.434+0000] {processor.py:829} INFO - Processing file /home/airflow/.local/lib/python3.8/site-packages/airflow/example_dags/example_branch_datetime_operator.py for tasks to queue
[2023-11-03T19:46:21.444+0000] {logging_mixin.py:151} INFO - [2023-11-03T19:46:21.442+0000] {dagbag.py:536} INFO - Filling up the DagBag from /home/airflow/.local/lib/python3.8/site-packages/airflow/example_dags/example_branch_datetime_operator.py
[2023-11-03T19:46:21.472+0000] {processor.py:839} INFO - DAG(s) dict_keys(['example_branch_datetime_operator_3', 'example_branch_datetime_operator_2', 'example_branch_datetime_operator']) retrieved from /home/airflow/.local/lib/python3.8/site-packages/airflow/example_dags/example_branch_datetime_operator.py
[2023-11-03T19:46:21.552+0000] {logging_mixin.py:151} INFO - [2023-11-03T19:46:21.552+0000] {dag.py:2941} INFO - Sync 3 DAGs
[2023-11-03T19:46:21.616+0000] {logging_mixin.py:151} INFO - [2023-11-03T19:46:21.615+0000] {dag.py:3722} INFO - Setting next_dagrun for example_branch_datetime_operator to 2023-11-02T00:00:00+00:00, run_after=2023-11-03T00:00:00+00:00
[2023-11-03T19:46:21.632+0000] {logging_mixin.py:151} INFO - [2023-11-03T19:46:21.631+0000] {dag.py:3722} INFO - Setting next_dagrun for example_branch_datetime_operator_2 to 2023-11-02T00:00:00+00:00, run_after=2023-11-03T00:00:00+00:00
[2023-11-03T19:46:21.641+0000] {logging_mixin.py:151} INFO - [2023-11-03T19:46:21.640+0000] {dag.py:3722} INFO - Setting next_dagrun for example_branch_datetime_operator_3 to 2023-11-02T00:00:00+00:00, run_after=2023-11-03T00:00:00+00:00
[2023-11-03T19:46:21.764+0000] {processor.py:179} INFO - Processing /home/airflow/.local/lib/python3.8/site-packages/airflow/example_dags/example_branch_datetime_operator.py took 0.344 seconds
[2023-11-03T19:46:52.109+0000] {processor.py:157} INFO - Started process (PID=33994) to work on /home/airflow/.local/lib/python3.8/site-packages/airflow/example_dags/example_branch_datetime_operator.py
[2023-11-03T19:46:52.112+0000] {processor.py:829} INFO - Processing file /home/airflow/.local/lib/python3.8/site-packages/airflow/example_dags/example_branch_datetime_operator.py for tasks to queue
[2023-11-03T19:46:52.122+0000] {logging_mixin.py:151} INFO - [2023-11-03T19:46:52.121+0000] {dagbag.py:536} INFO - Filling up the DagBag from /home/airflow/.local/lib/python3.8/site-packages/airflow/example_dags/example_branch_datetime_operator.py
[2023-11-03T19:46:52.161+0000] {processor.py:839} INFO - DAG(s) dict_keys(['example_branch_datetime_operator_3', 'example_branch_datetime_operator', 'example_branch_datetime_operator_2']) retrieved from /home/airflow/.local/lib/python3.8/site-packages/airflow/example_dags/example_branch_datetime_operator.py
[2023-11-03T19:46:52.278+0000] {logging_mixin.py:151} INFO - [2023-11-03T19:46:52.277+0000] {dag.py:2941} INFO - Sync 3 DAGs
[2023-11-03T19:46:52.358+0000] {logging_mixin.py:151} INFO - [2023-11-03T19:46:52.357+0000] {dag.py:3722} INFO - Setting next_dagrun for example_branch_datetime_operator to 2023-11-02T00:00:00+00:00, run_after=2023-11-03T00:00:00+00:00
[2023-11-03T19:46:52.378+0000] {logging_mixin.py:151} INFO - [2023-11-03T19:46:52.377+0000] {dag.py:3722} INFO - Setting next_dagrun for example_branch_datetime_operator_2 to 2023-11-02T00:00:00+00:00, run_after=2023-11-03T00:00:00+00:00
[2023-11-03T19:46:52.391+0000] {logging_mixin.py:151} INFO - [2023-11-03T19:46:52.390+0000] {dag.py:3722} INFO - Setting next_dagrun for example_branch_datetime_operator_3 to 2023-11-02T00:00:00+00:00, run_after=2023-11-03T00:00:00+00:00
[2023-11-03T19:46:52.444+0000] {processor.py:179} INFO - Processing /home/airflow/.local/lib/python3.8/site-packages/airflow/example_dags/example_branch_datetime_operator.py took 0.347 seconds
[2023-11-03T19:47:23.375+0000] {processor.py:157} INFO - Started process (PID=34056) to work on /home/airflow/.local/lib/python3.8/site-packages/airflow/example_dags/example_branch_datetime_operator.py
[2023-11-03T19:47:23.378+0000] {processor.py:829} INFO - Processing file /home/airflow/.local/lib/python3.8/site-packages/airflow/example_dags/example_branch_datetime_operator.py for tasks to queue
[2023-11-03T19:47:23.385+0000] {logging_mixin.py:151} INFO - [2023-11-03T19:47:23.384+0000] {dagbag.py:536} INFO - Filling up the DagBag from /home/airflow/.local/lib/python3.8/site-packages/airflow/example_dags/example_branch_datetime_operator.py
[2023-11-03T19:47:23.417+0000] {processor.py:839} INFO - DAG(s) dict_keys(['example_branch_datetime_operator_3', 'example_branch_datetime_operator_2', 'example_branch_datetime_operator']) retrieved from /home/airflow/.local/lib/python3.8/site-packages/airflow/example_dags/example_branch_datetime_operator.py
[2023-11-03T19:47:23.501+0000] {logging_mixin.py:151} INFO - [2023-11-03T19:47:23.500+0000] {dag.py:2941} INFO - Sync 3 DAGs
[2023-11-03T19:47:23.570+0000] {logging_mixin.py:151} INFO - [2023-11-03T19:47:23.569+0000] {dag.py:3722} INFO - Setting next_dagrun for example_branch_datetime_operator to 2023-11-02T00:00:00+00:00, run_after=2023-11-03T00:00:00+00:00
[2023-11-03T19:47:23.595+0000] {logging_mixin.py:151} INFO - [2023-11-03T19:47:23.595+0000] {dag.py:3722} INFO - Setting next_dagrun for example_branch_datetime_operator_2 to 2023-11-02T00:00:00+00:00, run_after=2023-11-03T00:00:00+00:00
[2023-11-03T19:47:23.608+0000] {logging_mixin.py:151} INFO - [2023-11-03T19:47:23.607+0000] {dag.py:3722} INFO - Setting next_dagrun for example_branch_datetime_operator_3 to 2023-11-02T00:00:00+00:00, run_after=2023-11-03T00:00:00+00:00
[2023-11-03T19:47:23.668+0000] {processor.py:179} INFO - Processing /home/airflow/.local/lib/python3.8/site-packages/airflow/example_dags/example_branch_datetime_operator.py took 0.300 seconds
[2023-11-03T19:47:54.040+0000] {processor.py:157} INFO - Started process (PID=34118) to work on /home/airflow/.local/lib/python3.8/site-packages/airflow/example_dags/example_branch_datetime_operator.py
[2023-11-03T19:47:54.042+0000] {processor.py:829} INFO - Processing file /home/airflow/.local/lib/python3.8/site-packages/airflow/example_dags/example_branch_datetime_operator.py for tasks to queue
[2023-11-03T19:47:54.050+0000] {logging_mixin.py:151} INFO - [2023-11-03T19:47:54.048+0000] {dagbag.py:536} INFO - Filling up the DagBag from /home/airflow/.local/lib/python3.8/site-packages/airflow/example_dags/example_branch_datetime_operator.py
[2023-11-03T19:47:54.079+0000] {processor.py:839} INFO - DAG(s) dict_keys(['example_branch_datetime_operator', 'example_branch_datetime_operator_3', 'example_branch_datetime_operator_2']) retrieved from /home/airflow/.local/lib/python3.8/site-packages/airflow/example_dags/example_branch_datetime_operator.py
[2023-11-03T19:47:54.163+0000] {logging_mixin.py:151} INFO - [2023-11-03T19:47:54.163+0000] {dag.py:2941} INFO - Sync 3 DAGs
[2023-11-03T19:47:54.235+0000] {logging_mixin.py:151} INFO - [2023-11-03T19:47:54.235+0000] {dag.py:3722} INFO - Setting next_dagrun for example_branch_datetime_operator to 2023-11-02T00:00:00+00:00, run_after=2023-11-03T00:00:00+00:00
[2023-11-03T19:47:54.250+0000] {logging_mixin.py:151} INFO - [2023-11-03T19:47:54.249+0000] {dag.py:3722} INFO - Setting next_dagrun for example_branch_datetime_operator_2 to 2023-11-02T00:00:00+00:00, run_after=2023-11-03T00:00:00+00:00
[2023-11-03T19:47:54.259+0000] {logging_mixin.py:151} INFO - [2023-11-03T19:47:54.259+0000] {dag.py:3722} INFO - Setting next_dagrun for example_branch_datetime_operator_3 to 2023-11-02T00:00:00+00:00, run_after=2023-11-03T00:00:00+00:00
[2023-11-03T19:47:54.312+0000] {processor.py:179} INFO - Processing /home/airflow/.local/lib/python3.8/site-packages/airflow/example_dags/example_branch_datetime_operator.py took 0.280 seconds
[2023-11-03T19:48:24.785+0000] {processor.py:157} INFO - Started process (PID=34180) to work on /home/airflow/.local/lib/python3.8/site-packages/airflow/example_dags/example_branch_datetime_operator.py
[2023-11-03T19:48:24.787+0000] {processor.py:829} INFO - Processing file /home/airflow/.local/lib/python3.8/site-packages/airflow/example_dags/example_branch_datetime_operator.py for tasks to queue
[2023-11-03T19:48:24.793+0000] {logging_mixin.py:151} INFO - [2023-11-03T19:48:24.792+0000] {dagbag.py:536} INFO - Filling up the DagBag from /home/airflow/.local/lib/python3.8/site-packages/airflow/example_dags/example_branch_datetime_operator.py
[2023-11-03T19:48:24.820+0000] {processor.py:839} INFO - DAG(s) dict_keys(['example_branch_datetime_operator_3', 'example_branch_datetime_operator_2', 'example_branch_datetime_operator']) retrieved from /home/airflow/.local/lib/python3.8/site-packages/airflow/example_dags/example_branch_datetime_operator.py
[2023-11-03T19:48:24.919+0000] {logging_mixin.py:151} INFO - [2023-11-03T19:48:24.918+0000] {dag.py:2941} INFO - Sync 3 DAGs
[2023-11-03T19:48:25.002+0000] {logging_mixin.py:151} INFO - [2023-11-03T19:48:25.002+0000] {dag.py:3722} INFO - Setting next_dagrun for example_branch_datetime_operator to 2023-11-02T00:00:00+00:00, run_after=2023-11-03T00:00:00+00:00
[2023-11-03T19:48:25.018+0000] {logging_mixin.py:151} INFO - [2023-11-03T19:48:25.018+0000] {dag.py:3722} INFO - Setting next_dagrun for example_branch_datetime_operator_2 to 2023-11-02T00:00:00+00:00, run_after=2023-11-03T00:00:00+00:00
[2023-11-03T19:48:25.028+0000] {logging_mixin.py:151} INFO - [2023-11-03T19:48:25.028+0000] {dag.py:3722} INFO - Setting next_dagrun for example_branch_datetime_operator_3 to 2023-11-02T00:00:00+00:00, run_after=2023-11-03T00:00:00+00:00
[2023-11-03T19:48:25.113+0000] {processor.py:179} INFO - Processing /home/airflow/.local/lib/python3.8/site-packages/airflow/example_dags/example_branch_datetime_operator.py took 0.336 seconds
[2023-11-03T19:48:55.665+0000] {processor.py:157} INFO - Started process (PID=34242) to work on /home/airflow/.local/lib/python3.8/site-packages/airflow/example_dags/example_branch_datetime_operator.py
[2023-11-03T19:48:55.668+0000] {processor.py:829} INFO - Processing file /home/airflow/.local/lib/python3.8/site-packages/airflow/example_dags/example_branch_datetime_operator.py for tasks to queue
[2023-11-03T19:48:55.676+0000] {logging_mixin.py:151} INFO - [2023-11-03T19:48:55.674+0000] {dagbag.py:536} INFO - Filling up the DagBag from /home/airflow/.local/lib/python3.8/site-packages/airflow/example_dags/example_branch_datetime_operator.py
[2023-11-03T19:48:55.718+0000] {processor.py:839} INFO - DAG(s) dict_keys(['example_branch_datetime_operator_3', 'example_branch_datetime_operator_2', 'example_branch_datetime_operator']) retrieved from /home/airflow/.local/lib/python3.8/site-packages/airflow/example_dags/example_branch_datetime_operator.py
[2023-11-03T19:48:55.945+0000] {logging_mixin.py:151} INFO - [2023-11-03T19:48:55.944+0000] {dag.py:2941} INFO - Sync 3 DAGs
[2023-11-03T19:48:56.034+0000] {logging_mixin.py:151} INFO - [2023-11-03T19:48:56.034+0000] {dag.py:3722} INFO - Setting next_dagrun for example_branch_datetime_operator to 2023-11-02T00:00:00+00:00, run_after=2023-11-03T00:00:00+00:00
[2023-11-03T19:48:56.050+0000] {logging_mixin.py:151} INFO - [2023-11-03T19:48:56.049+0000] {dag.py:3722} INFO - Setting next_dagrun for example_branch_datetime_operator_2 to 2023-11-02T00:00:00+00:00, run_after=2023-11-03T00:00:00+00:00
[2023-11-03T19:48:56.059+0000] {logging_mixin.py:151} INFO - [2023-11-03T19:48:56.058+0000] {dag.py:3722} INFO - Setting next_dagrun for example_branch_datetime_operator_3 to 2023-11-02T00:00:00+00:00, run_after=2023-11-03T00:00:00+00:00
[2023-11-03T19:48:56.112+0000] {processor.py:179} INFO - Processing /home/airflow/.local/lib/python3.8/site-packages/airflow/example_dags/example_branch_datetime_operator.py took 0.458 seconds
[2023-11-03T19:49:26.192+0000] {processor.py:157} INFO - Started process (PID=34304) to work on /home/airflow/.local/lib/python3.8/site-packages/airflow/example_dags/example_branch_datetime_operator.py
[2023-11-03T19:49:26.196+0000] {processor.py:829} INFO - Processing file /home/airflow/.local/lib/python3.8/site-packages/airflow/example_dags/example_branch_datetime_operator.py for tasks to queue
[2023-11-03T19:49:26.204+0000] {logging_mixin.py:151} INFO - [2023-11-03T19:49:26.203+0000] {dagbag.py:536} INFO - Filling up the DagBag from /home/airflow/.local/lib/python3.8/site-packages/airflow/example_dags/example_branch_datetime_operator.py
[2023-11-03T19:49:26.241+0000] {processor.py:839} INFO - DAG(s) dict_keys(['example_branch_datetime_operator_2', 'example_branch_datetime_operator', 'example_branch_datetime_operator_3']) retrieved from /home/airflow/.local/lib/python3.8/site-packages/airflow/example_dags/example_branch_datetime_operator.py
[2023-11-03T19:49:26.318+0000] {logging_mixin.py:151} INFO - [2023-11-03T19:49:26.317+0000] {dag.py:2941} INFO - Sync 3 DAGs
[2023-11-03T19:49:26.380+0000] {logging_mixin.py:151} INFO - [2023-11-03T19:49:26.380+0000] {dag.py:3722} INFO - Setting next_dagrun for example_branch_datetime_operator to 2023-11-02T00:00:00+00:00, run_after=2023-11-03T00:00:00+00:00
[2023-11-03T19:49:26.398+0000] {logging_mixin.py:151} INFO - [2023-11-03T19:49:26.397+0000] {dag.py:3722} INFO - Setting next_dagrun for example_branch_datetime_operator_2 to 2023-11-02T00:00:00+00:00, run_after=2023-11-03T00:00:00+00:00
[2023-11-03T19:49:26.406+0000] {logging_mixin.py:151} INFO - [2023-11-03T19:49:26.406+0000] {dag.py:3722} INFO - Setting next_dagrun for example_branch_datetime_operator_3 to 2023-11-02T00:00:00+00:00, run_after=2023-11-03T00:00:00+00:00
[2023-11-03T19:49:26.460+0000] {processor.py:179} INFO - Processing /home/airflow/.local/lib/python3.8/site-packages/airflow/example_dags/example_branch_datetime_operator.py took 0.277 seconds
[2023-11-03T19:49:56.917+0000] {processor.py:157} INFO - Started process (PID=34366) to work on /home/airflow/.local/lib/python3.8/site-packages/airflow/example_dags/example_branch_datetime_operator.py
[2023-11-03T19:49:56.920+0000] {processor.py:829} INFO - Processing file /home/airflow/.local/lib/python3.8/site-packages/airflow/example_dags/example_branch_datetime_operator.py for tasks to queue
[2023-11-03T19:49:56.928+0000] {logging_mixin.py:151} INFO - [2023-11-03T19:49:56.927+0000] {dagbag.py:536} INFO - Filling up the DagBag from /home/airflow/.local/lib/python3.8/site-packages/airflow/example_dags/example_branch_datetime_operator.py
[2023-11-03T19:49:56.957+0000] {processor.py:839} INFO - DAG(s) dict_keys(['example_branch_datetime_operator_2', 'example_branch_datetime_operator', 'example_branch_datetime_operator_3']) retrieved from /home/airflow/.local/lib/python3.8/site-packages/airflow/example_dags/example_branch_datetime_operator.py
[2023-11-03T19:49:57.062+0000] {logging_mixin.py:151} INFO - [2023-11-03T19:49:57.062+0000] {dag.py:2941} INFO - Sync 3 DAGs
[2023-11-03T19:49:57.129+0000] {logging_mixin.py:151} INFO - [2023-11-03T19:49:57.128+0000] {dag.py:3722} INFO - Setting next_dagrun for example_branch_datetime_operator to 2023-11-02T00:00:00+00:00, run_after=2023-11-03T00:00:00+00:00
[2023-11-03T19:49:57.155+0000] {logging_mixin.py:151} INFO - [2023-11-03T19:49:57.154+0000] {dag.py:3722} INFO - Setting next_dagrun for example_branch_datetime_operator_2 to 2023-11-02T00:00:00+00:00, run_after=2023-11-03T00:00:00+00:00
[2023-11-03T19:49:57.167+0000] {logging_mixin.py:151} INFO - [2023-11-03T19:49:57.166+0000] {dag.py:3722} INFO - Setting next_dagrun for example_branch_datetime_operator_3 to 2023-11-02T00:00:00+00:00, run_after=2023-11-03T00:00:00+00:00
[2023-11-03T19:49:57.250+0000] {processor.py:179} INFO - Processing /home/airflow/.local/lib/python3.8/site-packages/airflow/example_dags/example_branch_datetime_operator.py took 0.340 seconds
[2023-11-03T19:50:27.961+0000] {processor.py:157} INFO - Started process (PID=34427) to work on /home/airflow/.local/lib/python3.8/site-packages/airflow/example_dags/example_branch_datetime_operator.py
[2023-11-03T19:50:27.964+0000] {processor.py:829} INFO - Processing file /home/airflow/.local/lib/python3.8/site-packages/airflow/example_dags/example_branch_datetime_operator.py for tasks to queue
[2023-11-03T19:50:27.972+0000] {logging_mixin.py:151} INFO - [2023-11-03T19:50:27.971+0000] {dagbag.py:536} INFO - Filling up the DagBag from /home/airflow/.local/lib/python3.8/site-packages/airflow/example_dags/example_branch_datetime_operator.py
[2023-11-03T19:50:28.003+0000] {processor.py:839} INFO - DAG(s) dict_keys(['example_branch_datetime_operator', 'example_branch_datetime_operator_3', 'example_branch_datetime_operator_2']) retrieved from /home/airflow/.local/lib/python3.8/site-packages/airflow/example_dags/example_branch_datetime_operator.py
[2023-11-03T19:50:28.090+0000] {logging_mixin.py:151} INFO - [2023-11-03T19:50:28.090+0000] {dag.py:2941} INFO - Sync 3 DAGs
[2023-11-03T19:50:28.166+0000] {logging_mixin.py:151} INFO - [2023-11-03T19:50:28.166+0000] {dag.py:3722} INFO - Setting next_dagrun for example_branch_datetime_operator to 2023-11-02T00:00:00+00:00, run_after=2023-11-03T00:00:00+00:00
[2023-11-03T19:50:28.185+0000] {logging_mixin.py:151} INFO - [2023-11-03T19:50:28.184+0000] {dag.py:3722} INFO - Setting next_dagrun for example_branch_datetime_operator_2 to 2023-11-02T00:00:00+00:00, run_after=2023-11-03T00:00:00+00:00
[2023-11-03T19:50:28.203+0000] {logging_mixin.py:151} INFO - [2023-11-03T19:50:28.202+0000] {dag.py:3722} INFO - Setting next_dagrun for example_branch_datetime_operator_3 to 2023-11-02T00:00:00+00:00, run_after=2023-11-03T00:00:00+00:00
[2023-11-03T19:50:28.267+0000] {processor.py:179} INFO - Processing /home/airflow/.local/lib/python3.8/site-packages/airflow/example_dags/example_branch_datetime_operator.py took 0.316 seconds
[2023-11-03T19:50:59.564+0000] {processor.py:157} INFO - Started process (PID=34490) to work on /home/airflow/.local/lib/python3.8/site-packages/airflow/example_dags/example_branch_datetime_operator.py
[2023-11-03T19:50:59.567+0000] {processor.py:829} INFO - Processing file /home/airflow/.local/lib/python3.8/site-packages/airflow/example_dags/example_branch_datetime_operator.py for tasks to queue
[2023-11-03T19:50:59.576+0000] {logging_mixin.py:151} INFO - [2023-11-03T19:50:59.575+0000] {dagbag.py:536} INFO - Filling up the DagBag from /home/airflow/.local/lib/python3.8/site-packages/airflow/example_dags/example_branch_datetime_operator.py
[2023-11-03T19:50:59.614+0000] {processor.py:839} INFO - DAG(s) dict_keys(['example_branch_datetime_operator', 'example_branch_datetime_operator_3', 'example_branch_datetime_operator_2']) retrieved from /home/airflow/.local/lib/python3.8/site-packages/airflow/example_dags/example_branch_datetime_operator.py
[2023-11-03T19:50:59.690+0000] {logging_mixin.py:151} INFO - [2023-11-03T19:50:59.689+0000] {dag.py:2941} INFO - Sync 3 DAGs
[2023-11-03T19:50:59.832+0000] {logging_mixin.py:151} INFO - [2023-11-03T19:50:59.820+0000] {dag.py:3722} INFO - Setting next_dagrun for example_branch_datetime_operator to 2023-11-02T00:00:00+00:00, run_after=2023-11-03T00:00:00+00:00
[2023-11-03T19:50:59.901+0000] {logging_mixin.py:151} INFO - [2023-11-03T19:50:59.900+0000] {dag.py:3722} INFO - Setting next_dagrun for example_branch_datetime_operator_2 to 2023-11-02T00:00:00+00:00, run_after=2023-11-03T00:00:00+00:00
[2023-11-03T19:50:59.930+0000] {logging_mixin.py:151} INFO - [2023-11-03T19:50:59.929+0000] {dag.py:3722} INFO - Setting next_dagrun for example_branch_datetime_operator_3 to 2023-11-02T00:00:00+00:00, run_after=2023-11-03T00:00:00+00:00
[2023-11-03T19:51:00.066+0000] {processor.py:179} INFO - Processing /home/airflow/.local/lib/python3.8/site-packages/airflow/example_dags/example_branch_datetime_operator.py took 0.510 seconds
[2023-11-03T19:51:30.443+0000] {processor.py:157} INFO - Started process (PID=34552) to work on /home/airflow/.local/lib/python3.8/site-packages/airflow/example_dags/example_branch_datetime_operator.py
[2023-11-03T19:51:30.446+0000] {processor.py:829} INFO - Processing file /home/airflow/.local/lib/python3.8/site-packages/airflow/example_dags/example_branch_datetime_operator.py for tasks to queue
[2023-11-03T19:51:30.456+0000] {logging_mixin.py:151} INFO - [2023-11-03T19:51:30.454+0000] {dagbag.py:536} INFO - Filling up the DagBag from /home/airflow/.local/lib/python3.8/site-packages/airflow/example_dags/example_branch_datetime_operator.py
[2023-11-03T19:51:30.487+0000] {processor.py:839} INFO - DAG(s) dict_keys(['example_branch_datetime_operator_2', 'example_branch_datetime_operator', 'example_branch_datetime_operator_3']) retrieved from /home/airflow/.local/lib/python3.8/site-packages/airflow/example_dags/example_branch_datetime_operator.py
[2023-11-03T19:51:30.574+0000] {logging_mixin.py:151} INFO - [2023-11-03T19:51:30.574+0000] {dag.py:2941} INFO - Sync 3 DAGs
[2023-11-03T19:51:30.656+0000] {logging_mixin.py:151} INFO - [2023-11-03T19:51:30.655+0000] {dag.py:3722} INFO - Setting next_dagrun for example_branch_datetime_operator to 2023-11-02T00:00:00+00:00, run_after=2023-11-03T00:00:00+00:00
[2023-11-03T19:51:30.679+0000] {logging_mixin.py:151} INFO - [2023-11-03T19:51:30.678+0000] {dag.py:3722} INFO - Setting next_dagrun for example_branch_datetime_operator_2 to 2023-11-02T00:00:00+00:00, run_after=2023-11-03T00:00:00+00:00
[2023-11-03T19:51:30.690+0000] {logging_mixin.py:151} INFO - [2023-11-03T19:51:30.689+0000] {dag.py:3722} INFO - Setting next_dagrun for example_branch_datetime_operator_3 to 2023-11-02T00:00:00+00:00, run_after=2023-11-03T00:00:00+00:00
[2023-11-03T19:51:30.741+0000] {processor.py:179} INFO - Processing /home/airflow/.local/lib/python3.8/site-packages/airflow/example_dags/example_branch_datetime_operator.py took 0.306 seconds
[2023-11-03T19:52:01.119+0000] {processor.py:157} INFO - Started process (PID=34614) to work on /home/airflow/.local/lib/python3.8/site-packages/airflow/example_dags/example_branch_datetime_operator.py
[2023-11-03T19:52:01.122+0000] {processor.py:829} INFO - Processing file /home/airflow/.local/lib/python3.8/site-packages/airflow/example_dags/example_branch_datetime_operator.py for tasks to queue
[2023-11-03T19:52:01.129+0000] {logging_mixin.py:151} INFO - [2023-11-03T19:52:01.128+0000] {dagbag.py:536} INFO - Filling up the DagBag from /home/airflow/.local/lib/python3.8/site-packages/airflow/example_dags/example_branch_datetime_operator.py
[2023-11-03T19:52:01.160+0000] {processor.py:839} INFO - DAG(s) dict_keys(['example_branch_datetime_operator', 'example_branch_datetime_operator_3', 'example_branch_datetime_operator_2']) retrieved from /home/airflow/.local/lib/python3.8/site-packages/airflow/example_dags/example_branch_datetime_operator.py
[2023-11-03T19:52:01.252+0000] {logging_mixin.py:151} INFO - [2023-11-03T19:52:01.251+0000] {dag.py:2941} INFO - Sync 3 DAGs
[2023-11-03T19:52:01.319+0000] {logging_mixin.py:151} INFO - [2023-11-03T19:52:01.318+0000] {dag.py:3722} INFO - Setting next_dagrun for example_branch_datetime_operator to 2023-11-02T00:00:00+00:00, run_after=2023-11-03T00:00:00+00:00
[2023-11-03T19:52:01.337+0000] {logging_mixin.py:151} INFO - [2023-11-03T19:52:01.337+0000] {dag.py:3722} INFO - Setting next_dagrun for example_branch_datetime_operator_2 to 2023-11-02T00:00:00+00:00, run_after=2023-11-03T00:00:00+00:00
[2023-11-03T19:52:01.346+0000] {logging_mixin.py:151} INFO - [2023-11-03T19:52:01.346+0000] {dag.py:3722} INFO - Setting next_dagrun for example_branch_datetime_operator_3 to 2023-11-02T00:00:00+00:00, run_after=2023-11-03T00:00:00+00:00
[2023-11-03T19:52:01.407+0000] {processor.py:179} INFO - Processing /home/airflow/.local/lib/python3.8/site-packages/airflow/example_dags/example_branch_datetime_operator.py took 0.295 seconds
[2023-11-03T19:52:31.743+0000] {processor.py:157} INFO - Started process (PID=34676) to work on /home/airflow/.local/lib/python3.8/site-packages/airflow/example_dags/example_branch_datetime_operator.py
[2023-11-03T19:52:31.746+0000] {processor.py:829} INFO - Processing file /home/airflow/.local/lib/python3.8/site-packages/airflow/example_dags/example_branch_datetime_operator.py for tasks to queue
[2023-11-03T19:52:31.759+0000] {logging_mixin.py:151} INFO - [2023-11-03T19:52:31.758+0000] {dagbag.py:536} INFO - Filling up the DagBag from /home/airflow/.local/lib/python3.8/site-packages/airflow/example_dags/example_branch_datetime_operator.py
[2023-11-03T19:52:31.800+0000] {processor.py:839} INFO - DAG(s) dict_keys(['example_branch_datetime_operator_3', 'example_branch_datetime_operator_2', 'example_branch_datetime_operator']) retrieved from /home/airflow/.local/lib/python3.8/site-packages/airflow/example_dags/example_branch_datetime_operator.py
[2023-11-03T19:52:31.972+0000] {logging_mixin.py:151} INFO - [2023-11-03T19:52:31.971+0000] {dag.py:2941} INFO - Sync 3 DAGs
[2023-11-03T19:52:32.044+0000] {logging_mixin.py:151} INFO - [2023-11-03T19:52:32.044+0000] {dag.py:3722} INFO - Setting next_dagrun for example_branch_datetime_operator to 2023-11-02T00:00:00+00:00, run_after=2023-11-03T00:00:00+00:00
[2023-11-03T19:52:32.061+0000] {logging_mixin.py:151} INFO - [2023-11-03T19:52:32.060+0000] {dag.py:3722} INFO - Setting next_dagrun for example_branch_datetime_operator_2 to 2023-11-02T00:00:00+00:00, run_after=2023-11-03T00:00:00+00:00
[2023-11-03T19:52:32.073+0000] {logging_mixin.py:151} INFO - [2023-11-03T19:52:32.072+0000] {dag.py:3722} INFO - Setting next_dagrun for example_branch_datetime_operator_3 to 2023-11-02T00:00:00+00:00, run_after=2023-11-03T00:00:00+00:00
[2023-11-03T19:52:32.126+0000] {processor.py:179} INFO - Processing /home/airflow/.local/lib/python3.8/site-packages/airflow/example_dags/example_branch_datetime_operator.py took 0.394 seconds
[2023-11-03T19:53:03.147+0000] {processor.py:157} INFO - Started process (PID=34738) to work on /home/airflow/.local/lib/python3.8/site-packages/airflow/example_dags/example_branch_datetime_operator.py
[2023-11-03T19:53:03.150+0000] {processor.py:829} INFO - Processing file /home/airflow/.local/lib/python3.8/site-packages/airflow/example_dags/example_branch_datetime_operator.py for tasks to queue
[2023-11-03T19:53:03.157+0000] {logging_mixin.py:151} INFO - [2023-11-03T19:53:03.156+0000] {dagbag.py:536} INFO - Filling up the DagBag from /home/airflow/.local/lib/python3.8/site-packages/airflow/example_dags/example_branch_datetime_operator.py
[2023-11-03T19:53:03.183+0000] {processor.py:839} INFO - DAG(s) dict_keys(['example_branch_datetime_operator_3', 'example_branch_datetime_operator', 'example_branch_datetime_operator_2']) retrieved from /home/airflow/.local/lib/python3.8/site-packages/airflow/example_dags/example_branch_datetime_operator.py
[2023-11-03T19:53:03.266+0000] {logging_mixin.py:151} INFO - [2023-11-03T19:53:03.266+0000] {dag.py:2941} INFO - Sync 3 DAGs
[2023-11-03T19:53:03.329+0000] {logging_mixin.py:151} INFO - [2023-11-03T19:53:03.329+0000] {dag.py:3722} INFO - Setting next_dagrun for example_branch_datetime_operator to 2023-11-02T00:00:00+00:00, run_after=2023-11-03T00:00:00+00:00
[2023-11-03T19:53:03.347+0000] {logging_mixin.py:151} INFO - [2023-11-03T19:53:03.346+0000] {dag.py:3722} INFO - Setting next_dagrun for example_branch_datetime_operator_2 to 2023-11-02T00:00:00+00:00, run_after=2023-11-03T00:00:00+00:00
[2023-11-03T19:53:03.357+0000] {logging_mixin.py:151} INFO - [2023-11-03T19:53:03.356+0000] {dag.py:3722} INFO - Setting next_dagrun for example_branch_datetime_operator_3 to 2023-11-02T00:00:00+00:00, run_after=2023-11-03T00:00:00+00:00
[2023-11-03T19:53:03.409+0000] {processor.py:179} INFO - Processing /home/airflow/.local/lib/python3.8/site-packages/airflow/example_dags/example_branch_datetime_operator.py took 0.271 seconds
[2023-11-03T19:53:34.681+0000] {processor.py:157} INFO - Started process (PID=34800) to work on /home/airflow/.local/lib/python3.8/site-packages/airflow/example_dags/example_branch_datetime_operator.py
[2023-11-03T19:53:34.684+0000] {processor.py:829} INFO - Processing file /home/airflow/.local/lib/python3.8/site-packages/airflow/example_dags/example_branch_datetime_operator.py for tasks to queue
[2023-11-03T19:53:34.692+0000] {logging_mixin.py:151} INFO - [2023-11-03T19:53:34.690+0000] {dagbag.py:536} INFO - Filling up the DagBag from /home/airflow/.local/lib/python3.8/site-packages/airflow/example_dags/example_branch_datetime_operator.py
[2023-11-03T19:53:34.722+0000] {processor.py:839} INFO - DAG(s) dict_keys(['example_branch_datetime_operator', 'example_branch_datetime_operator_3', 'example_branch_datetime_operator_2']) retrieved from /home/airflow/.local/lib/python3.8/site-packages/airflow/example_dags/example_branch_datetime_operator.py
[2023-11-03T19:53:34.797+0000] {logging_mixin.py:151} INFO - [2023-11-03T19:53:34.796+0000] {dag.py:2941} INFO - Sync 3 DAGs
[2023-11-03T19:53:34.858+0000] {logging_mixin.py:151} INFO - [2023-11-03T19:53:34.857+0000] {dag.py:3722} INFO - Setting next_dagrun for example_branch_datetime_operator to 2023-11-02T00:00:00+00:00, run_after=2023-11-03T00:00:00+00:00
[2023-11-03T19:53:34.873+0000] {logging_mixin.py:151} INFO - [2023-11-03T19:53:34.873+0000] {dag.py:3722} INFO - Setting next_dagrun for example_branch_datetime_operator_2 to 2023-11-02T00:00:00+00:00, run_after=2023-11-03T00:00:00+00:00
[2023-11-03T19:53:34.887+0000] {logging_mixin.py:151} INFO - [2023-11-03T19:53:34.886+0000] {dag.py:3722} INFO - Setting next_dagrun for example_branch_datetime_operator_3 to 2023-11-02T00:00:00+00:00, run_after=2023-11-03T00:00:00+00:00
[2023-11-03T19:53:34.956+0000] {processor.py:179} INFO - Processing /home/airflow/.local/lib/python3.8/site-packages/airflow/example_dags/example_branch_datetime_operator.py took 0.281 seconds
[2023-11-03T19:54:05.904+0000] {processor.py:157} INFO - Started process (PID=34869) to work on /home/airflow/.local/lib/python3.8/site-packages/airflow/example_dags/example_branch_datetime_operator.py
[2023-11-03T19:54:05.910+0000] {processor.py:829} INFO - Processing file /home/airflow/.local/lib/python3.8/site-packages/airflow/example_dags/example_branch_datetime_operator.py for tasks to queue
[2023-11-03T19:54:05.930+0000] {logging_mixin.py:151} INFO - [2023-11-03T19:54:05.929+0000] {dagbag.py:536} INFO - Filling up the DagBag from /home/airflow/.local/lib/python3.8/site-packages/airflow/example_dags/example_branch_datetime_operator.py
[2023-11-03T19:54:06.016+0000] {processor.py:839} INFO - DAG(s) dict_keys(['example_branch_datetime_operator_2', 'example_branch_datetime_operator', 'example_branch_datetime_operator_3']) retrieved from /home/airflow/.local/lib/python3.8/site-packages/airflow/example_dags/example_branch_datetime_operator.py
[2023-11-03T19:54:06.144+0000] {logging_mixin.py:151} INFO - [2023-11-03T19:54:06.143+0000] {dag.py:2941} INFO - Sync 3 DAGs
[2023-11-03T19:54:06.230+0000] {logging_mixin.py:151} INFO - [2023-11-03T19:54:06.229+0000] {dag.py:3722} INFO - Setting next_dagrun for example_branch_datetime_operator to 2023-11-02T00:00:00+00:00, run_after=2023-11-03T00:00:00+00:00
[2023-11-03T19:54:06.249+0000] {logging_mixin.py:151} INFO - [2023-11-03T19:54:06.248+0000] {dag.py:3722} INFO - Setting next_dagrun for example_branch_datetime_operator_2 to 2023-11-02T00:00:00+00:00, run_after=2023-11-03T00:00:00+00:00
[2023-11-03T19:54:06.259+0000] {logging_mixin.py:151} INFO - [2023-11-03T19:54:06.259+0000] {dag.py:3722} INFO - Setting next_dagrun for example_branch_datetime_operator_3 to 2023-11-02T00:00:00+00:00, run_after=2023-11-03T00:00:00+00:00
[2023-11-03T19:54:06.316+0000] {processor.py:179} INFO - Processing /home/airflow/.local/lib/python3.8/site-packages/airflow/example_dags/example_branch_datetime_operator.py took 0.424 seconds
[2023-11-03T19:54:36.818+0000] {processor.py:157} INFO - Started process (PID=34931) to work on /home/airflow/.local/lib/python3.8/site-packages/airflow/example_dags/example_branch_datetime_operator.py
[2023-11-03T19:54:36.820+0000] {processor.py:829} INFO - Processing file /home/airflow/.local/lib/python3.8/site-packages/airflow/example_dags/example_branch_datetime_operator.py for tasks to queue
[2023-11-03T19:54:36.828+0000] {logging_mixin.py:151} INFO - [2023-11-03T19:54:36.827+0000] {dagbag.py:536} INFO - Filling up the DagBag from /home/airflow/.local/lib/python3.8/site-packages/airflow/example_dags/example_branch_datetime_operator.py
[2023-11-03T19:54:36.860+0000] {processor.py:839} INFO - DAG(s) dict_keys(['example_branch_datetime_operator_3', 'example_branch_datetime_operator_2', 'example_branch_datetime_operator']) retrieved from /home/airflow/.local/lib/python3.8/site-packages/airflow/example_dags/example_branch_datetime_operator.py
[2023-11-03T19:54:36.935+0000] {logging_mixin.py:151} INFO - [2023-11-03T19:54:36.935+0000] {dag.py:2941} INFO - Sync 3 DAGs
[2023-11-03T19:54:37.027+0000] {logging_mixin.py:151} INFO - [2023-11-03T19:54:37.026+0000] {dag.py:3722} INFO - Setting next_dagrun for example_branch_datetime_operator to 2023-11-02T00:00:00+00:00, run_after=2023-11-03T00:00:00+00:00
[2023-11-03T19:54:37.042+0000] {logging_mixin.py:151} INFO - [2023-11-03T19:54:37.042+0000] {dag.py:3722} INFO - Setting next_dagrun for example_branch_datetime_operator_2 to 2023-11-02T00:00:00+00:00, run_after=2023-11-03T00:00:00+00:00
[2023-11-03T19:54:37.054+0000] {logging_mixin.py:151} INFO - [2023-11-03T19:54:37.053+0000] {dag.py:3722} INFO - Setting next_dagrun for example_branch_datetime_operator_3 to 2023-11-02T00:00:00+00:00, run_after=2023-11-03T00:00:00+00:00
[2023-11-03T19:54:37.119+0000] {processor.py:179} INFO - Processing /home/airflow/.local/lib/python3.8/site-packages/airflow/example_dags/example_branch_datetime_operator.py took 0.308 seconds
[2023-11-03T19:55:08.076+0000] {processor.py:157} INFO - Started process (PID=34993) to work on /home/airflow/.local/lib/python3.8/site-packages/airflow/example_dags/example_branch_datetime_operator.py
[2023-11-03T19:55:08.078+0000] {processor.py:829} INFO - Processing file /home/airflow/.local/lib/python3.8/site-packages/airflow/example_dags/example_branch_datetime_operator.py for tasks to queue
[2023-11-03T19:55:08.085+0000] {logging_mixin.py:151} INFO - [2023-11-03T19:55:08.084+0000] {dagbag.py:536} INFO - Filling up the DagBag from /home/airflow/.local/lib/python3.8/site-packages/airflow/example_dags/example_branch_datetime_operator.py
[2023-11-03T19:55:08.110+0000] {processor.py:839} INFO - DAG(s) dict_keys(['example_branch_datetime_operator_2', 'example_branch_datetime_operator_3', 'example_branch_datetime_operator']) retrieved from /home/airflow/.local/lib/python3.8/site-packages/airflow/example_dags/example_branch_datetime_operator.py
[2023-11-03T19:55:08.183+0000] {logging_mixin.py:151} INFO - [2023-11-03T19:55:08.182+0000] {dag.py:2941} INFO - Sync 3 DAGs
[2023-11-03T19:55:08.248+0000] {logging_mixin.py:151} INFO - [2023-11-03T19:55:08.247+0000] {dag.py:3722} INFO - Setting next_dagrun for example_branch_datetime_operator to 2023-11-02T00:00:00+00:00, run_after=2023-11-03T00:00:00+00:00
[2023-11-03T19:55:08.275+0000] {logging_mixin.py:151} INFO - [2023-11-03T19:55:08.273+0000] {dag.py:3722} INFO - Setting next_dagrun for example_branch_datetime_operator_2 to 2023-11-02T00:00:00+00:00, run_after=2023-11-03T00:00:00+00:00
[2023-11-03T19:55:08.288+0000] {logging_mixin.py:151} INFO - [2023-11-03T19:55:08.287+0000] {dag.py:3722} INFO - Setting next_dagrun for example_branch_datetime_operator_3 to 2023-11-02T00:00:00+00:00, run_after=2023-11-03T00:00:00+00:00
[2023-11-03T19:55:08.344+0000] {processor.py:179} INFO - Processing /home/airflow/.local/lib/python3.8/site-packages/airflow/example_dags/example_branch_datetime_operator.py took 0.274 seconds
[2023-11-03T19:55:38.575+0000] {processor.py:157} INFO - Started process (PID=35055) to work on /home/airflow/.local/lib/python3.8/site-packages/airflow/example_dags/example_branch_datetime_operator.py
[2023-11-03T19:55:38.578+0000] {processor.py:829} INFO - Processing file /home/airflow/.local/lib/python3.8/site-packages/airflow/example_dags/example_branch_datetime_operator.py for tasks to queue
[2023-11-03T19:55:38.587+0000] {logging_mixin.py:151} INFO - [2023-11-03T19:55:38.585+0000] {dagbag.py:536} INFO - Filling up the DagBag from /home/airflow/.local/lib/python3.8/site-packages/airflow/example_dags/example_branch_datetime_operator.py
[2023-11-03T19:55:38.615+0000] {processor.py:839} INFO - DAG(s) dict_keys(['example_branch_datetime_operator', 'example_branch_datetime_operator_2', 'example_branch_datetime_operator_3']) retrieved from /home/airflow/.local/lib/python3.8/site-packages/airflow/example_dags/example_branch_datetime_operator.py
[2023-11-03T19:55:38.691+0000] {logging_mixin.py:151} INFO - [2023-11-03T19:55:38.690+0000] {dag.py:2941} INFO - Sync 3 DAGs
[2023-11-03T19:55:38.770+0000] {logging_mixin.py:151} INFO - [2023-11-03T19:55:38.769+0000] {dag.py:3722} INFO - Setting next_dagrun for example_branch_datetime_operator to 2023-11-02T00:00:00+00:00, run_after=2023-11-03T00:00:00+00:00
[2023-11-03T19:55:38.785+0000] {logging_mixin.py:151} INFO - [2023-11-03T19:55:38.784+0000] {dag.py:3722} INFO - Setting next_dagrun for example_branch_datetime_operator_2 to 2023-11-02T00:00:00+00:00, run_after=2023-11-03T00:00:00+00:00
[2023-11-03T19:55:38.794+0000] {logging_mixin.py:151} INFO - [2023-11-03T19:55:38.793+0000] {dag.py:3722} INFO - Setting next_dagrun for example_branch_datetime_operator_3 to 2023-11-02T00:00:00+00:00, run_after=2023-11-03T00:00:00+00:00
[2023-11-03T19:55:38.849+0000] {processor.py:179} INFO - Processing /home/airflow/.local/lib/python3.8/site-packages/airflow/example_dags/example_branch_datetime_operator.py took 0.285 seconds
[2023-11-03T19:56:09.162+0000] {processor.py:157} INFO - Started process (PID=35117) to work on /home/airflow/.local/lib/python3.8/site-packages/airflow/example_dags/example_branch_datetime_operator.py
[2023-11-03T19:56:09.165+0000] {processor.py:829} INFO - Processing file /home/airflow/.local/lib/python3.8/site-packages/airflow/example_dags/example_branch_datetime_operator.py for tasks to queue
[2023-11-03T19:56:09.173+0000] {logging_mixin.py:151} INFO - [2023-11-03T19:56:09.171+0000] {dagbag.py:536} INFO - Filling up the DagBag from /home/airflow/.local/lib/python3.8/site-packages/airflow/example_dags/example_branch_datetime_operator.py
[2023-11-03T19:56:09.206+0000] {processor.py:839} INFO - DAG(s) dict_keys(['example_branch_datetime_operator_3', 'example_branch_datetime_operator', 'example_branch_datetime_operator_2']) retrieved from /home/airflow/.local/lib/python3.8/site-packages/airflow/example_dags/example_branch_datetime_operator.py
[2023-11-03T19:56:09.298+0000] {logging_mixin.py:151} INFO - [2023-11-03T19:56:09.298+0000] {dag.py:2941} INFO - Sync 3 DAGs
[2023-11-03T19:56:09.394+0000] {logging_mixin.py:151} INFO - [2023-11-03T19:56:09.393+0000] {dag.py:3722} INFO - Setting next_dagrun for example_branch_datetime_operator to 2023-11-02T00:00:00+00:00, run_after=2023-11-03T00:00:00+00:00
[2023-11-03T19:56:09.423+0000] {logging_mixin.py:151} INFO - [2023-11-03T19:56:09.422+0000] {dag.py:3722} INFO - Setting next_dagrun for example_branch_datetime_operator_2 to 2023-11-02T00:00:00+00:00, run_after=2023-11-03T00:00:00+00:00
[2023-11-03T19:56:09.433+0000] {logging_mixin.py:151} INFO - [2023-11-03T19:56:09.432+0000] {dag.py:3722} INFO - Setting next_dagrun for example_branch_datetime_operator_3 to 2023-11-02T00:00:00+00:00, run_after=2023-11-03T00:00:00+00:00
[2023-11-03T19:56:09.493+0000] {processor.py:179} INFO - Processing /home/airflow/.local/lib/python3.8/site-packages/airflow/example_dags/example_branch_datetime_operator.py took 0.341 seconds
[2023-11-03T19:56:39.568+0000] {processor.py:157} INFO - Started process (PID=35178) to work on /home/airflow/.local/lib/python3.8/site-packages/airflow/example_dags/example_branch_datetime_operator.py
[2023-11-03T19:56:39.571+0000] {processor.py:829} INFO - Processing file /home/airflow/.local/lib/python3.8/site-packages/airflow/example_dags/example_branch_datetime_operator.py for tasks to queue
[2023-11-03T19:56:39.578+0000] {logging_mixin.py:151} INFO - [2023-11-03T19:56:39.576+0000] {dagbag.py:536} INFO - Filling up the DagBag from /home/airflow/.local/lib/python3.8/site-packages/airflow/example_dags/example_branch_datetime_operator.py
[2023-11-03T19:56:39.615+0000] {processor.py:839} INFO - DAG(s) dict_keys(['example_branch_datetime_operator', 'example_branch_datetime_operator_2', 'example_branch_datetime_operator_3']) retrieved from /home/airflow/.local/lib/python3.8/site-packages/airflow/example_dags/example_branch_datetime_operator.py
[2023-11-03T19:56:39.719+0000] {logging_mixin.py:151} INFO - [2023-11-03T19:56:39.718+0000] {dag.py:2941} INFO - Sync 3 DAGs
[2023-11-03T19:56:39.915+0000] {logging_mixin.py:151} INFO - [2023-11-03T19:56:39.895+0000] {dag.py:3722} INFO - Setting next_dagrun for example_branch_datetime_operator to 2023-11-02T00:00:00+00:00, run_after=2023-11-03T00:00:00+00:00
[2023-11-03T19:56:39.944+0000] {logging_mixin.py:151} INFO - [2023-11-03T19:56:39.943+0000] {dag.py:3722} INFO - Setting next_dagrun for example_branch_datetime_operator_2 to 2023-11-02T00:00:00+00:00, run_after=2023-11-03T00:00:00+00:00
[2023-11-03T19:56:39.955+0000] {logging_mixin.py:151} INFO - [2023-11-03T19:56:39.955+0000] {dag.py:3722} INFO - Setting next_dagrun for example_branch_datetime_operator_3 to 2023-11-02T00:00:00+00:00, run_after=2023-11-03T00:00:00+00:00
[2023-11-03T19:56:40.015+0000] {processor.py:179} INFO - Processing /home/airflow/.local/lib/python3.8/site-packages/airflow/example_dags/example_branch_datetime_operator.py took 0.453 seconds
[2023-11-03T19:57:10.408+0000] {processor.py:157} INFO - Started process (PID=35240) to work on /home/airflow/.local/lib/python3.8/site-packages/airflow/example_dags/example_branch_datetime_operator.py
[2023-11-03T19:57:10.411+0000] {processor.py:829} INFO - Processing file /home/airflow/.local/lib/python3.8/site-packages/airflow/example_dags/example_branch_datetime_operator.py for tasks to queue
[2023-11-03T19:57:10.421+0000] {logging_mixin.py:151} INFO - [2023-11-03T19:57:10.419+0000] {dagbag.py:536} INFO - Filling up the DagBag from /home/airflow/.local/lib/python3.8/site-packages/airflow/example_dags/example_branch_datetime_operator.py
[2023-11-03T19:57:10.465+0000] {processor.py:839} INFO - DAG(s) dict_keys(['example_branch_datetime_operator', 'example_branch_datetime_operator_2', 'example_branch_datetime_operator_3']) retrieved from /home/airflow/.local/lib/python3.8/site-packages/airflow/example_dags/example_branch_datetime_operator.py
[2023-11-03T19:57:10.552+0000] {logging_mixin.py:151} INFO - [2023-11-03T19:57:10.552+0000] {dag.py:2941} INFO - Sync 3 DAGs
[2023-11-03T19:57:10.623+0000] {logging_mixin.py:151} INFO - [2023-11-03T19:57:10.623+0000] {dag.py:3722} INFO - Setting next_dagrun for example_branch_datetime_operator to 2023-11-02T00:00:00+00:00, run_after=2023-11-03T00:00:00+00:00
[2023-11-03T19:57:10.638+0000] {logging_mixin.py:151} INFO - [2023-11-03T19:57:10.637+0000] {dag.py:3722} INFO - Setting next_dagrun for example_branch_datetime_operator_2 to 2023-11-02T00:00:00+00:00, run_after=2023-11-03T00:00:00+00:00
[2023-11-03T19:57:10.646+0000] {logging_mixin.py:151} INFO - [2023-11-03T19:57:10.646+0000] {dag.py:3722} INFO - Setting next_dagrun for example_branch_datetime_operator_3 to 2023-11-02T00:00:00+00:00, run_after=2023-11-03T00:00:00+00:00
[2023-11-03T19:57:10.708+0000] {processor.py:179} INFO - Processing /home/airflow/.local/lib/python3.8/site-packages/airflow/example_dags/example_branch_datetime_operator.py took 0.309 seconds
[2023-11-03T19:57:41.149+0000] {processor.py:157} INFO - Started process (PID=35302) to work on /home/airflow/.local/lib/python3.8/site-packages/airflow/example_dags/example_branch_datetime_operator.py
[2023-11-03T19:57:41.152+0000] {processor.py:829} INFO - Processing file /home/airflow/.local/lib/python3.8/site-packages/airflow/example_dags/example_branch_datetime_operator.py for tasks to queue
[2023-11-03T19:57:41.158+0000] {logging_mixin.py:151} INFO - [2023-11-03T19:57:41.157+0000] {dagbag.py:536} INFO - Filling up the DagBag from /home/airflow/.local/lib/python3.8/site-packages/airflow/example_dags/example_branch_datetime_operator.py
[2023-11-03T19:57:41.188+0000] {processor.py:839} INFO - DAG(s) dict_keys(['example_branch_datetime_operator', 'example_branch_datetime_operator_3', 'example_branch_datetime_operator_2']) retrieved from /home/airflow/.local/lib/python3.8/site-packages/airflow/example_dags/example_branch_datetime_operator.py
[2023-11-03T19:57:41.297+0000] {logging_mixin.py:151} INFO - [2023-11-03T19:57:41.296+0000] {dag.py:2941} INFO - Sync 3 DAGs
[2023-11-03T19:57:41.371+0000] {logging_mixin.py:151} INFO - [2023-11-03T19:57:41.370+0000] {dag.py:3722} INFO - Setting next_dagrun for example_branch_datetime_operator to 2023-11-02T00:00:00+00:00, run_after=2023-11-03T00:00:00+00:00
[2023-11-03T19:57:41.390+0000] {logging_mixin.py:151} INFO - [2023-11-03T19:57:41.389+0000] {dag.py:3722} INFO - Setting next_dagrun for example_branch_datetime_operator_2 to 2023-11-02T00:00:00+00:00, run_after=2023-11-03T00:00:00+00:00
[2023-11-03T19:57:41.400+0000] {logging_mixin.py:151} INFO - [2023-11-03T19:57:41.399+0000] {dag.py:3722} INFO - Setting next_dagrun for example_branch_datetime_operator_3 to 2023-11-02T00:00:00+00:00, run_after=2023-11-03T00:00:00+00:00
[2023-11-03T19:57:41.455+0000] {processor.py:179} INFO - Processing /home/airflow/.local/lib/python3.8/site-packages/airflow/example_dags/example_branch_datetime_operator.py took 0.314 seconds
[2023-11-03T19:58:11.913+0000] {processor.py:157} INFO - Started process (PID=35364) to work on /home/airflow/.local/lib/python3.8/site-packages/airflow/example_dags/example_branch_datetime_operator.py
[2023-11-03T19:58:11.915+0000] {processor.py:829} INFO - Processing file /home/airflow/.local/lib/python3.8/site-packages/airflow/example_dags/example_branch_datetime_operator.py for tasks to queue
[2023-11-03T19:58:11.923+0000] {logging_mixin.py:151} INFO - [2023-11-03T19:58:11.921+0000] {dagbag.py:536} INFO - Filling up the DagBag from /home/airflow/.local/lib/python3.8/site-packages/airflow/example_dags/example_branch_datetime_operator.py
[2023-11-03T19:58:11.951+0000] {processor.py:839} INFO - DAG(s) dict_keys(['example_branch_datetime_operator_3', 'example_branch_datetime_operator_2', 'example_branch_datetime_operator']) retrieved from /home/airflow/.local/lib/python3.8/site-packages/airflow/example_dags/example_branch_datetime_operator.py
[2023-11-03T19:58:12.038+0000] {logging_mixin.py:151} INFO - [2023-11-03T19:58:12.037+0000] {dag.py:2941} INFO - Sync 3 DAGs
[2023-11-03T19:58:12.108+0000] {logging_mixin.py:151} INFO - [2023-11-03T19:58:12.108+0000] {dag.py:3722} INFO - Setting next_dagrun for example_branch_datetime_operator to 2023-11-02T00:00:00+00:00, run_after=2023-11-03T00:00:00+00:00
[2023-11-03T19:58:12.123+0000] {logging_mixin.py:151} INFO - [2023-11-03T19:58:12.122+0000] {dag.py:3722} INFO - Setting next_dagrun for example_branch_datetime_operator_2 to 2023-11-02T00:00:00+00:00, run_after=2023-11-03T00:00:00+00:00
[2023-11-03T19:58:12.131+0000] {logging_mixin.py:151} INFO - [2023-11-03T19:58:12.131+0000] {dag.py:3722} INFO - Setting next_dagrun for example_branch_datetime_operator_3 to 2023-11-02T00:00:00+00:00, run_after=2023-11-03T00:00:00+00:00
[2023-11-03T19:58:12.194+0000] {processor.py:179} INFO - Processing /home/airflow/.local/lib/python3.8/site-packages/airflow/example_dags/example_branch_datetime_operator.py took 0.290 seconds
[2023-11-03T19:58:42.867+0000] {processor.py:157} INFO - Started process (PID=35426) to work on /home/airflow/.local/lib/python3.8/site-packages/airflow/example_dags/example_branch_datetime_operator.py
[2023-11-03T19:58:42.869+0000] {processor.py:829} INFO - Processing file /home/airflow/.local/lib/python3.8/site-packages/airflow/example_dags/example_branch_datetime_operator.py for tasks to queue
[2023-11-03T19:58:42.876+0000] {logging_mixin.py:151} INFO - [2023-11-03T19:58:42.874+0000] {dagbag.py:536} INFO - Filling up the DagBag from /home/airflow/.local/lib/python3.8/site-packages/airflow/example_dags/example_branch_datetime_operator.py
[2023-11-03T19:58:42.904+0000] {processor.py:839} INFO - DAG(s) dict_keys(['example_branch_datetime_operator_2', 'example_branch_datetime_operator_3', 'example_branch_datetime_operator']) retrieved from /home/airflow/.local/lib/python3.8/site-packages/airflow/example_dags/example_branch_datetime_operator.py
[2023-11-03T19:58:42.986+0000] {logging_mixin.py:151} INFO - [2023-11-03T19:58:42.985+0000] {dag.py:2941} INFO - Sync 3 DAGs
[2023-11-03T19:58:43.076+0000] {logging_mixin.py:151} INFO - [2023-11-03T19:58:43.075+0000] {dag.py:3722} INFO - Setting next_dagrun for example_branch_datetime_operator to 2023-11-02T00:00:00+00:00, run_after=2023-11-03T00:00:00+00:00
[2023-11-03T19:58:43.091+0000] {logging_mixin.py:151} INFO - [2023-11-03T19:58:43.091+0000] {dag.py:3722} INFO - Setting next_dagrun for example_branch_datetime_operator_2 to 2023-11-02T00:00:00+00:00, run_after=2023-11-03T00:00:00+00:00
[2023-11-03T19:58:43.101+0000] {logging_mixin.py:151} INFO - [2023-11-03T19:58:43.100+0000] {dag.py:3722} INFO - Setting next_dagrun for example_branch_datetime_operator_3 to 2023-11-02T00:00:00+00:00, run_after=2023-11-03T00:00:00+00:00
[2023-11-03T19:58:43.160+0000] {processor.py:179} INFO - Processing /home/airflow/.local/lib/python3.8/site-packages/airflow/example_dags/example_branch_datetime_operator.py took 0.301 seconds
[2023-11-03T19:59:13.809+0000] {processor.py:157} INFO - Started process (PID=35488) to work on /home/airflow/.local/lib/python3.8/site-packages/airflow/example_dags/example_branch_datetime_operator.py
[2023-11-03T19:59:13.822+0000] {processor.py:829} INFO - Processing file /home/airflow/.local/lib/python3.8/site-packages/airflow/example_dags/example_branch_datetime_operator.py for tasks to queue
[2023-11-03T19:59:13.866+0000] {logging_mixin.py:151} INFO - [2023-11-03T19:59:13.865+0000] {dagbag.py:536} INFO - Filling up the DagBag from /home/airflow/.local/lib/python3.8/site-packages/airflow/example_dags/example_branch_datetime_operator.py
[2023-11-03T19:59:13.935+0000] {processor.py:839} INFO - DAG(s) dict_keys(['example_branch_datetime_operator_3', 'example_branch_datetime_operator_2', 'example_branch_datetime_operator']) retrieved from /home/airflow/.local/lib/python3.8/site-packages/airflow/example_dags/example_branch_datetime_operator.py
[2023-11-03T19:59:14.032+0000] {logging_mixin.py:151} INFO - [2023-11-03T19:59:14.031+0000] {dag.py:2941} INFO - Sync 3 DAGs
[2023-11-03T19:59:14.109+0000] {logging_mixin.py:151} INFO - [2023-11-03T19:59:14.109+0000] {dag.py:3722} INFO - Setting next_dagrun for example_branch_datetime_operator to 2023-11-02T00:00:00+00:00, run_after=2023-11-03T00:00:00+00:00
[2023-11-03T19:59:14.127+0000] {logging_mixin.py:151} INFO - [2023-11-03T19:59:14.126+0000] {dag.py:3722} INFO - Setting next_dagrun for example_branch_datetime_operator_2 to 2023-11-02T00:00:00+00:00, run_after=2023-11-03T00:00:00+00:00
[2023-11-03T19:59:14.137+0000] {logging_mixin.py:151} INFO - [2023-11-03T19:59:14.136+0000] {dag.py:3722} INFO - Setting next_dagrun for example_branch_datetime_operator_3 to 2023-11-02T00:00:00+00:00, run_after=2023-11-03T00:00:00+00:00
[2023-11-03T19:59:14.191+0000] {processor.py:179} INFO - Processing /home/airflow/.local/lib/python3.8/site-packages/airflow/example_dags/example_branch_datetime_operator.py took 0.392 seconds
[2023-11-03T19:59:44.738+0000] {processor.py:157} INFO - Started process (PID=35550) to work on /home/airflow/.local/lib/python3.8/site-packages/airflow/example_dags/example_branch_datetime_operator.py
[2023-11-03T19:59:44.740+0000] {processor.py:829} INFO - Processing file /home/airflow/.local/lib/python3.8/site-packages/airflow/example_dags/example_branch_datetime_operator.py for tasks to queue
[2023-11-03T19:59:44.747+0000] {logging_mixin.py:151} INFO - [2023-11-03T19:59:44.746+0000] {dagbag.py:536} INFO - Filling up the DagBag from /home/airflow/.local/lib/python3.8/site-packages/airflow/example_dags/example_branch_datetime_operator.py
[2023-11-03T19:59:44.778+0000] {processor.py:839} INFO - DAG(s) dict_keys(['example_branch_datetime_operator', 'example_branch_datetime_operator_2', 'example_branch_datetime_operator_3']) retrieved from /home/airflow/.local/lib/python3.8/site-packages/airflow/example_dags/example_branch_datetime_operator.py
[2023-11-03T19:59:44.877+0000] {logging_mixin.py:151} INFO - [2023-11-03T19:59:44.876+0000] {dag.py:2941} INFO - Sync 3 DAGs
[2023-11-03T19:59:44.949+0000] {logging_mixin.py:151} INFO - [2023-11-03T19:59:44.949+0000] {dag.py:3722} INFO - Setting next_dagrun for example_branch_datetime_operator to 2023-11-02T00:00:00+00:00, run_after=2023-11-03T00:00:00+00:00
[2023-11-03T19:59:44.965+0000] {logging_mixin.py:151} INFO - [2023-11-03T19:59:44.964+0000] {dag.py:3722} INFO - Setting next_dagrun for example_branch_datetime_operator_2 to 2023-11-02T00:00:00+00:00, run_after=2023-11-03T00:00:00+00:00
[2023-11-03T19:59:44.977+0000] {logging_mixin.py:151} INFO - [2023-11-03T19:59:44.976+0000] {dag.py:3722} INFO - Setting next_dagrun for example_branch_datetime_operator_3 to 2023-11-02T00:00:00+00:00, run_after=2023-11-03T00:00:00+00:00
[2023-11-03T19:59:45.039+0000] {processor.py:179} INFO - Processing /home/airflow/.local/lib/python3.8/site-packages/airflow/example_dags/example_branch_datetime_operator.py took 0.308 seconds
[2023-11-03T20:00:15.622+0000] {processor.py:157} INFO - Started process (PID=35612) to work on /home/airflow/.local/lib/python3.8/site-packages/airflow/example_dags/example_branch_datetime_operator.py
[2023-11-03T20:00:15.624+0000] {processor.py:829} INFO - Processing file /home/airflow/.local/lib/python3.8/site-packages/airflow/example_dags/example_branch_datetime_operator.py for tasks to queue
[2023-11-03T20:00:15.630+0000] {logging_mixin.py:151} INFO - [2023-11-03T20:00:15.629+0000] {dagbag.py:536} INFO - Filling up the DagBag from /home/airflow/.local/lib/python3.8/site-packages/airflow/example_dags/example_branch_datetime_operator.py
[2023-11-03T20:00:15.658+0000] {processor.py:839} INFO - DAG(s) dict_keys(['example_branch_datetime_operator_3', 'example_branch_datetime_operator', 'example_branch_datetime_operator_2']) retrieved from /home/airflow/.local/lib/python3.8/site-packages/airflow/example_dags/example_branch_datetime_operator.py
[2023-11-03T20:00:15.741+0000] {logging_mixin.py:151} INFO - [2023-11-03T20:00:15.740+0000] {dag.py:2941} INFO - Sync 3 DAGs
[2023-11-03T20:00:15.802+0000] {logging_mixin.py:151} INFO - [2023-11-03T20:00:15.801+0000] {dag.py:3722} INFO - Setting next_dagrun for example_branch_datetime_operator to 2023-11-02T00:00:00+00:00, run_after=2023-11-03T00:00:00+00:00
[2023-11-03T20:00:15.817+0000] {logging_mixin.py:151} INFO - [2023-11-03T20:00:15.816+0000] {dag.py:3722} INFO - Setting next_dagrun for example_branch_datetime_operator_2 to 2023-11-02T00:00:00+00:00, run_after=2023-11-03T00:00:00+00:00
[2023-11-03T20:00:15.827+0000] {logging_mixin.py:151} INFO - [2023-11-03T20:00:15.826+0000] {dag.py:3722} INFO - Setting next_dagrun for example_branch_datetime_operator_3 to 2023-11-02T00:00:00+00:00, run_after=2023-11-03T00:00:00+00:00
[2023-11-03T20:00:15.878+0000] {processor.py:179} INFO - Processing /home/airflow/.local/lib/python3.8/site-packages/airflow/example_dags/example_branch_datetime_operator.py took 0.264 seconds
[2023-11-03T20:00:46.838+0000] {processor.py:157} INFO - Started process (PID=35674) to work on /home/airflow/.local/lib/python3.8/site-packages/airflow/example_dags/example_branch_datetime_operator.py
[2023-11-03T20:00:46.842+0000] {processor.py:829} INFO - Processing file /home/airflow/.local/lib/python3.8/site-packages/airflow/example_dags/example_branch_datetime_operator.py for tasks to queue
[2023-11-03T20:00:46.851+0000] {logging_mixin.py:151} INFO - [2023-11-03T20:00:46.850+0000] {dagbag.py:536} INFO - Filling up the DagBag from /home/airflow/.local/lib/python3.8/site-packages/airflow/example_dags/example_branch_datetime_operator.py
[2023-11-03T20:00:46.883+0000] {processor.py:839} INFO - DAG(s) dict_keys(['example_branch_datetime_operator', 'example_branch_datetime_operator_3', 'example_branch_datetime_operator_2']) retrieved from /home/airflow/.local/lib/python3.8/site-packages/airflow/example_dags/example_branch_datetime_operator.py
[2023-11-03T20:00:46.970+0000] {logging_mixin.py:151} INFO - [2023-11-03T20:00:46.969+0000] {dag.py:2941} INFO - Sync 3 DAGs
[2023-11-03T20:00:47.054+0000] {logging_mixin.py:151} INFO - [2023-11-03T20:00:47.054+0000] {dag.py:3722} INFO - Setting next_dagrun for example_branch_datetime_operator to 2023-11-02T00:00:00+00:00, run_after=2023-11-03T00:00:00+00:00
[2023-11-03T20:00:47.069+0000] {logging_mixin.py:151} INFO - [2023-11-03T20:00:47.069+0000] {dag.py:3722} INFO - Setting next_dagrun for example_branch_datetime_operator_2 to 2023-11-02T00:00:00+00:00, run_after=2023-11-03T00:00:00+00:00
[2023-11-03T20:00:47.080+0000] {logging_mixin.py:151} INFO - [2023-11-03T20:00:47.079+0000] {dag.py:3722} INFO - Setting next_dagrun for example_branch_datetime_operator_3 to 2023-11-02T00:00:00+00:00, run_after=2023-11-03T00:00:00+00:00
[2023-11-03T20:00:47.137+0000] {processor.py:179} INFO - Processing /home/airflow/.local/lib/python3.8/site-packages/airflow/example_dags/example_branch_datetime_operator.py took 0.312 seconds
[2023-11-03T20:01:18.194+0000] {processor.py:157} INFO - Started process (PID=35736) to work on /home/airflow/.local/lib/python3.8/site-packages/airflow/example_dags/example_branch_datetime_operator.py
[2023-11-03T20:01:18.197+0000] {processor.py:829} INFO - Processing file /home/airflow/.local/lib/python3.8/site-packages/airflow/example_dags/example_branch_datetime_operator.py for tasks to queue
[2023-11-03T20:01:18.204+0000] {logging_mixin.py:151} INFO - [2023-11-03T20:01:18.203+0000] {dagbag.py:536} INFO - Filling up the DagBag from /home/airflow/.local/lib/python3.8/site-packages/airflow/example_dags/example_branch_datetime_operator.py
[2023-11-03T20:01:18.241+0000] {processor.py:839} INFO - DAG(s) dict_keys(['example_branch_datetime_operator_3', 'example_branch_datetime_operator', 'example_branch_datetime_operator_2']) retrieved from /home/airflow/.local/lib/python3.8/site-packages/airflow/example_dags/example_branch_datetime_operator.py
[2023-11-03T20:01:18.318+0000] {logging_mixin.py:151} INFO - [2023-11-03T20:01:18.317+0000] {dag.py:2941} INFO - Sync 3 DAGs
[2023-11-03T20:01:18.398+0000] {logging_mixin.py:151} INFO - [2023-11-03T20:01:18.397+0000] {dag.py:3722} INFO - Setting next_dagrun for example_branch_datetime_operator to 2023-11-02T00:00:00+00:00, run_after=2023-11-03T00:00:00+00:00
[2023-11-03T20:01:18.415+0000] {logging_mixin.py:151} INFO - [2023-11-03T20:01:18.414+0000] {dag.py:3722} INFO - Setting next_dagrun for example_branch_datetime_operator_2 to 2023-11-02T00:00:00+00:00, run_after=2023-11-03T00:00:00+00:00
[2023-11-03T20:01:18.424+0000] {logging_mixin.py:151} INFO - [2023-11-03T20:01:18.424+0000] {dag.py:3722} INFO - Setting next_dagrun for example_branch_datetime_operator_3 to 2023-11-02T00:00:00+00:00, run_after=2023-11-03T00:00:00+00:00
[2023-11-03T20:01:18.487+0000] {processor.py:179} INFO - Processing /home/airflow/.local/lib/python3.8/site-packages/airflow/example_dags/example_branch_datetime_operator.py took 0.304 seconds
[2023-11-03T20:01:49.408+0000] {processor.py:157} INFO - Started process (PID=35798) to work on /home/airflow/.local/lib/python3.8/site-packages/airflow/example_dags/example_branch_datetime_operator.py
[2023-11-03T20:01:49.410+0000] {processor.py:829} INFO - Processing file /home/airflow/.local/lib/python3.8/site-packages/airflow/example_dags/example_branch_datetime_operator.py for tasks to queue
[2023-11-03T20:01:49.417+0000] {logging_mixin.py:151} INFO - [2023-11-03T20:01:49.416+0000] {dagbag.py:536} INFO - Filling up the DagBag from /home/airflow/.local/lib/python3.8/site-packages/airflow/example_dags/example_branch_datetime_operator.py
[2023-11-03T20:01:49.445+0000] {processor.py:839} INFO - DAG(s) dict_keys(['example_branch_datetime_operator_3', 'example_branch_datetime_operator_2', 'example_branch_datetime_operator']) retrieved from /home/airflow/.local/lib/python3.8/site-packages/airflow/example_dags/example_branch_datetime_operator.py
[2023-11-03T20:01:49.516+0000] {logging_mixin.py:151} INFO - [2023-11-03T20:01:49.516+0000] {dag.py:2941} INFO - Sync 3 DAGs
[2023-11-03T20:01:49.580+0000] {logging_mixin.py:151} INFO - [2023-11-03T20:01:49.579+0000] {dag.py:3722} INFO - Setting next_dagrun for example_branch_datetime_operator to 2023-11-02T00:00:00+00:00, run_after=2023-11-03T00:00:00+00:00
[2023-11-03T20:01:49.597+0000] {logging_mixin.py:151} INFO - [2023-11-03T20:01:49.596+0000] {dag.py:3722} INFO - Setting next_dagrun for example_branch_datetime_operator_2 to 2023-11-02T00:00:00+00:00, run_after=2023-11-03T00:00:00+00:00
[2023-11-03T20:01:49.605+0000] {logging_mixin.py:151} INFO - [2023-11-03T20:01:49.605+0000] {dag.py:3722} INFO - Setting next_dagrun for example_branch_datetime_operator_3 to 2023-11-02T00:00:00+00:00, run_after=2023-11-03T00:00:00+00:00
[2023-11-03T20:01:49.653+0000] {processor.py:179} INFO - Processing /home/airflow/.local/lib/python3.8/site-packages/airflow/example_dags/example_branch_datetime_operator.py took 0.252 seconds
[2023-11-03T20:02:19.963+0000] {processor.py:157} INFO - Started process (PID=35860) to work on /home/airflow/.local/lib/python3.8/site-packages/airflow/example_dags/example_branch_datetime_operator.py
[2023-11-03T20:02:19.966+0000] {processor.py:829} INFO - Processing file /home/airflow/.local/lib/python3.8/site-packages/airflow/example_dags/example_branch_datetime_operator.py for tasks to queue
[2023-11-03T20:02:19.973+0000] {logging_mixin.py:151} INFO - [2023-11-03T20:02:19.972+0000] {dagbag.py:536} INFO - Filling up the DagBag from /home/airflow/.local/lib/python3.8/site-packages/airflow/example_dags/example_branch_datetime_operator.py
[2023-11-03T20:02:20.009+0000] {processor.py:839} INFO - DAG(s) dict_keys(['example_branch_datetime_operator_2', 'example_branch_datetime_operator', 'example_branch_datetime_operator_3']) retrieved from /home/airflow/.local/lib/python3.8/site-packages/airflow/example_dags/example_branch_datetime_operator.py
[2023-11-03T20:02:20.096+0000] {logging_mixin.py:151} INFO - [2023-11-03T20:02:20.096+0000] {dag.py:2941} INFO - Sync 3 DAGs
[2023-11-03T20:02:20.161+0000] {logging_mixin.py:151} INFO - [2023-11-03T20:02:20.161+0000] {dag.py:3722} INFO - Setting next_dagrun for example_branch_datetime_operator to 2023-11-02T00:00:00+00:00, run_after=2023-11-03T00:00:00+00:00
[2023-11-03T20:02:20.177+0000] {logging_mixin.py:151} INFO - [2023-11-03T20:02:20.176+0000] {dag.py:3722} INFO - Setting next_dagrun for example_branch_datetime_operator_2 to 2023-11-02T00:00:00+00:00, run_after=2023-11-03T00:00:00+00:00
[2023-11-03T20:02:20.185+0000] {logging_mixin.py:151} INFO - [2023-11-03T20:02:20.184+0000] {dag.py:3722} INFO - Setting next_dagrun for example_branch_datetime_operator_3 to 2023-11-02T00:00:00+00:00, run_after=2023-11-03T00:00:00+00:00
[2023-11-03T20:02:20.274+0000] {processor.py:179} INFO - Processing /home/airflow/.local/lib/python3.8/site-packages/airflow/example_dags/example_branch_datetime_operator.py took 0.319 seconds
[2023-11-03T20:02:51.014+0000] {processor.py:157} INFO - Started process (PID=35922) to work on /home/airflow/.local/lib/python3.8/site-packages/airflow/example_dags/example_branch_datetime_operator.py
[2023-11-03T20:02:51.018+0000] {processor.py:829} INFO - Processing file /home/airflow/.local/lib/python3.8/site-packages/airflow/example_dags/example_branch_datetime_operator.py for tasks to queue
[2023-11-03T20:02:51.028+0000] {logging_mixin.py:151} INFO - [2023-11-03T20:02:51.026+0000] {dagbag.py:536} INFO - Filling up the DagBag from /home/airflow/.local/lib/python3.8/site-packages/airflow/example_dags/example_branch_datetime_operator.py
[2023-11-03T20:02:51.056+0000] {processor.py:839} INFO - DAG(s) dict_keys(['example_branch_datetime_operator_2', 'example_branch_datetime_operator', 'example_branch_datetime_operator_3']) retrieved from /home/airflow/.local/lib/python3.8/site-packages/airflow/example_dags/example_branch_datetime_operator.py
[2023-11-03T20:02:51.148+0000] {logging_mixin.py:151} INFO - [2023-11-03T20:02:51.148+0000] {dag.py:2941} INFO - Sync 3 DAGs
[2023-11-03T20:02:51.227+0000] {logging_mixin.py:151} INFO - [2023-11-03T20:02:51.227+0000] {dag.py:3722} INFO - Setting next_dagrun for example_branch_datetime_operator to 2023-11-02T00:00:00+00:00, run_after=2023-11-03T00:00:00+00:00
[2023-11-03T20:02:51.242+0000] {logging_mixin.py:151} INFO - [2023-11-03T20:02:51.242+0000] {dag.py:3722} INFO - Setting next_dagrun for example_branch_datetime_operator_2 to 2023-11-02T00:00:00+00:00, run_after=2023-11-03T00:00:00+00:00
[2023-11-03T20:02:51.250+0000] {logging_mixin.py:151} INFO - [2023-11-03T20:02:51.250+0000] {dag.py:3722} INFO - Setting next_dagrun for example_branch_datetime_operator_3 to 2023-11-02T00:00:00+00:00, run_after=2023-11-03T00:00:00+00:00
[2023-11-03T20:02:51.300+0000] {processor.py:179} INFO - Processing /home/airflow/.local/lib/python3.8/site-packages/airflow/example_dags/example_branch_datetime_operator.py took 0.298 seconds
[2023-11-03T20:03:21.971+0000] {processor.py:157} INFO - Started process (PID=35985) to work on /home/airflow/.local/lib/python3.8/site-packages/airflow/example_dags/example_branch_datetime_operator.py
[2023-11-03T20:03:21.975+0000] {processor.py:829} INFO - Processing file /home/airflow/.local/lib/python3.8/site-packages/airflow/example_dags/example_branch_datetime_operator.py for tasks to queue
[2023-11-03T20:03:21.985+0000] {logging_mixin.py:151} INFO - [2023-11-03T20:03:21.983+0000] {dagbag.py:536} INFO - Filling up the DagBag from /home/airflow/.local/lib/python3.8/site-packages/airflow/example_dags/example_branch_datetime_operator.py
[2023-11-03T20:03:22.017+0000] {processor.py:839} INFO - DAG(s) dict_keys(['example_branch_datetime_operator_3', 'example_branch_datetime_operator_2', 'example_branch_datetime_operator']) retrieved from /home/airflow/.local/lib/python3.8/site-packages/airflow/example_dags/example_branch_datetime_operator.py
[2023-11-03T20:03:22.105+0000] {logging_mixin.py:151} INFO - [2023-11-03T20:03:22.104+0000] {dag.py:2941} INFO - Sync 3 DAGs
[2023-11-03T20:03:22.166+0000] {logging_mixin.py:151} INFO - [2023-11-03T20:03:22.165+0000] {dag.py:3722} INFO - Setting next_dagrun for example_branch_datetime_operator to 2023-11-02T00:00:00+00:00, run_after=2023-11-03T00:00:00+00:00
[2023-11-03T20:03:22.183+0000] {logging_mixin.py:151} INFO - [2023-11-03T20:03:22.182+0000] {dag.py:3722} INFO - Setting next_dagrun for example_branch_datetime_operator_2 to 2023-11-02T00:00:00+00:00, run_after=2023-11-03T00:00:00+00:00
[2023-11-03T20:03:22.199+0000] {logging_mixin.py:151} INFO - [2023-11-03T20:03:22.198+0000] {dag.py:3722} INFO - Setting next_dagrun for example_branch_datetime_operator_3 to 2023-11-02T00:00:00+00:00, run_after=2023-11-03T00:00:00+00:00
[2023-11-03T20:03:22.269+0000] {processor.py:179} INFO - Processing /home/airflow/.local/lib/python3.8/site-packages/airflow/example_dags/example_branch_datetime_operator.py took 0.314 seconds
[2023-11-03T20:03:52.645+0000] {processor.py:157} INFO - Started process (PID=36048) to work on /home/airflow/.local/lib/python3.8/site-packages/airflow/example_dags/example_branch_datetime_operator.py
[2023-11-03T20:03:52.648+0000] {processor.py:829} INFO - Processing file /home/airflow/.local/lib/python3.8/site-packages/airflow/example_dags/example_branch_datetime_operator.py for tasks to queue
[2023-11-03T20:03:52.657+0000] {logging_mixin.py:151} INFO - [2023-11-03T20:03:52.655+0000] {dagbag.py:536} INFO - Filling up the DagBag from /home/airflow/.local/lib/python3.8/site-packages/airflow/example_dags/example_branch_datetime_operator.py
[2023-11-03T20:03:52.690+0000] {processor.py:839} INFO - DAG(s) dict_keys(['example_branch_datetime_operator', 'example_branch_datetime_operator_3', 'example_branch_datetime_operator_2']) retrieved from /home/airflow/.local/lib/python3.8/site-packages/airflow/example_dags/example_branch_datetime_operator.py
[2023-11-03T20:03:52.773+0000] {logging_mixin.py:151} INFO - [2023-11-03T20:03:52.772+0000] {dag.py:2941} INFO - Sync 3 DAGs
[2023-11-03T20:03:52.851+0000] {logging_mixin.py:151} INFO - [2023-11-03T20:03:52.850+0000] {dag.py:3722} INFO - Setting next_dagrun for example_branch_datetime_operator to 2023-11-02T00:00:00+00:00, run_after=2023-11-03T00:00:00+00:00
[2023-11-03T20:03:52.873+0000] {logging_mixin.py:151} INFO - [2023-11-03T20:03:52.872+0000] {dag.py:3722} INFO - Setting next_dagrun for example_branch_datetime_operator_2 to 2023-11-02T00:00:00+00:00, run_after=2023-11-03T00:00:00+00:00
[2023-11-03T20:03:52.883+0000] {logging_mixin.py:151} INFO - [2023-11-03T20:03:52.882+0000] {dag.py:3722} INFO - Setting next_dagrun for example_branch_datetime_operator_3 to 2023-11-02T00:00:00+00:00, run_after=2023-11-03T00:00:00+00:00
[2023-11-03T20:03:52.938+0000] {processor.py:179} INFO - Processing /home/airflow/.local/lib/python3.8/site-packages/airflow/example_dags/example_branch_datetime_operator.py took 0.304 seconds
[2023-11-03T20:04:23.535+0000] {processor.py:157} INFO - Started process (PID=36109) to work on /home/airflow/.local/lib/python3.8/site-packages/airflow/example_dags/example_branch_datetime_operator.py
[2023-11-03T20:04:23.538+0000] {processor.py:829} INFO - Processing file /home/airflow/.local/lib/python3.8/site-packages/airflow/example_dags/example_branch_datetime_operator.py for tasks to queue
[2023-11-03T20:04:23.548+0000] {logging_mixin.py:151} INFO - [2023-11-03T20:04:23.546+0000] {dagbag.py:536} INFO - Filling up the DagBag from /home/airflow/.local/lib/python3.8/site-packages/airflow/example_dags/example_branch_datetime_operator.py
[2023-11-03T20:04:23.589+0000] {processor.py:839} INFO - DAG(s) dict_keys(['example_branch_datetime_operator', 'example_branch_datetime_operator_2', 'example_branch_datetime_operator_3']) retrieved from /home/airflow/.local/lib/python3.8/site-packages/airflow/example_dags/example_branch_datetime_operator.py
[2023-11-03T20:04:23.673+0000] {logging_mixin.py:151} INFO - [2023-11-03T20:04:23.672+0000] {dag.py:2941} INFO - Sync 3 DAGs
[2023-11-03T20:04:23.783+0000] {logging_mixin.py:151} INFO - [2023-11-03T20:04:23.783+0000] {dag.py:3722} INFO - Setting next_dagrun for example_branch_datetime_operator to 2023-11-02T00:00:00+00:00, run_after=2023-11-03T00:00:00+00:00
[2023-11-03T20:04:23.801+0000] {logging_mixin.py:151} INFO - [2023-11-03T20:04:23.801+0000] {dag.py:3722} INFO - Setting next_dagrun for example_branch_datetime_operator_2 to 2023-11-02T00:00:00+00:00, run_after=2023-11-03T00:00:00+00:00
[2023-11-03T20:04:23.810+0000] {logging_mixin.py:151} INFO - [2023-11-03T20:04:23.810+0000] {dag.py:3722} INFO - Setting next_dagrun for example_branch_datetime_operator_3 to 2023-11-02T00:00:00+00:00, run_after=2023-11-03T00:00:00+00:00
[2023-11-03T20:04:23.862+0000] {processor.py:179} INFO - Processing /home/airflow/.local/lib/python3.8/site-packages/airflow/example_dags/example_branch_datetime_operator.py took 0.341 seconds
[2023-11-03T20:04:53.961+0000] {processor.py:157} INFO - Started process (PID=36170) to work on /home/airflow/.local/lib/python3.8/site-packages/airflow/example_dags/example_branch_datetime_operator.py
[2023-11-03T20:04:53.970+0000] {processor.py:829} INFO - Processing file /home/airflow/.local/lib/python3.8/site-packages/airflow/example_dags/example_branch_datetime_operator.py for tasks to queue
[2023-11-03T20:04:53.986+0000] {logging_mixin.py:151} INFO - [2023-11-03T20:04:53.985+0000] {dagbag.py:536} INFO - Filling up the DagBag from /home/airflow/.local/lib/python3.8/site-packages/airflow/example_dags/example_branch_datetime_operator.py
[2023-11-03T20:04:54.041+0000] {processor.py:839} INFO - DAG(s) dict_keys(['example_branch_datetime_operator_3', 'example_branch_datetime_operator_2', 'example_branch_datetime_operator']) retrieved from /home/airflow/.local/lib/python3.8/site-packages/airflow/example_dags/example_branch_datetime_operator.py
[2023-11-03T20:04:54.162+0000] {logging_mixin.py:151} INFO - [2023-11-03T20:04:54.161+0000] {dag.py:2941} INFO - Sync 3 DAGs
[2023-11-03T20:04:54.237+0000] {logging_mixin.py:151} INFO - [2023-11-03T20:04:54.236+0000] {dag.py:3722} INFO - Setting next_dagrun for example_branch_datetime_operator to 2023-11-02T00:00:00+00:00, run_after=2023-11-03T00:00:00+00:00
[2023-11-03T20:04:54.252+0000] {logging_mixin.py:151} INFO - [2023-11-03T20:04:54.251+0000] {dag.py:3722} INFO - Setting next_dagrun for example_branch_datetime_operator_2 to 2023-11-02T00:00:00+00:00, run_after=2023-11-03T00:00:00+00:00
[2023-11-03T20:04:54.260+0000] {logging_mixin.py:151} INFO - [2023-11-03T20:04:54.260+0000] {dag.py:3722} INFO - Setting next_dagrun for example_branch_datetime_operator_3 to 2023-11-02T00:00:00+00:00, run_after=2023-11-03T00:00:00+00:00
[2023-11-03T20:04:54.321+0000] {processor.py:179} INFO - Processing /home/airflow/.local/lib/python3.8/site-packages/airflow/example_dags/example_branch_datetime_operator.py took 0.373 seconds
[2023-11-03T20:05:25.111+0000] {processor.py:157} INFO - Started process (PID=36233) to work on /home/airflow/.local/lib/python3.8/site-packages/airflow/example_dags/example_branch_datetime_operator.py
[2023-11-03T20:05:25.115+0000] {processor.py:829} INFO - Processing file /home/airflow/.local/lib/python3.8/site-packages/airflow/example_dags/example_branch_datetime_operator.py for tasks to queue
[2023-11-03T20:05:25.125+0000] {logging_mixin.py:151} INFO - [2023-11-03T20:05:25.123+0000] {dagbag.py:536} INFO - Filling up the DagBag from /home/airflow/.local/lib/python3.8/site-packages/airflow/example_dags/example_branch_datetime_operator.py
[2023-11-03T20:05:25.155+0000] {processor.py:839} INFO - DAG(s) dict_keys(['example_branch_datetime_operator_3', 'example_branch_datetime_operator', 'example_branch_datetime_operator_2']) retrieved from /home/airflow/.local/lib/python3.8/site-packages/airflow/example_dags/example_branch_datetime_operator.py
[2023-11-03T20:05:25.240+0000] {logging_mixin.py:151} INFO - [2023-11-03T20:05:25.239+0000] {dag.py:2941} INFO - Sync 3 DAGs
[2023-11-03T20:05:25.304+0000] {logging_mixin.py:151} INFO - [2023-11-03T20:05:25.303+0000] {dag.py:3722} INFO - Setting next_dagrun for example_branch_datetime_operator to 2023-11-02T00:00:00+00:00, run_after=2023-11-03T00:00:00+00:00
[2023-11-03T20:05:25.318+0000] {logging_mixin.py:151} INFO - [2023-11-03T20:05:25.318+0000] {dag.py:3722} INFO - Setting next_dagrun for example_branch_datetime_operator_2 to 2023-11-02T00:00:00+00:00, run_after=2023-11-03T00:00:00+00:00
[2023-11-03T20:05:25.327+0000] {logging_mixin.py:151} INFO - [2023-11-03T20:05:25.327+0000] {dag.py:3722} INFO - Setting next_dagrun for example_branch_datetime_operator_3 to 2023-11-02T00:00:00+00:00, run_after=2023-11-03T00:00:00+00:00
[2023-11-03T20:05:25.380+0000] {processor.py:179} INFO - Processing /home/airflow/.local/lib/python3.8/site-packages/airflow/example_dags/example_branch_datetime_operator.py took 0.283 seconds
[2023-11-03T20:05:55.701+0000] {processor.py:157} INFO - Started process (PID=36295) to work on /home/airflow/.local/lib/python3.8/site-packages/airflow/example_dags/example_branch_datetime_operator.py
[2023-11-03T20:05:55.704+0000] {processor.py:829} INFO - Processing file /home/airflow/.local/lib/python3.8/site-packages/airflow/example_dags/example_branch_datetime_operator.py for tasks to queue
[2023-11-03T20:05:55.712+0000] {logging_mixin.py:151} INFO - [2023-11-03T20:05:55.711+0000] {dagbag.py:536} INFO - Filling up the DagBag from /home/airflow/.local/lib/python3.8/site-packages/airflow/example_dags/example_branch_datetime_operator.py
[2023-11-03T20:05:55.762+0000] {processor.py:839} INFO - DAG(s) dict_keys(['example_branch_datetime_operator_3', 'example_branch_datetime_operator_2', 'example_branch_datetime_operator']) retrieved from /home/airflow/.local/lib/python3.8/site-packages/airflow/example_dags/example_branch_datetime_operator.py
[2023-11-03T20:05:55.923+0000] {logging_mixin.py:151} INFO - [2023-11-03T20:05:55.923+0000] {dag.py:2941} INFO - Sync 3 DAGs
[2023-11-03T20:05:56.018+0000] {logging_mixin.py:151} INFO - [2023-11-03T20:05:56.018+0000] {dag.py:3722} INFO - Setting next_dagrun for example_branch_datetime_operator to 2023-11-02T00:00:00+00:00, run_after=2023-11-03T00:00:00+00:00
[2023-11-03T20:05:56.035+0000] {logging_mixin.py:151} INFO - [2023-11-03T20:05:56.034+0000] {dag.py:3722} INFO - Setting next_dagrun for example_branch_datetime_operator_2 to 2023-11-02T00:00:00+00:00, run_after=2023-11-03T00:00:00+00:00
[2023-11-03T20:05:56.044+0000] {logging_mixin.py:151} INFO - [2023-11-03T20:05:56.043+0000] {dag.py:3722} INFO - Setting next_dagrun for example_branch_datetime_operator_3 to 2023-11-02T00:00:00+00:00, run_after=2023-11-03T00:00:00+00:00
[2023-11-03T20:05:56.093+0000] {processor.py:179} INFO - Processing /home/airflow/.local/lib/python3.8/site-packages/airflow/example_dags/example_branch_datetime_operator.py took 0.402 seconds
