[2023-11-03T19:42:44.981+0000] {processor.py:157} INFO - Started process (PID=33495) to work on /home/airflow/.local/lib/python3.8/site-packages/airflow/example_dags/example_time_delta_sensor_async.py
[2023-11-03T19:42:44.986+0000] {processor.py:829} INFO - Processing file /home/airflow/.local/lib/python3.8/site-packages/airflow/example_dags/example_time_delta_sensor_async.py for tasks to queue
[2023-11-03T19:42:44.994+0000] {logging_mixin.py:151} INFO - [2023-11-03T19:42:44.992+0000] {dagbag.py:536} INFO - Filling up the DagBag from /home/airflow/.local/lib/python3.8/site-packages/airflow/example_dags/example_time_delta_sensor_async.py
[2023-11-03T19:42:45.010+0000] {processor.py:839} INFO - DAG(s) dict_keys(['example_time_delta_sensor_async']) retrieved from /home/airflow/.local/lib/python3.8/site-packages/airflow/example_dags/example_time_delta_sensor_async.py
[2023-11-03T19:42:45.093+0000] {logging_mixin.py:151} INFO - [2023-11-03T19:42:45.093+0000] {dag.py:2941} INFO - Sync 1 DAGs
[2023-11-03T19:42:45.132+0000] {logging_mixin.py:151} INFO - [2023-11-03T19:42:45.131+0000] {dag.py:3722} INFO - Setting next_dagrun for example_time_delta_sensor_async to None, run_after=None
[2023-11-03T19:42:45.199+0000] {processor.py:179} INFO - Processing /home/airflow/.local/lib/python3.8/site-packages/airflow/example_dags/example_time_delta_sensor_async.py took 0.240 seconds
[2023-11-03T19:43:15.428+0000] {processor.py:157} INFO - Started process (PID=33556) to work on /home/airflow/.local/lib/python3.8/site-packages/airflow/example_dags/example_time_delta_sensor_async.py
[2023-11-03T19:43:15.432+0000] {processor.py:829} INFO - Processing file /home/airflow/.local/lib/python3.8/site-packages/airflow/example_dags/example_time_delta_sensor_async.py for tasks to queue
[2023-11-03T19:43:15.441+0000] {logging_mixin.py:151} INFO - [2023-11-03T19:43:15.440+0000] {dagbag.py:536} INFO - Filling up the DagBag from /home/airflow/.local/lib/python3.8/site-packages/airflow/example_dags/example_time_delta_sensor_async.py
[2023-11-03T19:43:15.462+0000] {processor.py:839} INFO - DAG(s) dict_keys(['example_time_delta_sensor_async']) retrieved from /home/airflow/.local/lib/python3.8/site-packages/airflow/example_dags/example_time_delta_sensor_async.py
[2023-11-03T19:43:15.527+0000] {logging_mixin.py:151} INFO - [2023-11-03T19:43:15.526+0000] {dag.py:2941} INFO - Sync 1 DAGs
[2023-11-03T19:43:15.584+0000] {logging_mixin.py:151} INFO - [2023-11-03T19:43:15.583+0000] {dag.py:3722} INFO - Setting next_dagrun for example_time_delta_sensor_async to None, run_after=None
[2023-11-03T19:43:15.659+0000] {processor.py:179} INFO - Processing /home/airflow/.local/lib/python3.8/site-packages/airflow/example_dags/example_time_delta_sensor_async.py took 0.243 seconds
[2023-11-03T19:43:46.626+0000] {processor.py:157} INFO - Started process (PID=33618) to work on /home/airflow/.local/lib/python3.8/site-packages/airflow/example_dags/example_time_delta_sensor_async.py
[2023-11-03T19:43:46.628+0000] {processor.py:829} INFO - Processing file /home/airflow/.local/lib/python3.8/site-packages/airflow/example_dags/example_time_delta_sensor_async.py for tasks to queue
[2023-11-03T19:43:46.636+0000] {logging_mixin.py:151} INFO - [2023-11-03T19:43:46.634+0000] {dagbag.py:536} INFO - Filling up the DagBag from /home/airflow/.local/lib/python3.8/site-packages/airflow/example_dags/example_time_delta_sensor_async.py
[2023-11-03T19:43:46.653+0000] {processor.py:839} INFO - DAG(s) dict_keys(['example_time_delta_sensor_async']) retrieved from /home/airflow/.local/lib/python3.8/site-packages/airflow/example_dags/example_time_delta_sensor_async.py
[2023-11-03T19:43:46.729+0000] {logging_mixin.py:151} INFO - [2023-11-03T19:43:46.728+0000] {dag.py:2941} INFO - Sync 1 DAGs
[2023-11-03T19:43:46.782+0000] {logging_mixin.py:151} INFO - [2023-11-03T19:43:46.781+0000] {dag.py:3722} INFO - Setting next_dagrun for example_time_delta_sensor_async to None, run_after=None
[2023-11-03T19:43:46.859+0000] {processor.py:179} INFO - Processing /home/airflow/.local/lib/python3.8/site-packages/airflow/example_dags/example_time_delta_sensor_async.py took 0.242 seconds
[2023-11-03T19:44:16.992+0000] {processor.py:157} INFO - Started process (PID=33679) to work on /home/airflow/.local/lib/python3.8/site-packages/airflow/example_dags/example_time_delta_sensor_async.py
[2023-11-03T19:44:16.995+0000] {processor.py:829} INFO - Processing file /home/airflow/.local/lib/python3.8/site-packages/airflow/example_dags/example_time_delta_sensor_async.py for tasks to queue
[2023-11-03T19:44:17.003+0000] {logging_mixin.py:151} INFO - [2023-11-03T19:44:17.002+0000] {dagbag.py:536} INFO - Filling up the DagBag from /home/airflow/.local/lib/python3.8/site-packages/airflow/example_dags/example_time_delta_sensor_async.py
[2023-11-03T19:44:17.020+0000] {processor.py:839} INFO - DAG(s) dict_keys(['example_time_delta_sensor_async']) retrieved from /home/airflow/.local/lib/python3.8/site-packages/airflow/example_dags/example_time_delta_sensor_async.py
[2023-11-03T19:44:17.079+0000] {logging_mixin.py:151} INFO - [2023-11-03T19:44:17.079+0000] {dag.py:2941} INFO - Sync 1 DAGs
[2023-11-03T19:44:17.115+0000] {logging_mixin.py:151} INFO - [2023-11-03T19:44:17.115+0000] {dag.py:3722} INFO - Setting next_dagrun for example_time_delta_sensor_async to None, run_after=None
[2023-11-03T19:44:17.177+0000] {processor.py:179} INFO - Processing /home/airflow/.local/lib/python3.8/site-packages/airflow/example_dags/example_time_delta_sensor_async.py took 0.195 seconds
[2023-11-03T19:44:47.319+0000] {processor.py:157} INFO - Started process (PID=33741) to work on /home/airflow/.local/lib/python3.8/site-packages/airflow/example_dags/example_time_delta_sensor_async.py
[2023-11-03T19:44:47.326+0000] {processor.py:829} INFO - Processing file /home/airflow/.local/lib/python3.8/site-packages/airflow/example_dags/example_time_delta_sensor_async.py for tasks to queue
[2023-11-03T19:44:47.335+0000] {logging_mixin.py:151} INFO - [2023-11-03T19:44:47.333+0000] {dagbag.py:536} INFO - Filling up the DagBag from /home/airflow/.local/lib/python3.8/site-packages/airflow/example_dags/example_time_delta_sensor_async.py
[2023-11-03T19:44:47.354+0000] {processor.py:839} INFO - DAG(s) dict_keys(['example_time_delta_sensor_async']) retrieved from /home/airflow/.local/lib/python3.8/site-packages/airflow/example_dags/example_time_delta_sensor_async.py
[2023-11-03T19:44:47.420+0000] {logging_mixin.py:151} INFO - [2023-11-03T19:44:47.419+0000] {dag.py:2941} INFO - Sync 1 DAGs
[2023-11-03T19:44:47.473+0000] {logging_mixin.py:151} INFO - [2023-11-03T19:44:47.472+0000] {dag.py:3722} INFO - Setting next_dagrun for example_time_delta_sensor_async to None, run_after=None
[2023-11-03T19:44:47.531+0000] {processor.py:179} INFO - Processing /home/airflow/.local/lib/python3.8/site-packages/airflow/example_dags/example_time_delta_sensor_async.py took 0.225 seconds
[2023-11-03T19:45:17.881+0000] {processor.py:157} INFO - Started process (PID=33804) to work on /home/airflow/.local/lib/python3.8/site-packages/airflow/example_dags/example_time_delta_sensor_async.py
[2023-11-03T19:45:17.885+0000] {processor.py:829} INFO - Processing file /home/airflow/.local/lib/python3.8/site-packages/airflow/example_dags/example_time_delta_sensor_async.py for tasks to queue
[2023-11-03T19:45:17.897+0000] {logging_mixin.py:151} INFO - [2023-11-03T19:45:17.896+0000] {dagbag.py:536} INFO - Filling up the DagBag from /home/airflow/.local/lib/python3.8/site-packages/airflow/example_dags/example_time_delta_sensor_async.py
[2023-11-03T19:45:17.925+0000] {processor.py:839} INFO - DAG(s) dict_keys(['example_time_delta_sensor_async']) retrieved from /home/airflow/.local/lib/python3.8/site-packages/airflow/example_dags/example_time_delta_sensor_async.py
[2023-11-03T19:45:17.992+0000] {logging_mixin.py:151} INFO - [2023-11-03T19:45:17.991+0000] {dag.py:2941} INFO - Sync 1 DAGs
[2023-11-03T19:45:18.024+0000] {logging_mixin.py:151} INFO - [2023-11-03T19:45:18.024+0000] {dag.py:3722} INFO - Setting next_dagrun for example_time_delta_sensor_async to None, run_after=None
[2023-11-03T19:45:18.085+0000] {processor.py:179} INFO - Processing /home/airflow/.local/lib/python3.8/site-packages/airflow/example_dags/example_time_delta_sensor_async.py took 0.215 seconds
[2023-11-03T19:45:48.718+0000] {processor.py:157} INFO - Started process (PID=33866) to work on /home/airflow/.local/lib/python3.8/site-packages/airflow/example_dags/example_time_delta_sensor_async.py
[2023-11-03T19:45:48.721+0000] {processor.py:829} INFO - Processing file /home/airflow/.local/lib/python3.8/site-packages/airflow/example_dags/example_time_delta_sensor_async.py for tasks to queue
[2023-11-03T19:45:48.731+0000] {logging_mixin.py:151} INFO - [2023-11-03T19:45:48.729+0000] {dagbag.py:536} INFO - Filling up the DagBag from /home/airflow/.local/lib/python3.8/site-packages/airflow/example_dags/example_time_delta_sensor_async.py
[2023-11-03T19:45:48.756+0000] {processor.py:839} INFO - DAG(s) dict_keys(['example_time_delta_sensor_async']) retrieved from /home/airflow/.local/lib/python3.8/site-packages/airflow/example_dags/example_time_delta_sensor_async.py
[2023-11-03T19:45:48.843+0000] {logging_mixin.py:151} INFO - [2023-11-03T19:45:48.842+0000] {dag.py:2941} INFO - Sync 1 DAGs
[2023-11-03T19:45:48.916+0000] {logging_mixin.py:151} INFO - [2023-11-03T19:45:48.915+0000] {dag.py:3722} INFO - Setting next_dagrun for example_time_delta_sensor_async to None, run_after=None
[2023-11-03T19:45:49.010+0000] {processor.py:179} INFO - Processing /home/airflow/.local/lib/python3.8/site-packages/airflow/example_dags/example_time_delta_sensor_async.py took 0.305 seconds
[2023-11-03T19:46:19.369+0000] {processor.py:157} INFO - Started process (PID=33928) to work on /home/airflow/.local/lib/python3.8/site-packages/airflow/example_dags/example_time_delta_sensor_async.py
[2023-11-03T19:46:19.373+0000] {processor.py:829} INFO - Processing file /home/airflow/.local/lib/python3.8/site-packages/airflow/example_dags/example_time_delta_sensor_async.py for tasks to queue
[2023-11-03T19:46:19.380+0000] {logging_mixin.py:151} INFO - [2023-11-03T19:46:19.379+0000] {dagbag.py:536} INFO - Filling up the DagBag from /home/airflow/.local/lib/python3.8/site-packages/airflow/example_dags/example_time_delta_sensor_async.py
[2023-11-03T19:46:19.396+0000] {processor.py:839} INFO - DAG(s) dict_keys(['example_time_delta_sensor_async']) retrieved from /home/airflow/.local/lib/python3.8/site-packages/airflow/example_dags/example_time_delta_sensor_async.py
[2023-11-03T19:46:19.457+0000] {logging_mixin.py:151} INFO - [2023-11-03T19:46:19.456+0000] {dag.py:2941} INFO - Sync 1 DAGs
[2023-11-03T19:46:19.507+0000] {logging_mixin.py:151} INFO - [2023-11-03T19:46:19.506+0000] {dag.py:3722} INFO - Setting next_dagrun for example_time_delta_sensor_async to None, run_after=None
[2023-11-03T19:46:19.573+0000] {processor.py:179} INFO - Processing /home/airflow/.local/lib/python3.8/site-packages/airflow/example_dags/example_time_delta_sensor_async.py took 0.223 seconds
[2023-11-03T19:46:49.859+0000] {processor.py:157} INFO - Started process (PID=33990) to work on /home/airflow/.local/lib/python3.8/site-packages/airflow/example_dags/example_time_delta_sensor_async.py
[2023-11-03T19:46:49.863+0000] {processor.py:829} INFO - Processing file /home/airflow/.local/lib/python3.8/site-packages/airflow/example_dags/example_time_delta_sensor_async.py for tasks to queue
[2023-11-03T19:46:49.890+0000] {logging_mixin.py:151} INFO - [2023-11-03T19:46:49.880+0000] {dagbag.py:536} INFO - Filling up the DagBag from /home/airflow/.local/lib/python3.8/site-packages/airflow/example_dags/example_time_delta_sensor_async.py
[2023-11-03T19:46:49.920+0000] {processor.py:839} INFO - DAG(s) dict_keys(['example_time_delta_sensor_async']) retrieved from /home/airflow/.local/lib/python3.8/site-packages/airflow/example_dags/example_time_delta_sensor_async.py
[2023-11-03T19:46:50.033+0000] {logging_mixin.py:151} INFO - [2023-11-03T19:46:50.031+0000] {dag.py:2941} INFO - Sync 1 DAGs
[2023-11-03T19:46:50.083+0000] {logging_mixin.py:151} INFO - [2023-11-03T19:46:50.082+0000] {dag.py:3722} INFO - Setting next_dagrun for example_time_delta_sensor_async to None, run_after=None
[2023-11-03T19:46:50.151+0000] {processor.py:179} INFO - Processing /home/airflow/.local/lib/python3.8/site-packages/airflow/example_dags/example_time_delta_sensor_async.py took 0.305 seconds
[2023-11-03T19:47:20.421+0000] {processor.py:157} INFO - Started process (PID=34052) to work on /home/airflow/.local/lib/python3.8/site-packages/airflow/example_dags/example_time_delta_sensor_async.py
[2023-11-03T19:47:20.426+0000] {processor.py:829} INFO - Processing file /home/airflow/.local/lib/python3.8/site-packages/airflow/example_dags/example_time_delta_sensor_async.py for tasks to queue
[2023-11-03T19:47:20.436+0000] {logging_mixin.py:151} INFO - [2023-11-03T19:47:20.434+0000] {dagbag.py:536} INFO - Filling up the DagBag from /home/airflow/.local/lib/python3.8/site-packages/airflow/example_dags/example_time_delta_sensor_async.py
[2023-11-03T19:47:20.460+0000] {processor.py:839} INFO - DAG(s) dict_keys(['example_time_delta_sensor_async']) retrieved from /home/airflow/.local/lib/python3.8/site-packages/airflow/example_dags/example_time_delta_sensor_async.py
[2023-11-03T19:47:20.521+0000] {logging_mixin.py:151} INFO - [2023-11-03T19:47:20.520+0000] {dag.py:2941} INFO - Sync 1 DAGs
[2023-11-03T19:47:20.558+0000] {logging_mixin.py:151} INFO - [2023-11-03T19:47:20.557+0000] {dag.py:3722} INFO - Setting next_dagrun for example_time_delta_sensor_async to None, run_after=None
[2023-11-03T19:47:20.616+0000] {processor.py:179} INFO - Processing /home/airflow/.local/lib/python3.8/site-packages/airflow/example_dags/example_time_delta_sensor_async.py took 0.213 seconds
[2023-11-03T19:47:51.074+0000] {processor.py:157} INFO - Started process (PID=34114) to work on /home/airflow/.local/lib/python3.8/site-packages/airflow/example_dags/example_time_delta_sensor_async.py
[2023-11-03T19:47:51.078+0000] {processor.py:829} INFO - Processing file /home/airflow/.local/lib/python3.8/site-packages/airflow/example_dags/example_time_delta_sensor_async.py for tasks to queue
[2023-11-03T19:47:51.090+0000] {logging_mixin.py:151} INFO - [2023-11-03T19:47:51.088+0000] {dagbag.py:536} INFO - Filling up the DagBag from /home/airflow/.local/lib/python3.8/site-packages/airflow/example_dags/example_time_delta_sensor_async.py
[2023-11-03T19:47:51.112+0000] {processor.py:839} INFO - DAG(s) dict_keys(['example_time_delta_sensor_async']) retrieved from /home/airflow/.local/lib/python3.8/site-packages/airflow/example_dags/example_time_delta_sensor_async.py
[2023-11-03T19:47:51.178+0000] {logging_mixin.py:151} INFO - [2023-11-03T19:47:51.178+0000] {dag.py:2941} INFO - Sync 1 DAGs
[2023-11-03T19:47:51.230+0000] {logging_mixin.py:151} INFO - [2023-11-03T19:47:51.229+0000] {dag.py:3722} INFO - Setting next_dagrun for example_time_delta_sensor_async to None, run_after=None
[2023-11-03T19:47:51.290+0000] {processor.py:179} INFO - Processing /home/airflow/.local/lib/python3.8/site-packages/airflow/example_dags/example_time_delta_sensor_async.py took 0.228 seconds
[2023-11-03T19:48:21.550+0000] {processor.py:157} INFO - Started process (PID=34176) to work on /home/airflow/.local/lib/python3.8/site-packages/airflow/example_dags/example_time_delta_sensor_async.py
[2023-11-03T19:48:21.552+0000] {processor.py:829} INFO - Processing file /home/airflow/.local/lib/python3.8/site-packages/airflow/example_dags/example_time_delta_sensor_async.py for tasks to queue
[2023-11-03T19:48:21.561+0000] {logging_mixin.py:151} INFO - [2023-11-03T19:48:21.559+0000] {dagbag.py:536} INFO - Filling up the DagBag from /home/airflow/.local/lib/python3.8/site-packages/airflow/example_dags/example_time_delta_sensor_async.py
[2023-11-03T19:48:21.582+0000] {processor.py:839} INFO - DAG(s) dict_keys(['example_time_delta_sensor_async']) retrieved from /home/airflow/.local/lib/python3.8/site-packages/airflow/example_dags/example_time_delta_sensor_async.py
[2023-11-03T19:48:21.648+0000] {logging_mixin.py:151} INFO - [2023-11-03T19:48:21.647+0000] {dag.py:2941} INFO - Sync 1 DAGs
[2023-11-03T19:48:21.682+0000] {logging_mixin.py:151} INFO - [2023-11-03T19:48:21.682+0000] {dag.py:3722} INFO - Setting next_dagrun for example_time_delta_sensor_async to None, run_after=None
[2023-11-03T19:48:21.804+0000] {processor.py:179} INFO - Processing /home/airflow/.local/lib/python3.8/site-packages/airflow/example_dags/example_time_delta_sensor_async.py took 0.265 seconds
[2023-11-03T19:48:52.669+0000] {processor.py:157} INFO - Started process (PID=34238) to work on /home/airflow/.local/lib/python3.8/site-packages/airflow/example_dags/example_time_delta_sensor_async.py
[2023-11-03T19:48:52.672+0000] {processor.py:829} INFO - Processing file /home/airflow/.local/lib/python3.8/site-packages/airflow/example_dags/example_time_delta_sensor_async.py for tasks to queue
[2023-11-03T19:48:52.679+0000] {logging_mixin.py:151} INFO - [2023-11-03T19:48:52.678+0000] {dagbag.py:536} INFO - Filling up the DagBag from /home/airflow/.local/lib/python3.8/site-packages/airflow/example_dags/example_time_delta_sensor_async.py
[2023-11-03T19:48:52.692+0000] {processor.py:839} INFO - DAG(s) dict_keys(['example_time_delta_sensor_async']) retrieved from /home/airflow/.local/lib/python3.8/site-packages/airflow/example_dags/example_time_delta_sensor_async.py
[2023-11-03T19:48:52.749+0000] {logging_mixin.py:151} INFO - [2023-11-03T19:48:52.749+0000] {dag.py:2941} INFO - Sync 1 DAGs
[2023-11-03T19:48:52.783+0000] {logging_mixin.py:151} INFO - [2023-11-03T19:48:52.782+0000] {dag.py:3722} INFO - Setting next_dagrun for example_time_delta_sensor_async to None, run_after=None
[2023-11-03T19:48:52.842+0000] {processor.py:179} INFO - Processing /home/airflow/.local/lib/python3.8/site-packages/airflow/example_dags/example_time_delta_sensor_async.py took 0.181 seconds
[2023-11-03T19:49:23.072+0000] {processor.py:157} INFO - Started process (PID=34300) to work on /home/airflow/.local/lib/python3.8/site-packages/airflow/example_dags/example_time_delta_sensor_async.py
[2023-11-03T19:49:23.075+0000] {processor.py:829} INFO - Processing file /home/airflow/.local/lib/python3.8/site-packages/airflow/example_dags/example_time_delta_sensor_async.py for tasks to queue
[2023-11-03T19:49:23.084+0000] {logging_mixin.py:151} INFO - [2023-11-03T19:49:23.083+0000] {dagbag.py:536} INFO - Filling up the DagBag from /home/airflow/.local/lib/python3.8/site-packages/airflow/example_dags/example_time_delta_sensor_async.py
[2023-11-03T19:49:23.102+0000] {processor.py:839} INFO - DAG(s) dict_keys(['example_time_delta_sensor_async']) retrieved from /home/airflow/.local/lib/python3.8/site-packages/airflow/example_dags/example_time_delta_sensor_async.py
[2023-11-03T19:49:23.168+0000] {logging_mixin.py:151} INFO - [2023-11-03T19:49:23.168+0000] {dag.py:2941} INFO - Sync 1 DAGs
[2023-11-03T19:49:23.206+0000] {logging_mixin.py:151} INFO - [2023-11-03T19:49:23.206+0000] {dag.py:3722} INFO - Setting next_dagrun for example_time_delta_sensor_async to None, run_after=None
[2023-11-03T19:49:23.260+0000] {processor.py:179} INFO - Processing /home/airflow/.local/lib/python3.8/site-packages/airflow/example_dags/example_time_delta_sensor_async.py took 0.200 seconds
[2023-11-03T19:49:53.891+0000] {processor.py:157} INFO - Started process (PID=34362) to work on /home/airflow/.local/lib/python3.8/site-packages/airflow/example_dags/example_time_delta_sensor_async.py
[2023-11-03T19:49:53.897+0000] {processor.py:829} INFO - Processing file /home/airflow/.local/lib/python3.8/site-packages/airflow/example_dags/example_time_delta_sensor_async.py for tasks to queue
[2023-11-03T19:49:53.922+0000] {logging_mixin.py:151} INFO - [2023-11-03T19:49:53.920+0000] {dagbag.py:536} INFO - Filling up the DagBag from /home/airflow/.local/lib/python3.8/site-packages/airflow/example_dags/example_time_delta_sensor_async.py
[2023-11-03T19:49:53.957+0000] {processor.py:839} INFO - DAG(s) dict_keys(['example_time_delta_sensor_async']) retrieved from /home/airflow/.local/lib/python3.8/site-packages/airflow/example_dags/example_time_delta_sensor_async.py
[2023-11-03T19:49:54.020+0000] {logging_mixin.py:151} INFO - [2023-11-03T19:49:54.019+0000] {dag.py:2941} INFO - Sync 1 DAGs
[2023-11-03T19:49:54.054+0000] {logging_mixin.py:151} INFO - [2023-11-03T19:49:54.054+0000] {dag.py:3722} INFO - Setting next_dagrun for example_time_delta_sensor_async to None, run_after=None
[2023-11-03T19:49:54.113+0000] {processor.py:179} INFO - Processing /home/airflow/.local/lib/python3.8/site-packages/airflow/example_dags/example_time_delta_sensor_async.py took 0.243 seconds
[2023-11-03T19:50:24.300+0000] {processor.py:157} INFO - Started process (PID=34424) to work on /home/airflow/.local/lib/python3.8/site-packages/airflow/example_dags/example_time_delta_sensor_async.py
[2023-11-03T19:50:24.304+0000] {processor.py:829} INFO - Processing file /home/airflow/.local/lib/python3.8/site-packages/airflow/example_dags/example_time_delta_sensor_async.py for tasks to queue
[2023-11-03T19:50:24.314+0000] {logging_mixin.py:151} INFO - [2023-11-03T19:50:24.312+0000] {dagbag.py:536} INFO - Filling up the DagBag from /home/airflow/.local/lib/python3.8/site-packages/airflow/example_dags/example_time_delta_sensor_async.py
[2023-11-03T19:50:24.332+0000] {processor.py:839} INFO - DAG(s) dict_keys(['example_time_delta_sensor_async']) retrieved from /home/airflow/.local/lib/python3.8/site-packages/airflow/example_dags/example_time_delta_sensor_async.py
[2023-11-03T19:50:24.391+0000] {logging_mixin.py:151} INFO - [2023-11-03T19:50:24.390+0000] {dag.py:2941} INFO - Sync 1 DAGs
[2023-11-03T19:50:24.426+0000] {logging_mixin.py:151} INFO - [2023-11-03T19:50:24.425+0000] {dag.py:3722} INFO - Setting next_dagrun for example_time_delta_sensor_async to None, run_after=None
[2023-11-03T19:50:24.502+0000] {processor.py:179} INFO - Processing /home/airflow/.local/lib/python3.8/site-packages/airflow/example_dags/example_time_delta_sensor_async.py took 0.215 seconds
[2023-11-03T19:50:55.632+0000] {processor.py:157} INFO - Started process (PID=34486) to work on /home/airflow/.local/lib/python3.8/site-packages/airflow/example_dags/example_time_delta_sensor_async.py
[2023-11-03T19:50:55.635+0000] {processor.py:829} INFO - Processing file /home/airflow/.local/lib/python3.8/site-packages/airflow/example_dags/example_time_delta_sensor_async.py for tasks to queue
[2023-11-03T19:50:55.642+0000] {logging_mixin.py:151} INFO - [2023-11-03T19:50:55.641+0000] {dagbag.py:536} INFO - Filling up the DagBag from /home/airflow/.local/lib/python3.8/site-packages/airflow/example_dags/example_time_delta_sensor_async.py
[2023-11-03T19:50:55.658+0000] {processor.py:839} INFO - DAG(s) dict_keys(['example_time_delta_sensor_async']) retrieved from /home/airflow/.local/lib/python3.8/site-packages/airflow/example_dags/example_time_delta_sensor_async.py
[2023-11-03T19:50:55.716+0000] {logging_mixin.py:151} INFO - [2023-11-03T19:50:55.716+0000] {dag.py:2941} INFO - Sync 1 DAGs
[2023-11-03T19:50:55.749+0000] {logging_mixin.py:151} INFO - [2023-11-03T19:50:55.748+0000] {dag.py:3722} INFO - Setting next_dagrun for example_time_delta_sensor_async to None, run_after=None
[2023-11-03T19:50:55.812+0000] {processor.py:179} INFO - Processing /home/airflow/.local/lib/python3.8/site-packages/airflow/example_dags/example_time_delta_sensor_async.py took 0.189 seconds
[2023-11-03T19:51:26.447+0000] {processor.py:157} INFO - Started process (PID=34548) to work on /home/airflow/.local/lib/python3.8/site-packages/airflow/example_dags/example_time_delta_sensor_async.py
[2023-11-03T19:51:26.450+0000] {processor.py:829} INFO - Processing file /home/airflow/.local/lib/python3.8/site-packages/airflow/example_dags/example_time_delta_sensor_async.py for tasks to queue
[2023-11-03T19:51:26.459+0000] {logging_mixin.py:151} INFO - [2023-11-03T19:51:26.458+0000] {dagbag.py:536} INFO - Filling up the DagBag from /home/airflow/.local/lib/python3.8/site-packages/airflow/example_dags/example_time_delta_sensor_async.py
[2023-11-03T19:51:26.472+0000] {processor.py:839} INFO - DAG(s) dict_keys(['example_time_delta_sensor_async']) retrieved from /home/airflow/.local/lib/python3.8/site-packages/airflow/example_dags/example_time_delta_sensor_async.py
[2023-11-03T19:51:26.532+0000] {logging_mixin.py:151} INFO - [2023-11-03T19:51:26.531+0000] {dag.py:2941} INFO - Sync 1 DAGs
[2023-11-03T19:51:26.591+0000] {logging_mixin.py:151} INFO - [2023-11-03T19:51:26.591+0000] {dag.py:3722} INFO - Setting next_dagrun for example_time_delta_sensor_async to None, run_after=None
[2023-11-03T19:51:26.654+0000] {processor.py:179} INFO - Processing /home/airflow/.local/lib/python3.8/site-packages/airflow/example_dags/example_time_delta_sensor_async.py took 0.219 seconds
[2023-11-03T19:51:56.974+0000] {processor.py:157} INFO - Started process (PID=34610) to work on /home/airflow/.local/lib/python3.8/site-packages/airflow/example_dags/example_time_delta_sensor_async.py
[2023-11-03T19:51:56.976+0000] {processor.py:829} INFO - Processing file /home/airflow/.local/lib/python3.8/site-packages/airflow/example_dags/example_time_delta_sensor_async.py for tasks to queue
[2023-11-03T19:51:56.983+0000] {logging_mixin.py:151} INFO - [2023-11-03T19:51:56.982+0000] {dagbag.py:536} INFO - Filling up the DagBag from /home/airflow/.local/lib/python3.8/site-packages/airflow/example_dags/example_time_delta_sensor_async.py
[2023-11-03T19:51:56.998+0000] {processor.py:839} INFO - DAG(s) dict_keys(['example_time_delta_sensor_async']) retrieved from /home/airflow/.local/lib/python3.8/site-packages/airflow/example_dags/example_time_delta_sensor_async.py
[2023-11-03T19:51:57.065+0000] {logging_mixin.py:151} INFO - [2023-11-03T19:51:57.064+0000] {dag.py:2941} INFO - Sync 1 DAGs
[2023-11-03T19:51:57.120+0000] {logging_mixin.py:151} INFO - [2023-11-03T19:51:57.119+0000] {dag.py:3722} INFO - Setting next_dagrun for example_time_delta_sensor_async to None, run_after=None
[2023-11-03T19:51:57.198+0000] {processor.py:179} INFO - Processing /home/airflow/.local/lib/python3.8/site-packages/airflow/example_dags/example_time_delta_sensor_async.py took 0.237 seconds
[2023-11-03T19:52:27.468+0000] {processor.py:157} INFO - Started process (PID=34672) to work on /home/airflow/.local/lib/python3.8/site-packages/airflow/example_dags/example_time_delta_sensor_async.py
[2023-11-03T19:52:27.472+0000] {processor.py:829} INFO - Processing file /home/airflow/.local/lib/python3.8/site-packages/airflow/example_dags/example_time_delta_sensor_async.py for tasks to queue
[2023-11-03T19:52:27.482+0000] {logging_mixin.py:151} INFO - [2023-11-03T19:52:27.480+0000] {dagbag.py:536} INFO - Filling up the DagBag from /home/airflow/.local/lib/python3.8/site-packages/airflow/example_dags/example_time_delta_sensor_async.py
[2023-11-03T19:52:27.497+0000] {processor.py:839} INFO - DAG(s) dict_keys(['example_time_delta_sensor_async']) retrieved from /home/airflow/.local/lib/python3.8/site-packages/airflow/example_dags/example_time_delta_sensor_async.py
[2023-11-03T19:52:27.548+0000] {logging_mixin.py:151} INFO - [2023-11-03T19:52:27.547+0000] {dag.py:2941} INFO - Sync 1 DAGs
[2023-11-03T19:52:27.578+0000] {logging_mixin.py:151} INFO - [2023-11-03T19:52:27.577+0000] {dag.py:3722} INFO - Setting next_dagrun for example_time_delta_sensor_async to None, run_after=None
[2023-11-03T19:52:27.639+0000] {processor.py:179} INFO - Processing /home/airflow/.local/lib/python3.8/site-packages/airflow/example_dags/example_time_delta_sensor_async.py took 0.182 seconds
[2023-11-03T19:52:58.051+0000] {processor.py:157} INFO - Started process (PID=34734) to work on /home/airflow/.local/lib/python3.8/site-packages/airflow/example_dags/example_time_delta_sensor_async.py
[2023-11-03T19:52:58.054+0000] {processor.py:829} INFO - Processing file /home/airflow/.local/lib/python3.8/site-packages/airflow/example_dags/example_time_delta_sensor_async.py for tasks to queue
[2023-11-03T19:52:58.062+0000] {logging_mixin.py:151} INFO - [2023-11-03T19:52:58.060+0000] {dagbag.py:536} INFO - Filling up the DagBag from /home/airflow/.local/lib/python3.8/site-packages/airflow/example_dags/example_time_delta_sensor_async.py
[2023-11-03T19:52:58.080+0000] {processor.py:839} INFO - DAG(s) dict_keys(['example_time_delta_sensor_async']) retrieved from /home/airflow/.local/lib/python3.8/site-packages/airflow/example_dags/example_time_delta_sensor_async.py
[2023-11-03T19:52:58.154+0000] {logging_mixin.py:151} INFO - [2023-11-03T19:52:58.153+0000] {dag.py:2941} INFO - Sync 1 DAGs
[2023-11-03T19:52:58.190+0000] {logging_mixin.py:151} INFO - [2023-11-03T19:52:58.189+0000] {dag.py:3722} INFO - Setting next_dagrun for example_time_delta_sensor_async to None, run_after=None
[2023-11-03T19:52:58.251+0000] {processor.py:179} INFO - Processing /home/airflow/.local/lib/python3.8/site-packages/airflow/example_dags/example_time_delta_sensor_async.py took 0.208 seconds
[2023-11-03T19:53:28.536+0000] {processor.py:157} INFO - Started process (PID=34796) to work on /home/airflow/.local/lib/python3.8/site-packages/airflow/example_dags/example_time_delta_sensor_async.py
[2023-11-03T19:53:28.539+0000] {processor.py:829} INFO - Processing file /home/airflow/.local/lib/python3.8/site-packages/airflow/example_dags/example_time_delta_sensor_async.py for tasks to queue
[2023-11-03T19:53:28.547+0000] {logging_mixin.py:151} INFO - [2023-11-03T19:53:28.546+0000] {dagbag.py:536} INFO - Filling up the DagBag from /home/airflow/.local/lib/python3.8/site-packages/airflow/example_dags/example_time_delta_sensor_async.py
[2023-11-03T19:53:28.565+0000] {processor.py:839} INFO - DAG(s) dict_keys(['example_time_delta_sensor_async']) retrieved from /home/airflow/.local/lib/python3.8/site-packages/airflow/example_dags/example_time_delta_sensor_async.py
[2023-11-03T19:53:28.626+0000] {logging_mixin.py:151} INFO - [2023-11-03T19:53:28.625+0000] {dag.py:2941} INFO - Sync 1 DAGs
[2023-11-03T19:53:28.661+0000] {logging_mixin.py:151} INFO - [2023-11-03T19:53:28.660+0000] {dag.py:3722} INFO - Setting next_dagrun for example_time_delta_sensor_async to None, run_after=None
[2023-11-03T19:53:28.727+0000] {processor.py:179} INFO - Processing /home/airflow/.local/lib/python3.8/site-packages/airflow/example_dags/example_time_delta_sensor_async.py took 0.200 seconds
[2023-11-03T19:53:59.865+0000] {processor.py:157} INFO - Started process (PID=34858) to work on /home/airflow/.local/lib/python3.8/site-packages/airflow/example_dags/example_time_delta_sensor_async.py
[2023-11-03T19:53:59.869+0000] {processor.py:829} INFO - Processing file /home/airflow/.local/lib/python3.8/site-packages/airflow/example_dags/example_time_delta_sensor_async.py for tasks to queue
[2023-11-03T19:53:59.882+0000] {logging_mixin.py:151} INFO - [2023-11-03T19:53:59.881+0000] {dagbag.py:536} INFO - Filling up the DagBag from /home/airflow/.local/lib/python3.8/site-packages/airflow/example_dags/example_time_delta_sensor_async.py
[2023-11-03T19:53:59.920+0000] {processor.py:839} INFO - DAG(s) dict_keys(['example_time_delta_sensor_async']) retrieved from /home/airflow/.local/lib/python3.8/site-packages/airflow/example_dags/example_time_delta_sensor_async.py
[2023-11-03T19:53:59.988+0000] {logging_mixin.py:151} INFO - [2023-11-03T19:53:59.987+0000] {dag.py:2941} INFO - Sync 1 DAGs
[2023-11-03T19:54:00.031+0000] {logging_mixin.py:151} INFO - [2023-11-03T19:54:00.030+0000] {dag.py:3722} INFO - Setting next_dagrun for example_time_delta_sensor_async to None, run_after=None
[2023-11-03T19:54:00.091+0000] {processor.py:179} INFO - Processing /home/airflow/.local/lib/python3.8/site-packages/airflow/example_dags/example_time_delta_sensor_async.py took 0.251 seconds
[2023-11-03T19:54:30.599+0000] {processor.py:157} INFO - Started process (PID=34920) to work on /home/airflow/.local/lib/python3.8/site-packages/airflow/example_dags/example_time_delta_sensor_async.py
[2023-11-03T19:54:30.602+0000] {processor.py:829} INFO - Processing file /home/airflow/.local/lib/python3.8/site-packages/airflow/example_dags/example_time_delta_sensor_async.py for tasks to queue
[2023-11-03T19:54:30.610+0000] {logging_mixin.py:151} INFO - [2023-11-03T19:54:30.608+0000] {dagbag.py:536} INFO - Filling up the DagBag from /home/airflow/.local/lib/python3.8/site-packages/airflow/example_dags/example_time_delta_sensor_async.py
[2023-11-03T19:54:30.626+0000] {processor.py:839} INFO - DAG(s) dict_keys(['example_time_delta_sensor_async']) retrieved from /home/airflow/.local/lib/python3.8/site-packages/airflow/example_dags/example_time_delta_sensor_async.py
[2023-11-03T19:54:30.677+0000] {logging_mixin.py:151} INFO - [2023-11-03T19:54:30.676+0000] {dag.py:2941} INFO - Sync 1 DAGs
[2023-11-03T19:54:30.716+0000] {logging_mixin.py:151} INFO - [2023-11-03T19:54:30.715+0000] {dag.py:3722} INFO - Setting next_dagrun for example_time_delta_sensor_async to None, run_after=None
[2023-11-03T19:54:30.780+0000] {processor.py:179} INFO - Processing /home/airflow/.local/lib/python3.8/site-packages/airflow/example_dags/example_time_delta_sensor_async.py took 0.192 seconds
[2023-11-03T19:55:01.803+0000] {processor.py:157} INFO - Started process (PID=34982) to work on /home/airflow/.local/lib/python3.8/site-packages/airflow/example_dags/example_time_delta_sensor_async.py
[2023-11-03T19:55:01.829+0000] {processor.py:829} INFO - Processing file /home/airflow/.local/lib/python3.8/site-packages/airflow/example_dags/example_time_delta_sensor_async.py for tasks to queue
[2023-11-03T19:55:01.850+0000] {logging_mixin.py:151} INFO - [2023-11-03T19:55:01.847+0000] {dagbag.py:536} INFO - Filling up the DagBag from /home/airflow/.local/lib/python3.8/site-packages/airflow/example_dags/example_time_delta_sensor_async.py
[2023-11-03T19:55:01.894+0000] {processor.py:839} INFO - DAG(s) dict_keys(['example_time_delta_sensor_async']) retrieved from /home/airflow/.local/lib/python3.8/site-packages/airflow/example_dags/example_time_delta_sensor_async.py
[2023-11-03T19:55:01.987+0000] {logging_mixin.py:151} INFO - [2023-11-03T19:55:01.986+0000] {dag.py:2941} INFO - Sync 1 DAGs
[2023-11-03T19:55:02.023+0000] {logging_mixin.py:151} INFO - [2023-11-03T19:55:02.022+0000] {dag.py:3722} INFO - Setting next_dagrun for example_time_delta_sensor_async to None, run_after=None
[2023-11-03T19:55:02.080+0000] {processor.py:179} INFO - Processing /home/airflow/.local/lib/python3.8/site-packages/airflow/example_dags/example_time_delta_sensor_async.py took 0.299 seconds
[2023-11-03T19:55:32.301+0000] {processor.py:157} INFO - Started process (PID=35044) to work on /home/airflow/.local/lib/python3.8/site-packages/airflow/example_dags/example_time_delta_sensor_async.py
[2023-11-03T19:55:32.305+0000] {processor.py:829} INFO - Processing file /home/airflow/.local/lib/python3.8/site-packages/airflow/example_dags/example_time_delta_sensor_async.py for tasks to queue
[2023-11-03T19:55:32.315+0000] {logging_mixin.py:151} INFO - [2023-11-03T19:55:32.313+0000] {dagbag.py:536} INFO - Filling up the DagBag from /home/airflow/.local/lib/python3.8/site-packages/airflow/example_dags/example_time_delta_sensor_async.py
[2023-11-03T19:55:32.339+0000] {processor.py:839} INFO - DAG(s) dict_keys(['example_time_delta_sensor_async']) retrieved from /home/airflow/.local/lib/python3.8/site-packages/airflow/example_dags/example_time_delta_sensor_async.py
[2023-11-03T19:55:32.399+0000] {logging_mixin.py:151} INFO - [2023-11-03T19:55:32.398+0000] {dag.py:2941} INFO - Sync 1 DAGs
[2023-11-03T19:55:32.442+0000] {logging_mixin.py:151} INFO - [2023-11-03T19:55:32.441+0000] {dag.py:3722} INFO - Setting next_dagrun for example_time_delta_sensor_async to None, run_after=None
[2023-11-03T19:55:32.505+0000] {processor.py:179} INFO - Processing /home/airflow/.local/lib/python3.8/site-packages/airflow/example_dags/example_time_delta_sensor_async.py took 0.216 seconds
[2023-11-03T19:56:02.996+0000] {processor.py:157} INFO - Started process (PID=35106) to work on /home/airflow/.local/lib/python3.8/site-packages/airflow/example_dags/example_time_delta_sensor_async.py
[2023-11-03T19:56:02.999+0000] {processor.py:829} INFO - Processing file /home/airflow/.local/lib/python3.8/site-packages/airflow/example_dags/example_time_delta_sensor_async.py for tasks to queue
[2023-11-03T19:56:03.006+0000] {logging_mixin.py:151} INFO - [2023-11-03T19:56:03.005+0000] {dagbag.py:536} INFO - Filling up the DagBag from /home/airflow/.local/lib/python3.8/site-packages/airflow/example_dags/example_time_delta_sensor_async.py
[2023-11-03T19:56:03.018+0000] {processor.py:839} INFO - DAG(s) dict_keys(['example_time_delta_sensor_async']) retrieved from /home/airflow/.local/lib/python3.8/site-packages/airflow/example_dags/example_time_delta_sensor_async.py
[2023-11-03T19:56:03.070+0000] {logging_mixin.py:151} INFO - [2023-11-03T19:56:03.070+0000] {dag.py:2941} INFO - Sync 1 DAGs
[2023-11-03T19:56:03.103+0000] {logging_mixin.py:151} INFO - [2023-11-03T19:56:03.102+0000] {dag.py:3722} INFO - Setting next_dagrun for example_time_delta_sensor_async to None, run_after=None
[2023-11-03T19:56:03.161+0000] {processor.py:179} INFO - Processing /home/airflow/.local/lib/python3.8/site-packages/airflow/example_dags/example_time_delta_sensor_async.py took 0.175 seconds
[2023-11-03T19:56:33.496+0000] {processor.py:157} INFO - Started process (PID=35168) to work on /home/airflow/.local/lib/python3.8/site-packages/airflow/example_dags/example_time_delta_sensor_async.py
[2023-11-03T19:56:33.498+0000] {processor.py:829} INFO - Processing file /home/airflow/.local/lib/python3.8/site-packages/airflow/example_dags/example_time_delta_sensor_async.py for tasks to queue
[2023-11-03T19:56:33.504+0000] {logging_mixin.py:151} INFO - [2023-11-03T19:56:33.503+0000] {dagbag.py:536} INFO - Filling up the DagBag from /home/airflow/.local/lib/python3.8/site-packages/airflow/example_dags/example_time_delta_sensor_async.py
[2023-11-03T19:56:33.517+0000] {processor.py:839} INFO - DAG(s) dict_keys(['example_time_delta_sensor_async']) retrieved from /home/airflow/.local/lib/python3.8/site-packages/airflow/example_dags/example_time_delta_sensor_async.py
[2023-11-03T19:56:33.570+0000] {logging_mixin.py:151} INFO - [2023-11-03T19:56:33.569+0000] {dag.py:2941} INFO - Sync 1 DAGs
[2023-11-03T19:56:33.602+0000] {logging_mixin.py:151} INFO - [2023-11-03T19:56:33.602+0000] {dag.py:3722} INFO - Setting next_dagrun for example_time_delta_sensor_async to None, run_after=None
[2023-11-03T19:56:33.670+0000] {processor.py:179} INFO - Processing /home/airflow/.local/lib/python3.8/site-packages/airflow/example_dags/example_time_delta_sensor_async.py took 0.186 seconds
[2023-11-03T19:57:04.478+0000] {processor.py:157} INFO - Started process (PID=35230) to work on /home/airflow/.local/lib/python3.8/site-packages/airflow/example_dags/example_time_delta_sensor_async.py
[2023-11-03T19:57:04.481+0000] {processor.py:829} INFO - Processing file /home/airflow/.local/lib/python3.8/site-packages/airflow/example_dags/example_time_delta_sensor_async.py for tasks to queue
[2023-11-03T19:57:04.491+0000] {logging_mixin.py:151} INFO - [2023-11-03T19:57:04.489+0000] {dagbag.py:536} INFO - Filling up the DagBag from /home/airflow/.local/lib/python3.8/site-packages/airflow/example_dags/example_time_delta_sensor_async.py
[2023-11-03T19:57:04.512+0000] {processor.py:839} INFO - DAG(s) dict_keys(['example_time_delta_sensor_async']) retrieved from /home/airflow/.local/lib/python3.8/site-packages/airflow/example_dags/example_time_delta_sensor_async.py
[2023-11-03T19:57:04.592+0000] {logging_mixin.py:151} INFO - [2023-11-03T19:57:04.591+0000] {dag.py:2941} INFO - Sync 1 DAGs
[2023-11-03T19:57:04.636+0000] {logging_mixin.py:151} INFO - [2023-11-03T19:57:04.635+0000] {dag.py:3722} INFO - Setting next_dagrun for example_time_delta_sensor_async to None, run_after=None
[2023-11-03T19:57:04.699+0000] {processor.py:179} INFO - Processing /home/airflow/.local/lib/python3.8/site-packages/airflow/example_dags/example_time_delta_sensor_async.py took 0.232 seconds
[2023-11-03T19:57:35.378+0000] {processor.py:157} INFO - Started process (PID=35292) to work on /home/airflow/.local/lib/python3.8/site-packages/airflow/example_dags/example_time_delta_sensor_async.py
[2023-11-03T19:57:35.381+0000] {processor.py:829} INFO - Processing file /home/airflow/.local/lib/python3.8/site-packages/airflow/example_dags/example_time_delta_sensor_async.py for tasks to queue
[2023-11-03T19:57:35.388+0000] {logging_mixin.py:151} INFO - [2023-11-03T19:57:35.387+0000] {dagbag.py:536} INFO - Filling up the DagBag from /home/airflow/.local/lib/python3.8/site-packages/airflow/example_dags/example_time_delta_sensor_async.py
[2023-11-03T19:57:35.404+0000] {processor.py:839} INFO - DAG(s) dict_keys(['example_time_delta_sensor_async']) retrieved from /home/airflow/.local/lib/python3.8/site-packages/airflow/example_dags/example_time_delta_sensor_async.py
[2023-11-03T19:57:35.457+0000] {logging_mixin.py:151} INFO - [2023-11-03T19:57:35.457+0000] {dag.py:2941} INFO - Sync 1 DAGs
[2023-11-03T19:57:35.489+0000] {logging_mixin.py:151} INFO - [2023-11-03T19:57:35.488+0000] {dag.py:3722} INFO - Setting next_dagrun for example_time_delta_sensor_async to None, run_after=None
[2023-11-03T19:57:35.556+0000] {processor.py:179} INFO - Processing /home/airflow/.local/lib/python3.8/site-packages/airflow/example_dags/example_time_delta_sensor_async.py took 0.186 seconds
[2023-11-03T19:58:06.158+0000] {processor.py:157} INFO - Started process (PID=35354) to work on /home/airflow/.local/lib/python3.8/site-packages/airflow/example_dags/example_time_delta_sensor_async.py
[2023-11-03T19:58:06.161+0000] {processor.py:829} INFO - Processing file /home/airflow/.local/lib/python3.8/site-packages/airflow/example_dags/example_time_delta_sensor_async.py for tasks to queue
[2023-11-03T19:58:06.168+0000] {logging_mixin.py:151} INFO - [2023-11-03T19:58:06.167+0000] {dagbag.py:536} INFO - Filling up the DagBag from /home/airflow/.local/lib/python3.8/site-packages/airflow/example_dags/example_time_delta_sensor_async.py
[2023-11-03T19:58:06.184+0000] {processor.py:839} INFO - DAG(s) dict_keys(['example_time_delta_sensor_async']) retrieved from /home/airflow/.local/lib/python3.8/site-packages/airflow/example_dags/example_time_delta_sensor_async.py
[2023-11-03T19:58:06.235+0000] {logging_mixin.py:151} INFO - [2023-11-03T19:58:06.234+0000] {dag.py:2941} INFO - Sync 1 DAGs
[2023-11-03T19:58:06.267+0000] {logging_mixin.py:151} INFO - [2023-11-03T19:58:06.267+0000] {dag.py:3722} INFO - Setting next_dagrun for example_time_delta_sensor_async to None, run_after=None
[2023-11-03T19:58:06.338+0000] {processor.py:179} INFO - Processing /home/airflow/.local/lib/python3.8/site-packages/airflow/example_dags/example_time_delta_sensor_async.py took 0.190 seconds
[2023-11-03T19:58:37.097+0000] {processor.py:157} INFO - Started process (PID=35423) to work on /home/airflow/.local/lib/python3.8/site-packages/airflow/example_dags/example_time_delta_sensor_async.py
[2023-11-03T19:58:37.100+0000] {processor.py:829} INFO - Processing file /home/airflow/.local/lib/python3.8/site-packages/airflow/example_dags/example_time_delta_sensor_async.py for tasks to queue
[2023-11-03T19:58:37.110+0000] {logging_mixin.py:151} INFO - [2023-11-03T19:58:37.108+0000] {dagbag.py:536} INFO - Filling up the DagBag from /home/airflow/.local/lib/python3.8/site-packages/airflow/example_dags/example_time_delta_sensor_async.py
[2023-11-03T19:58:37.134+0000] {processor.py:839} INFO - DAG(s) dict_keys(['example_time_delta_sensor_async']) retrieved from /home/airflow/.local/lib/python3.8/site-packages/airflow/example_dags/example_time_delta_sensor_async.py
[2023-11-03T19:58:37.205+0000] {logging_mixin.py:151} INFO - [2023-11-03T19:58:37.205+0000] {dag.py:2941} INFO - Sync 1 DAGs
[2023-11-03T19:58:37.263+0000] {logging_mixin.py:151} INFO - [2023-11-03T19:58:37.262+0000] {dag.py:3722} INFO - Setting next_dagrun for example_time_delta_sensor_async to None, run_after=None
[2023-11-03T19:58:37.329+0000] {processor.py:179} INFO - Processing /home/airflow/.local/lib/python3.8/site-packages/airflow/example_dags/example_time_delta_sensor_async.py took 0.246 seconds
[2023-11-03T19:59:08.011+0000] {processor.py:157} INFO - Started process (PID=35485) to work on /home/airflow/.local/lib/python3.8/site-packages/airflow/example_dags/example_time_delta_sensor_async.py
[2023-11-03T19:59:08.013+0000] {processor.py:829} INFO - Processing file /home/airflow/.local/lib/python3.8/site-packages/airflow/example_dags/example_time_delta_sensor_async.py for tasks to queue
[2023-11-03T19:59:08.019+0000] {logging_mixin.py:151} INFO - [2023-11-03T19:59:08.018+0000] {dagbag.py:536} INFO - Filling up the DagBag from /home/airflow/.local/lib/python3.8/site-packages/airflow/example_dags/example_time_delta_sensor_async.py
[2023-11-03T19:59:08.034+0000] {processor.py:839} INFO - DAG(s) dict_keys(['example_time_delta_sensor_async']) retrieved from /home/airflow/.local/lib/python3.8/site-packages/airflow/example_dags/example_time_delta_sensor_async.py
[2023-11-03T19:59:08.081+0000] {logging_mixin.py:151} INFO - [2023-11-03T19:59:08.080+0000] {dag.py:2941} INFO - Sync 1 DAGs
[2023-11-03T19:59:08.113+0000] {logging_mixin.py:151} INFO - [2023-11-03T19:59:08.112+0000] {dag.py:3722} INFO - Setting next_dagrun for example_time_delta_sensor_async to None, run_after=None
[2023-11-03T19:59:08.165+0000] {processor.py:179} INFO - Processing /home/airflow/.local/lib/python3.8/site-packages/airflow/example_dags/example_time_delta_sensor_async.py took 0.164 seconds
[2023-11-03T19:59:38.939+0000] {processor.py:157} INFO - Started process (PID=35547) to work on /home/airflow/.local/lib/python3.8/site-packages/airflow/example_dags/example_time_delta_sensor_async.py
[2023-11-03T19:59:38.944+0000] {processor.py:829} INFO - Processing file /home/airflow/.local/lib/python3.8/site-packages/airflow/example_dags/example_time_delta_sensor_async.py for tasks to queue
[2023-11-03T19:59:38.953+0000] {logging_mixin.py:151} INFO - [2023-11-03T19:59:38.952+0000] {dagbag.py:536} INFO - Filling up the DagBag from /home/airflow/.local/lib/python3.8/site-packages/airflow/example_dags/example_time_delta_sensor_async.py
[2023-11-03T19:59:38.971+0000] {processor.py:839} INFO - DAG(s) dict_keys(['example_time_delta_sensor_async']) retrieved from /home/airflow/.local/lib/python3.8/site-packages/airflow/example_dags/example_time_delta_sensor_async.py
[2023-11-03T19:59:39.035+0000] {logging_mixin.py:151} INFO - [2023-11-03T19:59:39.034+0000] {dag.py:2941} INFO - Sync 1 DAGs
[2023-11-03T19:59:39.077+0000] {logging_mixin.py:151} INFO - [2023-11-03T19:59:39.076+0000] {dag.py:3722} INFO - Setting next_dagrun for example_time_delta_sensor_async to None, run_after=None
[2023-11-03T19:59:39.156+0000] {processor.py:179} INFO - Processing /home/airflow/.local/lib/python3.8/site-packages/airflow/example_dags/example_time_delta_sensor_async.py took 0.233 seconds
[2023-11-03T20:00:09.634+0000] {processor.py:157} INFO - Started process (PID=35609) to work on /home/airflow/.local/lib/python3.8/site-packages/airflow/example_dags/example_time_delta_sensor_async.py
[2023-11-03T20:00:09.637+0000] {processor.py:829} INFO - Processing file /home/airflow/.local/lib/python3.8/site-packages/airflow/example_dags/example_time_delta_sensor_async.py for tasks to queue
[2023-11-03T20:00:09.645+0000] {logging_mixin.py:151} INFO - [2023-11-03T20:00:09.643+0000] {dagbag.py:536} INFO - Filling up the DagBag from /home/airflow/.local/lib/python3.8/site-packages/airflow/example_dags/example_time_delta_sensor_async.py
[2023-11-03T20:00:09.665+0000] {processor.py:839} INFO - DAG(s) dict_keys(['example_time_delta_sensor_async']) retrieved from /home/airflow/.local/lib/python3.8/site-packages/airflow/example_dags/example_time_delta_sensor_async.py
[2023-11-03T20:00:09.757+0000] {logging_mixin.py:151} INFO - [2023-11-03T20:00:09.756+0000] {dag.py:2941} INFO - Sync 1 DAGs
[2023-11-03T20:00:09.842+0000] {logging_mixin.py:151} INFO - [2023-11-03T20:00:09.841+0000] {dag.py:3722} INFO - Setting next_dagrun for example_time_delta_sensor_async to None, run_after=None
[2023-11-03T20:00:10.023+0000] {processor.py:179} INFO - Processing /home/airflow/.local/lib/python3.8/site-packages/airflow/example_dags/example_time_delta_sensor_async.py took 0.402 seconds
[2023-11-03T20:00:40.211+0000] {processor.py:157} INFO - Started process (PID=35671) to work on /home/airflow/.local/lib/python3.8/site-packages/airflow/example_dags/example_time_delta_sensor_async.py
[2023-11-03T20:00:40.214+0000] {processor.py:829} INFO - Processing file /home/airflow/.local/lib/python3.8/site-packages/airflow/example_dags/example_time_delta_sensor_async.py for tasks to queue
[2023-11-03T20:00:40.222+0000] {logging_mixin.py:151} INFO - [2023-11-03T20:00:40.221+0000] {dagbag.py:536} INFO - Filling up the DagBag from /home/airflow/.local/lib/python3.8/site-packages/airflow/example_dags/example_time_delta_sensor_async.py
[2023-11-03T20:00:40.241+0000] {processor.py:839} INFO - DAG(s) dict_keys(['example_time_delta_sensor_async']) retrieved from /home/airflow/.local/lib/python3.8/site-packages/airflow/example_dags/example_time_delta_sensor_async.py
[2023-11-03T20:00:40.315+0000] {logging_mixin.py:151} INFO - [2023-11-03T20:00:40.315+0000] {dag.py:2941} INFO - Sync 1 DAGs
[2023-11-03T20:00:40.349+0000] {logging_mixin.py:151} INFO - [2023-11-03T20:00:40.349+0000] {dag.py:3722} INFO - Setting next_dagrun for example_time_delta_sensor_async to None, run_after=None
[2023-11-03T20:00:40.411+0000] {processor.py:179} INFO - Processing /home/airflow/.local/lib/python3.8/site-packages/airflow/example_dags/example_time_delta_sensor_async.py took 0.209 seconds
[2023-11-03T20:01:11.214+0000] {processor.py:157} INFO - Started process (PID=35733) to work on /home/airflow/.local/lib/python3.8/site-packages/airflow/example_dags/example_time_delta_sensor_async.py
[2023-11-03T20:01:11.217+0000] {processor.py:829} INFO - Processing file /home/airflow/.local/lib/python3.8/site-packages/airflow/example_dags/example_time_delta_sensor_async.py for tasks to queue
[2023-11-03T20:01:11.224+0000] {logging_mixin.py:151} INFO - [2023-11-03T20:01:11.222+0000] {dagbag.py:536} INFO - Filling up the DagBag from /home/airflow/.local/lib/python3.8/site-packages/airflow/example_dags/example_time_delta_sensor_async.py
[2023-11-03T20:01:11.239+0000] {processor.py:839} INFO - DAG(s) dict_keys(['example_time_delta_sensor_async']) retrieved from /home/airflow/.local/lib/python3.8/site-packages/airflow/example_dags/example_time_delta_sensor_async.py
[2023-11-03T20:01:11.298+0000] {logging_mixin.py:151} INFO - [2023-11-03T20:01:11.297+0000] {dag.py:2941} INFO - Sync 1 DAGs
[2023-11-03T20:01:11.343+0000] {logging_mixin.py:151} INFO - [2023-11-03T20:01:11.343+0000] {dag.py:3722} INFO - Setting next_dagrun for example_time_delta_sensor_async to None, run_after=None
[2023-11-03T20:01:11.402+0000] {processor.py:179} INFO - Processing /home/airflow/.local/lib/python3.8/site-packages/airflow/example_dags/example_time_delta_sensor_async.py took 0.199 seconds
[2023-11-03T20:01:41.654+0000] {processor.py:157} INFO - Started process (PID=35795) to work on /home/airflow/.local/lib/python3.8/site-packages/airflow/example_dags/example_time_delta_sensor_async.py
[2023-11-03T20:01:41.657+0000] {processor.py:829} INFO - Processing file /home/airflow/.local/lib/python3.8/site-packages/airflow/example_dags/example_time_delta_sensor_async.py for tasks to queue
[2023-11-03T20:01:41.666+0000] {logging_mixin.py:151} INFO - [2023-11-03T20:01:41.664+0000] {dagbag.py:536} INFO - Filling up the DagBag from /home/airflow/.local/lib/python3.8/site-packages/airflow/example_dags/example_time_delta_sensor_async.py
[2023-11-03T20:01:41.681+0000] {processor.py:839} INFO - DAG(s) dict_keys(['example_time_delta_sensor_async']) retrieved from /home/airflow/.local/lib/python3.8/site-packages/airflow/example_dags/example_time_delta_sensor_async.py
[2023-11-03T20:01:41.747+0000] {logging_mixin.py:151} INFO - [2023-11-03T20:01:41.746+0000] {dag.py:2941} INFO - Sync 1 DAGs
[2023-11-03T20:01:41.787+0000] {logging_mixin.py:151} INFO - [2023-11-03T20:01:41.786+0000] {dag.py:3722} INFO - Setting next_dagrun for example_time_delta_sensor_async to None, run_after=None
[2023-11-03T20:01:41.841+0000] {processor.py:179} INFO - Processing /home/airflow/.local/lib/python3.8/site-packages/airflow/example_dags/example_time_delta_sensor_async.py took 0.201 seconds
[2023-11-03T20:02:12.385+0000] {processor.py:157} INFO - Started process (PID=35857) to work on /home/airflow/.local/lib/python3.8/site-packages/airflow/example_dags/example_time_delta_sensor_async.py
[2023-11-03T20:02:12.387+0000] {processor.py:829} INFO - Processing file /home/airflow/.local/lib/python3.8/site-packages/airflow/example_dags/example_time_delta_sensor_async.py for tasks to queue
[2023-11-03T20:02:12.398+0000] {logging_mixin.py:151} INFO - [2023-11-03T20:02:12.394+0000] {dagbag.py:536} INFO - Filling up the DagBag from /home/airflow/.local/lib/python3.8/site-packages/airflow/example_dags/example_time_delta_sensor_async.py
[2023-11-03T20:02:12.414+0000] {processor.py:839} INFO - DAG(s) dict_keys(['example_time_delta_sensor_async']) retrieved from /home/airflow/.local/lib/python3.8/site-packages/airflow/example_dags/example_time_delta_sensor_async.py
[2023-11-03T20:02:12.486+0000] {logging_mixin.py:151} INFO - [2023-11-03T20:02:12.485+0000] {dag.py:2941} INFO - Sync 1 DAGs
[2023-11-03T20:02:12.519+0000] {logging_mixin.py:151} INFO - [2023-11-03T20:02:12.519+0000] {dag.py:3722} INFO - Setting next_dagrun for example_time_delta_sensor_async to None, run_after=None
[2023-11-03T20:02:12.577+0000] {processor.py:179} INFO - Processing /home/airflow/.local/lib/python3.8/site-packages/airflow/example_dags/example_time_delta_sensor_async.py took 0.202 seconds
[2023-11-03T20:02:43.066+0000] {processor.py:157} INFO - Started process (PID=35919) to work on /home/airflow/.local/lib/python3.8/site-packages/airflow/example_dags/example_time_delta_sensor_async.py
[2023-11-03T20:02:43.070+0000] {processor.py:829} INFO - Processing file /home/airflow/.local/lib/python3.8/site-packages/airflow/example_dags/example_time_delta_sensor_async.py for tasks to queue
[2023-11-03T20:02:43.079+0000] {logging_mixin.py:151} INFO - [2023-11-03T20:02:43.077+0000] {dagbag.py:536} INFO - Filling up the DagBag from /home/airflow/.local/lib/python3.8/site-packages/airflow/example_dags/example_time_delta_sensor_async.py
[2023-11-03T20:02:43.099+0000] {processor.py:839} INFO - DAG(s) dict_keys(['example_time_delta_sensor_async']) retrieved from /home/airflow/.local/lib/python3.8/site-packages/airflow/example_dags/example_time_delta_sensor_async.py
[2023-11-03T20:02:43.173+0000] {logging_mixin.py:151} INFO - [2023-11-03T20:02:43.173+0000] {dag.py:2941} INFO - Sync 1 DAGs
[2023-11-03T20:02:43.218+0000] {logging_mixin.py:151} INFO - [2023-11-03T20:02:43.217+0000] {dag.py:3722} INFO - Setting next_dagrun for example_time_delta_sensor_async to None, run_after=None
[2023-11-03T20:02:43.281+0000] {processor.py:179} INFO - Processing /home/airflow/.local/lib/python3.8/site-packages/airflow/example_dags/example_time_delta_sensor_async.py took 0.228 seconds
[2023-11-03T20:03:13.948+0000] {processor.py:157} INFO - Started process (PID=35982) to work on /home/airflow/.local/lib/python3.8/site-packages/airflow/example_dags/example_time_delta_sensor_async.py
[2023-11-03T20:03:13.950+0000] {processor.py:829} INFO - Processing file /home/airflow/.local/lib/python3.8/site-packages/airflow/example_dags/example_time_delta_sensor_async.py for tasks to queue
[2023-11-03T20:03:13.956+0000] {logging_mixin.py:151} INFO - [2023-11-03T20:03:13.955+0000] {dagbag.py:536} INFO - Filling up the DagBag from /home/airflow/.local/lib/python3.8/site-packages/airflow/example_dags/example_time_delta_sensor_async.py
[2023-11-03T20:03:13.969+0000] {processor.py:839} INFO - DAG(s) dict_keys(['example_time_delta_sensor_async']) retrieved from /home/airflow/.local/lib/python3.8/site-packages/airflow/example_dags/example_time_delta_sensor_async.py
[2023-11-03T20:03:14.027+0000] {logging_mixin.py:151} INFO - [2023-11-03T20:03:14.027+0000] {dag.py:2941} INFO - Sync 1 DAGs
[2023-11-03T20:03:14.064+0000] {logging_mixin.py:151} INFO - [2023-11-03T20:03:14.064+0000] {dag.py:3722} INFO - Setting next_dagrun for example_time_delta_sensor_async to None, run_after=None
[2023-11-03T20:03:14.124+0000] {processor.py:179} INFO - Processing /home/airflow/.local/lib/python3.8/site-packages/airflow/example_dags/example_time_delta_sensor_async.py took 0.187 seconds
[2023-11-03T20:03:44.478+0000] {processor.py:157} INFO - Started process (PID=36045) to work on /home/airflow/.local/lib/python3.8/site-packages/airflow/example_dags/example_time_delta_sensor_async.py
[2023-11-03T20:03:44.482+0000] {processor.py:829} INFO - Processing file /home/airflow/.local/lib/python3.8/site-packages/airflow/example_dags/example_time_delta_sensor_async.py for tasks to queue
[2023-11-03T20:03:44.492+0000] {logging_mixin.py:151} INFO - [2023-11-03T20:03:44.491+0000] {dagbag.py:536} INFO - Filling up the DagBag from /home/airflow/.local/lib/python3.8/site-packages/airflow/example_dags/example_time_delta_sensor_async.py
[2023-11-03T20:03:44.510+0000] {processor.py:839} INFO - DAG(s) dict_keys(['example_time_delta_sensor_async']) retrieved from /home/airflow/.local/lib/python3.8/site-packages/airflow/example_dags/example_time_delta_sensor_async.py
[2023-11-03T20:03:44.596+0000] {logging_mixin.py:151} INFO - [2023-11-03T20:03:44.595+0000] {dag.py:2941} INFO - Sync 1 DAGs
[2023-11-03T20:03:44.664+0000] {logging_mixin.py:151} INFO - [2023-11-03T20:03:44.663+0000] {dag.py:3722} INFO - Setting next_dagrun for example_time_delta_sensor_async to None, run_after=None
[2023-11-03T20:03:44.759+0000] {processor.py:179} INFO - Processing /home/airflow/.local/lib/python3.8/site-packages/airflow/example_dags/example_time_delta_sensor_async.py took 0.312 seconds
[2023-11-03T20:04:15.600+0000] {processor.py:157} INFO - Started process (PID=36106) to work on /home/airflow/.local/lib/python3.8/site-packages/airflow/example_dags/example_time_delta_sensor_async.py
[2023-11-03T20:04:15.609+0000] {processor.py:829} INFO - Processing file /home/airflow/.local/lib/python3.8/site-packages/airflow/example_dags/example_time_delta_sensor_async.py for tasks to queue
[2023-11-03T20:04:15.619+0000] {logging_mixin.py:151} INFO - [2023-11-03T20:04:15.617+0000] {dagbag.py:536} INFO - Filling up the DagBag from /home/airflow/.local/lib/python3.8/site-packages/airflow/example_dags/example_time_delta_sensor_async.py
[2023-11-03T20:04:15.645+0000] {processor.py:839} INFO - DAG(s) dict_keys(['example_time_delta_sensor_async']) retrieved from /home/airflow/.local/lib/python3.8/site-packages/airflow/example_dags/example_time_delta_sensor_async.py
[2023-11-03T20:04:15.768+0000] {logging_mixin.py:151} INFO - [2023-11-03T20:04:15.767+0000] {dag.py:2941} INFO - Sync 1 DAGs
[2023-11-03T20:04:15.856+0000] {logging_mixin.py:151} INFO - [2023-11-03T20:04:15.855+0000] {dag.py:3722} INFO - Setting next_dagrun for example_time_delta_sensor_async to None, run_after=None
[2023-11-03T20:04:16.027+0000] {processor.py:179} INFO - Processing /home/airflow/.local/lib/python3.8/site-packages/airflow/example_dags/example_time_delta_sensor_async.py took 0.460 seconds
[2023-11-03T20:04:47.071+0000] {processor.py:157} INFO - Started process (PID=36168) to work on /home/airflow/.local/lib/python3.8/site-packages/airflow/example_dags/example_time_delta_sensor_async.py
[2023-11-03T20:04:47.074+0000] {processor.py:829} INFO - Processing file /home/airflow/.local/lib/python3.8/site-packages/airflow/example_dags/example_time_delta_sensor_async.py for tasks to queue
[2023-11-03T20:04:47.082+0000] {logging_mixin.py:151} INFO - [2023-11-03T20:04:47.080+0000] {dagbag.py:536} INFO - Filling up the DagBag from /home/airflow/.local/lib/python3.8/site-packages/airflow/example_dags/example_time_delta_sensor_async.py
[2023-11-03T20:04:47.096+0000] {processor.py:839} INFO - DAG(s) dict_keys(['example_time_delta_sensor_async']) retrieved from /home/airflow/.local/lib/python3.8/site-packages/airflow/example_dags/example_time_delta_sensor_async.py
[2023-11-03T20:04:47.149+0000] {logging_mixin.py:151} INFO - [2023-11-03T20:04:47.149+0000] {dag.py:2941} INFO - Sync 1 DAGs
[2023-11-03T20:04:47.186+0000] {logging_mixin.py:151} INFO - [2023-11-03T20:04:47.185+0000] {dag.py:3722} INFO - Setting next_dagrun for example_time_delta_sensor_async to None, run_after=None
[2023-11-03T20:04:47.261+0000] {processor.py:179} INFO - Processing /home/airflow/.local/lib/python3.8/site-packages/airflow/example_dags/example_time_delta_sensor_async.py took 0.201 seconds
[2023-11-03T20:05:17.586+0000] {processor.py:157} INFO - Started process (PID=36230) to work on /home/airflow/.local/lib/python3.8/site-packages/airflow/example_dags/example_time_delta_sensor_async.py
[2023-11-03T20:05:17.589+0000] {processor.py:829} INFO - Processing file /home/airflow/.local/lib/python3.8/site-packages/airflow/example_dags/example_time_delta_sensor_async.py for tasks to queue
[2023-11-03T20:05:17.598+0000] {logging_mixin.py:151} INFO - [2023-11-03T20:05:17.597+0000] {dagbag.py:536} INFO - Filling up the DagBag from /home/airflow/.local/lib/python3.8/site-packages/airflow/example_dags/example_time_delta_sensor_async.py
[2023-11-03T20:05:17.614+0000] {processor.py:839} INFO - DAG(s) dict_keys(['example_time_delta_sensor_async']) retrieved from /home/airflow/.local/lib/python3.8/site-packages/airflow/example_dags/example_time_delta_sensor_async.py
[2023-11-03T20:05:17.663+0000] {logging_mixin.py:151} INFO - [2023-11-03T20:05:17.663+0000] {dag.py:2941} INFO - Sync 1 DAGs
[2023-11-03T20:05:17.699+0000] {logging_mixin.py:151} INFO - [2023-11-03T20:05:17.698+0000] {dag.py:3722} INFO - Setting next_dagrun for example_time_delta_sensor_async to None, run_after=None
[2023-11-03T20:05:17.756+0000] {processor.py:179} INFO - Processing /home/airflow/.local/lib/python3.8/site-packages/airflow/example_dags/example_time_delta_sensor_async.py took 0.182 seconds
[2023-11-03T20:05:48.127+0000] {processor.py:157} INFO - Started process (PID=36292) to work on /home/airflow/.local/lib/python3.8/site-packages/airflow/example_dags/example_time_delta_sensor_async.py
[2023-11-03T20:05:48.130+0000] {processor.py:829} INFO - Processing file /home/airflow/.local/lib/python3.8/site-packages/airflow/example_dags/example_time_delta_sensor_async.py for tasks to queue
[2023-11-03T20:05:48.139+0000] {logging_mixin.py:151} INFO - [2023-11-03T20:05:48.138+0000] {dagbag.py:536} INFO - Filling up the DagBag from /home/airflow/.local/lib/python3.8/site-packages/airflow/example_dags/example_time_delta_sensor_async.py
[2023-11-03T20:05:48.158+0000] {processor.py:839} INFO - DAG(s) dict_keys(['example_time_delta_sensor_async']) retrieved from /home/airflow/.local/lib/python3.8/site-packages/airflow/example_dags/example_time_delta_sensor_async.py
[2023-11-03T20:05:48.224+0000] {logging_mixin.py:151} INFO - [2023-11-03T20:05:48.223+0000] {dag.py:2941} INFO - Sync 1 DAGs
[2023-11-03T20:05:48.258+0000] {logging_mixin.py:151} INFO - [2023-11-03T20:05:48.257+0000] {dag.py:3722} INFO - Setting next_dagrun for example_time_delta_sensor_async to None, run_after=None
[2023-11-03T20:05:48.319+0000] {processor.py:179} INFO - Processing /home/airflow/.local/lib/python3.8/site-packages/airflow/example_dags/example_time_delta_sensor_async.py took 0.203 seconds
