[2023-11-03T19:42:36.228+0000] {processor.py:157} INFO - Started process (PID=33474) to work on /home/airflow/.local/lib/python3.8/site-packages/airflow/example_dags/example_external_task_marker_dag.py
[2023-11-03T19:42:36.234+0000] {processor.py:829} INFO - Processing file /home/airflow/.local/lib/python3.8/site-packages/airflow/example_dags/example_external_task_marker_dag.py for tasks to queue
[2023-11-03T19:42:36.246+0000] {logging_mixin.py:151} INFO - [2023-11-03T19:42:36.243+0000] {dagbag.py:536} INFO - Filling up the DagBag from /home/airflow/.local/lib/python3.8/site-packages/airflow/example_dags/example_external_task_marker_dag.py
[2023-11-03T19:42:36.276+0000] {processor.py:839} INFO - DAG(s) dict_keys(['example_external_task_marker_parent', 'example_external_task_marker_child']) retrieved from /home/airflow/.local/lib/python3.8/site-packages/airflow/example_dags/example_external_task_marker_dag.py
[2023-11-03T19:42:36.966+0000] {logging_mixin.py:151} INFO - [2023-11-03T19:42:36.965+0000] {dag.py:2941} INFO - Sync 2 DAGs
[2023-11-03T19:42:37.029+0000] {logging_mixin.py:151} INFO - [2023-11-03T19:42:37.028+0000] {dag.py:3722} INFO - Setting next_dagrun for example_external_task_marker_child to None, run_after=None
[2023-11-03T19:42:37.047+0000] {logging_mixin.py:151} INFO - [2023-11-03T19:42:37.046+0000] {dag.py:3722} INFO - Setting next_dagrun for example_external_task_marker_parent to None, run_after=None
[2023-11-03T19:42:37.137+0000] {processor.py:179} INFO - Processing /home/airflow/.local/lib/python3.8/site-packages/airflow/example_dags/example_external_task_marker_dag.py took 0.930 seconds
[2023-11-03T19:43:07.422+0000] {processor.py:157} INFO - Started process (PID=33536) to work on /home/airflow/.local/lib/python3.8/site-packages/airflow/example_dags/example_external_task_marker_dag.py
[2023-11-03T19:43:07.425+0000] {processor.py:829} INFO - Processing file /home/airflow/.local/lib/python3.8/site-packages/airflow/example_dags/example_external_task_marker_dag.py for tasks to queue
[2023-11-03T19:43:07.435+0000] {logging_mixin.py:151} INFO - [2023-11-03T19:43:07.433+0000] {dagbag.py:536} INFO - Filling up the DagBag from /home/airflow/.local/lib/python3.8/site-packages/airflow/example_dags/example_external_task_marker_dag.py
[2023-11-03T19:43:07.466+0000] {processor.py:839} INFO - DAG(s) dict_keys(['example_external_task_marker_child', 'example_external_task_marker_parent']) retrieved from /home/airflow/.local/lib/python3.8/site-packages/airflow/example_dags/example_external_task_marker_dag.py
[2023-11-03T19:43:07.544+0000] {logging_mixin.py:151} INFO - [2023-11-03T19:43:07.543+0000] {dag.py:2941} INFO - Sync 2 DAGs
[2023-11-03T19:43:07.584+0000] {logging_mixin.py:151} INFO - [2023-11-03T19:43:07.583+0000] {dag.py:3722} INFO - Setting next_dagrun for example_external_task_marker_child to None, run_after=None
[2023-11-03T19:43:07.599+0000] {logging_mixin.py:151} INFO - [2023-11-03T19:43:07.598+0000] {dag.py:3722} INFO - Setting next_dagrun for example_external_task_marker_parent to None, run_after=None
[2023-11-03T19:43:07.662+0000] {processor.py:179} INFO - Processing /home/airflow/.local/lib/python3.8/site-packages/airflow/example_dags/example_external_task_marker_dag.py took 0.249 seconds
[2023-11-03T19:43:38.231+0000] {processor.py:157} INFO - Started process (PID=33598) to work on /home/airflow/.local/lib/python3.8/site-packages/airflow/example_dags/example_external_task_marker_dag.py
[2023-11-03T19:43:38.234+0000] {processor.py:829} INFO - Processing file /home/airflow/.local/lib/python3.8/site-packages/airflow/example_dags/example_external_task_marker_dag.py for tasks to queue
[2023-11-03T19:43:38.241+0000] {logging_mixin.py:151} INFO - [2023-11-03T19:43:38.240+0000] {dagbag.py:536} INFO - Filling up the DagBag from /home/airflow/.local/lib/python3.8/site-packages/airflow/example_dags/example_external_task_marker_dag.py
[2023-11-03T19:43:38.262+0000] {processor.py:839} INFO - DAG(s) dict_keys(['example_external_task_marker_parent', 'example_external_task_marker_child']) retrieved from /home/airflow/.local/lib/python3.8/site-packages/airflow/example_dags/example_external_task_marker_dag.py
[2023-11-03T19:43:38.331+0000] {logging_mixin.py:151} INFO - [2023-11-03T19:43:38.331+0000] {dag.py:2941} INFO - Sync 2 DAGs
[2023-11-03T19:43:38.378+0000] {logging_mixin.py:151} INFO - [2023-11-03T19:43:38.377+0000] {dag.py:3722} INFO - Setting next_dagrun for example_external_task_marker_child to None, run_after=None
[2023-11-03T19:43:38.391+0000] {logging_mixin.py:151} INFO - [2023-11-03T19:43:38.390+0000] {dag.py:3722} INFO - Setting next_dagrun for example_external_task_marker_parent to None, run_after=None
[2023-11-03T19:43:38.447+0000] {processor.py:179} INFO - Processing /home/airflow/.local/lib/python3.8/site-packages/airflow/example_dags/example_external_task_marker_dag.py took 0.225 seconds
[2023-11-03T19:44:08.704+0000] {processor.py:157} INFO - Started process (PID=33660) to work on /home/airflow/.local/lib/python3.8/site-packages/airflow/example_dags/example_external_task_marker_dag.py
[2023-11-03T19:44:08.706+0000] {processor.py:829} INFO - Processing file /home/airflow/.local/lib/python3.8/site-packages/airflow/example_dags/example_external_task_marker_dag.py for tasks to queue
[2023-11-03T19:44:08.714+0000] {logging_mixin.py:151} INFO - [2023-11-03T19:44:08.712+0000] {dagbag.py:536} INFO - Filling up the DagBag from /home/airflow/.local/lib/python3.8/site-packages/airflow/example_dags/example_external_task_marker_dag.py
[2023-11-03T19:44:08.732+0000] {processor.py:839} INFO - DAG(s) dict_keys(['example_external_task_marker_child', 'example_external_task_marker_parent']) retrieved from /home/airflow/.local/lib/python3.8/site-packages/airflow/example_dags/example_external_task_marker_dag.py
[2023-11-03T19:44:08.788+0000] {logging_mixin.py:151} INFO - [2023-11-03T19:44:08.787+0000] {dag.py:2941} INFO - Sync 2 DAGs
[2023-11-03T19:44:08.820+0000] {logging_mixin.py:151} INFO - [2023-11-03T19:44:08.820+0000] {dag.py:3722} INFO - Setting next_dagrun for example_external_task_marker_child to None, run_after=None
[2023-11-03T19:44:08.831+0000] {logging_mixin.py:151} INFO - [2023-11-03T19:44:08.831+0000] {dag.py:3722} INFO - Setting next_dagrun for example_external_task_marker_parent to None, run_after=None
[2023-11-03T19:44:08.881+0000] {processor.py:179} INFO - Processing /home/airflow/.local/lib/python3.8/site-packages/airflow/example_dags/example_external_task_marker_dag.py took 0.185 seconds
[2023-11-03T19:44:39.390+0000] {processor.py:157} INFO - Started process (PID=33722) to work on /home/airflow/.local/lib/python3.8/site-packages/airflow/example_dags/example_external_task_marker_dag.py
[2023-11-03T19:44:39.392+0000] {processor.py:829} INFO - Processing file /home/airflow/.local/lib/python3.8/site-packages/airflow/example_dags/example_external_task_marker_dag.py for tasks to queue
[2023-11-03T19:44:39.401+0000] {logging_mixin.py:151} INFO - [2023-11-03T19:44:39.400+0000] {dagbag.py:536} INFO - Filling up the DagBag from /home/airflow/.local/lib/python3.8/site-packages/airflow/example_dags/example_external_task_marker_dag.py
[2023-11-03T19:44:39.425+0000] {processor.py:839} INFO - DAG(s) dict_keys(['example_external_task_marker_parent', 'example_external_task_marker_child']) retrieved from /home/airflow/.local/lib/python3.8/site-packages/airflow/example_dags/example_external_task_marker_dag.py
[2023-11-03T19:44:39.512+0000] {logging_mixin.py:151} INFO - [2023-11-03T19:44:39.511+0000] {dag.py:2941} INFO - Sync 2 DAGs
[2023-11-03T19:44:39.558+0000] {logging_mixin.py:151} INFO - [2023-11-03T19:44:39.557+0000] {dag.py:3722} INFO - Setting next_dagrun for example_external_task_marker_child to None, run_after=None
[2023-11-03T19:44:39.572+0000] {logging_mixin.py:151} INFO - [2023-11-03T19:44:39.572+0000] {dag.py:3722} INFO - Setting next_dagrun for example_external_task_marker_parent to None, run_after=None
[2023-11-03T19:44:39.629+0000] {processor.py:179} INFO - Processing /home/airflow/.local/lib/python3.8/site-packages/airflow/example_dags/example_external_task_marker_dag.py took 0.251 seconds
[2023-11-03T19:45:09.737+0000] {processor.py:157} INFO - Started process (PID=33785) to work on /home/airflow/.local/lib/python3.8/site-packages/airflow/example_dags/example_external_task_marker_dag.py
[2023-11-03T19:45:09.739+0000] {processor.py:829} INFO - Processing file /home/airflow/.local/lib/python3.8/site-packages/airflow/example_dags/example_external_task_marker_dag.py for tasks to queue
[2023-11-03T19:45:09.747+0000] {logging_mixin.py:151} INFO - [2023-11-03T19:45:09.746+0000] {dagbag.py:536} INFO - Filling up the DagBag from /home/airflow/.local/lib/python3.8/site-packages/airflow/example_dags/example_external_task_marker_dag.py
[2023-11-03T19:45:09.765+0000] {processor.py:839} INFO - DAG(s) dict_keys(['example_external_task_marker_parent', 'example_external_task_marker_child']) retrieved from /home/airflow/.local/lib/python3.8/site-packages/airflow/example_dags/example_external_task_marker_dag.py
[2023-11-03T19:45:09.834+0000] {logging_mixin.py:151} INFO - [2023-11-03T19:45:09.833+0000] {dag.py:2941} INFO - Sync 2 DAGs
[2023-11-03T19:45:09.875+0000] {logging_mixin.py:151} INFO - [2023-11-03T19:45:09.874+0000] {dag.py:3722} INFO - Setting next_dagrun for example_external_task_marker_child to None, run_after=None
[2023-11-03T19:45:09.886+0000] {logging_mixin.py:151} INFO - [2023-11-03T19:45:09.886+0000] {dag.py:3722} INFO - Setting next_dagrun for example_external_task_marker_parent to None, run_after=None
[2023-11-03T19:45:09.943+0000] {processor.py:179} INFO - Processing /home/airflow/.local/lib/python3.8/site-packages/airflow/example_dags/example_external_task_marker_dag.py took 0.214 seconds
[2023-11-03T19:45:40.258+0000] {processor.py:157} INFO - Started process (PID=33847) to work on /home/airflow/.local/lib/python3.8/site-packages/airflow/example_dags/example_external_task_marker_dag.py
[2023-11-03T19:45:40.263+0000] {processor.py:829} INFO - Processing file /home/airflow/.local/lib/python3.8/site-packages/airflow/example_dags/example_external_task_marker_dag.py for tasks to queue
[2023-11-03T19:45:40.275+0000] {logging_mixin.py:151} INFO - [2023-11-03T19:45:40.274+0000] {dagbag.py:536} INFO - Filling up the DagBag from /home/airflow/.local/lib/python3.8/site-packages/airflow/example_dags/example_external_task_marker_dag.py
[2023-11-03T19:45:40.296+0000] {processor.py:839} INFO - DAG(s) dict_keys(['example_external_task_marker_child', 'example_external_task_marker_parent']) retrieved from /home/airflow/.local/lib/python3.8/site-packages/airflow/example_dags/example_external_task_marker_dag.py
[2023-11-03T19:45:40.363+0000] {logging_mixin.py:151} INFO - [2023-11-03T19:45:40.362+0000] {dag.py:2941} INFO - Sync 2 DAGs
[2023-11-03T19:45:40.401+0000] {logging_mixin.py:151} INFO - [2023-11-03T19:45:40.400+0000] {dag.py:3722} INFO - Setting next_dagrun for example_external_task_marker_child to None, run_after=None
[2023-11-03T19:45:40.417+0000] {logging_mixin.py:151} INFO - [2023-11-03T19:45:40.416+0000] {dag.py:3722} INFO - Setting next_dagrun for example_external_task_marker_parent to None, run_after=None
[2023-11-03T19:45:40.475+0000] {processor.py:179} INFO - Processing /home/airflow/.local/lib/python3.8/site-packages/airflow/example_dags/example_external_task_marker_dag.py took 0.228 seconds
[2023-11-03T19:46:11.004+0000] {processor.py:157} INFO - Started process (PID=33909) to work on /home/airflow/.local/lib/python3.8/site-packages/airflow/example_dags/example_external_task_marker_dag.py
[2023-11-03T19:46:11.006+0000] {processor.py:829} INFO - Processing file /home/airflow/.local/lib/python3.8/site-packages/airflow/example_dags/example_external_task_marker_dag.py for tasks to queue
[2023-11-03T19:46:11.015+0000] {logging_mixin.py:151} INFO - [2023-11-03T19:46:11.013+0000] {dagbag.py:536} INFO - Filling up the DagBag from /home/airflow/.local/lib/python3.8/site-packages/airflow/example_dags/example_external_task_marker_dag.py
[2023-11-03T19:46:11.032+0000] {processor.py:839} INFO - DAG(s) dict_keys(['example_external_task_marker_parent', 'example_external_task_marker_child']) retrieved from /home/airflow/.local/lib/python3.8/site-packages/airflow/example_dags/example_external_task_marker_dag.py
[2023-11-03T19:46:11.105+0000] {logging_mixin.py:151} INFO - [2023-11-03T19:46:11.104+0000] {dag.py:2941} INFO - Sync 2 DAGs
[2023-11-03T19:46:11.145+0000] {logging_mixin.py:151} INFO - [2023-11-03T19:46:11.145+0000] {dag.py:3722} INFO - Setting next_dagrun for example_external_task_marker_child to None, run_after=None
[2023-11-03T19:46:11.158+0000] {logging_mixin.py:151} INFO - [2023-11-03T19:46:11.158+0000] {dag.py:3722} INFO - Setting next_dagrun for example_external_task_marker_parent to None, run_after=None
[2023-11-03T19:46:11.217+0000] {processor.py:179} INFO - Processing /home/airflow/.local/lib/python3.8/site-packages/airflow/example_dags/example_external_task_marker_dag.py took 0.221 seconds
[2023-11-03T19:46:41.829+0000] {processor.py:157} INFO - Started process (PID=33971) to work on /home/airflow/.local/lib/python3.8/site-packages/airflow/example_dags/example_external_task_marker_dag.py
[2023-11-03T19:46:41.832+0000] {processor.py:829} INFO - Processing file /home/airflow/.local/lib/python3.8/site-packages/airflow/example_dags/example_external_task_marker_dag.py for tasks to queue
[2023-11-03T19:46:41.844+0000] {logging_mixin.py:151} INFO - [2023-11-03T19:46:41.842+0000] {dagbag.py:536} INFO - Filling up the DagBag from /home/airflow/.local/lib/python3.8/site-packages/airflow/example_dags/example_external_task_marker_dag.py
[2023-11-03T19:46:41.868+0000] {processor.py:839} INFO - DAG(s) dict_keys(['example_external_task_marker_parent', 'example_external_task_marker_child']) retrieved from /home/airflow/.local/lib/python3.8/site-packages/airflow/example_dags/example_external_task_marker_dag.py
[2023-11-03T19:46:41.939+0000] {logging_mixin.py:151} INFO - [2023-11-03T19:46:41.938+0000] {dag.py:2941} INFO - Sync 2 DAGs
[2023-11-03T19:46:41.984+0000] {logging_mixin.py:151} INFO - [2023-11-03T19:46:41.983+0000] {dag.py:3722} INFO - Setting next_dagrun for example_external_task_marker_child to None, run_after=None
[2023-11-03T19:46:41.996+0000] {logging_mixin.py:151} INFO - [2023-11-03T19:46:41.995+0000] {dag.py:3722} INFO - Setting next_dagrun for example_external_task_marker_parent to None, run_after=None
[2023-11-03T19:46:42.048+0000] {processor.py:179} INFO - Processing /home/airflow/.local/lib/python3.8/site-packages/airflow/example_dags/example_external_task_marker_dag.py took 0.228 seconds
[2023-11-03T19:47:12.244+0000] {processor.py:157} INFO - Started process (PID=34033) to work on /home/airflow/.local/lib/python3.8/site-packages/airflow/example_dags/example_external_task_marker_dag.py
[2023-11-03T19:47:12.248+0000] {processor.py:829} INFO - Processing file /home/airflow/.local/lib/python3.8/site-packages/airflow/example_dags/example_external_task_marker_dag.py for tasks to queue
[2023-11-03T19:47:12.257+0000] {logging_mixin.py:151} INFO - [2023-11-03T19:47:12.255+0000] {dagbag.py:536} INFO - Filling up the DagBag from /home/airflow/.local/lib/python3.8/site-packages/airflow/example_dags/example_external_task_marker_dag.py
[2023-11-03T19:47:12.276+0000] {processor.py:839} INFO - DAG(s) dict_keys(['example_external_task_marker_child', 'example_external_task_marker_parent']) retrieved from /home/airflow/.local/lib/python3.8/site-packages/airflow/example_dags/example_external_task_marker_dag.py
[2023-11-03T19:47:12.347+0000] {logging_mixin.py:151} INFO - [2023-11-03T19:47:12.346+0000] {dag.py:2941} INFO - Sync 2 DAGs
[2023-11-03T19:47:12.388+0000] {logging_mixin.py:151} INFO - [2023-11-03T19:47:12.387+0000] {dag.py:3722} INFO - Setting next_dagrun for example_external_task_marker_child to None, run_after=None
[2023-11-03T19:47:12.400+0000] {logging_mixin.py:151} INFO - [2023-11-03T19:47:12.400+0000] {dag.py:3722} INFO - Setting next_dagrun for example_external_task_marker_parent to None, run_after=None
[2023-11-03T19:47:12.451+0000] {processor.py:179} INFO - Processing /home/airflow/.local/lib/python3.8/site-packages/airflow/example_dags/example_external_task_marker_dag.py took 0.218 seconds
[2023-11-03T19:47:42.595+0000] {processor.py:157} INFO - Started process (PID=34095) to work on /home/airflow/.local/lib/python3.8/site-packages/airflow/example_dags/example_external_task_marker_dag.py
[2023-11-03T19:47:42.598+0000] {processor.py:829} INFO - Processing file /home/airflow/.local/lib/python3.8/site-packages/airflow/example_dags/example_external_task_marker_dag.py for tasks to queue
[2023-11-03T19:47:42.607+0000] {logging_mixin.py:151} INFO - [2023-11-03T19:47:42.606+0000] {dagbag.py:536} INFO - Filling up the DagBag from /home/airflow/.local/lib/python3.8/site-packages/airflow/example_dags/example_external_task_marker_dag.py
[2023-11-03T19:47:42.624+0000] {processor.py:839} INFO - DAG(s) dict_keys(['example_external_task_marker_parent', 'example_external_task_marker_child']) retrieved from /home/airflow/.local/lib/python3.8/site-packages/airflow/example_dags/example_external_task_marker_dag.py
[2023-11-03T19:47:42.696+0000] {logging_mixin.py:151} INFO - [2023-11-03T19:47:42.696+0000] {dag.py:2941} INFO - Sync 2 DAGs
[2023-11-03T19:47:42.733+0000] {logging_mixin.py:151} INFO - [2023-11-03T19:47:42.732+0000] {dag.py:3722} INFO - Setting next_dagrun for example_external_task_marker_child to None, run_after=None
[2023-11-03T19:47:42.744+0000] {logging_mixin.py:151} INFO - [2023-11-03T19:47:42.743+0000] {dag.py:3722} INFO - Setting next_dagrun for example_external_task_marker_parent to None, run_after=None
[2023-11-03T19:47:42.798+0000] {processor.py:179} INFO - Processing /home/airflow/.local/lib/python3.8/site-packages/airflow/example_dags/example_external_task_marker_dag.py took 0.212 seconds
[2023-11-03T19:48:13.123+0000] {processor.py:157} INFO - Started process (PID=34157) to work on /home/airflow/.local/lib/python3.8/site-packages/airflow/example_dags/example_external_task_marker_dag.py
[2023-11-03T19:48:13.125+0000] {processor.py:829} INFO - Processing file /home/airflow/.local/lib/python3.8/site-packages/airflow/example_dags/example_external_task_marker_dag.py for tasks to queue
[2023-11-03T19:48:13.132+0000] {logging_mixin.py:151} INFO - [2023-11-03T19:48:13.131+0000] {dagbag.py:536} INFO - Filling up the DagBag from /home/airflow/.local/lib/python3.8/site-packages/airflow/example_dags/example_external_task_marker_dag.py
[2023-11-03T19:48:13.150+0000] {processor.py:839} INFO - DAG(s) dict_keys(['example_external_task_marker_parent', 'example_external_task_marker_child']) retrieved from /home/airflow/.local/lib/python3.8/site-packages/airflow/example_dags/example_external_task_marker_dag.py
[2023-11-03T19:48:13.223+0000] {logging_mixin.py:151} INFO - [2023-11-03T19:48:13.223+0000] {dag.py:2941} INFO - Sync 2 DAGs
[2023-11-03T19:48:13.257+0000] {logging_mixin.py:151} INFO - [2023-11-03T19:48:13.257+0000] {dag.py:3722} INFO - Setting next_dagrun for example_external_task_marker_child to None, run_after=None
[2023-11-03T19:48:13.268+0000] {logging_mixin.py:151} INFO - [2023-11-03T19:48:13.267+0000] {dag.py:3722} INFO - Setting next_dagrun for example_external_task_marker_parent to None, run_after=None
[2023-11-03T19:48:13.328+0000] {processor.py:179} INFO - Processing /home/airflow/.local/lib/python3.8/site-packages/airflow/example_dags/example_external_task_marker_dag.py took 0.213 seconds
[2023-11-03T19:48:43.516+0000] {processor.py:157} INFO - Started process (PID=34219) to work on /home/airflow/.local/lib/python3.8/site-packages/airflow/example_dags/example_external_task_marker_dag.py
[2023-11-03T19:48:43.518+0000] {processor.py:829} INFO - Processing file /home/airflow/.local/lib/python3.8/site-packages/airflow/example_dags/example_external_task_marker_dag.py for tasks to queue
[2023-11-03T19:48:43.525+0000] {logging_mixin.py:151} INFO - [2023-11-03T19:48:43.524+0000] {dagbag.py:536} INFO - Filling up the DagBag from /home/airflow/.local/lib/python3.8/site-packages/airflow/example_dags/example_external_task_marker_dag.py
[2023-11-03T19:48:43.542+0000] {processor.py:839} INFO - DAG(s) dict_keys(['example_external_task_marker_child', 'example_external_task_marker_parent']) retrieved from /home/airflow/.local/lib/python3.8/site-packages/airflow/example_dags/example_external_task_marker_dag.py
[2023-11-03T19:48:43.612+0000] {logging_mixin.py:151} INFO - [2023-11-03T19:48:43.611+0000] {dag.py:2941} INFO - Sync 2 DAGs
[2023-11-03T19:48:43.648+0000] {logging_mixin.py:151} INFO - [2023-11-03T19:48:43.647+0000] {dag.py:3722} INFO - Setting next_dagrun for example_external_task_marker_child to None, run_after=None
[2023-11-03T19:48:43.662+0000] {logging_mixin.py:151} INFO - [2023-11-03T19:48:43.661+0000] {dag.py:3722} INFO - Setting next_dagrun for example_external_task_marker_parent to None, run_after=None
[2023-11-03T19:48:43.794+0000] {processor.py:179} INFO - Processing /home/airflow/.local/lib/python3.8/site-packages/airflow/example_dags/example_external_task_marker_dag.py took 0.287 seconds
[2023-11-03T19:49:14.569+0000] {processor.py:157} INFO - Started process (PID=34281) to work on /home/airflow/.local/lib/python3.8/site-packages/airflow/example_dags/example_external_task_marker_dag.py
[2023-11-03T19:49:14.571+0000] {processor.py:829} INFO - Processing file /home/airflow/.local/lib/python3.8/site-packages/airflow/example_dags/example_external_task_marker_dag.py for tasks to queue
[2023-11-03T19:49:14.578+0000] {logging_mixin.py:151} INFO - [2023-11-03T19:49:14.577+0000] {dagbag.py:536} INFO - Filling up the DagBag from /home/airflow/.local/lib/python3.8/site-packages/airflow/example_dags/example_external_task_marker_dag.py
[2023-11-03T19:49:14.594+0000] {processor.py:839} INFO - DAG(s) dict_keys(['example_external_task_marker_parent', 'example_external_task_marker_child']) retrieved from /home/airflow/.local/lib/python3.8/site-packages/airflow/example_dags/example_external_task_marker_dag.py
[2023-11-03T19:49:14.659+0000] {logging_mixin.py:151} INFO - [2023-11-03T19:49:14.658+0000] {dag.py:2941} INFO - Sync 2 DAGs
[2023-11-03T19:49:14.701+0000] {logging_mixin.py:151} INFO - [2023-11-03T19:49:14.700+0000] {dag.py:3722} INFO - Setting next_dagrun for example_external_task_marker_child to None, run_after=None
[2023-11-03T19:49:14.712+0000] {logging_mixin.py:151} INFO - [2023-11-03T19:49:14.712+0000] {dag.py:3722} INFO - Setting next_dagrun for example_external_task_marker_parent to None, run_after=None
[2023-11-03T19:49:14.763+0000] {processor.py:179} INFO - Processing /home/airflow/.local/lib/python3.8/site-packages/airflow/example_dags/example_external_task_marker_dag.py took 0.201 seconds
[2023-11-03T19:49:45.859+0000] {processor.py:157} INFO - Started process (PID=34343) to work on /home/airflow/.local/lib/python3.8/site-packages/airflow/example_dags/example_external_task_marker_dag.py
[2023-11-03T19:49:45.862+0000] {processor.py:829} INFO - Processing file /home/airflow/.local/lib/python3.8/site-packages/airflow/example_dags/example_external_task_marker_dag.py for tasks to queue
[2023-11-03T19:49:45.888+0000] {logging_mixin.py:151} INFO - [2023-11-03T19:49:45.887+0000] {dagbag.py:536} INFO - Filling up the DagBag from /home/airflow/.local/lib/python3.8/site-packages/airflow/example_dags/example_external_task_marker_dag.py
[2023-11-03T19:49:45.946+0000] {processor.py:839} INFO - DAG(s) dict_keys(['example_external_task_marker_child', 'example_external_task_marker_parent']) retrieved from /home/airflow/.local/lib/python3.8/site-packages/airflow/example_dags/example_external_task_marker_dag.py
[2023-11-03T19:49:46.044+0000] {logging_mixin.py:151} INFO - [2023-11-03T19:49:46.043+0000] {dag.py:2941} INFO - Sync 2 DAGs
[2023-11-03T19:49:46.086+0000] {logging_mixin.py:151} INFO - [2023-11-03T19:49:46.085+0000] {dag.py:3722} INFO - Setting next_dagrun for example_external_task_marker_child to None, run_after=None
[2023-11-03T19:49:46.097+0000] {logging_mixin.py:151} INFO - [2023-11-03T19:49:46.096+0000] {dag.py:3722} INFO - Setting next_dagrun for example_external_task_marker_parent to None, run_after=None
[2023-11-03T19:49:46.149+0000] {processor.py:179} INFO - Processing /home/airflow/.local/lib/python3.8/site-packages/airflow/example_dags/example_external_task_marker_dag.py took 0.310 seconds
[2023-11-03T19:50:16.763+0000] {processor.py:157} INFO - Started process (PID=34406) to work on /home/airflow/.local/lib/python3.8/site-packages/airflow/example_dags/example_external_task_marker_dag.py
[2023-11-03T19:50:16.766+0000] {processor.py:829} INFO - Processing file /home/airflow/.local/lib/python3.8/site-packages/airflow/example_dags/example_external_task_marker_dag.py for tasks to queue
[2023-11-03T19:50:16.775+0000] {logging_mixin.py:151} INFO - [2023-11-03T19:50:16.774+0000] {dagbag.py:536} INFO - Filling up the DagBag from /home/airflow/.local/lib/python3.8/site-packages/airflow/example_dags/example_external_task_marker_dag.py
[2023-11-03T19:50:16.794+0000] {processor.py:839} INFO - DAG(s) dict_keys(['example_external_task_marker_child', 'example_external_task_marker_parent']) retrieved from /home/airflow/.local/lib/python3.8/site-packages/airflow/example_dags/example_external_task_marker_dag.py
[2023-11-03T19:50:16.863+0000] {logging_mixin.py:151} INFO - [2023-11-03T19:50:16.862+0000] {dag.py:2941} INFO - Sync 2 DAGs
[2023-11-03T19:50:16.897+0000] {logging_mixin.py:151} INFO - [2023-11-03T19:50:16.897+0000] {dag.py:3722} INFO - Setting next_dagrun for example_external_task_marker_child to None, run_after=None
[2023-11-03T19:50:16.911+0000] {logging_mixin.py:151} INFO - [2023-11-03T19:50:16.911+0000] {dag.py:3722} INFO - Setting next_dagrun for example_external_task_marker_parent to None, run_after=None
[2023-11-03T19:50:16.968+0000] {processor.py:179} INFO - Processing /home/airflow/.local/lib/python3.8/site-packages/airflow/example_dags/example_external_task_marker_dag.py took 0.215 seconds
[2023-11-03T19:50:47.568+0000] {processor.py:157} INFO - Started process (PID=34468) to work on /home/airflow/.local/lib/python3.8/site-packages/airflow/example_dags/example_external_task_marker_dag.py
[2023-11-03T19:50:47.571+0000] {processor.py:829} INFO - Processing file /home/airflow/.local/lib/python3.8/site-packages/airflow/example_dags/example_external_task_marker_dag.py for tasks to queue
[2023-11-03T19:50:47.578+0000] {logging_mixin.py:151} INFO - [2023-11-03T19:50:47.576+0000] {dagbag.py:536} INFO - Filling up the DagBag from /home/airflow/.local/lib/python3.8/site-packages/airflow/example_dags/example_external_task_marker_dag.py
[2023-11-03T19:50:47.594+0000] {processor.py:839} INFO - DAG(s) dict_keys(['example_external_task_marker_parent', 'example_external_task_marker_child']) retrieved from /home/airflow/.local/lib/python3.8/site-packages/airflow/example_dags/example_external_task_marker_dag.py
[2023-11-03T19:50:47.653+0000] {logging_mixin.py:151} INFO - [2023-11-03T19:50:47.653+0000] {dag.py:2941} INFO - Sync 2 DAGs
[2023-11-03T19:50:47.687+0000] {logging_mixin.py:151} INFO - [2023-11-03T19:50:47.687+0000] {dag.py:3722} INFO - Setting next_dagrun for example_external_task_marker_child to None, run_after=None
[2023-11-03T19:50:47.716+0000] {logging_mixin.py:151} INFO - [2023-11-03T19:50:47.715+0000] {dag.py:3722} INFO - Setting next_dagrun for example_external_task_marker_parent to None, run_after=None
[2023-11-03T19:50:47.844+0000] {processor.py:179} INFO - Processing /home/airflow/.local/lib/python3.8/site-packages/airflow/example_dags/example_external_task_marker_dag.py took 0.285 seconds
[2023-11-03T19:51:18.058+0000] {processor.py:157} INFO - Started process (PID=34530) to work on /home/airflow/.local/lib/python3.8/site-packages/airflow/example_dags/example_external_task_marker_dag.py
[2023-11-03T19:51:18.060+0000] {processor.py:829} INFO - Processing file /home/airflow/.local/lib/python3.8/site-packages/airflow/example_dags/example_external_task_marker_dag.py for tasks to queue
[2023-11-03T19:51:18.067+0000] {logging_mixin.py:151} INFO - [2023-11-03T19:51:18.066+0000] {dagbag.py:536} INFO - Filling up the DagBag from /home/airflow/.local/lib/python3.8/site-packages/airflow/example_dags/example_external_task_marker_dag.py
[2023-11-03T19:51:18.082+0000] {processor.py:839} INFO - DAG(s) dict_keys(['example_external_task_marker_child', 'example_external_task_marker_parent']) retrieved from /home/airflow/.local/lib/python3.8/site-packages/airflow/example_dags/example_external_task_marker_dag.py
[2023-11-03T19:51:18.143+0000] {logging_mixin.py:151} INFO - [2023-11-03T19:51:18.142+0000] {dag.py:2941} INFO - Sync 2 DAGs
[2023-11-03T19:51:18.177+0000] {logging_mixin.py:151} INFO - [2023-11-03T19:51:18.176+0000] {dag.py:3722} INFO - Setting next_dagrun for example_external_task_marker_child to None, run_after=None
[2023-11-03T19:51:18.188+0000] {logging_mixin.py:151} INFO - [2023-11-03T19:51:18.188+0000] {dag.py:3722} INFO - Setting next_dagrun for example_external_task_marker_parent to None, run_after=None
[2023-11-03T19:51:18.247+0000] {processor.py:179} INFO - Processing /home/airflow/.local/lib/python3.8/site-packages/airflow/example_dags/example_external_task_marker_dag.py took 0.196 seconds
[2023-11-03T19:51:49.231+0000] {processor.py:157} INFO - Started process (PID=34592) to work on /home/airflow/.local/lib/python3.8/site-packages/airflow/example_dags/example_external_task_marker_dag.py
[2023-11-03T19:51:49.235+0000] {processor.py:829} INFO - Processing file /home/airflow/.local/lib/python3.8/site-packages/airflow/example_dags/example_external_task_marker_dag.py for tasks to queue
[2023-11-03T19:51:49.245+0000] {logging_mixin.py:151} INFO - [2023-11-03T19:51:49.244+0000] {dagbag.py:536} INFO - Filling up the DagBag from /home/airflow/.local/lib/python3.8/site-packages/airflow/example_dags/example_external_task_marker_dag.py
[2023-11-03T19:51:49.269+0000] {processor.py:839} INFO - DAG(s) dict_keys(['example_external_task_marker_parent', 'example_external_task_marker_child']) retrieved from /home/airflow/.local/lib/python3.8/site-packages/airflow/example_dags/example_external_task_marker_dag.py
[2023-11-03T19:51:49.348+0000] {logging_mixin.py:151} INFO - [2023-11-03T19:51:49.348+0000] {dag.py:2941} INFO - Sync 2 DAGs
[2023-11-03T19:51:49.385+0000] {logging_mixin.py:151} INFO - [2023-11-03T19:51:49.384+0000] {dag.py:3722} INFO - Setting next_dagrun for example_external_task_marker_child to None, run_after=None
[2023-11-03T19:51:49.397+0000] {logging_mixin.py:151} INFO - [2023-11-03T19:51:49.397+0000] {dag.py:3722} INFO - Setting next_dagrun for example_external_task_marker_parent to None, run_after=None
[2023-11-03T19:51:49.450+0000] {processor.py:179} INFO - Processing /home/airflow/.local/lib/python3.8/site-packages/airflow/example_dags/example_external_task_marker_dag.py took 0.229 seconds
[2023-11-03T19:52:19.795+0000] {processor.py:157} INFO - Started process (PID=34654) to work on /home/airflow/.local/lib/python3.8/site-packages/airflow/example_dags/example_external_task_marker_dag.py
[2023-11-03T19:52:19.814+0000] {processor.py:829} INFO - Processing file /home/airflow/.local/lib/python3.8/site-packages/airflow/example_dags/example_external_task_marker_dag.py for tasks to queue
[2023-11-03T19:52:19.844+0000] {logging_mixin.py:151} INFO - [2023-11-03T19:52:19.842+0000] {dagbag.py:536} INFO - Filling up the DagBag from /home/airflow/.local/lib/python3.8/site-packages/airflow/example_dags/example_external_task_marker_dag.py
[2023-11-03T19:52:19.881+0000] {processor.py:839} INFO - DAG(s) dict_keys(['example_external_task_marker_child', 'example_external_task_marker_parent']) retrieved from /home/airflow/.local/lib/python3.8/site-packages/airflow/example_dags/example_external_task_marker_dag.py
[2023-11-03T19:52:19.990+0000] {logging_mixin.py:151} INFO - [2023-11-03T19:52:19.989+0000] {dag.py:2941} INFO - Sync 2 DAGs
[2023-11-03T19:52:20.038+0000] {logging_mixin.py:151} INFO - [2023-11-03T19:52:20.038+0000] {dag.py:3722} INFO - Setting next_dagrun for example_external_task_marker_child to None, run_after=None
[2023-11-03T19:52:20.051+0000] {logging_mixin.py:151} INFO - [2023-11-03T19:52:20.050+0000] {dag.py:3722} INFO - Setting next_dagrun for example_external_task_marker_parent to None, run_after=None
[2023-11-03T19:52:20.101+0000] {processor.py:179} INFO - Processing /home/airflow/.local/lib/python3.8/site-packages/airflow/example_dags/example_external_task_marker_dag.py took 0.317 seconds
[2023-11-03T19:52:50.274+0000] {processor.py:157} INFO - Started process (PID=34716) to work on /home/airflow/.local/lib/python3.8/site-packages/airflow/example_dags/example_external_task_marker_dag.py
[2023-11-03T19:52:50.277+0000] {processor.py:829} INFO - Processing file /home/airflow/.local/lib/python3.8/site-packages/airflow/example_dags/example_external_task_marker_dag.py for tasks to queue
[2023-11-03T19:52:50.284+0000] {logging_mixin.py:151} INFO - [2023-11-03T19:52:50.283+0000] {dagbag.py:536} INFO - Filling up the DagBag from /home/airflow/.local/lib/python3.8/site-packages/airflow/example_dags/example_external_task_marker_dag.py
[2023-11-03T19:52:50.299+0000] {processor.py:839} INFO - DAG(s) dict_keys(['example_external_task_marker_child', 'example_external_task_marker_parent']) retrieved from /home/airflow/.local/lib/python3.8/site-packages/airflow/example_dags/example_external_task_marker_dag.py
[2023-11-03T19:52:50.357+0000] {logging_mixin.py:151} INFO - [2023-11-03T19:52:50.356+0000] {dag.py:2941} INFO - Sync 2 DAGs
[2023-11-03T19:52:50.388+0000] {logging_mixin.py:151} INFO - [2023-11-03T19:52:50.388+0000] {dag.py:3722} INFO - Setting next_dagrun for example_external_task_marker_child to None, run_after=None
[2023-11-03T19:52:50.400+0000] {logging_mixin.py:151} INFO - [2023-11-03T19:52:50.399+0000] {dag.py:3722} INFO - Setting next_dagrun for example_external_task_marker_parent to None, run_after=None
[2023-11-03T19:52:50.450+0000] {processor.py:179} INFO - Processing /home/airflow/.local/lib/python3.8/site-packages/airflow/example_dags/example_external_task_marker_dag.py took 0.182 seconds
[2023-11-03T19:53:20.896+0000] {processor.py:157} INFO - Started process (PID=34779) to work on /home/airflow/.local/lib/python3.8/site-packages/airflow/example_dags/example_external_task_marker_dag.py
[2023-11-03T19:53:20.899+0000] {processor.py:829} INFO - Processing file /home/airflow/.local/lib/python3.8/site-packages/airflow/example_dags/example_external_task_marker_dag.py for tasks to queue
[2023-11-03T19:53:20.908+0000] {logging_mixin.py:151} INFO - [2023-11-03T19:53:20.907+0000] {dagbag.py:536} INFO - Filling up the DagBag from /home/airflow/.local/lib/python3.8/site-packages/airflow/example_dags/example_external_task_marker_dag.py
[2023-11-03T19:53:20.924+0000] {processor.py:839} INFO - DAG(s) dict_keys(['example_external_task_marker_parent', 'example_external_task_marker_child']) retrieved from /home/airflow/.local/lib/python3.8/site-packages/airflow/example_dags/example_external_task_marker_dag.py
[2023-11-03T19:53:20.987+0000] {logging_mixin.py:151} INFO - [2023-11-03T19:53:20.986+0000] {dag.py:2941} INFO - Sync 2 DAGs
[2023-11-03T19:53:21.019+0000] {logging_mixin.py:151} INFO - [2023-11-03T19:53:21.018+0000] {dag.py:3722} INFO - Setting next_dagrun for example_external_task_marker_child to None, run_after=None
[2023-11-03T19:53:21.030+0000] {logging_mixin.py:151} INFO - [2023-11-03T19:53:21.029+0000] {dag.py:3722} INFO - Setting next_dagrun for example_external_task_marker_parent to None, run_after=None
[2023-11-03T19:53:21.083+0000] {processor.py:179} INFO - Processing /home/airflow/.local/lib/python3.8/site-packages/airflow/example_dags/example_external_task_marker_dag.py took 0.197 seconds
[2023-11-03T19:53:51.262+0000] {processor.py:157} INFO - Started process (PID=34841) to work on /home/airflow/.local/lib/python3.8/site-packages/airflow/example_dags/example_external_task_marker_dag.py
[2023-11-03T19:53:51.265+0000] {processor.py:829} INFO - Processing file /home/airflow/.local/lib/python3.8/site-packages/airflow/example_dags/example_external_task_marker_dag.py for tasks to queue
[2023-11-03T19:53:51.273+0000] {logging_mixin.py:151} INFO - [2023-11-03T19:53:51.271+0000] {dagbag.py:536} INFO - Filling up the DagBag from /home/airflow/.local/lib/python3.8/site-packages/airflow/example_dags/example_external_task_marker_dag.py
[2023-11-03T19:53:51.294+0000] {processor.py:839} INFO - DAG(s) dict_keys(['example_external_task_marker_parent', 'example_external_task_marker_child']) retrieved from /home/airflow/.local/lib/python3.8/site-packages/airflow/example_dags/example_external_task_marker_dag.py
[2023-11-03T19:53:51.361+0000] {logging_mixin.py:151} INFO - [2023-11-03T19:53:51.360+0000] {dag.py:2941} INFO - Sync 2 DAGs
[2023-11-03T19:53:51.403+0000] {logging_mixin.py:151} INFO - [2023-11-03T19:53:51.402+0000] {dag.py:3722} INFO - Setting next_dagrun for example_external_task_marker_child to None, run_after=None
[2023-11-03T19:53:51.414+0000] {logging_mixin.py:151} INFO - [2023-11-03T19:53:51.414+0000] {dag.py:3722} INFO - Setting next_dagrun for example_external_task_marker_parent to None, run_after=None
[2023-11-03T19:53:51.464+0000] {processor.py:179} INFO - Processing /home/airflow/.local/lib/python3.8/site-packages/airflow/example_dags/example_external_task_marker_dag.py took 0.209 seconds
[2023-11-03T19:54:21.783+0000] {processor.py:157} INFO - Started process (PID=34903) to work on /home/airflow/.local/lib/python3.8/site-packages/airflow/example_dags/example_external_task_marker_dag.py
[2023-11-03T19:54:21.787+0000] {processor.py:829} INFO - Processing file /home/airflow/.local/lib/python3.8/site-packages/airflow/example_dags/example_external_task_marker_dag.py for tasks to queue
[2023-11-03T19:54:21.797+0000] {logging_mixin.py:151} INFO - [2023-11-03T19:54:21.795+0000] {dagbag.py:536} INFO - Filling up the DagBag from /home/airflow/.local/lib/python3.8/site-packages/airflow/example_dags/example_external_task_marker_dag.py
[2023-11-03T19:54:21.818+0000] {processor.py:839} INFO - DAG(s) dict_keys(['example_external_task_marker_parent', 'example_external_task_marker_child']) retrieved from /home/airflow/.local/lib/python3.8/site-packages/airflow/example_dags/example_external_task_marker_dag.py
[2023-11-03T19:54:21.888+0000] {logging_mixin.py:151} INFO - [2023-11-03T19:54:21.887+0000] {dag.py:2941} INFO - Sync 2 DAGs
[2023-11-03T19:54:21.927+0000] {logging_mixin.py:151} INFO - [2023-11-03T19:54:21.927+0000] {dag.py:3722} INFO - Setting next_dagrun for example_external_task_marker_child to None, run_after=None
[2023-11-03T19:54:21.939+0000] {logging_mixin.py:151} INFO - [2023-11-03T19:54:21.939+0000] {dag.py:3722} INFO - Setting next_dagrun for example_external_task_marker_parent to None, run_after=None
[2023-11-03T19:54:21.999+0000] {processor.py:179} INFO - Processing /home/airflow/.local/lib/python3.8/site-packages/airflow/example_dags/example_external_task_marker_dag.py took 0.226 seconds
[2023-11-03T19:54:52.206+0000] {processor.py:157} INFO - Started process (PID=34965) to work on /home/airflow/.local/lib/python3.8/site-packages/airflow/example_dags/example_external_task_marker_dag.py
[2023-11-03T19:54:52.209+0000] {processor.py:829} INFO - Processing file /home/airflow/.local/lib/python3.8/site-packages/airflow/example_dags/example_external_task_marker_dag.py for tasks to queue
[2023-11-03T19:54:52.216+0000] {logging_mixin.py:151} INFO - [2023-11-03T19:54:52.214+0000] {dagbag.py:536} INFO - Filling up the DagBag from /home/airflow/.local/lib/python3.8/site-packages/airflow/example_dags/example_external_task_marker_dag.py
[2023-11-03T19:54:52.232+0000] {processor.py:839} INFO - DAG(s) dict_keys(['example_external_task_marker_parent', 'example_external_task_marker_child']) retrieved from /home/airflow/.local/lib/python3.8/site-packages/airflow/example_dags/example_external_task_marker_dag.py
[2023-11-03T19:54:52.296+0000] {logging_mixin.py:151} INFO - [2023-11-03T19:54:52.296+0000] {dag.py:2941} INFO - Sync 2 DAGs
[2023-11-03T19:54:52.334+0000] {logging_mixin.py:151} INFO - [2023-11-03T19:54:52.333+0000] {dag.py:3722} INFO - Setting next_dagrun for example_external_task_marker_child to None, run_after=None
[2023-11-03T19:54:52.347+0000] {logging_mixin.py:151} INFO - [2023-11-03T19:54:52.346+0000] {dag.py:3722} INFO - Setting next_dagrun for example_external_task_marker_parent to None, run_after=None
[2023-11-03T19:54:52.401+0000] {processor.py:179} INFO - Processing /home/airflow/.local/lib/python3.8/site-packages/airflow/example_dags/example_external_task_marker_dag.py took 0.203 seconds
[2023-11-03T19:55:22.672+0000] {processor.py:157} INFO - Started process (PID=35027) to work on /home/airflow/.local/lib/python3.8/site-packages/airflow/example_dags/example_external_task_marker_dag.py
[2023-11-03T19:55:22.675+0000] {processor.py:829} INFO - Processing file /home/airflow/.local/lib/python3.8/site-packages/airflow/example_dags/example_external_task_marker_dag.py for tasks to queue
[2023-11-03T19:55:22.683+0000] {logging_mixin.py:151} INFO - [2023-11-03T19:55:22.681+0000] {dagbag.py:536} INFO - Filling up the DagBag from /home/airflow/.local/lib/python3.8/site-packages/airflow/example_dags/example_external_task_marker_dag.py
[2023-11-03T19:55:22.702+0000] {processor.py:839} INFO - DAG(s) dict_keys(['example_external_task_marker_parent', 'example_external_task_marker_child']) retrieved from /home/airflow/.local/lib/python3.8/site-packages/airflow/example_dags/example_external_task_marker_dag.py
[2023-11-03T19:55:22.770+0000] {logging_mixin.py:151} INFO - [2023-11-03T19:55:22.769+0000] {dag.py:2941} INFO - Sync 2 DAGs
[2023-11-03T19:55:22.809+0000] {logging_mixin.py:151} INFO - [2023-11-03T19:55:22.809+0000] {dag.py:3722} INFO - Setting next_dagrun for example_external_task_marker_child to None, run_after=None
[2023-11-03T19:55:22.820+0000] {logging_mixin.py:151} INFO - [2023-11-03T19:55:22.820+0000] {dag.py:3722} INFO - Setting next_dagrun for example_external_task_marker_parent to None, run_after=None
[2023-11-03T19:55:22.874+0000] {processor.py:179} INFO - Processing /home/airflow/.local/lib/python3.8/site-packages/airflow/example_dags/example_external_task_marker_dag.py took 0.212 seconds
[2023-11-03T19:55:53.209+0000] {processor.py:157} INFO - Started process (PID=35089) to work on /home/airflow/.local/lib/python3.8/site-packages/airflow/example_dags/example_external_task_marker_dag.py
[2023-11-03T19:55:53.212+0000] {processor.py:829} INFO - Processing file /home/airflow/.local/lib/python3.8/site-packages/airflow/example_dags/example_external_task_marker_dag.py for tasks to queue
[2023-11-03T19:55:53.220+0000] {logging_mixin.py:151} INFO - [2023-11-03T19:55:53.219+0000] {dagbag.py:536} INFO - Filling up the DagBag from /home/airflow/.local/lib/python3.8/site-packages/airflow/example_dags/example_external_task_marker_dag.py
[2023-11-03T19:55:53.242+0000] {processor.py:839} INFO - DAG(s) dict_keys(['example_external_task_marker_child', 'example_external_task_marker_parent']) retrieved from /home/airflow/.local/lib/python3.8/site-packages/airflow/example_dags/example_external_task_marker_dag.py
[2023-11-03T19:55:53.313+0000] {logging_mixin.py:151} INFO - [2023-11-03T19:55:53.312+0000] {dag.py:2941} INFO - Sync 2 DAGs
[2023-11-03T19:55:53.353+0000] {logging_mixin.py:151} INFO - [2023-11-03T19:55:53.352+0000] {dag.py:3722} INFO - Setting next_dagrun for example_external_task_marker_child to None, run_after=None
[2023-11-03T19:55:53.365+0000] {logging_mixin.py:151} INFO - [2023-11-03T19:55:53.364+0000] {dag.py:3722} INFO - Setting next_dagrun for example_external_task_marker_parent to None, run_after=None
[2023-11-03T19:55:53.417+0000] {processor.py:179} INFO - Processing /home/airflow/.local/lib/python3.8/site-packages/airflow/example_dags/example_external_task_marker_dag.py took 0.217 seconds
[2023-11-03T19:56:24.017+0000] {processor.py:157} INFO - Started process (PID=35151) to work on /home/airflow/.local/lib/python3.8/site-packages/airflow/example_dags/example_external_task_marker_dag.py
[2023-11-03T19:56:24.020+0000] {processor.py:829} INFO - Processing file /home/airflow/.local/lib/python3.8/site-packages/airflow/example_dags/example_external_task_marker_dag.py for tasks to queue
[2023-11-03T19:56:24.029+0000] {logging_mixin.py:151} INFO - [2023-11-03T19:56:24.027+0000] {dagbag.py:536} INFO - Filling up the DagBag from /home/airflow/.local/lib/python3.8/site-packages/airflow/example_dags/example_external_task_marker_dag.py
[2023-11-03T19:56:24.049+0000] {processor.py:839} INFO - DAG(s) dict_keys(['example_external_task_marker_parent', 'example_external_task_marker_child']) retrieved from /home/airflow/.local/lib/python3.8/site-packages/airflow/example_dags/example_external_task_marker_dag.py
[2023-11-03T19:56:24.137+0000] {logging_mixin.py:151} INFO - [2023-11-03T19:56:24.137+0000] {dag.py:2941} INFO - Sync 2 DAGs
[2023-11-03T19:56:24.174+0000] {logging_mixin.py:151} INFO - [2023-11-03T19:56:24.173+0000] {dag.py:3722} INFO - Setting next_dagrun for example_external_task_marker_child to None, run_after=None
[2023-11-03T19:56:24.186+0000] {logging_mixin.py:151} INFO - [2023-11-03T19:56:24.186+0000] {dag.py:3722} INFO - Setting next_dagrun for example_external_task_marker_parent to None, run_after=None
[2023-11-03T19:56:24.267+0000] {processor.py:179} INFO - Processing /home/airflow/.local/lib/python3.8/site-packages/airflow/example_dags/example_external_task_marker_dag.py took 0.258 seconds
[2023-11-03T19:56:54.925+0000] {processor.py:157} INFO - Started process (PID=35213) to work on /home/airflow/.local/lib/python3.8/site-packages/airflow/example_dags/example_external_task_marker_dag.py
[2023-11-03T19:56:54.928+0000] {processor.py:829} INFO - Processing file /home/airflow/.local/lib/python3.8/site-packages/airflow/example_dags/example_external_task_marker_dag.py for tasks to queue
[2023-11-03T19:56:54.937+0000] {logging_mixin.py:151} INFO - [2023-11-03T19:56:54.936+0000] {dagbag.py:536} INFO - Filling up the DagBag from /home/airflow/.local/lib/python3.8/site-packages/airflow/example_dags/example_external_task_marker_dag.py
[2023-11-03T19:56:54.952+0000] {processor.py:839} INFO - DAG(s) dict_keys(['example_external_task_marker_parent', 'example_external_task_marker_child']) retrieved from /home/airflow/.local/lib/python3.8/site-packages/airflow/example_dags/example_external_task_marker_dag.py
[2023-11-03T19:56:55.028+0000] {logging_mixin.py:151} INFO - [2023-11-03T19:56:55.027+0000] {dag.py:2941} INFO - Sync 2 DAGs
[2023-11-03T19:56:55.073+0000] {logging_mixin.py:151} INFO - [2023-11-03T19:56:55.072+0000] {dag.py:3722} INFO - Setting next_dagrun for example_external_task_marker_child to None, run_after=None
[2023-11-03T19:56:55.084+0000] {logging_mixin.py:151} INFO - [2023-11-03T19:56:55.083+0000] {dag.py:3722} INFO - Setting next_dagrun for example_external_task_marker_parent to None, run_after=None
[2023-11-03T19:56:55.137+0000] {processor.py:179} INFO - Processing /home/airflow/.local/lib/python3.8/site-packages/airflow/example_dags/example_external_task_marker_dag.py took 0.224 seconds
[2023-11-03T19:57:25.344+0000] {processor.py:157} INFO - Started process (PID=35275) to work on /home/airflow/.local/lib/python3.8/site-packages/airflow/example_dags/example_external_task_marker_dag.py
[2023-11-03T19:57:25.347+0000] {processor.py:829} INFO - Processing file /home/airflow/.local/lib/python3.8/site-packages/airflow/example_dags/example_external_task_marker_dag.py for tasks to queue
[2023-11-03T19:57:25.354+0000] {logging_mixin.py:151} INFO - [2023-11-03T19:57:25.353+0000] {dagbag.py:536} INFO - Filling up the DagBag from /home/airflow/.local/lib/python3.8/site-packages/airflow/example_dags/example_external_task_marker_dag.py
[2023-11-03T19:57:25.374+0000] {processor.py:839} INFO - DAG(s) dict_keys(['example_external_task_marker_child', 'example_external_task_marker_parent']) retrieved from /home/airflow/.local/lib/python3.8/site-packages/airflow/example_dags/example_external_task_marker_dag.py
[2023-11-03T19:57:25.442+0000] {logging_mixin.py:151} INFO - [2023-11-03T19:57:25.442+0000] {dag.py:2941} INFO - Sync 2 DAGs
[2023-11-03T19:57:25.479+0000] {logging_mixin.py:151} INFO - [2023-11-03T19:57:25.478+0000] {dag.py:3722} INFO - Setting next_dagrun for example_external_task_marker_child to None, run_after=None
[2023-11-03T19:57:25.490+0000] {logging_mixin.py:151} INFO - [2023-11-03T19:57:25.490+0000] {dag.py:3722} INFO - Setting next_dagrun for example_external_task_marker_parent to None, run_after=None
[2023-11-03T19:57:25.539+0000] {processor.py:179} INFO - Processing /home/airflow/.local/lib/python3.8/site-packages/airflow/example_dags/example_external_task_marker_dag.py took 0.203 seconds
[2023-11-03T19:57:56.417+0000] {processor.py:157} INFO - Started process (PID=35338) to work on /home/airflow/.local/lib/python3.8/site-packages/airflow/example_dags/example_external_task_marker_dag.py
[2023-11-03T19:57:56.421+0000] {processor.py:829} INFO - Processing file /home/airflow/.local/lib/python3.8/site-packages/airflow/example_dags/example_external_task_marker_dag.py for tasks to queue
[2023-11-03T19:57:56.430+0000] {logging_mixin.py:151} INFO - [2023-11-03T19:57:56.428+0000] {dagbag.py:536} INFO - Filling up the DagBag from /home/airflow/.local/lib/python3.8/site-packages/airflow/example_dags/example_external_task_marker_dag.py
[2023-11-03T19:57:56.448+0000] {processor.py:839} INFO - DAG(s) dict_keys(['example_external_task_marker_parent', 'example_external_task_marker_child']) retrieved from /home/airflow/.local/lib/python3.8/site-packages/airflow/example_dags/example_external_task_marker_dag.py
[2023-11-03T19:57:56.521+0000] {logging_mixin.py:151} INFO - [2023-11-03T19:57:56.520+0000] {dag.py:2941} INFO - Sync 2 DAGs
[2023-11-03T19:57:56.563+0000] {logging_mixin.py:151} INFO - [2023-11-03T19:57:56.562+0000] {dag.py:3722} INFO - Setting next_dagrun for example_external_task_marker_child to None, run_after=None
[2023-11-03T19:57:56.576+0000] {logging_mixin.py:151} INFO - [2023-11-03T19:57:56.575+0000] {dag.py:3722} INFO - Setting next_dagrun for example_external_task_marker_parent to None, run_after=None
[2023-11-03T19:57:56.644+0000] {processor.py:179} INFO - Processing /home/airflow/.local/lib/python3.8/site-packages/airflow/example_dags/example_external_task_marker_dag.py took 0.239 seconds
[2023-11-03T19:58:27.548+0000] {processor.py:157} INFO - Started process (PID=35401) to work on /home/airflow/.local/lib/python3.8/site-packages/airflow/example_dags/example_external_task_marker_dag.py
[2023-11-03T19:58:27.551+0000] {processor.py:829} INFO - Processing file /home/airflow/.local/lib/python3.8/site-packages/airflow/example_dags/example_external_task_marker_dag.py for tasks to queue
[2023-11-03T19:58:27.559+0000] {logging_mixin.py:151} INFO - [2023-11-03T19:58:27.557+0000] {dagbag.py:536} INFO - Filling up the DagBag from /home/airflow/.local/lib/python3.8/site-packages/airflow/example_dags/example_external_task_marker_dag.py
[2023-11-03T19:58:27.580+0000] {processor.py:839} INFO - DAG(s) dict_keys(['example_external_task_marker_child', 'example_external_task_marker_parent']) retrieved from /home/airflow/.local/lib/python3.8/site-packages/airflow/example_dags/example_external_task_marker_dag.py
[2023-11-03T19:58:27.664+0000] {logging_mixin.py:151} INFO - [2023-11-03T19:58:27.663+0000] {dag.py:2941} INFO - Sync 2 DAGs
[2023-11-03T19:58:27.716+0000] {logging_mixin.py:151} INFO - [2023-11-03T19:58:27.715+0000] {dag.py:3722} INFO - Setting next_dagrun for example_external_task_marker_child to None, run_after=None
[2023-11-03T19:58:27.750+0000] {logging_mixin.py:151} INFO - [2023-11-03T19:58:27.749+0000] {dag.py:3722} INFO - Setting next_dagrun for example_external_task_marker_parent to None, run_after=None
[2023-11-03T19:58:27.898+0000] {processor.py:179} INFO - Processing /home/airflow/.local/lib/python3.8/site-packages/airflow/example_dags/example_external_task_marker_dag.py took 0.360 seconds
[2023-11-03T19:58:58.987+0000] {processor.py:157} INFO - Started process (PID=35465) to work on /home/airflow/.local/lib/python3.8/site-packages/airflow/example_dags/example_external_task_marker_dag.py
[2023-11-03T19:58:58.989+0000] {processor.py:829} INFO - Processing file /home/airflow/.local/lib/python3.8/site-packages/airflow/example_dags/example_external_task_marker_dag.py for tasks to queue
[2023-11-03T19:58:58.995+0000] {logging_mixin.py:151} INFO - [2023-11-03T19:58:58.994+0000] {dagbag.py:536} INFO - Filling up the DagBag from /home/airflow/.local/lib/python3.8/site-packages/airflow/example_dags/example_external_task_marker_dag.py
[2023-11-03T19:58:59.011+0000] {processor.py:839} INFO - DAG(s) dict_keys(['example_external_task_marker_parent', 'example_external_task_marker_child']) retrieved from /home/airflow/.local/lib/python3.8/site-packages/airflow/example_dags/example_external_task_marker_dag.py
[2023-11-03T19:58:59.081+0000] {logging_mixin.py:151} INFO - [2023-11-03T19:58:59.080+0000] {dag.py:2941} INFO - Sync 2 DAGs
[2023-11-03T19:58:59.115+0000] {logging_mixin.py:151} INFO - [2023-11-03T19:58:59.114+0000] {dag.py:3722} INFO - Setting next_dagrun for example_external_task_marker_child to None, run_after=None
[2023-11-03T19:58:59.125+0000] {logging_mixin.py:151} INFO - [2023-11-03T19:58:59.125+0000] {dag.py:3722} INFO - Setting next_dagrun for example_external_task_marker_parent to None, run_after=None
[2023-11-03T19:58:59.182+0000] {processor.py:179} INFO - Processing /home/airflow/.local/lib/python3.8/site-packages/airflow/example_dags/example_external_task_marker_dag.py took 0.203 seconds
[2023-11-03T19:59:30.249+0000] {processor.py:157} INFO - Started process (PID=35529) to work on /home/airflow/.local/lib/python3.8/site-packages/airflow/example_dags/example_external_task_marker_dag.py
[2023-11-03T19:59:30.252+0000] {processor.py:829} INFO - Processing file /home/airflow/.local/lib/python3.8/site-packages/airflow/example_dags/example_external_task_marker_dag.py for tasks to queue
[2023-11-03T19:59:30.260+0000] {logging_mixin.py:151} INFO - [2023-11-03T19:59:30.258+0000] {dagbag.py:536} INFO - Filling up the DagBag from /home/airflow/.local/lib/python3.8/site-packages/airflow/example_dags/example_external_task_marker_dag.py
[2023-11-03T19:59:30.277+0000] {processor.py:839} INFO - DAG(s) dict_keys(['example_external_task_marker_parent', 'example_external_task_marker_child']) retrieved from /home/airflow/.local/lib/python3.8/site-packages/airflow/example_dags/example_external_task_marker_dag.py
[2023-11-03T19:59:30.352+0000] {logging_mixin.py:151} INFO - [2023-11-03T19:59:30.351+0000] {dag.py:2941} INFO - Sync 2 DAGs
[2023-11-03T19:59:30.384+0000] {logging_mixin.py:151} INFO - [2023-11-03T19:59:30.383+0000] {dag.py:3722} INFO - Setting next_dagrun for example_external_task_marker_child to None, run_after=None
[2023-11-03T19:59:30.397+0000] {logging_mixin.py:151} INFO - [2023-11-03T19:59:30.396+0000] {dag.py:3722} INFO - Setting next_dagrun for example_external_task_marker_parent to None, run_after=None
[2023-11-03T19:59:30.477+0000] {processor.py:179} INFO - Processing /home/airflow/.local/lib/python3.8/site-packages/airflow/example_dags/example_external_task_marker_dag.py took 0.238 seconds
[2023-11-03T20:00:00.950+0000] {processor.py:157} INFO - Started process (PID=35591) to work on /home/airflow/.local/lib/python3.8/site-packages/airflow/example_dags/example_external_task_marker_dag.py
[2023-11-03T20:00:00.953+0000] {processor.py:829} INFO - Processing file /home/airflow/.local/lib/python3.8/site-packages/airflow/example_dags/example_external_task_marker_dag.py for tasks to queue
[2023-11-03T20:00:00.964+0000] {logging_mixin.py:151} INFO - [2023-11-03T20:00:00.962+0000] {dagbag.py:536} INFO - Filling up the DagBag from /home/airflow/.local/lib/python3.8/site-packages/airflow/example_dags/example_external_task_marker_dag.py
[2023-11-03T20:00:00.996+0000] {processor.py:839} INFO - DAG(s) dict_keys(['example_external_task_marker_child', 'example_external_task_marker_parent']) retrieved from /home/airflow/.local/lib/python3.8/site-packages/airflow/example_dags/example_external_task_marker_dag.py
[2023-11-03T20:00:01.073+0000] {logging_mixin.py:151} INFO - [2023-11-03T20:00:01.072+0000] {dag.py:2941} INFO - Sync 2 DAGs
[2023-11-03T20:00:01.121+0000] {logging_mixin.py:151} INFO - [2023-11-03T20:00:01.121+0000] {dag.py:3722} INFO - Setting next_dagrun for example_external_task_marker_child to None, run_after=None
[2023-11-03T20:00:01.136+0000] {logging_mixin.py:151} INFO - [2023-11-03T20:00:01.135+0000] {dag.py:3722} INFO - Setting next_dagrun for example_external_task_marker_parent to None, run_after=None
[2023-11-03T20:00:01.184+0000] {processor.py:179} INFO - Processing /home/airflow/.local/lib/python3.8/site-packages/airflow/example_dags/example_external_task_marker_dag.py took 0.245 seconds
[2023-11-03T20:00:31.649+0000] {processor.py:157} INFO - Started process (PID=35653) to work on /home/airflow/.local/lib/python3.8/site-packages/airflow/example_dags/example_external_task_marker_dag.py
[2023-11-03T20:00:31.652+0000] {processor.py:829} INFO - Processing file /home/airflow/.local/lib/python3.8/site-packages/airflow/example_dags/example_external_task_marker_dag.py for tasks to queue
[2023-11-03T20:00:31.661+0000] {logging_mixin.py:151} INFO - [2023-11-03T20:00:31.660+0000] {dagbag.py:536} INFO - Filling up the DagBag from /home/airflow/.local/lib/python3.8/site-packages/airflow/example_dags/example_external_task_marker_dag.py
[2023-11-03T20:00:31.687+0000] {processor.py:839} INFO - DAG(s) dict_keys(['example_external_task_marker_child', 'example_external_task_marker_parent']) retrieved from /home/airflow/.local/lib/python3.8/site-packages/airflow/example_dags/example_external_task_marker_dag.py
[2023-11-03T20:00:31.761+0000] {logging_mixin.py:151} INFO - [2023-11-03T20:00:31.760+0000] {dag.py:2941} INFO - Sync 2 DAGs
[2023-11-03T20:00:31.800+0000] {logging_mixin.py:151} INFO - [2023-11-03T20:00:31.799+0000] {dag.py:3722} INFO - Setting next_dagrun for example_external_task_marker_child to None, run_after=None
[2023-11-03T20:00:31.811+0000] {logging_mixin.py:151} INFO - [2023-11-03T20:00:31.810+0000] {dag.py:3722} INFO - Setting next_dagrun for example_external_task_marker_parent to None, run_after=None
[2023-11-03T20:00:31.865+0000] {processor.py:179} INFO - Processing /home/airflow/.local/lib/python3.8/site-packages/airflow/example_dags/example_external_task_marker_dag.py took 0.226 seconds
[2023-11-03T20:01:02.134+0000] {processor.py:157} INFO - Started process (PID=35714) to work on /home/airflow/.local/lib/python3.8/site-packages/airflow/example_dags/example_external_task_marker_dag.py
[2023-11-03T20:01:02.137+0000] {processor.py:829} INFO - Processing file /home/airflow/.local/lib/python3.8/site-packages/airflow/example_dags/example_external_task_marker_dag.py for tasks to queue
[2023-11-03T20:01:02.144+0000] {logging_mixin.py:151} INFO - [2023-11-03T20:01:02.143+0000] {dagbag.py:536} INFO - Filling up the DagBag from /home/airflow/.local/lib/python3.8/site-packages/airflow/example_dags/example_external_task_marker_dag.py
[2023-11-03T20:01:02.161+0000] {processor.py:839} INFO - DAG(s) dict_keys(['example_external_task_marker_parent', 'example_external_task_marker_child']) retrieved from /home/airflow/.local/lib/python3.8/site-packages/airflow/example_dags/example_external_task_marker_dag.py
[2023-11-03T20:01:02.234+0000] {logging_mixin.py:151} INFO - [2023-11-03T20:01:02.234+0000] {dag.py:2941} INFO - Sync 2 DAGs
[2023-11-03T20:01:02.274+0000] {logging_mixin.py:151} INFO - [2023-11-03T20:01:02.274+0000] {dag.py:3722} INFO - Setting next_dagrun for example_external_task_marker_child to None, run_after=None
[2023-11-03T20:01:02.286+0000] {logging_mixin.py:151} INFO - [2023-11-03T20:01:02.285+0000] {dag.py:3722} INFO - Setting next_dagrun for example_external_task_marker_parent to None, run_after=None
[2023-11-03T20:01:02.339+0000] {processor.py:179} INFO - Processing /home/airflow/.local/lib/python3.8/site-packages/airflow/example_dags/example_external_task_marker_dag.py took 0.217 seconds
[2023-11-03T20:01:32.493+0000] {processor.py:157} INFO - Started process (PID=35775) to work on /home/airflow/.local/lib/python3.8/site-packages/airflow/example_dags/example_external_task_marker_dag.py
[2023-11-03T20:01:32.496+0000] {processor.py:829} INFO - Processing file /home/airflow/.local/lib/python3.8/site-packages/airflow/example_dags/example_external_task_marker_dag.py for tasks to queue
[2023-11-03T20:01:32.507+0000] {logging_mixin.py:151} INFO - [2023-11-03T20:01:32.506+0000] {dagbag.py:536} INFO - Filling up the DagBag from /home/airflow/.local/lib/python3.8/site-packages/airflow/example_dags/example_external_task_marker_dag.py
[2023-11-03T20:01:32.526+0000] {processor.py:839} INFO - DAG(s) dict_keys(['example_external_task_marker_child', 'example_external_task_marker_parent']) retrieved from /home/airflow/.local/lib/python3.8/site-packages/airflow/example_dags/example_external_task_marker_dag.py
[2023-11-03T20:01:32.584+0000] {logging_mixin.py:151} INFO - [2023-11-03T20:01:32.584+0000] {dag.py:2941} INFO - Sync 2 DAGs
[2023-11-03T20:01:32.616+0000] {logging_mixin.py:151} INFO - [2023-11-03T20:01:32.616+0000] {dag.py:3722} INFO - Setting next_dagrun for example_external_task_marker_child to None, run_after=None
[2023-11-03T20:01:32.628+0000] {logging_mixin.py:151} INFO - [2023-11-03T20:01:32.627+0000] {dag.py:3722} INFO - Setting next_dagrun for example_external_task_marker_parent to None, run_after=None
[2023-11-03T20:01:32.672+0000] {processor.py:179} INFO - Processing /home/airflow/.local/lib/python3.8/site-packages/airflow/example_dags/example_external_task_marker_dag.py took 0.189 seconds
[2023-11-03T20:02:02.903+0000] {processor.py:157} INFO - Started process (PID=35837) to work on /home/airflow/.local/lib/python3.8/site-packages/airflow/example_dags/example_external_task_marker_dag.py
[2023-11-03T20:02:02.905+0000] {processor.py:829} INFO - Processing file /home/airflow/.local/lib/python3.8/site-packages/airflow/example_dags/example_external_task_marker_dag.py for tasks to queue
[2023-11-03T20:02:02.913+0000] {logging_mixin.py:151} INFO - [2023-11-03T20:02:02.912+0000] {dagbag.py:536} INFO - Filling up the DagBag from /home/airflow/.local/lib/python3.8/site-packages/airflow/example_dags/example_external_task_marker_dag.py
[2023-11-03T20:02:02.929+0000] {processor.py:839} INFO - DAG(s) dict_keys(['example_external_task_marker_child', 'example_external_task_marker_parent']) retrieved from /home/airflow/.local/lib/python3.8/site-packages/airflow/example_dags/example_external_task_marker_dag.py
[2023-11-03T20:02:02.988+0000] {logging_mixin.py:151} INFO - [2023-11-03T20:02:02.988+0000] {dag.py:2941} INFO - Sync 2 DAGs
[2023-11-03T20:02:03.021+0000] {logging_mixin.py:151} INFO - [2023-11-03T20:02:03.021+0000] {dag.py:3722} INFO - Setting next_dagrun for example_external_task_marker_child to None, run_after=None
[2023-11-03T20:02:03.034+0000] {logging_mixin.py:151} INFO - [2023-11-03T20:02:03.033+0000] {dag.py:3722} INFO - Setting next_dagrun for example_external_task_marker_parent to None, run_after=None
[2023-11-03T20:02:03.081+0000] {processor.py:179} INFO - Processing /home/airflow/.local/lib/python3.8/site-packages/airflow/example_dags/example_external_task_marker_dag.py took 0.184 seconds
[2023-11-03T20:02:33.970+0000] {processor.py:157} INFO - Started process (PID=35899) to work on /home/airflow/.local/lib/python3.8/site-packages/airflow/example_dags/example_external_task_marker_dag.py
[2023-11-03T20:02:33.973+0000] {processor.py:829} INFO - Processing file /home/airflow/.local/lib/python3.8/site-packages/airflow/example_dags/example_external_task_marker_dag.py for tasks to queue
[2023-11-03T20:02:33.981+0000] {logging_mixin.py:151} INFO - [2023-11-03T20:02:33.980+0000] {dagbag.py:536} INFO - Filling up the DagBag from /home/airflow/.local/lib/python3.8/site-packages/airflow/example_dags/example_external_task_marker_dag.py
[2023-11-03T20:02:33.999+0000] {processor.py:839} INFO - DAG(s) dict_keys(['example_external_task_marker_child', 'example_external_task_marker_parent']) retrieved from /home/airflow/.local/lib/python3.8/site-packages/airflow/example_dags/example_external_task_marker_dag.py
[2023-11-03T20:02:34.066+0000] {logging_mixin.py:151} INFO - [2023-11-03T20:02:34.065+0000] {dag.py:2941} INFO - Sync 2 DAGs
[2023-11-03T20:02:34.109+0000] {logging_mixin.py:151} INFO - [2023-11-03T20:02:34.108+0000] {dag.py:3722} INFO - Setting next_dagrun for example_external_task_marker_child to None, run_after=None
[2023-11-03T20:02:34.122+0000] {logging_mixin.py:151} INFO - [2023-11-03T20:02:34.121+0000] {dag.py:3722} INFO - Setting next_dagrun for example_external_task_marker_parent to None, run_after=None
[2023-11-03T20:02:34.180+0000] {processor.py:179} INFO - Processing /home/airflow/.local/lib/python3.8/site-packages/airflow/example_dags/example_external_task_marker_dag.py took 0.217 seconds
[2023-11-03T20:03:04.706+0000] {processor.py:157} INFO - Started process (PID=35961) to work on /home/airflow/.local/lib/python3.8/site-packages/airflow/example_dags/example_external_task_marker_dag.py
[2023-11-03T20:03:04.708+0000] {processor.py:829} INFO - Processing file /home/airflow/.local/lib/python3.8/site-packages/airflow/example_dags/example_external_task_marker_dag.py for tasks to queue
[2023-11-03T20:03:04.718+0000] {logging_mixin.py:151} INFO - [2023-11-03T20:03:04.717+0000] {dagbag.py:536} INFO - Filling up the DagBag from /home/airflow/.local/lib/python3.8/site-packages/airflow/example_dags/example_external_task_marker_dag.py
[2023-11-03T20:03:04.737+0000] {processor.py:839} INFO - DAG(s) dict_keys(['example_external_task_marker_child', 'example_external_task_marker_parent']) retrieved from /home/airflow/.local/lib/python3.8/site-packages/airflow/example_dags/example_external_task_marker_dag.py
[2023-11-03T20:03:04.814+0000] {logging_mixin.py:151} INFO - [2023-11-03T20:03:04.814+0000] {dag.py:2941} INFO - Sync 2 DAGs
[2023-11-03T20:03:04.870+0000] {logging_mixin.py:151} INFO - [2023-11-03T20:03:04.869+0000] {dag.py:3722} INFO - Setting next_dagrun for example_external_task_marker_child to None, run_after=None
[2023-11-03T20:03:04.884+0000] {logging_mixin.py:151} INFO - [2023-11-03T20:03:04.884+0000] {dag.py:3722} INFO - Setting next_dagrun for example_external_task_marker_parent to None, run_after=None
[2023-11-03T20:03:04.937+0000] {processor.py:179} INFO - Processing /home/airflow/.local/lib/python3.8/site-packages/airflow/example_dags/example_external_task_marker_dag.py took 0.238 seconds
[2023-11-03T20:03:35.308+0000] {processor.py:157} INFO - Started process (PID=36024) to work on /home/airflow/.local/lib/python3.8/site-packages/airflow/example_dags/example_external_task_marker_dag.py
[2023-11-03T20:03:35.312+0000] {processor.py:829} INFO - Processing file /home/airflow/.local/lib/python3.8/site-packages/airflow/example_dags/example_external_task_marker_dag.py for tasks to queue
[2023-11-03T20:03:35.323+0000] {logging_mixin.py:151} INFO - [2023-11-03T20:03:35.322+0000] {dagbag.py:536} INFO - Filling up the DagBag from /home/airflow/.local/lib/python3.8/site-packages/airflow/example_dags/example_external_task_marker_dag.py
[2023-11-03T20:03:35.347+0000] {processor.py:839} INFO - DAG(s) dict_keys(['example_external_task_marker_child', 'example_external_task_marker_parent']) retrieved from /home/airflow/.local/lib/python3.8/site-packages/airflow/example_dags/example_external_task_marker_dag.py
[2023-11-03T20:03:35.419+0000] {logging_mixin.py:151} INFO - [2023-11-03T20:03:35.419+0000] {dag.py:2941} INFO - Sync 2 DAGs
[2023-11-03T20:03:35.461+0000] {logging_mixin.py:151} INFO - [2023-11-03T20:03:35.460+0000] {dag.py:3722} INFO - Setting next_dagrun for example_external_task_marker_child to None, run_after=None
[2023-11-03T20:03:35.475+0000] {logging_mixin.py:151} INFO - [2023-11-03T20:03:35.474+0000] {dag.py:3722} INFO - Setting next_dagrun for example_external_task_marker_parent to None, run_after=None
[2023-11-03T20:03:35.534+0000] {processor.py:179} INFO - Processing /home/airflow/.local/lib/python3.8/site-packages/airflow/example_dags/example_external_task_marker_dag.py took 0.239 seconds
[2023-11-03T20:04:06.069+0000] {processor.py:157} INFO - Started process (PID=36087) to work on /home/airflow/.local/lib/python3.8/site-packages/airflow/example_dags/example_external_task_marker_dag.py
[2023-11-03T20:04:06.072+0000] {processor.py:829} INFO - Processing file /home/airflow/.local/lib/python3.8/site-packages/airflow/example_dags/example_external_task_marker_dag.py for tasks to queue
[2023-11-03T20:04:06.080+0000] {logging_mixin.py:151} INFO - [2023-11-03T20:04:06.079+0000] {dagbag.py:536} INFO - Filling up the DagBag from /home/airflow/.local/lib/python3.8/site-packages/airflow/example_dags/example_external_task_marker_dag.py
[2023-11-03T20:04:06.102+0000] {processor.py:839} INFO - DAG(s) dict_keys(['example_external_task_marker_child', 'example_external_task_marker_parent']) retrieved from /home/airflow/.local/lib/python3.8/site-packages/airflow/example_dags/example_external_task_marker_dag.py
[2023-11-03T20:04:06.168+0000] {logging_mixin.py:151} INFO - [2023-11-03T20:04:06.168+0000] {dag.py:2941} INFO - Sync 2 DAGs
[2023-11-03T20:04:06.224+0000] {logging_mixin.py:151} INFO - [2023-11-03T20:04:06.224+0000] {dag.py:3722} INFO - Setting next_dagrun for example_external_task_marker_child to None, run_after=None
[2023-11-03T20:04:06.235+0000] {logging_mixin.py:151} INFO - [2023-11-03T20:04:06.235+0000] {dag.py:3722} INFO - Setting next_dagrun for example_external_task_marker_parent to None, run_after=None
[2023-11-03T20:04:06.290+0000] {processor.py:179} INFO - Processing /home/airflow/.local/lib/python3.8/site-packages/airflow/example_dags/example_external_task_marker_dag.py took 0.228 seconds
[2023-11-03T20:04:36.843+0000] {processor.py:157} INFO - Started process (PID=36148) to work on /home/airflow/.local/lib/python3.8/site-packages/airflow/example_dags/example_external_task_marker_dag.py
[2023-11-03T20:04:36.845+0000] {processor.py:829} INFO - Processing file /home/airflow/.local/lib/python3.8/site-packages/airflow/example_dags/example_external_task_marker_dag.py for tasks to queue
[2023-11-03T20:04:36.855+0000] {logging_mixin.py:151} INFO - [2023-11-03T20:04:36.854+0000] {dagbag.py:536} INFO - Filling up the DagBag from /home/airflow/.local/lib/python3.8/site-packages/airflow/example_dags/example_external_task_marker_dag.py
[2023-11-03T20:04:36.869+0000] {processor.py:839} INFO - DAG(s) dict_keys(['example_external_task_marker_child', 'example_external_task_marker_parent']) retrieved from /home/airflow/.local/lib/python3.8/site-packages/airflow/example_dags/example_external_task_marker_dag.py
[2023-11-03T20:04:36.943+0000] {logging_mixin.py:151} INFO - [2023-11-03T20:04:36.942+0000] {dag.py:2941} INFO - Sync 2 DAGs
[2023-11-03T20:04:36.981+0000] {logging_mixin.py:151} INFO - [2023-11-03T20:04:36.980+0000] {dag.py:3722} INFO - Setting next_dagrun for example_external_task_marker_child to None, run_after=None
[2023-11-03T20:04:36.995+0000] {logging_mixin.py:151} INFO - [2023-11-03T20:04:36.994+0000] {dag.py:3722} INFO - Setting next_dagrun for example_external_task_marker_parent to None, run_after=None
[2023-11-03T20:04:37.049+0000] {processor.py:179} INFO - Processing /home/airflow/.local/lib/python3.8/site-packages/airflow/example_dags/example_external_task_marker_dag.py took 0.215 seconds
[2023-11-03T20:05:07.726+0000] {processor.py:157} INFO - Started process (PID=36210) to work on /home/airflow/.local/lib/python3.8/site-packages/airflow/example_dags/example_external_task_marker_dag.py
[2023-11-03T20:05:07.731+0000] {processor.py:829} INFO - Processing file /home/airflow/.local/lib/python3.8/site-packages/airflow/example_dags/example_external_task_marker_dag.py for tasks to queue
[2023-11-03T20:05:07.743+0000] {logging_mixin.py:151} INFO - [2023-11-03T20:05:07.741+0000] {dagbag.py:536} INFO - Filling up the DagBag from /home/airflow/.local/lib/python3.8/site-packages/airflow/example_dags/example_external_task_marker_dag.py
[2023-11-03T20:05:07.769+0000] {processor.py:839} INFO - DAG(s) dict_keys(['example_external_task_marker_child', 'example_external_task_marker_parent']) retrieved from /home/airflow/.local/lib/python3.8/site-packages/airflow/example_dags/example_external_task_marker_dag.py
[2023-11-03T20:05:07.927+0000] {logging_mixin.py:151} INFO - [2023-11-03T20:05:07.926+0000] {dag.py:2941} INFO - Sync 2 DAGs
[2023-11-03T20:05:07.982+0000] {logging_mixin.py:151} INFO - [2023-11-03T20:05:07.981+0000] {dag.py:3722} INFO - Setting next_dagrun for example_external_task_marker_child to None, run_after=None
[2023-11-03T20:05:07.997+0000] {logging_mixin.py:151} INFO - [2023-11-03T20:05:07.996+0000] {dag.py:3722} INFO - Setting next_dagrun for example_external_task_marker_parent to None, run_after=None
[2023-11-03T20:05:08.061+0000] {processor.py:179} INFO - Processing /home/airflow/.local/lib/python3.8/site-packages/airflow/example_dags/example_external_task_marker_dag.py took 0.347 seconds
[2023-11-03T20:05:38.937+0000] {processor.py:157} INFO - Started process (PID=36279) to work on /home/airflow/.local/lib/python3.8/site-packages/airflow/example_dags/example_external_task_marker_dag.py
[2023-11-03T20:05:38.940+0000] {processor.py:829} INFO - Processing file /home/airflow/.local/lib/python3.8/site-packages/airflow/example_dags/example_external_task_marker_dag.py for tasks to queue
[2023-11-03T20:05:38.950+0000] {logging_mixin.py:151} INFO - [2023-11-03T20:05:38.948+0000] {dagbag.py:536} INFO - Filling up the DagBag from /home/airflow/.local/lib/python3.8/site-packages/airflow/example_dags/example_external_task_marker_dag.py
[2023-11-03T20:05:38.969+0000] {processor.py:839} INFO - DAG(s) dict_keys(['example_external_task_marker_parent', 'example_external_task_marker_child']) retrieved from /home/airflow/.local/lib/python3.8/site-packages/airflow/example_dags/example_external_task_marker_dag.py
[2023-11-03T20:05:39.056+0000] {logging_mixin.py:151} INFO - [2023-11-03T20:05:39.055+0000] {dag.py:2941} INFO - Sync 2 DAGs
[2023-11-03T20:05:39.093+0000] {logging_mixin.py:151} INFO - [2023-11-03T20:05:39.092+0000] {dag.py:3722} INFO - Setting next_dagrun for example_external_task_marker_child to None, run_after=None
[2023-11-03T20:05:39.104+0000] {logging_mixin.py:151} INFO - [2023-11-03T20:05:39.103+0000] {dag.py:3722} INFO - Setting next_dagrun for example_external_task_marker_parent to None, run_after=None
[2023-11-03T20:05:39.160+0000] {processor.py:179} INFO - Processing /home/airflow/.local/lib/python3.8/site-packages/airflow/example_dags/example_external_task_marker_dag.py took 0.236 seconds
