[2023-11-03T19:42:46.085+0000] {processor.py:157} INFO - Started process (PID=33500) to work on /home/airflow/.local/lib/python3.8/site-packages/airflow/example_dags/example_dynamic_task_mapping_with_no_taskflow_operators.py
[2023-11-03T19:42:46.088+0000] {processor.py:829} INFO - Processing file /home/airflow/.local/lib/python3.8/site-packages/airflow/example_dags/example_dynamic_task_mapping_with_no_taskflow_operators.py for tasks to queue
[2023-11-03T19:42:46.095+0000] {logging_mixin.py:151} INFO - [2023-11-03T19:42:46.094+0000] {dagbag.py:536} INFO - Filling up the DagBag from /home/airflow/.local/lib/python3.8/site-packages/airflow/example_dags/example_dynamic_task_mapping_with_no_taskflow_operators.py
[2023-11-03T19:42:46.118+0000] {processor.py:839} INFO - DAG(s) dict_keys(['example_dynamic_task_mapping_with_no_taskflow_operators']) retrieved from /home/airflow/.local/lib/python3.8/site-packages/airflow/example_dags/example_dynamic_task_mapping_with_no_taskflow_operators.py
[2023-11-03T19:42:46.178+0000] {logging_mixin.py:151} INFO - [2023-11-03T19:42:46.177+0000] {dag.py:2941} INFO - Sync 1 DAGs
[2023-11-03T19:42:46.233+0000] {logging_mixin.py:151} INFO - [2023-11-03T19:42:46.232+0000] {dag.py:3722} INFO - Setting next_dagrun for example_dynamic_task_mapping_with_no_taskflow_operators to 2023-11-02T19:42:46.231961+00:00, run_after=2023-11-03T19:42:46.231961+00:00
[2023-11-03T19:42:46.664+0000] {processor.py:179} INFO - Processing /home/airflow/.local/lib/python3.8/site-packages/airflow/example_dags/example_dynamic_task_mapping_with_no_taskflow_operators.py took 0.588 seconds
[2023-11-03T19:43:17.059+0000] {processor.py:157} INFO - Started process (PID=33562) to work on /home/airflow/.local/lib/python3.8/site-packages/airflow/example_dags/example_dynamic_task_mapping_with_no_taskflow_operators.py
[2023-11-03T19:43:17.063+0000] {processor.py:829} INFO - Processing file /home/airflow/.local/lib/python3.8/site-packages/airflow/example_dags/example_dynamic_task_mapping_with_no_taskflow_operators.py for tasks to queue
[2023-11-03T19:43:17.076+0000] {logging_mixin.py:151} INFO - [2023-11-03T19:43:17.074+0000] {dagbag.py:536} INFO - Filling up the DagBag from /home/airflow/.local/lib/python3.8/site-packages/airflow/example_dags/example_dynamic_task_mapping_with_no_taskflow_operators.py
[2023-11-03T19:43:17.100+0000] {processor.py:839} INFO - DAG(s) dict_keys(['example_dynamic_task_mapping_with_no_taskflow_operators']) retrieved from /home/airflow/.local/lib/python3.8/site-packages/airflow/example_dags/example_dynamic_task_mapping_with_no_taskflow_operators.py
[2023-11-03T19:43:17.201+0000] {logging_mixin.py:151} INFO - [2023-11-03T19:43:17.200+0000] {dag.py:2941} INFO - Sync 1 DAGs
[2023-11-03T19:43:17.341+0000] {logging_mixin.py:151} INFO - [2023-11-03T19:43:17.340+0000] {dag.py:3722} INFO - Setting next_dagrun for example_dynamic_task_mapping_with_no_taskflow_operators to 2023-11-02T19:43:17.339513+00:00, run_after=2023-11-03T19:43:17.339513+00:00
[2023-11-03T19:43:17.436+0000] {processor.py:179} INFO - Processing /home/airflow/.local/lib/python3.8/site-packages/airflow/example_dags/example_dynamic_task_mapping_with_no_taskflow_operators.py took 0.389 seconds
[2023-11-03T19:43:48.252+0000] {processor.py:157} INFO - Started process (PID=33624) to work on /home/airflow/.local/lib/python3.8/site-packages/airflow/example_dags/example_dynamic_task_mapping_with_no_taskflow_operators.py
[2023-11-03T19:43:48.254+0000] {processor.py:829} INFO - Processing file /home/airflow/.local/lib/python3.8/site-packages/airflow/example_dags/example_dynamic_task_mapping_with_no_taskflow_operators.py for tasks to queue
[2023-11-03T19:43:48.261+0000] {logging_mixin.py:151} INFO - [2023-11-03T19:43:48.260+0000] {dagbag.py:536} INFO - Filling up the DagBag from /home/airflow/.local/lib/python3.8/site-packages/airflow/example_dags/example_dynamic_task_mapping_with_no_taskflow_operators.py
[2023-11-03T19:43:48.283+0000] {processor.py:839} INFO - DAG(s) dict_keys(['example_dynamic_task_mapping_with_no_taskflow_operators']) retrieved from /home/airflow/.local/lib/python3.8/site-packages/airflow/example_dags/example_dynamic_task_mapping_with_no_taskflow_operators.py
[2023-11-03T19:43:48.341+0000] {logging_mixin.py:151} INFO - [2023-11-03T19:43:48.341+0000] {dag.py:2941} INFO - Sync 1 DAGs
[2023-11-03T19:43:48.419+0000] {logging_mixin.py:151} INFO - [2023-11-03T19:43:48.419+0000] {dag.py:3722} INFO - Setting next_dagrun for example_dynamic_task_mapping_with_no_taskflow_operators to 2023-11-02T19:43:48.418490+00:00, run_after=2023-11-03T19:43:48.418490+00:00
[2023-11-03T19:43:48.491+0000] {processor.py:179} INFO - Processing /home/airflow/.local/lib/python3.8/site-packages/airflow/example_dags/example_dynamic_task_mapping_with_no_taskflow_operators.py took 0.250 seconds
[2023-11-03T19:44:18.725+0000] {processor.py:157} INFO - Started process (PID=33686) to work on /home/airflow/.local/lib/python3.8/site-packages/airflow/example_dags/example_dynamic_task_mapping_with_no_taskflow_operators.py
[2023-11-03T19:44:18.729+0000] {processor.py:829} INFO - Processing file /home/airflow/.local/lib/python3.8/site-packages/airflow/example_dags/example_dynamic_task_mapping_with_no_taskflow_operators.py for tasks to queue
[2023-11-03T19:44:18.737+0000] {logging_mixin.py:151} INFO - [2023-11-03T19:44:18.736+0000] {dagbag.py:536} INFO - Filling up the DagBag from /home/airflow/.local/lib/python3.8/site-packages/airflow/example_dags/example_dynamic_task_mapping_with_no_taskflow_operators.py
[2023-11-03T19:44:18.759+0000] {processor.py:839} INFO - DAG(s) dict_keys(['example_dynamic_task_mapping_with_no_taskflow_operators']) retrieved from /home/airflow/.local/lib/python3.8/site-packages/airflow/example_dags/example_dynamic_task_mapping_with_no_taskflow_operators.py
[2023-11-03T19:44:18.811+0000] {logging_mixin.py:151} INFO - [2023-11-03T19:44:18.810+0000] {dag.py:2941} INFO - Sync 1 DAGs
[2023-11-03T19:44:18.890+0000] {logging_mixin.py:151} INFO - [2023-11-03T19:44:18.889+0000] {dag.py:3722} INFO - Setting next_dagrun for example_dynamic_task_mapping_with_no_taskflow_operators to 2023-11-02T19:44:18.889340+00:00, run_after=2023-11-03T19:44:18.889340+00:00
[2023-11-03T19:44:18.953+0000] {processor.py:179} INFO - Processing /home/airflow/.local/lib/python3.8/site-packages/airflow/example_dags/example_dynamic_task_mapping_with_no_taskflow_operators.py took 0.239 seconds
[2023-11-03T19:44:49.649+0000] {processor.py:157} INFO - Started process (PID=33748) to work on /home/airflow/.local/lib/python3.8/site-packages/airflow/example_dags/example_dynamic_task_mapping_with_no_taskflow_operators.py
[2023-11-03T19:44:49.653+0000] {processor.py:829} INFO - Processing file /home/airflow/.local/lib/python3.8/site-packages/airflow/example_dags/example_dynamic_task_mapping_with_no_taskflow_operators.py for tasks to queue
[2023-11-03T19:44:49.660+0000] {logging_mixin.py:151} INFO - [2023-11-03T19:44:49.658+0000] {dagbag.py:536} INFO - Filling up the DagBag from /home/airflow/.local/lib/python3.8/site-packages/airflow/example_dags/example_dynamic_task_mapping_with_no_taskflow_operators.py
[2023-11-03T19:44:49.679+0000] {processor.py:839} INFO - DAG(s) dict_keys(['example_dynamic_task_mapping_with_no_taskflow_operators']) retrieved from /home/airflow/.local/lib/python3.8/site-packages/airflow/example_dags/example_dynamic_task_mapping_with_no_taskflow_operators.py
[2023-11-03T19:44:49.778+0000] {logging_mixin.py:151} INFO - [2023-11-03T19:44:49.777+0000] {dag.py:2941} INFO - Sync 1 DAGs
[2023-11-03T19:44:50.014+0000] {logging_mixin.py:151} INFO - [2023-11-03T19:44:50.013+0000] {dag.py:3722} INFO - Setting next_dagrun for example_dynamic_task_mapping_with_no_taskflow_operators to 2023-11-02T19:44:50.010937+00:00, run_after=2023-11-03T19:44:50.010937+00:00
[2023-11-03T19:44:50.098+0000] {processor.py:179} INFO - Processing /home/airflow/.local/lib/python3.8/site-packages/airflow/example_dags/example_dynamic_task_mapping_with_no_taskflow_operators.py took 0.458 seconds
[2023-11-03T19:45:20.224+0000] {processor.py:157} INFO - Started process (PID=33811) to work on /home/airflow/.local/lib/python3.8/site-packages/airflow/example_dags/example_dynamic_task_mapping_with_no_taskflow_operators.py
[2023-11-03T19:45:20.240+0000] {processor.py:829} INFO - Processing file /home/airflow/.local/lib/python3.8/site-packages/airflow/example_dags/example_dynamic_task_mapping_with_no_taskflow_operators.py for tasks to queue
[2023-11-03T19:45:20.250+0000] {logging_mixin.py:151} INFO - [2023-11-03T19:45:20.248+0000] {dagbag.py:536} INFO - Filling up the DagBag from /home/airflow/.local/lib/python3.8/site-packages/airflow/example_dags/example_dynamic_task_mapping_with_no_taskflow_operators.py
[2023-11-03T19:45:20.275+0000] {processor.py:839} INFO - DAG(s) dict_keys(['example_dynamic_task_mapping_with_no_taskflow_operators']) retrieved from /home/airflow/.local/lib/python3.8/site-packages/airflow/example_dags/example_dynamic_task_mapping_with_no_taskflow_operators.py
[2023-11-03T19:45:20.341+0000] {logging_mixin.py:151} INFO - [2023-11-03T19:45:20.340+0000] {dag.py:2941} INFO - Sync 1 DAGs
[2023-11-03T19:45:20.399+0000] {logging_mixin.py:151} INFO - [2023-11-03T19:45:20.399+0000] {dag.py:3722} INFO - Setting next_dagrun for example_dynamic_task_mapping_with_no_taskflow_operators to 2023-11-02T19:45:20.398783+00:00, run_after=2023-11-03T19:45:20.398783+00:00
[2023-11-03T19:45:20.453+0000] {processor.py:179} INFO - Processing /home/airflow/.local/lib/python3.8/site-packages/airflow/example_dags/example_dynamic_task_mapping_with_no_taskflow_operators.py took 0.243 seconds
[2023-11-03T19:45:51.120+0000] {processor.py:157} INFO - Started process (PID=33873) to work on /home/airflow/.local/lib/python3.8/site-packages/airflow/example_dags/example_dynamic_task_mapping_with_no_taskflow_operators.py
[2023-11-03T19:45:51.123+0000] {processor.py:829} INFO - Processing file /home/airflow/.local/lib/python3.8/site-packages/airflow/example_dags/example_dynamic_task_mapping_with_no_taskflow_operators.py for tasks to queue
[2023-11-03T19:45:51.130+0000] {logging_mixin.py:151} INFO - [2023-11-03T19:45:51.128+0000] {dagbag.py:536} INFO - Filling up the DagBag from /home/airflow/.local/lib/python3.8/site-packages/airflow/example_dags/example_dynamic_task_mapping_with_no_taskflow_operators.py
[2023-11-03T19:45:51.148+0000] {processor.py:839} INFO - DAG(s) dict_keys(['example_dynamic_task_mapping_with_no_taskflow_operators']) retrieved from /home/airflow/.local/lib/python3.8/site-packages/airflow/example_dags/example_dynamic_task_mapping_with_no_taskflow_operators.py
[2023-11-03T19:45:51.201+0000] {logging_mixin.py:151} INFO - [2023-11-03T19:45:51.201+0000] {dag.py:2941} INFO - Sync 1 DAGs
[2023-11-03T19:45:51.260+0000] {logging_mixin.py:151} INFO - [2023-11-03T19:45:51.258+0000] {dag.py:3722} INFO - Setting next_dagrun for example_dynamic_task_mapping_with_no_taskflow_operators to 2023-11-02T19:45:51.258211+00:00, run_after=2023-11-03T19:45:51.258211+00:00
[2023-11-03T19:45:51.318+0000] {processor.py:179} INFO - Processing /home/airflow/.local/lib/python3.8/site-packages/airflow/example_dags/example_dynamic_task_mapping_with_no_taskflow_operators.py took 0.206 seconds
[2023-11-03T19:46:22.213+0000] {processor.py:157} INFO - Started process (PID=33935) to work on /home/airflow/.local/lib/python3.8/site-packages/airflow/example_dags/example_dynamic_task_mapping_with_no_taskflow_operators.py
[2023-11-03T19:46:22.216+0000] {processor.py:829} INFO - Processing file /home/airflow/.local/lib/python3.8/site-packages/airflow/example_dags/example_dynamic_task_mapping_with_no_taskflow_operators.py for tasks to queue
[2023-11-03T19:46:22.223+0000] {logging_mixin.py:151} INFO - [2023-11-03T19:46:22.222+0000] {dagbag.py:536} INFO - Filling up the DagBag from /home/airflow/.local/lib/python3.8/site-packages/airflow/example_dags/example_dynamic_task_mapping_with_no_taskflow_operators.py
[2023-11-03T19:46:22.241+0000] {processor.py:839} INFO - DAG(s) dict_keys(['example_dynamic_task_mapping_with_no_taskflow_operators']) retrieved from /home/airflow/.local/lib/python3.8/site-packages/airflow/example_dags/example_dynamic_task_mapping_with_no_taskflow_operators.py
[2023-11-03T19:46:22.290+0000] {logging_mixin.py:151} INFO - [2023-11-03T19:46:22.289+0000] {dag.py:2941} INFO - Sync 1 DAGs
[2023-11-03T19:46:22.350+0000] {logging_mixin.py:151} INFO - [2023-11-03T19:46:22.350+0000] {dag.py:3722} INFO - Setting next_dagrun for example_dynamic_task_mapping_with_no_taskflow_operators to 2023-11-02T19:46:22.349864+00:00, run_after=2023-11-03T19:46:22.349864+00:00
[2023-11-03T19:46:22.411+0000] {processor.py:179} INFO - Processing /home/airflow/.local/lib/python3.8/site-packages/airflow/example_dags/example_dynamic_task_mapping_with_no_taskflow_operators.py took 0.209 seconds
[2023-11-03T19:46:52.840+0000] {processor.py:157} INFO - Started process (PID=33997) to work on /home/airflow/.local/lib/python3.8/site-packages/airflow/example_dags/example_dynamic_task_mapping_with_no_taskflow_operators.py
[2023-11-03T19:46:52.843+0000] {processor.py:829} INFO - Processing file /home/airflow/.local/lib/python3.8/site-packages/airflow/example_dags/example_dynamic_task_mapping_with_no_taskflow_operators.py for tasks to queue
[2023-11-03T19:46:52.850+0000] {logging_mixin.py:151} INFO - [2023-11-03T19:46:52.849+0000] {dagbag.py:536} INFO - Filling up the DagBag from /home/airflow/.local/lib/python3.8/site-packages/airflow/example_dags/example_dynamic_task_mapping_with_no_taskflow_operators.py
[2023-11-03T19:46:52.870+0000] {processor.py:839} INFO - DAG(s) dict_keys(['example_dynamic_task_mapping_with_no_taskflow_operators']) retrieved from /home/airflow/.local/lib/python3.8/site-packages/airflow/example_dags/example_dynamic_task_mapping_with_no_taskflow_operators.py
[2023-11-03T19:46:52.931+0000] {logging_mixin.py:151} INFO - [2023-11-03T19:46:52.930+0000] {dag.py:2941} INFO - Sync 1 DAGs
[2023-11-03T19:46:53.023+0000] {logging_mixin.py:151} INFO - [2023-11-03T19:46:53.022+0000] {dag.py:3722} INFO - Setting next_dagrun for example_dynamic_task_mapping_with_no_taskflow_operators to 2023-11-02T19:46:53.022096+00:00, run_after=2023-11-03T19:46:53.022096+00:00
[2023-11-03T19:46:53.086+0000] {processor.py:179} INFO - Processing /home/airflow/.local/lib/python3.8/site-packages/airflow/example_dags/example_dynamic_task_mapping_with_no_taskflow_operators.py took 0.258 seconds
[2023-11-03T19:47:24.330+0000] {processor.py:157} INFO - Started process (PID=34059) to work on /home/airflow/.local/lib/python3.8/site-packages/airflow/example_dags/example_dynamic_task_mapping_with_no_taskflow_operators.py
[2023-11-03T19:47:24.333+0000] {processor.py:829} INFO - Processing file /home/airflow/.local/lib/python3.8/site-packages/airflow/example_dags/example_dynamic_task_mapping_with_no_taskflow_operators.py for tasks to queue
[2023-11-03T19:47:24.340+0000] {logging_mixin.py:151} INFO - [2023-11-03T19:47:24.339+0000] {dagbag.py:536} INFO - Filling up the DagBag from /home/airflow/.local/lib/python3.8/site-packages/airflow/example_dags/example_dynamic_task_mapping_with_no_taskflow_operators.py
[2023-11-03T19:47:24.365+0000] {processor.py:839} INFO - DAG(s) dict_keys(['example_dynamic_task_mapping_with_no_taskflow_operators']) retrieved from /home/airflow/.local/lib/python3.8/site-packages/airflow/example_dags/example_dynamic_task_mapping_with_no_taskflow_operators.py
[2023-11-03T19:47:24.439+0000] {logging_mixin.py:151} INFO - [2023-11-03T19:47:24.438+0000] {dag.py:2941} INFO - Sync 1 DAGs
[2023-11-03T19:47:24.541+0000] {logging_mixin.py:151} INFO - [2023-11-03T19:47:24.540+0000] {dag.py:3722} INFO - Setting next_dagrun for example_dynamic_task_mapping_with_no_taskflow_operators to 2023-11-02T19:47:24.539355+00:00, run_after=2023-11-03T19:47:24.539355+00:00
[2023-11-03T19:47:24.616+0000] {processor.py:179} INFO - Processing /home/airflow/.local/lib/python3.8/site-packages/airflow/example_dags/example_dynamic_task_mapping_with_no_taskflow_operators.py took 0.296 seconds
[2023-11-03T19:47:54.710+0000] {processor.py:157} INFO - Started process (PID=34121) to work on /home/airflow/.local/lib/python3.8/site-packages/airflow/example_dags/example_dynamic_task_mapping_with_no_taskflow_operators.py
[2023-11-03T19:47:54.713+0000] {processor.py:829} INFO - Processing file /home/airflow/.local/lib/python3.8/site-packages/airflow/example_dags/example_dynamic_task_mapping_with_no_taskflow_operators.py for tasks to queue
[2023-11-03T19:47:54.721+0000] {logging_mixin.py:151} INFO - [2023-11-03T19:47:54.720+0000] {dagbag.py:536} INFO - Filling up the DagBag from /home/airflow/.local/lib/python3.8/site-packages/airflow/example_dags/example_dynamic_task_mapping_with_no_taskflow_operators.py
[2023-11-03T19:47:54.739+0000] {processor.py:839} INFO - DAG(s) dict_keys(['example_dynamic_task_mapping_with_no_taskflow_operators']) retrieved from /home/airflow/.local/lib/python3.8/site-packages/airflow/example_dags/example_dynamic_task_mapping_with_no_taskflow_operators.py
[2023-11-03T19:47:54.786+0000] {logging_mixin.py:151} INFO - [2023-11-03T19:47:54.786+0000] {dag.py:2941} INFO - Sync 1 DAGs
[2023-11-03T19:47:54.840+0000] {logging_mixin.py:151} INFO - [2023-11-03T19:47:54.839+0000] {dag.py:3722} INFO - Setting next_dagrun for example_dynamic_task_mapping_with_no_taskflow_operators to 2023-11-02T19:47:54.838941+00:00, run_after=2023-11-03T19:47:54.838941+00:00
[2023-11-03T19:47:54.914+0000] {processor.py:179} INFO - Processing /home/airflow/.local/lib/python3.8/site-packages/airflow/example_dags/example_dynamic_task_mapping_with_no_taskflow_operators.py took 0.214 seconds
[2023-11-03T19:48:25.463+0000] {processor.py:157} INFO - Started process (PID=34183) to work on /home/airflow/.local/lib/python3.8/site-packages/airflow/example_dags/example_dynamic_task_mapping_with_no_taskflow_operators.py
[2023-11-03T19:48:25.466+0000] {processor.py:829} INFO - Processing file /home/airflow/.local/lib/python3.8/site-packages/airflow/example_dags/example_dynamic_task_mapping_with_no_taskflow_operators.py for tasks to queue
[2023-11-03T19:48:25.473+0000] {logging_mixin.py:151} INFO - [2023-11-03T19:48:25.472+0000] {dagbag.py:536} INFO - Filling up the DagBag from /home/airflow/.local/lib/python3.8/site-packages/airflow/example_dags/example_dynamic_task_mapping_with_no_taskflow_operators.py
[2023-11-03T19:48:25.489+0000] {processor.py:839} INFO - DAG(s) dict_keys(['example_dynamic_task_mapping_with_no_taskflow_operators']) retrieved from /home/airflow/.local/lib/python3.8/site-packages/airflow/example_dags/example_dynamic_task_mapping_with_no_taskflow_operators.py
[2023-11-03T19:48:25.556+0000] {logging_mixin.py:151} INFO - [2023-11-03T19:48:25.556+0000] {dag.py:2941} INFO - Sync 1 DAGs
[2023-11-03T19:48:25.623+0000] {logging_mixin.py:151} INFO - [2023-11-03T19:48:25.622+0000] {dag.py:3722} INFO - Setting next_dagrun for example_dynamic_task_mapping_with_no_taskflow_operators to 2023-11-02T19:48:25.621858+00:00, run_after=2023-11-03T19:48:25.621858+00:00
[2023-11-03T19:48:25.676+0000] {processor.py:179} INFO - Processing /home/airflow/.local/lib/python3.8/site-packages/airflow/example_dags/example_dynamic_task_mapping_with_no_taskflow_operators.py took 0.222 seconds
[2023-11-03T19:48:56.532+0000] {processor.py:157} INFO - Started process (PID=34245) to work on /home/airflow/.local/lib/python3.8/site-packages/airflow/example_dags/example_dynamic_task_mapping_with_no_taskflow_operators.py
[2023-11-03T19:48:56.536+0000] {processor.py:829} INFO - Processing file /home/airflow/.local/lib/python3.8/site-packages/airflow/example_dags/example_dynamic_task_mapping_with_no_taskflow_operators.py for tasks to queue
[2023-11-03T19:48:56.549+0000] {logging_mixin.py:151} INFO - [2023-11-03T19:48:56.547+0000] {dagbag.py:536} INFO - Filling up the DagBag from /home/airflow/.local/lib/python3.8/site-packages/airflow/example_dags/example_dynamic_task_mapping_with_no_taskflow_operators.py
[2023-11-03T19:48:56.577+0000] {processor.py:839} INFO - DAG(s) dict_keys(['example_dynamic_task_mapping_with_no_taskflow_operators']) retrieved from /home/airflow/.local/lib/python3.8/site-packages/airflow/example_dags/example_dynamic_task_mapping_with_no_taskflow_operators.py
[2023-11-03T19:48:56.632+0000] {logging_mixin.py:151} INFO - [2023-11-03T19:48:56.631+0000] {dag.py:2941} INFO - Sync 1 DAGs
[2023-11-03T19:48:56.690+0000] {logging_mixin.py:151} INFO - [2023-11-03T19:48:56.689+0000] {dag.py:3722} INFO - Setting next_dagrun for example_dynamic_task_mapping_with_no_taskflow_operators to 2023-11-02T19:48:56.689299+00:00, run_after=2023-11-03T19:48:56.689299+00:00
[2023-11-03T19:48:56.749+0000] {processor.py:179} INFO - Processing /home/airflow/.local/lib/python3.8/site-packages/airflow/example_dags/example_dynamic_task_mapping_with_no_taskflow_operators.py took 0.227 seconds
[2023-11-03T19:49:27.132+0000] {processor.py:157} INFO - Started process (PID=34307) to work on /home/airflow/.local/lib/python3.8/site-packages/airflow/example_dags/example_dynamic_task_mapping_with_no_taskflow_operators.py
[2023-11-03T19:49:27.135+0000] {processor.py:829} INFO - Processing file /home/airflow/.local/lib/python3.8/site-packages/airflow/example_dags/example_dynamic_task_mapping_with_no_taskflow_operators.py for tasks to queue
[2023-11-03T19:49:27.143+0000] {logging_mixin.py:151} INFO - [2023-11-03T19:49:27.142+0000] {dagbag.py:536} INFO - Filling up the DagBag from /home/airflow/.local/lib/python3.8/site-packages/airflow/example_dags/example_dynamic_task_mapping_with_no_taskflow_operators.py
[2023-11-03T19:49:27.169+0000] {processor.py:839} INFO - DAG(s) dict_keys(['example_dynamic_task_mapping_with_no_taskflow_operators']) retrieved from /home/airflow/.local/lib/python3.8/site-packages/airflow/example_dags/example_dynamic_task_mapping_with_no_taskflow_operators.py
[2023-11-03T19:49:27.243+0000] {logging_mixin.py:151} INFO - [2023-11-03T19:49:27.242+0000] {dag.py:2941} INFO - Sync 1 DAGs
[2023-11-03T19:49:27.347+0000] {logging_mixin.py:151} INFO - [2023-11-03T19:49:27.346+0000] {dag.py:3722} INFO - Setting next_dagrun for example_dynamic_task_mapping_with_no_taskflow_operators to 2023-11-02T19:49:27.346030+00:00, run_after=2023-11-03T19:49:27.346030+00:00
[2023-11-03T19:49:27.415+0000] {processor.py:179} INFO - Processing /home/airflow/.local/lib/python3.8/site-packages/airflow/example_dags/example_dynamic_task_mapping_with_no_taskflow_operators.py took 0.294 seconds
[2023-11-03T19:49:57.857+0000] {processor.py:157} INFO - Started process (PID=34369) to work on /home/airflow/.local/lib/python3.8/site-packages/airflow/example_dags/example_dynamic_task_mapping_with_no_taskflow_operators.py
[2023-11-03T19:49:57.862+0000] {processor.py:829} INFO - Processing file /home/airflow/.local/lib/python3.8/site-packages/airflow/example_dags/example_dynamic_task_mapping_with_no_taskflow_operators.py for tasks to queue
[2023-11-03T19:49:57.884+0000] {logging_mixin.py:151} INFO - [2023-11-03T19:49:57.883+0000] {dagbag.py:536} INFO - Filling up the DagBag from /home/airflow/.local/lib/python3.8/site-packages/airflow/example_dags/example_dynamic_task_mapping_with_no_taskflow_operators.py
[2023-11-03T19:49:57.922+0000] {processor.py:839} INFO - DAG(s) dict_keys(['example_dynamic_task_mapping_with_no_taskflow_operators']) retrieved from /home/airflow/.local/lib/python3.8/site-packages/airflow/example_dags/example_dynamic_task_mapping_with_no_taskflow_operators.py
[2023-11-03T19:49:58.035+0000] {logging_mixin.py:151} INFO - [2023-11-03T19:49:58.034+0000] {dag.py:2941} INFO - Sync 1 DAGs
[2023-11-03T19:49:58.098+0000] {logging_mixin.py:151} INFO - [2023-11-03T19:49:58.098+0000] {dag.py:3722} INFO - Setting next_dagrun for example_dynamic_task_mapping_with_no_taskflow_operators to 2023-11-02T19:49:58.097621+00:00, run_after=2023-11-03T19:49:58.097621+00:00
[2023-11-03T19:49:58.154+0000] {processor.py:179} INFO - Processing /home/airflow/.local/lib/python3.8/site-packages/airflow/example_dags/example_dynamic_task_mapping_with_no_taskflow_operators.py took 0.309 seconds
[2023-11-03T19:50:29.114+0000] {processor.py:157} INFO - Started process (PID=34431) to work on /home/airflow/.local/lib/python3.8/site-packages/airflow/example_dags/example_dynamic_task_mapping_with_no_taskflow_operators.py
[2023-11-03T19:50:29.116+0000] {processor.py:829} INFO - Processing file /home/airflow/.local/lib/python3.8/site-packages/airflow/example_dags/example_dynamic_task_mapping_with_no_taskflow_operators.py for tasks to queue
[2023-11-03T19:50:29.124+0000] {logging_mixin.py:151} INFO - [2023-11-03T19:50:29.122+0000] {dagbag.py:536} INFO - Filling up the DagBag from /home/airflow/.local/lib/python3.8/site-packages/airflow/example_dags/example_dynamic_task_mapping_with_no_taskflow_operators.py
[2023-11-03T19:50:29.156+0000] {processor.py:839} INFO - DAG(s) dict_keys(['example_dynamic_task_mapping_with_no_taskflow_operators']) retrieved from /home/airflow/.local/lib/python3.8/site-packages/airflow/example_dags/example_dynamic_task_mapping_with_no_taskflow_operators.py
[2023-11-03T19:50:29.234+0000] {logging_mixin.py:151} INFO - [2023-11-03T19:50:29.233+0000] {dag.py:2941} INFO - Sync 1 DAGs
[2023-11-03T19:50:29.312+0000] {logging_mixin.py:151} INFO - [2023-11-03T19:50:29.312+0000] {dag.py:3722} INFO - Setting next_dagrun for example_dynamic_task_mapping_with_no_taskflow_operators to 2023-11-02T19:50:29.311590+00:00, run_after=2023-11-03T19:50:29.311590+00:00
[2023-11-03T19:50:29.369+0000] {processor.py:179} INFO - Processing /home/airflow/.local/lib/python3.8/site-packages/airflow/example_dags/example_dynamic_task_mapping_with_no_taskflow_operators.py took 0.263 seconds
[2023-11-03T19:51:00.172+0000] {processor.py:157} INFO - Started process (PID=34493) to work on /home/airflow/.local/lib/python3.8/site-packages/airflow/example_dags/example_dynamic_task_mapping_with_no_taskflow_operators.py
[2023-11-03T19:51:00.175+0000] {processor.py:829} INFO - Processing file /home/airflow/.local/lib/python3.8/site-packages/airflow/example_dags/example_dynamic_task_mapping_with_no_taskflow_operators.py for tasks to queue
[2023-11-03T19:51:00.183+0000] {logging_mixin.py:151} INFO - [2023-11-03T19:51:00.182+0000] {dagbag.py:536} INFO - Filling up the DagBag from /home/airflow/.local/lib/python3.8/site-packages/airflow/example_dags/example_dynamic_task_mapping_with_no_taskflow_operators.py
[2023-11-03T19:51:00.209+0000] {processor.py:839} INFO - DAG(s) dict_keys(['example_dynamic_task_mapping_with_no_taskflow_operators']) retrieved from /home/airflow/.local/lib/python3.8/site-packages/airflow/example_dags/example_dynamic_task_mapping_with_no_taskflow_operators.py
[2023-11-03T19:51:00.258+0000] {logging_mixin.py:151} INFO - [2023-11-03T19:51:00.258+0000] {dag.py:2941} INFO - Sync 1 DAGs
[2023-11-03T19:51:00.320+0000] {logging_mixin.py:151} INFO - [2023-11-03T19:51:00.320+0000] {dag.py:3722} INFO - Setting next_dagrun for example_dynamic_task_mapping_with_no_taskflow_operators to 2023-11-02T19:51:00.319568+00:00, run_after=2023-11-03T19:51:00.319568+00:00
[2023-11-03T19:51:00.376+0000] {processor.py:179} INFO - Processing /home/airflow/.local/lib/python3.8/site-packages/airflow/example_dags/example_dynamic_task_mapping_with_no_taskflow_operators.py took 0.210 seconds
[2023-11-03T19:51:30.816+0000] {processor.py:157} INFO - Started process (PID=34554) to work on /home/airflow/.local/lib/python3.8/site-packages/airflow/example_dags/example_dynamic_task_mapping_with_no_taskflow_operators.py
[2023-11-03T19:51:30.818+0000] {processor.py:829} INFO - Processing file /home/airflow/.local/lib/python3.8/site-packages/airflow/example_dags/example_dynamic_task_mapping_with_no_taskflow_operators.py for tasks to queue
[2023-11-03T19:51:30.825+0000] {logging_mixin.py:151} INFO - [2023-11-03T19:51:30.823+0000] {dagbag.py:536} INFO - Filling up the DagBag from /home/airflow/.local/lib/python3.8/site-packages/airflow/example_dags/example_dynamic_task_mapping_with_no_taskflow_operators.py
[2023-11-03T19:51:30.841+0000] {processor.py:839} INFO - DAG(s) dict_keys(['example_dynamic_task_mapping_with_no_taskflow_operators']) retrieved from /home/airflow/.local/lib/python3.8/site-packages/airflow/example_dags/example_dynamic_task_mapping_with_no_taskflow_operators.py
[2023-11-03T19:51:30.885+0000] {logging_mixin.py:151} INFO - [2023-11-03T19:51:30.885+0000] {dag.py:2941} INFO - Sync 1 DAGs
[2023-11-03T19:51:30.938+0000] {logging_mixin.py:151} INFO - [2023-11-03T19:51:30.938+0000] {dag.py:3722} INFO - Setting next_dagrun for example_dynamic_task_mapping_with_no_taskflow_operators to 2023-11-02T19:51:30.937763+00:00, run_after=2023-11-03T19:51:30.937763+00:00
[2023-11-03T19:51:31.008+0000] {processor.py:179} INFO - Processing /home/airflow/.local/lib/python3.8/site-packages/airflow/example_dags/example_dynamic_task_mapping_with_no_taskflow_operators.py took 0.200 seconds
[2023-11-03T19:52:01.485+0000] {processor.py:157} INFO - Started process (PID=34616) to work on /home/airflow/.local/lib/python3.8/site-packages/airflow/example_dags/example_dynamic_task_mapping_with_no_taskflow_operators.py
[2023-11-03T19:52:01.489+0000] {processor.py:829} INFO - Processing file /home/airflow/.local/lib/python3.8/site-packages/airflow/example_dags/example_dynamic_task_mapping_with_no_taskflow_operators.py for tasks to queue
[2023-11-03T19:52:01.499+0000] {logging_mixin.py:151} INFO - [2023-11-03T19:52:01.497+0000] {dagbag.py:536} INFO - Filling up the DagBag from /home/airflow/.local/lib/python3.8/site-packages/airflow/example_dags/example_dynamic_task_mapping_with_no_taskflow_operators.py
[2023-11-03T19:52:01.518+0000] {processor.py:839} INFO - DAG(s) dict_keys(['example_dynamic_task_mapping_with_no_taskflow_operators']) retrieved from /home/airflow/.local/lib/python3.8/site-packages/airflow/example_dags/example_dynamic_task_mapping_with_no_taskflow_operators.py
[2023-11-03T19:52:01.579+0000] {logging_mixin.py:151} INFO - [2023-11-03T19:52:01.578+0000] {dag.py:2941} INFO - Sync 1 DAGs
[2023-11-03T19:52:01.646+0000] {logging_mixin.py:151} INFO - [2023-11-03T19:52:01.646+0000] {dag.py:3722} INFO - Setting next_dagrun for example_dynamic_task_mapping_with_no_taskflow_operators to 2023-11-02T19:52:01.645327+00:00, run_after=2023-11-03T19:52:01.645327+00:00
[2023-11-03T19:52:01.709+0000] {processor.py:179} INFO - Processing /home/airflow/.local/lib/python3.8/site-packages/airflow/example_dags/example_dynamic_task_mapping_with_no_taskflow_operators.py took 0.236 seconds
[2023-11-03T19:52:32.482+0000] {processor.py:157} INFO - Started process (PID=34679) to work on /home/airflow/.local/lib/python3.8/site-packages/airflow/example_dags/example_dynamic_task_mapping_with_no_taskflow_operators.py
[2023-11-03T19:52:32.485+0000] {processor.py:829} INFO - Processing file /home/airflow/.local/lib/python3.8/site-packages/airflow/example_dags/example_dynamic_task_mapping_with_no_taskflow_operators.py for tasks to queue
[2023-11-03T19:52:32.494+0000] {logging_mixin.py:151} INFO - [2023-11-03T19:52:32.493+0000] {dagbag.py:536} INFO - Filling up the DagBag from /home/airflow/.local/lib/python3.8/site-packages/airflow/example_dags/example_dynamic_task_mapping_with_no_taskflow_operators.py
[2023-11-03T19:52:32.519+0000] {processor.py:839} INFO - DAG(s) dict_keys(['example_dynamic_task_mapping_with_no_taskflow_operators']) retrieved from /home/airflow/.local/lib/python3.8/site-packages/airflow/example_dags/example_dynamic_task_mapping_with_no_taskflow_operators.py
[2023-11-03T19:52:32.582+0000] {logging_mixin.py:151} INFO - [2023-11-03T19:52:32.581+0000] {dag.py:2941} INFO - Sync 1 DAGs
[2023-11-03T19:52:32.644+0000] {logging_mixin.py:151} INFO - [2023-11-03T19:52:32.644+0000] {dag.py:3722} INFO - Setting next_dagrun for example_dynamic_task_mapping_with_no_taskflow_operators to 2023-11-02T19:52:32.643416+00:00, run_after=2023-11-03T19:52:32.643416+00:00
[2023-11-03T19:52:32.706+0000] {processor.py:179} INFO - Processing /home/airflow/.local/lib/python3.8/site-packages/airflow/example_dags/example_dynamic_task_mapping_with_no_taskflow_operators.py took 0.237 seconds
[2023-11-03T19:53:03.538+0000] {processor.py:157} INFO - Started process (PID=34741) to work on /home/airflow/.local/lib/python3.8/site-packages/airflow/example_dags/example_dynamic_task_mapping_with_no_taskflow_operators.py
[2023-11-03T19:53:03.541+0000] {processor.py:829} INFO - Processing file /home/airflow/.local/lib/python3.8/site-packages/airflow/example_dags/example_dynamic_task_mapping_with_no_taskflow_operators.py for tasks to queue
[2023-11-03T19:53:03.548+0000] {logging_mixin.py:151} INFO - [2023-11-03T19:53:03.547+0000] {dagbag.py:536} INFO - Filling up the DagBag from /home/airflow/.local/lib/python3.8/site-packages/airflow/example_dags/example_dynamic_task_mapping_with_no_taskflow_operators.py
[2023-11-03T19:53:03.568+0000] {processor.py:839} INFO - DAG(s) dict_keys(['example_dynamic_task_mapping_with_no_taskflow_operators']) retrieved from /home/airflow/.local/lib/python3.8/site-packages/airflow/example_dags/example_dynamic_task_mapping_with_no_taskflow_operators.py
[2023-11-03T19:53:03.629+0000] {logging_mixin.py:151} INFO - [2023-11-03T19:53:03.628+0000] {dag.py:2941} INFO - Sync 1 DAGs
[2023-11-03T19:53:03.682+0000] {logging_mixin.py:151} INFO - [2023-11-03T19:53:03.682+0000] {dag.py:3722} INFO - Setting next_dagrun for example_dynamic_task_mapping_with_no_taskflow_operators to 2023-11-02T19:53:03.681416+00:00, run_after=2023-11-03T19:53:03.681416+00:00
[2023-11-03T19:53:03.796+0000] {processor.py:179} INFO - Processing /home/airflow/.local/lib/python3.8/site-packages/airflow/example_dags/example_dynamic_task_mapping_with_no_taskflow_operators.py took 0.266 seconds
[2023-11-03T19:53:35.089+0000] {processor.py:157} INFO - Started process (PID=34803) to work on /home/airflow/.local/lib/python3.8/site-packages/airflow/example_dags/example_dynamic_task_mapping_with_no_taskflow_operators.py
[2023-11-03T19:53:35.092+0000] {processor.py:829} INFO - Processing file /home/airflow/.local/lib/python3.8/site-packages/airflow/example_dags/example_dynamic_task_mapping_with_no_taskflow_operators.py for tasks to queue
[2023-11-03T19:53:35.100+0000] {logging_mixin.py:151} INFO - [2023-11-03T19:53:35.098+0000] {dagbag.py:536} INFO - Filling up the DagBag from /home/airflow/.local/lib/python3.8/site-packages/airflow/example_dags/example_dynamic_task_mapping_with_no_taskflow_operators.py
[2023-11-03T19:53:35.118+0000] {processor.py:839} INFO - DAG(s) dict_keys(['example_dynamic_task_mapping_with_no_taskflow_operators']) retrieved from /home/airflow/.local/lib/python3.8/site-packages/airflow/example_dags/example_dynamic_task_mapping_with_no_taskflow_operators.py
[2023-11-03T19:53:35.183+0000] {logging_mixin.py:151} INFO - [2023-11-03T19:53:35.182+0000] {dag.py:2941} INFO - Sync 1 DAGs
[2023-11-03T19:53:35.254+0000] {logging_mixin.py:151} INFO - [2023-11-03T19:53:35.253+0000] {dag.py:3722} INFO - Setting next_dagrun for example_dynamic_task_mapping_with_no_taskflow_operators to 2023-11-02T19:53:35.252761+00:00, run_after=2023-11-03T19:53:35.252761+00:00
[2023-11-03T19:53:35.312+0000] {processor.py:179} INFO - Processing /home/airflow/.local/lib/python3.8/site-packages/airflow/example_dags/example_dynamic_task_mapping_with_no_taskflow_operators.py took 0.232 seconds
[2023-11-03T19:54:06.748+0000] {processor.py:157} INFO - Started process (PID=34872) to work on /home/airflow/.local/lib/python3.8/site-packages/airflow/example_dags/example_dynamic_task_mapping_with_no_taskflow_operators.py
[2023-11-03T19:54:06.750+0000] {processor.py:829} INFO - Processing file /home/airflow/.local/lib/python3.8/site-packages/airflow/example_dags/example_dynamic_task_mapping_with_no_taskflow_operators.py for tasks to queue
[2023-11-03T19:54:06.757+0000] {logging_mixin.py:151} INFO - [2023-11-03T19:54:06.755+0000] {dagbag.py:536} INFO - Filling up the DagBag from /home/airflow/.local/lib/python3.8/site-packages/airflow/example_dags/example_dynamic_task_mapping_with_no_taskflow_operators.py
[2023-11-03T19:54:06.786+0000] {processor.py:839} INFO - DAG(s) dict_keys(['example_dynamic_task_mapping_with_no_taskflow_operators']) retrieved from /home/airflow/.local/lib/python3.8/site-packages/airflow/example_dags/example_dynamic_task_mapping_with_no_taskflow_operators.py
[2023-11-03T19:54:06.848+0000] {logging_mixin.py:151} INFO - [2023-11-03T19:54:06.847+0000] {dag.py:2941} INFO - Sync 1 DAGs
[2023-11-03T19:54:06.912+0000] {logging_mixin.py:151} INFO - [2023-11-03T19:54:06.911+0000] {dag.py:3722} INFO - Setting next_dagrun for example_dynamic_task_mapping_with_no_taskflow_operators to 2023-11-02T19:54:06.911257+00:00, run_after=2023-11-03T19:54:06.911257+00:00
[2023-11-03T19:54:06.971+0000] {processor.py:179} INFO - Processing /home/airflow/.local/lib/python3.8/site-packages/airflow/example_dags/example_dynamic_task_mapping_with_no_taskflow_operators.py took 0.230 seconds
[2023-11-03T19:54:37.363+0000] {processor.py:157} INFO - Started process (PID=34934) to work on /home/airflow/.local/lib/python3.8/site-packages/airflow/example_dags/example_dynamic_task_mapping_with_no_taskflow_operators.py
[2023-11-03T19:54:37.366+0000] {processor.py:829} INFO - Processing file /home/airflow/.local/lib/python3.8/site-packages/airflow/example_dags/example_dynamic_task_mapping_with_no_taskflow_operators.py for tasks to queue
[2023-11-03T19:54:37.373+0000] {logging_mixin.py:151} INFO - [2023-11-03T19:54:37.372+0000] {dagbag.py:536} INFO - Filling up the DagBag from /home/airflow/.local/lib/python3.8/site-packages/airflow/example_dags/example_dynamic_task_mapping_with_no_taskflow_operators.py
[2023-11-03T19:54:37.395+0000] {processor.py:839} INFO - DAG(s) dict_keys(['example_dynamic_task_mapping_with_no_taskflow_operators']) retrieved from /home/airflow/.local/lib/python3.8/site-packages/airflow/example_dags/example_dynamic_task_mapping_with_no_taskflow_operators.py
[2023-11-03T19:54:37.456+0000] {logging_mixin.py:151} INFO - [2023-11-03T19:54:37.455+0000] {dag.py:2941} INFO - Sync 1 DAGs
[2023-11-03T19:54:37.522+0000] {logging_mixin.py:151} INFO - [2023-11-03T19:54:37.522+0000] {dag.py:3722} INFO - Setting next_dagrun for example_dynamic_task_mapping_with_no_taskflow_operators to 2023-11-02T19:54:37.521583+00:00, run_after=2023-11-03T19:54:37.521583+00:00
[2023-11-03T19:54:37.583+0000] {processor.py:179} INFO - Processing /home/airflow/.local/lib/python3.8/site-packages/airflow/example_dags/example_dynamic_task_mapping_with_no_taskflow_operators.py took 0.227 seconds
[2023-11-03T19:55:08.829+0000] {processor.py:157} INFO - Started process (PID=34996) to work on /home/airflow/.local/lib/python3.8/site-packages/airflow/example_dags/example_dynamic_task_mapping_with_no_taskflow_operators.py
[2023-11-03T19:55:08.832+0000] {processor.py:829} INFO - Processing file /home/airflow/.local/lib/python3.8/site-packages/airflow/example_dags/example_dynamic_task_mapping_with_no_taskflow_operators.py for tasks to queue
[2023-11-03T19:55:08.839+0000] {logging_mixin.py:151} INFO - [2023-11-03T19:55:08.838+0000] {dagbag.py:536} INFO - Filling up the DagBag from /home/airflow/.local/lib/python3.8/site-packages/airflow/example_dags/example_dynamic_task_mapping_with_no_taskflow_operators.py
[2023-11-03T19:55:08.867+0000] {processor.py:839} INFO - DAG(s) dict_keys(['example_dynamic_task_mapping_with_no_taskflow_operators']) retrieved from /home/airflow/.local/lib/python3.8/site-packages/airflow/example_dags/example_dynamic_task_mapping_with_no_taskflow_operators.py
[2023-11-03T19:55:08.932+0000] {logging_mixin.py:151} INFO - [2023-11-03T19:55:08.931+0000] {dag.py:2941} INFO - Sync 1 DAGs
[2023-11-03T19:55:08.998+0000] {logging_mixin.py:151} INFO - [2023-11-03T19:55:08.997+0000] {dag.py:3722} INFO - Setting next_dagrun for example_dynamic_task_mapping_with_no_taskflow_operators to 2023-11-02T19:55:08.996689+00:00, run_after=2023-11-03T19:55:08.996689+00:00
[2023-11-03T19:55:09.055+0000] {processor.py:179} INFO - Processing /home/airflow/.local/lib/python3.8/site-packages/airflow/example_dags/example_dynamic_task_mapping_with_no_taskflow_operators.py took 0.235 seconds
[2023-11-03T19:55:39.540+0000] {processor.py:157} INFO - Started process (PID=35058) to work on /home/airflow/.local/lib/python3.8/site-packages/airflow/example_dags/example_dynamic_task_mapping_with_no_taskflow_operators.py
[2023-11-03T19:55:39.543+0000] {processor.py:829} INFO - Processing file /home/airflow/.local/lib/python3.8/site-packages/airflow/example_dags/example_dynamic_task_mapping_with_no_taskflow_operators.py for tasks to queue
[2023-11-03T19:55:39.549+0000] {logging_mixin.py:151} INFO - [2023-11-03T19:55:39.548+0000] {dagbag.py:536} INFO - Filling up the DagBag from /home/airflow/.local/lib/python3.8/site-packages/airflow/example_dags/example_dynamic_task_mapping_with_no_taskflow_operators.py
[2023-11-03T19:55:39.569+0000] {processor.py:839} INFO - DAG(s) dict_keys(['example_dynamic_task_mapping_with_no_taskflow_operators']) retrieved from /home/airflow/.local/lib/python3.8/site-packages/airflow/example_dags/example_dynamic_task_mapping_with_no_taskflow_operators.py
[2023-11-03T19:55:39.624+0000] {logging_mixin.py:151} INFO - [2023-11-03T19:55:39.623+0000] {dag.py:2941} INFO - Sync 1 DAGs
[2023-11-03T19:55:39.680+0000] {logging_mixin.py:151} INFO - [2023-11-03T19:55:39.679+0000] {dag.py:3722} INFO - Setting next_dagrun for example_dynamic_task_mapping_with_no_taskflow_operators to 2023-11-02T19:55:39.679121+00:00, run_after=2023-11-03T19:55:39.679121+00:00
[2023-11-03T19:55:39.743+0000] {processor.py:179} INFO - Processing /home/airflow/.local/lib/python3.8/site-packages/airflow/example_dags/example_dynamic_task_mapping_with_no_taskflow_operators.py took 0.210 seconds
[2023-11-03T19:56:09.927+0000] {processor.py:157} INFO - Started process (PID=35120) to work on /home/airflow/.local/lib/python3.8/site-packages/airflow/example_dags/example_dynamic_task_mapping_with_no_taskflow_operators.py
[2023-11-03T19:56:09.929+0000] {processor.py:829} INFO - Processing file /home/airflow/.local/lib/python3.8/site-packages/airflow/example_dags/example_dynamic_task_mapping_with_no_taskflow_operators.py for tasks to queue
[2023-11-03T19:56:09.936+0000] {logging_mixin.py:151} INFO - [2023-11-03T19:56:09.935+0000] {dagbag.py:536} INFO - Filling up the DagBag from /home/airflow/.local/lib/python3.8/site-packages/airflow/example_dags/example_dynamic_task_mapping_with_no_taskflow_operators.py
[2023-11-03T19:56:09.953+0000] {processor.py:839} INFO - DAG(s) dict_keys(['example_dynamic_task_mapping_with_no_taskflow_operators']) retrieved from /home/airflow/.local/lib/python3.8/site-packages/airflow/example_dags/example_dynamic_task_mapping_with_no_taskflow_operators.py
[2023-11-03T19:56:10.010+0000] {logging_mixin.py:151} INFO - [2023-11-03T19:56:10.010+0000] {dag.py:2941} INFO - Sync 1 DAGs
[2023-11-03T19:56:10.092+0000] {logging_mixin.py:151} INFO - [2023-11-03T19:56:10.091+0000] {dag.py:3722} INFO - Setting next_dagrun for example_dynamic_task_mapping_with_no_taskflow_operators to 2023-11-02T19:56:10.090974+00:00, run_after=2023-11-03T19:56:10.090974+00:00
[2023-11-03T19:56:10.160+0000] {processor.py:179} INFO - Processing /home/airflow/.local/lib/python3.8/site-packages/airflow/example_dags/example_dynamic_task_mapping_with_no_taskflow_operators.py took 0.241 seconds
[2023-11-03T19:56:40.749+0000] {processor.py:157} INFO - Started process (PID=35182) to work on /home/airflow/.local/lib/python3.8/site-packages/airflow/example_dags/example_dynamic_task_mapping_with_no_taskflow_operators.py
[2023-11-03T19:56:40.752+0000] {processor.py:829} INFO - Processing file /home/airflow/.local/lib/python3.8/site-packages/airflow/example_dags/example_dynamic_task_mapping_with_no_taskflow_operators.py for tasks to queue
[2023-11-03T19:56:40.760+0000] {logging_mixin.py:151} INFO - [2023-11-03T19:56:40.759+0000] {dagbag.py:536} INFO - Filling up the DagBag from /home/airflow/.local/lib/python3.8/site-packages/airflow/example_dags/example_dynamic_task_mapping_with_no_taskflow_operators.py
[2023-11-03T19:56:40.779+0000] {processor.py:839} INFO - DAG(s) dict_keys(['example_dynamic_task_mapping_with_no_taskflow_operators']) retrieved from /home/airflow/.local/lib/python3.8/site-packages/airflow/example_dags/example_dynamic_task_mapping_with_no_taskflow_operators.py
[2023-11-03T19:56:40.836+0000] {logging_mixin.py:151} INFO - [2023-11-03T19:56:40.836+0000] {dag.py:2941} INFO - Sync 1 DAGs
[2023-11-03T19:56:40.916+0000] {logging_mixin.py:151} INFO - [2023-11-03T19:56:40.915+0000] {dag.py:3722} INFO - Setting next_dagrun for example_dynamic_task_mapping_with_no_taskflow_operators to 2023-11-02T19:56:40.915321+00:00, run_after=2023-11-03T19:56:40.915321+00:00
[2023-11-03T19:56:40.981+0000] {processor.py:179} INFO - Processing /home/airflow/.local/lib/python3.8/site-packages/airflow/example_dags/example_dynamic_task_mapping_with_no_taskflow_operators.py took 0.240 seconds
[2023-11-03T19:57:11.134+0000] {processor.py:157} INFO - Started process (PID=35244) to work on /home/airflow/.local/lib/python3.8/site-packages/airflow/example_dags/example_dynamic_task_mapping_with_no_taskflow_operators.py
[2023-11-03T19:57:11.138+0000] {processor.py:829} INFO - Processing file /home/airflow/.local/lib/python3.8/site-packages/airflow/example_dags/example_dynamic_task_mapping_with_no_taskflow_operators.py for tasks to queue
[2023-11-03T19:57:11.149+0000] {logging_mixin.py:151} INFO - [2023-11-03T19:57:11.147+0000] {dagbag.py:536} INFO - Filling up the DagBag from /home/airflow/.local/lib/python3.8/site-packages/airflow/example_dags/example_dynamic_task_mapping_with_no_taskflow_operators.py
[2023-11-03T19:57:11.175+0000] {processor.py:839} INFO - DAG(s) dict_keys(['example_dynamic_task_mapping_with_no_taskflow_operators']) retrieved from /home/airflow/.local/lib/python3.8/site-packages/airflow/example_dags/example_dynamic_task_mapping_with_no_taskflow_operators.py
[2023-11-03T19:57:11.236+0000] {logging_mixin.py:151} INFO - [2023-11-03T19:57:11.236+0000] {dag.py:2941} INFO - Sync 1 DAGs
[2023-11-03T19:57:11.311+0000] {logging_mixin.py:151} INFO - [2023-11-03T19:57:11.310+0000] {dag.py:3722} INFO - Setting next_dagrun for example_dynamic_task_mapping_with_no_taskflow_operators to 2023-11-02T19:57:11.309787+00:00, run_after=2023-11-03T19:57:11.309787+00:00
[2023-11-03T19:57:11.408+0000] {processor.py:179} INFO - Processing /home/airflow/.local/lib/python3.8/site-packages/airflow/example_dags/example_dynamic_task_mapping_with_no_taskflow_operators.py took 0.285 seconds
[2023-11-03T19:57:41.608+0000] {processor.py:157} INFO - Started process (PID=35305) to work on /home/airflow/.local/lib/python3.8/site-packages/airflow/example_dags/example_dynamic_task_mapping_with_no_taskflow_operators.py
[2023-11-03T19:57:41.611+0000] {processor.py:829} INFO - Processing file /home/airflow/.local/lib/python3.8/site-packages/airflow/example_dags/example_dynamic_task_mapping_with_no_taskflow_operators.py for tasks to queue
[2023-11-03T19:57:41.619+0000] {logging_mixin.py:151} INFO - [2023-11-03T19:57:41.618+0000] {dagbag.py:536} INFO - Filling up the DagBag from /home/airflow/.local/lib/python3.8/site-packages/airflow/example_dags/example_dynamic_task_mapping_with_no_taskflow_operators.py
[2023-11-03T19:57:41.638+0000] {processor.py:839} INFO - DAG(s) dict_keys(['example_dynamic_task_mapping_with_no_taskflow_operators']) retrieved from /home/airflow/.local/lib/python3.8/site-packages/airflow/example_dags/example_dynamic_task_mapping_with_no_taskflow_operators.py
[2023-11-03T19:57:41.708+0000] {logging_mixin.py:151} INFO - [2023-11-03T19:57:41.707+0000] {dag.py:2941} INFO - Sync 1 DAGs
[2023-11-03T19:57:41.874+0000] {logging_mixin.py:151} INFO - [2023-11-03T19:57:41.873+0000] {dag.py:3722} INFO - Setting next_dagrun for example_dynamic_task_mapping_with_no_taskflow_operators to 2023-11-02T19:57:41.860081+00:00, run_after=2023-11-03T19:57:41.860081+00:00
[2023-11-03T19:57:42.024+0000] {processor.py:179} INFO - Processing /home/airflow/.local/lib/python3.8/site-packages/airflow/example_dags/example_dynamic_task_mapping_with_no_taskflow_operators.py took 0.425 seconds
[2023-11-03T19:58:12.555+0000] {processor.py:157} INFO - Started process (PID=35367) to work on /home/airflow/.local/lib/python3.8/site-packages/airflow/example_dags/example_dynamic_task_mapping_with_no_taskflow_operators.py
[2023-11-03T19:58:12.558+0000] {processor.py:829} INFO - Processing file /home/airflow/.local/lib/python3.8/site-packages/airflow/example_dags/example_dynamic_task_mapping_with_no_taskflow_operators.py for tasks to queue
[2023-11-03T19:58:12.565+0000] {logging_mixin.py:151} INFO - [2023-11-03T19:58:12.564+0000] {dagbag.py:536} INFO - Filling up the DagBag from /home/airflow/.local/lib/python3.8/site-packages/airflow/example_dags/example_dynamic_task_mapping_with_no_taskflow_operators.py
[2023-11-03T19:58:12.586+0000] {processor.py:839} INFO - DAG(s) dict_keys(['example_dynamic_task_mapping_with_no_taskflow_operators']) retrieved from /home/airflow/.local/lib/python3.8/site-packages/airflow/example_dags/example_dynamic_task_mapping_with_no_taskflow_operators.py
[2023-11-03T19:58:12.639+0000] {logging_mixin.py:151} INFO - [2023-11-03T19:58:12.638+0000] {dag.py:2941} INFO - Sync 1 DAGs
[2023-11-03T19:58:12.694+0000] {logging_mixin.py:151} INFO - [2023-11-03T19:58:12.693+0000] {dag.py:3722} INFO - Setting next_dagrun for example_dynamic_task_mapping_with_no_taskflow_operators to 2023-11-02T19:58:12.692692+00:00, run_after=2023-11-03T19:58:12.692692+00:00
[2023-11-03T19:58:12.745+0000] {processor.py:179} INFO - Processing /home/airflow/.local/lib/python3.8/site-packages/airflow/example_dags/example_dynamic_task_mapping_with_no_taskflow_operators.py took 0.199 seconds
[2023-11-03T19:58:43.342+0000] {processor.py:157} INFO - Started process (PID=35429) to work on /home/airflow/.local/lib/python3.8/site-packages/airflow/example_dags/example_dynamic_task_mapping_with_no_taskflow_operators.py
[2023-11-03T19:58:43.346+0000] {processor.py:829} INFO - Processing file /home/airflow/.local/lib/python3.8/site-packages/airflow/example_dags/example_dynamic_task_mapping_with_no_taskflow_operators.py for tasks to queue
[2023-11-03T19:58:43.355+0000] {logging_mixin.py:151} INFO - [2023-11-03T19:58:43.353+0000] {dagbag.py:536} INFO - Filling up the DagBag from /home/airflow/.local/lib/python3.8/site-packages/airflow/example_dags/example_dynamic_task_mapping_with_no_taskflow_operators.py
[2023-11-03T19:58:43.388+0000] {processor.py:839} INFO - DAG(s) dict_keys(['example_dynamic_task_mapping_with_no_taskflow_operators']) retrieved from /home/airflow/.local/lib/python3.8/site-packages/airflow/example_dags/example_dynamic_task_mapping_with_no_taskflow_operators.py
[2023-11-03T19:58:43.451+0000] {logging_mixin.py:151} INFO - [2023-11-03T19:58:43.451+0000] {dag.py:2941} INFO - Sync 1 DAGs
[2023-11-03T19:58:43.513+0000] {logging_mixin.py:151} INFO - [2023-11-03T19:58:43.512+0000] {dag.py:3722} INFO - Setting next_dagrun for example_dynamic_task_mapping_with_no_taskflow_operators to 2023-11-02T19:58:43.512045+00:00, run_after=2023-11-03T19:58:43.512045+00:00
[2023-11-03T19:58:43.573+0000] {processor.py:179} INFO - Processing /home/airflow/.local/lib/python3.8/site-packages/airflow/example_dags/example_dynamic_task_mapping_with_no_taskflow_operators.py took 0.242 seconds
[2023-11-03T19:59:14.314+0000] {processor.py:157} INFO - Started process (PID=35491) to work on /home/airflow/.local/lib/python3.8/site-packages/airflow/example_dags/example_dynamic_task_mapping_with_no_taskflow_operators.py
[2023-11-03T19:59:14.317+0000] {processor.py:829} INFO - Processing file /home/airflow/.local/lib/python3.8/site-packages/airflow/example_dags/example_dynamic_task_mapping_with_no_taskflow_operators.py for tasks to queue
[2023-11-03T19:59:14.324+0000] {logging_mixin.py:151} INFO - [2023-11-03T19:59:14.322+0000] {dagbag.py:536} INFO - Filling up the DagBag from /home/airflow/.local/lib/python3.8/site-packages/airflow/example_dags/example_dynamic_task_mapping_with_no_taskflow_operators.py
[2023-11-03T19:59:14.341+0000] {processor.py:839} INFO - DAG(s) dict_keys(['example_dynamic_task_mapping_with_no_taskflow_operators']) retrieved from /home/airflow/.local/lib/python3.8/site-packages/airflow/example_dags/example_dynamic_task_mapping_with_no_taskflow_operators.py
[2023-11-03T19:59:14.390+0000] {logging_mixin.py:151} INFO - [2023-11-03T19:59:14.390+0000] {dag.py:2941} INFO - Sync 1 DAGs
[2023-11-03T19:59:14.455+0000] {logging_mixin.py:151} INFO - [2023-11-03T19:59:14.455+0000] {dag.py:3722} INFO - Setting next_dagrun for example_dynamic_task_mapping_with_no_taskflow_operators to 2023-11-02T19:59:14.454753+00:00, run_after=2023-11-03T19:59:14.454753+00:00
[2023-11-03T19:59:14.522+0000] {processor.py:179} INFO - Processing /home/airflow/.local/lib/python3.8/site-packages/airflow/example_dags/example_dynamic_task_mapping_with_no_taskflow_operators.py took 0.216 seconds
[2023-11-03T19:59:45.183+0000] {processor.py:157} INFO - Started process (PID=35553) to work on /home/airflow/.local/lib/python3.8/site-packages/airflow/example_dags/example_dynamic_task_mapping_with_no_taskflow_operators.py
[2023-11-03T19:59:45.185+0000] {processor.py:829} INFO - Processing file /home/airflow/.local/lib/python3.8/site-packages/airflow/example_dags/example_dynamic_task_mapping_with_no_taskflow_operators.py for tasks to queue
[2023-11-03T19:59:45.193+0000] {logging_mixin.py:151} INFO - [2023-11-03T19:59:45.192+0000] {dagbag.py:536} INFO - Filling up the DagBag from /home/airflow/.local/lib/python3.8/site-packages/airflow/example_dags/example_dynamic_task_mapping_with_no_taskflow_operators.py
[2023-11-03T19:59:45.216+0000] {processor.py:839} INFO - DAG(s) dict_keys(['example_dynamic_task_mapping_with_no_taskflow_operators']) retrieved from /home/airflow/.local/lib/python3.8/site-packages/airflow/example_dags/example_dynamic_task_mapping_with_no_taskflow_operators.py
[2023-11-03T19:59:45.274+0000] {logging_mixin.py:151} INFO - [2023-11-03T19:59:45.273+0000] {dag.py:2941} INFO - Sync 1 DAGs
[2023-11-03T19:59:45.349+0000] {logging_mixin.py:151} INFO - [2023-11-03T19:59:45.348+0000] {dag.py:3722} INFO - Setting next_dagrun for example_dynamic_task_mapping_with_no_taskflow_operators to 2023-11-02T19:59:45.347889+00:00, run_after=2023-11-03T19:59:45.347889+00:00
[2023-11-03T19:59:45.418+0000] {processor.py:179} INFO - Processing /home/airflow/.local/lib/python3.8/site-packages/airflow/example_dags/example_dynamic_task_mapping_with_no_taskflow_operators.py took 0.245 seconds
[2023-11-03T20:00:15.979+0000] {processor.py:157} INFO - Started process (PID=35615) to work on /home/airflow/.local/lib/python3.8/site-packages/airflow/example_dags/example_dynamic_task_mapping_with_no_taskflow_operators.py
[2023-11-03T20:00:15.982+0000] {processor.py:829} INFO - Processing file /home/airflow/.local/lib/python3.8/site-packages/airflow/example_dags/example_dynamic_task_mapping_with_no_taskflow_operators.py for tasks to queue
[2023-11-03T20:00:15.988+0000] {logging_mixin.py:151} INFO - [2023-11-03T20:00:15.987+0000] {dagbag.py:536} INFO - Filling up the DagBag from /home/airflow/.local/lib/python3.8/site-packages/airflow/example_dags/example_dynamic_task_mapping_with_no_taskflow_operators.py
[2023-11-03T20:00:16.007+0000] {processor.py:839} INFO - DAG(s) dict_keys(['example_dynamic_task_mapping_with_no_taskflow_operators']) retrieved from /home/airflow/.local/lib/python3.8/site-packages/airflow/example_dags/example_dynamic_task_mapping_with_no_taskflow_operators.py
[2023-11-03T20:00:16.082+0000] {logging_mixin.py:151} INFO - [2023-11-03T20:00:16.081+0000] {dag.py:2941} INFO - Sync 1 DAGs
[2023-11-03T20:00:16.142+0000] {logging_mixin.py:151} INFO - [2023-11-03T20:00:16.142+0000] {dag.py:3722} INFO - Setting next_dagrun for example_dynamic_task_mapping_with_no_taskflow_operators to 2023-11-02T20:00:16.141475+00:00, run_after=2023-11-03T20:00:16.141475+00:00
[2023-11-03T20:00:16.203+0000] {processor.py:179} INFO - Processing /home/airflow/.local/lib/python3.8/site-packages/airflow/example_dags/example_dynamic_task_mapping_with_no_taskflow_operators.py took 0.230 seconds
[2023-11-03T20:00:47.275+0000] {processor.py:157} INFO - Started process (PID=35677) to work on /home/airflow/.local/lib/python3.8/site-packages/airflow/example_dags/example_dynamic_task_mapping_with_no_taskflow_operators.py
[2023-11-03T20:00:47.278+0000] {processor.py:829} INFO - Processing file /home/airflow/.local/lib/python3.8/site-packages/airflow/example_dags/example_dynamic_task_mapping_with_no_taskflow_operators.py for tasks to queue
[2023-11-03T20:00:47.288+0000] {logging_mixin.py:151} INFO - [2023-11-03T20:00:47.287+0000] {dagbag.py:536} INFO - Filling up the DagBag from /home/airflow/.local/lib/python3.8/site-packages/airflow/example_dags/example_dynamic_task_mapping_with_no_taskflow_operators.py
[2023-11-03T20:00:47.315+0000] {processor.py:839} INFO - DAG(s) dict_keys(['example_dynamic_task_mapping_with_no_taskflow_operators']) retrieved from /home/airflow/.local/lib/python3.8/site-packages/airflow/example_dags/example_dynamic_task_mapping_with_no_taskflow_operators.py
[2023-11-03T20:00:47.375+0000] {logging_mixin.py:151} INFO - [2023-11-03T20:00:47.374+0000] {dag.py:2941} INFO - Sync 1 DAGs
[2023-11-03T20:00:47.458+0000] {logging_mixin.py:151} INFO - [2023-11-03T20:00:47.458+0000] {dag.py:3722} INFO - Setting next_dagrun for example_dynamic_task_mapping_with_no_taskflow_operators to 2023-11-02T20:00:47.457143+00:00, run_after=2023-11-03T20:00:47.457143+00:00
[2023-11-03T20:00:47.563+0000] {processor.py:179} INFO - Processing /home/airflow/.local/lib/python3.8/site-packages/airflow/example_dags/example_dynamic_task_mapping_with_no_taskflow_operators.py took 0.300 seconds
[2023-11-03T20:01:18.642+0000] {processor.py:157} INFO - Started process (PID=35739) to work on /home/airflow/.local/lib/python3.8/site-packages/airflow/example_dags/example_dynamic_task_mapping_with_no_taskflow_operators.py
[2023-11-03T20:01:18.645+0000] {processor.py:829} INFO - Processing file /home/airflow/.local/lib/python3.8/site-packages/airflow/example_dags/example_dynamic_task_mapping_with_no_taskflow_operators.py for tasks to queue
[2023-11-03T20:01:18.652+0000] {logging_mixin.py:151} INFO - [2023-11-03T20:01:18.650+0000] {dagbag.py:536} INFO - Filling up the DagBag from /home/airflow/.local/lib/python3.8/site-packages/airflow/example_dags/example_dynamic_task_mapping_with_no_taskflow_operators.py
[2023-11-03T20:01:18.676+0000] {processor.py:839} INFO - DAG(s) dict_keys(['example_dynamic_task_mapping_with_no_taskflow_operators']) retrieved from /home/airflow/.local/lib/python3.8/site-packages/airflow/example_dags/example_dynamic_task_mapping_with_no_taskflow_operators.py
[2023-11-03T20:01:18.731+0000] {logging_mixin.py:151} INFO - [2023-11-03T20:01:18.730+0000] {dag.py:2941} INFO - Sync 1 DAGs
[2023-11-03T20:01:18.791+0000] {logging_mixin.py:151} INFO - [2023-11-03T20:01:18.791+0000] {dag.py:3722} INFO - Setting next_dagrun for example_dynamic_task_mapping_with_no_taskflow_operators to 2023-11-02T20:01:18.790501+00:00, run_after=2023-11-03T20:01:18.790501+00:00
[2023-11-03T20:01:18.854+0000] {processor.py:179} INFO - Processing /home/airflow/.local/lib/python3.8/site-packages/airflow/example_dags/example_dynamic_task_mapping_with_no_taskflow_operators.py took 0.220 seconds
[2023-11-03T20:01:50.031+0000] {processor.py:157} INFO - Started process (PID=35801) to work on /home/airflow/.local/lib/python3.8/site-packages/airflow/example_dags/example_dynamic_task_mapping_with_no_taskflow_operators.py
[2023-11-03T20:01:50.034+0000] {processor.py:829} INFO - Processing file /home/airflow/.local/lib/python3.8/site-packages/airflow/example_dags/example_dynamic_task_mapping_with_no_taskflow_operators.py for tasks to queue
[2023-11-03T20:01:50.042+0000] {logging_mixin.py:151} INFO - [2023-11-03T20:01:50.041+0000] {dagbag.py:536} INFO - Filling up the DagBag from /home/airflow/.local/lib/python3.8/site-packages/airflow/example_dags/example_dynamic_task_mapping_with_no_taskflow_operators.py
[2023-11-03T20:01:50.066+0000] {processor.py:839} INFO - DAG(s) dict_keys(['example_dynamic_task_mapping_with_no_taskflow_operators']) retrieved from /home/airflow/.local/lib/python3.8/site-packages/airflow/example_dags/example_dynamic_task_mapping_with_no_taskflow_operators.py
[2023-11-03T20:01:50.121+0000] {logging_mixin.py:151} INFO - [2023-11-03T20:01:50.120+0000] {dag.py:2941} INFO - Sync 1 DAGs
[2023-11-03T20:01:50.179+0000] {logging_mixin.py:151} INFO - [2023-11-03T20:01:50.179+0000] {dag.py:3722} INFO - Setting next_dagrun for example_dynamic_task_mapping_with_no_taskflow_operators to 2023-11-02T20:01:50.178789+00:00, run_after=2023-11-03T20:01:50.178789+00:00
[2023-11-03T20:01:50.242+0000] {processor.py:179} INFO - Processing /home/airflow/.local/lib/python3.8/site-packages/airflow/example_dags/example_dynamic_task_mapping_with_no_taskflow_operators.py took 0.221 seconds
[2023-11-03T20:02:20.404+0000] {processor.py:157} INFO - Started process (PID=35863) to work on /home/airflow/.local/lib/python3.8/site-packages/airflow/example_dags/example_dynamic_task_mapping_with_no_taskflow_operators.py
[2023-11-03T20:02:20.407+0000] {processor.py:829} INFO - Processing file /home/airflow/.local/lib/python3.8/site-packages/airflow/example_dags/example_dynamic_task_mapping_with_no_taskflow_operators.py for tasks to queue
[2023-11-03T20:02:20.415+0000] {logging_mixin.py:151} INFO - [2023-11-03T20:02:20.414+0000] {dagbag.py:536} INFO - Filling up the DagBag from /home/airflow/.local/lib/python3.8/site-packages/airflow/example_dags/example_dynamic_task_mapping_with_no_taskflow_operators.py
[2023-11-03T20:02:20.437+0000] {processor.py:839} INFO - DAG(s) dict_keys(['example_dynamic_task_mapping_with_no_taskflow_operators']) retrieved from /home/airflow/.local/lib/python3.8/site-packages/airflow/example_dags/example_dynamic_task_mapping_with_no_taskflow_operators.py
[2023-11-03T20:02:20.494+0000] {logging_mixin.py:151} INFO - [2023-11-03T20:02:20.493+0000] {dag.py:2941} INFO - Sync 1 DAGs
[2023-11-03T20:02:20.558+0000] {logging_mixin.py:151} INFO - [2023-11-03T20:02:20.558+0000] {dag.py:3722} INFO - Setting next_dagrun for example_dynamic_task_mapping_with_no_taskflow_operators to 2023-11-02T20:02:20.557456+00:00, run_after=2023-11-03T20:02:20.557456+00:00
[2023-11-03T20:02:20.620+0000] {processor.py:179} INFO - Processing /home/airflow/.local/lib/python3.8/site-packages/airflow/example_dags/example_dynamic_task_mapping_with_no_taskflow_operators.py took 0.225 seconds
[2023-11-03T20:02:51.650+0000] {processor.py:157} INFO - Started process (PID=35925) to work on /home/airflow/.local/lib/python3.8/site-packages/airflow/example_dags/example_dynamic_task_mapping_with_no_taskflow_operators.py
[2023-11-03T20:02:51.652+0000] {processor.py:829} INFO - Processing file /home/airflow/.local/lib/python3.8/site-packages/airflow/example_dags/example_dynamic_task_mapping_with_no_taskflow_operators.py for tasks to queue
[2023-11-03T20:02:51.659+0000] {logging_mixin.py:151} INFO - [2023-11-03T20:02:51.657+0000] {dagbag.py:536} INFO - Filling up the DagBag from /home/airflow/.local/lib/python3.8/site-packages/airflow/example_dags/example_dynamic_task_mapping_with_no_taskflow_operators.py
[2023-11-03T20:02:51.680+0000] {processor.py:839} INFO - DAG(s) dict_keys(['example_dynamic_task_mapping_with_no_taskflow_operators']) retrieved from /home/airflow/.local/lib/python3.8/site-packages/airflow/example_dags/example_dynamic_task_mapping_with_no_taskflow_operators.py
[2023-11-03T20:02:51.791+0000] {logging_mixin.py:151} INFO - [2023-11-03T20:02:51.790+0000] {dag.py:2941} INFO - Sync 1 DAGs
[2023-11-03T20:02:51.961+0000] {logging_mixin.py:151} INFO - [2023-11-03T20:02:51.960+0000] {dag.py:3722} INFO - Setting next_dagrun for example_dynamic_task_mapping_with_no_taskflow_operators to 2023-11-02T20:02:51.959646+00:00, run_after=2023-11-03T20:02:51.959646+00:00
[2023-11-03T20:02:52.027+0000] {processor.py:179} INFO - Processing /home/airflow/.local/lib/python3.8/site-packages/airflow/example_dags/example_dynamic_task_mapping_with_no_taskflow_operators.py took 0.384 seconds
[2023-11-03T20:03:22.636+0000] {processor.py:157} INFO - Started process (PID=35988) to work on /home/airflow/.local/lib/python3.8/site-packages/airflow/example_dags/example_dynamic_task_mapping_with_no_taskflow_operators.py
[2023-11-03T20:03:22.640+0000] {processor.py:829} INFO - Processing file /home/airflow/.local/lib/python3.8/site-packages/airflow/example_dags/example_dynamic_task_mapping_with_no_taskflow_operators.py for tasks to queue
[2023-11-03T20:03:22.650+0000] {logging_mixin.py:151} INFO - [2023-11-03T20:03:22.648+0000] {dagbag.py:536} INFO - Filling up the DagBag from /home/airflow/.local/lib/python3.8/site-packages/airflow/example_dags/example_dynamic_task_mapping_with_no_taskflow_operators.py
[2023-11-03T20:03:22.684+0000] {processor.py:839} INFO - DAG(s) dict_keys(['example_dynamic_task_mapping_with_no_taskflow_operators']) retrieved from /home/airflow/.local/lib/python3.8/site-packages/airflow/example_dags/example_dynamic_task_mapping_with_no_taskflow_operators.py
[2023-11-03T20:03:22.747+0000] {logging_mixin.py:151} INFO - [2023-11-03T20:03:22.746+0000] {dag.py:2941} INFO - Sync 1 DAGs
[2023-11-03T20:03:22.806+0000] {logging_mixin.py:151} INFO - [2023-11-03T20:03:22.806+0000] {dag.py:3722} INFO - Setting next_dagrun for example_dynamic_task_mapping_with_no_taskflow_operators to 2023-11-02T20:03:22.805879+00:00, run_after=2023-11-03T20:03:22.805879+00:00
[2023-11-03T20:03:22.865+0000] {processor.py:179} INFO - Processing /home/airflow/.local/lib/python3.8/site-packages/airflow/example_dags/example_dynamic_task_mapping_with_no_taskflow_operators.py took 0.239 seconds
[2023-11-03T20:03:53.301+0000] {processor.py:157} INFO - Started process (PID=36051) to work on /home/airflow/.local/lib/python3.8/site-packages/airflow/example_dags/example_dynamic_task_mapping_with_no_taskflow_operators.py
[2023-11-03T20:03:53.304+0000] {processor.py:829} INFO - Processing file /home/airflow/.local/lib/python3.8/site-packages/airflow/example_dags/example_dynamic_task_mapping_with_no_taskflow_operators.py for tasks to queue
[2023-11-03T20:03:53.313+0000] {logging_mixin.py:151} INFO - [2023-11-03T20:03:53.312+0000] {dagbag.py:536} INFO - Filling up the DagBag from /home/airflow/.local/lib/python3.8/site-packages/airflow/example_dags/example_dynamic_task_mapping_with_no_taskflow_operators.py
[2023-11-03T20:03:53.334+0000] {processor.py:839} INFO - DAG(s) dict_keys(['example_dynamic_task_mapping_with_no_taskflow_operators']) retrieved from /home/airflow/.local/lib/python3.8/site-packages/airflow/example_dags/example_dynamic_task_mapping_with_no_taskflow_operators.py
[2023-11-03T20:03:53.387+0000] {logging_mixin.py:151} INFO - [2023-11-03T20:03:53.387+0000] {dag.py:2941} INFO - Sync 1 DAGs
[2023-11-03T20:03:53.470+0000] {logging_mixin.py:151} INFO - [2023-11-03T20:03:53.469+0000] {dag.py:3722} INFO - Setting next_dagrun for example_dynamic_task_mapping_with_no_taskflow_operators to 2023-11-02T20:03:53.468805+00:00, run_after=2023-11-03T20:03:53.468805+00:00
[2023-11-03T20:03:53.539+0000] {processor.py:179} INFO - Processing /home/airflow/.local/lib/python3.8/site-packages/airflow/example_dags/example_dynamic_task_mapping_with_no_taskflow_operators.py took 0.246 seconds
[2023-11-03T20:04:24.508+0000] {processor.py:157} INFO - Started process (PID=36112) to work on /home/airflow/.local/lib/python3.8/site-packages/airflow/example_dags/example_dynamic_task_mapping_with_no_taskflow_operators.py
[2023-11-03T20:04:24.512+0000] {processor.py:829} INFO - Processing file /home/airflow/.local/lib/python3.8/site-packages/airflow/example_dags/example_dynamic_task_mapping_with_no_taskflow_operators.py for tasks to queue
[2023-11-03T20:04:24.522+0000] {logging_mixin.py:151} INFO - [2023-11-03T20:04:24.521+0000] {dagbag.py:536} INFO - Filling up the DagBag from /home/airflow/.local/lib/python3.8/site-packages/airflow/example_dags/example_dynamic_task_mapping_with_no_taskflow_operators.py
[2023-11-03T20:04:24.545+0000] {processor.py:839} INFO - DAG(s) dict_keys(['example_dynamic_task_mapping_with_no_taskflow_operators']) retrieved from /home/airflow/.local/lib/python3.8/site-packages/airflow/example_dags/example_dynamic_task_mapping_with_no_taskflow_operators.py
[2023-11-03T20:04:24.617+0000] {logging_mixin.py:151} INFO - [2023-11-03T20:04:24.617+0000] {dag.py:2941} INFO - Sync 1 DAGs
[2023-11-03T20:04:24.678+0000] {logging_mixin.py:151} INFO - [2023-11-03T20:04:24.677+0000] {dag.py:3722} INFO - Setting next_dagrun for example_dynamic_task_mapping_with_no_taskflow_operators to 2023-11-02T20:04:24.677006+00:00, run_after=2023-11-03T20:04:24.677006+00:00
[2023-11-03T20:04:24.736+0000] {processor.py:179} INFO - Processing /home/airflow/.local/lib/python3.8/site-packages/airflow/example_dags/example_dynamic_task_mapping_with_no_taskflow_operators.py took 0.242 seconds
[2023-11-03T20:04:55.063+0000] {processor.py:157} INFO - Started process (PID=36174) to work on /home/airflow/.local/lib/python3.8/site-packages/airflow/example_dags/example_dynamic_task_mapping_with_no_taskflow_operators.py
[2023-11-03T20:04:55.067+0000] {processor.py:829} INFO - Processing file /home/airflow/.local/lib/python3.8/site-packages/airflow/example_dags/example_dynamic_task_mapping_with_no_taskflow_operators.py for tasks to queue
[2023-11-03T20:04:55.075+0000] {logging_mixin.py:151} INFO - [2023-11-03T20:04:55.073+0000] {dagbag.py:536} INFO - Filling up the DagBag from /home/airflow/.local/lib/python3.8/site-packages/airflow/example_dags/example_dynamic_task_mapping_with_no_taskflow_operators.py
[2023-11-03T20:04:55.093+0000] {processor.py:839} INFO - DAG(s) dict_keys(['example_dynamic_task_mapping_with_no_taskflow_operators']) retrieved from /home/airflow/.local/lib/python3.8/site-packages/airflow/example_dags/example_dynamic_task_mapping_with_no_taskflow_operators.py
[2023-11-03T20:04:55.154+0000] {logging_mixin.py:151} INFO - [2023-11-03T20:04:55.153+0000] {dag.py:2941} INFO - Sync 1 DAGs
[2023-11-03T20:04:55.238+0000] {logging_mixin.py:151} INFO - [2023-11-03T20:04:55.237+0000] {dag.py:3722} INFO - Setting next_dagrun for example_dynamic_task_mapping_with_no_taskflow_operators to 2023-11-02T20:04:55.236274+00:00, run_after=2023-11-03T20:04:55.236274+00:00
[2023-11-03T20:04:55.316+0000] {processor.py:179} INFO - Processing /home/airflow/.local/lib/python3.8/site-packages/airflow/example_dags/example_dynamic_task_mapping_with_no_taskflow_operators.py took 0.266 seconds
[2023-11-03T20:05:25.786+0000] {processor.py:157} INFO - Started process (PID=36236) to work on /home/airflow/.local/lib/python3.8/site-packages/airflow/example_dags/example_dynamic_task_mapping_with_no_taskflow_operators.py
[2023-11-03T20:05:25.795+0000] {processor.py:829} INFO - Processing file /home/airflow/.local/lib/python3.8/site-packages/airflow/example_dags/example_dynamic_task_mapping_with_no_taskflow_operators.py for tasks to queue
[2023-11-03T20:05:25.808+0000] {logging_mixin.py:151} INFO - [2023-11-03T20:05:25.807+0000] {dagbag.py:536} INFO - Filling up the DagBag from /home/airflow/.local/lib/python3.8/site-packages/airflow/example_dags/example_dynamic_task_mapping_with_no_taskflow_operators.py
[2023-11-03T20:05:25.843+0000] {processor.py:839} INFO - DAG(s) dict_keys(['example_dynamic_task_mapping_with_no_taskflow_operators']) retrieved from /home/airflow/.local/lib/python3.8/site-packages/airflow/example_dags/example_dynamic_task_mapping_with_no_taskflow_operators.py
[2023-11-03T20:05:25.949+0000] {logging_mixin.py:151} INFO - [2023-11-03T20:05:25.948+0000] {dag.py:2941} INFO - Sync 1 DAGs
[2023-11-03T20:05:26.043+0000] {logging_mixin.py:151} INFO - [2023-11-03T20:05:26.043+0000] {dag.py:3722} INFO - Setting next_dagrun for example_dynamic_task_mapping_with_no_taskflow_operators to 2023-11-02T20:05:26.042327+00:00, run_after=2023-11-03T20:05:26.042327+00:00
[2023-11-03T20:05:26.105+0000] {processor.py:179} INFO - Processing /home/airflow/.local/lib/python3.8/site-packages/airflow/example_dags/example_dynamic_task_mapping_with_no_taskflow_operators.py took 0.334 seconds
[2023-11-03T20:05:56.499+0000] {processor.py:157} INFO - Started process (PID=36298) to work on /home/airflow/.local/lib/python3.8/site-packages/airflow/example_dags/example_dynamic_task_mapping_with_no_taskflow_operators.py
[2023-11-03T20:05:56.502+0000] {processor.py:829} INFO - Processing file /home/airflow/.local/lib/python3.8/site-packages/airflow/example_dags/example_dynamic_task_mapping_with_no_taskflow_operators.py for tasks to queue
[2023-11-03T20:05:56.509+0000] {logging_mixin.py:151} INFO - [2023-11-03T20:05:56.508+0000] {dagbag.py:536} INFO - Filling up the DagBag from /home/airflow/.local/lib/python3.8/site-packages/airflow/example_dags/example_dynamic_task_mapping_with_no_taskflow_operators.py
[2023-11-03T20:05:56.529+0000] {processor.py:839} INFO - DAG(s) dict_keys(['example_dynamic_task_mapping_with_no_taskflow_operators']) retrieved from /home/airflow/.local/lib/python3.8/site-packages/airflow/example_dags/example_dynamic_task_mapping_with_no_taskflow_operators.py
[2023-11-03T20:05:56.588+0000] {logging_mixin.py:151} INFO - [2023-11-03T20:05:56.587+0000] {dag.py:2941} INFO - Sync 1 DAGs
[2023-11-03T20:05:56.655+0000] {logging_mixin.py:151} INFO - [2023-11-03T20:05:56.655+0000] {dag.py:3722} INFO - Setting next_dagrun for example_dynamic_task_mapping_with_no_taskflow_operators to 2023-11-02T20:05:56.654509+00:00, run_after=2023-11-03T20:05:56.654509+00:00
[2023-11-03T20:05:56.725+0000] {processor.py:179} INFO - Processing /home/airflow/.local/lib/python3.8/site-packages/airflow/example_dags/example_dynamic_task_mapping_with_no_taskflow_operators.py took 0.234 seconds
