[2023-11-03T19:42:46.022+0000] {processor.py:157} INFO - Started process (PID=33499) to work on /home/airflow/.local/lib/python3.8/site-packages/airflow/example_dags/example_bash_operator.py
[2023-11-03T19:42:46.024+0000] {processor.py:829} INFO - Processing file /home/airflow/.local/lib/python3.8/site-packages/airflow/example_dags/example_bash_operator.py for tasks to queue
[2023-11-03T19:42:46.032+0000] {logging_mixin.py:151} INFO - [2023-11-03T19:42:46.030+0000] {dagbag.py:536} INFO - Filling up the DagBag from /home/airflow/.local/lib/python3.8/site-packages/airflow/example_dags/example_bash_operator.py
[2023-11-03T19:42:46.062+0000] {processor.py:839} INFO - DAG(s) dict_keys(['example_bash_operator']) retrieved from /home/airflow/.local/lib/python3.8/site-packages/airflow/example_dags/example_bash_operator.py
[2023-11-03T19:42:46.162+0000] {logging_mixin.py:151} INFO - [2023-11-03T19:42:46.161+0000] {dag.py:2941} INFO - Sync 1 DAGs
[2023-11-03T19:42:46.226+0000] {logging_mixin.py:151} INFO - [2023-11-03T19:42:46.226+0000] {dag.py:3722} INFO - Setting next_dagrun for example_bash_operator to 2023-11-02T00:00:00+00:00, run_after=2023-11-03T00:00:00+00:00
[2023-11-03T19:42:46.672+0000] {processor.py:179} INFO - Processing /home/airflow/.local/lib/python3.8/site-packages/airflow/example_dags/example_bash_operator.py took 0.661 seconds
[2023-11-03T19:43:16.870+0000] {processor.py:157} INFO - Started process (PID=33561) to work on /home/airflow/.local/lib/python3.8/site-packages/airflow/example_dags/example_bash_operator.py
[2023-11-03T19:43:16.874+0000] {processor.py:829} INFO - Processing file /home/airflow/.local/lib/python3.8/site-packages/airflow/example_dags/example_bash_operator.py for tasks to queue
[2023-11-03T19:43:16.883+0000] {logging_mixin.py:151} INFO - [2023-11-03T19:43:16.881+0000] {dagbag.py:536} INFO - Filling up the DagBag from /home/airflow/.local/lib/python3.8/site-packages/airflow/example_dags/example_bash_operator.py
[2023-11-03T19:43:16.921+0000] {processor.py:839} INFO - DAG(s) dict_keys(['example_bash_operator']) retrieved from /home/airflow/.local/lib/python3.8/site-packages/airflow/example_dags/example_bash_operator.py
[2023-11-03T19:43:17.023+0000] {logging_mixin.py:151} INFO - [2023-11-03T19:43:17.022+0000] {dag.py:2941} INFO - Sync 1 DAGs
[2023-11-03T19:43:17.130+0000] {logging_mixin.py:151} INFO - [2023-11-03T19:43:17.129+0000] {dag.py:3722} INFO - Setting next_dagrun for example_bash_operator to 2023-11-02T00:00:00+00:00, run_after=2023-11-03T00:00:00+00:00
[2023-11-03T19:43:17.251+0000] {processor.py:179} INFO - Processing /home/airflow/.local/lib/python3.8/site-packages/airflow/example_dags/example_bash_operator.py took 0.393 seconds
[2023-11-03T19:43:47.958+0000] {processor.py:157} INFO - Started process (PID=33623) to work on /home/airflow/.local/lib/python3.8/site-packages/airflow/example_dags/example_bash_operator.py
[2023-11-03T19:43:47.962+0000] {processor.py:829} INFO - Processing file /home/airflow/.local/lib/python3.8/site-packages/airflow/example_dags/example_bash_operator.py for tasks to queue
[2023-11-03T19:43:47.970+0000] {logging_mixin.py:151} INFO - [2023-11-03T19:43:47.969+0000] {dagbag.py:536} INFO - Filling up the DagBag from /home/airflow/.local/lib/python3.8/site-packages/airflow/example_dags/example_bash_operator.py
[2023-11-03T19:43:48.004+0000] {processor.py:839} INFO - DAG(s) dict_keys(['example_bash_operator']) retrieved from /home/airflow/.local/lib/python3.8/site-packages/airflow/example_dags/example_bash_operator.py
[2023-11-03T19:43:48.088+0000] {logging_mixin.py:151} INFO - [2023-11-03T19:43:48.088+0000] {dag.py:2941} INFO - Sync 1 DAGs
[2023-11-03T19:43:48.162+0000] {logging_mixin.py:151} INFO - [2023-11-03T19:43:48.162+0000] {dag.py:3722} INFO - Setting next_dagrun for example_bash_operator to 2023-11-02T00:00:00+00:00, run_after=2023-11-03T00:00:00+00:00
[2023-11-03T19:43:48.240+0000] {processor.py:179} INFO - Processing /home/airflow/.local/lib/python3.8/site-packages/airflow/example_dags/example_bash_operator.py took 0.296 seconds
[2023-11-03T19:44:18.585+0000] {processor.py:157} INFO - Started process (PID=33685) to work on /home/airflow/.local/lib/python3.8/site-packages/airflow/example_dags/example_bash_operator.py
[2023-11-03T19:44:18.588+0000] {processor.py:829} INFO - Processing file /home/airflow/.local/lib/python3.8/site-packages/airflow/example_dags/example_bash_operator.py for tasks to queue
[2023-11-03T19:44:18.595+0000] {logging_mixin.py:151} INFO - [2023-11-03T19:44:18.594+0000] {dagbag.py:536} INFO - Filling up the DagBag from /home/airflow/.local/lib/python3.8/site-packages/airflow/example_dags/example_bash_operator.py
[2023-11-03T19:44:18.629+0000] {processor.py:839} INFO - DAG(s) dict_keys(['example_bash_operator']) retrieved from /home/airflow/.local/lib/python3.8/site-packages/airflow/example_dags/example_bash_operator.py
[2023-11-03T19:44:18.724+0000] {logging_mixin.py:151} INFO - [2023-11-03T19:44:18.723+0000] {dag.py:2941} INFO - Sync 1 DAGs
[2023-11-03T19:44:18.790+0000] {logging_mixin.py:151} INFO - [2023-11-03T19:44:18.789+0000] {dag.py:3722} INFO - Setting next_dagrun for example_bash_operator to 2023-11-02T00:00:00+00:00, run_after=2023-11-03T00:00:00+00:00
[2023-11-03T19:44:18.846+0000] {processor.py:179} INFO - Processing /home/airflow/.local/lib/python3.8/site-packages/airflow/example_dags/example_bash_operator.py took 0.272 seconds
[2023-11-03T19:44:49.535+0000] {processor.py:157} INFO - Started process (PID=33747) to work on /home/airflow/.local/lib/python3.8/site-packages/airflow/example_dags/example_bash_operator.py
[2023-11-03T19:44:49.538+0000] {processor.py:829} INFO - Processing file /home/airflow/.local/lib/python3.8/site-packages/airflow/example_dags/example_bash_operator.py for tasks to queue
[2023-11-03T19:44:49.547+0000] {logging_mixin.py:151} INFO - [2023-11-03T19:44:49.546+0000] {dagbag.py:536} INFO - Filling up the DagBag from /home/airflow/.local/lib/python3.8/site-packages/airflow/example_dags/example_bash_operator.py
[2023-11-03T19:44:49.583+0000] {processor.py:839} INFO - DAG(s) dict_keys(['example_bash_operator']) retrieved from /home/airflow/.local/lib/python3.8/site-packages/airflow/example_dags/example_bash_operator.py
[2023-11-03T19:44:49.670+0000] {logging_mixin.py:151} INFO - [2023-11-03T19:44:49.670+0000] {dag.py:2941} INFO - Sync 1 DAGs
[2023-11-03T19:44:49.758+0000] {logging_mixin.py:151} INFO - [2023-11-03T19:44:49.757+0000] {dag.py:3722} INFO - Setting next_dagrun for example_bash_operator to 2023-11-02T00:00:00+00:00, run_after=2023-11-03T00:00:00+00:00
[2023-11-03T19:44:49.929+0000] {processor.py:179} INFO - Processing /home/airflow/.local/lib/python3.8/site-packages/airflow/example_dags/example_bash_operator.py took 0.405 seconds
[2023-11-03T19:45:20.168+0000] {processor.py:157} INFO - Started process (PID=33810) to work on /home/airflow/.local/lib/python3.8/site-packages/airflow/example_dags/example_bash_operator.py
[2023-11-03T19:45:20.170+0000] {processor.py:829} INFO - Processing file /home/airflow/.local/lib/python3.8/site-packages/airflow/example_dags/example_bash_operator.py for tasks to queue
[2023-11-03T19:45:20.176+0000] {logging_mixin.py:151} INFO - [2023-11-03T19:45:20.175+0000] {dagbag.py:536} INFO - Filling up the DagBag from /home/airflow/.local/lib/python3.8/site-packages/airflow/example_dags/example_bash_operator.py
[2023-11-03T19:45:20.231+0000] {processor.py:839} INFO - DAG(s) dict_keys(['example_bash_operator']) retrieved from /home/airflow/.local/lib/python3.8/site-packages/airflow/example_dags/example_bash_operator.py
[2023-11-03T19:45:20.341+0000] {logging_mixin.py:151} INFO - [2023-11-03T19:45:20.340+0000] {dag.py:2941} INFO - Sync 1 DAGs
[2023-11-03T19:45:20.404+0000] {logging_mixin.py:151} INFO - [2023-11-03T19:45:20.403+0000] {dag.py:3722} INFO - Setting next_dagrun for example_bash_operator to 2023-11-02T00:00:00+00:00, run_after=2023-11-03T00:00:00+00:00
[2023-11-03T19:45:20.460+0000] {processor.py:179} INFO - Processing /home/airflow/.local/lib/python3.8/site-packages/airflow/example_dags/example_bash_operator.py took 0.299 seconds
[2023-11-03T19:45:51.072+0000] {processor.py:157} INFO - Started process (PID=33872) to work on /home/airflow/.local/lib/python3.8/site-packages/airflow/example_dags/example_bash_operator.py
[2023-11-03T19:45:51.075+0000] {processor.py:829} INFO - Processing file /home/airflow/.local/lib/python3.8/site-packages/airflow/example_dags/example_bash_operator.py for tasks to queue
[2023-11-03T19:45:51.082+0000] {logging_mixin.py:151} INFO - [2023-11-03T19:45:51.081+0000] {dagbag.py:536} INFO - Filling up the DagBag from /home/airflow/.local/lib/python3.8/site-packages/airflow/example_dags/example_bash_operator.py
[2023-11-03T19:45:51.110+0000] {processor.py:839} INFO - DAG(s) dict_keys(['example_bash_operator']) retrieved from /home/airflow/.local/lib/python3.8/site-packages/airflow/example_dags/example_bash_operator.py
[2023-11-03T19:45:51.195+0000] {logging_mixin.py:151} INFO - [2023-11-03T19:45:51.195+0000] {dag.py:2941} INFO - Sync 1 DAGs
[2023-11-03T19:45:51.256+0000] {logging_mixin.py:151} INFO - [2023-11-03T19:45:51.255+0000] {dag.py:3722} INFO - Setting next_dagrun for example_bash_operator to 2023-11-02T00:00:00+00:00, run_after=2023-11-03T00:00:00+00:00
[2023-11-03T19:45:51.313+0000] {processor.py:179} INFO - Processing /home/airflow/.local/lib/python3.8/site-packages/airflow/example_dags/example_bash_operator.py took 0.248 seconds
[2023-11-03T19:46:21.962+0000] {processor.py:157} INFO - Started process (PID=33934) to work on /home/airflow/.local/lib/python3.8/site-packages/airflow/example_dags/example_bash_operator.py
[2023-11-03T19:46:21.965+0000] {processor.py:829} INFO - Processing file /home/airflow/.local/lib/python3.8/site-packages/airflow/example_dags/example_bash_operator.py for tasks to queue
[2023-11-03T19:46:21.973+0000] {logging_mixin.py:151} INFO - [2023-11-03T19:46:21.972+0000] {dagbag.py:536} INFO - Filling up the DagBag from /home/airflow/.local/lib/python3.8/site-packages/airflow/example_dags/example_bash_operator.py
[2023-11-03T19:46:22.007+0000] {processor.py:839} INFO - DAG(s) dict_keys(['example_bash_operator']) retrieved from /home/airflow/.local/lib/python3.8/site-packages/airflow/example_dags/example_bash_operator.py
[2023-11-03T19:46:22.083+0000] {logging_mixin.py:151} INFO - [2023-11-03T19:46:22.083+0000] {dag.py:2941} INFO - Sync 1 DAGs
[2023-11-03T19:46:22.143+0000] {logging_mixin.py:151} INFO - [2023-11-03T19:46:22.142+0000] {dag.py:3722} INFO - Setting next_dagrun for example_bash_operator to 2023-11-02T00:00:00+00:00, run_after=2023-11-03T00:00:00+00:00
[2023-11-03T19:46:22.207+0000] {processor.py:179} INFO - Processing /home/airflow/.local/lib/python3.8/site-packages/airflow/example_dags/example_bash_operator.py took 0.256 seconds
[2023-11-03T19:46:52.804+0000] {processor.py:157} INFO - Started process (PID=33996) to work on /home/airflow/.local/lib/python3.8/site-packages/airflow/example_dags/example_bash_operator.py
[2023-11-03T19:46:52.806+0000] {processor.py:829} INFO - Processing file /home/airflow/.local/lib/python3.8/site-packages/airflow/example_dags/example_bash_operator.py for tasks to queue
[2023-11-03T19:46:52.813+0000] {logging_mixin.py:151} INFO - [2023-11-03T19:46:52.812+0000] {dagbag.py:536} INFO - Filling up the DagBag from /home/airflow/.local/lib/python3.8/site-packages/airflow/example_dags/example_bash_operator.py
[2023-11-03T19:46:52.847+0000] {processor.py:839} INFO - DAG(s) dict_keys(['example_bash_operator']) retrieved from /home/airflow/.local/lib/python3.8/site-packages/airflow/example_dags/example_bash_operator.py
[2023-11-03T19:46:52.934+0000] {logging_mixin.py:151} INFO - [2023-11-03T19:46:52.933+0000] {dag.py:2941} INFO - Sync 1 DAGs
[2023-11-03T19:46:53.008+0000] {logging_mixin.py:151} INFO - [2023-11-03T19:46:53.007+0000] {dag.py:3722} INFO - Setting next_dagrun for example_bash_operator to 2023-11-02T00:00:00+00:00, run_after=2023-11-03T00:00:00+00:00
[2023-11-03T19:46:53.072+0000] {processor.py:179} INFO - Processing /home/airflow/.local/lib/python3.8/site-packages/airflow/example_dags/example_bash_operator.py took 0.274 seconds
[2023-11-03T19:47:23.985+0000] {processor.py:157} INFO - Started process (PID=34058) to work on /home/airflow/.local/lib/python3.8/site-packages/airflow/example_dags/example_bash_operator.py
[2023-11-03T19:47:23.988+0000] {processor.py:829} INFO - Processing file /home/airflow/.local/lib/python3.8/site-packages/airflow/example_dags/example_bash_operator.py for tasks to queue
[2023-11-03T19:47:23.995+0000] {logging_mixin.py:151} INFO - [2023-11-03T19:47:23.993+0000] {dagbag.py:536} INFO - Filling up the DagBag from /home/airflow/.local/lib/python3.8/site-packages/airflow/example_dags/example_bash_operator.py
[2023-11-03T19:47:24.028+0000] {processor.py:839} INFO - DAG(s) dict_keys(['example_bash_operator']) retrieved from /home/airflow/.local/lib/python3.8/site-packages/airflow/example_dags/example_bash_operator.py
[2023-11-03T19:47:24.100+0000] {logging_mixin.py:151} INFO - [2023-11-03T19:47:24.099+0000] {dag.py:2941} INFO - Sync 1 DAGs
[2023-11-03T19:47:24.182+0000] {logging_mixin.py:151} INFO - [2023-11-03T19:47:24.181+0000] {dag.py:3722} INFO - Setting next_dagrun for example_bash_operator to 2023-11-02T00:00:00+00:00, run_after=2023-11-03T00:00:00+00:00
[2023-11-03T19:47:24.254+0000] {processor.py:179} INFO - Processing /home/airflow/.local/lib/python3.8/site-packages/airflow/example_dags/example_bash_operator.py took 0.278 seconds
[2023-11-03T19:47:54.394+0000] {processor.py:157} INFO - Started process (PID=34120) to work on /home/airflow/.local/lib/python3.8/site-packages/airflow/example_dags/example_bash_operator.py
[2023-11-03T19:47:54.396+0000] {processor.py:829} INFO - Processing file /home/airflow/.local/lib/python3.8/site-packages/airflow/example_dags/example_bash_operator.py for tasks to queue
[2023-11-03T19:47:54.404+0000] {logging_mixin.py:151} INFO - [2023-11-03T19:47:54.402+0000] {dagbag.py:536} INFO - Filling up the DagBag from /home/airflow/.local/lib/python3.8/site-packages/airflow/example_dags/example_bash_operator.py
[2023-11-03T19:47:54.444+0000] {processor.py:839} INFO - DAG(s) dict_keys(['example_bash_operator']) retrieved from /home/airflow/.local/lib/python3.8/site-packages/airflow/example_dags/example_bash_operator.py
[2023-11-03T19:47:54.530+0000] {logging_mixin.py:151} INFO - [2023-11-03T19:47:54.529+0000] {dag.py:2941} INFO - Sync 1 DAGs
[2023-11-03T19:47:54.587+0000] {logging_mixin.py:151} INFO - [2023-11-03T19:47:54.587+0000] {dag.py:3722} INFO - Setting next_dagrun for example_bash_operator to 2023-11-02T00:00:00+00:00, run_after=2023-11-03T00:00:00+00:00
[2023-11-03T19:47:54.641+0000] {processor.py:179} INFO - Processing /home/airflow/.local/lib/python3.8/site-packages/airflow/example_dags/example_bash_operator.py took 0.256 seconds
[2023-11-03T19:48:25.172+0000] {processor.py:157} INFO - Started process (PID=34182) to work on /home/airflow/.local/lib/python3.8/site-packages/airflow/example_dags/example_bash_operator.py
[2023-11-03T19:48:25.175+0000] {processor.py:829} INFO - Processing file /home/airflow/.local/lib/python3.8/site-packages/airflow/example_dags/example_bash_operator.py for tasks to queue
[2023-11-03T19:48:25.181+0000] {logging_mixin.py:151} INFO - [2023-11-03T19:48:25.180+0000] {dagbag.py:536} INFO - Filling up the DagBag from /home/airflow/.local/lib/python3.8/site-packages/airflow/example_dags/example_bash_operator.py
[2023-11-03T19:48:25.218+0000] {processor.py:839} INFO - DAG(s) dict_keys(['example_bash_operator']) retrieved from /home/airflow/.local/lib/python3.8/site-packages/airflow/example_dags/example_bash_operator.py
[2023-11-03T19:48:25.285+0000] {logging_mixin.py:151} INFO - [2023-11-03T19:48:25.285+0000] {dag.py:2941} INFO - Sync 1 DAGs
[2023-11-03T19:48:25.339+0000] {logging_mixin.py:151} INFO - [2023-11-03T19:48:25.339+0000] {dag.py:3722} INFO - Setting next_dagrun for example_bash_operator to 2023-11-02T00:00:00+00:00, run_after=2023-11-03T00:00:00+00:00
[2023-11-03T19:48:25.394+0000] {processor.py:179} INFO - Processing /home/airflow/.local/lib/python3.8/site-packages/airflow/example_dags/example_bash_operator.py took 0.233 seconds
[2023-11-03T19:48:56.188+0000] {processor.py:157} INFO - Started process (PID=34244) to work on /home/airflow/.local/lib/python3.8/site-packages/airflow/example_dags/example_bash_operator.py
[2023-11-03T19:48:56.192+0000] {processor.py:829} INFO - Processing file /home/airflow/.local/lib/python3.8/site-packages/airflow/example_dags/example_bash_operator.py for tasks to queue
[2023-11-03T19:48:56.203+0000] {logging_mixin.py:151} INFO - [2023-11-03T19:48:56.201+0000] {dagbag.py:536} INFO - Filling up the DagBag from /home/airflow/.local/lib/python3.8/site-packages/airflow/example_dags/example_bash_operator.py
[2023-11-03T19:48:56.232+0000] {processor.py:839} INFO - DAG(s) dict_keys(['example_bash_operator']) retrieved from /home/airflow/.local/lib/python3.8/site-packages/airflow/example_dags/example_bash_operator.py
[2023-11-03T19:48:56.340+0000] {logging_mixin.py:151} INFO - [2023-11-03T19:48:56.339+0000] {dag.py:2941} INFO - Sync 1 DAGs
[2023-11-03T19:48:56.403+0000] {logging_mixin.py:151} INFO - [2023-11-03T19:48:56.402+0000] {dag.py:3722} INFO - Setting next_dagrun for example_bash_operator to 2023-11-02T00:00:00+00:00, run_after=2023-11-03T00:00:00+00:00
[2023-11-03T19:48:56.459+0000] {processor.py:179} INFO - Processing /home/airflow/.local/lib/python3.8/site-packages/airflow/example_dags/example_bash_operator.py took 0.283 seconds
[2023-11-03T19:49:26.822+0000] {processor.py:157} INFO - Started process (PID=34306) to work on /home/airflow/.local/lib/python3.8/site-packages/airflow/example_dags/example_bash_operator.py
[2023-11-03T19:49:26.825+0000] {processor.py:829} INFO - Processing file /home/airflow/.local/lib/python3.8/site-packages/airflow/example_dags/example_bash_operator.py for tasks to queue
[2023-11-03T19:49:26.833+0000] {logging_mixin.py:151} INFO - [2023-11-03T19:49:26.832+0000] {dagbag.py:536} INFO - Filling up the DagBag from /home/airflow/.local/lib/python3.8/site-packages/airflow/example_dags/example_bash_operator.py
[2023-11-03T19:49:26.872+0000] {processor.py:839} INFO - DAG(s) dict_keys(['example_bash_operator']) retrieved from /home/airflow/.local/lib/python3.8/site-packages/airflow/example_dags/example_bash_operator.py
[2023-11-03T19:49:26.942+0000] {logging_mixin.py:151} INFO - [2023-11-03T19:49:26.941+0000] {dag.py:2941} INFO - Sync 1 DAGs
[2023-11-03T19:49:26.997+0000] {logging_mixin.py:151} INFO - [2023-11-03T19:49:26.996+0000] {dag.py:3722} INFO - Setting next_dagrun for example_bash_operator to 2023-11-02T00:00:00+00:00, run_after=2023-11-03T00:00:00+00:00
[2023-11-03T19:49:27.050+0000] {processor.py:179} INFO - Processing /home/airflow/.local/lib/python3.8/site-packages/airflow/example_dags/example_bash_operator.py took 0.236 seconds
[2023-11-03T19:49:57.674+0000] {processor.py:157} INFO - Started process (PID=34368) to work on /home/airflow/.local/lib/python3.8/site-packages/airflow/example_dags/example_bash_operator.py
[2023-11-03T19:49:57.677+0000] {processor.py:829} INFO - Processing file /home/airflow/.local/lib/python3.8/site-packages/airflow/example_dags/example_bash_operator.py for tasks to queue
[2023-11-03T19:49:57.685+0000] {logging_mixin.py:151} INFO - [2023-11-03T19:49:57.683+0000] {dagbag.py:536} INFO - Filling up the DagBag from /home/airflow/.local/lib/python3.8/site-packages/airflow/example_dags/example_bash_operator.py
[2023-11-03T19:49:57.789+0000] {processor.py:839} INFO - DAG(s) dict_keys(['example_bash_operator']) retrieved from /home/airflow/.local/lib/python3.8/site-packages/airflow/example_dags/example_bash_operator.py
[2023-11-03T19:49:58.016+0000] {logging_mixin.py:151} INFO - [2023-11-03T19:49:58.016+0000] {dag.py:2941} INFO - Sync 1 DAGs
[2023-11-03T19:49:58.086+0000] {logging_mixin.py:151} INFO - [2023-11-03T19:49:58.085+0000] {dag.py:3722} INFO - Setting next_dagrun for example_bash_operator to 2023-11-02T00:00:00+00:00, run_after=2023-11-03T00:00:00+00:00
[2023-11-03T19:49:58.144+0000] {processor.py:179} INFO - Processing /home/airflow/.local/lib/python3.8/site-packages/airflow/example_dags/example_bash_operator.py took 0.480 seconds
[2023-11-03T19:50:28.745+0000] {processor.py:157} INFO - Started process (PID=34430) to work on /home/airflow/.local/lib/python3.8/site-packages/airflow/example_dags/example_bash_operator.py
[2023-11-03T19:50:28.748+0000] {processor.py:829} INFO - Processing file /home/airflow/.local/lib/python3.8/site-packages/airflow/example_dags/example_bash_operator.py for tasks to queue
[2023-11-03T19:50:28.754+0000] {logging_mixin.py:151} INFO - [2023-11-03T19:50:28.753+0000] {dagbag.py:536} INFO - Filling up the DagBag from /home/airflow/.local/lib/python3.8/site-packages/airflow/example_dags/example_bash_operator.py
[2023-11-03T19:50:28.792+0000] {processor.py:839} INFO - DAG(s) dict_keys(['example_bash_operator']) retrieved from /home/airflow/.local/lib/python3.8/site-packages/airflow/example_dags/example_bash_operator.py
[2023-11-03T19:50:28.902+0000] {logging_mixin.py:151} INFO - [2023-11-03T19:50:28.902+0000] {dag.py:2941} INFO - Sync 1 DAGs
[2023-11-03T19:50:28.986+0000] {logging_mixin.py:151} INFO - [2023-11-03T19:50:28.985+0000] {dag.py:3722} INFO - Setting next_dagrun for example_bash_operator to 2023-11-02T00:00:00+00:00, run_after=2023-11-03T00:00:00+00:00
[2023-11-03T19:50:29.045+0000] {processor.py:179} INFO - Processing /home/airflow/.local/lib/python3.8/site-packages/airflow/example_dags/example_bash_operator.py took 0.307 seconds
[2023-11-03T19:51:00.138+0000] {processor.py:157} INFO - Started process (PID=34492) to work on /home/airflow/.local/lib/python3.8/site-packages/airflow/example_dags/example_bash_operator.py
[2023-11-03T19:51:00.140+0000] {processor.py:829} INFO - Processing file /home/airflow/.local/lib/python3.8/site-packages/airflow/example_dags/example_bash_operator.py for tasks to queue
[2023-11-03T19:51:00.147+0000] {logging_mixin.py:151} INFO - [2023-11-03T19:51:00.145+0000] {dagbag.py:536} INFO - Filling up the DagBag from /home/airflow/.local/lib/python3.8/site-packages/airflow/example_dags/example_bash_operator.py
[2023-11-03T19:51:00.178+0000] {processor.py:839} INFO - DAG(s) dict_keys(['example_bash_operator']) retrieved from /home/airflow/.local/lib/python3.8/site-packages/airflow/example_dags/example_bash_operator.py
[2023-11-03T19:51:00.265+0000] {logging_mixin.py:151} INFO - [2023-11-03T19:51:00.264+0000] {dag.py:2941} INFO - Sync 1 DAGs
[2023-11-03T19:51:00.328+0000] {logging_mixin.py:151} INFO - [2023-11-03T19:51:00.327+0000] {dag.py:3722} INFO - Setting next_dagrun for example_bash_operator to 2023-11-02T00:00:00+00:00, run_after=2023-11-03T00:00:00+00:00
[2023-11-03T19:51:00.384+0000] {processor.py:179} INFO - Processing /home/airflow/.local/lib/python3.8/site-packages/airflow/example_dags/example_bash_operator.py took 0.253 seconds
[2023-11-03T19:51:31.076+0000] {processor.py:157} INFO - Started process (PID=34555) to work on /home/airflow/.local/lib/python3.8/site-packages/airflow/example_dags/example_bash_operator.py
[2023-11-03T19:51:31.079+0000] {processor.py:829} INFO - Processing file /home/airflow/.local/lib/python3.8/site-packages/airflow/example_dags/example_bash_operator.py for tasks to queue
[2023-11-03T19:51:31.087+0000] {logging_mixin.py:151} INFO - [2023-11-03T19:51:31.086+0000] {dagbag.py:536} INFO - Filling up the DagBag from /home/airflow/.local/lib/python3.8/site-packages/airflow/example_dags/example_bash_operator.py
[2023-11-03T19:51:31.139+0000] {processor.py:839} INFO - DAG(s) dict_keys(['example_bash_operator']) retrieved from /home/airflow/.local/lib/python3.8/site-packages/airflow/example_dags/example_bash_operator.py
[2023-11-03T19:51:31.224+0000] {logging_mixin.py:151} INFO - [2023-11-03T19:51:31.223+0000] {dag.py:2941} INFO - Sync 1 DAGs
[2023-11-03T19:51:31.285+0000] {logging_mixin.py:151} INFO - [2023-11-03T19:51:31.284+0000] {dag.py:3722} INFO - Setting next_dagrun for example_bash_operator to 2023-11-02T00:00:00+00:00, run_after=2023-11-03T00:00:00+00:00
[2023-11-03T19:51:31.342+0000] {processor.py:179} INFO - Processing /home/airflow/.local/lib/python3.8/site-packages/airflow/example_dags/example_bash_operator.py took 0.273 seconds
[2023-11-03T19:52:01.552+0000] {processor.py:157} INFO - Started process (PID=34617) to work on /home/airflow/.local/lib/python3.8/site-packages/airflow/example_dags/example_bash_operator.py
[2023-11-03T19:52:01.555+0000] {processor.py:829} INFO - Processing file /home/airflow/.local/lib/python3.8/site-packages/airflow/example_dags/example_bash_operator.py for tasks to queue
[2023-11-03T19:52:01.562+0000] {logging_mixin.py:151} INFO - [2023-11-03T19:52:01.561+0000] {dagbag.py:536} INFO - Filling up the DagBag from /home/airflow/.local/lib/python3.8/site-packages/airflow/example_dags/example_bash_operator.py
[2023-11-03T19:52:01.596+0000] {processor.py:839} INFO - DAG(s) dict_keys(['example_bash_operator']) retrieved from /home/airflow/.local/lib/python3.8/site-packages/airflow/example_dags/example_bash_operator.py
[2023-11-03T19:52:01.676+0000] {logging_mixin.py:151} INFO - [2023-11-03T19:52:01.676+0000] {dag.py:2941} INFO - Sync 1 DAGs
[2023-11-03T19:52:01.745+0000] {logging_mixin.py:151} INFO - [2023-11-03T19:52:01.745+0000] {dag.py:3722} INFO - Setting next_dagrun for example_bash_operator to 2023-11-02T00:00:00+00:00, run_after=2023-11-03T00:00:00+00:00
[2023-11-03T19:52:01.804+0000] {processor.py:179} INFO - Processing /home/airflow/.local/lib/python3.8/site-packages/airflow/example_dags/example_bash_operator.py took 0.260 seconds
[2023-11-03T19:52:32.465+0000] {processor.py:157} INFO - Started process (PID=34678) to work on /home/airflow/.local/lib/python3.8/site-packages/airflow/example_dags/example_bash_operator.py
[2023-11-03T19:52:32.468+0000] {processor.py:829} INFO - Processing file /home/airflow/.local/lib/python3.8/site-packages/airflow/example_dags/example_bash_operator.py for tasks to queue
[2023-11-03T19:52:32.477+0000] {logging_mixin.py:151} INFO - [2023-11-03T19:52:32.475+0000] {dagbag.py:536} INFO - Filling up the DagBag from /home/airflow/.local/lib/python3.8/site-packages/airflow/example_dags/example_bash_operator.py
[2023-11-03T19:52:32.513+0000] {processor.py:839} INFO - DAG(s) dict_keys(['example_bash_operator']) retrieved from /home/airflow/.local/lib/python3.8/site-packages/airflow/example_dags/example_bash_operator.py
[2023-11-03T19:52:32.589+0000] {logging_mixin.py:151} INFO - [2023-11-03T19:52:32.588+0000] {dag.py:2941} INFO - Sync 1 DAGs
[2023-11-03T19:52:32.649+0000] {logging_mixin.py:151} INFO - [2023-11-03T19:52:32.648+0000] {dag.py:3722} INFO - Setting next_dagrun for example_bash_operator to 2023-11-02T00:00:00+00:00, run_after=2023-11-03T00:00:00+00:00
[2023-11-03T19:52:32.717+0000] {processor.py:179} INFO - Processing /home/airflow/.local/lib/python3.8/site-packages/airflow/example_dags/example_bash_operator.py took 0.262 seconds
[2023-11-03T19:53:03.491+0000] {processor.py:157} INFO - Started process (PID=34740) to work on /home/airflow/.local/lib/python3.8/site-packages/airflow/example_dags/example_bash_operator.py
[2023-11-03T19:53:03.494+0000] {processor.py:829} INFO - Processing file /home/airflow/.local/lib/python3.8/site-packages/airflow/example_dags/example_bash_operator.py for tasks to queue
[2023-11-03T19:53:03.501+0000] {logging_mixin.py:151} INFO - [2023-11-03T19:53:03.499+0000] {dagbag.py:536} INFO - Filling up the DagBag from /home/airflow/.local/lib/python3.8/site-packages/airflow/example_dags/example_bash_operator.py
[2023-11-03T19:53:03.535+0000] {processor.py:839} INFO - DAG(s) dict_keys(['example_bash_operator']) retrieved from /home/airflow/.local/lib/python3.8/site-packages/airflow/example_dags/example_bash_operator.py
[2023-11-03T19:53:03.629+0000] {logging_mixin.py:151} INFO - [2023-11-03T19:53:03.629+0000] {dag.py:2941} INFO - Sync 1 DAGs
[2023-11-03T19:53:03.685+0000] {logging_mixin.py:151} INFO - [2023-11-03T19:53:03.684+0000] {dag.py:3722} INFO - Setting next_dagrun for example_bash_operator to 2023-11-02T00:00:00+00:00, run_after=2023-11-03T00:00:00+00:00
[2023-11-03T19:53:03.831+0000] {processor.py:179} INFO - Processing /home/airflow/.local/lib/python3.8/site-packages/airflow/example_dags/example_bash_operator.py took 0.349 seconds
[2023-11-03T19:53:35.037+0000] {processor.py:157} INFO - Started process (PID=34802) to work on /home/airflow/.local/lib/python3.8/site-packages/airflow/example_dags/example_bash_operator.py
[2023-11-03T19:53:35.042+0000] {processor.py:829} INFO - Processing file /home/airflow/.local/lib/python3.8/site-packages/airflow/example_dags/example_bash_operator.py for tasks to queue
[2023-11-03T19:53:35.050+0000] {logging_mixin.py:151} INFO - [2023-11-03T19:53:35.049+0000] {dagbag.py:536} INFO - Filling up the DagBag from /home/airflow/.local/lib/python3.8/site-packages/airflow/example_dags/example_bash_operator.py
[2023-11-03T19:53:35.086+0000] {processor.py:839} INFO - DAG(s) dict_keys(['example_bash_operator']) retrieved from /home/airflow/.local/lib/python3.8/site-packages/airflow/example_dags/example_bash_operator.py
[2023-11-03T19:53:35.185+0000] {logging_mixin.py:151} INFO - [2023-11-03T19:53:35.184+0000] {dag.py:2941} INFO - Sync 1 DAGs
[2023-11-03T19:53:35.262+0000] {logging_mixin.py:151} INFO - [2023-11-03T19:53:35.261+0000] {dag.py:3722} INFO - Setting next_dagrun for example_bash_operator to 2023-11-02T00:00:00+00:00, run_after=2023-11-03T00:00:00+00:00
[2023-11-03T19:53:35.320+0000] {processor.py:179} INFO - Processing /home/airflow/.local/lib/python3.8/site-packages/airflow/example_dags/example_bash_operator.py took 0.294 seconds
[2023-11-03T19:54:06.391+0000] {processor.py:157} INFO - Started process (PID=34871) to work on /home/airflow/.local/lib/python3.8/site-packages/airflow/example_dags/example_bash_operator.py
[2023-11-03T19:54:06.394+0000] {processor.py:829} INFO - Processing file /home/airflow/.local/lib/python3.8/site-packages/airflow/example_dags/example_bash_operator.py for tasks to queue
[2023-11-03T19:54:06.402+0000] {logging_mixin.py:151} INFO - [2023-11-03T19:54:06.400+0000] {dagbag.py:536} INFO - Filling up the DagBag from /home/airflow/.local/lib/python3.8/site-packages/airflow/example_dags/example_bash_operator.py
[2023-11-03T19:54:06.444+0000] {processor.py:839} INFO - DAG(s) dict_keys(['example_bash_operator']) retrieved from /home/airflow/.local/lib/python3.8/site-packages/airflow/example_dags/example_bash_operator.py
[2023-11-03T19:54:06.544+0000] {logging_mixin.py:151} INFO - [2023-11-03T19:54:06.543+0000] {dag.py:2941} INFO - Sync 1 DAGs
[2023-11-03T19:54:06.612+0000] {logging_mixin.py:151} INFO - [2023-11-03T19:54:06.611+0000] {dag.py:3722} INFO - Setting next_dagrun for example_bash_operator to 2023-11-02T00:00:00+00:00, run_after=2023-11-03T00:00:00+00:00
[2023-11-03T19:54:06.681+0000] {processor.py:179} INFO - Processing /home/airflow/.local/lib/python3.8/site-packages/airflow/example_dags/example_bash_operator.py took 0.299 seconds
[2023-11-03T19:54:37.214+0000] {processor.py:157} INFO - Started process (PID=34933) to work on /home/airflow/.local/lib/python3.8/site-packages/airflow/example_dags/example_bash_operator.py
[2023-11-03T19:54:37.217+0000] {processor.py:829} INFO - Processing file /home/airflow/.local/lib/python3.8/site-packages/airflow/example_dags/example_bash_operator.py for tasks to queue
[2023-11-03T19:54:37.225+0000] {logging_mixin.py:151} INFO - [2023-11-03T19:54:37.223+0000] {dagbag.py:536} INFO - Filling up the DagBag from /home/airflow/.local/lib/python3.8/site-packages/airflow/example_dags/example_bash_operator.py
[2023-11-03T19:54:37.260+0000] {processor.py:839} INFO - DAG(s) dict_keys(['example_bash_operator']) retrieved from /home/airflow/.local/lib/python3.8/site-packages/airflow/example_dags/example_bash_operator.py
[2023-11-03T19:54:37.384+0000] {logging_mixin.py:151} INFO - [2023-11-03T19:54:37.383+0000] {dag.py:2941} INFO - Sync 1 DAGs
[2023-11-03T19:54:37.474+0000] {logging_mixin.py:151} INFO - [2023-11-03T19:54:37.474+0000] {dag.py:3722} INFO - Setting next_dagrun for example_bash_operator to 2023-11-02T00:00:00+00:00, run_after=2023-11-03T00:00:00+00:00
[2023-11-03T19:54:37.546+0000] {processor.py:179} INFO - Processing /home/airflow/.local/lib/python3.8/site-packages/airflow/example_dags/example_bash_operator.py took 0.343 seconds
[2023-11-03T19:55:08.545+0000] {processor.py:157} INFO - Started process (PID=34995) to work on /home/airflow/.local/lib/python3.8/site-packages/airflow/example_dags/example_bash_operator.py
[2023-11-03T19:55:08.549+0000] {processor.py:829} INFO - Processing file /home/airflow/.local/lib/python3.8/site-packages/airflow/example_dags/example_bash_operator.py for tasks to queue
[2023-11-03T19:55:08.559+0000] {logging_mixin.py:151} INFO - [2023-11-03T19:55:08.557+0000] {dagbag.py:536} INFO - Filling up the DagBag from /home/airflow/.local/lib/python3.8/site-packages/airflow/example_dags/example_bash_operator.py
[2023-11-03T19:55:08.607+0000] {processor.py:839} INFO - DAG(s) dict_keys(['example_bash_operator']) retrieved from /home/airflow/.local/lib/python3.8/site-packages/airflow/example_dags/example_bash_operator.py
[2023-11-03T19:55:08.689+0000] {logging_mixin.py:151} INFO - [2023-11-03T19:55:08.689+0000] {dag.py:2941} INFO - Sync 1 DAGs
[2023-11-03T19:55:08.765+0000] {logging_mixin.py:151} INFO - [2023-11-03T19:55:08.764+0000] {dag.py:3722} INFO - Setting next_dagrun for example_bash_operator to 2023-11-02T00:00:00+00:00, run_after=2023-11-03T00:00:00+00:00
[2023-11-03T19:55:08.825+0000] {processor.py:179} INFO - Processing /home/airflow/.local/lib/python3.8/site-packages/airflow/example_dags/example_bash_operator.py took 0.292 seconds
[2023-11-03T19:55:39.221+0000] {processor.py:157} INFO - Started process (PID=35057) to work on /home/airflow/.local/lib/python3.8/site-packages/airflow/example_dags/example_bash_operator.py
[2023-11-03T19:55:39.223+0000] {processor.py:829} INFO - Processing file /home/airflow/.local/lib/python3.8/site-packages/airflow/example_dags/example_bash_operator.py for tasks to queue
[2023-11-03T19:55:39.230+0000] {logging_mixin.py:151} INFO - [2023-11-03T19:55:39.228+0000] {dagbag.py:536} INFO - Filling up the DagBag from /home/airflow/.local/lib/python3.8/site-packages/airflow/example_dags/example_bash_operator.py
[2023-11-03T19:55:39.262+0000] {processor.py:839} INFO - DAG(s) dict_keys(['example_bash_operator']) retrieved from /home/airflow/.local/lib/python3.8/site-packages/airflow/example_dags/example_bash_operator.py
[2023-11-03T19:55:39.347+0000] {logging_mixin.py:151} INFO - [2023-11-03T19:55:39.347+0000] {dag.py:2941} INFO - Sync 1 DAGs
[2023-11-03T19:55:39.421+0000] {logging_mixin.py:151} INFO - [2023-11-03T19:55:39.420+0000] {dag.py:3722} INFO - Setting next_dagrun for example_bash_operator to 2023-11-02T00:00:00+00:00, run_after=2023-11-03T00:00:00+00:00
[2023-11-03T19:55:39.473+0000] {processor.py:179} INFO - Processing /home/airflow/.local/lib/python3.8/site-packages/airflow/example_dags/example_bash_operator.py took 0.261 seconds
[2023-11-03T19:56:09.852+0000] {processor.py:157} INFO - Started process (PID=35119) to work on /home/airflow/.local/lib/python3.8/site-packages/airflow/example_dags/example_bash_operator.py
[2023-11-03T19:56:09.856+0000] {processor.py:829} INFO - Processing file /home/airflow/.local/lib/python3.8/site-packages/airflow/example_dags/example_bash_operator.py for tasks to queue
[2023-11-03T19:56:09.866+0000] {logging_mixin.py:151} INFO - [2023-11-03T19:56:09.865+0000] {dagbag.py:536} INFO - Filling up the DagBag from /home/airflow/.local/lib/python3.8/site-packages/airflow/example_dags/example_bash_operator.py
[2023-11-03T19:56:09.896+0000] {processor.py:839} INFO - DAG(s) dict_keys(['example_bash_operator']) retrieved from /home/airflow/.local/lib/python3.8/site-packages/airflow/example_dags/example_bash_operator.py
[2023-11-03T19:56:09.976+0000] {logging_mixin.py:151} INFO - [2023-11-03T19:56:09.976+0000] {dag.py:2941} INFO - Sync 1 DAGs
[2023-11-03T19:56:10.045+0000] {logging_mixin.py:151} INFO - [2023-11-03T19:56:10.045+0000] {dag.py:3722} INFO - Setting next_dagrun for example_bash_operator to 2023-11-02T00:00:00+00:00, run_after=2023-11-03T00:00:00+00:00
[2023-11-03T19:56:10.110+0000] {processor.py:179} INFO - Processing /home/airflow/.local/lib/python3.8/site-packages/airflow/example_dags/example_bash_operator.py took 0.266 seconds
[2023-11-03T19:56:40.423+0000] {processor.py:157} INFO - Started process (PID=35181) to work on /home/airflow/.local/lib/python3.8/site-packages/airflow/example_dags/example_bash_operator.py
[2023-11-03T19:56:40.425+0000] {processor.py:829} INFO - Processing file /home/airflow/.local/lib/python3.8/site-packages/airflow/example_dags/example_bash_operator.py for tasks to queue
[2023-11-03T19:56:40.432+0000] {logging_mixin.py:151} INFO - [2023-11-03T19:56:40.431+0000] {dagbag.py:536} INFO - Filling up the DagBag from /home/airflow/.local/lib/python3.8/site-packages/airflow/example_dags/example_bash_operator.py
[2023-11-03T19:56:40.461+0000] {processor.py:839} INFO - DAG(s) dict_keys(['example_bash_operator']) retrieved from /home/airflow/.local/lib/python3.8/site-packages/airflow/example_dags/example_bash_operator.py
[2023-11-03T19:56:40.545+0000] {logging_mixin.py:151} INFO - [2023-11-03T19:56:40.544+0000] {dag.py:2941} INFO - Sync 1 DAGs
[2023-11-03T19:56:40.613+0000] {logging_mixin.py:151} INFO - [2023-11-03T19:56:40.612+0000] {dag.py:3722} INFO - Setting next_dagrun for example_bash_operator to 2023-11-02T00:00:00+00:00, run_after=2023-11-03T00:00:00+00:00
[2023-11-03T19:56:40.672+0000] {processor.py:179} INFO - Processing /home/airflow/.local/lib/python3.8/site-packages/airflow/example_dags/example_bash_operator.py took 0.256 seconds
[2023-11-03T19:57:10.796+0000] {processor.py:157} INFO - Started process (PID=35242) to work on /home/airflow/.local/lib/python3.8/site-packages/airflow/example_dags/example_bash_operator.py
[2023-11-03T19:57:10.799+0000] {processor.py:829} INFO - Processing file /home/airflow/.local/lib/python3.8/site-packages/airflow/example_dags/example_bash_operator.py for tasks to queue
[2023-11-03T19:57:10.809+0000] {logging_mixin.py:151} INFO - [2023-11-03T19:57:10.807+0000] {dagbag.py:536} INFO - Filling up the DagBag from /home/airflow/.local/lib/python3.8/site-packages/airflow/example_dags/example_bash_operator.py
[2023-11-03T19:57:10.843+0000] {processor.py:839} INFO - DAG(s) dict_keys(['example_bash_operator']) retrieved from /home/airflow/.local/lib/python3.8/site-packages/airflow/example_dags/example_bash_operator.py
[2023-11-03T19:57:10.920+0000] {logging_mixin.py:151} INFO - [2023-11-03T19:57:10.920+0000] {dag.py:2941} INFO - Sync 1 DAGs
[2023-11-03T19:57:10.995+0000] {logging_mixin.py:151} INFO - [2023-11-03T19:57:10.995+0000] {dag.py:3722} INFO - Setting next_dagrun for example_bash_operator to 2023-11-02T00:00:00+00:00, run_after=2023-11-03T00:00:00+00:00
[2023-11-03T19:57:11.047+0000] {processor.py:179} INFO - Processing /home/airflow/.local/lib/python3.8/site-packages/airflow/example_dags/example_bash_operator.py took 0.267 seconds
[2023-11-03T19:57:41.535+0000] {processor.py:157} INFO - Started process (PID=35304) to work on /home/airflow/.local/lib/python3.8/site-packages/airflow/example_dags/example_bash_operator.py
[2023-11-03T19:57:41.539+0000] {processor.py:829} INFO - Processing file /home/airflow/.local/lib/python3.8/site-packages/airflow/example_dags/example_bash_operator.py for tasks to queue
[2023-11-03T19:57:41.548+0000] {logging_mixin.py:151} INFO - [2023-11-03T19:57:41.547+0000] {dagbag.py:536} INFO - Filling up the DagBag from /home/airflow/.local/lib/python3.8/site-packages/airflow/example_dags/example_bash_operator.py
[2023-11-03T19:57:41.589+0000] {processor.py:839} INFO - DAG(s) dict_keys(['example_bash_operator']) retrieved from /home/airflow/.local/lib/python3.8/site-packages/airflow/example_dags/example_bash_operator.py
[2023-11-03T19:57:41.682+0000] {logging_mixin.py:151} INFO - [2023-11-03T19:57:41.681+0000] {dag.py:2941} INFO - Sync 1 DAGs
[2023-11-03T19:57:41.825+0000] {logging_mixin.py:151} INFO - [2023-11-03T19:57:41.824+0000] {dag.py:3722} INFO - Setting next_dagrun for example_bash_operator to 2023-11-02T00:00:00+00:00, run_after=2023-11-03T00:00:00+00:00
[2023-11-03T19:57:41.988+0000] {processor.py:179} INFO - Processing /home/airflow/.local/lib/python3.8/site-packages/airflow/example_dags/example_bash_operator.py took 0.465 seconds
[2023-11-03T19:58:12.272+0000] {processor.py:157} INFO - Started process (PID=35366) to work on /home/airflow/.local/lib/python3.8/site-packages/airflow/example_dags/example_bash_operator.py
[2023-11-03T19:58:12.274+0000] {processor.py:829} INFO - Processing file /home/airflow/.local/lib/python3.8/site-packages/airflow/example_dags/example_bash_operator.py for tasks to queue
[2023-11-03T19:58:12.280+0000] {logging_mixin.py:151} INFO - [2023-11-03T19:58:12.279+0000] {dagbag.py:536} INFO - Filling up the DagBag from /home/airflow/.local/lib/python3.8/site-packages/airflow/example_dags/example_bash_operator.py
[2023-11-03T19:58:12.310+0000] {processor.py:839} INFO - DAG(s) dict_keys(['example_bash_operator']) retrieved from /home/airflow/.local/lib/python3.8/site-packages/airflow/example_dags/example_bash_operator.py
[2023-11-03T19:58:12.376+0000] {logging_mixin.py:151} INFO - [2023-11-03T19:58:12.376+0000] {dag.py:2941} INFO - Sync 1 DAGs
[2023-11-03T19:58:12.431+0000] {logging_mixin.py:151} INFO - [2023-11-03T19:58:12.431+0000] {dag.py:3722} INFO - Setting next_dagrun for example_bash_operator to 2023-11-02T00:00:00+00:00, run_after=2023-11-03T00:00:00+00:00
[2023-11-03T19:58:12.487+0000] {processor.py:179} INFO - Processing /home/airflow/.local/lib/python3.8/site-packages/airflow/example_dags/example_bash_operator.py took 0.223 seconds
[2023-11-03T19:58:43.239+0000] {processor.py:157} INFO - Started process (PID=35428) to work on /home/airflow/.local/lib/python3.8/site-packages/airflow/example_dags/example_bash_operator.py
[2023-11-03T19:58:43.242+0000] {processor.py:829} INFO - Processing file /home/airflow/.local/lib/python3.8/site-packages/airflow/example_dags/example_bash_operator.py for tasks to queue
[2023-11-03T19:58:43.251+0000] {logging_mixin.py:151} INFO - [2023-11-03T19:58:43.250+0000] {dagbag.py:536} INFO - Filling up the DagBag from /home/airflow/.local/lib/python3.8/site-packages/airflow/example_dags/example_bash_operator.py
[2023-11-03T19:58:43.283+0000] {processor.py:839} INFO - DAG(s) dict_keys(['example_bash_operator']) retrieved from /home/airflow/.local/lib/python3.8/site-packages/airflow/example_dags/example_bash_operator.py
[2023-11-03T19:58:43.356+0000] {logging_mixin.py:151} INFO - [2023-11-03T19:58:43.356+0000] {dag.py:2941} INFO - Sync 1 DAGs
[2023-11-03T19:58:43.422+0000] {logging_mixin.py:151} INFO - [2023-11-03T19:58:43.421+0000] {dag.py:3722} INFO - Setting next_dagrun for example_bash_operator to 2023-11-02T00:00:00+00:00, run_after=2023-11-03T00:00:00+00:00
[2023-11-03T19:58:43.483+0000] {processor.py:179} INFO - Processing /home/airflow/.local/lib/python3.8/site-packages/airflow/example_dags/example_bash_operator.py took 0.251 seconds
[2023-11-03T19:59:14.257+0000] {processor.py:157} INFO - Started process (PID=35490) to work on /home/airflow/.local/lib/python3.8/site-packages/airflow/example_dags/example_bash_operator.py
[2023-11-03T19:59:14.259+0000] {processor.py:829} INFO - Processing file /home/airflow/.local/lib/python3.8/site-packages/airflow/example_dags/example_bash_operator.py for tasks to queue
[2023-11-03T19:59:14.268+0000] {logging_mixin.py:151} INFO - [2023-11-03T19:59:14.267+0000] {dagbag.py:536} INFO - Filling up the DagBag from /home/airflow/.local/lib/python3.8/site-packages/airflow/example_dags/example_bash_operator.py
[2023-11-03T19:59:14.309+0000] {processor.py:839} INFO - DAG(s) dict_keys(['example_bash_operator']) retrieved from /home/airflow/.local/lib/python3.8/site-packages/airflow/example_dags/example_bash_operator.py
[2023-11-03T19:59:14.390+0000] {logging_mixin.py:151} INFO - [2023-11-03T19:59:14.390+0000] {dag.py:2941} INFO - Sync 1 DAGs
[2023-11-03T19:59:14.458+0000] {logging_mixin.py:151} INFO - [2023-11-03T19:59:14.458+0000] {dag.py:3722} INFO - Setting next_dagrun for example_bash_operator to 2023-11-02T00:00:00+00:00, run_after=2023-11-03T00:00:00+00:00
[2023-11-03T19:59:14.528+0000] {processor.py:179} INFO - Processing /home/airflow/.local/lib/python3.8/site-packages/airflow/example_dags/example_bash_operator.py took 0.278 seconds
[2023-11-03T19:59:45.109+0000] {processor.py:157} INFO - Started process (PID=35552) to work on /home/airflow/.local/lib/python3.8/site-packages/airflow/example_dags/example_bash_operator.py
[2023-11-03T19:59:45.112+0000] {processor.py:829} INFO - Processing file /home/airflow/.local/lib/python3.8/site-packages/airflow/example_dags/example_bash_operator.py for tasks to queue
[2023-11-03T19:59:45.119+0000] {logging_mixin.py:151} INFO - [2023-11-03T19:59:45.118+0000] {dagbag.py:536} INFO - Filling up the DagBag from /home/airflow/.local/lib/python3.8/site-packages/airflow/example_dags/example_bash_operator.py
[2023-11-03T19:59:45.151+0000] {processor.py:839} INFO - DAG(s) dict_keys(['example_bash_operator']) retrieved from /home/airflow/.local/lib/python3.8/site-packages/airflow/example_dags/example_bash_operator.py
[2023-11-03T19:59:45.243+0000] {logging_mixin.py:151} INFO - [2023-11-03T19:59:45.242+0000] {dag.py:2941} INFO - Sync 1 DAGs
[2023-11-03T19:59:45.308+0000] {logging_mixin.py:151} INFO - [2023-11-03T19:59:45.308+0000] {dag.py:3722} INFO - Setting next_dagrun for example_bash_operator to 2023-11-02T00:00:00+00:00, run_after=2023-11-03T00:00:00+00:00
[2023-11-03T19:59:45.360+0000] {processor.py:179} INFO - Processing /home/airflow/.local/lib/python3.8/site-packages/airflow/example_dags/example_bash_operator.py took 0.260 seconds
[2023-11-03T20:00:15.946+0000] {processor.py:157} INFO - Started process (PID=35614) to work on /home/airflow/.local/lib/python3.8/site-packages/airflow/example_dags/example_bash_operator.py
[2023-11-03T20:00:15.949+0000] {processor.py:829} INFO - Processing file /home/airflow/.local/lib/python3.8/site-packages/airflow/example_dags/example_bash_operator.py for tasks to queue
[2023-11-03T20:00:15.956+0000] {logging_mixin.py:151} INFO - [2023-11-03T20:00:15.955+0000] {dagbag.py:536} INFO - Filling up the DagBag from /home/airflow/.local/lib/python3.8/site-packages/airflow/example_dags/example_bash_operator.py
[2023-11-03T20:00:15.998+0000] {processor.py:839} INFO - DAG(s) dict_keys(['example_bash_operator']) retrieved from /home/airflow/.local/lib/python3.8/site-packages/airflow/example_dags/example_bash_operator.py
[2023-11-03T20:00:16.069+0000] {logging_mixin.py:151} INFO - [2023-11-03T20:00:16.068+0000] {dag.py:2941} INFO - Sync 1 DAGs
[2023-11-03T20:00:16.127+0000] {logging_mixin.py:151} INFO - [2023-11-03T20:00:16.126+0000] {dag.py:3722} INFO - Setting next_dagrun for example_bash_operator to 2023-11-02T00:00:00+00:00, run_after=2023-11-03T00:00:00+00:00
[2023-11-03T20:00:16.185+0000] {processor.py:179} INFO - Processing /home/airflow/.local/lib/python3.8/site-packages/airflow/example_dags/example_bash_operator.py took 0.246 seconds
[2023-11-03T20:00:47.219+0000] {processor.py:157} INFO - Started process (PID=35676) to work on /home/airflow/.local/lib/python3.8/site-packages/airflow/example_dags/example_bash_operator.py
[2023-11-03T20:00:47.222+0000] {processor.py:829} INFO - Processing file /home/airflow/.local/lib/python3.8/site-packages/airflow/example_dags/example_bash_operator.py for tasks to queue
[2023-11-03T20:00:47.229+0000] {logging_mixin.py:151} INFO - [2023-11-03T20:00:47.228+0000] {dagbag.py:536} INFO - Filling up the DagBag from /home/airflow/.local/lib/python3.8/site-packages/airflow/example_dags/example_bash_operator.py
[2023-11-03T20:00:47.263+0000] {processor.py:839} INFO - DAG(s) dict_keys(['example_bash_operator']) retrieved from /home/airflow/.local/lib/python3.8/site-packages/airflow/example_dags/example_bash_operator.py
[2023-11-03T20:00:47.385+0000] {logging_mixin.py:151} INFO - [2023-11-03T20:00:47.384+0000] {dag.py:2941} INFO - Sync 1 DAGs
[2023-11-03T20:00:47.469+0000] {logging_mixin.py:151} INFO - [2023-11-03T20:00:47.469+0000] {dag.py:3722} INFO - Setting next_dagrun for example_bash_operator to 2023-11-02T00:00:00+00:00, run_after=2023-11-03T00:00:00+00:00
[2023-11-03T20:00:47.570+0000] {processor.py:179} INFO - Processing /home/airflow/.local/lib/python3.8/site-packages/airflow/example_dags/example_bash_operator.py took 0.361 seconds
[2023-11-03T20:01:18.561+0000] {processor.py:157} INFO - Started process (PID=35738) to work on /home/airflow/.local/lib/python3.8/site-packages/airflow/example_dags/example_bash_operator.py
[2023-11-03T20:01:18.563+0000] {processor.py:829} INFO - Processing file /home/airflow/.local/lib/python3.8/site-packages/airflow/example_dags/example_bash_operator.py for tasks to queue
[2023-11-03T20:01:18.571+0000] {logging_mixin.py:151} INFO - [2023-11-03T20:01:18.569+0000] {dagbag.py:536} INFO - Filling up the DagBag from /home/airflow/.local/lib/python3.8/site-packages/airflow/example_dags/example_bash_operator.py
[2023-11-03T20:01:18.605+0000] {processor.py:839} INFO - DAG(s) dict_keys(['example_bash_operator']) retrieved from /home/airflow/.local/lib/python3.8/site-packages/airflow/example_dags/example_bash_operator.py
[2023-11-03T20:01:18.694+0000] {logging_mixin.py:151} INFO - [2023-11-03T20:01:18.694+0000] {dag.py:2941} INFO - Sync 1 DAGs
[2023-11-03T20:01:18.757+0000] {logging_mixin.py:151} INFO - [2023-11-03T20:01:18.756+0000] {dag.py:3722} INFO - Setting next_dagrun for example_bash_operator to 2023-11-02T00:00:00+00:00, run_after=2023-11-03T00:00:00+00:00
[2023-11-03T20:01:18.821+0000] {processor.py:179} INFO - Processing /home/airflow/.local/lib/python3.8/site-packages/airflow/example_dags/example_bash_operator.py took 0.267 seconds
[2023-11-03T20:01:49.738+0000] {processor.py:157} INFO - Started process (PID=35800) to work on /home/airflow/.local/lib/python3.8/site-packages/airflow/example_dags/example_bash_operator.py
[2023-11-03T20:01:49.748+0000] {processor.py:829} INFO - Processing file /home/airflow/.local/lib/python3.8/site-packages/airflow/example_dags/example_bash_operator.py for tasks to queue
[2023-11-03T20:01:49.766+0000] {logging_mixin.py:151} INFO - [2023-11-03T20:01:49.765+0000] {dagbag.py:536} INFO - Filling up the DagBag from /home/airflow/.local/lib/python3.8/site-packages/airflow/example_dags/example_bash_operator.py
[2023-11-03T20:01:49.853+0000] {processor.py:839} INFO - DAG(s) dict_keys(['example_bash_operator']) retrieved from /home/airflow/.local/lib/python3.8/site-packages/airflow/example_dags/example_bash_operator.py
[2023-11-03T20:01:50.021+0000] {logging_mixin.py:151} INFO - [2023-11-03T20:01:50.020+0000] {dag.py:2941} INFO - Sync 1 DAGs
[2023-11-03T20:01:50.095+0000] {logging_mixin.py:151} INFO - [2023-11-03T20:01:50.095+0000] {dag.py:3722} INFO - Setting next_dagrun for example_bash_operator to 2023-11-02T00:00:00+00:00, run_after=2023-11-03T00:00:00+00:00
[2023-11-03T20:01:50.159+0000] {processor.py:179} INFO - Processing /home/airflow/.local/lib/python3.8/site-packages/airflow/example_dags/example_bash_operator.py took 0.432 seconds
[2023-11-03T20:02:20.352+0000] {processor.py:157} INFO - Started process (PID=35862) to work on /home/airflow/.local/lib/python3.8/site-packages/airflow/example_dags/example_bash_operator.py
[2023-11-03T20:02:20.354+0000] {processor.py:829} INFO - Processing file /home/airflow/.local/lib/python3.8/site-packages/airflow/example_dags/example_bash_operator.py for tasks to queue
[2023-11-03T20:02:20.361+0000] {logging_mixin.py:151} INFO - [2023-11-03T20:02:20.360+0000] {dagbag.py:536} INFO - Filling up the DagBag from /home/airflow/.local/lib/python3.8/site-packages/airflow/example_dags/example_bash_operator.py
[2023-11-03T20:02:20.388+0000] {processor.py:839} INFO - DAG(s) dict_keys(['example_bash_operator']) retrieved from /home/airflow/.local/lib/python3.8/site-packages/airflow/example_dags/example_bash_operator.py
[2023-11-03T20:02:20.476+0000] {logging_mixin.py:151} INFO - [2023-11-03T20:02:20.476+0000] {dag.py:2941} INFO - Sync 1 DAGs
[2023-11-03T20:02:20.537+0000] {logging_mixin.py:151} INFO - [2023-11-03T20:02:20.536+0000] {dag.py:3722} INFO - Setting next_dagrun for example_bash_operator to 2023-11-02T00:00:00+00:00, run_after=2023-11-03T00:00:00+00:00
[2023-11-03T20:02:20.594+0000] {processor.py:179} INFO - Processing /home/airflow/.local/lib/python3.8/site-packages/airflow/example_dags/example_bash_operator.py took 0.250 seconds
[2023-11-03T20:02:51.371+0000] {processor.py:157} INFO - Started process (PID=35924) to work on /home/airflow/.local/lib/python3.8/site-packages/airflow/example_dags/example_bash_operator.py
[2023-11-03T20:02:51.374+0000] {processor.py:829} INFO - Processing file /home/airflow/.local/lib/python3.8/site-packages/airflow/example_dags/example_bash_operator.py for tasks to queue
[2023-11-03T20:02:51.380+0000] {logging_mixin.py:151} INFO - [2023-11-03T20:02:51.379+0000] {dagbag.py:536} INFO - Filling up the DagBag from /home/airflow/.local/lib/python3.8/site-packages/airflow/example_dags/example_bash_operator.py
[2023-11-03T20:02:51.408+0000] {processor.py:839} INFO - DAG(s) dict_keys(['example_bash_operator']) retrieved from /home/airflow/.local/lib/python3.8/site-packages/airflow/example_dags/example_bash_operator.py
[2023-11-03T20:02:51.477+0000] {logging_mixin.py:151} INFO - [2023-11-03T20:02:51.476+0000] {dag.py:2941} INFO - Sync 1 DAGs
[2023-11-03T20:02:51.535+0000] {logging_mixin.py:151} INFO - [2023-11-03T20:02:51.534+0000] {dag.py:3722} INFO - Setting next_dagrun for example_bash_operator to 2023-11-02T00:00:00+00:00, run_after=2023-11-03T00:00:00+00:00
[2023-11-03T20:02:51.584+0000] {processor.py:179} INFO - Processing /home/airflow/.local/lib/python3.8/site-packages/airflow/example_dags/example_bash_operator.py took 0.220 seconds
[2023-11-03T20:03:22.330+0000] {processor.py:157} INFO - Started process (PID=35987) to work on /home/airflow/.local/lib/python3.8/site-packages/airflow/example_dags/example_bash_operator.py
[2023-11-03T20:03:22.332+0000] {processor.py:829} INFO - Processing file /home/airflow/.local/lib/python3.8/site-packages/airflow/example_dags/example_bash_operator.py for tasks to queue
[2023-11-03T20:03:22.338+0000] {logging_mixin.py:151} INFO - [2023-11-03T20:03:22.337+0000] {dagbag.py:536} INFO - Filling up the DagBag from /home/airflow/.local/lib/python3.8/site-packages/airflow/example_dags/example_bash_operator.py
[2023-11-03T20:03:22.366+0000] {processor.py:839} INFO - DAG(s) dict_keys(['example_bash_operator']) retrieved from /home/airflow/.local/lib/python3.8/site-packages/airflow/example_dags/example_bash_operator.py
[2023-11-03T20:03:22.457+0000] {logging_mixin.py:151} INFO - [2023-11-03T20:03:22.456+0000] {dag.py:2941} INFO - Sync 1 DAGs
[2023-11-03T20:03:22.513+0000] {logging_mixin.py:151} INFO - [2023-11-03T20:03:22.512+0000] {dag.py:3722} INFO - Setting next_dagrun for example_bash_operator to 2023-11-02T00:00:00+00:00, run_after=2023-11-03T00:00:00+00:00
[2023-11-03T20:03:22.567+0000] {processor.py:179} INFO - Processing /home/airflow/.local/lib/python3.8/site-packages/airflow/example_dags/example_bash_operator.py took 0.243 seconds
[2023-11-03T20:03:52.996+0000] {processor.py:157} INFO - Started process (PID=36050) to work on /home/airflow/.local/lib/python3.8/site-packages/airflow/example_dags/example_bash_operator.py
[2023-11-03T20:03:52.999+0000] {processor.py:829} INFO - Processing file /home/airflow/.local/lib/python3.8/site-packages/airflow/example_dags/example_bash_operator.py for tasks to queue
[2023-11-03T20:03:53.008+0000] {logging_mixin.py:151} INFO - [2023-11-03T20:03:53.006+0000] {dagbag.py:536} INFO - Filling up the DagBag from /home/airflow/.local/lib/python3.8/site-packages/airflow/example_dags/example_bash_operator.py
[2023-11-03T20:03:53.039+0000] {processor.py:839} INFO - DAG(s) dict_keys(['example_bash_operator']) retrieved from /home/airflow/.local/lib/python3.8/site-packages/airflow/example_dags/example_bash_operator.py
[2023-11-03T20:03:53.110+0000] {logging_mixin.py:151} INFO - [2023-11-03T20:03:53.109+0000] {dag.py:2941} INFO - Sync 1 DAGs
[2023-11-03T20:03:53.172+0000] {logging_mixin.py:151} INFO - [2023-11-03T20:03:53.171+0000] {dag.py:3722} INFO - Setting next_dagrun for example_bash_operator to 2023-11-02T00:00:00+00:00, run_after=2023-11-03T00:00:00+00:00
[2023-11-03T20:03:53.230+0000] {processor.py:179} INFO - Processing /home/airflow/.local/lib/python3.8/site-packages/airflow/example_dags/example_bash_operator.py took 0.245 seconds
[2023-11-03T20:04:24.185+0000] {processor.py:157} INFO - Started process (PID=36111) to work on /home/airflow/.local/lib/python3.8/site-packages/airflow/example_dags/example_bash_operator.py
[2023-11-03T20:04:24.187+0000] {processor.py:829} INFO - Processing file /home/airflow/.local/lib/python3.8/site-packages/airflow/example_dags/example_bash_operator.py for tasks to queue
[2023-11-03T20:04:24.200+0000] {logging_mixin.py:151} INFO - [2023-11-03T20:04:24.198+0000] {dagbag.py:536} INFO - Filling up the DagBag from /home/airflow/.local/lib/python3.8/site-packages/airflow/example_dags/example_bash_operator.py
[2023-11-03T20:04:24.229+0000] {processor.py:839} INFO - DAG(s) dict_keys(['example_bash_operator']) retrieved from /home/airflow/.local/lib/python3.8/site-packages/airflow/example_dags/example_bash_operator.py
[2023-11-03T20:04:24.299+0000] {logging_mixin.py:151} INFO - [2023-11-03T20:04:24.299+0000] {dag.py:2941} INFO - Sync 1 DAGs
[2023-11-03T20:04:24.360+0000] {logging_mixin.py:151} INFO - [2023-11-03T20:04:24.360+0000] {dag.py:3722} INFO - Setting next_dagrun for example_bash_operator to 2023-11-02T00:00:00+00:00, run_after=2023-11-03T00:00:00+00:00
[2023-11-03T20:04:24.419+0000] {processor.py:179} INFO - Processing /home/airflow/.local/lib/python3.8/site-packages/airflow/example_dags/example_bash_operator.py took 0.240 seconds
[2023-11-03T20:04:54.889+0000] {processor.py:157} INFO - Started process (PID=36173) to work on /home/airflow/.local/lib/python3.8/site-packages/airflow/example_dags/example_bash_operator.py
[2023-11-03T20:04:54.892+0000] {processor.py:829} INFO - Processing file /home/airflow/.local/lib/python3.8/site-packages/airflow/example_dags/example_bash_operator.py for tasks to queue
[2023-11-03T20:04:54.901+0000] {logging_mixin.py:151} INFO - [2023-11-03T20:04:54.899+0000] {dagbag.py:536} INFO - Filling up the DagBag from /home/airflow/.local/lib/python3.8/site-packages/airflow/example_dags/example_bash_operator.py
[2023-11-03T20:04:54.937+0000] {processor.py:839} INFO - DAG(s) dict_keys(['example_bash_operator']) retrieved from /home/airflow/.local/lib/python3.8/site-packages/airflow/example_dags/example_bash_operator.py
[2023-11-03T20:04:55.027+0000] {logging_mixin.py:151} INFO - [2023-11-03T20:04:55.026+0000] {dag.py:2941} INFO - Sync 1 DAGs
[2023-11-03T20:04:55.127+0000] {logging_mixin.py:151} INFO - [2023-11-03T20:04:55.126+0000] {dag.py:3722} INFO - Setting next_dagrun for example_bash_operator to 2023-11-02T00:00:00+00:00, run_after=2023-11-03T00:00:00+00:00
[2023-11-03T20:04:55.206+0000] {processor.py:179} INFO - Processing /home/airflow/.local/lib/python3.8/site-packages/airflow/example_dags/example_bash_operator.py took 0.328 seconds
[2023-11-03T20:05:25.529+0000] {processor.py:157} INFO - Started process (PID=36235) to work on /home/airflow/.local/lib/python3.8/site-packages/airflow/example_dags/example_bash_operator.py
[2023-11-03T20:05:25.532+0000] {processor.py:829} INFO - Processing file /home/airflow/.local/lib/python3.8/site-packages/airflow/example_dags/example_bash_operator.py for tasks to queue
[2023-11-03T20:05:25.542+0000] {logging_mixin.py:151} INFO - [2023-11-03T20:05:25.540+0000] {dagbag.py:536} INFO - Filling up the DagBag from /home/airflow/.local/lib/python3.8/site-packages/airflow/example_dags/example_bash_operator.py
[2023-11-03T20:05:25.592+0000] {processor.py:839} INFO - DAG(s) dict_keys(['example_bash_operator']) retrieved from /home/airflow/.local/lib/python3.8/site-packages/airflow/example_dags/example_bash_operator.py
[2023-11-03T20:05:25.667+0000] {logging_mixin.py:151} INFO - [2023-11-03T20:05:25.666+0000] {dag.py:2941} INFO - Sync 1 DAGs
[2023-11-03T20:05:25.764+0000] {logging_mixin.py:151} INFO - [2023-11-03T20:05:25.763+0000] {dag.py:3722} INFO - Setting next_dagrun for example_bash_operator to 2023-11-02T00:00:00+00:00, run_after=2023-11-03T00:00:00+00:00
[2023-11-03T20:05:25.939+0000] {processor.py:179} INFO - Processing /home/airflow/.local/lib/python3.8/site-packages/airflow/example_dags/example_bash_operator.py took 0.421 seconds
[2023-11-03T20:05:56.273+0000] {processor.py:157} INFO - Started process (PID=36297) to work on /home/airflow/.local/lib/python3.8/site-packages/airflow/example_dags/example_bash_operator.py
[2023-11-03T20:05:56.275+0000] {processor.py:829} INFO - Processing file /home/airflow/.local/lib/python3.8/site-packages/airflow/example_dags/example_bash_operator.py for tasks to queue
[2023-11-03T20:05:56.283+0000] {logging_mixin.py:151} INFO - [2023-11-03T20:05:56.282+0000] {dagbag.py:536} INFO - Filling up the DagBag from /home/airflow/.local/lib/python3.8/site-packages/airflow/example_dags/example_bash_operator.py
[2023-11-03T20:05:56.313+0000] {processor.py:839} INFO - DAG(s) dict_keys(['example_bash_operator']) retrieved from /home/airflow/.local/lib/python3.8/site-packages/airflow/example_dags/example_bash_operator.py
[2023-11-03T20:05:56.397+0000] {logging_mixin.py:151} INFO - [2023-11-03T20:05:56.396+0000] {dag.py:2941} INFO - Sync 1 DAGs
[2023-11-03T20:05:56.476+0000] {logging_mixin.py:151} INFO - [2023-11-03T20:05:56.475+0000] {dag.py:3722} INFO - Setting next_dagrun for example_bash_operator to 2023-11-02T00:00:00+00:00, run_after=2023-11-03T00:00:00+00:00
[2023-11-03T20:05:56.544+0000] {processor.py:179} INFO - Processing /home/airflow/.local/lib/python3.8/site-packages/airflow/example_dags/example_bash_operator.py took 0.278 seconds
