[2023-11-03T19:42:37.631+0000] {processor.py:157} INFO - Started process (PID=33476) to work on /home/airflow/.local/lib/python3.8/site-packages/airflow/example_dags/tutorial.py
[2023-11-03T19:42:37.645+0000] {processor.py:829} INFO - Processing file /home/airflow/.local/lib/python3.8/site-packages/airflow/example_dags/tutorial.py for tasks to queue
[2023-11-03T19:42:37.683+0000] {logging_mixin.py:151} INFO - [2023-11-03T19:42:37.681+0000] {dagbag.py:536} INFO - Filling up the DagBag from /home/airflow/.local/lib/python3.8/site-packages/airflow/example_dags/tutorial.py
[2023-11-03T19:42:37.781+0000] {processor.py:839} INFO - DAG(s) dict_keys(['tutorial']) retrieved from /home/airflow/.local/lib/python3.8/site-packages/airflow/example_dags/tutorial.py
[2023-11-03T19:42:38.048+0000] {logging_mixin.py:151} INFO - [2023-11-03T19:42:38.047+0000] {dag.py:2941} INFO - Sync 1 DAGs
[2023-11-03T19:42:38.239+0000] {logging_mixin.py:151} INFO - [2023-11-03T19:42:38.238+0000] {dag.py:3722} INFO - Setting next_dagrun for tutorial to 2023-11-02T19:42:38.237661+00:00, run_after=2023-11-03T19:42:38.237661+00:00
[2023-11-03T19:42:38.469+0000] {processor.py:179} INFO - Processing /home/airflow/.local/lib/python3.8/site-packages/airflow/example_dags/tutorial.py took 0.865 seconds
[2023-11-03T19:43:08.794+0000] {processor.py:157} INFO - Started process (PID=33539) to work on /home/airflow/.local/lib/python3.8/site-packages/airflow/example_dags/tutorial.py
[2023-11-03T19:43:08.797+0000] {processor.py:829} INFO - Processing file /home/airflow/.local/lib/python3.8/site-packages/airflow/example_dags/tutorial.py for tasks to queue
[2023-11-03T19:43:08.804+0000] {logging_mixin.py:151} INFO - [2023-11-03T19:43:08.803+0000] {dagbag.py:536} INFO - Filling up the DagBag from /home/airflow/.local/lib/python3.8/site-packages/airflow/example_dags/tutorial.py
[2023-11-03T19:43:08.824+0000] {processor.py:839} INFO - DAG(s) dict_keys(['tutorial']) retrieved from /home/airflow/.local/lib/python3.8/site-packages/airflow/example_dags/tutorial.py
[2023-11-03T19:43:08.885+0000] {logging_mixin.py:151} INFO - [2023-11-03T19:43:08.884+0000] {dag.py:2941} INFO - Sync 1 DAGs
[2023-11-03T19:43:08.955+0000] {logging_mixin.py:151} INFO - [2023-11-03T19:43:08.955+0000] {dag.py:3722} INFO - Setting next_dagrun for tutorial to 2023-11-02T19:43:08.954383+00:00, run_after=2023-11-03T19:43:08.954383+00:00
[2023-11-03T19:43:09.028+0000] {processor.py:179} INFO - Processing /home/airflow/.local/lib/python3.8/site-packages/airflow/example_dags/tutorial.py took 0.242 seconds
[2023-11-03T19:43:39.566+0000] {processor.py:157} INFO - Started process (PID=33601) to work on /home/airflow/.local/lib/python3.8/site-packages/airflow/example_dags/tutorial.py
[2023-11-03T19:43:39.569+0000] {processor.py:829} INFO - Processing file /home/airflow/.local/lib/python3.8/site-packages/airflow/example_dags/tutorial.py for tasks to queue
[2023-11-03T19:43:39.578+0000] {logging_mixin.py:151} INFO - [2023-11-03T19:43:39.576+0000] {dagbag.py:536} INFO - Filling up the DagBag from /home/airflow/.local/lib/python3.8/site-packages/airflow/example_dags/tutorial.py
[2023-11-03T19:43:39.604+0000] {processor.py:839} INFO - DAG(s) dict_keys(['tutorial']) retrieved from /home/airflow/.local/lib/python3.8/site-packages/airflow/example_dags/tutorial.py
[2023-11-03T19:43:39.660+0000] {logging_mixin.py:151} INFO - [2023-11-03T19:43:39.660+0000] {dag.py:2941} INFO - Sync 1 DAGs
[2023-11-03T19:43:39.751+0000] {logging_mixin.py:151} INFO - [2023-11-03T19:43:39.750+0000] {dag.py:3722} INFO - Setting next_dagrun for tutorial to 2023-11-02T19:43:39.749683+00:00, run_after=2023-11-03T19:43:39.749683+00:00
[2023-11-03T19:43:39.882+0000] {processor.py:179} INFO - Processing /home/airflow/.local/lib/python3.8/site-packages/airflow/example_dags/tutorial.py took 0.327 seconds
[2023-11-03T19:44:10.254+0000] {processor.py:157} INFO - Started process (PID=33663) to work on /home/airflow/.local/lib/python3.8/site-packages/airflow/example_dags/tutorial.py
[2023-11-03T19:44:10.257+0000] {processor.py:829} INFO - Processing file /home/airflow/.local/lib/python3.8/site-packages/airflow/example_dags/tutorial.py for tasks to queue
[2023-11-03T19:44:10.265+0000] {logging_mixin.py:151} INFO - [2023-11-03T19:44:10.264+0000] {dagbag.py:536} INFO - Filling up the DagBag from /home/airflow/.local/lib/python3.8/site-packages/airflow/example_dags/tutorial.py
[2023-11-03T19:44:10.288+0000] {processor.py:839} INFO - DAG(s) dict_keys(['tutorial']) retrieved from /home/airflow/.local/lib/python3.8/site-packages/airflow/example_dags/tutorial.py
[2023-11-03T19:44:10.347+0000] {logging_mixin.py:151} INFO - [2023-11-03T19:44:10.347+0000] {dag.py:2941} INFO - Sync 1 DAGs
[2023-11-03T19:44:10.404+0000] {logging_mixin.py:151} INFO - [2023-11-03T19:44:10.403+0000] {dag.py:3722} INFO - Setting next_dagrun for tutorial to 2023-11-02T19:44:10.402086+00:00, run_after=2023-11-03T19:44:10.402086+00:00
[2023-11-03T19:44:10.465+0000] {processor.py:179} INFO - Processing /home/airflow/.local/lib/python3.8/site-packages/airflow/example_dags/tutorial.py took 0.225 seconds
[2023-11-03T19:44:40.743+0000] {processor.py:157} INFO - Started process (PID=33725) to work on /home/airflow/.local/lib/python3.8/site-packages/airflow/example_dags/tutorial.py
[2023-11-03T19:44:40.746+0000] {processor.py:829} INFO - Processing file /home/airflow/.local/lib/python3.8/site-packages/airflow/example_dags/tutorial.py for tasks to queue
[2023-11-03T19:44:40.754+0000] {logging_mixin.py:151} INFO - [2023-11-03T19:44:40.753+0000] {dagbag.py:536} INFO - Filling up the DagBag from /home/airflow/.local/lib/python3.8/site-packages/airflow/example_dags/tutorial.py
[2023-11-03T19:44:40.775+0000] {processor.py:839} INFO - DAG(s) dict_keys(['tutorial']) retrieved from /home/airflow/.local/lib/python3.8/site-packages/airflow/example_dags/tutorial.py
[2023-11-03T19:44:40.831+0000] {logging_mixin.py:151} INFO - [2023-11-03T19:44:40.830+0000] {dag.py:2941} INFO - Sync 1 DAGs
[2023-11-03T19:44:40.887+0000] {logging_mixin.py:151} INFO - [2023-11-03T19:44:40.886+0000] {dag.py:3722} INFO - Setting next_dagrun for tutorial to 2023-11-02T19:44:40.886199+00:00, run_after=2023-11-03T19:44:40.886199+00:00
[2023-11-03T19:44:40.954+0000] {processor.py:179} INFO - Processing /home/airflow/.local/lib/python3.8/site-packages/airflow/example_dags/tutorial.py took 0.223 seconds
[2023-11-03T19:45:11.032+0000] {processor.py:157} INFO - Started process (PID=33787) to work on /home/airflow/.local/lib/python3.8/site-packages/airflow/example_dags/tutorial.py
[2023-11-03T19:45:11.035+0000] {processor.py:829} INFO - Processing file /home/airflow/.local/lib/python3.8/site-packages/airflow/example_dags/tutorial.py for tasks to queue
[2023-11-03T19:45:11.042+0000] {logging_mixin.py:151} INFO - [2023-11-03T19:45:11.041+0000] {dagbag.py:536} INFO - Filling up the DagBag from /home/airflow/.local/lib/python3.8/site-packages/airflow/example_dags/tutorial.py
[2023-11-03T19:45:11.063+0000] {processor.py:839} INFO - DAG(s) dict_keys(['tutorial']) retrieved from /home/airflow/.local/lib/python3.8/site-packages/airflow/example_dags/tutorial.py
[2023-11-03T19:45:11.125+0000] {logging_mixin.py:151} INFO - [2023-11-03T19:45:11.124+0000] {dag.py:2941} INFO - Sync 1 DAGs
[2023-11-03T19:45:11.203+0000] {logging_mixin.py:151} INFO - [2023-11-03T19:45:11.202+0000] {dag.py:3722} INFO - Setting next_dagrun for tutorial to 2023-11-02T19:45:11.201803+00:00, run_after=2023-11-03T19:45:11.201803+00:00
[2023-11-03T19:45:11.265+0000] {processor.py:179} INFO - Processing /home/airflow/.local/lib/python3.8/site-packages/airflow/example_dags/tutorial.py took 0.242 seconds
[2023-11-03T19:45:41.751+0000] {processor.py:157} INFO - Started process (PID=33850) to work on /home/airflow/.local/lib/python3.8/site-packages/airflow/example_dags/tutorial.py
[2023-11-03T19:45:41.755+0000] {processor.py:829} INFO - Processing file /home/airflow/.local/lib/python3.8/site-packages/airflow/example_dags/tutorial.py for tasks to queue
[2023-11-03T19:45:41.770+0000] {logging_mixin.py:151} INFO - [2023-11-03T19:45:41.768+0000] {dagbag.py:536} INFO - Filling up the DagBag from /home/airflow/.local/lib/python3.8/site-packages/airflow/example_dags/tutorial.py
[2023-11-03T19:45:41.836+0000] {processor.py:839} INFO - DAG(s) dict_keys(['tutorial']) retrieved from /home/airflow/.local/lib/python3.8/site-packages/airflow/example_dags/tutorial.py
[2023-11-03T19:45:41.990+0000] {logging_mixin.py:151} INFO - [2023-11-03T19:45:41.989+0000] {dag.py:2941} INFO - Sync 1 DAGs
[2023-11-03T19:45:42.068+0000] {logging_mixin.py:151} INFO - [2023-11-03T19:45:42.067+0000] {dag.py:3722} INFO - Setting next_dagrun for tutorial to 2023-11-02T19:45:42.066612+00:00, run_after=2023-11-03T19:45:42.066612+00:00
[2023-11-03T19:45:42.134+0000] {processor.py:179} INFO - Processing /home/airflow/.local/lib/python3.8/site-packages/airflow/example_dags/tutorial.py took 0.394 seconds
[2023-11-03T19:46:12.347+0000] {processor.py:157} INFO - Started process (PID=33912) to work on /home/airflow/.local/lib/python3.8/site-packages/airflow/example_dags/tutorial.py
[2023-11-03T19:46:12.350+0000] {processor.py:829} INFO - Processing file /home/airflow/.local/lib/python3.8/site-packages/airflow/example_dags/tutorial.py for tasks to queue
[2023-11-03T19:46:12.361+0000] {logging_mixin.py:151} INFO - [2023-11-03T19:46:12.359+0000] {dagbag.py:536} INFO - Filling up the DagBag from /home/airflow/.local/lib/python3.8/site-packages/airflow/example_dags/tutorial.py
[2023-11-03T19:46:12.389+0000] {processor.py:839} INFO - DAG(s) dict_keys(['tutorial']) retrieved from /home/airflow/.local/lib/python3.8/site-packages/airflow/example_dags/tutorial.py
[2023-11-03T19:46:12.443+0000] {logging_mixin.py:151} INFO - [2023-11-03T19:46:12.443+0000] {dag.py:2941} INFO - Sync 1 DAGs
[2023-11-03T19:46:12.516+0000] {logging_mixin.py:151} INFO - [2023-11-03T19:46:12.516+0000] {dag.py:3722} INFO - Setting next_dagrun for tutorial to 2023-11-02T19:46:12.515120+00:00, run_after=2023-11-03T19:46:12.515120+00:00
[2023-11-03T19:46:12.575+0000] {processor.py:179} INFO - Processing /home/airflow/.local/lib/python3.8/site-packages/airflow/example_dags/tutorial.py took 0.242 seconds
[2023-11-03T19:46:42.918+0000] {processor.py:157} INFO - Started process (PID=33974) to work on /home/airflow/.local/lib/python3.8/site-packages/airflow/example_dags/tutorial.py
[2023-11-03T19:46:42.921+0000] {processor.py:829} INFO - Processing file /home/airflow/.local/lib/python3.8/site-packages/airflow/example_dags/tutorial.py for tasks to queue
[2023-11-03T19:46:42.929+0000] {logging_mixin.py:151} INFO - [2023-11-03T19:46:42.927+0000] {dagbag.py:536} INFO - Filling up the DagBag from /home/airflow/.local/lib/python3.8/site-packages/airflow/example_dags/tutorial.py
[2023-11-03T19:46:42.948+0000] {processor.py:839} INFO - DAG(s) dict_keys(['tutorial']) retrieved from /home/airflow/.local/lib/python3.8/site-packages/airflow/example_dags/tutorial.py
[2023-11-03T19:46:43.011+0000] {logging_mixin.py:151} INFO - [2023-11-03T19:46:43.010+0000] {dag.py:2941} INFO - Sync 1 DAGs
[2023-11-03T19:46:43.071+0000] {logging_mixin.py:151} INFO - [2023-11-03T19:46:43.071+0000] {dag.py:3722} INFO - Setting next_dagrun for tutorial to 2023-11-02T19:46:43.070770+00:00, run_after=2023-11-03T19:46:43.070770+00:00
[2023-11-03T19:46:43.140+0000] {processor.py:179} INFO - Processing /home/airflow/.local/lib/python3.8/site-packages/airflow/example_dags/tutorial.py took 0.231 seconds
[2023-11-03T19:47:13.668+0000] {processor.py:157} INFO - Started process (PID=34036) to work on /home/airflow/.local/lib/python3.8/site-packages/airflow/example_dags/tutorial.py
[2023-11-03T19:47:13.670+0000] {processor.py:829} INFO - Processing file /home/airflow/.local/lib/python3.8/site-packages/airflow/example_dags/tutorial.py for tasks to queue
[2023-11-03T19:47:13.676+0000] {logging_mixin.py:151} INFO - [2023-11-03T19:47:13.675+0000] {dagbag.py:536} INFO - Filling up the DagBag from /home/airflow/.local/lib/python3.8/site-packages/airflow/example_dags/tutorial.py
[2023-11-03T19:47:13.694+0000] {processor.py:839} INFO - DAG(s) dict_keys(['tutorial']) retrieved from /home/airflow/.local/lib/python3.8/site-packages/airflow/example_dags/tutorial.py
[2023-11-03T19:47:13.856+0000] {logging_mixin.py:151} INFO - [2023-11-03T19:47:13.855+0000] {dag.py:2941} INFO - Sync 1 DAGs
[2023-11-03T19:47:13.951+0000] {logging_mixin.py:151} INFO - [2023-11-03T19:47:13.950+0000] {dag.py:3722} INFO - Setting next_dagrun for tutorial to 2023-11-02T19:47:13.950161+00:00, run_after=2023-11-03T19:47:13.950161+00:00
[2023-11-03T19:47:14.020+0000] {processor.py:179} INFO - Processing /home/airflow/.local/lib/python3.8/site-packages/airflow/example_dags/tutorial.py took 0.364 seconds
[2023-11-03T19:47:44.150+0000] {processor.py:157} INFO - Started process (PID=34098) to work on /home/airflow/.local/lib/python3.8/site-packages/airflow/example_dags/tutorial.py
[2023-11-03T19:47:44.153+0000] {processor.py:829} INFO - Processing file /home/airflow/.local/lib/python3.8/site-packages/airflow/example_dags/tutorial.py for tasks to queue
[2023-11-03T19:47:44.160+0000] {logging_mixin.py:151} INFO - [2023-11-03T19:47:44.159+0000] {dagbag.py:536} INFO - Filling up the DagBag from /home/airflow/.local/lib/python3.8/site-packages/airflow/example_dags/tutorial.py
[2023-11-03T19:47:44.190+0000] {processor.py:839} INFO - DAG(s) dict_keys(['tutorial']) retrieved from /home/airflow/.local/lib/python3.8/site-packages/airflow/example_dags/tutorial.py
[2023-11-03T19:47:44.253+0000] {logging_mixin.py:151} INFO - [2023-11-03T19:47:44.252+0000] {dag.py:2941} INFO - Sync 1 DAGs
[2023-11-03T19:47:44.305+0000] {logging_mixin.py:151} INFO - [2023-11-03T19:47:44.305+0000] {dag.py:3722} INFO - Setting next_dagrun for tutorial to 2023-11-02T19:47:44.304638+00:00, run_after=2023-11-03T19:47:44.304638+00:00
[2023-11-03T19:47:44.368+0000] {processor.py:179} INFO - Processing /home/airflow/.local/lib/python3.8/site-packages/airflow/example_dags/tutorial.py took 0.228 seconds
[2023-11-03T19:48:14.678+0000] {processor.py:157} INFO - Started process (PID=34160) to work on /home/airflow/.local/lib/python3.8/site-packages/airflow/example_dags/tutorial.py
[2023-11-03T19:48:14.682+0000] {processor.py:829} INFO - Processing file /home/airflow/.local/lib/python3.8/site-packages/airflow/example_dags/tutorial.py for tasks to queue
[2023-11-03T19:48:14.690+0000] {logging_mixin.py:151} INFO - [2023-11-03T19:48:14.688+0000] {dagbag.py:536} INFO - Filling up the DagBag from /home/airflow/.local/lib/python3.8/site-packages/airflow/example_dags/tutorial.py
[2023-11-03T19:48:14.717+0000] {processor.py:839} INFO - DAG(s) dict_keys(['tutorial']) retrieved from /home/airflow/.local/lib/python3.8/site-packages/airflow/example_dags/tutorial.py
[2023-11-03T19:48:14.778+0000] {logging_mixin.py:151} INFO - [2023-11-03T19:48:14.777+0000] {dag.py:2941} INFO - Sync 1 DAGs
[2023-11-03T19:48:14.844+0000] {logging_mixin.py:151} INFO - [2023-11-03T19:48:14.843+0000] {dag.py:3722} INFO - Setting next_dagrun for tutorial to 2023-11-02T19:48:14.843070+00:00, run_after=2023-11-03T19:48:14.843070+00:00
[2023-11-03T19:48:14.911+0000] {processor.py:179} INFO - Processing /home/airflow/.local/lib/python3.8/site-packages/airflow/example_dags/tutorial.py took 0.245 seconds
[2023-11-03T19:48:45.276+0000] {processor.py:157} INFO - Started process (PID=34222) to work on /home/airflow/.local/lib/python3.8/site-packages/airflow/example_dags/tutorial.py
[2023-11-03T19:48:45.281+0000] {processor.py:829} INFO - Processing file /home/airflow/.local/lib/python3.8/site-packages/airflow/example_dags/tutorial.py for tasks to queue
[2023-11-03T19:48:45.290+0000] {logging_mixin.py:151} INFO - [2023-11-03T19:48:45.289+0000] {dagbag.py:536} INFO - Filling up the DagBag from /home/airflow/.local/lib/python3.8/site-packages/airflow/example_dags/tutorial.py
[2023-11-03T19:48:45.315+0000] {processor.py:839} INFO - DAG(s) dict_keys(['tutorial']) retrieved from /home/airflow/.local/lib/python3.8/site-packages/airflow/example_dags/tutorial.py
[2023-11-03T19:48:45.397+0000] {logging_mixin.py:151} INFO - [2023-11-03T19:48:45.396+0000] {dag.py:2941} INFO - Sync 1 DAGs
[2023-11-03T19:48:45.476+0000] {logging_mixin.py:151} INFO - [2023-11-03T19:48:45.475+0000] {dag.py:3722} INFO - Setting next_dagrun for tutorial to 2023-11-02T19:48:45.475376+00:00, run_after=2023-11-03T19:48:45.475376+00:00
[2023-11-03T19:48:45.546+0000] {processor.py:179} INFO - Processing /home/airflow/.local/lib/python3.8/site-packages/airflow/example_dags/tutorial.py took 0.279 seconds
[2023-11-03T19:49:15.868+0000] {processor.py:157} INFO - Started process (PID=34284) to work on /home/airflow/.local/lib/python3.8/site-packages/airflow/example_dags/tutorial.py
[2023-11-03T19:49:15.871+0000] {processor.py:829} INFO - Processing file /home/airflow/.local/lib/python3.8/site-packages/airflow/example_dags/tutorial.py for tasks to queue
[2023-11-03T19:49:15.877+0000] {logging_mixin.py:151} INFO - [2023-11-03T19:49:15.876+0000] {dagbag.py:536} INFO - Filling up the DagBag from /home/airflow/.local/lib/python3.8/site-packages/airflow/example_dags/tutorial.py
[2023-11-03T19:49:15.896+0000] {processor.py:839} INFO - DAG(s) dict_keys(['tutorial']) retrieved from /home/airflow/.local/lib/python3.8/site-packages/airflow/example_dags/tutorial.py
[2023-11-03T19:49:15.955+0000] {logging_mixin.py:151} INFO - [2023-11-03T19:49:15.954+0000] {dag.py:2941} INFO - Sync 1 DAGs
[2023-11-03T19:49:16.019+0000] {logging_mixin.py:151} INFO - [2023-11-03T19:49:16.019+0000] {dag.py:3722} INFO - Setting next_dagrun for tutorial to 2023-11-02T19:49:16.018400+00:00, run_after=2023-11-03T19:49:16.018400+00:00
[2023-11-03T19:49:16.083+0000] {processor.py:179} INFO - Processing /home/airflow/.local/lib/python3.8/site-packages/airflow/example_dags/tutorial.py took 0.224 seconds
[2023-11-03T19:49:46.477+0000] {processor.py:157} INFO - Started process (PID=34346) to work on /home/airflow/.local/lib/python3.8/site-packages/airflow/example_dags/tutorial.py
[2023-11-03T19:49:46.480+0000] {processor.py:829} INFO - Processing file /home/airflow/.local/lib/python3.8/site-packages/airflow/example_dags/tutorial.py for tasks to queue
[2023-11-03T19:49:46.487+0000] {logging_mixin.py:151} INFO - [2023-11-03T19:49:46.486+0000] {dagbag.py:536} INFO - Filling up the DagBag from /home/airflow/.local/lib/python3.8/site-packages/airflow/example_dags/tutorial.py
[2023-11-03T19:49:46.505+0000] {processor.py:839} INFO - DAG(s) dict_keys(['tutorial']) retrieved from /home/airflow/.local/lib/python3.8/site-packages/airflow/example_dags/tutorial.py
[2023-11-03T19:49:46.558+0000] {logging_mixin.py:151} INFO - [2023-11-03T19:49:46.557+0000] {dag.py:2941} INFO - Sync 1 DAGs
[2023-11-03T19:49:46.629+0000] {logging_mixin.py:151} INFO - [2023-11-03T19:49:46.629+0000] {dag.py:3722} INFO - Setting next_dagrun for tutorial to 2023-11-02T19:49:46.628315+00:00, run_after=2023-11-03T19:49:46.628315+00:00
[2023-11-03T19:49:46.695+0000] {processor.py:179} INFO - Processing /home/airflow/.local/lib/python3.8/site-packages/airflow/example_dags/tutorial.py took 0.225 seconds
[2023-11-03T19:50:17.089+0000] {processor.py:157} INFO - Started process (PID=34408) to work on /home/airflow/.local/lib/python3.8/site-packages/airflow/example_dags/tutorial.py
[2023-11-03T19:50:17.092+0000] {processor.py:829} INFO - Processing file /home/airflow/.local/lib/python3.8/site-packages/airflow/example_dags/tutorial.py for tasks to queue
[2023-11-03T19:50:17.102+0000] {logging_mixin.py:151} INFO - [2023-11-03T19:50:17.101+0000] {dagbag.py:536} INFO - Filling up the DagBag from /home/airflow/.local/lib/python3.8/site-packages/airflow/example_dags/tutorial.py
[2023-11-03T19:50:17.123+0000] {processor.py:839} INFO - DAG(s) dict_keys(['tutorial']) retrieved from /home/airflow/.local/lib/python3.8/site-packages/airflow/example_dags/tutorial.py
[2023-11-03T19:50:17.185+0000] {logging_mixin.py:151} INFO - [2023-11-03T19:50:17.184+0000] {dag.py:2941} INFO - Sync 1 DAGs
[2023-11-03T19:50:17.275+0000] {logging_mixin.py:151} INFO - [2023-11-03T19:50:17.274+0000] {dag.py:3722} INFO - Setting next_dagrun for tutorial to 2023-11-02T19:50:17.273921+00:00, run_after=2023-11-03T19:50:17.273921+00:00
[2023-11-03T19:50:17.364+0000] {processor.py:179} INFO - Processing /home/airflow/.local/lib/python3.8/site-packages/airflow/example_dags/tutorial.py took 0.286 seconds
[2023-11-03T19:50:47.980+0000] {processor.py:157} INFO - Started process (PID=34470) to work on /home/airflow/.local/lib/python3.8/site-packages/airflow/example_dags/tutorial.py
[2023-11-03T19:50:47.984+0000] {processor.py:829} INFO - Processing file /home/airflow/.local/lib/python3.8/site-packages/airflow/example_dags/tutorial.py for tasks to queue
[2023-11-03T19:50:47.992+0000] {logging_mixin.py:151} INFO - [2023-11-03T19:50:47.990+0000] {dagbag.py:536} INFO - Filling up the DagBag from /home/airflow/.local/lib/python3.8/site-packages/airflow/example_dags/tutorial.py
[2023-11-03T19:50:48.011+0000] {processor.py:839} INFO - DAG(s) dict_keys(['tutorial']) retrieved from /home/airflow/.local/lib/python3.8/site-packages/airflow/example_dags/tutorial.py
[2023-11-03T19:50:48.062+0000] {logging_mixin.py:151} INFO - [2023-11-03T19:50:48.061+0000] {dag.py:2941} INFO - Sync 1 DAGs
[2023-11-03T19:50:48.117+0000] {logging_mixin.py:151} INFO - [2023-11-03T19:50:48.116+0000] {dag.py:3722} INFO - Setting next_dagrun for tutorial to 2023-11-02T19:50:48.116242+00:00, run_after=2023-11-03T19:50:48.116242+00:00
[2023-11-03T19:50:48.176+0000] {processor.py:179} INFO - Processing /home/airflow/.local/lib/python3.8/site-packages/airflow/example_dags/tutorial.py took 0.205 seconds
[2023-11-03T19:51:18.347+0000] {processor.py:157} INFO - Started process (PID=34532) to work on /home/airflow/.local/lib/python3.8/site-packages/airflow/example_dags/tutorial.py
[2023-11-03T19:51:18.351+0000] {processor.py:829} INFO - Processing file /home/airflow/.local/lib/python3.8/site-packages/airflow/example_dags/tutorial.py for tasks to queue
[2023-11-03T19:51:18.361+0000] {logging_mixin.py:151} INFO - [2023-11-03T19:51:18.359+0000] {dagbag.py:536} INFO - Filling up the DagBag from /home/airflow/.local/lib/python3.8/site-packages/airflow/example_dags/tutorial.py
[2023-11-03T19:51:18.383+0000] {processor.py:839} INFO - DAG(s) dict_keys(['tutorial']) retrieved from /home/airflow/.local/lib/python3.8/site-packages/airflow/example_dags/tutorial.py
[2023-11-03T19:51:18.439+0000] {logging_mixin.py:151} INFO - [2023-11-03T19:51:18.438+0000] {dag.py:2941} INFO - Sync 1 DAGs
[2023-11-03T19:51:18.500+0000] {logging_mixin.py:151} INFO - [2023-11-03T19:51:18.499+0000] {dag.py:3722} INFO - Setting next_dagrun for tutorial to 2023-11-02T19:51:18.499081+00:00, run_after=2023-11-03T19:51:18.499081+00:00
[2023-11-03T19:51:18.566+0000] {processor.py:179} INFO - Processing /home/airflow/.local/lib/python3.8/site-packages/airflow/example_dags/tutorial.py took 0.230 seconds
[2023-11-03T19:51:49.526+0000] {processor.py:157} INFO - Started process (PID=34594) to work on /home/airflow/.local/lib/python3.8/site-packages/airflow/example_dags/tutorial.py
[2023-11-03T19:51:49.528+0000] {processor.py:829} INFO - Processing file /home/airflow/.local/lib/python3.8/site-packages/airflow/example_dags/tutorial.py for tasks to queue
[2023-11-03T19:51:49.535+0000] {logging_mixin.py:151} INFO - [2023-11-03T19:51:49.534+0000] {dagbag.py:536} INFO - Filling up the DagBag from /home/airflow/.local/lib/python3.8/site-packages/airflow/example_dags/tutorial.py
[2023-11-03T19:51:49.550+0000] {processor.py:839} INFO - DAG(s) dict_keys(['tutorial']) retrieved from /home/airflow/.local/lib/python3.8/site-packages/airflow/example_dags/tutorial.py
[2023-11-03T19:51:49.616+0000] {logging_mixin.py:151} INFO - [2023-11-03T19:51:49.615+0000] {dag.py:2941} INFO - Sync 1 DAGs
[2023-11-03T19:51:49.669+0000] {logging_mixin.py:151} INFO - [2023-11-03T19:51:49.669+0000] {dag.py:3722} INFO - Setting next_dagrun for tutorial to 2023-11-02T19:51:49.668756+00:00, run_after=2023-11-03T19:51:49.668756+00:00
[2023-11-03T19:51:49.803+0000] {processor.py:179} INFO - Processing /home/airflow/.local/lib/python3.8/site-packages/airflow/example_dags/tutorial.py took 0.284 seconds
[2023-11-03T19:52:20.406+0000] {processor.py:157} INFO - Started process (PID=34657) to work on /home/airflow/.local/lib/python3.8/site-packages/airflow/example_dags/tutorial.py
[2023-11-03T19:52:20.409+0000] {processor.py:829} INFO - Processing file /home/airflow/.local/lib/python3.8/site-packages/airflow/example_dags/tutorial.py for tasks to queue
[2023-11-03T19:52:20.418+0000] {logging_mixin.py:151} INFO - [2023-11-03T19:52:20.417+0000] {dagbag.py:536} INFO - Filling up the DagBag from /home/airflow/.local/lib/python3.8/site-packages/airflow/example_dags/tutorial.py
[2023-11-03T19:52:20.440+0000] {processor.py:839} INFO - DAG(s) dict_keys(['tutorial']) retrieved from /home/airflow/.local/lib/python3.8/site-packages/airflow/example_dags/tutorial.py
[2023-11-03T19:52:20.499+0000] {logging_mixin.py:151} INFO - [2023-11-03T19:52:20.498+0000] {dag.py:2941} INFO - Sync 1 DAGs
[2023-11-03T19:52:20.569+0000] {logging_mixin.py:151} INFO - [2023-11-03T19:52:20.568+0000] {dag.py:3722} INFO - Setting next_dagrun for tutorial to 2023-11-02T19:52:20.567342+00:00, run_after=2023-11-03T19:52:20.567342+00:00
[2023-11-03T19:52:20.636+0000] {processor.py:179} INFO - Processing /home/airflow/.local/lib/python3.8/site-packages/airflow/example_dags/tutorial.py took 0.243 seconds
[2023-11-03T19:52:50.806+0000] {processor.py:157} INFO - Started process (PID=34719) to work on /home/airflow/.local/lib/python3.8/site-packages/airflow/example_dags/tutorial.py
[2023-11-03T19:52:50.809+0000] {processor.py:829} INFO - Processing file /home/airflow/.local/lib/python3.8/site-packages/airflow/example_dags/tutorial.py for tasks to queue
[2023-11-03T19:52:50.817+0000] {logging_mixin.py:151} INFO - [2023-11-03T19:52:50.816+0000] {dagbag.py:536} INFO - Filling up the DagBag from /home/airflow/.local/lib/python3.8/site-packages/airflow/example_dags/tutorial.py
[2023-11-03T19:52:50.834+0000] {processor.py:839} INFO - DAG(s) dict_keys(['tutorial']) retrieved from /home/airflow/.local/lib/python3.8/site-packages/airflow/example_dags/tutorial.py
[2023-11-03T19:52:50.900+0000] {logging_mixin.py:151} INFO - [2023-11-03T19:52:50.900+0000] {dag.py:2941} INFO - Sync 1 DAGs
[2023-11-03T19:52:50.963+0000] {logging_mixin.py:151} INFO - [2023-11-03T19:52:50.962+0000] {dag.py:3722} INFO - Setting next_dagrun for tutorial to 2023-11-02T19:52:50.961928+00:00, run_after=2023-11-03T19:52:50.961928+00:00
[2023-11-03T19:52:51.025+0000] {processor.py:179} INFO - Processing /home/airflow/.local/lib/python3.8/site-packages/airflow/example_dags/tutorial.py took 0.234 seconds
[2023-11-03T19:53:21.187+0000] {processor.py:157} INFO - Started process (PID=34781) to work on /home/airflow/.local/lib/python3.8/site-packages/airflow/example_dags/tutorial.py
[2023-11-03T19:53:21.191+0000] {processor.py:829} INFO - Processing file /home/airflow/.local/lib/python3.8/site-packages/airflow/example_dags/tutorial.py for tasks to queue
[2023-11-03T19:53:21.202+0000] {logging_mixin.py:151} INFO - [2023-11-03T19:53:21.200+0000] {dagbag.py:536} INFO - Filling up the DagBag from /home/airflow/.local/lib/python3.8/site-packages/airflow/example_dags/tutorial.py
[2023-11-03T19:53:21.224+0000] {processor.py:839} INFO - DAG(s) dict_keys(['tutorial']) retrieved from /home/airflow/.local/lib/python3.8/site-packages/airflow/example_dags/tutorial.py
[2023-11-03T19:53:21.279+0000] {logging_mixin.py:151} INFO - [2023-11-03T19:53:21.279+0000] {dag.py:2941} INFO - Sync 1 DAGs
[2023-11-03T19:53:21.361+0000] {logging_mixin.py:151} INFO - [2023-11-03T19:53:21.361+0000] {dag.py:3722} INFO - Setting next_dagrun for tutorial to 2023-11-02T19:53:21.360232+00:00, run_after=2023-11-03T19:53:21.360232+00:00
[2023-11-03T19:53:21.421+0000] {processor.py:179} INFO - Processing /home/airflow/.local/lib/python3.8/site-packages/airflow/example_dags/tutorial.py took 0.242 seconds
[2023-11-03T19:53:51.561+0000] {processor.py:157} INFO - Started process (PID=34843) to work on /home/airflow/.local/lib/python3.8/site-packages/airflow/example_dags/tutorial.py
[2023-11-03T19:53:51.563+0000] {processor.py:829} INFO - Processing file /home/airflow/.local/lib/python3.8/site-packages/airflow/example_dags/tutorial.py for tasks to queue
[2023-11-03T19:53:51.570+0000] {logging_mixin.py:151} INFO - [2023-11-03T19:53:51.569+0000] {dagbag.py:536} INFO - Filling up the DagBag from /home/airflow/.local/lib/python3.8/site-packages/airflow/example_dags/tutorial.py
[2023-11-03T19:53:51.587+0000] {processor.py:839} INFO - DAG(s) dict_keys(['tutorial']) retrieved from /home/airflow/.local/lib/python3.8/site-packages/airflow/example_dags/tutorial.py
[2023-11-03T19:53:51.640+0000] {logging_mixin.py:151} INFO - [2023-11-03T19:53:51.640+0000] {dag.py:2941} INFO - Sync 1 DAGs
[2023-11-03T19:53:51.714+0000] {logging_mixin.py:151} INFO - [2023-11-03T19:53:51.713+0000] {dag.py:3722} INFO - Setting next_dagrun for tutorial to 2023-11-02T19:53:51.712528+00:00, run_after=2023-11-03T19:53:51.712528+00:00
[2023-11-03T19:53:51.871+0000] {processor.py:179} INFO - Processing /home/airflow/.local/lib/python3.8/site-packages/airflow/example_dags/tutorial.py took 0.319 seconds
[2023-11-03T19:54:22.340+0000] {processor.py:157} INFO - Started process (PID=34905) to work on /home/airflow/.local/lib/python3.8/site-packages/airflow/example_dags/tutorial.py
[2023-11-03T19:54:22.343+0000] {processor.py:829} INFO - Processing file /home/airflow/.local/lib/python3.8/site-packages/airflow/example_dags/tutorial.py for tasks to queue
[2023-11-03T19:54:22.349+0000] {logging_mixin.py:151} INFO - [2023-11-03T19:54:22.348+0000] {dagbag.py:536} INFO - Filling up the DagBag from /home/airflow/.local/lib/python3.8/site-packages/airflow/example_dags/tutorial.py
[2023-11-03T19:54:22.366+0000] {processor.py:839} INFO - DAG(s) dict_keys(['tutorial']) retrieved from /home/airflow/.local/lib/python3.8/site-packages/airflow/example_dags/tutorial.py
[2023-11-03T19:54:22.417+0000] {logging_mixin.py:151} INFO - [2023-11-03T19:54:22.417+0000] {dag.py:2941} INFO - Sync 1 DAGs
[2023-11-03T19:54:22.478+0000] {logging_mixin.py:151} INFO - [2023-11-03T19:54:22.477+0000] {dag.py:3722} INFO - Setting next_dagrun for tutorial to 2023-11-02T19:54:22.477375+00:00, run_after=2023-11-03T19:54:22.477375+00:00
[2023-11-03T19:54:22.536+0000] {processor.py:179} INFO - Processing /home/airflow/.local/lib/python3.8/site-packages/airflow/example_dags/tutorial.py took 0.203 seconds
[2023-11-03T19:54:52.738+0000] {processor.py:157} INFO - Started process (PID=34967) to work on /home/airflow/.local/lib/python3.8/site-packages/airflow/example_dags/tutorial.py
[2023-11-03T19:54:52.740+0000] {processor.py:829} INFO - Processing file /home/airflow/.local/lib/python3.8/site-packages/airflow/example_dags/tutorial.py for tasks to queue
[2023-11-03T19:54:52.746+0000] {logging_mixin.py:151} INFO - [2023-11-03T19:54:52.745+0000] {dagbag.py:536} INFO - Filling up the DagBag from /home/airflow/.local/lib/python3.8/site-packages/airflow/example_dags/tutorial.py
[2023-11-03T19:54:52.761+0000] {processor.py:839} INFO - DAG(s) dict_keys(['tutorial']) retrieved from /home/airflow/.local/lib/python3.8/site-packages/airflow/example_dags/tutorial.py
[2023-11-03T19:54:52.812+0000] {logging_mixin.py:151} INFO - [2023-11-03T19:54:52.811+0000] {dag.py:2941} INFO - Sync 1 DAGs
[2023-11-03T19:54:52.879+0000] {logging_mixin.py:151} INFO - [2023-11-03T19:54:52.878+0000] {dag.py:3722} INFO - Setting next_dagrun for tutorial to 2023-11-02T19:54:52.877646+00:00, run_after=2023-11-03T19:54:52.877646+00:00
[2023-11-03T19:54:52.935+0000] {processor.py:179} INFO - Processing /home/airflow/.local/lib/python3.8/site-packages/airflow/example_dags/tutorial.py took 0.205 seconds
[2023-11-03T19:55:23.085+0000] {processor.py:157} INFO - Started process (PID=35029) to work on /home/airflow/.local/lib/python3.8/site-packages/airflow/example_dags/tutorial.py
[2023-11-03T19:55:23.088+0000] {processor.py:829} INFO - Processing file /home/airflow/.local/lib/python3.8/site-packages/airflow/example_dags/tutorial.py for tasks to queue
[2023-11-03T19:55:23.096+0000] {logging_mixin.py:151} INFO - [2023-11-03T19:55:23.095+0000] {dagbag.py:536} INFO - Filling up the DagBag from /home/airflow/.local/lib/python3.8/site-packages/airflow/example_dags/tutorial.py
[2023-11-03T19:55:23.113+0000] {processor.py:839} INFO - DAG(s) dict_keys(['tutorial']) retrieved from /home/airflow/.local/lib/python3.8/site-packages/airflow/example_dags/tutorial.py
[2023-11-03T19:55:23.161+0000] {logging_mixin.py:151} INFO - [2023-11-03T19:55:23.161+0000] {dag.py:2941} INFO - Sync 1 DAGs
[2023-11-03T19:55:23.222+0000] {logging_mixin.py:151} INFO - [2023-11-03T19:55:23.222+0000] {dag.py:3722} INFO - Setting next_dagrun for tutorial to 2023-11-02T19:55:23.221717+00:00, run_after=2023-11-03T19:55:23.221717+00:00
[2023-11-03T19:55:23.280+0000] {processor.py:179} INFO - Processing /home/airflow/.local/lib/python3.8/site-packages/airflow/example_dags/tutorial.py took 0.206 seconds
[2023-11-03T19:55:53.506+0000] {processor.py:157} INFO - Started process (PID=35091) to work on /home/airflow/.local/lib/python3.8/site-packages/airflow/example_dags/tutorial.py
[2023-11-03T19:55:53.508+0000] {processor.py:829} INFO - Processing file /home/airflow/.local/lib/python3.8/site-packages/airflow/example_dags/tutorial.py for tasks to queue
[2023-11-03T19:55:53.516+0000] {logging_mixin.py:151} INFO - [2023-11-03T19:55:53.515+0000] {dagbag.py:536} INFO - Filling up the DagBag from /home/airflow/.local/lib/python3.8/site-packages/airflow/example_dags/tutorial.py
[2023-11-03T19:55:53.533+0000] {processor.py:839} INFO - DAG(s) dict_keys(['tutorial']) retrieved from /home/airflow/.local/lib/python3.8/site-packages/airflow/example_dags/tutorial.py
[2023-11-03T19:55:53.600+0000] {logging_mixin.py:151} INFO - [2023-11-03T19:55:53.599+0000] {dag.py:2941} INFO - Sync 1 DAGs
[2023-11-03T19:55:53.665+0000] {logging_mixin.py:151} INFO - [2023-11-03T19:55:53.664+0000] {dag.py:3722} INFO - Setting next_dagrun for tutorial to 2023-11-02T19:55:53.664104+00:00, run_after=2023-11-03T19:55:53.664104+00:00
[2023-11-03T19:55:53.794+0000] {processor.py:179} INFO - Processing /home/airflow/.local/lib/python3.8/site-packages/airflow/example_dags/tutorial.py took 0.298 seconds
[2023-11-03T19:56:24.672+0000] {processor.py:157} INFO - Started process (PID=35155) to work on /home/airflow/.local/lib/python3.8/site-packages/airflow/example_dags/tutorial.py
[2023-11-03T19:56:24.674+0000] {processor.py:829} INFO - Processing file /home/airflow/.local/lib/python3.8/site-packages/airflow/example_dags/tutorial.py for tasks to queue
[2023-11-03T19:56:24.681+0000] {logging_mixin.py:151} INFO - [2023-11-03T19:56:24.680+0000] {dagbag.py:536} INFO - Filling up the DagBag from /home/airflow/.local/lib/python3.8/site-packages/airflow/example_dags/tutorial.py
[2023-11-03T19:56:24.697+0000] {processor.py:839} INFO - DAG(s) dict_keys(['tutorial']) retrieved from /home/airflow/.local/lib/python3.8/site-packages/airflow/example_dags/tutorial.py
[2023-11-03T19:56:24.750+0000] {logging_mixin.py:151} INFO - [2023-11-03T19:56:24.749+0000] {dag.py:2941} INFO - Sync 1 DAGs
[2023-11-03T19:56:24.815+0000] {logging_mixin.py:151} INFO - [2023-11-03T19:56:24.814+0000] {dag.py:3722} INFO - Setting next_dagrun for tutorial to 2023-11-02T19:56:24.814149+00:00, run_after=2023-11-03T19:56:24.814149+00:00
[2023-11-03T19:56:24.886+0000] {processor.py:179} INFO - Processing /home/airflow/.local/lib/python3.8/site-packages/airflow/example_dags/tutorial.py took 0.221 seconds
[2023-11-03T19:56:55.626+0000] {processor.py:157} INFO - Started process (PID=35217) to work on /home/airflow/.local/lib/python3.8/site-packages/airflow/example_dags/tutorial.py
[2023-11-03T19:56:55.628+0000] {processor.py:829} INFO - Processing file /home/airflow/.local/lib/python3.8/site-packages/airflow/example_dags/tutorial.py for tasks to queue
[2023-11-03T19:56:55.636+0000] {logging_mixin.py:151} INFO - [2023-11-03T19:56:55.634+0000] {dagbag.py:536} INFO - Filling up the DagBag from /home/airflow/.local/lib/python3.8/site-packages/airflow/example_dags/tutorial.py
[2023-11-03T19:56:55.655+0000] {processor.py:839} INFO - DAG(s) dict_keys(['tutorial']) retrieved from /home/airflow/.local/lib/python3.8/site-packages/airflow/example_dags/tutorial.py
[2023-11-03T19:56:55.719+0000] {logging_mixin.py:151} INFO - [2023-11-03T19:56:55.718+0000] {dag.py:2941} INFO - Sync 1 DAGs
[2023-11-03T19:56:55.780+0000] {logging_mixin.py:151} INFO - [2023-11-03T19:56:55.779+0000] {dag.py:3722} INFO - Setting next_dagrun for tutorial to 2023-11-02T19:56:55.778856+00:00, run_after=2023-11-03T19:56:55.778856+00:00
[2023-11-03T19:56:55.840+0000] {processor.py:179} INFO - Processing /home/airflow/.local/lib/python3.8/site-packages/airflow/example_dags/tutorial.py took 0.223 seconds
[2023-11-03T19:57:26.071+0000] {processor.py:157} INFO - Started process (PID=35279) to work on /home/airflow/.local/lib/python3.8/site-packages/airflow/example_dags/tutorial.py
[2023-11-03T19:57:26.074+0000] {processor.py:829} INFO - Processing file /home/airflow/.local/lib/python3.8/site-packages/airflow/example_dags/tutorial.py for tasks to queue
[2023-11-03T19:57:26.081+0000] {logging_mixin.py:151} INFO - [2023-11-03T19:57:26.079+0000] {dagbag.py:536} INFO - Filling up the DagBag from /home/airflow/.local/lib/python3.8/site-packages/airflow/example_dags/tutorial.py
[2023-11-03T19:57:26.099+0000] {processor.py:839} INFO - DAG(s) dict_keys(['tutorial']) retrieved from /home/airflow/.local/lib/python3.8/site-packages/airflow/example_dags/tutorial.py
[2023-11-03T19:57:26.149+0000] {logging_mixin.py:151} INFO - [2023-11-03T19:57:26.148+0000] {dag.py:2941} INFO - Sync 1 DAGs
[2023-11-03T19:57:26.204+0000] {logging_mixin.py:151} INFO - [2023-11-03T19:57:26.204+0000] {dag.py:3722} INFO - Setting next_dagrun for tutorial to 2023-11-02T19:57:26.203610+00:00, run_after=2023-11-03T19:57:26.203610+00:00
[2023-11-03T19:57:26.267+0000] {processor.py:179} INFO - Processing /home/airflow/.local/lib/python3.8/site-packages/airflow/example_dags/tutorial.py took 0.209 seconds
[2023-11-03T19:57:56.846+0000] {processor.py:157} INFO - Started process (PID=35341) to work on /home/airflow/.local/lib/python3.8/site-packages/airflow/example_dags/tutorial.py
[2023-11-03T19:57:56.849+0000] {processor.py:829} INFO - Processing file /home/airflow/.local/lib/python3.8/site-packages/airflow/example_dags/tutorial.py for tasks to queue
[2023-11-03T19:57:56.859+0000] {logging_mixin.py:151} INFO - [2023-11-03T19:57:56.857+0000] {dagbag.py:536} INFO - Filling up the DagBag from /home/airflow/.local/lib/python3.8/site-packages/airflow/example_dags/tutorial.py
[2023-11-03T19:57:56.875+0000] {processor.py:839} INFO - DAG(s) dict_keys(['tutorial']) retrieved from /home/airflow/.local/lib/python3.8/site-packages/airflow/example_dags/tutorial.py
[2023-11-03T19:57:56.926+0000] {logging_mixin.py:151} INFO - [2023-11-03T19:57:56.926+0000] {dag.py:2941} INFO - Sync 1 DAGs
[2023-11-03T19:57:56.982+0000] {logging_mixin.py:151} INFO - [2023-11-03T19:57:56.982+0000] {dag.py:3722} INFO - Setting next_dagrun for tutorial to 2023-11-02T19:57:56.981899+00:00, run_after=2023-11-03T19:57:56.981899+00:00
[2023-11-03T19:57:57.040+0000] {processor.py:179} INFO - Processing /home/airflow/.local/lib/python3.8/site-packages/airflow/example_dags/tutorial.py took 0.206 seconds
[2023-11-03T19:58:28.042+0000] {processor.py:157} INFO - Started process (PID=35403) to work on /home/airflow/.local/lib/python3.8/site-packages/airflow/example_dags/tutorial.py
[2023-11-03T19:58:28.049+0000] {processor.py:829} INFO - Processing file /home/airflow/.local/lib/python3.8/site-packages/airflow/example_dags/tutorial.py for tasks to queue
[2023-11-03T19:58:28.058+0000] {logging_mixin.py:151} INFO - [2023-11-03T19:58:28.056+0000] {dagbag.py:536} INFO - Filling up the DagBag from /home/airflow/.local/lib/python3.8/site-packages/airflow/example_dags/tutorial.py
[2023-11-03T19:58:28.075+0000] {processor.py:839} INFO - DAG(s) dict_keys(['tutorial']) retrieved from /home/airflow/.local/lib/python3.8/site-packages/airflow/example_dags/tutorial.py
[2023-11-03T19:58:28.130+0000] {logging_mixin.py:151} INFO - [2023-11-03T19:58:28.130+0000] {dag.py:2941} INFO - Sync 1 DAGs
[2023-11-03T19:58:28.206+0000] {logging_mixin.py:151} INFO - [2023-11-03T19:58:28.206+0000] {dag.py:3722} INFO - Setting next_dagrun for tutorial to 2023-11-02T19:58:28.205370+00:00, run_after=2023-11-03T19:58:28.205370+00:00
[2023-11-03T19:58:28.274+0000] {processor.py:179} INFO - Processing /home/airflow/.local/lib/python3.8/site-packages/airflow/example_dags/tutorial.py took 0.241 seconds
[2023-11-03T19:58:59.266+0000] {processor.py:157} INFO - Started process (PID=35467) to work on /home/airflow/.local/lib/python3.8/site-packages/airflow/example_dags/tutorial.py
[2023-11-03T19:58:59.269+0000] {processor.py:829} INFO - Processing file /home/airflow/.local/lib/python3.8/site-packages/airflow/example_dags/tutorial.py for tasks to queue
[2023-11-03T19:58:59.276+0000] {logging_mixin.py:151} INFO - [2023-11-03T19:58:59.275+0000] {dagbag.py:536} INFO - Filling up the DagBag from /home/airflow/.local/lib/python3.8/site-packages/airflow/example_dags/tutorial.py
[2023-11-03T19:58:59.295+0000] {processor.py:839} INFO - DAG(s) dict_keys(['tutorial']) retrieved from /home/airflow/.local/lib/python3.8/site-packages/airflow/example_dags/tutorial.py
[2023-11-03T19:58:59.363+0000] {logging_mixin.py:151} INFO - [2023-11-03T19:58:59.362+0000] {dag.py:2941} INFO - Sync 1 DAGs
[2023-11-03T19:58:59.433+0000] {logging_mixin.py:151} INFO - [2023-11-03T19:58:59.432+0000] {dag.py:3722} INFO - Setting next_dagrun for tutorial to 2023-11-02T19:58:59.431872+00:00, run_after=2023-11-03T19:58:59.431872+00:00
[2023-11-03T19:58:59.496+0000] {processor.py:179} INFO - Processing /home/airflow/.local/lib/python3.8/site-packages/airflow/example_dags/tutorial.py took 0.239 seconds
[2023-11-03T19:59:30.587+0000] {processor.py:157} INFO - Started process (PID=35531) to work on /home/airflow/.local/lib/python3.8/site-packages/airflow/example_dags/tutorial.py
[2023-11-03T19:59:30.590+0000] {processor.py:829} INFO - Processing file /home/airflow/.local/lib/python3.8/site-packages/airflow/example_dags/tutorial.py for tasks to queue
[2023-11-03T19:59:30.597+0000] {logging_mixin.py:151} INFO - [2023-11-03T19:59:30.596+0000] {dagbag.py:536} INFO - Filling up the DagBag from /home/airflow/.local/lib/python3.8/site-packages/airflow/example_dags/tutorial.py
[2023-11-03T19:59:30.616+0000] {processor.py:839} INFO - DAG(s) dict_keys(['tutorial']) retrieved from /home/airflow/.local/lib/python3.8/site-packages/airflow/example_dags/tutorial.py
[2023-11-03T19:59:30.669+0000] {logging_mixin.py:151} INFO - [2023-11-03T19:59:30.668+0000] {dag.py:2941} INFO - Sync 1 DAGs
[2023-11-03T19:59:30.740+0000] {logging_mixin.py:151} INFO - [2023-11-03T19:59:30.739+0000] {dag.py:3722} INFO - Setting next_dagrun for tutorial to 2023-11-02T19:59:30.739181+00:00, run_after=2023-11-03T19:59:30.739181+00:00
[2023-11-03T19:59:30.801+0000] {processor.py:179} INFO - Processing /home/airflow/.local/lib/python3.8/site-packages/airflow/example_dags/tutorial.py took 0.222 seconds
[2023-11-03T20:00:01.261+0000] {processor.py:157} INFO - Started process (PID=35593) to work on /home/airflow/.local/lib/python3.8/site-packages/airflow/example_dags/tutorial.py
[2023-11-03T20:00:01.263+0000] {processor.py:829} INFO - Processing file /home/airflow/.local/lib/python3.8/site-packages/airflow/example_dags/tutorial.py for tasks to queue
[2023-11-03T20:00:01.271+0000] {logging_mixin.py:151} INFO - [2023-11-03T20:00:01.269+0000] {dagbag.py:536} INFO - Filling up the DagBag from /home/airflow/.local/lib/python3.8/site-packages/airflow/example_dags/tutorial.py
[2023-11-03T20:00:01.289+0000] {processor.py:839} INFO - DAG(s) dict_keys(['tutorial']) retrieved from /home/airflow/.local/lib/python3.8/site-packages/airflow/example_dags/tutorial.py
[2023-11-03T20:00:01.351+0000] {logging_mixin.py:151} INFO - [2023-11-03T20:00:01.350+0000] {dag.py:2941} INFO - Sync 1 DAGs
[2023-11-03T20:00:01.424+0000] {logging_mixin.py:151} INFO - [2023-11-03T20:00:01.423+0000] {dag.py:3722} INFO - Setting next_dagrun for tutorial to 2023-11-02T20:00:01.422770+00:00, run_after=2023-11-03T20:00:01.422770+00:00
[2023-11-03T20:00:01.482+0000] {processor.py:179} INFO - Processing /home/airflow/.local/lib/python3.8/site-packages/airflow/example_dags/tutorial.py took 0.229 seconds
[2023-11-03T20:00:31.941+0000] {processor.py:157} INFO - Started process (PID=35655) to work on /home/airflow/.local/lib/python3.8/site-packages/airflow/example_dags/tutorial.py
[2023-11-03T20:00:31.944+0000] {processor.py:829} INFO - Processing file /home/airflow/.local/lib/python3.8/site-packages/airflow/example_dags/tutorial.py for tasks to queue
[2023-11-03T20:00:31.955+0000] {logging_mixin.py:151} INFO - [2023-11-03T20:00:31.953+0000] {dagbag.py:536} INFO - Filling up the DagBag from /home/airflow/.local/lib/python3.8/site-packages/airflow/example_dags/tutorial.py
[2023-11-03T20:00:31.971+0000] {processor.py:839} INFO - DAG(s) dict_keys(['tutorial']) retrieved from /home/airflow/.local/lib/python3.8/site-packages/airflow/example_dags/tutorial.py
[2023-11-03T20:00:32.028+0000] {logging_mixin.py:151} INFO - [2023-11-03T20:00:32.027+0000] {dag.py:2941} INFO - Sync 1 DAGs
[2023-11-03T20:00:32.090+0000] {logging_mixin.py:151} INFO - [2023-11-03T20:00:32.089+0000] {dag.py:3722} INFO - Setting next_dagrun for tutorial to 2023-11-02T20:00:32.088902+00:00, run_after=2023-11-03T20:00:32.088902+00:00
[2023-11-03T20:00:32.147+0000] {processor.py:179} INFO - Processing /home/airflow/.local/lib/python3.8/site-packages/airflow/example_dags/tutorial.py took 0.218 seconds
[2023-11-03T20:01:02.701+0000] {processor.py:157} INFO - Started process (PID=35717) to work on /home/airflow/.local/lib/python3.8/site-packages/airflow/example_dags/tutorial.py
[2023-11-03T20:01:02.704+0000] {processor.py:829} INFO - Processing file /home/airflow/.local/lib/python3.8/site-packages/airflow/example_dags/tutorial.py for tasks to queue
[2023-11-03T20:01:02.713+0000] {logging_mixin.py:151} INFO - [2023-11-03T20:01:02.711+0000] {dagbag.py:536} INFO - Filling up the DagBag from /home/airflow/.local/lib/python3.8/site-packages/airflow/example_dags/tutorial.py
[2023-11-03T20:01:02.734+0000] {processor.py:839} INFO - DAG(s) dict_keys(['tutorial']) retrieved from /home/airflow/.local/lib/python3.8/site-packages/airflow/example_dags/tutorial.py
[2023-11-03T20:01:02.784+0000] {logging_mixin.py:151} INFO - [2023-11-03T20:01:02.784+0000] {dag.py:2941} INFO - Sync 1 DAGs
[2023-11-03T20:01:02.840+0000] {logging_mixin.py:151} INFO - [2023-11-03T20:01:02.839+0000] {dag.py:3722} INFO - Setting next_dagrun for tutorial to 2023-11-02T20:01:02.839033+00:00, run_after=2023-11-03T20:01:02.839033+00:00
[2023-11-03T20:01:02.895+0000] {processor.py:179} INFO - Processing /home/airflow/.local/lib/python3.8/site-packages/airflow/example_dags/tutorial.py took 0.207 seconds
[2023-11-03T20:01:33.016+0000] {processor.py:157} INFO - Started process (PID=35777) to work on /home/airflow/.local/lib/python3.8/site-packages/airflow/example_dags/tutorial.py
[2023-11-03T20:01:33.020+0000] {processor.py:829} INFO - Processing file /home/airflow/.local/lib/python3.8/site-packages/airflow/example_dags/tutorial.py for tasks to queue
[2023-11-03T20:01:33.027+0000] {logging_mixin.py:151} INFO - [2023-11-03T20:01:33.026+0000] {dagbag.py:536} INFO - Filling up the DagBag from /home/airflow/.local/lib/python3.8/site-packages/airflow/example_dags/tutorial.py
[2023-11-03T20:01:33.048+0000] {processor.py:839} INFO - DAG(s) dict_keys(['tutorial']) retrieved from /home/airflow/.local/lib/python3.8/site-packages/airflow/example_dags/tutorial.py
[2023-11-03T20:01:33.099+0000] {logging_mixin.py:151} INFO - [2023-11-03T20:01:33.099+0000] {dag.py:2941} INFO - Sync 1 DAGs
[2023-11-03T20:01:33.158+0000] {logging_mixin.py:151} INFO - [2023-11-03T20:01:33.158+0000] {dag.py:3722} INFO - Setting next_dagrun for tutorial to 2023-11-02T20:01:33.157660+00:00, run_after=2023-11-03T20:01:33.157660+00:00
[2023-11-03T20:01:33.220+0000] {processor.py:179} INFO - Processing /home/airflow/.local/lib/python3.8/site-packages/airflow/example_dags/tutorial.py took 0.217 seconds
[2023-11-03T20:02:03.402+0000] {processor.py:157} INFO - Started process (PID=35839) to work on /home/airflow/.local/lib/python3.8/site-packages/airflow/example_dags/tutorial.py
[2023-11-03T20:02:03.404+0000] {processor.py:829} INFO - Processing file /home/airflow/.local/lib/python3.8/site-packages/airflow/example_dags/tutorial.py for tasks to queue
[2023-11-03T20:02:03.412+0000] {logging_mixin.py:151} INFO - [2023-11-03T20:02:03.411+0000] {dagbag.py:536} INFO - Filling up the DagBag from /home/airflow/.local/lib/python3.8/site-packages/airflow/example_dags/tutorial.py
[2023-11-03T20:02:03.432+0000] {processor.py:839} INFO - DAG(s) dict_keys(['tutorial']) retrieved from /home/airflow/.local/lib/python3.8/site-packages/airflow/example_dags/tutorial.py
[2023-11-03T20:02:03.486+0000] {logging_mixin.py:151} INFO - [2023-11-03T20:02:03.485+0000] {dag.py:2941} INFO - Sync 1 DAGs
[2023-11-03T20:02:03.541+0000] {logging_mixin.py:151} INFO - [2023-11-03T20:02:03.541+0000] {dag.py:3722} INFO - Setting next_dagrun for tutorial to 2023-11-02T20:02:03.540475+00:00, run_after=2023-11-03T20:02:03.540475+00:00
[2023-11-03T20:02:03.597+0000] {processor.py:179} INFO - Processing /home/airflow/.local/lib/python3.8/site-packages/airflow/example_dags/tutorial.py took 0.203 seconds
[2023-11-03T20:02:34.256+0000] {processor.py:157} INFO - Started process (PID=35901) to work on /home/airflow/.local/lib/python3.8/site-packages/airflow/example_dags/tutorial.py
[2023-11-03T20:02:34.259+0000] {processor.py:829} INFO - Processing file /home/airflow/.local/lib/python3.8/site-packages/airflow/example_dags/tutorial.py for tasks to queue
[2023-11-03T20:02:34.266+0000] {logging_mixin.py:151} INFO - [2023-11-03T20:02:34.264+0000] {dagbag.py:536} INFO - Filling up the DagBag from /home/airflow/.local/lib/python3.8/site-packages/airflow/example_dags/tutorial.py
[2023-11-03T20:02:34.285+0000] {processor.py:839} INFO - DAG(s) dict_keys(['tutorial']) retrieved from /home/airflow/.local/lib/python3.8/site-packages/airflow/example_dags/tutorial.py
[2023-11-03T20:02:34.360+0000] {logging_mixin.py:151} INFO - [2023-11-03T20:02:34.359+0000] {dag.py:2941} INFO - Sync 1 DAGs
[2023-11-03T20:02:34.428+0000] {logging_mixin.py:151} INFO - [2023-11-03T20:02:34.427+0000] {dag.py:3722} INFO - Setting next_dagrun for tutorial to 2023-11-02T20:02:34.426627+00:00, run_after=2023-11-03T20:02:34.426627+00:00
[2023-11-03T20:02:34.492+0000] {processor.py:179} INFO - Processing /home/airflow/.local/lib/python3.8/site-packages/airflow/example_dags/tutorial.py took 0.243 seconds
[2023-11-03T20:03:05.019+0000] {processor.py:157} INFO - Started process (PID=35963) to work on /home/airflow/.local/lib/python3.8/site-packages/airflow/example_dags/tutorial.py
[2023-11-03T20:03:05.022+0000] {processor.py:829} INFO - Processing file /home/airflow/.local/lib/python3.8/site-packages/airflow/example_dags/tutorial.py for tasks to queue
[2023-11-03T20:03:05.030+0000] {logging_mixin.py:151} INFO - [2023-11-03T20:03:05.028+0000] {dagbag.py:536} INFO - Filling up the DagBag from /home/airflow/.local/lib/python3.8/site-packages/airflow/example_dags/tutorial.py
[2023-11-03T20:03:05.048+0000] {processor.py:839} INFO - DAG(s) dict_keys(['tutorial']) retrieved from /home/airflow/.local/lib/python3.8/site-packages/airflow/example_dags/tutorial.py
[2023-11-03T20:03:05.118+0000] {logging_mixin.py:151} INFO - [2023-11-03T20:03:05.118+0000] {dag.py:2941} INFO - Sync 1 DAGs
[2023-11-03T20:03:05.183+0000] {logging_mixin.py:151} INFO - [2023-11-03T20:03:05.182+0000] {dag.py:3722} INFO - Setting next_dagrun for tutorial to 2023-11-02T20:03:05.181519+00:00, run_after=2023-11-03T20:03:05.181519+00:00
[2023-11-03T20:03:05.251+0000] {processor.py:179} INFO - Processing /home/airflow/.local/lib/python3.8/site-packages/airflow/example_dags/tutorial.py took 0.240 seconds
[2023-11-03T20:03:35.636+0000] {processor.py:157} INFO - Started process (PID=36026) to work on /home/airflow/.local/lib/python3.8/site-packages/airflow/example_dags/tutorial.py
[2023-11-03T20:03:35.639+0000] {processor.py:829} INFO - Processing file /home/airflow/.local/lib/python3.8/site-packages/airflow/example_dags/tutorial.py for tasks to queue
[2023-11-03T20:03:35.646+0000] {logging_mixin.py:151} INFO - [2023-11-03T20:03:35.644+0000] {dagbag.py:536} INFO - Filling up the DagBag from /home/airflow/.local/lib/python3.8/site-packages/airflow/example_dags/tutorial.py
[2023-11-03T20:03:35.665+0000] {processor.py:839} INFO - DAG(s) dict_keys(['tutorial']) retrieved from /home/airflow/.local/lib/python3.8/site-packages/airflow/example_dags/tutorial.py
[2023-11-03T20:03:35.741+0000] {logging_mixin.py:151} INFO - [2023-11-03T20:03:35.740+0000] {dag.py:2941} INFO - Sync 1 DAGs
[2023-11-03T20:03:35.903+0000] {logging_mixin.py:151} INFO - [2023-11-03T20:03:35.902+0000] {dag.py:3722} INFO - Setting next_dagrun for tutorial to 2023-11-02T20:03:35.902288+00:00, run_after=2023-11-03T20:03:35.902288+00:00
[2023-11-03T20:03:35.961+0000] {processor.py:179} INFO - Processing /home/airflow/.local/lib/python3.8/site-packages/airflow/example_dags/tutorial.py took 0.335 seconds
[2023-11-03T20:04:06.367+0000] {processor.py:157} INFO - Started process (PID=36089) to work on /home/airflow/.local/lib/python3.8/site-packages/airflow/example_dags/tutorial.py
[2023-11-03T20:04:06.370+0000] {processor.py:829} INFO - Processing file /home/airflow/.local/lib/python3.8/site-packages/airflow/example_dags/tutorial.py for tasks to queue
[2023-11-03T20:04:06.376+0000] {logging_mixin.py:151} INFO - [2023-11-03T20:04:06.375+0000] {dagbag.py:536} INFO - Filling up the DagBag from /home/airflow/.local/lib/python3.8/site-packages/airflow/example_dags/tutorial.py
[2023-11-03T20:04:06.392+0000] {processor.py:839} INFO - DAG(s) dict_keys(['tutorial']) retrieved from /home/airflow/.local/lib/python3.8/site-packages/airflow/example_dags/tutorial.py
[2023-11-03T20:04:06.444+0000] {logging_mixin.py:151} INFO - [2023-11-03T20:04:06.443+0000] {dag.py:2941} INFO - Sync 1 DAGs
[2023-11-03T20:04:06.502+0000] {logging_mixin.py:151} INFO - [2023-11-03T20:04:06.501+0000] {dag.py:3722} INFO - Setting next_dagrun for tutorial to 2023-11-02T20:04:06.501209+00:00, run_after=2023-11-03T20:04:06.501209+00:00
[2023-11-03T20:04:06.570+0000] {processor.py:179} INFO - Processing /home/airflow/.local/lib/python3.8/site-packages/airflow/example_dags/tutorial.py took 0.212 seconds
[2023-11-03T20:04:37.402+0000] {processor.py:157} INFO - Started process (PID=36150) to work on /home/airflow/.local/lib/python3.8/site-packages/airflow/example_dags/tutorial.py
[2023-11-03T20:04:37.405+0000] {processor.py:829} INFO - Processing file /home/airflow/.local/lib/python3.8/site-packages/airflow/example_dags/tutorial.py for tasks to queue
[2023-11-03T20:04:37.412+0000] {logging_mixin.py:151} INFO - [2023-11-03T20:04:37.411+0000] {dagbag.py:536} INFO - Filling up the DagBag from /home/airflow/.local/lib/python3.8/site-packages/airflow/example_dags/tutorial.py
[2023-11-03T20:04:37.434+0000] {processor.py:839} INFO - DAG(s) dict_keys(['tutorial']) retrieved from /home/airflow/.local/lib/python3.8/site-packages/airflow/example_dags/tutorial.py
[2023-11-03T20:04:37.492+0000] {logging_mixin.py:151} INFO - [2023-11-03T20:04:37.491+0000] {dag.py:2941} INFO - Sync 1 DAGs
[2023-11-03T20:04:37.550+0000] {logging_mixin.py:151} INFO - [2023-11-03T20:04:37.550+0000] {dag.py:3722} INFO - Setting next_dagrun for tutorial to 2023-11-02T20:04:37.549450+00:00, run_after=2023-11-03T20:04:37.549450+00:00
[2023-11-03T20:04:37.606+0000] {processor.py:179} INFO - Processing /home/airflow/.local/lib/python3.8/site-packages/airflow/example_dags/tutorial.py took 0.214 seconds
[2023-11-03T20:05:08.385+0000] {processor.py:157} INFO - Started process (PID=36219) to work on /home/airflow/.local/lib/python3.8/site-packages/airflow/example_dags/tutorial.py
[2023-11-03T20:05:08.387+0000] {processor.py:829} INFO - Processing file /home/airflow/.local/lib/python3.8/site-packages/airflow/example_dags/tutorial.py for tasks to queue
[2023-11-03T20:05:08.393+0000] {logging_mixin.py:151} INFO - [2023-11-03T20:05:08.392+0000] {dagbag.py:536} INFO - Filling up the DagBag from /home/airflow/.local/lib/python3.8/site-packages/airflow/example_dags/tutorial.py
[2023-11-03T20:05:08.409+0000] {processor.py:839} INFO - DAG(s) dict_keys(['tutorial']) retrieved from /home/airflow/.local/lib/python3.8/site-packages/airflow/example_dags/tutorial.py
[2023-11-03T20:05:08.462+0000] {logging_mixin.py:151} INFO - [2023-11-03T20:05:08.461+0000] {dag.py:2941} INFO - Sync 1 DAGs
[2023-11-03T20:05:08.518+0000] {logging_mixin.py:151} INFO - [2023-11-03T20:05:08.518+0000] {dag.py:3722} INFO - Setting next_dagrun for tutorial to 2023-11-02T20:05:08.517859+00:00, run_after=2023-11-03T20:05:08.517859+00:00
[2023-11-03T20:05:08.574+0000] {processor.py:179} INFO - Processing /home/airflow/.local/lib/python3.8/site-packages/airflow/example_dags/tutorial.py took 0.196 seconds
[2023-11-03T20:05:39.468+0000] {processor.py:157} INFO - Started process (PID=36281) to work on /home/airflow/.local/lib/python3.8/site-packages/airflow/example_dags/tutorial.py
[2023-11-03T20:05:39.471+0000] {processor.py:829} INFO - Processing file /home/airflow/.local/lib/python3.8/site-packages/airflow/example_dags/tutorial.py for tasks to queue
[2023-11-03T20:05:39.477+0000] {logging_mixin.py:151} INFO - [2023-11-03T20:05:39.476+0000] {dagbag.py:536} INFO - Filling up the DagBag from /home/airflow/.local/lib/python3.8/site-packages/airflow/example_dags/tutorial.py
[2023-11-03T20:05:39.492+0000] {processor.py:839} INFO - DAG(s) dict_keys(['tutorial']) retrieved from /home/airflow/.local/lib/python3.8/site-packages/airflow/example_dags/tutorial.py
[2023-11-03T20:05:39.548+0000] {logging_mixin.py:151} INFO - [2023-11-03T20:05:39.547+0000] {dag.py:2941} INFO - Sync 1 DAGs
[2023-11-03T20:05:39.625+0000] {logging_mixin.py:151} INFO - [2023-11-03T20:05:39.624+0000] {dag.py:3722} INFO - Setting next_dagrun for tutorial to 2023-11-02T20:05:39.623811+00:00, run_after=2023-11-03T20:05:39.623811+00:00
[2023-11-03T20:05:39.684+0000] {processor.py:179} INFO - Processing /home/airflow/.local/lib/python3.8/site-packages/airflow/example_dags/tutorial.py took 0.224 seconds
