[2023-11-03T19:42:49.304+0000] {processor.py:157} INFO - Started process (PID=33507) to work on /home/airflow/.local/lib/python3.8/site-packages/airflow/example_dags/example_dynamic_task_mapping.py
[2023-11-03T19:42:49.307+0000] {processor.py:829} INFO - Processing file /home/airflow/.local/lib/python3.8/site-packages/airflow/example_dags/example_dynamic_task_mapping.py for tasks to queue
[2023-11-03T19:42:49.315+0000] {logging_mixin.py:151} INFO - [2023-11-03T19:42:49.314+0000] {dagbag.py:536} INFO - Filling up the DagBag from /home/airflow/.local/lib/python3.8/site-packages/airflow/example_dags/example_dynamic_task_mapping.py
[2023-11-03T19:42:49.341+0000] {processor.py:839} INFO - DAG(s) dict_keys(['example_dynamic_task_mapping']) retrieved from /home/airflow/.local/lib/python3.8/site-packages/airflow/example_dags/example_dynamic_task_mapping.py
[2023-11-03T19:42:49.399+0000] {logging_mixin.py:151} INFO - [2023-11-03T19:42:49.398+0000] {dag.py:2941} INFO - Sync 1 DAGs
[2023-11-03T19:42:49.866+0000] {logging_mixin.py:151} INFO - [2023-11-03T19:42:49.865+0000] {dag.py:3722} INFO - Setting next_dagrun for example_dynamic_task_mapping to 2022-03-04T00:00:00+00:00, run_after=2022-03-05T00:00:00+00:00
[2023-11-03T19:42:49.944+0000] {processor.py:179} INFO - Processing /home/airflow/.local/lib/python3.8/site-packages/airflow/example_dags/example_dynamic_task_mapping.py took 0.647 seconds
[2023-11-03T19:43:20.434+0000] {processor.py:157} INFO - Started process (PID=33569) to work on /home/airflow/.local/lib/python3.8/site-packages/airflow/example_dags/example_dynamic_task_mapping.py
[2023-11-03T19:43:20.437+0000] {processor.py:829} INFO - Processing file /home/airflow/.local/lib/python3.8/site-packages/airflow/example_dags/example_dynamic_task_mapping.py for tasks to queue
[2023-11-03T19:43:20.444+0000] {logging_mixin.py:151} INFO - [2023-11-03T19:43:20.442+0000] {dagbag.py:536} INFO - Filling up the DagBag from /home/airflow/.local/lib/python3.8/site-packages/airflow/example_dags/example_dynamic_task_mapping.py
[2023-11-03T19:43:20.463+0000] {processor.py:839} INFO - DAG(s) dict_keys(['example_dynamic_task_mapping']) retrieved from /home/airflow/.local/lib/python3.8/site-packages/airflow/example_dags/example_dynamic_task_mapping.py
[2023-11-03T19:43:20.523+0000] {logging_mixin.py:151} INFO - [2023-11-03T19:43:20.522+0000] {dag.py:2941} INFO - Sync 1 DAGs
[2023-11-03T19:43:20.604+0000] {logging_mixin.py:151} INFO - [2023-11-03T19:43:20.603+0000] {dag.py:3722} INFO - Setting next_dagrun for example_dynamic_task_mapping to 2022-03-04T00:00:00+00:00, run_after=2022-03-05T00:00:00+00:00
[2023-11-03T19:43:20.679+0000] {processor.py:179} INFO - Processing /home/airflow/.local/lib/python3.8/site-packages/airflow/example_dags/example_dynamic_task_mapping.py took 0.253 seconds
[2023-11-03T19:43:50.839+0000] {processor.py:157} INFO - Started process (PID=33631) to work on /home/airflow/.local/lib/python3.8/site-packages/airflow/example_dags/example_dynamic_task_mapping.py
[2023-11-03T19:43:50.843+0000] {processor.py:829} INFO - Processing file /home/airflow/.local/lib/python3.8/site-packages/airflow/example_dags/example_dynamic_task_mapping.py for tasks to queue
[2023-11-03T19:43:50.852+0000] {logging_mixin.py:151} INFO - [2023-11-03T19:43:50.850+0000] {dagbag.py:536} INFO - Filling up the DagBag from /home/airflow/.local/lib/python3.8/site-packages/airflow/example_dags/example_dynamic_task_mapping.py
[2023-11-03T19:43:50.870+0000] {processor.py:839} INFO - DAG(s) dict_keys(['example_dynamic_task_mapping']) retrieved from /home/airflow/.local/lib/python3.8/site-packages/airflow/example_dags/example_dynamic_task_mapping.py
[2023-11-03T19:43:50.940+0000] {logging_mixin.py:151} INFO - [2023-11-03T19:43:50.939+0000] {dag.py:2941} INFO - Sync 1 DAGs
[2023-11-03T19:43:51.016+0000] {logging_mixin.py:151} INFO - [2023-11-03T19:43:51.015+0000] {dag.py:3722} INFO - Setting next_dagrun for example_dynamic_task_mapping to 2022-03-04T00:00:00+00:00, run_after=2022-03-05T00:00:00+00:00
[2023-11-03T19:43:51.076+0000] {processor.py:179} INFO - Processing /home/airflow/.local/lib/python3.8/site-packages/airflow/example_dags/example_dynamic_task_mapping.py took 0.246 seconds
[2023-11-03T19:44:21.885+0000] {processor.py:157} INFO - Started process (PID=33693) to work on /home/airflow/.local/lib/python3.8/site-packages/airflow/example_dags/example_dynamic_task_mapping.py
[2023-11-03T19:44:21.889+0000] {processor.py:829} INFO - Processing file /home/airflow/.local/lib/python3.8/site-packages/airflow/example_dags/example_dynamic_task_mapping.py for tasks to queue
[2023-11-03T19:44:21.899+0000] {logging_mixin.py:151} INFO - [2023-11-03T19:44:21.898+0000] {dagbag.py:536} INFO - Filling up the DagBag from /home/airflow/.local/lib/python3.8/site-packages/airflow/example_dags/example_dynamic_task_mapping.py
[2023-11-03T19:44:21.925+0000] {processor.py:839} INFO - DAG(s) dict_keys(['example_dynamic_task_mapping']) retrieved from /home/airflow/.local/lib/python3.8/site-packages/airflow/example_dags/example_dynamic_task_mapping.py
[2023-11-03T19:44:21.982+0000] {logging_mixin.py:151} INFO - [2023-11-03T19:44:21.982+0000] {dag.py:2941} INFO - Sync 1 DAGs
[2023-11-03T19:44:22.045+0000] {logging_mixin.py:151} INFO - [2023-11-03T19:44:22.044+0000] {dag.py:3722} INFO - Setting next_dagrun for example_dynamic_task_mapping to 2022-03-04T00:00:00+00:00, run_after=2022-03-05T00:00:00+00:00
[2023-11-03T19:44:22.109+0000] {processor.py:179} INFO - Processing /home/airflow/.local/lib/python3.8/site-packages/airflow/example_dags/example_dynamic_task_mapping.py took 0.233 seconds
[2023-11-03T19:44:53.135+0000] {processor.py:157} INFO - Started process (PID=33755) to work on /home/airflow/.local/lib/python3.8/site-packages/airflow/example_dags/example_dynamic_task_mapping.py
[2023-11-03T19:44:53.139+0000] {processor.py:829} INFO - Processing file /home/airflow/.local/lib/python3.8/site-packages/airflow/example_dags/example_dynamic_task_mapping.py for tasks to queue
[2023-11-03T19:44:53.148+0000] {logging_mixin.py:151} INFO - [2023-11-03T19:44:53.147+0000] {dagbag.py:536} INFO - Filling up the DagBag from /home/airflow/.local/lib/python3.8/site-packages/airflow/example_dags/example_dynamic_task_mapping.py
[2023-11-03T19:44:53.170+0000] {processor.py:839} INFO - DAG(s) dict_keys(['example_dynamic_task_mapping']) retrieved from /home/airflow/.local/lib/python3.8/site-packages/airflow/example_dags/example_dynamic_task_mapping.py
[2023-11-03T19:44:53.241+0000] {logging_mixin.py:151} INFO - [2023-11-03T19:44:53.240+0000] {dag.py:2941} INFO - Sync 1 DAGs
[2023-11-03T19:44:53.300+0000] {logging_mixin.py:151} INFO - [2023-11-03T19:44:53.300+0000] {dag.py:3722} INFO - Setting next_dagrun for example_dynamic_task_mapping to 2022-03-04T00:00:00+00:00, run_after=2022-03-05T00:00:00+00:00
[2023-11-03T19:44:53.357+0000] {processor.py:179} INFO - Processing /home/airflow/.local/lib/python3.8/site-packages/airflow/example_dags/example_dynamic_task_mapping.py took 0.234 seconds
[2023-11-03T19:45:23.515+0000] {processor.py:157} INFO - Started process (PID=33818) to work on /home/airflow/.local/lib/python3.8/site-packages/airflow/example_dags/example_dynamic_task_mapping.py
[2023-11-03T19:45:23.517+0000] {processor.py:829} INFO - Processing file /home/airflow/.local/lib/python3.8/site-packages/airflow/example_dags/example_dynamic_task_mapping.py for tasks to queue
[2023-11-03T19:45:23.524+0000] {logging_mixin.py:151} INFO - [2023-11-03T19:45:23.523+0000] {dagbag.py:536} INFO - Filling up the DagBag from /home/airflow/.local/lib/python3.8/site-packages/airflow/example_dags/example_dynamic_task_mapping.py
[2023-11-03T19:45:23.549+0000] {processor.py:839} INFO - DAG(s) dict_keys(['example_dynamic_task_mapping']) retrieved from /home/airflow/.local/lib/python3.8/site-packages/airflow/example_dags/example_dynamic_task_mapping.py
[2023-11-03T19:45:23.606+0000] {logging_mixin.py:151} INFO - [2023-11-03T19:45:23.606+0000] {dag.py:2941} INFO - Sync 1 DAGs
[2023-11-03T19:45:23.667+0000] {logging_mixin.py:151} INFO - [2023-11-03T19:45:23.666+0000] {dag.py:3722} INFO - Setting next_dagrun for example_dynamic_task_mapping to 2022-03-04T00:00:00+00:00, run_after=2022-03-05T00:00:00+00:00
[2023-11-03T19:45:23.786+0000] {processor.py:179} INFO - Processing /home/airflow/.local/lib/python3.8/site-packages/airflow/example_dags/example_dynamic_task_mapping.py took 0.281 seconds
[2023-11-03T19:45:54.319+0000] {processor.py:157} INFO - Started process (PID=33880) to work on /home/airflow/.local/lib/python3.8/site-packages/airflow/example_dags/example_dynamic_task_mapping.py
[2023-11-03T19:45:54.322+0000] {processor.py:829} INFO - Processing file /home/airflow/.local/lib/python3.8/site-packages/airflow/example_dags/example_dynamic_task_mapping.py for tasks to queue
[2023-11-03T19:45:54.332+0000] {logging_mixin.py:151} INFO - [2023-11-03T19:45:54.330+0000] {dagbag.py:536} INFO - Filling up the DagBag from /home/airflow/.local/lib/python3.8/site-packages/airflow/example_dags/example_dynamic_task_mapping.py
[2023-11-03T19:45:54.360+0000] {processor.py:839} INFO - DAG(s) dict_keys(['example_dynamic_task_mapping']) retrieved from /home/airflow/.local/lib/python3.8/site-packages/airflow/example_dags/example_dynamic_task_mapping.py
[2023-11-03T19:45:54.426+0000] {logging_mixin.py:151} INFO - [2023-11-03T19:45:54.426+0000] {dag.py:2941} INFO - Sync 1 DAGs
[2023-11-03T19:45:54.513+0000] {logging_mixin.py:151} INFO - [2023-11-03T19:45:54.512+0000] {dag.py:3722} INFO - Setting next_dagrun for example_dynamic_task_mapping to 2022-03-04T00:00:00+00:00, run_after=2022-03-05T00:00:00+00:00
[2023-11-03T19:45:54.572+0000] {processor.py:179} INFO - Processing /home/airflow/.local/lib/python3.8/site-packages/airflow/example_dags/example_dynamic_task_mapping.py took 0.263 seconds
[2023-11-03T19:46:25.315+0000] {processor.py:157} INFO - Started process (PID=33942) to work on /home/airflow/.local/lib/python3.8/site-packages/airflow/example_dags/example_dynamic_task_mapping.py
[2023-11-03T19:46:25.318+0000] {processor.py:829} INFO - Processing file /home/airflow/.local/lib/python3.8/site-packages/airflow/example_dags/example_dynamic_task_mapping.py for tasks to queue
[2023-11-03T19:46:25.326+0000] {logging_mixin.py:151} INFO - [2023-11-03T19:46:25.324+0000] {dagbag.py:536} INFO - Filling up the DagBag from /home/airflow/.local/lib/python3.8/site-packages/airflow/example_dags/example_dynamic_task_mapping.py
[2023-11-03T19:46:25.352+0000] {processor.py:839} INFO - DAG(s) dict_keys(['example_dynamic_task_mapping']) retrieved from /home/airflow/.local/lib/python3.8/site-packages/airflow/example_dags/example_dynamic_task_mapping.py
[2023-11-03T19:46:25.403+0000] {logging_mixin.py:151} INFO - [2023-11-03T19:46:25.402+0000] {dag.py:2941} INFO - Sync 1 DAGs
[2023-11-03T19:46:25.461+0000] {logging_mixin.py:151} INFO - [2023-11-03T19:46:25.460+0000] {dag.py:3722} INFO - Setting next_dagrun for example_dynamic_task_mapping to 2022-03-04T00:00:00+00:00, run_after=2022-03-05T00:00:00+00:00
[2023-11-03T19:46:25.531+0000] {processor.py:179} INFO - Processing /home/airflow/.local/lib/python3.8/site-packages/airflow/example_dags/example_dynamic_task_mapping.py took 0.225 seconds
[2023-11-03T19:46:56.157+0000] {processor.py:157} INFO - Started process (PID=34004) to work on /home/airflow/.local/lib/python3.8/site-packages/airflow/example_dags/example_dynamic_task_mapping.py
[2023-11-03T19:46:56.161+0000] {processor.py:829} INFO - Processing file /home/airflow/.local/lib/python3.8/site-packages/airflow/example_dags/example_dynamic_task_mapping.py for tasks to queue
[2023-11-03T19:46:56.173+0000] {logging_mixin.py:151} INFO - [2023-11-03T19:46:56.171+0000] {dagbag.py:536} INFO - Filling up the DagBag from /home/airflow/.local/lib/python3.8/site-packages/airflow/example_dags/example_dynamic_task_mapping.py
[2023-11-03T19:46:56.199+0000] {processor.py:839} INFO - DAG(s) dict_keys(['example_dynamic_task_mapping']) retrieved from /home/airflow/.local/lib/python3.8/site-packages/airflow/example_dags/example_dynamic_task_mapping.py
[2023-11-03T19:46:56.259+0000] {logging_mixin.py:151} INFO - [2023-11-03T19:46:56.258+0000] {dag.py:2941} INFO - Sync 1 DAGs
[2023-11-03T19:46:56.372+0000] {logging_mixin.py:151} INFO - [2023-11-03T19:46:56.372+0000] {dag.py:3722} INFO - Setting next_dagrun for example_dynamic_task_mapping to 2022-03-04T00:00:00+00:00, run_after=2022-03-05T00:00:00+00:00
[2023-11-03T19:46:56.431+0000] {processor.py:179} INFO - Processing /home/airflow/.local/lib/python3.8/site-packages/airflow/example_dags/example_dynamic_task_mapping.py took 0.286 seconds
[2023-11-03T19:47:26.722+0000] {processor.py:157} INFO - Started process (PID=34066) to work on /home/airflow/.local/lib/python3.8/site-packages/airflow/example_dags/example_dynamic_task_mapping.py
[2023-11-03T19:47:26.726+0000] {processor.py:829} INFO - Processing file /home/airflow/.local/lib/python3.8/site-packages/airflow/example_dags/example_dynamic_task_mapping.py for tasks to queue
[2023-11-03T19:47:26.736+0000] {logging_mixin.py:151} INFO - [2023-11-03T19:47:26.735+0000] {dagbag.py:536} INFO - Filling up the DagBag from /home/airflow/.local/lib/python3.8/site-packages/airflow/example_dags/example_dynamic_task_mapping.py
[2023-11-03T19:47:26.760+0000] {processor.py:839} INFO - DAG(s) dict_keys(['example_dynamic_task_mapping']) retrieved from /home/airflow/.local/lib/python3.8/site-packages/airflow/example_dags/example_dynamic_task_mapping.py
[2023-11-03T19:47:26.822+0000] {logging_mixin.py:151} INFO - [2023-11-03T19:47:26.821+0000] {dag.py:2941} INFO - Sync 1 DAGs
[2023-11-03T19:47:26.883+0000] {logging_mixin.py:151} INFO - [2023-11-03T19:47:26.882+0000] {dag.py:3722} INFO - Setting next_dagrun for example_dynamic_task_mapping to 2022-03-04T00:00:00+00:00, run_after=2022-03-05T00:00:00+00:00
[2023-11-03T19:47:26.937+0000] {processor.py:179} INFO - Processing /home/airflow/.local/lib/python3.8/site-packages/airflow/example_dags/example_dynamic_task_mapping.py took 0.230 seconds
[2023-11-03T19:47:57.479+0000] {processor.py:157} INFO - Started process (PID=34128) to work on /home/airflow/.local/lib/python3.8/site-packages/airflow/example_dags/example_dynamic_task_mapping.py
[2023-11-03T19:47:57.483+0000] {processor.py:829} INFO - Processing file /home/airflow/.local/lib/python3.8/site-packages/airflow/example_dags/example_dynamic_task_mapping.py for tasks to queue
[2023-11-03T19:47:57.494+0000] {logging_mixin.py:151} INFO - [2023-11-03T19:47:57.492+0000] {dagbag.py:536} INFO - Filling up the DagBag from /home/airflow/.local/lib/python3.8/site-packages/airflow/example_dags/example_dynamic_task_mapping.py
[2023-11-03T19:47:57.532+0000] {processor.py:839} INFO - DAG(s) dict_keys(['example_dynamic_task_mapping']) retrieved from /home/airflow/.local/lib/python3.8/site-packages/airflow/example_dags/example_dynamic_task_mapping.py
[2023-11-03T19:47:57.599+0000] {logging_mixin.py:151} INFO - [2023-11-03T19:47:57.598+0000] {dag.py:2941} INFO - Sync 1 DAGs
[2023-11-03T19:47:57.671+0000] {logging_mixin.py:151} INFO - [2023-11-03T19:47:57.670+0000] {dag.py:3722} INFO - Setting next_dagrun for example_dynamic_task_mapping to 2022-03-04T00:00:00+00:00, run_after=2022-03-05T00:00:00+00:00
[2023-11-03T19:47:57.734+0000] {processor.py:179} INFO - Processing /home/airflow/.local/lib/python3.8/site-packages/airflow/example_dags/example_dynamic_task_mapping.py took 0.268 seconds
[2023-11-03T19:48:28.058+0000] {processor.py:157} INFO - Started process (PID=34190) to work on /home/airflow/.local/lib/python3.8/site-packages/airflow/example_dags/example_dynamic_task_mapping.py
[2023-11-03T19:48:28.060+0000] {processor.py:829} INFO - Processing file /home/airflow/.local/lib/python3.8/site-packages/airflow/example_dags/example_dynamic_task_mapping.py for tasks to queue
[2023-11-03T19:48:28.069+0000] {logging_mixin.py:151} INFO - [2023-11-03T19:48:28.068+0000] {dagbag.py:536} INFO - Filling up the DagBag from /home/airflow/.local/lib/python3.8/site-packages/airflow/example_dags/example_dynamic_task_mapping.py
[2023-11-03T19:48:28.100+0000] {processor.py:839} INFO - DAG(s) dict_keys(['example_dynamic_task_mapping']) retrieved from /home/airflow/.local/lib/python3.8/site-packages/airflow/example_dags/example_dynamic_task_mapping.py
[2023-11-03T19:48:28.159+0000] {logging_mixin.py:151} INFO - [2023-11-03T19:48:28.158+0000] {dag.py:2941} INFO - Sync 1 DAGs
[2023-11-03T19:48:28.230+0000] {logging_mixin.py:151} INFO - [2023-11-03T19:48:28.230+0000] {dag.py:3722} INFO - Setting next_dagrun for example_dynamic_task_mapping to 2022-03-04T00:00:00+00:00, run_after=2022-03-05T00:00:00+00:00
[2023-11-03T19:48:28.288+0000] {processor.py:179} INFO - Processing /home/airflow/.local/lib/python3.8/site-packages/airflow/example_dags/example_dynamic_task_mapping.py took 0.239 seconds
[2023-11-03T19:48:58.525+0000] {processor.py:157} INFO - Started process (PID=34252) to work on /home/airflow/.local/lib/python3.8/site-packages/airflow/example_dags/example_dynamic_task_mapping.py
[2023-11-03T19:48:58.528+0000] {processor.py:829} INFO - Processing file /home/airflow/.local/lib/python3.8/site-packages/airflow/example_dags/example_dynamic_task_mapping.py for tasks to queue
[2023-11-03T19:48:58.536+0000] {logging_mixin.py:151} INFO - [2023-11-03T19:48:58.535+0000] {dagbag.py:536} INFO - Filling up the DagBag from /home/airflow/.local/lib/python3.8/site-packages/airflow/example_dags/example_dynamic_task_mapping.py
[2023-11-03T19:48:58.562+0000] {processor.py:839} INFO - DAG(s) dict_keys(['example_dynamic_task_mapping']) retrieved from /home/airflow/.local/lib/python3.8/site-packages/airflow/example_dags/example_dynamic_task_mapping.py
[2023-11-03T19:48:58.638+0000] {logging_mixin.py:151} INFO - [2023-11-03T19:48:58.637+0000] {dag.py:2941} INFO - Sync 1 DAGs
[2023-11-03T19:48:58.697+0000] {logging_mixin.py:151} INFO - [2023-11-03T19:48:58.696+0000] {dag.py:3722} INFO - Setting next_dagrun for example_dynamic_task_mapping to 2022-03-04T00:00:00+00:00, run_after=2022-03-05T00:00:00+00:00
[2023-11-03T19:48:58.756+0000] {processor.py:179} INFO - Processing /home/airflow/.local/lib/python3.8/site-packages/airflow/example_dags/example_dynamic_task_mapping.py took 0.239 seconds
[2023-11-03T19:49:29.450+0000] {processor.py:157} INFO - Started process (PID=34314) to work on /home/airflow/.local/lib/python3.8/site-packages/airflow/example_dags/example_dynamic_task_mapping.py
[2023-11-03T19:49:29.453+0000] {processor.py:829} INFO - Processing file /home/airflow/.local/lib/python3.8/site-packages/airflow/example_dags/example_dynamic_task_mapping.py for tasks to queue
[2023-11-03T19:49:29.462+0000] {logging_mixin.py:151} INFO - [2023-11-03T19:49:29.461+0000] {dagbag.py:536} INFO - Filling up the DagBag from /home/airflow/.local/lib/python3.8/site-packages/airflow/example_dags/example_dynamic_task_mapping.py
[2023-11-03T19:49:29.490+0000] {processor.py:839} INFO - DAG(s) dict_keys(['example_dynamic_task_mapping']) retrieved from /home/airflow/.local/lib/python3.8/site-packages/airflow/example_dags/example_dynamic_task_mapping.py
[2023-11-03T19:49:29.550+0000] {logging_mixin.py:151} INFO - [2023-11-03T19:49:29.549+0000] {dag.py:2941} INFO - Sync 1 DAGs
[2023-11-03T19:49:29.604+0000] {logging_mixin.py:151} INFO - [2023-11-03T19:49:29.604+0000] {dag.py:3722} INFO - Setting next_dagrun for example_dynamic_task_mapping to 2022-03-04T00:00:00+00:00, run_after=2022-03-05T00:00:00+00:00
[2023-11-03T19:49:29.667+0000] {processor.py:179} INFO - Processing /home/airflow/.local/lib/python3.8/site-packages/airflow/example_dags/example_dynamic_task_mapping.py took 0.228 seconds
[2023-11-03T19:50:00.140+0000] {processor.py:157} INFO - Started process (PID=34376) to work on /home/airflow/.local/lib/python3.8/site-packages/airflow/example_dags/example_dynamic_task_mapping.py
[2023-11-03T19:50:00.142+0000] {processor.py:829} INFO - Processing file /home/airflow/.local/lib/python3.8/site-packages/airflow/example_dags/example_dynamic_task_mapping.py for tasks to queue
[2023-11-03T19:50:00.151+0000] {logging_mixin.py:151} INFO - [2023-11-03T19:50:00.149+0000] {dagbag.py:536} INFO - Filling up the DagBag from /home/airflow/.local/lib/python3.8/site-packages/airflow/example_dags/example_dynamic_task_mapping.py
[2023-11-03T19:50:00.177+0000] {processor.py:839} INFO - DAG(s) dict_keys(['example_dynamic_task_mapping']) retrieved from /home/airflow/.local/lib/python3.8/site-packages/airflow/example_dags/example_dynamic_task_mapping.py
[2023-11-03T19:50:00.239+0000] {logging_mixin.py:151} INFO - [2023-11-03T19:50:00.239+0000] {dag.py:2941} INFO - Sync 1 DAGs
[2023-11-03T19:50:00.302+0000] {logging_mixin.py:151} INFO - [2023-11-03T19:50:00.301+0000] {dag.py:3722} INFO - Setting next_dagrun for example_dynamic_task_mapping to 2022-03-04T00:00:00+00:00, run_after=2022-03-05T00:00:00+00:00
[2023-11-03T19:50:00.364+0000] {processor.py:179} INFO - Processing /home/airflow/.local/lib/python3.8/site-packages/airflow/example_dags/example_dynamic_task_mapping.py took 0.233 seconds
[2023-11-03T19:50:30.530+0000] {processor.py:157} INFO - Started process (PID=34438) to work on /home/airflow/.local/lib/python3.8/site-packages/airflow/example_dags/example_dynamic_task_mapping.py
[2023-11-03T19:50:30.534+0000] {processor.py:829} INFO - Processing file /home/airflow/.local/lib/python3.8/site-packages/airflow/example_dags/example_dynamic_task_mapping.py for tasks to queue
[2023-11-03T19:50:30.541+0000] {logging_mixin.py:151} INFO - [2023-11-03T19:50:30.540+0000] {dagbag.py:536} INFO - Filling up the DagBag from /home/airflow/.local/lib/python3.8/site-packages/airflow/example_dags/example_dynamic_task_mapping.py
[2023-11-03T19:50:30.564+0000] {processor.py:839} INFO - DAG(s) dict_keys(['example_dynamic_task_mapping']) retrieved from /home/airflow/.local/lib/python3.8/site-packages/airflow/example_dags/example_dynamic_task_mapping.py
[2023-11-03T19:50:30.616+0000] {logging_mixin.py:151} INFO - [2023-11-03T19:50:30.616+0000] {dag.py:2941} INFO - Sync 1 DAGs
[2023-11-03T19:50:30.689+0000] {logging_mixin.py:151} INFO - [2023-11-03T19:50:30.688+0000] {dag.py:3722} INFO - Setting next_dagrun for example_dynamic_task_mapping to 2022-03-04T00:00:00+00:00, run_after=2022-03-05T00:00:00+00:00
[2023-11-03T19:50:30.748+0000] {processor.py:179} INFO - Processing /home/airflow/.local/lib/python3.8/site-packages/airflow/example_dags/example_dynamic_task_mapping.py took 0.235 seconds
[2023-11-03T19:51:01.696+0000] {processor.py:157} INFO - Started process (PID=34500) to work on /home/airflow/.local/lib/python3.8/site-packages/airflow/example_dags/example_dynamic_task_mapping.py
[2023-11-03T19:51:01.701+0000] {processor.py:829} INFO - Processing file /home/airflow/.local/lib/python3.8/site-packages/airflow/example_dags/example_dynamic_task_mapping.py for tasks to queue
[2023-11-03T19:51:01.708+0000] {logging_mixin.py:151} INFO - [2023-11-03T19:51:01.706+0000] {dagbag.py:536} INFO - Filling up the DagBag from /home/airflow/.local/lib/python3.8/site-packages/airflow/example_dags/example_dynamic_task_mapping.py
[2023-11-03T19:51:01.726+0000] {processor.py:839} INFO - DAG(s) dict_keys(['example_dynamic_task_mapping']) retrieved from /home/airflow/.local/lib/python3.8/site-packages/airflow/example_dags/example_dynamic_task_mapping.py
[2023-11-03T19:51:01.780+0000] {logging_mixin.py:151} INFO - [2023-11-03T19:51:01.779+0000] {dag.py:2941} INFO - Sync 1 DAGs
[2023-11-03T19:51:01.846+0000] {logging_mixin.py:151} INFO - [2023-11-03T19:51:01.845+0000] {dag.py:3722} INFO - Setting next_dagrun for example_dynamic_task_mapping to 2022-03-04T00:00:00+00:00, run_after=2022-03-05T00:00:00+00:00
[2023-11-03T19:51:01.906+0000] {processor.py:179} INFO - Processing /home/airflow/.local/lib/python3.8/site-packages/airflow/example_dags/example_dynamic_task_mapping.py took 0.219 seconds
[2023-11-03T19:51:32.518+0000] {processor.py:157} INFO - Started process (PID=34562) to work on /home/airflow/.local/lib/python3.8/site-packages/airflow/example_dags/example_dynamic_task_mapping.py
[2023-11-03T19:51:32.522+0000] {processor.py:829} INFO - Processing file /home/airflow/.local/lib/python3.8/site-packages/airflow/example_dags/example_dynamic_task_mapping.py for tasks to queue
[2023-11-03T19:51:32.528+0000] {logging_mixin.py:151} INFO - [2023-11-03T19:51:32.527+0000] {dagbag.py:536} INFO - Filling up the DagBag from /home/airflow/.local/lib/python3.8/site-packages/airflow/example_dags/example_dynamic_task_mapping.py
[2023-11-03T19:51:32.549+0000] {processor.py:839} INFO - DAG(s) dict_keys(['example_dynamic_task_mapping']) retrieved from /home/airflow/.local/lib/python3.8/site-packages/airflow/example_dags/example_dynamic_task_mapping.py
[2023-11-03T19:51:32.602+0000] {logging_mixin.py:151} INFO - [2023-11-03T19:51:32.601+0000] {dag.py:2941} INFO - Sync 1 DAGs
[2023-11-03T19:51:32.670+0000] {logging_mixin.py:151} INFO - [2023-11-03T19:51:32.669+0000] {dag.py:3722} INFO - Setting next_dagrun for example_dynamic_task_mapping to 2022-03-04T00:00:00+00:00, run_after=2022-03-05T00:00:00+00:00
[2023-11-03T19:51:32.727+0000] {processor.py:179} INFO - Processing /home/airflow/.local/lib/python3.8/site-packages/airflow/example_dags/example_dynamic_task_mapping.py took 0.218 seconds
[2023-11-03T19:52:04.065+0000] {processor.py:157} INFO - Started process (PID=34624) to work on /home/airflow/.local/lib/python3.8/site-packages/airflow/example_dags/example_dynamic_task_mapping.py
[2023-11-03T19:52:04.068+0000] {processor.py:829} INFO - Processing file /home/airflow/.local/lib/python3.8/site-packages/airflow/example_dags/example_dynamic_task_mapping.py for tasks to queue
[2023-11-03T19:52:04.075+0000] {logging_mixin.py:151} INFO - [2023-11-03T19:52:04.074+0000] {dagbag.py:536} INFO - Filling up the DagBag from /home/airflow/.local/lib/python3.8/site-packages/airflow/example_dags/example_dynamic_task_mapping.py
[2023-11-03T19:52:04.096+0000] {processor.py:839} INFO - DAG(s) dict_keys(['example_dynamic_task_mapping']) retrieved from /home/airflow/.local/lib/python3.8/site-packages/airflow/example_dags/example_dynamic_task_mapping.py
[2023-11-03T19:52:04.149+0000] {logging_mixin.py:151} INFO - [2023-11-03T19:52:04.149+0000] {dag.py:2941} INFO - Sync 1 DAGs
[2023-11-03T19:52:04.220+0000] {logging_mixin.py:151} INFO - [2023-11-03T19:52:04.219+0000] {dag.py:3722} INFO - Setting next_dagrun for example_dynamic_task_mapping to 2022-03-04T00:00:00+00:00, run_after=2022-03-05T00:00:00+00:00
[2023-11-03T19:52:04.282+0000] {processor.py:179} INFO - Processing /home/airflow/.local/lib/python3.8/site-packages/airflow/example_dags/example_dynamic_task_mapping.py took 0.225 seconds
[2023-11-03T19:52:34.826+0000] {processor.py:157} INFO - Started process (PID=34686) to work on /home/airflow/.local/lib/python3.8/site-packages/airflow/example_dags/example_dynamic_task_mapping.py
[2023-11-03T19:52:34.828+0000] {processor.py:829} INFO - Processing file /home/airflow/.local/lib/python3.8/site-packages/airflow/example_dags/example_dynamic_task_mapping.py for tasks to queue
[2023-11-03T19:52:34.834+0000] {logging_mixin.py:151} INFO - [2023-11-03T19:52:34.833+0000] {dagbag.py:536} INFO - Filling up the DagBag from /home/airflow/.local/lib/python3.8/site-packages/airflow/example_dags/example_dynamic_task_mapping.py
[2023-11-03T19:52:34.852+0000] {processor.py:839} INFO - DAG(s) dict_keys(['example_dynamic_task_mapping']) retrieved from /home/airflow/.local/lib/python3.8/site-packages/airflow/example_dags/example_dynamic_task_mapping.py
[2023-11-03T19:52:34.906+0000] {logging_mixin.py:151} INFO - [2023-11-03T19:52:34.905+0000] {dag.py:2941} INFO - Sync 1 DAGs
[2023-11-03T19:52:34.973+0000] {logging_mixin.py:151} INFO - [2023-11-03T19:52:34.972+0000] {dag.py:3722} INFO - Setting next_dagrun for example_dynamic_task_mapping to 2022-03-04T00:00:00+00:00, run_after=2022-03-05T00:00:00+00:00
[2023-11-03T19:52:35.036+0000] {processor.py:179} INFO - Processing /home/airflow/.local/lib/python3.8/site-packages/airflow/example_dags/example_dynamic_task_mapping.py took 0.218 seconds
[2023-11-03T19:53:05.875+0000] {processor.py:157} INFO - Started process (PID=34755) to work on /home/airflow/.local/lib/python3.8/site-packages/airflow/example_dags/example_dynamic_task_mapping.py
[2023-11-03T19:53:05.878+0000] {processor.py:829} INFO - Processing file /home/airflow/.local/lib/python3.8/site-packages/airflow/example_dags/example_dynamic_task_mapping.py for tasks to queue
[2023-11-03T19:53:05.885+0000] {logging_mixin.py:151} INFO - [2023-11-03T19:53:05.883+0000] {dagbag.py:536} INFO - Filling up the DagBag from /home/airflow/.local/lib/python3.8/site-packages/airflow/example_dags/example_dynamic_task_mapping.py
[2023-11-03T19:53:05.904+0000] {processor.py:839} INFO - DAG(s) dict_keys(['example_dynamic_task_mapping']) retrieved from /home/airflow/.local/lib/python3.8/site-packages/airflow/example_dags/example_dynamic_task_mapping.py
[2023-11-03T19:53:05.964+0000] {logging_mixin.py:151} INFO - [2023-11-03T19:53:05.963+0000] {dag.py:2941} INFO - Sync 1 DAGs
[2023-11-03T19:53:06.026+0000] {logging_mixin.py:151} INFO - [2023-11-03T19:53:06.025+0000] {dag.py:3722} INFO - Setting next_dagrun for example_dynamic_task_mapping to 2022-03-04T00:00:00+00:00, run_after=2022-03-05T00:00:00+00:00
[2023-11-03T19:53:06.097+0000] {processor.py:179} INFO - Processing /home/airflow/.local/lib/python3.8/site-packages/airflow/example_dags/example_dynamic_task_mapping.py took 0.231 seconds
[2023-11-03T19:53:36.559+0000] {processor.py:157} INFO - Started process (PID=34817) to work on /home/airflow/.local/lib/python3.8/site-packages/airflow/example_dags/example_dynamic_task_mapping.py
[2023-11-03T19:53:36.561+0000] {processor.py:829} INFO - Processing file /home/airflow/.local/lib/python3.8/site-packages/airflow/example_dags/example_dynamic_task_mapping.py for tasks to queue
[2023-11-03T19:53:36.568+0000] {logging_mixin.py:151} INFO - [2023-11-03T19:53:36.566+0000] {dagbag.py:536} INFO - Filling up the DagBag from /home/airflow/.local/lib/python3.8/site-packages/airflow/example_dags/example_dynamic_task_mapping.py
[2023-11-03T19:53:36.595+0000] {processor.py:839} INFO - DAG(s) dict_keys(['example_dynamic_task_mapping']) retrieved from /home/airflow/.local/lib/python3.8/site-packages/airflow/example_dags/example_dynamic_task_mapping.py
[2023-11-03T19:53:36.649+0000] {logging_mixin.py:151} INFO - [2023-11-03T19:53:36.648+0000] {dag.py:2941} INFO - Sync 1 DAGs
[2023-11-03T19:53:36.721+0000] {logging_mixin.py:151} INFO - [2023-11-03T19:53:36.720+0000] {dag.py:3722} INFO - Setting next_dagrun for example_dynamic_task_mapping to 2022-03-04T00:00:00+00:00, run_after=2022-03-05T00:00:00+00:00
[2023-11-03T19:53:36.779+0000] {processor.py:179} INFO - Processing /home/airflow/.local/lib/python3.8/site-packages/airflow/example_dags/example_dynamic_task_mapping.py took 0.227 seconds
[2023-11-03T19:54:08.291+0000] {processor.py:157} INFO - Started process (PID=34879) to work on /home/airflow/.local/lib/python3.8/site-packages/airflow/example_dags/example_dynamic_task_mapping.py
[2023-11-03T19:54:08.294+0000] {processor.py:829} INFO - Processing file /home/airflow/.local/lib/python3.8/site-packages/airflow/example_dags/example_dynamic_task_mapping.py for tasks to queue
[2023-11-03T19:54:08.303+0000] {logging_mixin.py:151} INFO - [2023-11-03T19:54:08.302+0000] {dagbag.py:536} INFO - Filling up the DagBag from /home/airflow/.local/lib/python3.8/site-packages/airflow/example_dags/example_dynamic_task_mapping.py
[2023-11-03T19:54:08.338+0000] {processor.py:839} INFO - DAG(s) dict_keys(['example_dynamic_task_mapping']) retrieved from /home/airflow/.local/lib/python3.8/site-packages/airflow/example_dags/example_dynamic_task_mapping.py
[2023-11-03T19:54:08.411+0000] {logging_mixin.py:151} INFO - [2023-11-03T19:54:08.410+0000] {dag.py:2941} INFO - Sync 1 DAGs
[2023-11-03T19:54:08.482+0000] {logging_mixin.py:151} INFO - [2023-11-03T19:54:08.482+0000] {dag.py:3722} INFO - Setting next_dagrun for example_dynamic_task_mapping to 2022-03-04T00:00:00+00:00, run_after=2022-03-05T00:00:00+00:00
[2023-11-03T19:54:08.555+0000] {processor.py:179} INFO - Processing /home/airflow/.local/lib/python3.8/site-packages/airflow/example_dags/example_dynamic_task_mapping.py took 0.272 seconds
[2023-11-03T19:54:38.776+0000] {processor.py:157} INFO - Started process (PID=34941) to work on /home/airflow/.local/lib/python3.8/site-packages/airflow/example_dags/example_dynamic_task_mapping.py
[2023-11-03T19:54:38.778+0000] {processor.py:829} INFO - Processing file /home/airflow/.local/lib/python3.8/site-packages/airflow/example_dags/example_dynamic_task_mapping.py for tasks to queue
[2023-11-03T19:54:38.787+0000] {logging_mixin.py:151} INFO - [2023-11-03T19:54:38.785+0000] {dagbag.py:536} INFO - Filling up the DagBag from /home/airflow/.local/lib/python3.8/site-packages/airflow/example_dags/example_dynamic_task_mapping.py
[2023-11-03T19:54:38.808+0000] {processor.py:839} INFO - DAG(s) dict_keys(['example_dynamic_task_mapping']) retrieved from /home/airflow/.local/lib/python3.8/site-packages/airflow/example_dags/example_dynamic_task_mapping.py
[2023-11-03T19:54:38.864+0000] {logging_mixin.py:151} INFO - [2023-11-03T19:54:38.863+0000] {dag.py:2941} INFO - Sync 1 DAGs
[2023-11-03T19:54:38.921+0000] {logging_mixin.py:151} INFO - [2023-11-03T19:54:38.920+0000] {dag.py:3722} INFO - Setting next_dagrun for example_dynamic_task_mapping to 2022-03-04T00:00:00+00:00, run_after=2022-03-05T00:00:00+00:00
[2023-11-03T19:54:38.978+0000] {processor.py:179} INFO - Processing /home/airflow/.local/lib/python3.8/site-packages/airflow/example_dags/example_dynamic_task_mapping.py took 0.210 seconds
[2023-11-03T19:55:09.956+0000] {processor.py:157} INFO - Started process (PID=35003) to work on /home/airflow/.local/lib/python3.8/site-packages/airflow/example_dags/example_dynamic_task_mapping.py
[2023-11-03T19:55:09.961+0000] {processor.py:829} INFO - Processing file /home/airflow/.local/lib/python3.8/site-packages/airflow/example_dags/example_dynamic_task_mapping.py for tasks to queue
[2023-11-03T19:55:09.968+0000] {logging_mixin.py:151} INFO - [2023-11-03T19:55:09.967+0000] {dagbag.py:536} INFO - Filling up the DagBag from /home/airflow/.local/lib/python3.8/site-packages/airflow/example_dags/example_dynamic_task_mapping.py
[2023-11-03T19:55:09.993+0000] {processor.py:839} INFO - DAG(s) dict_keys(['example_dynamic_task_mapping']) retrieved from /home/airflow/.local/lib/python3.8/site-packages/airflow/example_dags/example_dynamic_task_mapping.py
[2023-11-03T19:55:10.069+0000] {logging_mixin.py:151} INFO - [2023-11-03T19:55:10.069+0000] {dag.py:2941} INFO - Sync 1 DAGs
[2023-11-03T19:55:10.133+0000] {logging_mixin.py:151} INFO - [2023-11-03T19:55:10.133+0000] {dag.py:3722} INFO - Setting next_dagrun for example_dynamic_task_mapping to 2022-03-04T00:00:00+00:00, run_after=2022-03-05T00:00:00+00:00
[2023-11-03T19:55:10.202+0000] {processor.py:179} INFO - Processing /home/airflow/.local/lib/python3.8/site-packages/airflow/example_dags/example_dynamic_task_mapping.py took 0.258 seconds
[2023-11-03T19:55:40.506+0000] {processor.py:157} INFO - Started process (PID=35065) to work on /home/airflow/.local/lib/python3.8/site-packages/airflow/example_dags/example_dynamic_task_mapping.py
[2023-11-03T19:55:40.510+0000] {processor.py:829} INFO - Processing file /home/airflow/.local/lib/python3.8/site-packages/airflow/example_dags/example_dynamic_task_mapping.py for tasks to queue
[2023-11-03T19:55:40.520+0000] {logging_mixin.py:151} INFO - [2023-11-03T19:55:40.518+0000] {dagbag.py:536} INFO - Filling up the DagBag from /home/airflow/.local/lib/python3.8/site-packages/airflow/example_dags/example_dynamic_task_mapping.py
[2023-11-03T19:55:40.542+0000] {processor.py:839} INFO - DAG(s) dict_keys(['example_dynamic_task_mapping']) retrieved from /home/airflow/.local/lib/python3.8/site-packages/airflow/example_dags/example_dynamic_task_mapping.py
[2023-11-03T19:55:40.599+0000] {logging_mixin.py:151} INFO - [2023-11-03T19:55:40.598+0000] {dag.py:2941} INFO - Sync 1 DAGs
[2023-11-03T19:55:40.653+0000] {logging_mixin.py:151} INFO - [2023-11-03T19:55:40.653+0000] {dag.py:3722} INFO - Setting next_dagrun for example_dynamic_task_mapping to 2022-03-04T00:00:00+00:00, run_after=2022-03-05T00:00:00+00:00
[2023-11-03T19:55:40.711+0000] {processor.py:179} INFO - Processing /home/airflow/.local/lib/python3.8/site-packages/airflow/example_dags/example_dynamic_task_mapping.py took 0.216 seconds
[2023-11-03T19:56:11.105+0000] {processor.py:157} INFO - Started process (PID=35127) to work on /home/airflow/.local/lib/python3.8/site-packages/airflow/example_dags/example_dynamic_task_mapping.py
[2023-11-03T19:56:11.109+0000] {processor.py:829} INFO - Processing file /home/airflow/.local/lib/python3.8/site-packages/airflow/example_dags/example_dynamic_task_mapping.py for tasks to queue
[2023-11-03T19:56:11.118+0000] {logging_mixin.py:151} INFO - [2023-11-03T19:56:11.117+0000] {dagbag.py:536} INFO - Filling up the DagBag from /home/airflow/.local/lib/python3.8/site-packages/airflow/example_dags/example_dynamic_task_mapping.py
[2023-11-03T19:56:11.137+0000] {processor.py:839} INFO - DAG(s) dict_keys(['example_dynamic_task_mapping']) retrieved from /home/airflow/.local/lib/python3.8/site-packages/airflow/example_dags/example_dynamic_task_mapping.py
[2023-11-03T19:56:11.189+0000] {logging_mixin.py:151} INFO - [2023-11-03T19:56:11.188+0000] {dag.py:2941} INFO - Sync 1 DAGs
[2023-11-03T19:56:11.268+0000] {logging_mixin.py:151} INFO - [2023-11-03T19:56:11.267+0000] {dag.py:3722} INFO - Setting next_dagrun for example_dynamic_task_mapping to 2022-03-04T00:00:00+00:00, run_after=2022-03-05T00:00:00+00:00
[2023-11-03T19:56:11.323+0000] {processor.py:179} INFO - Processing /home/airflow/.local/lib/python3.8/site-packages/airflow/example_dags/example_dynamic_task_mapping.py took 0.229 seconds
[2023-11-03T19:56:41.865+0000] {processor.py:157} INFO - Started process (PID=35189) to work on /home/airflow/.local/lib/python3.8/site-packages/airflow/example_dags/example_dynamic_task_mapping.py
[2023-11-03T19:56:41.880+0000] {processor.py:829} INFO - Processing file /home/airflow/.local/lib/python3.8/site-packages/airflow/example_dags/example_dynamic_task_mapping.py for tasks to queue
[2023-11-03T19:56:41.917+0000] {logging_mixin.py:151} INFO - [2023-11-03T19:56:41.916+0000] {dagbag.py:536} INFO - Filling up the DagBag from /home/airflow/.local/lib/python3.8/site-packages/airflow/example_dags/example_dynamic_task_mapping.py
[2023-11-03T19:56:41.962+0000] {processor.py:839} INFO - DAG(s) dict_keys(['example_dynamic_task_mapping']) retrieved from /home/airflow/.local/lib/python3.8/site-packages/airflow/example_dags/example_dynamic_task_mapping.py
[2023-11-03T19:56:42.061+0000] {logging_mixin.py:151} INFO - [2023-11-03T19:56:42.060+0000] {dag.py:2941} INFO - Sync 1 DAGs
[2023-11-03T19:56:42.151+0000] {logging_mixin.py:151} INFO - [2023-11-03T19:56:42.150+0000] {dag.py:3722} INFO - Setting next_dagrun for example_dynamic_task_mapping to 2022-03-04T00:00:00+00:00, run_after=2022-03-05T00:00:00+00:00
[2023-11-03T19:56:42.234+0000] {processor.py:179} INFO - Processing /home/airflow/.local/lib/python3.8/site-packages/airflow/example_dags/example_dynamic_task_mapping.py took 0.384 seconds
[2023-11-03T19:57:12.471+0000] {processor.py:157} INFO - Started process (PID=35251) to work on /home/airflow/.local/lib/python3.8/site-packages/airflow/example_dags/example_dynamic_task_mapping.py
[2023-11-03T19:57:12.473+0000] {processor.py:829} INFO - Processing file /home/airflow/.local/lib/python3.8/site-packages/airflow/example_dags/example_dynamic_task_mapping.py for tasks to queue
[2023-11-03T19:57:12.481+0000] {logging_mixin.py:151} INFO - [2023-11-03T19:57:12.480+0000] {dagbag.py:536} INFO - Filling up the DagBag from /home/airflow/.local/lib/python3.8/site-packages/airflow/example_dags/example_dynamic_task_mapping.py
[2023-11-03T19:57:12.504+0000] {processor.py:839} INFO - DAG(s) dict_keys(['example_dynamic_task_mapping']) retrieved from /home/airflow/.local/lib/python3.8/site-packages/airflow/example_dags/example_dynamic_task_mapping.py
[2023-11-03T19:57:12.568+0000] {logging_mixin.py:151} INFO - [2023-11-03T19:57:12.567+0000] {dag.py:2941} INFO - Sync 1 DAGs
[2023-11-03T19:57:12.648+0000] {logging_mixin.py:151} INFO - [2023-11-03T19:57:12.648+0000] {dag.py:3722} INFO - Setting next_dagrun for example_dynamic_task_mapping to 2022-03-04T00:00:00+00:00, run_after=2022-03-05T00:00:00+00:00
[2023-11-03T19:57:12.716+0000] {processor.py:179} INFO - Processing /home/airflow/.local/lib/python3.8/site-packages/airflow/example_dags/example_dynamic_task_mapping.py took 0.254 seconds
[2023-11-03T19:57:43.547+0000] {processor.py:157} INFO - Started process (PID=35313) to work on /home/airflow/.local/lib/python3.8/site-packages/airflow/example_dags/example_dynamic_task_mapping.py
[2023-11-03T19:57:43.552+0000] {processor.py:829} INFO - Processing file /home/airflow/.local/lib/python3.8/site-packages/airflow/example_dags/example_dynamic_task_mapping.py for tasks to queue
[2023-11-03T19:57:43.560+0000] {logging_mixin.py:151} INFO - [2023-11-03T19:57:43.558+0000] {dagbag.py:536} INFO - Filling up the DagBag from /home/airflow/.local/lib/python3.8/site-packages/airflow/example_dags/example_dynamic_task_mapping.py
[2023-11-03T19:57:43.579+0000] {processor.py:839} INFO - DAG(s) dict_keys(['example_dynamic_task_mapping']) retrieved from /home/airflow/.local/lib/python3.8/site-packages/airflow/example_dags/example_dynamic_task_mapping.py
[2023-11-03T19:57:43.632+0000] {logging_mixin.py:151} INFO - [2023-11-03T19:57:43.632+0000] {dag.py:2941} INFO - Sync 1 DAGs
[2023-11-03T19:57:43.693+0000] {logging_mixin.py:151} INFO - [2023-11-03T19:57:43.692+0000] {dag.py:3722} INFO - Setting next_dagrun for example_dynamic_task_mapping to 2022-03-04T00:00:00+00:00, run_after=2022-03-05T00:00:00+00:00
[2023-11-03T19:57:43.755+0000] {processor.py:179} INFO - Processing /home/airflow/.local/lib/python3.8/site-packages/airflow/example_dags/example_dynamic_task_mapping.py took 0.216 seconds
[2023-11-03T19:58:14.593+0000] {processor.py:157} INFO - Started process (PID=35375) to work on /home/airflow/.local/lib/python3.8/site-packages/airflow/example_dags/example_dynamic_task_mapping.py
[2023-11-03T19:58:14.595+0000] {processor.py:829} INFO - Processing file /home/airflow/.local/lib/python3.8/site-packages/airflow/example_dags/example_dynamic_task_mapping.py for tasks to queue
[2023-11-03T19:58:14.601+0000] {logging_mixin.py:151} INFO - [2023-11-03T19:58:14.600+0000] {dagbag.py:536} INFO - Filling up the DagBag from /home/airflow/.local/lib/python3.8/site-packages/airflow/example_dags/example_dynamic_task_mapping.py
[2023-11-03T19:58:14.620+0000] {processor.py:839} INFO - DAG(s) dict_keys(['example_dynamic_task_mapping']) retrieved from /home/airflow/.local/lib/python3.8/site-packages/airflow/example_dags/example_dynamic_task_mapping.py
[2023-11-03T19:58:14.667+0000] {logging_mixin.py:151} INFO - [2023-11-03T19:58:14.667+0000] {dag.py:2941} INFO - Sync 1 DAGs
[2023-11-03T19:58:14.721+0000] {logging_mixin.py:151} INFO - [2023-11-03T19:58:14.720+0000] {dag.py:3722} INFO - Setting next_dagrun for example_dynamic_task_mapping to 2022-03-04T00:00:00+00:00, run_after=2022-03-05T00:00:00+00:00
[2023-11-03T19:58:14.771+0000] {processor.py:179} INFO - Processing /home/airflow/.local/lib/python3.8/site-packages/airflow/example_dags/example_dynamic_task_mapping.py took 0.186 seconds
[2023-11-03T19:58:45.036+0000] {processor.py:157} INFO - Started process (PID=35437) to work on /home/airflow/.local/lib/python3.8/site-packages/airflow/example_dags/example_dynamic_task_mapping.py
[2023-11-03T19:58:45.038+0000] {processor.py:829} INFO - Processing file /home/airflow/.local/lib/python3.8/site-packages/airflow/example_dags/example_dynamic_task_mapping.py for tasks to queue
[2023-11-03T19:58:45.045+0000] {logging_mixin.py:151} INFO - [2023-11-03T19:58:45.044+0000] {dagbag.py:536} INFO - Filling up the DagBag from /home/airflow/.local/lib/python3.8/site-packages/airflow/example_dags/example_dynamic_task_mapping.py
[2023-11-03T19:58:45.064+0000] {processor.py:839} INFO - DAG(s) dict_keys(['example_dynamic_task_mapping']) retrieved from /home/airflow/.local/lib/python3.8/site-packages/airflow/example_dags/example_dynamic_task_mapping.py
[2023-11-03T19:58:45.110+0000] {logging_mixin.py:151} INFO - [2023-11-03T19:58:45.109+0000] {dag.py:2941} INFO - Sync 1 DAGs
[2023-11-03T19:58:45.176+0000] {logging_mixin.py:151} INFO - [2023-11-03T19:58:45.175+0000] {dag.py:3722} INFO - Setting next_dagrun for example_dynamic_task_mapping to 2022-03-04T00:00:00+00:00, run_after=2022-03-05T00:00:00+00:00
[2023-11-03T19:58:45.239+0000] {processor.py:179} INFO - Processing /home/airflow/.local/lib/python3.8/site-packages/airflow/example_dags/example_dynamic_task_mapping.py took 0.212 seconds
[2023-11-03T19:59:16.337+0000] {processor.py:157} INFO - Started process (PID=35499) to work on /home/airflow/.local/lib/python3.8/site-packages/airflow/example_dags/example_dynamic_task_mapping.py
[2023-11-03T19:59:16.340+0000] {processor.py:829} INFO - Processing file /home/airflow/.local/lib/python3.8/site-packages/airflow/example_dags/example_dynamic_task_mapping.py for tasks to queue
[2023-11-03T19:59:16.347+0000] {logging_mixin.py:151} INFO - [2023-11-03T19:59:16.346+0000] {dagbag.py:536} INFO - Filling up the DagBag from /home/airflow/.local/lib/python3.8/site-packages/airflow/example_dags/example_dynamic_task_mapping.py
[2023-11-03T19:59:16.366+0000] {processor.py:839} INFO - DAG(s) dict_keys(['example_dynamic_task_mapping']) retrieved from /home/airflow/.local/lib/python3.8/site-packages/airflow/example_dags/example_dynamic_task_mapping.py
[2023-11-03T19:59:16.420+0000] {logging_mixin.py:151} INFO - [2023-11-03T19:59:16.420+0000] {dag.py:2941} INFO - Sync 1 DAGs
[2023-11-03T19:59:16.479+0000] {logging_mixin.py:151} INFO - [2023-11-03T19:59:16.479+0000] {dag.py:3722} INFO - Setting next_dagrun for example_dynamic_task_mapping to 2022-03-04T00:00:00+00:00, run_after=2022-03-05T00:00:00+00:00
[2023-11-03T19:59:16.536+0000] {processor.py:179} INFO - Processing /home/airflow/.local/lib/python3.8/site-packages/airflow/example_dags/example_dynamic_task_mapping.py took 0.206 seconds
[2023-11-03T19:59:46.711+0000] {processor.py:157} INFO - Started process (PID=35561) to work on /home/airflow/.local/lib/python3.8/site-packages/airflow/example_dags/example_dynamic_task_mapping.py
[2023-11-03T19:59:46.714+0000] {processor.py:829} INFO - Processing file /home/airflow/.local/lib/python3.8/site-packages/airflow/example_dags/example_dynamic_task_mapping.py for tasks to queue
[2023-11-03T19:59:46.722+0000] {logging_mixin.py:151} INFO - [2023-11-03T19:59:46.721+0000] {dagbag.py:536} INFO - Filling up the DagBag from /home/airflow/.local/lib/python3.8/site-packages/airflow/example_dags/example_dynamic_task_mapping.py
[2023-11-03T19:59:46.741+0000] {processor.py:839} INFO - DAG(s) dict_keys(['example_dynamic_task_mapping']) retrieved from /home/airflow/.local/lib/python3.8/site-packages/airflow/example_dags/example_dynamic_task_mapping.py
[2023-11-03T19:59:46.797+0000] {logging_mixin.py:151} INFO - [2023-11-03T19:59:46.796+0000] {dag.py:2941} INFO - Sync 1 DAGs
[2023-11-03T19:59:46.860+0000] {logging_mixin.py:151} INFO - [2023-11-03T19:59:46.859+0000] {dag.py:3722} INFO - Setting next_dagrun for example_dynamic_task_mapping to 2022-03-04T00:00:00+00:00, run_after=2022-03-05T00:00:00+00:00
[2023-11-03T19:59:46.918+0000] {processor.py:179} INFO - Processing /home/airflow/.local/lib/python3.8/site-packages/airflow/example_dags/example_dynamic_task_mapping.py took 0.216 seconds
[2023-11-03T20:00:18.032+0000] {processor.py:157} INFO - Started process (PID=35623) to work on /home/airflow/.local/lib/python3.8/site-packages/airflow/example_dags/example_dynamic_task_mapping.py
[2023-11-03T20:00:18.034+0000] {processor.py:829} INFO - Processing file /home/airflow/.local/lib/python3.8/site-packages/airflow/example_dags/example_dynamic_task_mapping.py for tasks to queue
[2023-11-03T20:00:18.040+0000] {logging_mixin.py:151} INFO - [2023-11-03T20:00:18.039+0000] {dagbag.py:536} INFO - Filling up the DagBag from /home/airflow/.local/lib/python3.8/site-packages/airflow/example_dags/example_dynamic_task_mapping.py
[2023-11-03T20:00:18.059+0000] {processor.py:839} INFO - DAG(s) dict_keys(['example_dynamic_task_mapping']) retrieved from /home/airflow/.local/lib/python3.8/site-packages/airflow/example_dags/example_dynamic_task_mapping.py
[2023-11-03T20:00:18.123+0000] {logging_mixin.py:151} INFO - [2023-11-03T20:00:18.123+0000] {dag.py:2941} INFO - Sync 1 DAGs
[2023-11-03T20:00:18.200+0000] {logging_mixin.py:151} INFO - [2023-11-03T20:00:18.199+0000] {dag.py:3722} INFO - Setting next_dagrun for example_dynamic_task_mapping to 2022-03-04T00:00:00+00:00, run_after=2022-03-05T00:00:00+00:00
[2023-11-03T20:00:18.268+0000] {processor.py:179} INFO - Processing /home/airflow/.local/lib/python3.8/site-packages/airflow/example_dags/example_dynamic_task_mapping.py took 0.244 seconds
[2023-11-03T20:00:49.502+0000] {processor.py:157} INFO - Started process (PID=35685) to work on /home/airflow/.local/lib/python3.8/site-packages/airflow/example_dags/example_dynamic_task_mapping.py
[2023-11-03T20:00:49.506+0000] {processor.py:829} INFO - Processing file /home/airflow/.local/lib/python3.8/site-packages/airflow/example_dags/example_dynamic_task_mapping.py for tasks to queue
[2023-11-03T20:00:49.515+0000] {logging_mixin.py:151} INFO - [2023-11-03T20:00:49.513+0000] {dagbag.py:536} INFO - Filling up the DagBag from /home/airflow/.local/lib/python3.8/site-packages/airflow/example_dags/example_dynamic_task_mapping.py
[2023-11-03T20:00:49.556+0000] {processor.py:839} INFO - DAG(s) dict_keys(['example_dynamic_task_mapping']) retrieved from /home/airflow/.local/lib/python3.8/site-packages/airflow/example_dags/example_dynamic_task_mapping.py
[2023-11-03T20:00:49.622+0000] {logging_mixin.py:151} INFO - [2023-11-03T20:00:49.622+0000] {dag.py:2941} INFO - Sync 1 DAGs
[2023-11-03T20:00:49.687+0000] {logging_mixin.py:151} INFO - [2023-11-03T20:00:49.686+0000] {dag.py:3722} INFO - Setting next_dagrun for example_dynamic_task_mapping to 2022-03-04T00:00:00+00:00, run_after=2022-03-05T00:00:00+00:00
[2023-11-03T20:00:49.749+0000] {processor.py:179} INFO - Processing /home/airflow/.local/lib/python3.8/site-packages/airflow/example_dags/example_dynamic_task_mapping.py took 0.259 seconds
[2023-11-03T20:01:20.561+0000] {processor.py:157} INFO - Started process (PID=35747) to work on /home/airflow/.local/lib/python3.8/site-packages/airflow/example_dags/example_dynamic_task_mapping.py
[2023-11-03T20:01:20.563+0000] {processor.py:829} INFO - Processing file /home/airflow/.local/lib/python3.8/site-packages/airflow/example_dags/example_dynamic_task_mapping.py for tasks to queue
[2023-11-03T20:01:20.571+0000] {logging_mixin.py:151} INFO - [2023-11-03T20:01:20.569+0000] {dagbag.py:536} INFO - Filling up the DagBag from /home/airflow/.local/lib/python3.8/site-packages/airflow/example_dags/example_dynamic_task_mapping.py
[2023-11-03T20:01:20.592+0000] {processor.py:839} INFO - DAG(s) dict_keys(['example_dynamic_task_mapping']) retrieved from /home/airflow/.local/lib/python3.8/site-packages/airflow/example_dags/example_dynamic_task_mapping.py
[2023-11-03T20:01:20.658+0000] {logging_mixin.py:151} INFO - [2023-11-03T20:01:20.657+0000] {dag.py:2941} INFO - Sync 1 DAGs
[2023-11-03T20:01:20.728+0000] {logging_mixin.py:151} INFO - [2023-11-03T20:01:20.727+0000] {dag.py:3722} INFO - Setting next_dagrun for example_dynamic_task_mapping to 2022-03-04T00:00:00+00:00, run_after=2022-03-05T00:00:00+00:00
[2023-11-03T20:01:20.799+0000] {processor.py:179} INFO - Processing /home/airflow/.local/lib/python3.8/site-packages/airflow/example_dags/example_dynamic_task_mapping.py took 0.246 seconds
[2023-11-03T20:01:51.634+0000] {processor.py:157} INFO - Started process (PID=35809) to work on /home/airflow/.local/lib/python3.8/site-packages/airflow/example_dags/example_dynamic_task_mapping.py
[2023-11-03T20:01:51.637+0000] {processor.py:829} INFO - Processing file /home/airflow/.local/lib/python3.8/site-packages/airflow/example_dags/example_dynamic_task_mapping.py for tasks to queue
[2023-11-03T20:01:51.645+0000] {logging_mixin.py:151} INFO - [2023-11-03T20:01:51.644+0000] {dagbag.py:536} INFO - Filling up the DagBag from /home/airflow/.local/lib/python3.8/site-packages/airflow/example_dags/example_dynamic_task_mapping.py
[2023-11-03T20:01:51.668+0000] {processor.py:839} INFO - DAG(s) dict_keys(['example_dynamic_task_mapping']) retrieved from /home/airflow/.local/lib/python3.8/site-packages/airflow/example_dags/example_dynamic_task_mapping.py
[2023-11-03T20:01:51.728+0000] {logging_mixin.py:151} INFO - [2023-11-03T20:01:51.727+0000] {dag.py:2941} INFO - Sync 1 DAGs
[2023-11-03T20:01:51.800+0000] {logging_mixin.py:151} INFO - [2023-11-03T20:01:51.800+0000] {dag.py:3722} INFO - Setting next_dagrun for example_dynamic_task_mapping to 2022-03-04T00:00:00+00:00, run_after=2022-03-05T00:00:00+00:00
[2023-11-03T20:01:51.867+0000] {processor.py:179} INFO - Processing /home/airflow/.local/lib/python3.8/site-packages/airflow/example_dags/example_dynamic_task_mapping.py took 0.241 seconds
[2023-11-03T20:02:22.213+0000] {processor.py:157} INFO - Started process (PID=35871) to work on /home/airflow/.local/lib/python3.8/site-packages/airflow/example_dags/example_dynamic_task_mapping.py
[2023-11-03T20:02:22.215+0000] {processor.py:829} INFO - Processing file /home/airflow/.local/lib/python3.8/site-packages/airflow/example_dags/example_dynamic_task_mapping.py for tasks to queue
[2023-11-03T20:02:22.224+0000] {logging_mixin.py:151} INFO - [2023-11-03T20:02:22.223+0000] {dagbag.py:536} INFO - Filling up the DagBag from /home/airflow/.local/lib/python3.8/site-packages/airflow/example_dags/example_dynamic_task_mapping.py
[2023-11-03T20:02:22.248+0000] {processor.py:839} INFO - DAG(s) dict_keys(['example_dynamic_task_mapping']) retrieved from /home/airflow/.local/lib/python3.8/site-packages/airflow/example_dags/example_dynamic_task_mapping.py
[2023-11-03T20:02:22.301+0000] {logging_mixin.py:151} INFO - [2023-11-03T20:02:22.300+0000] {dag.py:2941} INFO - Sync 1 DAGs
[2023-11-03T20:02:22.364+0000] {logging_mixin.py:151} INFO - [2023-11-03T20:02:22.364+0000] {dag.py:3722} INFO - Setting next_dagrun for example_dynamic_task_mapping to 2022-03-04T00:00:00+00:00, run_after=2022-03-05T00:00:00+00:00
[2023-11-03T20:02:22.431+0000] {processor.py:179} INFO - Processing /home/airflow/.local/lib/python3.8/site-packages/airflow/example_dags/example_dynamic_task_mapping.py took 0.228 seconds
[2023-11-03T20:02:53.302+0000] {processor.py:157} INFO - Started process (PID=35933) to work on /home/airflow/.local/lib/python3.8/site-packages/airflow/example_dags/example_dynamic_task_mapping.py
[2023-11-03T20:02:53.304+0000] {processor.py:829} INFO - Processing file /home/airflow/.local/lib/python3.8/site-packages/airflow/example_dags/example_dynamic_task_mapping.py for tasks to queue
[2023-11-03T20:02:53.312+0000] {logging_mixin.py:151} INFO - [2023-11-03T20:02:53.310+0000] {dagbag.py:536} INFO - Filling up the DagBag from /home/airflow/.local/lib/python3.8/site-packages/airflow/example_dags/example_dynamic_task_mapping.py
[2023-11-03T20:02:53.336+0000] {processor.py:839} INFO - DAG(s) dict_keys(['example_dynamic_task_mapping']) retrieved from /home/airflow/.local/lib/python3.8/site-packages/airflow/example_dags/example_dynamic_task_mapping.py
[2023-11-03T20:02:53.398+0000] {logging_mixin.py:151} INFO - [2023-11-03T20:02:53.397+0000] {dag.py:2941} INFO - Sync 1 DAGs
[2023-11-03T20:02:53.475+0000] {logging_mixin.py:151} INFO - [2023-11-03T20:02:53.474+0000] {dag.py:3722} INFO - Setting next_dagrun for example_dynamic_task_mapping to 2022-03-04T00:00:00+00:00, run_after=2022-03-05T00:00:00+00:00
[2023-11-03T20:02:53.528+0000] {processor.py:179} INFO - Processing /home/airflow/.local/lib/python3.8/site-packages/airflow/example_dags/example_dynamic_task_mapping.py took 0.232 seconds
[2023-11-03T20:03:24.595+0000] {processor.py:157} INFO - Started process (PID=35996) to work on /home/airflow/.local/lib/python3.8/site-packages/airflow/example_dags/example_dynamic_task_mapping.py
[2023-11-03T20:03:24.597+0000] {processor.py:829} INFO - Processing file /home/airflow/.local/lib/python3.8/site-packages/airflow/example_dags/example_dynamic_task_mapping.py for tasks to queue
[2023-11-03T20:03:24.603+0000] {logging_mixin.py:151} INFO - [2023-11-03T20:03:24.602+0000] {dagbag.py:536} INFO - Filling up the DagBag from /home/airflow/.local/lib/python3.8/site-packages/airflow/example_dags/example_dynamic_task_mapping.py
[2023-11-03T20:03:24.620+0000] {processor.py:839} INFO - DAG(s) dict_keys(['example_dynamic_task_mapping']) retrieved from /home/airflow/.local/lib/python3.8/site-packages/airflow/example_dags/example_dynamic_task_mapping.py
[2023-11-03T20:03:24.666+0000] {logging_mixin.py:151} INFO - [2023-11-03T20:03:24.666+0000] {dag.py:2941} INFO - Sync 1 DAGs
[2023-11-03T20:03:24.723+0000] {logging_mixin.py:151} INFO - [2023-11-03T20:03:24.722+0000] {dag.py:3722} INFO - Setting next_dagrun for example_dynamic_task_mapping to 2022-03-04T00:00:00+00:00, run_after=2022-03-05T00:00:00+00:00
[2023-11-03T20:03:24.779+0000] {processor.py:179} INFO - Processing /home/airflow/.local/lib/python3.8/site-packages/airflow/example_dags/example_dynamic_task_mapping.py took 0.194 seconds
[2023-11-03T20:03:55.340+0000] {processor.py:157} INFO - Started process (PID=36059) to work on /home/airflow/.local/lib/python3.8/site-packages/airflow/example_dags/example_dynamic_task_mapping.py
[2023-11-03T20:03:55.343+0000] {processor.py:829} INFO - Processing file /home/airflow/.local/lib/python3.8/site-packages/airflow/example_dags/example_dynamic_task_mapping.py for tasks to queue
[2023-11-03T20:03:55.353+0000] {logging_mixin.py:151} INFO - [2023-11-03T20:03:55.352+0000] {dagbag.py:536} INFO - Filling up the DagBag from /home/airflow/.local/lib/python3.8/site-packages/airflow/example_dags/example_dynamic_task_mapping.py
[2023-11-03T20:03:55.378+0000] {processor.py:839} INFO - DAG(s) dict_keys(['example_dynamic_task_mapping']) retrieved from /home/airflow/.local/lib/python3.8/site-packages/airflow/example_dags/example_dynamic_task_mapping.py
[2023-11-03T20:03:55.443+0000] {logging_mixin.py:151} INFO - [2023-11-03T20:03:55.442+0000] {dag.py:2941} INFO - Sync 1 DAGs
[2023-11-03T20:03:55.535+0000] {logging_mixin.py:151} INFO - [2023-11-03T20:03:55.534+0000] {dag.py:3722} INFO - Setting next_dagrun for example_dynamic_task_mapping to 2022-03-04T00:00:00+00:00, run_after=2022-03-05T00:00:00+00:00
[2023-11-03T20:03:55.612+0000] {processor.py:179} INFO - Processing /home/airflow/.local/lib/python3.8/site-packages/airflow/example_dags/example_dynamic_task_mapping.py took 0.284 seconds
[2023-11-03T20:04:26.467+0000] {processor.py:157} INFO - Started process (PID=36120) to work on /home/airflow/.local/lib/python3.8/site-packages/airflow/example_dags/example_dynamic_task_mapping.py
[2023-11-03T20:04:26.470+0000] {processor.py:829} INFO - Processing file /home/airflow/.local/lib/python3.8/site-packages/airflow/example_dags/example_dynamic_task_mapping.py for tasks to queue
[2023-11-03T20:04:26.476+0000] {logging_mixin.py:151} INFO - [2023-11-03T20:04:26.475+0000] {dagbag.py:536} INFO - Filling up the DagBag from /home/airflow/.local/lib/python3.8/site-packages/airflow/example_dags/example_dynamic_task_mapping.py
[2023-11-03T20:04:26.494+0000] {processor.py:839} INFO - DAG(s) dict_keys(['example_dynamic_task_mapping']) retrieved from /home/airflow/.local/lib/python3.8/site-packages/airflow/example_dags/example_dynamic_task_mapping.py
[2023-11-03T20:04:26.546+0000] {logging_mixin.py:151} INFO - [2023-11-03T20:04:26.545+0000] {dag.py:2941} INFO - Sync 1 DAGs
[2023-11-03T20:04:26.600+0000] {logging_mixin.py:151} INFO - [2023-11-03T20:04:26.600+0000] {dag.py:3722} INFO - Setting next_dagrun for example_dynamic_task_mapping to 2022-03-04T00:00:00+00:00, run_after=2022-03-05T00:00:00+00:00
[2023-11-03T20:04:26.670+0000] {processor.py:179} INFO - Processing /home/airflow/.local/lib/python3.8/site-packages/airflow/example_dags/example_dynamic_task_mapping.py took 0.210 seconds
[2023-11-03T20:04:56.897+0000] {processor.py:157} INFO - Started process (PID=36182) to work on /home/airflow/.local/lib/python3.8/site-packages/airflow/example_dags/example_dynamic_task_mapping.py
[2023-11-03T20:04:56.900+0000] {processor.py:829} INFO - Processing file /home/airflow/.local/lib/python3.8/site-packages/airflow/example_dags/example_dynamic_task_mapping.py for tasks to queue
[2023-11-03T20:04:56.908+0000] {logging_mixin.py:151} INFO - [2023-11-03T20:04:56.906+0000] {dagbag.py:536} INFO - Filling up the DagBag from /home/airflow/.local/lib/python3.8/site-packages/airflow/example_dags/example_dynamic_task_mapping.py
[2023-11-03T20:04:56.928+0000] {processor.py:839} INFO - DAG(s) dict_keys(['example_dynamic_task_mapping']) retrieved from /home/airflow/.local/lib/python3.8/site-packages/airflow/example_dags/example_dynamic_task_mapping.py
[2023-11-03T20:04:56.982+0000] {logging_mixin.py:151} INFO - [2023-11-03T20:04:56.981+0000] {dag.py:2941} INFO - Sync 1 DAGs
[2023-11-03T20:04:57.061+0000] {logging_mixin.py:151} INFO - [2023-11-03T20:04:57.061+0000] {dag.py:3722} INFO - Setting next_dagrun for example_dynamic_task_mapping to 2022-03-04T00:00:00+00:00, run_after=2022-03-05T00:00:00+00:00
[2023-11-03T20:04:57.124+0000] {processor.py:179} INFO - Processing /home/airflow/.local/lib/python3.8/site-packages/airflow/example_dags/example_dynamic_task_mapping.py took 0.237 seconds
[2023-11-03T20:05:27.501+0000] {processor.py:157} INFO - Started process (PID=36243) to work on /home/airflow/.local/lib/python3.8/site-packages/airflow/example_dags/example_dynamic_task_mapping.py
[2023-11-03T20:05:27.504+0000] {processor.py:829} INFO - Processing file /home/airflow/.local/lib/python3.8/site-packages/airflow/example_dags/example_dynamic_task_mapping.py for tasks to queue
[2023-11-03T20:05:27.513+0000] {logging_mixin.py:151} INFO - [2023-11-03T20:05:27.512+0000] {dagbag.py:536} INFO - Filling up the DagBag from /home/airflow/.local/lib/python3.8/site-packages/airflow/example_dags/example_dynamic_task_mapping.py
[2023-11-03T20:05:27.557+0000] {processor.py:839} INFO - DAG(s) dict_keys(['example_dynamic_task_mapping']) retrieved from /home/airflow/.local/lib/python3.8/site-packages/airflow/example_dags/example_dynamic_task_mapping.py
[2023-11-03T20:05:27.667+0000] {logging_mixin.py:151} INFO - [2023-11-03T20:05:27.666+0000] {dag.py:2941} INFO - Sync 1 DAGs
[2023-11-03T20:05:27.752+0000] {logging_mixin.py:151} INFO - [2023-11-03T20:05:27.752+0000] {dag.py:3722} INFO - Setting next_dagrun for example_dynamic_task_mapping to 2022-03-04T00:00:00+00:00, run_after=2022-03-05T00:00:00+00:00
[2023-11-03T20:05:27.810+0000] {processor.py:179} INFO - Processing /home/airflow/.local/lib/python3.8/site-packages/airflow/example_dags/example_dynamic_task_mapping.py took 0.318 seconds
[2023-11-03T20:05:58.612+0000] {processor.py:157} INFO - Started process (PID=36305) to work on /home/airflow/.local/lib/python3.8/site-packages/airflow/example_dags/example_dynamic_task_mapping.py
[2023-11-03T20:05:58.614+0000] {processor.py:829} INFO - Processing file /home/airflow/.local/lib/python3.8/site-packages/airflow/example_dags/example_dynamic_task_mapping.py for tasks to queue
[2023-11-03T20:05:58.621+0000] {logging_mixin.py:151} INFO - [2023-11-03T20:05:58.619+0000] {dagbag.py:536} INFO - Filling up the DagBag from /home/airflow/.local/lib/python3.8/site-packages/airflow/example_dags/example_dynamic_task_mapping.py
[2023-11-03T20:05:58.640+0000] {processor.py:839} INFO - DAG(s) dict_keys(['example_dynamic_task_mapping']) retrieved from /home/airflow/.local/lib/python3.8/site-packages/airflow/example_dags/example_dynamic_task_mapping.py
[2023-11-03T20:05:58.690+0000] {logging_mixin.py:151} INFO - [2023-11-03T20:05:58.689+0000] {dag.py:2941} INFO - Sync 1 DAGs
[2023-11-03T20:05:58.765+0000] {logging_mixin.py:151} INFO - [2023-11-03T20:05:58.765+0000] {dag.py:3722} INFO - Setting next_dagrun for example_dynamic_task_mapping to 2022-03-04T00:00:00+00:00, run_after=2022-03-05T00:00:00+00:00
[2023-11-03T20:05:58.826+0000] {processor.py:179} INFO - Processing /home/airflow/.local/lib/python3.8/site-packages/airflow/example_dags/example_dynamic_task_mapping.py took 0.222 seconds
