[2023-11-03T19:42:35.598+0000] {processor.py:157} INFO - Started process (PID=33473) to work on /home/airflow/.local/lib/python3.8/site-packages/airflow/example_dags/example_branch_labels.py
[2023-11-03T19:42:35.603+0000] {processor.py:829} INFO - Processing file /home/airflow/.local/lib/python3.8/site-packages/airflow/example_dags/example_branch_labels.py for tasks to queue
[2023-11-03T19:42:35.620+0000] {logging_mixin.py:151} INFO - [2023-11-03T19:42:35.619+0000] {dagbag.py:536} INFO - Filling up the DagBag from /home/airflow/.local/lib/python3.8/site-packages/airflow/example_dags/example_branch_labels.py
[2023-11-03T19:42:35.683+0000] {processor.py:839} INFO - DAG(s) dict_keys(['example_branch_labels']) retrieved from /home/airflow/.local/lib/python3.8/site-packages/airflow/example_dags/example_branch_labels.py
[2023-11-03T19:42:36.359+0000] {logging_mixin.py:151} INFO - [2023-11-03T19:42:36.357+0000] {dag.py:2941} INFO - Sync 1 DAGs
[2023-11-03T19:42:36.482+0000] {logging_mixin.py:151} INFO - [2023-11-03T19:42:36.481+0000] {dag.py:3722} INFO - Setting next_dagrun for example_branch_labels to 2023-11-02T00:00:00+00:00, run_after=2023-11-03T00:00:00+00:00
[2023-11-03T19:42:36.596+0000] {processor.py:179} INFO - Processing /home/airflow/.local/lib/python3.8/site-packages/airflow/example_dags/example_branch_labels.py took 1.014 seconds
[2023-11-03T19:43:06.989+0000] {processor.py:157} INFO - Started process (PID=33535) to work on /home/airflow/.local/lib/python3.8/site-packages/airflow/example_dags/example_branch_labels.py
[2023-11-03T19:43:06.991+0000] {processor.py:829} INFO - Processing file /home/airflow/.local/lib/python3.8/site-packages/airflow/example_dags/example_branch_labels.py for tasks to queue
[2023-11-03T19:43:06.998+0000] {logging_mixin.py:151} INFO - [2023-11-03T19:43:06.997+0000] {dagbag.py:536} INFO - Filling up the DagBag from /home/airflow/.local/lib/python3.8/site-packages/airflow/example_dags/example_branch_labels.py
[2023-11-03T19:43:07.019+0000] {processor.py:839} INFO - DAG(s) dict_keys(['example_branch_labels']) retrieved from /home/airflow/.local/lib/python3.8/site-packages/airflow/example_dags/example_branch_labels.py
[2023-11-03T19:43:07.513+0000] {logging_mixin.py:151} INFO - [2023-11-03T19:43:07.512+0000] {dag.py:2941} INFO - Sync 1 DAGs
[2023-11-03T19:43:07.571+0000] {logging_mixin.py:151} INFO - [2023-11-03T19:43:07.570+0000] {dag.py:3722} INFO - Setting next_dagrun for example_branch_labels to 2023-11-02T00:00:00+00:00, run_after=2023-11-03T00:00:00+00:00
[2023-11-03T19:43:07.639+0000] {processor.py:179} INFO - Processing /home/airflow/.local/lib/python3.8/site-packages/airflow/example_dags/example_branch_labels.py took 0.658 seconds
[2023-11-03T19:43:38.012+0000] {processor.py:157} INFO - Started process (PID=33597) to work on /home/airflow/.local/lib/python3.8/site-packages/airflow/example_dags/example_branch_labels.py
[2023-11-03T19:43:38.014+0000] {processor.py:829} INFO - Processing file /home/airflow/.local/lib/python3.8/site-packages/airflow/example_dags/example_branch_labels.py for tasks to queue
[2023-11-03T19:43:38.021+0000] {logging_mixin.py:151} INFO - [2023-11-03T19:43:38.020+0000] {dagbag.py:536} INFO - Filling up the DagBag from /home/airflow/.local/lib/python3.8/site-packages/airflow/example_dags/example_branch_labels.py
[2023-11-03T19:43:38.043+0000] {processor.py:839} INFO - DAG(s) dict_keys(['example_branch_labels']) retrieved from /home/airflow/.local/lib/python3.8/site-packages/airflow/example_dags/example_branch_labels.py
[2023-11-03T19:43:38.097+0000] {logging_mixin.py:151} INFO - [2023-11-03T19:43:38.096+0000] {dag.py:2941} INFO - Sync 1 DAGs
[2023-11-03T19:43:38.157+0000] {logging_mixin.py:151} INFO - [2023-11-03T19:43:38.156+0000] {dag.py:3722} INFO - Setting next_dagrun for example_branch_labels to 2023-11-02T00:00:00+00:00, run_after=2023-11-03T00:00:00+00:00
[2023-11-03T19:43:38.215+0000] {processor.py:179} INFO - Processing /home/airflow/.local/lib/python3.8/site-packages/airflow/example_dags/example_branch_labels.py took 0.225 seconds
[2023-11-03T19:44:08.457+0000] {processor.py:157} INFO - Started process (PID=33659) to work on /home/airflow/.local/lib/python3.8/site-packages/airflow/example_dags/example_branch_labels.py
[2023-11-03T19:44:08.460+0000] {processor.py:829} INFO - Processing file /home/airflow/.local/lib/python3.8/site-packages/airflow/example_dags/example_branch_labels.py for tasks to queue
[2023-11-03T19:44:08.469+0000] {logging_mixin.py:151} INFO - [2023-11-03T19:44:08.468+0000] {dagbag.py:536} INFO - Filling up the DagBag from /home/airflow/.local/lib/python3.8/site-packages/airflow/example_dags/example_branch_labels.py
[2023-11-03T19:44:08.495+0000] {processor.py:839} INFO - DAG(s) dict_keys(['example_branch_labels']) retrieved from /home/airflow/.local/lib/python3.8/site-packages/airflow/example_dags/example_branch_labels.py
[2023-11-03T19:44:08.551+0000] {logging_mixin.py:151} INFO - [2023-11-03T19:44:08.551+0000] {dag.py:2941} INFO - Sync 1 DAGs
[2023-11-03T19:44:08.612+0000] {logging_mixin.py:151} INFO - [2023-11-03T19:44:08.612+0000] {dag.py:3722} INFO - Setting next_dagrun for example_branch_labels to 2023-11-02T00:00:00+00:00, run_after=2023-11-03T00:00:00+00:00
[2023-11-03T19:44:08.667+0000] {processor.py:179} INFO - Processing /home/airflow/.local/lib/python3.8/site-packages/airflow/example_dags/example_branch_labels.py took 0.221 seconds
[2023-11-03T19:44:39.137+0000] {processor.py:157} INFO - Started process (PID=33721) to work on /home/airflow/.local/lib/python3.8/site-packages/airflow/example_dags/example_branch_labels.py
[2023-11-03T19:44:39.140+0000] {processor.py:829} INFO - Processing file /home/airflow/.local/lib/python3.8/site-packages/airflow/example_dags/example_branch_labels.py for tasks to queue
[2023-11-03T19:44:39.150+0000] {logging_mixin.py:151} INFO - [2023-11-03T19:44:39.148+0000] {dagbag.py:536} INFO - Filling up the DagBag from /home/airflow/.local/lib/python3.8/site-packages/airflow/example_dags/example_branch_labels.py
[2023-11-03T19:44:39.179+0000] {processor.py:839} INFO - DAG(s) dict_keys(['example_branch_labels']) retrieved from /home/airflow/.local/lib/python3.8/site-packages/airflow/example_dags/example_branch_labels.py
[2023-11-03T19:44:39.250+0000] {logging_mixin.py:151} INFO - [2023-11-03T19:44:39.250+0000] {dag.py:2941} INFO - Sync 1 DAGs
[2023-11-03T19:44:39.331+0000] {logging_mixin.py:151} INFO - [2023-11-03T19:44:39.331+0000] {dag.py:3722} INFO - Setting next_dagrun for example_branch_labels to 2023-11-02T00:00:00+00:00, run_after=2023-11-03T00:00:00+00:00
[2023-11-03T19:44:39.397+0000] {processor.py:179} INFO - Processing /home/airflow/.local/lib/python3.8/site-packages/airflow/example_dags/example_branch_labels.py took 0.273 seconds
[2023-11-03T19:45:09.711+0000] {processor.py:157} INFO - Started process (PID=33784) to work on /home/airflow/.local/lib/python3.8/site-packages/airflow/example_dags/example_branch_labels.py
[2023-11-03T19:45:09.713+0000] {processor.py:829} INFO - Processing file /home/airflow/.local/lib/python3.8/site-packages/airflow/example_dags/example_branch_labels.py for tasks to queue
[2023-11-03T19:45:09.721+0000] {logging_mixin.py:151} INFO - [2023-11-03T19:45:09.719+0000] {dagbag.py:536} INFO - Filling up the DagBag from /home/airflow/.local/lib/python3.8/site-packages/airflow/example_dags/example_branch_labels.py
[2023-11-03T19:45:09.744+0000] {processor.py:839} INFO - DAG(s) dict_keys(['example_branch_labels']) retrieved from /home/airflow/.local/lib/python3.8/site-packages/airflow/example_dags/example_branch_labels.py
[2023-11-03T19:45:09.805+0000] {logging_mixin.py:151} INFO - [2023-11-03T19:45:09.804+0000] {dag.py:2941} INFO - Sync 1 DAGs
[2023-11-03T19:45:09.869+0000] {logging_mixin.py:151} INFO - [2023-11-03T19:45:09.869+0000] {dag.py:3722} INFO - Setting next_dagrun for example_branch_labels to 2023-11-02T00:00:00+00:00, run_after=2023-11-03T00:00:00+00:00
[2023-11-03T19:45:09.931+0000] {processor.py:179} INFO - Processing /home/airflow/.local/lib/python3.8/site-packages/airflow/example_dags/example_branch_labels.py took 0.227 seconds
[2023-11-03T19:45:40.219+0000] {processor.py:157} INFO - Started process (PID=33846) to work on /home/airflow/.local/lib/python3.8/site-packages/airflow/example_dags/example_branch_labels.py
[2023-11-03T19:45:40.222+0000] {processor.py:829} INFO - Processing file /home/airflow/.local/lib/python3.8/site-packages/airflow/example_dags/example_branch_labels.py for tasks to queue
[2023-11-03T19:45:40.231+0000] {logging_mixin.py:151} INFO - [2023-11-03T19:45:40.230+0000] {dagbag.py:536} INFO - Filling up the DagBag from /home/airflow/.local/lib/python3.8/site-packages/airflow/example_dags/example_branch_labels.py
[2023-11-03T19:45:40.255+0000] {processor.py:839} INFO - DAG(s) dict_keys(['example_branch_labels']) retrieved from /home/airflow/.local/lib/python3.8/site-packages/airflow/example_dags/example_branch_labels.py
[2023-11-03T19:45:40.342+0000] {logging_mixin.py:151} INFO - [2023-11-03T19:45:40.341+0000] {dag.py:2941} INFO - Sync 1 DAGs
[2023-11-03T19:45:40.413+0000] {logging_mixin.py:151} INFO - [2023-11-03T19:45:40.412+0000] {dag.py:3722} INFO - Setting next_dagrun for example_branch_labels to 2023-11-02T00:00:00+00:00, run_after=2023-11-03T00:00:00+00:00
[2023-11-03T19:45:40.478+0000] {processor.py:179} INFO - Processing /home/airflow/.local/lib/python3.8/site-packages/airflow/example_dags/example_branch_labels.py took 0.266 seconds
[2023-11-03T19:46:10.753+0000] {processor.py:157} INFO - Started process (PID=33908) to work on /home/airflow/.local/lib/python3.8/site-packages/airflow/example_dags/example_branch_labels.py
[2023-11-03T19:46:10.757+0000] {processor.py:829} INFO - Processing file /home/airflow/.local/lib/python3.8/site-packages/airflow/example_dags/example_branch_labels.py for tasks to queue
[2023-11-03T19:46:10.768+0000] {logging_mixin.py:151} INFO - [2023-11-03T19:46:10.766+0000] {dagbag.py:536} INFO - Filling up the DagBag from /home/airflow/.local/lib/python3.8/site-packages/airflow/example_dags/example_branch_labels.py
[2023-11-03T19:46:10.798+0000] {processor.py:839} INFO - DAG(s) dict_keys(['example_branch_labels']) retrieved from /home/airflow/.local/lib/python3.8/site-packages/airflow/example_dags/example_branch_labels.py
[2023-11-03T19:46:10.869+0000] {logging_mixin.py:151} INFO - [2023-11-03T19:46:10.868+0000] {dag.py:2941} INFO - Sync 1 DAGs
[2023-11-03T19:46:10.947+0000] {logging_mixin.py:151} INFO - [2023-11-03T19:46:10.946+0000] {dag.py:3722} INFO - Setting next_dagrun for example_branch_labels to 2023-11-02T00:00:00+00:00, run_after=2023-11-03T00:00:00+00:00
[2023-11-03T19:46:11.004+0000] {processor.py:179} INFO - Processing /home/airflow/.local/lib/python3.8/site-packages/airflow/example_dags/example_branch_labels.py took 0.267 seconds
[2023-11-03T19:46:41.529+0000] {processor.py:157} INFO - Started process (PID=33970) to work on /home/airflow/.local/lib/python3.8/site-packages/airflow/example_dags/example_branch_labels.py
[2023-11-03T19:46:41.532+0000] {processor.py:829} INFO - Processing file /home/airflow/.local/lib/python3.8/site-packages/airflow/example_dags/example_branch_labels.py for tasks to queue
[2023-11-03T19:46:41.542+0000] {logging_mixin.py:151} INFO - [2023-11-03T19:46:41.540+0000] {dagbag.py:536} INFO - Filling up the DagBag from /home/airflow/.local/lib/python3.8/site-packages/airflow/example_dags/example_branch_labels.py
[2023-11-03T19:46:41.571+0000] {processor.py:839} INFO - DAG(s) dict_keys(['example_branch_labels']) retrieved from /home/airflow/.local/lib/python3.8/site-packages/airflow/example_dags/example_branch_labels.py
[2023-11-03T19:46:41.634+0000] {logging_mixin.py:151} INFO - [2023-11-03T19:46:41.633+0000] {dag.py:2941} INFO - Sync 1 DAGs
[2023-11-03T19:46:41.692+0000] {logging_mixin.py:151} INFO - [2023-11-03T19:46:41.691+0000] {dag.py:3722} INFO - Setting next_dagrun for example_branch_labels to 2023-11-02T00:00:00+00:00, run_after=2023-11-03T00:00:00+00:00
[2023-11-03T19:46:41.751+0000] {processor.py:179} INFO - Processing /home/airflow/.local/lib/python3.8/site-packages/airflow/example_dags/example_branch_labels.py took 0.231 seconds
[2023-11-03T19:47:11.969+0000] {processor.py:157} INFO - Started process (PID=34032) to work on /home/airflow/.local/lib/python3.8/site-packages/airflow/example_dags/example_branch_labels.py
[2023-11-03T19:47:11.972+0000] {processor.py:829} INFO - Processing file /home/airflow/.local/lib/python3.8/site-packages/airflow/example_dags/example_branch_labels.py for tasks to queue
[2023-11-03T19:47:11.980+0000] {logging_mixin.py:151} INFO - [2023-11-03T19:47:11.979+0000] {dagbag.py:536} INFO - Filling up the DagBag from /home/airflow/.local/lib/python3.8/site-packages/airflow/example_dags/example_branch_labels.py
[2023-11-03T19:47:12.008+0000] {processor.py:839} INFO - DAG(s) dict_keys(['example_branch_labels']) retrieved from /home/airflow/.local/lib/python3.8/site-packages/airflow/example_dags/example_branch_labels.py
[2023-11-03T19:47:12.060+0000] {logging_mixin.py:151} INFO - [2023-11-03T19:47:12.059+0000] {dag.py:2941} INFO - Sync 1 DAGs
[2023-11-03T19:47:12.116+0000] {logging_mixin.py:151} INFO - [2023-11-03T19:47:12.116+0000] {dag.py:3722} INFO - Setting next_dagrun for example_branch_labels to 2023-11-02T00:00:00+00:00, run_after=2023-11-03T00:00:00+00:00
[2023-11-03T19:47:12.171+0000] {processor.py:179} INFO - Processing /home/airflow/.local/lib/python3.8/site-packages/airflow/example_dags/example_branch_labels.py took 0.209 seconds
[2023-11-03T19:47:42.567+0000] {processor.py:157} INFO - Started process (PID=34094) to work on /home/airflow/.local/lib/python3.8/site-packages/airflow/example_dags/example_branch_labels.py
[2023-11-03T19:47:42.570+0000] {processor.py:829} INFO - Processing file /home/airflow/.local/lib/python3.8/site-packages/airflow/example_dags/example_branch_labels.py for tasks to queue
[2023-11-03T19:47:42.578+0000] {logging_mixin.py:151} INFO - [2023-11-03T19:47:42.577+0000] {dagbag.py:536} INFO - Filling up the DagBag from /home/airflow/.local/lib/python3.8/site-packages/airflow/example_dags/example_branch_labels.py
[2023-11-03T19:47:42.599+0000] {processor.py:839} INFO - DAG(s) dict_keys(['example_branch_labels']) retrieved from /home/airflow/.local/lib/python3.8/site-packages/airflow/example_dags/example_branch_labels.py
[2023-11-03T19:47:42.682+0000] {logging_mixin.py:151} INFO - [2023-11-03T19:47:42.681+0000] {dag.py:2941} INFO - Sync 1 DAGs
[2023-11-03T19:47:42.755+0000] {logging_mixin.py:151} INFO - [2023-11-03T19:47:42.755+0000] {dag.py:3722} INFO - Setting next_dagrun for example_branch_labels to 2023-11-02T00:00:00+00:00, run_after=2023-11-03T00:00:00+00:00
[2023-11-03T19:47:42.810+0000] {processor.py:179} INFO - Processing /home/airflow/.local/lib/python3.8/site-packages/airflow/example_dags/example_branch_labels.py took 0.253 seconds
[2023-11-03T19:48:13.100+0000] {processor.py:157} INFO - Started process (PID=34156) to work on /home/airflow/.local/lib/python3.8/site-packages/airflow/example_dags/example_branch_labels.py
[2023-11-03T19:48:13.103+0000] {processor.py:829} INFO - Processing file /home/airflow/.local/lib/python3.8/site-packages/airflow/example_dags/example_branch_labels.py for tasks to queue
[2023-11-03T19:48:13.112+0000] {logging_mixin.py:151} INFO - [2023-11-03T19:48:13.111+0000] {dagbag.py:536} INFO - Filling up the DagBag from /home/airflow/.local/lib/python3.8/site-packages/airflow/example_dags/example_branch_labels.py
[2023-11-03T19:48:13.143+0000] {processor.py:839} INFO - DAG(s) dict_keys(['example_branch_labels']) retrieved from /home/airflow/.local/lib/python3.8/site-packages/airflow/example_dags/example_branch_labels.py
[2023-11-03T19:48:13.206+0000] {logging_mixin.py:151} INFO - [2023-11-03T19:48:13.205+0000] {dag.py:2941} INFO - Sync 1 DAGs
[2023-11-03T19:48:13.273+0000] {logging_mixin.py:151} INFO - [2023-11-03T19:48:13.272+0000] {dag.py:3722} INFO - Setting next_dagrun for example_branch_labels to 2023-11-02T00:00:00+00:00, run_after=2023-11-03T00:00:00+00:00
[2023-11-03T19:48:13.337+0000] {processor.py:179} INFO - Processing /home/airflow/.local/lib/python3.8/site-packages/airflow/example_dags/example_branch_labels.py took 0.246 seconds
[2023-11-03T19:48:43.452+0000] {processor.py:157} INFO - Started process (PID=34218) to work on /home/airflow/.local/lib/python3.8/site-packages/airflow/example_dags/example_branch_labels.py
[2023-11-03T19:48:43.455+0000] {processor.py:829} INFO - Processing file /home/airflow/.local/lib/python3.8/site-packages/airflow/example_dags/example_branch_labels.py for tasks to queue
[2023-11-03T19:48:43.464+0000] {logging_mixin.py:151} INFO - [2023-11-03T19:48:43.463+0000] {dagbag.py:536} INFO - Filling up the DagBag from /home/airflow/.local/lib/python3.8/site-packages/airflow/example_dags/example_branch_labels.py
[2023-11-03T19:48:43.488+0000] {processor.py:839} INFO - DAG(s) dict_keys(['example_branch_labels']) retrieved from /home/airflow/.local/lib/python3.8/site-packages/airflow/example_dags/example_branch_labels.py
[2023-11-03T19:48:43.561+0000] {logging_mixin.py:151} INFO - [2023-11-03T19:48:43.560+0000] {dag.py:2941} INFO - Sync 1 DAGs
[2023-11-03T19:48:43.638+0000] {logging_mixin.py:151} INFO - [2023-11-03T19:48:43.637+0000] {dag.py:3722} INFO - Setting next_dagrun for example_branch_labels to 2023-11-02T00:00:00+00:00, run_after=2023-11-03T00:00:00+00:00
[2023-11-03T19:48:43.705+0000] {processor.py:179} INFO - Processing /home/airflow/.local/lib/python3.8/site-packages/airflow/example_dags/example_branch_labels.py took 0.261 seconds
[2023-11-03T19:49:14.469+0000] {processor.py:157} INFO - Started process (PID=34280) to work on /home/airflow/.local/lib/python3.8/site-packages/airflow/example_dags/example_branch_labels.py
[2023-11-03T19:49:14.472+0000] {processor.py:829} INFO - Processing file /home/airflow/.local/lib/python3.8/site-packages/airflow/example_dags/example_branch_labels.py for tasks to queue
[2023-11-03T19:49:14.481+0000] {logging_mixin.py:151} INFO - [2023-11-03T19:49:14.480+0000] {dagbag.py:536} INFO - Filling up the DagBag from /home/airflow/.local/lib/python3.8/site-packages/airflow/example_dags/example_branch_labels.py
[2023-11-03T19:49:14.521+0000] {processor.py:839} INFO - DAG(s) dict_keys(['example_branch_labels']) retrieved from /home/airflow/.local/lib/python3.8/site-packages/airflow/example_dags/example_branch_labels.py
[2023-11-03T19:49:14.572+0000] {logging_mixin.py:151} INFO - [2023-11-03T19:49:14.571+0000] {dag.py:2941} INFO - Sync 1 DAGs
[2023-11-03T19:49:14.637+0000] {logging_mixin.py:151} INFO - [2023-11-03T19:49:14.637+0000] {dag.py:3722} INFO - Setting next_dagrun for example_branch_labels to 2023-11-02T00:00:00+00:00, run_after=2023-11-03T00:00:00+00:00
[2023-11-03T19:49:14.691+0000] {processor.py:179} INFO - Processing /home/airflow/.local/lib/python3.8/site-packages/airflow/example_dags/example_branch_labels.py took 0.233 seconds
[2023-11-03T19:49:45.494+0000] {processor.py:157} INFO - Started process (PID=34342) to work on /home/airflow/.local/lib/python3.8/site-packages/airflow/example_dags/example_branch_labels.py
[2023-11-03T19:49:45.496+0000] {processor.py:829} INFO - Processing file /home/airflow/.local/lib/python3.8/site-packages/airflow/example_dags/example_branch_labels.py for tasks to queue
[2023-11-03T19:49:45.502+0000] {logging_mixin.py:151} INFO - [2023-11-03T19:49:45.501+0000] {dagbag.py:536} INFO - Filling up the DagBag from /home/airflow/.local/lib/python3.8/site-packages/airflow/example_dags/example_branch_labels.py
[2023-11-03T19:49:45.524+0000] {processor.py:839} INFO - DAG(s) dict_keys(['example_branch_labels']) retrieved from /home/airflow/.local/lib/python3.8/site-packages/airflow/example_dags/example_branch_labels.py
[2023-11-03T19:49:45.591+0000] {logging_mixin.py:151} INFO - [2023-11-03T19:49:45.591+0000] {dag.py:2941} INFO - Sync 1 DAGs
[2023-11-03T19:49:45.644+0000] {logging_mixin.py:151} INFO - [2023-11-03T19:49:45.643+0000] {dag.py:3722} INFO - Setting next_dagrun for example_branch_labels to 2023-11-02T00:00:00+00:00, run_after=2023-11-03T00:00:00+00:00
[2023-11-03T19:49:45.699+0000] {processor.py:179} INFO - Processing /home/airflow/.local/lib/python3.8/site-packages/airflow/example_dags/example_branch_labels.py took 0.212 seconds
[2023-11-03T19:50:16.436+0000] {processor.py:157} INFO - Started process (PID=34404) to work on /home/airflow/.local/lib/python3.8/site-packages/airflow/example_dags/example_branch_labels.py
[2023-11-03T19:50:16.439+0000] {processor.py:829} INFO - Processing file /home/airflow/.local/lib/python3.8/site-packages/airflow/example_dags/example_branch_labels.py for tasks to queue
[2023-11-03T19:50:16.446+0000] {logging_mixin.py:151} INFO - [2023-11-03T19:50:16.445+0000] {dagbag.py:536} INFO - Filling up the DagBag from /home/airflow/.local/lib/python3.8/site-packages/airflow/example_dags/example_branch_labels.py
[2023-11-03T19:50:16.467+0000] {processor.py:839} INFO - DAG(s) dict_keys(['example_branch_labels']) retrieved from /home/airflow/.local/lib/python3.8/site-packages/airflow/example_dags/example_branch_labels.py
[2023-11-03T19:50:16.520+0000] {logging_mixin.py:151} INFO - [2023-11-03T19:50:16.519+0000] {dag.py:2941} INFO - Sync 1 DAGs
[2023-11-03T19:50:16.595+0000] {logging_mixin.py:151} INFO - [2023-11-03T19:50:16.595+0000] {dag.py:3722} INFO - Setting next_dagrun for example_branch_labels to 2023-11-02T00:00:00+00:00, run_after=2023-11-03T00:00:00+00:00
[2023-11-03T19:50:16.652+0000] {processor.py:179} INFO - Processing /home/airflow/.local/lib/python3.8/site-packages/airflow/example_dags/example_branch_labels.py took 0.223 seconds
[2023-11-03T19:50:47.234+0000] {processor.py:157} INFO - Started process (PID=34467) to work on /home/airflow/.local/lib/python3.8/site-packages/airflow/example_dags/example_branch_labels.py
[2023-11-03T19:50:47.237+0000] {processor.py:829} INFO - Processing file /home/airflow/.local/lib/python3.8/site-packages/airflow/example_dags/example_branch_labels.py for tasks to queue
[2023-11-03T19:50:47.245+0000] {logging_mixin.py:151} INFO - [2023-11-03T19:50:47.243+0000] {dagbag.py:536} INFO - Filling up the DagBag from /home/airflow/.local/lib/python3.8/site-packages/airflow/example_dags/example_branch_labels.py
[2023-11-03T19:50:47.276+0000] {processor.py:839} INFO - DAG(s) dict_keys(['example_branch_labels']) retrieved from /home/airflow/.local/lib/python3.8/site-packages/airflow/example_dags/example_branch_labels.py
[2023-11-03T19:50:47.342+0000] {logging_mixin.py:151} INFO - [2023-11-03T19:50:47.341+0000] {dag.py:2941} INFO - Sync 1 DAGs
[2023-11-03T19:50:47.438+0000] {logging_mixin.py:151} INFO - [2023-11-03T19:50:47.437+0000] {dag.py:3722} INFO - Setting next_dagrun for example_branch_labels to 2023-11-02T00:00:00+00:00, run_after=2023-11-03T00:00:00+00:00
[2023-11-03T19:50:47.502+0000] {processor.py:179} INFO - Processing /home/airflow/.local/lib/python3.8/site-packages/airflow/example_dags/example_branch_labels.py took 0.278 seconds
[2023-11-03T19:51:17.640+0000] {processor.py:157} INFO - Started process (PID=34529) to work on /home/airflow/.local/lib/python3.8/site-packages/airflow/example_dags/example_branch_labels.py
[2023-11-03T19:51:17.643+0000] {processor.py:829} INFO - Processing file /home/airflow/.local/lib/python3.8/site-packages/airflow/example_dags/example_branch_labels.py for tasks to queue
[2023-11-03T19:51:17.649+0000] {logging_mixin.py:151} INFO - [2023-11-03T19:51:17.648+0000] {dagbag.py:536} INFO - Filling up the DagBag from /home/airflow/.local/lib/python3.8/site-packages/airflow/example_dags/example_branch_labels.py
[2023-11-03T19:51:17.671+0000] {processor.py:839} INFO - DAG(s) dict_keys(['example_branch_labels']) retrieved from /home/airflow/.local/lib/python3.8/site-packages/airflow/example_dags/example_branch_labels.py
[2023-11-03T19:51:17.764+0000] {logging_mixin.py:151} INFO - [2023-11-03T19:51:17.763+0000] {dag.py:2941} INFO - Sync 1 DAGs
[2023-11-03T19:51:17.859+0000] {logging_mixin.py:151} INFO - [2023-11-03T19:51:17.858+0000] {dag.py:3722} INFO - Setting next_dagrun for example_branch_labels to 2023-11-02T00:00:00+00:00, run_after=2023-11-03T00:00:00+00:00
[2023-11-03T19:51:17.984+0000] {processor.py:179} INFO - Processing /home/airflow/.local/lib/python3.8/site-packages/airflow/example_dags/example_branch_labels.py took 0.351 seconds
[2023-11-03T19:51:48.944+0000] {processor.py:157} INFO - Started process (PID=34591) to work on /home/airflow/.local/lib/python3.8/site-packages/airflow/example_dags/example_branch_labels.py
[2023-11-03T19:51:48.948+0000] {processor.py:829} INFO - Processing file /home/airflow/.local/lib/python3.8/site-packages/airflow/example_dags/example_branch_labels.py for tasks to queue
[2023-11-03T19:51:48.957+0000] {logging_mixin.py:151} INFO - [2023-11-03T19:51:48.956+0000] {dagbag.py:536} INFO - Filling up the DagBag from /home/airflow/.local/lib/python3.8/site-packages/airflow/example_dags/example_branch_labels.py
[2023-11-03T19:51:48.993+0000] {processor.py:839} INFO - DAG(s) dict_keys(['example_branch_labels']) retrieved from /home/airflow/.local/lib/python3.8/site-packages/airflow/example_dags/example_branch_labels.py
[2023-11-03T19:51:49.058+0000] {logging_mixin.py:151} INFO - [2023-11-03T19:51:49.058+0000] {dag.py:2941} INFO - Sync 1 DAGs
[2023-11-03T19:51:49.115+0000] {logging_mixin.py:151} INFO - [2023-11-03T19:51:49.115+0000] {dag.py:3722} INFO - Setting next_dagrun for example_branch_labels to 2023-11-02T00:00:00+00:00, run_after=2023-11-03T00:00:00+00:00
[2023-11-03T19:51:49.173+0000] {processor.py:179} INFO - Processing /home/airflow/.local/lib/python3.8/site-packages/airflow/example_dags/example_branch_labels.py took 0.242 seconds
[2023-11-03T19:52:19.435+0000] {processor.py:157} INFO - Started process (PID=34653) to work on /home/airflow/.local/lib/python3.8/site-packages/airflow/example_dags/example_branch_labels.py
[2023-11-03T19:52:19.438+0000] {processor.py:829} INFO - Processing file /home/airflow/.local/lib/python3.8/site-packages/airflow/example_dags/example_branch_labels.py for tasks to queue
[2023-11-03T19:52:19.445+0000] {logging_mixin.py:151} INFO - [2023-11-03T19:52:19.443+0000] {dagbag.py:536} INFO - Filling up the DagBag from /home/airflow/.local/lib/python3.8/site-packages/airflow/example_dags/example_branch_labels.py
[2023-11-03T19:52:19.467+0000] {processor.py:839} INFO - DAG(s) dict_keys(['example_branch_labels']) retrieved from /home/airflow/.local/lib/python3.8/site-packages/airflow/example_dags/example_branch_labels.py
[2023-11-03T19:52:19.526+0000] {logging_mixin.py:151} INFO - [2023-11-03T19:52:19.525+0000] {dag.py:2941} INFO - Sync 1 DAGs
[2023-11-03T19:52:19.595+0000] {logging_mixin.py:151} INFO - [2023-11-03T19:52:19.595+0000] {dag.py:3722} INFO - Setting next_dagrun for example_branch_labels to 2023-11-02T00:00:00+00:00, run_after=2023-11-03T00:00:00+00:00
[2023-11-03T19:52:19.658+0000] {processor.py:179} INFO - Processing /home/airflow/.local/lib/python3.8/site-packages/airflow/example_dags/example_branch_labels.py took 0.230 seconds
[2023-11-03T19:52:49.976+0000] {processor.py:157} INFO - Started process (PID=34715) to work on /home/airflow/.local/lib/python3.8/site-packages/airflow/example_dags/example_branch_labels.py
[2023-11-03T19:52:49.979+0000] {processor.py:829} INFO - Processing file /home/airflow/.local/lib/python3.8/site-packages/airflow/example_dags/example_branch_labels.py for tasks to queue
[2023-11-03T19:52:49.992+0000] {logging_mixin.py:151} INFO - [2023-11-03T19:52:49.990+0000] {dagbag.py:536} INFO - Filling up the DagBag from /home/airflow/.local/lib/python3.8/site-packages/airflow/example_dags/example_branch_labels.py
[2023-11-03T19:52:50.027+0000] {processor.py:839} INFO - DAG(s) dict_keys(['example_branch_labels']) retrieved from /home/airflow/.local/lib/python3.8/site-packages/airflow/example_dags/example_branch_labels.py
[2023-11-03T19:52:50.084+0000] {logging_mixin.py:151} INFO - [2023-11-03T19:52:50.084+0000] {dag.py:2941} INFO - Sync 1 DAGs
[2023-11-03T19:52:50.147+0000] {logging_mixin.py:151} INFO - [2023-11-03T19:52:50.146+0000] {dag.py:3722} INFO - Setting next_dagrun for example_branch_labels to 2023-11-02T00:00:00+00:00, run_after=2023-11-03T00:00:00+00:00
[2023-11-03T19:52:50.205+0000] {processor.py:179} INFO - Processing /home/airflow/.local/lib/python3.8/site-packages/airflow/example_dags/example_branch_labels.py took 0.245 seconds
[2023-11-03T19:53:20.439+0000] {processor.py:157} INFO - Started process (PID=34777) to work on /home/airflow/.local/lib/python3.8/site-packages/airflow/example_dags/example_branch_labels.py
[2023-11-03T19:53:20.442+0000] {processor.py:829} INFO - Processing file /home/airflow/.local/lib/python3.8/site-packages/airflow/example_dags/example_branch_labels.py for tasks to queue
[2023-11-03T19:53:20.450+0000] {logging_mixin.py:151} INFO - [2023-11-03T19:53:20.449+0000] {dagbag.py:536} INFO - Filling up the DagBag from /home/airflow/.local/lib/python3.8/site-packages/airflow/example_dags/example_branch_labels.py
[2023-11-03T19:53:20.471+0000] {processor.py:839} INFO - DAG(s) dict_keys(['example_branch_labels']) retrieved from /home/airflow/.local/lib/python3.8/site-packages/airflow/example_dags/example_branch_labels.py
[2023-11-03T19:53:20.531+0000] {logging_mixin.py:151} INFO - [2023-11-03T19:53:20.530+0000] {dag.py:2941} INFO - Sync 1 DAGs
[2023-11-03T19:53:20.599+0000] {logging_mixin.py:151} INFO - [2023-11-03T19:53:20.599+0000] {dag.py:3722} INFO - Setting next_dagrun for example_branch_labels to 2023-11-02T00:00:00+00:00, run_after=2023-11-03T00:00:00+00:00
[2023-11-03T19:53:20.656+0000] {processor.py:179} INFO - Processing /home/airflow/.local/lib/python3.8/site-packages/airflow/example_dags/example_branch_labels.py took 0.227 seconds
[2023-11-03T19:53:51.156+0000] {processor.py:157} INFO - Started process (PID=34840) to work on /home/airflow/.local/lib/python3.8/site-packages/airflow/example_dags/example_branch_labels.py
[2023-11-03T19:53:51.159+0000] {processor.py:829} INFO - Processing file /home/airflow/.local/lib/python3.8/site-packages/airflow/example_dags/example_branch_labels.py for tasks to queue
[2023-11-03T19:53:51.165+0000] {logging_mixin.py:151} INFO - [2023-11-03T19:53:51.164+0000] {dagbag.py:536} INFO - Filling up the DagBag from /home/airflow/.local/lib/python3.8/site-packages/airflow/example_dags/example_branch_labels.py
[2023-11-03T19:53:51.187+0000] {processor.py:839} INFO - DAG(s) dict_keys(['example_branch_labels']) retrieved from /home/airflow/.local/lib/python3.8/site-packages/airflow/example_dags/example_branch_labels.py
[2023-11-03T19:53:51.248+0000] {logging_mixin.py:151} INFO - [2023-11-03T19:53:51.248+0000] {dag.py:2941} INFO - Sync 1 DAGs
[2023-11-03T19:53:51.314+0000] {logging_mixin.py:151} INFO - [2023-11-03T19:53:51.314+0000] {dag.py:3722} INFO - Setting next_dagrun for example_branch_labels to 2023-11-02T00:00:00+00:00, run_after=2023-11-03T00:00:00+00:00
[2023-11-03T19:53:51.374+0000] {processor.py:179} INFO - Processing /home/airflow/.local/lib/python3.8/site-packages/airflow/example_dags/example_branch_labels.py took 0.226 seconds
[2023-11-03T19:54:21.749+0000] {processor.py:157} INFO - Started process (PID=34902) to work on /home/airflow/.local/lib/python3.8/site-packages/airflow/example_dags/example_branch_labels.py
[2023-11-03T19:54:21.752+0000] {processor.py:829} INFO - Processing file /home/airflow/.local/lib/python3.8/site-packages/airflow/example_dags/example_branch_labels.py for tasks to queue
[2023-11-03T19:54:21.759+0000] {logging_mixin.py:151} INFO - [2023-11-03T19:54:21.757+0000] {dagbag.py:536} INFO - Filling up the DagBag from /home/airflow/.local/lib/python3.8/site-packages/airflow/example_dags/example_branch_labels.py
[2023-11-03T19:54:21.785+0000] {processor.py:839} INFO - DAG(s) dict_keys(['example_branch_labels']) retrieved from /home/airflow/.local/lib/python3.8/site-packages/airflow/example_dags/example_branch_labels.py
[2023-11-03T19:54:21.849+0000] {logging_mixin.py:151} INFO - [2023-11-03T19:54:21.848+0000] {dag.py:2941} INFO - Sync 1 DAGs
[2023-11-03T19:54:21.916+0000] {logging_mixin.py:151} INFO - [2023-11-03T19:54:21.915+0000] {dag.py:3722} INFO - Setting next_dagrun for example_branch_labels to 2023-11-02T00:00:00+00:00, run_after=2023-11-03T00:00:00+00:00
[2023-11-03T19:54:21.975+0000] {processor.py:179} INFO - Processing /home/airflow/.local/lib/python3.8/site-packages/airflow/example_dags/example_branch_labels.py took 0.235 seconds
[2023-11-03T19:54:52.079+0000] {processor.py:157} INFO - Started process (PID=34964) to work on /home/airflow/.local/lib/python3.8/site-packages/airflow/example_dags/example_branch_labels.py
[2023-11-03T19:54:52.082+0000] {processor.py:829} INFO - Processing file /home/airflow/.local/lib/python3.8/site-packages/airflow/example_dags/example_branch_labels.py for tasks to queue
[2023-11-03T19:54:52.089+0000] {logging_mixin.py:151} INFO - [2023-11-03T19:54:52.088+0000] {dagbag.py:536} INFO - Filling up the DagBag from /home/airflow/.local/lib/python3.8/site-packages/airflow/example_dags/example_branch_labels.py
[2023-11-03T19:54:52.115+0000] {processor.py:839} INFO - DAG(s) dict_keys(['example_branch_labels']) retrieved from /home/airflow/.local/lib/python3.8/site-packages/airflow/example_dags/example_branch_labels.py
[2023-11-03T19:54:52.183+0000] {logging_mixin.py:151} INFO - [2023-11-03T19:54:52.182+0000] {dag.py:2941} INFO - Sync 1 DAGs
[2023-11-03T19:54:52.256+0000] {logging_mixin.py:151} INFO - [2023-11-03T19:54:52.256+0000] {dag.py:3722} INFO - Setting next_dagrun for example_branch_labels to 2023-11-02T00:00:00+00:00, run_after=2023-11-03T00:00:00+00:00
[2023-11-03T19:54:52.314+0000] {processor.py:179} INFO - Processing /home/airflow/.local/lib/python3.8/site-packages/airflow/example_dags/example_branch_labels.py took 0.242 seconds
[2023-11-03T19:55:22.499+0000] {processor.py:157} INFO - Started process (PID=35026) to work on /home/airflow/.local/lib/python3.8/site-packages/airflow/example_dags/example_branch_labels.py
[2023-11-03T19:55:22.502+0000] {processor.py:829} INFO - Processing file /home/airflow/.local/lib/python3.8/site-packages/airflow/example_dags/example_branch_labels.py for tasks to queue
[2023-11-03T19:55:22.509+0000] {logging_mixin.py:151} INFO - [2023-11-03T19:55:22.508+0000] {dagbag.py:536} INFO - Filling up the DagBag from /home/airflow/.local/lib/python3.8/site-packages/airflow/example_dags/example_branch_labels.py
[2023-11-03T19:55:22.537+0000] {processor.py:839} INFO - DAG(s) dict_keys(['example_branch_labels']) retrieved from /home/airflow/.local/lib/python3.8/site-packages/airflow/example_dags/example_branch_labels.py
[2023-11-03T19:55:22.591+0000] {logging_mixin.py:151} INFO - [2023-11-03T19:55:22.591+0000] {dag.py:2941} INFO - Sync 1 DAGs
[2023-11-03T19:55:22.657+0000] {logging_mixin.py:151} INFO - [2023-11-03T19:55:22.656+0000] {dag.py:3722} INFO - Setting next_dagrun for example_branch_labels to 2023-11-02T00:00:00+00:00, run_after=2023-11-03T00:00:00+00:00
[2023-11-03T19:55:22.724+0000] {processor.py:179} INFO - Processing /home/airflow/.local/lib/python3.8/site-packages/airflow/example_dags/example_branch_labels.py took 0.234 seconds
[2023-11-03T19:55:53.116+0000] {processor.py:157} INFO - Started process (PID=35088) to work on /home/airflow/.local/lib/python3.8/site-packages/airflow/example_dags/example_branch_labels.py
[2023-11-03T19:55:53.119+0000] {processor.py:829} INFO - Processing file /home/airflow/.local/lib/python3.8/site-packages/airflow/example_dags/example_branch_labels.py for tasks to queue
[2023-11-03T19:55:53.127+0000] {logging_mixin.py:151} INFO - [2023-11-03T19:55:53.126+0000] {dagbag.py:536} INFO - Filling up the DagBag from /home/airflow/.local/lib/python3.8/site-packages/airflow/example_dags/example_branch_labels.py
[2023-11-03T19:55:53.154+0000] {processor.py:839} INFO - DAG(s) dict_keys(['example_branch_labels']) retrieved from /home/airflow/.local/lib/python3.8/site-packages/airflow/example_dags/example_branch_labels.py
[2023-11-03T19:55:53.228+0000] {logging_mixin.py:151} INFO - [2023-11-03T19:55:53.227+0000] {dag.py:2941} INFO - Sync 1 DAGs
[2023-11-03T19:55:53.311+0000] {logging_mixin.py:151} INFO - [2023-11-03T19:55:53.310+0000] {dag.py:3722} INFO - Setting next_dagrun for example_branch_labels to 2023-11-02T00:00:00+00:00, run_after=2023-11-03T00:00:00+00:00
[2023-11-03T19:55:53.375+0000] {processor.py:179} INFO - Processing /home/airflow/.local/lib/python3.8/site-packages/airflow/example_dags/example_branch_labels.py took 0.271 seconds
[2023-11-03T19:56:23.867+0000] {processor.py:157} INFO - Started process (PID=35150) to work on /home/airflow/.local/lib/python3.8/site-packages/airflow/example_dags/example_branch_labels.py
[2023-11-03T19:56:23.870+0000] {processor.py:829} INFO - Processing file /home/airflow/.local/lib/python3.8/site-packages/airflow/example_dags/example_branch_labels.py for tasks to queue
[2023-11-03T19:56:23.878+0000] {logging_mixin.py:151} INFO - [2023-11-03T19:56:23.877+0000] {dagbag.py:536} INFO - Filling up the DagBag from /home/airflow/.local/lib/python3.8/site-packages/airflow/example_dags/example_branch_labels.py
[2023-11-03T19:56:23.904+0000] {processor.py:839} INFO - DAG(s) dict_keys(['example_branch_labels']) retrieved from /home/airflow/.local/lib/python3.8/site-packages/airflow/example_dags/example_branch_labels.py
[2023-11-03T19:56:23.960+0000] {logging_mixin.py:151} INFO - [2023-11-03T19:56:23.959+0000] {dag.py:2941} INFO - Sync 1 DAGs
[2023-11-03T19:56:24.054+0000] {logging_mixin.py:151} INFO - [2023-11-03T19:56:24.053+0000] {dag.py:3722} INFO - Setting next_dagrun for example_branch_labels to 2023-11-02T00:00:00+00:00, run_after=2023-11-03T00:00:00+00:00
[2023-11-03T19:56:24.109+0000] {processor.py:179} INFO - Processing /home/airflow/.local/lib/python3.8/site-packages/airflow/example_dags/example_branch_labels.py took 0.251 seconds
[2023-11-03T19:56:54.674+0000] {processor.py:157} INFO - Started process (PID=35212) to work on /home/airflow/.local/lib/python3.8/site-packages/airflow/example_dags/example_branch_labels.py
[2023-11-03T19:56:54.676+0000] {processor.py:829} INFO - Processing file /home/airflow/.local/lib/python3.8/site-packages/airflow/example_dags/example_branch_labels.py for tasks to queue
[2023-11-03T19:56:54.684+0000] {logging_mixin.py:151} INFO - [2023-11-03T19:56:54.682+0000] {dagbag.py:536} INFO - Filling up the DagBag from /home/airflow/.local/lib/python3.8/site-packages/airflow/example_dags/example_branch_labels.py
[2023-11-03T19:56:54.708+0000] {processor.py:839} INFO - DAG(s) dict_keys(['example_branch_labels']) retrieved from /home/airflow/.local/lib/python3.8/site-packages/airflow/example_dags/example_branch_labels.py
[2023-11-03T19:56:54.768+0000] {logging_mixin.py:151} INFO - [2023-11-03T19:56:54.767+0000] {dag.py:2941} INFO - Sync 1 DAGs
[2023-11-03T19:56:54.828+0000] {logging_mixin.py:151} INFO - [2023-11-03T19:56:54.827+0000] {dag.py:3722} INFO - Setting next_dagrun for example_branch_labels to 2023-11-02T00:00:00+00:00, run_after=2023-11-03T00:00:00+00:00
[2023-11-03T19:56:54.885+0000] {processor.py:179} INFO - Processing /home/airflow/.local/lib/python3.8/site-packages/airflow/example_dags/example_branch_labels.py took 0.220 seconds
[2023-11-03T19:57:25.250+0000] {processor.py:157} INFO - Started process (PID=35274) to work on /home/airflow/.local/lib/python3.8/site-packages/airflow/example_dags/example_branch_labels.py
[2023-11-03T19:57:25.253+0000] {processor.py:829} INFO - Processing file /home/airflow/.local/lib/python3.8/site-packages/airflow/example_dags/example_branch_labels.py for tasks to queue
[2023-11-03T19:57:25.259+0000] {logging_mixin.py:151} INFO - [2023-11-03T19:57:25.258+0000] {dagbag.py:536} INFO - Filling up the DagBag from /home/airflow/.local/lib/python3.8/site-packages/airflow/example_dags/example_branch_labels.py
[2023-11-03T19:57:25.281+0000] {processor.py:839} INFO - DAG(s) dict_keys(['example_branch_labels']) retrieved from /home/airflow/.local/lib/python3.8/site-packages/airflow/example_dags/example_branch_labels.py
[2023-11-03T19:57:25.334+0000] {logging_mixin.py:151} INFO - [2023-11-03T19:57:25.333+0000] {dag.py:2941} INFO - Sync 1 DAGs
[2023-11-03T19:57:25.408+0000] {logging_mixin.py:151} INFO - [2023-11-03T19:57:25.407+0000] {dag.py:3722} INFO - Setting next_dagrun for example_branch_labels to 2023-11-02T00:00:00+00:00, run_after=2023-11-03T00:00:00+00:00
[2023-11-03T19:57:25.466+0000] {processor.py:179} INFO - Processing /home/airflow/.local/lib/python3.8/site-packages/airflow/example_dags/example_branch_labels.py took 0.224 seconds
[2023-11-03T19:57:56.254+0000] {processor.py:157} INFO - Started process (PID=35337) to work on /home/airflow/.local/lib/python3.8/site-packages/airflow/example_dags/example_branch_labels.py
[2023-11-03T19:57:56.257+0000] {processor.py:829} INFO - Processing file /home/airflow/.local/lib/python3.8/site-packages/airflow/example_dags/example_branch_labels.py for tasks to queue
[2023-11-03T19:57:56.265+0000] {logging_mixin.py:151} INFO - [2023-11-03T19:57:56.263+0000] {dagbag.py:536} INFO - Filling up the DagBag from /home/airflow/.local/lib/python3.8/site-packages/airflow/example_dags/example_branch_labels.py
[2023-11-03T19:57:56.288+0000] {processor.py:839} INFO - DAG(s) dict_keys(['example_branch_labels']) retrieved from /home/airflow/.local/lib/python3.8/site-packages/airflow/example_dags/example_branch_labels.py
[2023-11-03T19:57:56.351+0000] {logging_mixin.py:151} INFO - [2023-11-03T19:57:56.350+0000] {dag.py:2941} INFO - Sync 1 DAGs
[2023-11-03T19:57:56.416+0000] {logging_mixin.py:151} INFO - [2023-11-03T19:57:56.415+0000] {dag.py:3722} INFO - Setting next_dagrun for example_branch_labels to 2023-11-02T00:00:00+00:00, run_after=2023-11-03T00:00:00+00:00
[2023-11-03T19:57:56.482+0000] {processor.py:179} INFO - Processing /home/airflow/.local/lib/python3.8/site-packages/airflow/example_dags/example_branch_labels.py took 0.237 seconds
[2023-11-03T19:58:27.155+0000] {processor.py:157} INFO - Started process (PID=35399) to work on /home/airflow/.local/lib/python3.8/site-packages/airflow/example_dags/example_branch_labels.py
[2023-11-03T19:58:27.158+0000] {processor.py:829} INFO - Processing file /home/airflow/.local/lib/python3.8/site-packages/airflow/example_dags/example_branch_labels.py for tasks to queue
[2023-11-03T19:58:27.165+0000] {logging_mixin.py:151} INFO - [2023-11-03T19:58:27.164+0000] {dagbag.py:536} INFO - Filling up the DagBag from /home/airflow/.local/lib/python3.8/site-packages/airflow/example_dags/example_branch_labels.py
[2023-11-03T19:58:27.188+0000] {processor.py:839} INFO - DAG(s) dict_keys(['example_branch_labels']) retrieved from /home/airflow/.local/lib/python3.8/site-packages/airflow/example_dags/example_branch_labels.py
[2023-11-03T19:58:27.258+0000] {logging_mixin.py:151} INFO - [2023-11-03T19:58:27.257+0000] {dag.py:2941} INFO - Sync 1 DAGs
[2023-11-03T19:58:27.333+0000] {logging_mixin.py:151} INFO - [2023-11-03T19:58:27.332+0000] {dag.py:3722} INFO - Setting next_dagrun for example_branch_labels to 2023-11-02T00:00:00+00:00, run_after=2023-11-03T00:00:00+00:00
[2023-11-03T19:58:27.444+0000] {processor.py:179} INFO - Processing /home/airflow/.local/lib/python3.8/site-packages/airflow/example_dags/example_branch_labels.py took 0.298 seconds
[2023-11-03T19:58:58.433+0000] {processor.py:157} INFO - Started process (PID=35462) to work on /home/airflow/.local/lib/python3.8/site-packages/airflow/example_dags/example_branch_labels.py
[2023-11-03T19:58:58.435+0000] {processor.py:829} INFO - Processing file /home/airflow/.local/lib/python3.8/site-packages/airflow/example_dags/example_branch_labels.py for tasks to queue
[2023-11-03T19:58:58.442+0000] {logging_mixin.py:151} INFO - [2023-11-03T19:58:58.441+0000] {dagbag.py:536} INFO - Filling up the DagBag from /home/airflow/.local/lib/python3.8/site-packages/airflow/example_dags/example_branch_labels.py
[2023-11-03T19:58:58.465+0000] {processor.py:839} INFO - DAG(s) dict_keys(['example_branch_labels']) retrieved from /home/airflow/.local/lib/python3.8/site-packages/airflow/example_dags/example_branch_labels.py
[2023-11-03T19:58:58.516+0000] {logging_mixin.py:151} INFO - [2023-11-03T19:58:58.516+0000] {dag.py:2941} INFO - Sync 1 DAGs
[2023-11-03T19:58:58.586+0000] {logging_mixin.py:151} INFO - [2023-11-03T19:58:58.586+0000] {dag.py:3722} INFO - Setting next_dagrun for example_branch_labels to 2023-11-02T00:00:00+00:00, run_after=2023-11-03T00:00:00+00:00
[2023-11-03T19:58:58.643+0000] {processor.py:179} INFO - Processing /home/airflow/.local/lib/python3.8/site-packages/airflow/example_dags/example_branch_labels.py took 0.217 seconds
[2023-11-03T19:59:29.713+0000] {processor.py:157} INFO - Started process (PID=35526) to work on /home/airflow/.local/lib/python3.8/site-packages/airflow/example_dags/example_branch_labels.py
[2023-11-03T19:59:29.716+0000] {processor.py:829} INFO - Processing file /home/airflow/.local/lib/python3.8/site-packages/airflow/example_dags/example_branch_labels.py for tasks to queue
[2023-11-03T19:59:29.724+0000] {logging_mixin.py:151} INFO - [2023-11-03T19:59:29.722+0000] {dagbag.py:536} INFO - Filling up the DagBag from /home/airflow/.local/lib/python3.8/site-packages/airflow/example_dags/example_branch_labels.py
[2023-11-03T19:59:29.747+0000] {processor.py:839} INFO - DAG(s) dict_keys(['example_branch_labels']) retrieved from /home/airflow/.local/lib/python3.8/site-packages/airflow/example_dags/example_branch_labels.py
[2023-11-03T19:59:29.831+0000] {logging_mixin.py:151} INFO - [2023-11-03T19:59:29.830+0000] {dag.py:2941} INFO - Sync 1 DAGs
[2023-11-03T19:59:29.916+0000] {logging_mixin.py:151} INFO - [2023-11-03T19:59:29.915+0000] {dag.py:3722} INFO - Setting next_dagrun for example_branch_labels to 2023-11-02T00:00:00+00:00, run_after=2023-11-03T00:00:00+00:00
[2023-11-03T19:59:29.991+0000] {processor.py:179} INFO - Processing /home/airflow/.local/lib/python3.8/site-packages/airflow/example_dags/example_branch_labels.py took 0.286 seconds
[2023-11-03T20:00:00.484+0000] {processor.py:157} INFO - Started process (PID=35588) to work on /home/airflow/.local/lib/python3.8/site-packages/airflow/example_dags/example_branch_labels.py
[2023-11-03T20:00:00.486+0000] {processor.py:829} INFO - Processing file /home/airflow/.local/lib/python3.8/site-packages/airflow/example_dags/example_branch_labels.py for tasks to queue
[2023-11-03T20:00:00.493+0000] {logging_mixin.py:151} INFO - [2023-11-03T20:00:00.492+0000] {dagbag.py:536} INFO - Filling up the DagBag from /home/airflow/.local/lib/python3.8/site-packages/airflow/example_dags/example_branch_labels.py
[2023-11-03T20:00:00.515+0000] {processor.py:839} INFO - DAG(s) dict_keys(['example_branch_labels']) retrieved from /home/airflow/.local/lib/python3.8/site-packages/airflow/example_dags/example_branch_labels.py
[2023-11-03T20:00:00.585+0000] {logging_mixin.py:151} INFO - [2023-11-03T20:00:00.584+0000] {dag.py:2941} INFO - Sync 1 DAGs
[2023-11-03T20:00:00.654+0000] {logging_mixin.py:151} INFO - [2023-11-03T20:00:00.653+0000] {dag.py:3722} INFO - Setting next_dagrun for example_branch_labels to 2023-11-02T00:00:00+00:00, run_after=2023-11-03T00:00:00+00:00
[2023-11-03T20:00:00.714+0000] {processor.py:179} INFO - Processing /home/airflow/.local/lib/python3.8/site-packages/airflow/example_dags/example_branch_labels.py took 0.237 seconds
[2023-11-03T20:00:30.852+0000] {processor.py:157} INFO - Started process (PID=35648) to work on /home/airflow/.local/lib/python3.8/site-packages/airflow/example_dags/example_branch_labels.py
[2023-11-03T20:00:30.854+0000] {processor.py:829} INFO - Processing file /home/airflow/.local/lib/python3.8/site-packages/airflow/example_dags/example_branch_labels.py for tasks to queue
[2023-11-03T20:00:30.861+0000] {logging_mixin.py:151} INFO - [2023-11-03T20:00:30.860+0000] {dagbag.py:536} INFO - Filling up the DagBag from /home/airflow/.local/lib/python3.8/site-packages/airflow/example_dags/example_branch_labels.py
[2023-11-03T20:00:30.884+0000] {processor.py:839} INFO - DAG(s) dict_keys(['example_branch_labels']) retrieved from /home/airflow/.local/lib/python3.8/site-packages/airflow/example_dags/example_branch_labels.py
[2023-11-03T20:00:30.955+0000] {logging_mixin.py:151} INFO - [2023-11-03T20:00:30.954+0000] {dag.py:2941} INFO - Sync 1 DAGs
[2023-11-03T20:00:31.012+0000] {logging_mixin.py:151} INFO - [2023-11-03T20:00:31.012+0000] {dag.py:3722} INFO - Setting next_dagrun for example_branch_labels to 2023-11-02T00:00:00+00:00, run_after=2023-11-03T00:00:00+00:00
[2023-11-03T20:00:31.066+0000] {processor.py:179} INFO - Processing /home/airflow/.local/lib/python3.8/site-packages/airflow/example_dags/example_branch_labels.py took 0.222 seconds
[2023-11-03T20:01:01.208+0000] {processor.py:157} INFO - Started process (PID=35710) to work on /home/airflow/.local/lib/python3.8/site-packages/airflow/example_dags/example_branch_labels.py
[2023-11-03T20:01:01.211+0000] {processor.py:829} INFO - Processing file /home/airflow/.local/lib/python3.8/site-packages/airflow/example_dags/example_branch_labels.py for tasks to queue
[2023-11-03T20:01:01.220+0000] {logging_mixin.py:151} INFO - [2023-11-03T20:01:01.219+0000] {dagbag.py:536} INFO - Filling up the DagBag from /home/airflow/.local/lib/python3.8/site-packages/airflow/example_dags/example_branch_labels.py
[2023-11-03T20:01:01.240+0000] {processor.py:839} INFO - DAG(s) dict_keys(['example_branch_labels']) retrieved from /home/airflow/.local/lib/python3.8/site-packages/airflow/example_dags/example_branch_labels.py
[2023-11-03T20:01:01.308+0000] {logging_mixin.py:151} INFO - [2023-11-03T20:01:01.307+0000] {dag.py:2941} INFO - Sync 1 DAGs
[2023-11-03T20:01:01.373+0000] {logging_mixin.py:151} INFO - [2023-11-03T20:01:01.372+0000] {dag.py:3722} INFO - Setting next_dagrun for example_branch_labels to 2023-11-02T00:00:00+00:00, run_after=2023-11-03T00:00:00+00:00
[2023-11-03T20:01:01.429+0000] {processor.py:179} INFO - Processing /home/airflow/.local/lib/python3.8/site-packages/airflow/example_dags/example_branch_labels.py took 0.230 seconds
[2023-11-03T20:01:31.558+0000] {processor.py:157} INFO - Started process (PID=35772) to work on /home/airflow/.local/lib/python3.8/site-packages/airflow/example_dags/example_branch_labels.py
[2023-11-03T20:01:31.561+0000] {processor.py:829} INFO - Processing file /home/airflow/.local/lib/python3.8/site-packages/airflow/example_dags/example_branch_labels.py for tasks to queue
[2023-11-03T20:01:31.568+0000] {logging_mixin.py:151} INFO - [2023-11-03T20:01:31.567+0000] {dagbag.py:536} INFO - Filling up the DagBag from /home/airflow/.local/lib/python3.8/site-packages/airflow/example_dags/example_branch_labels.py
[2023-11-03T20:01:31.595+0000] {processor.py:839} INFO - DAG(s) dict_keys(['example_branch_labels']) retrieved from /home/airflow/.local/lib/python3.8/site-packages/airflow/example_dags/example_branch_labels.py
[2023-11-03T20:01:31.653+0000] {logging_mixin.py:151} INFO - [2023-11-03T20:01:31.653+0000] {dag.py:2941} INFO - Sync 1 DAGs
[2023-11-03T20:01:31.723+0000] {logging_mixin.py:151} INFO - [2023-11-03T20:01:31.723+0000] {dag.py:3722} INFO - Setting next_dagrun for example_branch_labels to 2023-11-02T00:00:00+00:00, run_after=2023-11-03T00:00:00+00:00
[2023-11-03T20:01:31.897+0000] {processor.py:179} INFO - Processing /home/airflow/.local/lib/python3.8/site-packages/airflow/example_dags/example_branch_labels.py took 0.349 seconds
[2023-11-03T20:02:02.610+0000] {processor.py:157} INFO - Started process (PID=35835) to work on /home/airflow/.local/lib/python3.8/site-packages/airflow/example_dags/example_branch_labels.py
[2023-11-03T20:02:02.614+0000] {processor.py:829} INFO - Processing file /home/airflow/.local/lib/python3.8/site-packages/airflow/example_dags/example_branch_labels.py for tasks to queue
[2023-11-03T20:02:02.626+0000] {logging_mixin.py:151} INFO - [2023-11-03T20:02:02.624+0000] {dagbag.py:536} INFO - Filling up the DagBag from /home/airflow/.local/lib/python3.8/site-packages/airflow/example_dags/example_branch_labels.py
[2023-11-03T20:02:02.646+0000] {processor.py:839} INFO - DAG(s) dict_keys(['example_branch_labels']) retrieved from /home/airflow/.local/lib/python3.8/site-packages/airflow/example_dags/example_branch_labels.py
[2023-11-03T20:02:02.701+0000] {logging_mixin.py:151} INFO - [2023-11-03T20:02:02.701+0000] {dag.py:2941} INFO - Sync 1 DAGs
[2023-11-03T20:02:02.770+0000] {logging_mixin.py:151} INFO - [2023-11-03T20:02:02.769+0000] {dag.py:3722} INFO - Setting next_dagrun for example_branch_labels to 2023-11-02T00:00:00+00:00, run_after=2023-11-03T00:00:00+00:00
[2023-11-03T20:02:02.838+0000] {processor.py:179} INFO - Processing /home/airflow/.local/lib/python3.8/site-packages/airflow/example_dags/example_branch_labels.py took 0.236 seconds
[2023-11-03T20:02:33.788+0000] {processor.py:157} INFO - Started process (PID=35898) to work on /home/airflow/.local/lib/python3.8/site-packages/airflow/example_dags/example_branch_labels.py
[2023-11-03T20:02:33.790+0000] {processor.py:829} INFO - Processing file /home/airflow/.local/lib/python3.8/site-packages/airflow/example_dags/example_branch_labels.py for tasks to queue
[2023-11-03T20:02:33.798+0000] {logging_mixin.py:151} INFO - [2023-11-03T20:02:33.796+0000] {dagbag.py:536} INFO - Filling up the DagBag from /home/airflow/.local/lib/python3.8/site-packages/airflow/example_dags/example_branch_labels.py
[2023-11-03T20:02:33.819+0000] {processor.py:839} INFO - DAG(s) dict_keys(['example_branch_labels']) retrieved from /home/airflow/.local/lib/python3.8/site-packages/airflow/example_dags/example_branch_labels.py
[2023-11-03T20:02:33.895+0000] {logging_mixin.py:151} INFO - [2023-11-03T20:02:33.893+0000] {dag.py:2941} INFO - Sync 1 DAGs
[2023-11-03T20:02:33.975+0000] {logging_mixin.py:151} INFO - [2023-11-03T20:02:33.974+0000] {dag.py:3722} INFO - Setting next_dagrun for example_branch_labels to 2023-11-02T00:00:00+00:00, run_after=2023-11-03T00:00:00+00:00
[2023-11-03T20:02:34.037+0000] {processor.py:179} INFO - Processing /home/airflow/.local/lib/python3.8/site-packages/airflow/example_dags/example_branch_labels.py took 0.258 seconds
[2023-11-03T20:03:04.405+0000] {processor.py:157} INFO - Started process (PID=35960) to work on /home/airflow/.local/lib/python3.8/site-packages/airflow/example_dags/example_branch_labels.py
[2023-11-03T20:03:04.411+0000] {processor.py:829} INFO - Processing file /home/airflow/.local/lib/python3.8/site-packages/airflow/example_dags/example_branch_labels.py for tasks to queue
[2023-11-03T20:03:04.425+0000] {logging_mixin.py:151} INFO - [2023-11-03T20:03:04.423+0000] {dagbag.py:536} INFO - Filling up the DagBag from /home/airflow/.local/lib/python3.8/site-packages/airflow/example_dags/example_branch_labels.py
[2023-11-03T20:03:04.478+0000] {processor.py:839} INFO - DAG(s) dict_keys(['example_branch_labels']) retrieved from /home/airflow/.local/lib/python3.8/site-packages/airflow/example_dags/example_branch_labels.py
[2023-11-03T20:03:04.572+0000] {logging_mixin.py:151} INFO - [2023-11-03T20:03:04.571+0000] {dag.py:2941} INFO - Sync 1 DAGs
[2023-11-03T20:03:04.681+0000] {logging_mixin.py:151} INFO - [2023-11-03T20:03:04.680+0000] {dag.py:3722} INFO - Setting next_dagrun for example_branch_labels to 2023-11-02T00:00:00+00:00, run_after=2023-11-03T00:00:00+00:00
[2023-11-03T20:03:04.751+0000] {processor.py:179} INFO - Processing /home/airflow/.local/lib/python3.8/site-packages/airflow/example_dags/example_branch_labels.py took 0.363 seconds
[2023-11-03T20:03:35.062+0000] {processor.py:157} INFO - Started process (PID=36023) to work on /home/airflow/.local/lib/python3.8/site-packages/airflow/example_dags/example_branch_labels.py
[2023-11-03T20:03:35.065+0000] {processor.py:829} INFO - Processing file /home/airflow/.local/lib/python3.8/site-packages/airflow/example_dags/example_branch_labels.py for tasks to queue
[2023-11-03T20:03:35.075+0000] {logging_mixin.py:151} INFO - [2023-11-03T20:03:35.074+0000] {dagbag.py:536} INFO - Filling up the DagBag from /home/airflow/.local/lib/python3.8/site-packages/airflow/example_dags/example_branch_labels.py
[2023-11-03T20:03:35.102+0000] {processor.py:839} INFO - DAG(s) dict_keys(['example_branch_labels']) retrieved from /home/airflow/.local/lib/python3.8/site-packages/airflow/example_dags/example_branch_labels.py
[2023-11-03T20:03:35.161+0000] {logging_mixin.py:151} INFO - [2023-11-03T20:03:35.160+0000] {dag.py:2941} INFO - Sync 1 DAGs
[2023-11-03T20:03:35.227+0000] {logging_mixin.py:151} INFO - [2023-11-03T20:03:35.227+0000] {dag.py:3722} INFO - Setting next_dagrun for example_branch_labels to 2023-11-02T00:00:00+00:00, run_after=2023-11-03T00:00:00+00:00
[2023-11-03T20:03:35.294+0000] {processor.py:179} INFO - Processing /home/airflow/.local/lib/python3.8/site-packages/airflow/example_dags/example_branch_labels.py took 0.240 seconds
[2023-11-03T20:04:06.018+0000] {processor.py:157} INFO - Started process (PID=36086) to work on /home/airflow/.local/lib/python3.8/site-packages/airflow/example_dags/example_branch_labels.py
[2023-11-03T20:04:06.020+0000] {processor.py:829} INFO - Processing file /home/airflow/.local/lib/python3.8/site-packages/airflow/example_dags/example_branch_labels.py for tasks to queue
[2023-11-03T20:04:06.030+0000] {logging_mixin.py:151} INFO - [2023-11-03T20:04:06.028+0000] {dagbag.py:536} INFO - Filling up the DagBag from /home/airflow/.local/lib/python3.8/site-packages/airflow/example_dags/example_branch_labels.py
[2023-11-03T20:04:06.052+0000] {processor.py:839} INFO - DAG(s) dict_keys(['example_branch_labels']) retrieved from /home/airflow/.local/lib/python3.8/site-packages/airflow/example_dags/example_branch_labels.py
[2023-11-03T20:04:06.112+0000] {logging_mixin.py:151} INFO - [2023-11-03T20:04:06.112+0000] {dag.py:2941} INFO - Sync 1 DAGs
[2023-11-03T20:04:06.175+0000] {logging_mixin.py:151} INFO - [2023-11-03T20:04:06.174+0000] {dag.py:3722} INFO - Setting next_dagrun for example_branch_labels to 2023-11-02T00:00:00+00:00, run_after=2023-11-03T00:00:00+00:00
[2023-11-03T20:04:06.250+0000] {processor.py:179} INFO - Processing /home/airflow/.local/lib/python3.8/site-packages/airflow/example_dags/example_branch_labels.py took 0.240 seconds
[2023-11-03T20:04:36.833+0000] {processor.py:157} INFO - Started process (PID=36147) to work on /home/airflow/.local/lib/python3.8/site-packages/airflow/example_dags/example_branch_labels.py
[2023-11-03T20:04:36.837+0000] {processor.py:829} INFO - Processing file /home/airflow/.local/lib/python3.8/site-packages/airflow/example_dags/example_branch_labels.py for tasks to queue
[2023-11-03T20:04:36.848+0000] {logging_mixin.py:151} INFO - [2023-11-03T20:04:36.846+0000] {dagbag.py:536} INFO - Filling up the DagBag from /home/airflow/.local/lib/python3.8/site-packages/airflow/example_dags/example_branch_labels.py
[2023-11-03T20:04:36.880+0000] {processor.py:839} INFO - DAG(s) dict_keys(['example_branch_labels']) retrieved from /home/airflow/.local/lib/python3.8/site-packages/airflow/example_dags/example_branch_labels.py
[2023-11-03T20:04:36.944+0000] {logging_mixin.py:151} INFO - [2023-11-03T20:04:36.943+0000] {dag.py:2941} INFO - Sync 1 DAGs
[2023-11-03T20:04:37.009+0000] {logging_mixin.py:151} INFO - [2023-11-03T20:04:37.009+0000] {dag.py:3722} INFO - Setting next_dagrun for example_branch_labels to 2023-11-02T00:00:00+00:00, run_after=2023-11-03T00:00:00+00:00
[2023-11-03T20:04:37.063+0000] {processor.py:179} INFO - Processing /home/airflow/.local/lib/python3.8/site-packages/airflow/example_dags/example_branch_labels.py took 0.242 seconds
[2023-11-03T20:05:07.693+0000] {processor.py:157} INFO - Started process (PID=36209) to work on /home/airflow/.local/lib/python3.8/site-packages/airflow/example_dags/example_branch_labels.py
[2023-11-03T20:05:07.696+0000] {processor.py:829} INFO - Processing file /home/airflow/.local/lib/python3.8/site-packages/airflow/example_dags/example_branch_labels.py for tasks to queue
[2023-11-03T20:05:07.709+0000] {logging_mixin.py:151} INFO - [2023-11-03T20:05:07.708+0000] {dagbag.py:536} INFO - Filling up the DagBag from /home/airflow/.local/lib/python3.8/site-packages/airflow/example_dags/example_branch_labels.py
[2023-11-03T20:05:07.749+0000] {processor.py:839} INFO - DAG(s) dict_keys(['example_branch_labels']) retrieved from /home/airflow/.local/lib/python3.8/site-packages/airflow/example_dags/example_branch_labels.py
[2023-11-03T20:05:07.878+0000] {logging_mixin.py:151} INFO - [2023-11-03T20:05:07.877+0000] {dag.py:2941} INFO - Sync 1 DAGs
[2023-11-03T20:05:08.000+0000] {logging_mixin.py:151} INFO - [2023-11-03T20:05:07.999+0000] {dag.py:3722} INFO - Setting next_dagrun for example_branch_labels to 2023-11-02T00:00:00+00:00, run_after=2023-11-03T00:00:00+00:00
[2023-11-03T20:05:08.071+0000] {processor.py:179} INFO - Processing /home/airflow/.local/lib/python3.8/site-packages/airflow/example_dags/example_branch_labels.py took 0.386 seconds
[2023-11-03T20:05:38.914+0000] {processor.py:157} INFO - Started process (PID=36278) to work on /home/airflow/.local/lib/python3.8/site-packages/airflow/example_dags/example_branch_labels.py
[2023-11-03T20:05:38.917+0000] {processor.py:829} INFO - Processing file /home/airflow/.local/lib/python3.8/site-packages/airflow/example_dags/example_branch_labels.py for tasks to queue
[2023-11-03T20:05:38.927+0000] {logging_mixin.py:151} INFO - [2023-11-03T20:05:38.926+0000] {dagbag.py:536} INFO - Filling up the DagBag from /home/airflow/.local/lib/python3.8/site-packages/airflow/example_dags/example_branch_labels.py
[2023-11-03T20:05:38.959+0000] {processor.py:839} INFO - DAG(s) dict_keys(['example_branch_labels']) retrieved from /home/airflow/.local/lib/python3.8/site-packages/airflow/example_dags/example_branch_labels.py
[2023-11-03T20:05:39.019+0000] {logging_mixin.py:151} INFO - [2023-11-03T20:05:39.018+0000] {dag.py:2941} INFO - Sync 1 DAGs
[2023-11-03T20:05:39.086+0000] {logging_mixin.py:151} INFO - [2023-11-03T20:05:39.085+0000] {dag.py:3722} INFO - Setting next_dagrun for example_branch_labels to 2023-11-02T00:00:00+00:00, run_after=2023-11-03T00:00:00+00:00
[2023-11-03T20:05:39.145+0000] {processor.py:179} INFO - Processing /home/airflow/.local/lib/python3.8/site-packages/airflow/example_dags/example_branch_labels.py took 0.240 seconds
