[2023-11-03T19:42:50.795+0000] {processor.py:157} INFO - Started process (PID=33511) to work on /home/airflow/.local/lib/python3.8/site-packages/airflow/example_dags/example_branch_operator_decorator.py
[2023-11-03T19:42:50.798+0000] {processor.py:829} INFO - Processing file /home/airflow/.local/lib/python3.8/site-packages/airflow/example_dags/example_branch_operator_decorator.py for tasks to queue
[2023-11-03T19:42:50.805+0000] {logging_mixin.py:151} INFO - [2023-11-03T19:42:50.804+0000] {dagbag.py:536} INFO - Filling up the DagBag from /home/airflow/.local/lib/python3.8/site-packages/airflow/example_dags/example_branch_operator_decorator.py
[2023-11-03T19:42:50.835+0000] {processor.py:839} INFO - DAG(s) dict_keys(['example_branch_python_operator_decorator']) retrieved from /home/airflow/.local/lib/python3.8/site-packages/airflow/example_dags/example_branch_operator_decorator.py
[2023-11-03T19:42:50.906+0000] {logging_mixin.py:151} INFO - [2023-11-03T19:42:50.905+0000] {dag.py:2941} INFO - Sync 1 DAGs
[2023-11-03T19:42:51.373+0000] {logging_mixin.py:151} INFO - [2023-11-03T19:42:51.372+0000] {dag.py:3722} INFO - Setting next_dagrun for example_branch_python_operator_decorator to 2023-11-02T00:00:00+00:00, run_after=2023-11-03T00:00:00+00:00
[2023-11-03T19:42:51.444+0000] {processor.py:179} INFO - Processing /home/airflow/.local/lib/python3.8/site-packages/airflow/example_dags/example_branch_operator_decorator.py took 0.659 seconds
[2023-11-03T19:43:22.133+0000] {processor.py:157} INFO - Started process (PID=33573) to work on /home/airflow/.local/lib/python3.8/site-packages/airflow/example_dags/example_branch_operator_decorator.py
[2023-11-03T19:43:22.135+0000] {processor.py:829} INFO - Processing file /home/airflow/.local/lib/python3.8/site-packages/airflow/example_dags/example_branch_operator_decorator.py for tasks to queue
[2023-11-03T19:43:22.143+0000] {logging_mixin.py:151} INFO - [2023-11-03T19:43:22.141+0000] {dagbag.py:536} INFO - Filling up the DagBag from /home/airflow/.local/lib/python3.8/site-packages/airflow/example_dags/example_branch_operator_decorator.py
[2023-11-03T19:43:22.175+0000] {processor.py:839} INFO - DAG(s) dict_keys(['example_branch_python_operator_decorator']) retrieved from /home/airflow/.local/lib/python3.8/site-packages/airflow/example_dags/example_branch_operator_decorator.py
[2023-11-03T19:43:22.262+0000] {logging_mixin.py:151} INFO - [2023-11-03T19:43:22.261+0000] {dag.py:2941} INFO - Sync 1 DAGs
[2023-11-03T19:43:22.351+0000] {logging_mixin.py:151} INFO - [2023-11-03T19:43:22.350+0000] {dag.py:3722} INFO - Setting next_dagrun for example_branch_python_operator_decorator to 2023-11-02T00:00:00+00:00, run_after=2023-11-03T00:00:00+00:00
[2023-11-03T19:43:22.441+0000] {processor.py:179} INFO - Processing /home/airflow/.local/lib/python3.8/site-packages/airflow/example_dags/example_branch_operator_decorator.py took 0.317 seconds
[2023-11-03T19:43:52.688+0000] {processor.py:157} INFO - Started process (PID=33635) to work on /home/airflow/.local/lib/python3.8/site-packages/airflow/example_dags/example_branch_operator_decorator.py
[2023-11-03T19:43:52.694+0000] {processor.py:829} INFO - Processing file /home/airflow/.local/lib/python3.8/site-packages/airflow/example_dags/example_branch_operator_decorator.py for tasks to queue
[2023-11-03T19:43:52.703+0000] {logging_mixin.py:151} INFO - [2023-11-03T19:43:52.701+0000] {dagbag.py:536} INFO - Filling up the DagBag from /home/airflow/.local/lib/python3.8/site-packages/airflow/example_dags/example_branch_operator_decorator.py
[2023-11-03T19:43:52.735+0000] {processor.py:839} INFO - DAG(s) dict_keys(['example_branch_python_operator_decorator']) retrieved from /home/airflow/.local/lib/python3.8/site-packages/airflow/example_dags/example_branch_operator_decorator.py
[2023-11-03T19:43:52.814+0000] {logging_mixin.py:151} INFO - [2023-11-03T19:43:52.813+0000] {dag.py:2941} INFO - Sync 1 DAGs
[2023-11-03T19:43:52.900+0000] {logging_mixin.py:151} INFO - [2023-11-03T19:43:52.899+0000] {dag.py:3722} INFO - Setting next_dagrun for example_branch_python_operator_decorator to 2023-11-02T00:00:00+00:00, run_after=2023-11-03T00:00:00+00:00
[2023-11-03T19:43:52.967+0000] {processor.py:179} INFO - Processing /home/airflow/.local/lib/python3.8/site-packages/airflow/example_dags/example_branch_operator_decorator.py took 0.299 seconds
[2023-11-03T19:44:23.347+0000] {processor.py:157} INFO - Started process (PID=33697) to work on /home/airflow/.local/lib/python3.8/site-packages/airflow/example_dags/example_branch_operator_decorator.py
[2023-11-03T19:44:23.350+0000] {processor.py:829} INFO - Processing file /home/airflow/.local/lib/python3.8/site-packages/airflow/example_dags/example_branch_operator_decorator.py for tasks to queue
[2023-11-03T19:44:23.356+0000] {logging_mixin.py:151} INFO - [2023-11-03T19:44:23.355+0000] {dagbag.py:536} INFO - Filling up the DagBag from /home/airflow/.local/lib/python3.8/site-packages/airflow/example_dags/example_branch_operator_decorator.py
[2023-11-03T19:44:23.380+0000] {processor.py:839} INFO - DAG(s) dict_keys(['example_branch_python_operator_decorator']) retrieved from /home/airflow/.local/lib/python3.8/site-packages/airflow/example_dags/example_branch_operator_decorator.py
[2023-11-03T19:44:23.456+0000] {logging_mixin.py:151} INFO - [2023-11-03T19:44:23.456+0000] {dag.py:2941} INFO - Sync 1 DAGs
[2023-11-03T19:44:23.518+0000] {logging_mixin.py:151} INFO - [2023-11-03T19:44:23.517+0000] {dag.py:3722} INFO - Setting next_dagrun for example_branch_python_operator_decorator to 2023-11-02T00:00:00+00:00, run_after=2023-11-03T00:00:00+00:00
[2023-11-03T19:44:23.573+0000] {processor.py:179} INFO - Processing /home/airflow/.local/lib/python3.8/site-packages/airflow/example_dags/example_branch_operator_decorator.py took 0.235 seconds
[2023-11-03T19:44:53.746+0000] {processor.py:157} INFO - Started process (PID=33759) to work on /home/airflow/.local/lib/python3.8/site-packages/airflow/example_dags/example_branch_operator_decorator.py
[2023-11-03T19:44:53.748+0000] {processor.py:829} INFO - Processing file /home/airflow/.local/lib/python3.8/site-packages/airflow/example_dags/example_branch_operator_decorator.py for tasks to queue
[2023-11-03T19:44:53.755+0000] {logging_mixin.py:151} INFO - [2023-11-03T19:44:53.754+0000] {dagbag.py:536} INFO - Filling up the DagBag from /home/airflow/.local/lib/python3.8/site-packages/airflow/example_dags/example_branch_operator_decorator.py
[2023-11-03T19:44:53.787+0000] {processor.py:839} INFO - DAG(s) dict_keys(['example_branch_python_operator_decorator']) retrieved from /home/airflow/.local/lib/python3.8/site-packages/airflow/example_dags/example_branch_operator_decorator.py
[2023-11-03T19:44:53.849+0000] {logging_mixin.py:151} INFO - [2023-11-03T19:44:53.848+0000] {dag.py:2941} INFO - Sync 1 DAGs
[2023-11-03T19:44:53.919+0000] {logging_mixin.py:151} INFO - [2023-11-03T19:44:53.918+0000] {dag.py:3722} INFO - Setting next_dagrun for example_branch_python_operator_decorator to 2023-11-02T00:00:00+00:00, run_after=2023-11-03T00:00:00+00:00
[2023-11-03T19:44:53.996+0000] {processor.py:179} INFO - Processing /home/airflow/.local/lib/python3.8/site-packages/airflow/example_dags/example_branch_operator_decorator.py took 0.257 seconds
[2023-11-03T19:45:24.270+0000] {processor.py:157} INFO - Started process (PID=33822) to work on /home/airflow/.local/lib/python3.8/site-packages/airflow/example_dags/example_branch_operator_decorator.py
[2023-11-03T19:45:24.274+0000] {processor.py:829} INFO - Processing file /home/airflow/.local/lib/python3.8/site-packages/airflow/example_dags/example_branch_operator_decorator.py for tasks to queue
[2023-11-03T19:45:24.293+0000] {logging_mixin.py:151} INFO - [2023-11-03T19:45:24.290+0000] {dagbag.py:536} INFO - Filling up the DagBag from /home/airflow/.local/lib/python3.8/site-packages/airflow/example_dags/example_branch_operator_decorator.py
[2023-11-03T19:45:24.323+0000] {processor.py:839} INFO - DAG(s) dict_keys(['example_branch_python_operator_decorator']) retrieved from /home/airflow/.local/lib/python3.8/site-packages/airflow/example_dags/example_branch_operator_decorator.py
[2023-11-03T19:45:24.390+0000] {logging_mixin.py:151} INFO - [2023-11-03T19:45:24.389+0000] {dag.py:2941} INFO - Sync 1 DAGs
[2023-11-03T19:45:24.485+0000] {logging_mixin.py:151} INFO - [2023-11-03T19:45:24.484+0000] {dag.py:3722} INFO - Setting next_dagrun for example_branch_python_operator_decorator to 2023-11-02T00:00:00+00:00, run_after=2023-11-03T00:00:00+00:00
[2023-11-03T19:45:24.553+0000] {processor.py:179} INFO - Processing /home/airflow/.local/lib/python3.8/site-packages/airflow/example_dags/example_branch_operator_decorator.py took 0.292 seconds
[2023-11-03T19:45:54.965+0000] {processor.py:157} INFO - Started process (PID=33884) to work on /home/airflow/.local/lib/python3.8/site-packages/airflow/example_dags/example_branch_operator_decorator.py
[2023-11-03T19:45:54.968+0000] {processor.py:829} INFO - Processing file /home/airflow/.local/lib/python3.8/site-packages/airflow/example_dags/example_branch_operator_decorator.py for tasks to queue
[2023-11-03T19:45:54.974+0000] {logging_mixin.py:151} INFO - [2023-11-03T19:45:54.973+0000] {dagbag.py:536} INFO - Filling up the DagBag from /home/airflow/.local/lib/python3.8/site-packages/airflow/example_dags/example_branch_operator_decorator.py
[2023-11-03T19:45:55.004+0000] {processor.py:839} INFO - DAG(s) dict_keys(['example_branch_python_operator_decorator']) retrieved from /home/airflow/.local/lib/python3.8/site-packages/airflow/example_dags/example_branch_operator_decorator.py
[2023-11-03T19:45:55.073+0000] {logging_mixin.py:151} INFO - [2023-11-03T19:45:55.072+0000] {dag.py:2941} INFO - Sync 1 DAGs
[2023-11-03T19:45:55.147+0000] {logging_mixin.py:151} INFO - [2023-11-03T19:45:55.146+0000] {dag.py:3722} INFO - Setting next_dagrun for example_branch_python_operator_decorator to 2023-11-02T00:00:00+00:00, run_after=2023-11-03T00:00:00+00:00
[2023-11-03T19:45:55.208+0000] {processor.py:179} INFO - Processing /home/airflow/.local/lib/python3.8/site-packages/airflow/example_dags/example_branch_operator_decorator.py took 0.250 seconds
[2023-11-03T19:46:26.092+0000] {processor.py:157} INFO - Started process (PID=33946) to work on /home/airflow/.local/lib/python3.8/site-packages/airflow/example_dags/example_branch_operator_decorator.py
[2023-11-03T19:46:26.095+0000] {processor.py:829} INFO - Processing file /home/airflow/.local/lib/python3.8/site-packages/airflow/example_dags/example_branch_operator_decorator.py for tasks to queue
[2023-11-03T19:46:26.102+0000] {logging_mixin.py:151} INFO - [2023-11-03T19:46:26.101+0000] {dagbag.py:536} INFO - Filling up the DagBag from /home/airflow/.local/lib/python3.8/site-packages/airflow/example_dags/example_branch_operator_decorator.py
[2023-11-03T19:46:26.134+0000] {processor.py:839} INFO - DAG(s) dict_keys(['example_branch_python_operator_decorator']) retrieved from /home/airflow/.local/lib/python3.8/site-packages/airflow/example_dags/example_branch_operator_decorator.py
[2023-11-03T19:46:26.190+0000] {logging_mixin.py:151} INFO - [2023-11-03T19:46:26.190+0000] {dag.py:2941} INFO - Sync 1 DAGs
[2023-11-03T19:46:26.266+0000] {logging_mixin.py:151} INFO - [2023-11-03T19:46:26.265+0000] {dag.py:3722} INFO - Setting next_dagrun for example_branch_python_operator_decorator to 2023-11-02T00:00:00+00:00, run_after=2023-11-03T00:00:00+00:00
[2023-11-03T19:46:26.323+0000] {processor.py:179} INFO - Processing /home/airflow/.local/lib/python3.8/site-packages/airflow/example_dags/example_branch_operator_decorator.py took 0.239 seconds
[2023-11-03T19:46:56.959+0000] {processor.py:157} INFO - Started process (PID=34008) to work on /home/airflow/.local/lib/python3.8/site-packages/airflow/example_dags/example_branch_operator_decorator.py
[2023-11-03T19:46:56.962+0000] {processor.py:829} INFO - Processing file /home/airflow/.local/lib/python3.8/site-packages/airflow/example_dags/example_branch_operator_decorator.py for tasks to queue
[2023-11-03T19:46:56.969+0000] {logging_mixin.py:151} INFO - [2023-11-03T19:46:56.968+0000] {dagbag.py:536} INFO - Filling up the DagBag from /home/airflow/.local/lib/python3.8/site-packages/airflow/example_dags/example_branch_operator_decorator.py
[2023-11-03T19:46:57.002+0000] {processor.py:839} INFO - DAG(s) dict_keys(['example_branch_python_operator_decorator']) retrieved from /home/airflow/.local/lib/python3.8/site-packages/airflow/example_dags/example_branch_operator_decorator.py
[2023-11-03T19:46:57.079+0000] {logging_mixin.py:151} INFO - [2023-11-03T19:46:57.078+0000] {dag.py:2941} INFO - Sync 1 DAGs
[2023-11-03T19:46:57.157+0000] {logging_mixin.py:151} INFO - [2023-11-03T19:46:57.156+0000] {dag.py:3722} INFO - Setting next_dagrun for example_branch_python_operator_decorator to 2023-11-02T00:00:00+00:00, run_after=2023-11-03T00:00:00+00:00
[2023-11-03T19:46:57.247+0000] {processor.py:179} INFO - Processing /home/airflow/.local/lib/python3.8/site-packages/airflow/example_dags/example_branch_operator_decorator.py took 0.296 seconds
[2023-11-03T19:47:27.362+0000] {processor.py:157} INFO - Started process (PID=34070) to work on /home/airflow/.local/lib/python3.8/site-packages/airflow/example_dags/example_branch_operator_decorator.py
[2023-11-03T19:47:27.365+0000] {processor.py:829} INFO - Processing file /home/airflow/.local/lib/python3.8/site-packages/airflow/example_dags/example_branch_operator_decorator.py for tasks to queue
[2023-11-03T19:47:27.373+0000] {logging_mixin.py:151} INFO - [2023-11-03T19:47:27.371+0000] {dagbag.py:536} INFO - Filling up the DagBag from /home/airflow/.local/lib/python3.8/site-packages/airflow/example_dags/example_branch_operator_decorator.py
[2023-11-03T19:47:27.406+0000] {processor.py:839} INFO - DAG(s) dict_keys(['example_branch_python_operator_decorator']) retrieved from /home/airflow/.local/lib/python3.8/site-packages/airflow/example_dags/example_branch_operator_decorator.py
[2023-11-03T19:47:27.476+0000] {logging_mixin.py:151} INFO - [2023-11-03T19:47:27.475+0000] {dag.py:2941} INFO - Sync 1 DAGs
[2023-11-03T19:47:27.541+0000] {logging_mixin.py:151} INFO - [2023-11-03T19:47:27.540+0000] {dag.py:3722} INFO - Setting next_dagrun for example_branch_python_operator_decorator to 2023-11-02T00:00:00+00:00, run_after=2023-11-03T00:00:00+00:00
[2023-11-03T19:47:27.599+0000] {processor.py:179} INFO - Processing /home/airflow/.local/lib/python3.8/site-packages/airflow/example_dags/example_branch_operator_decorator.py took 0.246 seconds
[2023-11-03T19:47:58.107+0000] {processor.py:157} INFO - Started process (PID=34132) to work on /home/airflow/.local/lib/python3.8/site-packages/airflow/example_dags/example_branch_operator_decorator.py
[2023-11-03T19:47:58.110+0000] {processor.py:829} INFO - Processing file /home/airflow/.local/lib/python3.8/site-packages/airflow/example_dags/example_branch_operator_decorator.py for tasks to queue
[2023-11-03T19:47:58.117+0000] {logging_mixin.py:151} INFO - [2023-11-03T19:47:58.116+0000] {dagbag.py:536} INFO - Filling up the DagBag from /home/airflow/.local/lib/python3.8/site-packages/airflow/example_dags/example_branch_operator_decorator.py
[2023-11-03T19:47:58.146+0000] {processor.py:839} INFO - DAG(s) dict_keys(['example_branch_python_operator_decorator']) retrieved from /home/airflow/.local/lib/python3.8/site-packages/airflow/example_dags/example_branch_operator_decorator.py
[2023-11-03T19:47:58.251+0000] {logging_mixin.py:151} INFO - [2023-11-03T19:47:58.250+0000] {dag.py:2941} INFO - Sync 1 DAGs
[2023-11-03T19:47:58.325+0000] {logging_mixin.py:151} INFO - [2023-11-03T19:47:58.324+0000] {dag.py:3722} INFO - Setting next_dagrun for example_branch_python_operator_decorator to 2023-11-02T00:00:00+00:00, run_after=2023-11-03T00:00:00+00:00
[2023-11-03T19:47:58.385+0000] {processor.py:179} INFO - Processing /home/airflow/.local/lib/python3.8/site-packages/airflow/example_dags/example_branch_operator_decorator.py took 0.286 seconds
[2023-11-03T19:48:28.922+0000] {processor.py:157} INFO - Started process (PID=34194) to work on /home/airflow/.local/lib/python3.8/site-packages/airflow/example_dags/example_branch_operator_decorator.py
[2023-11-03T19:48:28.926+0000] {processor.py:829} INFO - Processing file /home/airflow/.local/lib/python3.8/site-packages/airflow/example_dags/example_branch_operator_decorator.py for tasks to queue
[2023-11-03T19:48:28.939+0000] {logging_mixin.py:151} INFO - [2023-11-03T19:48:28.937+0000] {dagbag.py:536} INFO - Filling up the DagBag from /home/airflow/.local/lib/python3.8/site-packages/airflow/example_dags/example_branch_operator_decorator.py
[2023-11-03T19:48:28.985+0000] {processor.py:839} INFO - DAG(s) dict_keys(['example_branch_python_operator_decorator']) retrieved from /home/airflow/.local/lib/python3.8/site-packages/airflow/example_dags/example_branch_operator_decorator.py
[2023-11-03T19:48:29.049+0000] {logging_mixin.py:151} INFO - [2023-11-03T19:48:29.048+0000] {dag.py:2941} INFO - Sync 1 DAGs
[2023-11-03T19:48:29.127+0000] {logging_mixin.py:151} INFO - [2023-11-03T19:48:29.127+0000] {dag.py:3722} INFO - Setting next_dagrun for example_branch_python_operator_decorator to 2023-11-02T00:00:00+00:00, run_after=2023-11-03T00:00:00+00:00
[2023-11-03T19:48:29.191+0000] {processor.py:179} INFO - Processing /home/airflow/.local/lib/python3.8/site-packages/airflow/example_dags/example_branch_operator_decorator.py took 0.280 seconds
[2023-11-03T19:48:59.382+0000] {processor.py:157} INFO - Started process (PID=34256) to work on /home/airflow/.local/lib/python3.8/site-packages/airflow/example_dags/example_branch_operator_decorator.py
[2023-11-03T19:48:59.385+0000] {processor.py:829} INFO - Processing file /home/airflow/.local/lib/python3.8/site-packages/airflow/example_dags/example_branch_operator_decorator.py for tasks to queue
[2023-11-03T19:48:59.393+0000] {logging_mixin.py:151} INFO - [2023-11-03T19:48:59.392+0000] {dagbag.py:536} INFO - Filling up the DagBag from /home/airflow/.local/lib/python3.8/site-packages/airflow/example_dags/example_branch_operator_decorator.py
[2023-11-03T19:48:59.442+0000] {processor.py:839} INFO - DAG(s) dict_keys(['example_branch_python_operator_decorator']) retrieved from /home/airflow/.local/lib/python3.8/site-packages/airflow/example_dags/example_branch_operator_decorator.py
[2023-11-03T19:48:59.516+0000] {logging_mixin.py:151} INFO - [2023-11-03T19:48:59.515+0000] {dag.py:2941} INFO - Sync 1 DAGs
[2023-11-03T19:48:59.596+0000] {logging_mixin.py:151} INFO - [2023-11-03T19:48:59.595+0000] {dag.py:3722} INFO - Setting next_dagrun for example_branch_python_operator_decorator to 2023-11-02T00:00:00+00:00, run_after=2023-11-03T00:00:00+00:00
[2023-11-03T19:48:59.655+0000] {processor.py:179} INFO - Processing /home/airflow/.local/lib/python3.8/site-packages/airflow/example_dags/example_branch_operator_decorator.py took 0.282 seconds
[2023-11-03T19:49:30.260+0000] {processor.py:157} INFO - Started process (PID=34318) to work on /home/airflow/.local/lib/python3.8/site-packages/airflow/example_dags/example_branch_operator_decorator.py
[2023-11-03T19:49:30.262+0000] {processor.py:829} INFO - Processing file /home/airflow/.local/lib/python3.8/site-packages/airflow/example_dags/example_branch_operator_decorator.py for tasks to queue
[2023-11-03T19:49:30.268+0000] {logging_mixin.py:151} INFO - [2023-11-03T19:49:30.267+0000] {dagbag.py:536} INFO - Filling up the DagBag from /home/airflow/.local/lib/python3.8/site-packages/airflow/example_dags/example_branch_operator_decorator.py
[2023-11-03T19:49:30.301+0000] {processor.py:839} INFO - DAG(s) dict_keys(['example_branch_python_operator_decorator']) retrieved from /home/airflow/.local/lib/python3.8/site-packages/airflow/example_dags/example_branch_operator_decorator.py
[2023-11-03T19:49:30.352+0000] {logging_mixin.py:151} INFO - [2023-11-03T19:49:30.351+0000] {dag.py:2941} INFO - Sync 1 DAGs
[2023-11-03T19:49:30.407+0000] {logging_mixin.py:151} INFO - [2023-11-03T19:49:30.406+0000] {dag.py:3722} INFO - Setting next_dagrun for example_branch_python_operator_decorator to 2023-11-02T00:00:00+00:00, run_after=2023-11-03T00:00:00+00:00
[2023-11-03T19:49:30.463+0000] {processor.py:179} INFO - Processing /home/airflow/.local/lib/python3.8/site-packages/airflow/example_dags/example_branch_operator_decorator.py took 0.210 seconds
[2023-11-03T19:50:00.752+0000] {processor.py:157} INFO - Started process (PID=34380) to work on /home/airflow/.local/lib/python3.8/site-packages/airflow/example_dags/example_branch_operator_decorator.py
[2023-11-03T19:50:00.755+0000] {processor.py:829} INFO - Processing file /home/airflow/.local/lib/python3.8/site-packages/airflow/example_dags/example_branch_operator_decorator.py for tasks to queue
[2023-11-03T19:50:00.762+0000] {logging_mixin.py:151} INFO - [2023-11-03T19:50:00.761+0000] {dagbag.py:536} INFO - Filling up the DagBag from /home/airflow/.local/lib/python3.8/site-packages/airflow/example_dags/example_branch_operator_decorator.py
[2023-11-03T19:50:00.790+0000] {processor.py:839} INFO - DAG(s) dict_keys(['example_branch_python_operator_decorator']) retrieved from /home/airflow/.local/lib/python3.8/site-packages/airflow/example_dags/example_branch_operator_decorator.py
[2023-11-03T19:50:00.851+0000] {logging_mixin.py:151} INFO - [2023-11-03T19:50:00.851+0000] {dag.py:2941} INFO - Sync 1 DAGs
[2023-11-03T19:50:00.928+0000] {logging_mixin.py:151} INFO - [2023-11-03T19:50:00.927+0000] {dag.py:3722} INFO - Setting next_dagrun for example_branch_python_operator_decorator to 2023-11-02T00:00:00+00:00, run_after=2023-11-03T00:00:00+00:00
[2023-11-03T19:50:00.989+0000] {processor.py:179} INFO - Processing /home/airflow/.local/lib/python3.8/site-packages/airflow/example_dags/example_branch_operator_decorator.py took 0.249 seconds
[2023-11-03T19:50:31.169+0000] {processor.py:157} INFO - Started process (PID=34442) to work on /home/airflow/.local/lib/python3.8/site-packages/airflow/example_dags/example_branch_operator_decorator.py
[2023-11-03T19:50:31.172+0000] {processor.py:829} INFO - Processing file /home/airflow/.local/lib/python3.8/site-packages/airflow/example_dags/example_branch_operator_decorator.py for tasks to queue
[2023-11-03T19:50:31.180+0000] {logging_mixin.py:151} INFO - [2023-11-03T19:50:31.179+0000] {dagbag.py:536} INFO - Filling up the DagBag from /home/airflow/.local/lib/python3.8/site-packages/airflow/example_dags/example_branch_operator_decorator.py
[2023-11-03T19:50:31.231+0000] {processor.py:839} INFO - DAG(s) dict_keys(['example_branch_python_operator_decorator']) retrieved from /home/airflow/.local/lib/python3.8/site-packages/airflow/example_dags/example_branch_operator_decorator.py
[2023-11-03T19:50:31.295+0000] {logging_mixin.py:151} INFO - [2023-11-03T19:50:31.295+0000] {dag.py:2941} INFO - Sync 1 DAGs
[2023-11-03T19:50:31.373+0000] {logging_mixin.py:151} INFO - [2023-11-03T19:50:31.372+0000] {dag.py:3722} INFO - Setting next_dagrun for example_branch_python_operator_decorator to 2023-11-02T00:00:00+00:00, run_after=2023-11-03T00:00:00+00:00
[2023-11-03T19:50:31.437+0000] {processor.py:179} INFO - Processing /home/airflow/.local/lib/python3.8/site-packages/airflow/example_dags/example_branch_operator_decorator.py took 0.279 seconds
[2023-11-03T19:51:02.260+0000] {processor.py:157} INFO - Started process (PID=34504) to work on /home/airflow/.local/lib/python3.8/site-packages/airflow/example_dags/example_branch_operator_decorator.py
[2023-11-03T19:51:02.264+0000] {processor.py:829} INFO - Processing file /home/airflow/.local/lib/python3.8/site-packages/airflow/example_dags/example_branch_operator_decorator.py for tasks to queue
[2023-11-03T19:51:02.273+0000] {logging_mixin.py:151} INFO - [2023-11-03T19:51:02.271+0000] {dagbag.py:536} INFO - Filling up the DagBag from /home/airflow/.local/lib/python3.8/site-packages/airflow/example_dags/example_branch_operator_decorator.py
[2023-11-03T19:51:02.301+0000] {processor.py:839} INFO - DAG(s) dict_keys(['example_branch_python_operator_decorator']) retrieved from /home/airflow/.local/lib/python3.8/site-packages/airflow/example_dags/example_branch_operator_decorator.py
[2023-11-03T19:51:02.361+0000] {logging_mixin.py:151} INFO - [2023-11-03T19:51:02.360+0000] {dag.py:2941} INFO - Sync 1 DAGs
[2023-11-03T19:51:02.433+0000] {logging_mixin.py:151} INFO - [2023-11-03T19:51:02.432+0000] {dag.py:3722} INFO - Setting next_dagrun for example_branch_python_operator_decorator to 2023-11-02T00:00:00+00:00, run_after=2023-11-03T00:00:00+00:00
[2023-11-03T19:51:02.492+0000] {processor.py:179} INFO - Processing /home/airflow/.local/lib/python3.8/site-packages/airflow/example_dags/example_branch_operator_decorator.py took 0.249 seconds
[2023-11-03T19:51:33.105+0000] {processor.py:157} INFO - Started process (PID=34566) to work on /home/airflow/.local/lib/python3.8/site-packages/airflow/example_dags/example_branch_operator_decorator.py
[2023-11-03T19:51:33.109+0000] {processor.py:829} INFO - Processing file /home/airflow/.local/lib/python3.8/site-packages/airflow/example_dags/example_branch_operator_decorator.py for tasks to queue
[2023-11-03T19:51:33.120+0000] {logging_mixin.py:151} INFO - [2023-11-03T19:51:33.118+0000] {dagbag.py:536} INFO - Filling up the DagBag from /home/airflow/.local/lib/python3.8/site-packages/airflow/example_dags/example_branch_operator_decorator.py
[2023-11-03T19:51:33.152+0000] {processor.py:839} INFO - DAG(s) dict_keys(['example_branch_python_operator_decorator']) retrieved from /home/airflow/.local/lib/python3.8/site-packages/airflow/example_dags/example_branch_operator_decorator.py
[2023-11-03T19:51:33.223+0000] {logging_mixin.py:151} INFO - [2023-11-03T19:51:33.222+0000] {dag.py:2941} INFO - Sync 1 DAGs
[2023-11-03T19:51:33.297+0000] {logging_mixin.py:151} INFO - [2023-11-03T19:51:33.296+0000] {dag.py:3722} INFO - Setting next_dagrun for example_branch_python_operator_decorator to 2023-11-02T00:00:00+00:00, run_after=2023-11-03T00:00:00+00:00
[2023-11-03T19:51:33.361+0000] {processor.py:179} INFO - Processing /home/airflow/.local/lib/python3.8/site-packages/airflow/example_dags/example_branch_operator_decorator.py took 0.270 seconds
[2023-11-03T19:52:05.005+0000] {processor.py:157} INFO - Started process (PID=34635) to work on /home/airflow/.local/lib/python3.8/site-packages/airflow/example_dags/example_branch_operator_decorator.py
[2023-11-03T19:52:05.008+0000] {processor.py:829} INFO - Processing file /home/airflow/.local/lib/python3.8/site-packages/airflow/example_dags/example_branch_operator_decorator.py for tasks to queue
[2023-11-03T19:52:05.016+0000] {logging_mixin.py:151} INFO - [2023-11-03T19:52:05.015+0000] {dagbag.py:536} INFO - Filling up the DagBag from /home/airflow/.local/lib/python3.8/site-packages/airflow/example_dags/example_branch_operator_decorator.py
[2023-11-03T19:52:05.049+0000] {processor.py:839} INFO - DAG(s) dict_keys(['example_branch_python_operator_decorator']) retrieved from /home/airflow/.local/lib/python3.8/site-packages/airflow/example_dags/example_branch_operator_decorator.py
[2023-11-03T19:52:05.135+0000] {logging_mixin.py:151} INFO - [2023-11-03T19:52:05.134+0000] {dag.py:2941} INFO - Sync 1 DAGs
[2023-11-03T19:52:05.207+0000] {logging_mixin.py:151} INFO - [2023-11-03T19:52:05.206+0000] {dag.py:3722} INFO - Setting next_dagrun for example_branch_python_operator_decorator to 2023-11-02T00:00:00+00:00, run_after=2023-11-03T00:00:00+00:00
[2023-11-03T19:52:05.276+0000] {processor.py:179} INFO - Processing /home/airflow/.local/lib/python3.8/site-packages/airflow/example_dags/example_branch_operator_decorator.py took 0.280 seconds
[2023-11-03T19:52:35.773+0000] {processor.py:157} INFO - Started process (PID=34697) to work on /home/airflow/.local/lib/python3.8/site-packages/airflow/example_dags/example_branch_operator_decorator.py
[2023-11-03T19:52:35.788+0000] {processor.py:829} INFO - Processing file /home/airflow/.local/lib/python3.8/site-packages/airflow/example_dags/example_branch_operator_decorator.py for tasks to queue
[2023-11-03T19:52:35.797+0000] {logging_mixin.py:151} INFO - [2023-11-03T19:52:35.795+0000] {dagbag.py:536} INFO - Filling up the DagBag from /home/airflow/.local/lib/python3.8/site-packages/airflow/example_dags/example_branch_operator_decorator.py
[2023-11-03T19:52:35.863+0000] {processor.py:839} INFO - DAG(s) dict_keys(['example_branch_python_operator_decorator']) retrieved from /home/airflow/.local/lib/python3.8/site-packages/airflow/example_dags/example_branch_operator_decorator.py
[2023-11-03T19:52:36.026+0000] {logging_mixin.py:151} INFO - [2023-11-03T19:52:36.025+0000] {dag.py:2941} INFO - Sync 1 DAGs
[2023-11-03T19:52:36.112+0000] {logging_mixin.py:151} INFO - [2023-11-03T19:52:36.111+0000] {dag.py:3722} INFO - Setting next_dagrun for example_branch_python_operator_decorator to 2023-11-02T00:00:00+00:00, run_after=2023-11-03T00:00:00+00:00
[2023-11-03T19:52:36.173+0000] {processor.py:179} INFO - Processing /home/airflow/.local/lib/python3.8/site-packages/airflow/example_dags/example_branch_operator_decorator.py took 0.420 seconds
[2023-11-03T19:53:06.484+0000] {processor.py:157} INFO - Started process (PID=34759) to work on /home/airflow/.local/lib/python3.8/site-packages/airflow/example_dags/example_branch_operator_decorator.py
[2023-11-03T19:53:06.486+0000] {processor.py:829} INFO - Processing file /home/airflow/.local/lib/python3.8/site-packages/airflow/example_dags/example_branch_operator_decorator.py for tasks to queue
[2023-11-03T19:53:06.493+0000] {logging_mixin.py:151} INFO - [2023-11-03T19:53:06.492+0000] {dagbag.py:536} INFO - Filling up the DagBag from /home/airflow/.local/lib/python3.8/site-packages/airflow/example_dags/example_branch_operator_decorator.py
[2023-11-03T19:53:06.520+0000] {processor.py:839} INFO - DAG(s) dict_keys(['example_branch_python_operator_decorator']) retrieved from /home/airflow/.local/lib/python3.8/site-packages/airflow/example_dags/example_branch_operator_decorator.py
[2023-11-03T19:53:06.607+0000] {logging_mixin.py:151} INFO - [2023-11-03T19:53:06.605+0000] {dag.py:2941} INFO - Sync 1 DAGs
[2023-11-03T19:53:06.681+0000] {logging_mixin.py:151} INFO - [2023-11-03T19:53:06.680+0000] {dag.py:3722} INFO - Setting next_dagrun for example_branch_python_operator_decorator to 2023-11-02T00:00:00+00:00, run_after=2023-11-03T00:00:00+00:00
[2023-11-03T19:53:06.752+0000] {processor.py:179} INFO - Processing /home/airflow/.local/lib/python3.8/site-packages/airflow/example_dags/example_branch_operator_decorator.py took 0.276 seconds
[2023-11-03T19:53:37.163+0000] {processor.py:157} INFO - Started process (PID=34821) to work on /home/airflow/.local/lib/python3.8/site-packages/airflow/example_dags/example_branch_operator_decorator.py
[2023-11-03T19:53:37.166+0000] {processor.py:829} INFO - Processing file /home/airflow/.local/lib/python3.8/site-packages/airflow/example_dags/example_branch_operator_decorator.py for tasks to queue
[2023-11-03T19:53:37.173+0000] {logging_mixin.py:151} INFO - [2023-11-03T19:53:37.171+0000] {dagbag.py:536} INFO - Filling up the DagBag from /home/airflow/.local/lib/python3.8/site-packages/airflow/example_dags/example_branch_operator_decorator.py
[2023-11-03T19:53:37.208+0000] {processor.py:839} INFO - DAG(s) dict_keys(['example_branch_python_operator_decorator']) retrieved from /home/airflow/.local/lib/python3.8/site-packages/airflow/example_dags/example_branch_operator_decorator.py
[2023-11-03T19:53:37.281+0000] {logging_mixin.py:151} INFO - [2023-11-03T19:53:37.281+0000] {dag.py:2941} INFO - Sync 1 DAGs
[2023-11-03T19:53:37.372+0000] {logging_mixin.py:151} INFO - [2023-11-03T19:53:37.371+0000] {dag.py:3722} INFO - Setting next_dagrun for example_branch_python_operator_decorator to 2023-11-02T00:00:00+00:00, run_after=2023-11-03T00:00:00+00:00
[2023-11-03T19:53:37.464+0000] {processor.py:179} INFO - Processing /home/airflow/.local/lib/python3.8/site-packages/airflow/example_dags/example_branch_operator_decorator.py took 0.309 seconds
[2023-11-03T19:54:08.946+0000] {processor.py:157} INFO - Started process (PID=34883) to work on /home/airflow/.local/lib/python3.8/site-packages/airflow/example_dags/example_branch_operator_decorator.py
[2023-11-03T19:54:08.950+0000] {processor.py:829} INFO - Processing file /home/airflow/.local/lib/python3.8/site-packages/airflow/example_dags/example_branch_operator_decorator.py for tasks to queue
[2023-11-03T19:54:08.961+0000] {logging_mixin.py:151} INFO - [2023-11-03T19:54:08.959+0000] {dagbag.py:536} INFO - Filling up the DagBag from /home/airflow/.local/lib/python3.8/site-packages/airflow/example_dags/example_branch_operator_decorator.py
[2023-11-03T19:54:08.997+0000] {processor.py:839} INFO - DAG(s) dict_keys(['example_branch_python_operator_decorator']) retrieved from /home/airflow/.local/lib/python3.8/site-packages/airflow/example_dags/example_branch_operator_decorator.py
[2023-11-03T19:54:09.090+0000] {logging_mixin.py:151} INFO - [2023-11-03T19:54:09.089+0000] {dag.py:2941} INFO - Sync 1 DAGs
[2023-11-03T19:54:09.163+0000] {logging_mixin.py:151} INFO - [2023-11-03T19:54:09.163+0000] {dag.py:3722} INFO - Setting next_dagrun for example_branch_python_operator_decorator to 2023-11-02T00:00:00+00:00, run_after=2023-11-03T00:00:00+00:00
[2023-11-03T19:54:09.237+0000] {processor.py:179} INFO - Processing /home/airflow/.local/lib/python3.8/site-packages/airflow/example_dags/example_branch_operator_decorator.py took 0.304 seconds
[2023-11-03T19:54:39.377+0000] {processor.py:157} INFO - Started process (PID=34945) to work on /home/airflow/.local/lib/python3.8/site-packages/airflow/example_dags/example_branch_operator_decorator.py
[2023-11-03T19:54:39.380+0000] {processor.py:829} INFO - Processing file /home/airflow/.local/lib/python3.8/site-packages/airflow/example_dags/example_branch_operator_decorator.py for tasks to queue
[2023-11-03T19:54:39.391+0000] {logging_mixin.py:151} INFO - [2023-11-03T19:54:39.389+0000] {dagbag.py:536} INFO - Filling up the DagBag from /home/airflow/.local/lib/python3.8/site-packages/airflow/example_dags/example_branch_operator_decorator.py
[2023-11-03T19:54:39.433+0000] {processor.py:839} INFO - DAG(s) dict_keys(['example_branch_python_operator_decorator']) retrieved from /home/airflow/.local/lib/python3.8/site-packages/airflow/example_dags/example_branch_operator_decorator.py
[2023-11-03T19:54:39.504+0000] {logging_mixin.py:151} INFO - [2023-11-03T19:54:39.503+0000] {dag.py:2941} INFO - Sync 1 DAGs
[2023-11-03T19:54:39.579+0000] {logging_mixin.py:151} INFO - [2023-11-03T19:54:39.578+0000] {dag.py:3722} INFO - Setting next_dagrun for example_branch_python_operator_decorator to 2023-11-02T00:00:00+00:00, run_after=2023-11-03T00:00:00+00:00
[2023-11-03T19:54:39.637+0000] {processor.py:179} INFO - Processing /home/airflow/.local/lib/python3.8/site-packages/airflow/example_dags/example_branch_operator_decorator.py took 0.271 seconds
[2023-11-03T19:55:10.585+0000] {processor.py:157} INFO - Started process (PID=35007) to work on /home/airflow/.local/lib/python3.8/site-packages/airflow/example_dags/example_branch_operator_decorator.py
[2023-11-03T19:55:10.589+0000] {processor.py:829} INFO - Processing file /home/airflow/.local/lib/python3.8/site-packages/airflow/example_dags/example_branch_operator_decorator.py for tasks to queue
[2023-11-03T19:55:10.598+0000] {logging_mixin.py:151} INFO - [2023-11-03T19:55:10.596+0000] {dagbag.py:536} INFO - Filling up the DagBag from /home/airflow/.local/lib/python3.8/site-packages/airflow/example_dags/example_branch_operator_decorator.py
[2023-11-03T19:55:10.631+0000] {processor.py:839} INFO - DAG(s) dict_keys(['example_branch_python_operator_decorator']) retrieved from /home/airflow/.local/lib/python3.8/site-packages/airflow/example_dags/example_branch_operator_decorator.py
[2023-11-03T19:55:10.698+0000] {logging_mixin.py:151} INFO - [2023-11-03T19:55:10.697+0000] {dag.py:2941} INFO - Sync 1 DAGs
[2023-11-03T19:55:10.772+0000] {logging_mixin.py:151} INFO - [2023-11-03T19:55:10.771+0000] {dag.py:3722} INFO - Setting next_dagrun for example_branch_python_operator_decorator to 2023-11-02T00:00:00+00:00, run_after=2023-11-03T00:00:00+00:00
[2023-11-03T19:55:10.833+0000] {processor.py:179} INFO - Processing /home/airflow/.local/lib/python3.8/site-packages/airflow/example_dags/example_branch_operator_decorator.py took 0.258 seconds
[2023-11-03T19:55:41.323+0000] {processor.py:157} INFO - Started process (PID=35069) to work on /home/airflow/.local/lib/python3.8/site-packages/airflow/example_dags/example_branch_operator_decorator.py
[2023-11-03T19:55:41.326+0000] {processor.py:829} INFO - Processing file /home/airflow/.local/lib/python3.8/site-packages/airflow/example_dags/example_branch_operator_decorator.py for tasks to queue
[2023-11-03T19:55:41.333+0000] {logging_mixin.py:151} INFO - [2023-11-03T19:55:41.331+0000] {dagbag.py:536} INFO - Filling up the DagBag from /home/airflow/.local/lib/python3.8/site-packages/airflow/example_dags/example_branch_operator_decorator.py
[2023-11-03T19:55:41.362+0000] {processor.py:839} INFO - DAG(s) dict_keys(['example_branch_python_operator_decorator']) retrieved from /home/airflow/.local/lib/python3.8/site-packages/airflow/example_dags/example_branch_operator_decorator.py
[2023-11-03T19:55:41.422+0000] {logging_mixin.py:151} INFO - [2023-11-03T19:55:41.422+0000] {dag.py:2941} INFO - Sync 1 DAGs
[2023-11-03T19:55:41.486+0000] {logging_mixin.py:151} INFO - [2023-11-03T19:55:41.486+0000] {dag.py:3722} INFO - Setting next_dagrun for example_branch_python_operator_decorator to 2023-11-02T00:00:00+00:00, run_after=2023-11-03T00:00:00+00:00
[2023-11-03T19:55:41.547+0000] {processor.py:179} INFO - Processing /home/airflow/.local/lib/python3.8/site-packages/airflow/example_dags/example_branch_operator_decorator.py took 0.233 seconds
[2023-11-03T19:56:11.749+0000] {processor.py:157} INFO - Started process (PID=35131) to work on /home/airflow/.local/lib/python3.8/site-packages/airflow/example_dags/example_branch_operator_decorator.py
[2023-11-03T19:56:11.756+0000] {processor.py:829} INFO - Processing file /home/airflow/.local/lib/python3.8/site-packages/airflow/example_dags/example_branch_operator_decorator.py for tasks to queue
[2023-11-03T19:56:11.769+0000] {logging_mixin.py:151} INFO - [2023-11-03T19:56:11.767+0000] {dagbag.py:536} INFO - Filling up the DagBag from /home/airflow/.local/lib/python3.8/site-packages/airflow/example_dags/example_branch_operator_decorator.py
[2023-11-03T19:56:11.812+0000] {processor.py:839} INFO - DAG(s) dict_keys(['example_branch_python_operator_decorator']) retrieved from /home/airflow/.local/lib/python3.8/site-packages/airflow/example_dags/example_branch_operator_decorator.py
[2023-11-03T19:56:11.931+0000] {logging_mixin.py:151} INFO - [2023-11-03T19:56:11.930+0000] {dag.py:2941} INFO - Sync 1 DAGs
[2023-11-03T19:56:12.034+0000] {logging_mixin.py:151} INFO - [2023-11-03T19:56:12.033+0000] {dag.py:3722} INFO - Setting next_dagrun for example_branch_python_operator_decorator to 2023-11-02T00:00:00+00:00, run_after=2023-11-03T00:00:00+00:00
[2023-11-03T19:56:12.095+0000] {processor.py:179} INFO - Processing /home/airflow/.local/lib/python3.8/site-packages/airflow/example_dags/example_branch_operator_decorator.py took 0.356 seconds
[2023-11-03T19:56:42.632+0000] {processor.py:157} INFO - Started process (PID=35193) to work on /home/airflow/.local/lib/python3.8/site-packages/airflow/example_dags/example_branch_operator_decorator.py
[2023-11-03T19:56:42.635+0000] {processor.py:829} INFO - Processing file /home/airflow/.local/lib/python3.8/site-packages/airflow/example_dags/example_branch_operator_decorator.py for tasks to queue
[2023-11-03T19:56:42.643+0000] {logging_mixin.py:151} INFO - [2023-11-03T19:56:42.642+0000] {dagbag.py:536} INFO - Filling up the DagBag from /home/airflow/.local/lib/python3.8/site-packages/airflow/example_dags/example_branch_operator_decorator.py
[2023-11-03T19:56:42.671+0000] {processor.py:839} INFO - DAG(s) dict_keys(['example_branch_python_operator_decorator']) retrieved from /home/airflow/.local/lib/python3.8/site-packages/airflow/example_dags/example_branch_operator_decorator.py
[2023-11-03T19:56:42.737+0000] {logging_mixin.py:151} INFO - [2023-11-03T19:56:42.737+0000] {dag.py:2941} INFO - Sync 1 DAGs
[2023-11-03T19:56:42.810+0000] {logging_mixin.py:151} INFO - [2023-11-03T19:56:42.809+0000] {dag.py:3722} INFO - Setting next_dagrun for example_branch_python_operator_decorator to 2023-11-02T00:00:00+00:00, run_after=2023-11-03T00:00:00+00:00
[2023-11-03T19:56:42.871+0000] {processor.py:179} INFO - Processing /home/airflow/.local/lib/python3.8/site-packages/airflow/example_dags/example_branch_operator_decorator.py took 0.247 seconds
[2023-11-03T19:57:13.077+0000] {processor.py:157} INFO - Started process (PID=35255) to work on /home/airflow/.local/lib/python3.8/site-packages/airflow/example_dags/example_branch_operator_decorator.py
[2023-11-03T19:57:13.081+0000] {processor.py:829} INFO - Processing file /home/airflow/.local/lib/python3.8/site-packages/airflow/example_dags/example_branch_operator_decorator.py for tasks to queue
[2023-11-03T19:57:13.093+0000] {logging_mixin.py:151} INFO - [2023-11-03T19:57:13.091+0000] {dagbag.py:536} INFO - Filling up the DagBag from /home/airflow/.local/lib/python3.8/site-packages/airflow/example_dags/example_branch_operator_decorator.py
[2023-11-03T19:57:13.119+0000] {processor.py:839} INFO - DAG(s) dict_keys(['example_branch_python_operator_decorator']) retrieved from /home/airflow/.local/lib/python3.8/site-packages/airflow/example_dags/example_branch_operator_decorator.py
[2023-11-03T19:57:13.201+0000] {logging_mixin.py:151} INFO - [2023-11-03T19:57:13.200+0000] {dag.py:2941} INFO - Sync 1 DAGs
[2023-11-03T19:57:13.277+0000] {logging_mixin.py:151} INFO - [2023-11-03T19:57:13.276+0000] {dag.py:3722} INFO - Setting next_dagrun for example_branch_python_operator_decorator to 2023-11-02T00:00:00+00:00, run_after=2023-11-03T00:00:00+00:00
[2023-11-03T19:57:13.334+0000] {processor.py:179} INFO - Processing /home/airflow/.local/lib/python3.8/site-packages/airflow/example_dags/example_branch_operator_decorator.py took 0.271 seconds
[2023-11-03T19:57:44.163+0000] {processor.py:157} INFO - Started process (PID=35317) to work on /home/airflow/.local/lib/python3.8/site-packages/airflow/example_dags/example_branch_operator_decorator.py
[2023-11-03T19:57:44.166+0000] {processor.py:829} INFO - Processing file /home/airflow/.local/lib/python3.8/site-packages/airflow/example_dags/example_branch_operator_decorator.py for tasks to queue
[2023-11-03T19:57:44.174+0000] {logging_mixin.py:151} INFO - [2023-11-03T19:57:44.173+0000] {dagbag.py:536} INFO - Filling up the DagBag from /home/airflow/.local/lib/python3.8/site-packages/airflow/example_dags/example_branch_operator_decorator.py
[2023-11-03T19:57:44.205+0000] {processor.py:839} INFO - DAG(s) dict_keys(['example_branch_python_operator_decorator']) retrieved from /home/airflow/.local/lib/python3.8/site-packages/airflow/example_dags/example_branch_operator_decorator.py
[2023-11-03T19:57:44.267+0000] {logging_mixin.py:151} INFO - [2023-11-03T19:57:44.266+0000] {dag.py:2941} INFO - Sync 1 DAGs
[2023-11-03T19:57:44.354+0000] {logging_mixin.py:151} INFO - [2023-11-03T19:57:44.354+0000] {dag.py:3722} INFO - Setting next_dagrun for example_branch_python_operator_decorator to 2023-11-02T00:00:00+00:00, run_after=2023-11-03T00:00:00+00:00
[2023-11-03T19:57:44.439+0000] {processor.py:179} INFO - Processing /home/airflow/.local/lib/python3.8/site-packages/airflow/example_dags/example_branch_operator_decorator.py took 0.286 seconds
[2023-11-03T19:58:15.474+0000] {processor.py:157} INFO - Started process (PID=35379) to work on /home/airflow/.local/lib/python3.8/site-packages/airflow/example_dags/example_branch_operator_decorator.py
[2023-11-03T19:58:15.477+0000] {processor.py:829} INFO - Processing file /home/airflow/.local/lib/python3.8/site-packages/airflow/example_dags/example_branch_operator_decorator.py for tasks to queue
[2023-11-03T19:58:15.488+0000] {logging_mixin.py:151} INFO - [2023-11-03T19:58:15.486+0000] {dagbag.py:536} INFO - Filling up the DagBag from /home/airflow/.local/lib/python3.8/site-packages/airflow/example_dags/example_branch_operator_decorator.py
[2023-11-03T19:58:15.519+0000] {processor.py:839} INFO - DAG(s) dict_keys(['example_branch_python_operator_decorator']) retrieved from /home/airflow/.local/lib/python3.8/site-packages/airflow/example_dags/example_branch_operator_decorator.py
[2023-11-03T19:58:15.593+0000] {logging_mixin.py:151} INFO - [2023-11-03T19:58:15.593+0000] {dag.py:2941} INFO - Sync 1 DAGs
[2023-11-03T19:58:15.664+0000] {logging_mixin.py:151} INFO - [2023-11-03T19:58:15.664+0000] {dag.py:3722} INFO - Setting next_dagrun for example_branch_python_operator_decorator to 2023-11-02T00:00:00+00:00, run_after=2023-11-03T00:00:00+00:00
[2023-11-03T19:58:15.790+0000] {processor.py:179} INFO - Processing /home/airflow/.local/lib/python3.8/site-packages/airflow/example_dags/example_branch_operator_decorator.py took 0.326 seconds
[2023-11-03T19:58:45.987+0000] {processor.py:157} INFO - Started process (PID=35441) to work on /home/airflow/.local/lib/python3.8/site-packages/airflow/example_dags/example_branch_operator_decorator.py
[2023-11-03T19:58:45.989+0000] {processor.py:829} INFO - Processing file /home/airflow/.local/lib/python3.8/site-packages/airflow/example_dags/example_branch_operator_decorator.py for tasks to queue
[2023-11-03T19:58:45.995+0000] {logging_mixin.py:151} INFO - [2023-11-03T19:58:45.994+0000] {dagbag.py:536} INFO - Filling up the DagBag from /home/airflow/.local/lib/python3.8/site-packages/airflow/example_dags/example_branch_operator_decorator.py
[2023-11-03T19:58:46.024+0000] {processor.py:839} INFO - DAG(s) dict_keys(['example_branch_python_operator_decorator']) retrieved from /home/airflow/.local/lib/python3.8/site-packages/airflow/example_dags/example_branch_operator_decorator.py
[2023-11-03T19:58:46.082+0000] {logging_mixin.py:151} INFO - [2023-11-03T19:58:46.082+0000] {dag.py:2941} INFO - Sync 1 DAGs
[2023-11-03T19:58:46.136+0000] {logging_mixin.py:151} INFO - [2023-11-03T19:58:46.136+0000] {dag.py:3722} INFO - Setting next_dagrun for example_branch_python_operator_decorator to 2023-11-02T00:00:00+00:00, run_after=2023-11-03T00:00:00+00:00
[2023-11-03T19:58:46.187+0000] {processor.py:179} INFO - Processing /home/airflow/.local/lib/python3.8/site-packages/airflow/example_dags/example_branch_operator_decorator.py took 0.208 seconds
[2023-11-03T19:59:16.921+0000] {processor.py:157} INFO - Started process (PID=35503) to work on /home/airflow/.local/lib/python3.8/site-packages/airflow/example_dags/example_branch_operator_decorator.py
[2023-11-03T19:59:16.924+0000] {processor.py:829} INFO - Processing file /home/airflow/.local/lib/python3.8/site-packages/airflow/example_dags/example_branch_operator_decorator.py for tasks to queue
[2023-11-03T19:59:16.932+0000] {logging_mixin.py:151} INFO - [2023-11-03T19:59:16.931+0000] {dagbag.py:536} INFO - Filling up the DagBag from /home/airflow/.local/lib/python3.8/site-packages/airflow/example_dags/example_branch_operator_decorator.py
[2023-11-03T19:59:16.961+0000] {processor.py:839} INFO - DAG(s) dict_keys(['example_branch_python_operator_decorator']) retrieved from /home/airflow/.local/lib/python3.8/site-packages/airflow/example_dags/example_branch_operator_decorator.py
[2023-11-03T19:59:17.023+0000] {logging_mixin.py:151} INFO - [2023-11-03T19:59:17.023+0000] {dag.py:2941} INFO - Sync 1 DAGs
[2023-11-03T19:59:17.092+0000] {logging_mixin.py:151} INFO - [2023-11-03T19:59:17.091+0000] {dag.py:3722} INFO - Setting next_dagrun for example_branch_python_operator_decorator to 2023-11-02T00:00:00+00:00, run_after=2023-11-03T00:00:00+00:00
[2023-11-03T19:59:17.149+0000] {processor.py:179} INFO - Processing /home/airflow/.local/lib/python3.8/site-packages/airflow/example_dags/example_branch_operator_decorator.py took 0.241 seconds
[2023-11-03T19:59:47.341+0000] {processor.py:157} INFO - Started process (PID=35565) to work on /home/airflow/.local/lib/python3.8/site-packages/airflow/example_dags/example_branch_operator_decorator.py
[2023-11-03T19:59:47.344+0000] {processor.py:829} INFO - Processing file /home/airflow/.local/lib/python3.8/site-packages/airflow/example_dags/example_branch_operator_decorator.py for tasks to queue
[2023-11-03T19:59:47.351+0000] {logging_mixin.py:151} INFO - [2023-11-03T19:59:47.349+0000] {dagbag.py:536} INFO - Filling up the DagBag from /home/airflow/.local/lib/python3.8/site-packages/airflow/example_dags/example_branch_operator_decorator.py
[2023-11-03T19:59:47.382+0000] {processor.py:839} INFO - DAG(s) dict_keys(['example_branch_python_operator_decorator']) retrieved from /home/airflow/.local/lib/python3.8/site-packages/airflow/example_dags/example_branch_operator_decorator.py
[2023-11-03T19:59:47.450+0000] {logging_mixin.py:151} INFO - [2023-11-03T19:59:47.450+0000] {dag.py:2941} INFO - Sync 1 DAGs
[2023-11-03T19:59:47.546+0000] {logging_mixin.py:151} INFO - [2023-11-03T19:59:47.545+0000] {dag.py:3722} INFO - Setting next_dagrun for example_branch_python_operator_decorator to 2023-11-02T00:00:00+00:00, run_after=2023-11-03T00:00:00+00:00
[2023-11-03T19:59:47.616+0000] {processor.py:179} INFO - Processing /home/airflow/.local/lib/python3.8/site-packages/airflow/example_dags/example_branch_operator_decorator.py took 0.286 seconds
[2023-11-03T20:00:18.631+0000] {processor.py:157} INFO - Started process (PID=35627) to work on /home/airflow/.local/lib/python3.8/site-packages/airflow/example_dags/example_branch_operator_decorator.py
[2023-11-03T20:00:18.634+0000] {processor.py:829} INFO - Processing file /home/airflow/.local/lib/python3.8/site-packages/airflow/example_dags/example_branch_operator_decorator.py for tasks to queue
[2023-11-03T20:00:18.640+0000] {logging_mixin.py:151} INFO - [2023-11-03T20:00:18.639+0000] {dagbag.py:536} INFO - Filling up the DagBag from /home/airflow/.local/lib/python3.8/site-packages/airflow/example_dags/example_branch_operator_decorator.py
[2023-11-03T20:00:18.666+0000] {processor.py:839} INFO - DAG(s) dict_keys(['example_branch_python_operator_decorator']) retrieved from /home/airflow/.local/lib/python3.8/site-packages/airflow/example_dags/example_branch_operator_decorator.py
[2023-11-03T20:00:18.727+0000] {logging_mixin.py:151} INFO - [2023-11-03T20:00:18.726+0000] {dag.py:2941} INFO - Sync 1 DAGs
[2023-11-03T20:00:18.792+0000] {logging_mixin.py:151} INFO - [2023-11-03T20:00:18.792+0000] {dag.py:3722} INFO - Setting next_dagrun for example_branch_python_operator_decorator to 2023-11-02T00:00:00+00:00, run_after=2023-11-03T00:00:00+00:00
[2023-11-03T20:00:18.861+0000] {processor.py:179} INFO - Processing /home/airflow/.local/lib/python3.8/site-packages/airflow/example_dags/example_branch_operator_decorator.py took 0.243 seconds
[2023-11-03T20:00:50.095+0000] {processor.py:157} INFO - Started process (PID=35689) to work on /home/airflow/.local/lib/python3.8/site-packages/airflow/example_dags/example_branch_operator_decorator.py
[2023-11-03T20:00:50.098+0000] {processor.py:829} INFO - Processing file /home/airflow/.local/lib/python3.8/site-packages/airflow/example_dags/example_branch_operator_decorator.py for tasks to queue
[2023-11-03T20:00:50.106+0000] {logging_mixin.py:151} INFO - [2023-11-03T20:00:50.104+0000] {dagbag.py:536} INFO - Filling up the DagBag from /home/airflow/.local/lib/python3.8/site-packages/airflow/example_dags/example_branch_operator_decorator.py
[2023-11-03T20:00:50.134+0000] {processor.py:839} INFO - DAG(s) dict_keys(['example_branch_python_operator_decorator']) retrieved from /home/airflow/.local/lib/python3.8/site-packages/airflow/example_dags/example_branch_operator_decorator.py
[2023-11-03T20:00:50.198+0000] {logging_mixin.py:151} INFO - [2023-11-03T20:00:50.197+0000] {dag.py:2941} INFO - Sync 1 DAGs
[2023-11-03T20:00:50.277+0000] {logging_mixin.py:151} INFO - [2023-11-03T20:00:50.277+0000] {dag.py:3722} INFO - Setting next_dagrun for example_branch_python_operator_decorator to 2023-11-02T00:00:00+00:00, run_after=2023-11-03T00:00:00+00:00
[2023-11-03T20:00:50.345+0000] {processor.py:179} INFO - Processing /home/airflow/.local/lib/python3.8/site-packages/airflow/example_dags/example_branch_operator_decorator.py took 0.256 seconds
[2023-11-03T20:01:21.232+0000] {processor.py:157} INFO - Started process (PID=35751) to work on /home/airflow/.local/lib/python3.8/site-packages/airflow/example_dags/example_branch_operator_decorator.py
[2023-11-03T20:01:21.236+0000] {processor.py:829} INFO - Processing file /home/airflow/.local/lib/python3.8/site-packages/airflow/example_dags/example_branch_operator_decorator.py for tasks to queue
[2023-11-03T20:01:21.247+0000] {logging_mixin.py:151} INFO - [2023-11-03T20:01:21.246+0000] {dagbag.py:536} INFO - Filling up the DagBag from /home/airflow/.local/lib/python3.8/site-packages/airflow/example_dags/example_branch_operator_decorator.py
[2023-11-03T20:01:21.283+0000] {processor.py:839} INFO - DAG(s) dict_keys(['example_branch_python_operator_decorator']) retrieved from /home/airflow/.local/lib/python3.8/site-packages/airflow/example_dags/example_branch_operator_decorator.py
[2023-11-03T20:01:21.344+0000] {logging_mixin.py:151} INFO - [2023-11-03T20:01:21.343+0000] {dag.py:2941} INFO - Sync 1 DAGs
[2023-11-03T20:01:21.427+0000] {logging_mixin.py:151} INFO - [2023-11-03T20:01:21.426+0000] {dag.py:3722} INFO - Setting next_dagrun for example_branch_python_operator_decorator to 2023-11-02T00:00:00+00:00, run_after=2023-11-03T00:00:00+00:00
[2023-11-03T20:01:21.491+0000] {processor.py:179} INFO - Processing /home/airflow/.local/lib/python3.8/site-packages/airflow/example_dags/example_branch_operator_decorator.py took 0.273 seconds
[2023-11-03T20:01:52.258+0000] {processor.py:157} INFO - Started process (PID=35813) to work on /home/airflow/.local/lib/python3.8/site-packages/airflow/example_dags/example_branch_operator_decorator.py
[2023-11-03T20:01:52.262+0000] {processor.py:829} INFO - Processing file /home/airflow/.local/lib/python3.8/site-packages/airflow/example_dags/example_branch_operator_decorator.py for tasks to queue
[2023-11-03T20:01:52.271+0000] {logging_mixin.py:151} INFO - [2023-11-03T20:01:52.269+0000] {dagbag.py:536} INFO - Filling up the DagBag from /home/airflow/.local/lib/python3.8/site-packages/airflow/example_dags/example_branch_operator_decorator.py
[2023-11-03T20:01:52.310+0000] {processor.py:839} INFO - DAG(s) dict_keys(['example_branch_python_operator_decorator']) retrieved from /home/airflow/.local/lib/python3.8/site-packages/airflow/example_dags/example_branch_operator_decorator.py
[2023-11-03T20:01:52.379+0000] {logging_mixin.py:151} INFO - [2023-11-03T20:01:52.378+0000] {dag.py:2941} INFO - Sync 1 DAGs
[2023-11-03T20:01:52.496+0000] {logging_mixin.py:151} INFO - [2023-11-03T20:01:52.495+0000] {dag.py:3722} INFO - Setting next_dagrun for example_branch_python_operator_decorator to 2023-11-02T00:00:00+00:00, run_after=2023-11-03T00:00:00+00:00
[2023-11-03T20:01:52.556+0000] {processor.py:179} INFO - Processing /home/airflow/.local/lib/python3.8/site-packages/airflow/example_dags/example_branch_operator_decorator.py took 0.312 seconds
[2023-11-03T20:02:22.825+0000] {processor.py:157} INFO - Started process (PID=35875) to work on /home/airflow/.local/lib/python3.8/site-packages/airflow/example_dags/example_branch_operator_decorator.py
[2023-11-03T20:02:22.827+0000] {processor.py:829} INFO - Processing file /home/airflow/.local/lib/python3.8/site-packages/airflow/example_dags/example_branch_operator_decorator.py for tasks to queue
[2023-11-03T20:02:22.836+0000] {logging_mixin.py:151} INFO - [2023-11-03T20:02:22.834+0000] {dagbag.py:536} INFO - Filling up the DagBag from /home/airflow/.local/lib/python3.8/site-packages/airflow/example_dags/example_branch_operator_decorator.py
[2023-11-03T20:02:22.865+0000] {processor.py:839} INFO - DAG(s) dict_keys(['example_branch_python_operator_decorator']) retrieved from /home/airflow/.local/lib/python3.8/site-packages/airflow/example_dags/example_branch_operator_decorator.py
[2023-11-03T20:02:22.942+0000] {logging_mixin.py:151} INFO - [2023-11-03T20:02:22.941+0000] {dag.py:2941} INFO - Sync 1 DAGs
[2023-11-03T20:02:23.008+0000] {logging_mixin.py:151} INFO - [2023-11-03T20:02:23.008+0000] {dag.py:3722} INFO - Setting next_dagrun for example_branch_python_operator_decorator to 2023-11-02T00:00:00+00:00, run_after=2023-11-03T00:00:00+00:00
[2023-11-03T20:02:23.061+0000] {processor.py:179} INFO - Processing /home/airflow/.local/lib/python3.8/site-packages/airflow/example_dags/example_branch_operator_decorator.py took 0.245 seconds
[2023-11-03T20:02:53.896+0000] {processor.py:157} INFO - Started process (PID=35937) to work on /home/airflow/.local/lib/python3.8/site-packages/airflow/example_dags/example_branch_operator_decorator.py
[2023-11-03T20:02:53.899+0000] {processor.py:829} INFO - Processing file /home/airflow/.local/lib/python3.8/site-packages/airflow/example_dags/example_branch_operator_decorator.py for tasks to queue
[2023-11-03T20:02:53.906+0000] {logging_mixin.py:151} INFO - [2023-11-03T20:02:53.905+0000] {dagbag.py:536} INFO - Filling up the DagBag from /home/airflow/.local/lib/python3.8/site-packages/airflow/example_dags/example_branch_operator_decorator.py
[2023-11-03T20:02:53.935+0000] {processor.py:839} INFO - DAG(s) dict_keys(['example_branch_python_operator_decorator']) retrieved from /home/airflow/.local/lib/python3.8/site-packages/airflow/example_dags/example_branch_operator_decorator.py
[2023-11-03T20:02:53.994+0000] {logging_mixin.py:151} INFO - [2023-11-03T20:02:53.993+0000] {dag.py:2941} INFO - Sync 1 DAGs
[2023-11-03T20:02:54.056+0000] {logging_mixin.py:151} INFO - [2023-11-03T20:02:54.055+0000] {dag.py:3722} INFO - Setting next_dagrun for example_branch_python_operator_decorator to 2023-11-02T00:00:00+00:00, run_after=2023-11-03T00:00:00+00:00
[2023-11-03T20:02:54.113+0000] {processor.py:179} INFO - Processing /home/airflow/.local/lib/python3.8/site-packages/airflow/example_dags/example_branch_operator_decorator.py took 0.223 seconds
[2023-11-03T20:03:25.546+0000] {processor.py:157} INFO - Started process (PID=36000) to work on /home/airflow/.local/lib/python3.8/site-packages/airflow/example_dags/example_branch_operator_decorator.py
[2023-11-03T20:03:25.549+0000] {processor.py:829} INFO - Processing file /home/airflow/.local/lib/python3.8/site-packages/airflow/example_dags/example_branch_operator_decorator.py for tasks to queue
[2023-11-03T20:03:25.556+0000] {logging_mixin.py:151} INFO - [2023-11-03T20:03:25.555+0000] {dagbag.py:536} INFO - Filling up the DagBag from /home/airflow/.local/lib/python3.8/site-packages/airflow/example_dags/example_branch_operator_decorator.py
[2023-11-03T20:03:25.586+0000] {processor.py:839} INFO - DAG(s) dict_keys(['example_branch_python_operator_decorator']) retrieved from /home/airflow/.local/lib/python3.8/site-packages/airflow/example_dags/example_branch_operator_decorator.py
[2023-11-03T20:03:25.655+0000] {logging_mixin.py:151} INFO - [2023-11-03T20:03:25.655+0000] {dag.py:2941} INFO - Sync 1 DAGs
[2023-11-03T20:03:25.730+0000] {logging_mixin.py:151} INFO - [2023-11-03T20:03:25.729+0000] {dag.py:3722} INFO - Setting next_dagrun for example_branch_python_operator_decorator to 2023-11-02T00:00:00+00:00, run_after=2023-11-03T00:00:00+00:00
[2023-11-03T20:03:25.785+0000] {processor.py:179} INFO - Processing /home/airflow/.local/lib/python3.8/site-packages/airflow/example_dags/example_branch_operator_decorator.py took 0.250 seconds
[2023-11-03T20:03:56.384+0000] {processor.py:157} INFO - Started process (PID=36063) to work on /home/airflow/.local/lib/python3.8/site-packages/airflow/example_dags/example_branch_operator_decorator.py
[2023-11-03T20:03:56.386+0000] {processor.py:829} INFO - Processing file /home/airflow/.local/lib/python3.8/site-packages/airflow/example_dags/example_branch_operator_decorator.py for tasks to queue
[2023-11-03T20:03:56.394+0000] {logging_mixin.py:151} INFO - [2023-11-03T20:03:56.392+0000] {dagbag.py:536} INFO - Filling up the DagBag from /home/airflow/.local/lib/python3.8/site-packages/airflow/example_dags/example_branch_operator_decorator.py
[2023-11-03T20:03:56.419+0000] {processor.py:839} INFO - DAG(s) dict_keys(['example_branch_python_operator_decorator']) retrieved from /home/airflow/.local/lib/python3.8/site-packages/airflow/example_dags/example_branch_operator_decorator.py
[2023-11-03T20:03:56.483+0000] {logging_mixin.py:151} INFO - [2023-11-03T20:03:56.482+0000] {dag.py:2941} INFO - Sync 1 DAGs
[2023-11-03T20:03:56.553+0000] {logging_mixin.py:151} INFO - [2023-11-03T20:03:56.552+0000] {dag.py:3722} INFO - Setting next_dagrun for example_branch_python_operator_decorator to 2023-11-02T00:00:00+00:00, run_after=2023-11-03T00:00:00+00:00
[2023-11-03T20:03:56.612+0000] {processor.py:179} INFO - Processing /home/airflow/.local/lib/python3.8/site-packages/airflow/example_dags/example_branch_operator_decorator.py took 0.236 seconds
[2023-11-03T20:04:27.370+0000] {processor.py:157} INFO - Started process (PID=36124) to work on /home/airflow/.local/lib/python3.8/site-packages/airflow/example_dags/example_branch_operator_decorator.py
[2023-11-03T20:04:27.372+0000] {processor.py:829} INFO - Processing file /home/airflow/.local/lib/python3.8/site-packages/airflow/example_dags/example_branch_operator_decorator.py for tasks to queue
[2023-11-03T20:04:27.382+0000] {logging_mixin.py:151} INFO - [2023-11-03T20:04:27.380+0000] {dagbag.py:536} INFO - Filling up the DagBag from /home/airflow/.local/lib/python3.8/site-packages/airflow/example_dags/example_branch_operator_decorator.py
[2023-11-03T20:04:27.424+0000] {processor.py:839} INFO - DAG(s) dict_keys(['example_branch_python_operator_decorator']) retrieved from /home/airflow/.local/lib/python3.8/site-packages/airflow/example_dags/example_branch_operator_decorator.py
[2023-11-03T20:04:27.519+0000] {logging_mixin.py:151} INFO - [2023-11-03T20:04:27.518+0000] {dag.py:2941} INFO - Sync 1 DAGs
[2023-11-03T20:04:27.605+0000] {logging_mixin.py:151} INFO - [2023-11-03T20:04:27.604+0000] {dag.py:3722} INFO - Setting next_dagrun for example_branch_python_operator_decorator to 2023-11-02T00:00:00+00:00, run_after=2023-11-03T00:00:00+00:00
[2023-11-03T20:04:27.665+0000] {processor.py:179} INFO - Processing /home/airflow/.local/lib/python3.8/site-packages/airflow/example_dags/example_branch_operator_decorator.py took 0.304 seconds
[2023-11-03T20:04:58.032+0000] {processor.py:157} INFO - Started process (PID=36186) to work on /home/airflow/.local/lib/python3.8/site-packages/airflow/example_dags/example_branch_operator_decorator.py
[2023-11-03T20:04:58.035+0000] {processor.py:829} INFO - Processing file /home/airflow/.local/lib/python3.8/site-packages/airflow/example_dags/example_branch_operator_decorator.py for tasks to queue
[2023-11-03T20:04:58.042+0000] {logging_mixin.py:151} INFO - [2023-11-03T20:04:58.040+0000] {dagbag.py:536} INFO - Filling up the DagBag from /home/airflow/.local/lib/python3.8/site-packages/airflow/example_dags/example_branch_operator_decorator.py
[2023-11-03T20:04:58.070+0000] {processor.py:839} INFO - DAG(s) dict_keys(['example_branch_python_operator_decorator']) retrieved from /home/airflow/.local/lib/python3.8/site-packages/airflow/example_dags/example_branch_operator_decorator.py
[2023-11-03T20:04:58.139+0000] {logging_mixin.py:151} INFO - [2023-11-03T20:04:58.139+0000] {dag.py:2941} INFO - Sync 1 DAGs
[2023-11-03T20:04:58.217+0000] {logging_mixin.py:151} INFO - [2023-11-03T20:04:58.217+0000] {dag.py:3722} INFO - Setting next_dagrun for example_branch_python_operator_decorator to 2023-11-02T00:00:00+00:00, run_after=2023-11-03T00:00:00+00:00
[2023-11-03T20:04:58.272+0000] {processor.py:179} INFO - Processing /home/airflow/.local/lib/python3.8/site-packages/airflow/example_dags/example_branch_operator_decorator.py took 0.250 seconds
[2023-11-03T20:05:28.928+0000] {processor.py:157} INFO - Started process (PID=36248) to work on /home/airflow/.local/lib/python3.8/site-packages/airflow/example_dags/example_branch_operator_decorator.py
[2023-11-03T20:05:28.931+0000] {processor.py:829} INFO - Processing file /home/airflow/.local/lib/python3.8/site-packages/airflow/example_dags/example_branch_operator_decorator.py for tasks to queue
[2023-11-03T20:05:28.938+0000] {logging_mixin.py:151} INFO - [2023-11-03T20:05:28.937+0000] {dagbag.py:536} INFO - Filling up the DagBag from /home/airflow/.local/lib/python3.8/site-packages/airflow/example_dags/example_branch_operator_decorator.py
[2023-11-03T20:05:28.966+0000] {processor.py:839} INFO - DAG(s) dict_keys(['example_branch_python_operator_decorator']) retrieved from /home/airflow/.local/lib/python3.8/site-packages/airflow/example_dags/example_branch_operator_decorator.py
[2023-11-03T20:05:29.031+0000] {logging_mixin.py:151} INFO - [2023-11-03T20:05:29.031+0000] {dag.py:2941} INFO - Sync 1 DAGs
[2023-11-03T20:05:29.096+0000] {logging_mixin.py:151} INFO - [2023-11-03T20:05:29.095+0000] {dag.py:3722} INFO - Setting next_dagrun for example_branch_python_operator_decorator to 2023-11-02T00:00:00+00:00, run_after=2023-11-03T00:00:00+00:00
[2023-11-03T20:05:29.157+0000] {processor.py:179} INFO - Processing /home/airflow/.local/lib/python3.8/site-packages/airflow/example_dags/example_branch_operator_decorator.py took 0.240 seconds
[2023-11-03T20:05:59.355+0000] {processor.py:157} INFO - Started process (PID=36310) to work on /home/airflow/.local/lib/python3.8/site-packages/airflow/example_dags/example_branch_operator_decorator.py
[2023-11-03T20:05:59.358+0000] {processor.py:829} INFO - Processing file /home/airflow/.local/lib/python3.8/site-packages/airflow/example_dags/example_branch_operator_decorator.py for tasks to queue
[2023-11-03T20:05:59.367+0000] {logging_mixin.py:151} INFO - [2023-11-03T20:05:59.366+0000] {dagbag.py:536} INFO - Filling up the DagBag from /home/airflow/.local/lib/python3.8/site-packages/airflow/example_dags/example_branch_operator_decorator.py
[2023-11-03T20:05:59.404+0000] {processor.py:839} INFO - DAG(s) dict_keys(['example_branch_python_operator_decorator']) retrieved from /home/airflow/.local/lib/python3.8/site-packages/airflow/example_dags/example_branch_operator_decorator.py
[2023-11-03T20:05:59.468+0000] {logging_mixin.py:151} INFO - [2023-11-03T20:05:59.468+0000] {dag.py:2941} INFO - Sync 1 DAGs
[2023-11-03T20:05:59.535+0000] {logging_mixin.py:151} INFO - [2023-11-03T20:05:59.535+0000] {dag.py:3722} INFO - Setting next_dagrun for example_branch_python_operator_decorator to 2023-11-02T00:00:00+00:00, run_after=2023-11-03T00:00:00+00:00
[2023-11-03T20:05:59.594+0000] {processor.py:179} INFO - Processing /home/airflow/.local/lib/python3.8/site-packages/airflow/example_dags/example_branch_operator_decorator.py took 0.247 seconds
