[2023-11-03T19:42:52.336+0000] {processor.py:157} INFO - Started process (PID=33514) to work on /home/airflow/.local/lib/python3.8/site-packages/airflow/example_dags/example_complex.py
[2023-11-03T19:42:52.338+0000] {processor.py:829} INFO - Processing file /home/airflow/.local/lib/python3.8/site-packages/airflow/example_dags/example_complex.py for tasks to queue
[2023-11-03T19:42:52.345+0000] {logging_mixin.py:151} INFO - [2023-11-03T19:42:52.344+0000] {dagbag.py:536} INFO - Filling up the DagBag from /home/airflow/.local/lib/python3.8/site-packages/airflow/example_dags/example_complex.py
[2023-11-03T19:42:52.375+0000] {processor.py:839} INFO - DAG(s) dict_keys(['example_complex']) retrieved from /home/airflow/.local/lib/python3.8/site-packages/airflow/example_dags/example_complex.py
[2023-11-03T19:42:52.458+0000] {logging_mixin.py:151} INFO - [2023-11-03T19:42:52.457+0000] {dag.py:2941} INFO - Sync 1 DAGs
[2023-11-03T19:42:52.925+0000] {logging_mixin.py:151} INFO - [2023-11-03T19:42:52.924+0000] {dag.py:3722} INFO - Setting next_dagrun for example_complex to None, run_after=None
[2023-11-03T19:42:52.991+0000] {processor.py:179} INFO - Processing /home/airflow/.local/lib/python3.8/site-packages/airflow/example_dags/example_complex.py took 0.663 seconds
[2023-11-03T19:43:23.894+0000] {processor.py:157} INFO - Started process (PID=33576) to work on /home/airflow/.local/lib/python3.8/site-packages/airflow/example_dags/example_complex.py
[2023-11-03T19:43:23.919+0000] {processor.py:829} INFO - Processing file /home/airflow/.local/lib/python3.8/site-packages/airflow/example_dags/example_complex.py for tasks to queue
[2023-11-03T19:43:23.927+0000] {logging_mixin.py:151} INFO - [2023-11-03T19:43:23.925+0000] {dagbag.py:536} INFO - Filling up the DagBag from /home/airflow/.local/lib/python3.8/site-packages/airflow/example_dags/example_complex.py
[2023-11-03T19:43:23.988+0000] {processor.py:839} INFO - DAG(s) dict_keys(['example_complex']) retrieved from /home/airflow/.local/lib/python3.8/site-packages/airflow/example_dags/example_complex.py
[2023-11-03T19:43:24.156+0000] {logging_mixin.py:151} INFO - [2023-11-03T19:43:24.155+0000] {dag.py:2941} INFO - Sync 1 DAGs
[2023-11-03T19:43:24.204+0000] {logging_mixin.py:151} INFO - [2023-11-03T19:43:24.203+0000] {dag.py:3722} INFO - Setting next_dagrun for example_complex to None, run_after=None
[2023-11-03T19:43:24.266+0000] {processor.py:179} INFO - Processing /home/airflow/.local/lib/python3.8/site-packages/airflow/example_dags/example_complex.py took 0.413 seconds
[2023-11-03T19:43:54.379+0000] {processor.py:157} INFO - Started process (PID=33638) to work on /home/airflow/.local/lib/python3.8/site-packages/airflow/example_dags/example_complex.py
[2023-11-03T19:43:54.382+0000] {processor.py:829} INFO - Processing file /home/airflow/.local/lib/python3.8/site-packages/airflow/example_dags/example_complex.py for tasks to queue
[2023-11-03T19:43:54.389+0000] {logging_mixin.py:151} INFO - [2023-11-03T19:43:54.388+0000] {dagbag.py:536} INFO - Filling up the DagBag from /home/airflow/.local/lib/python3.8/site-packages/airflow/example_dags/example_complex.py
[2023-11-03T19:43:54.431+0000] {processor.py:839} INFO - DAG(s) dict_keys(['example_complex']) retrieved from /home/airflow/.local/lib/python3.8/site-packages/airflow/example_dags/example_complex.py
[2023-11-03T19:43:54.558+0000] {logging_mixin.py:151} INFO - [2023-11-03T19:43:54.557+0000] {dag.py:2941} INFO - Sync 1 DAGs
[2023-11-03T19:43:54.602+0000] {logging_mixin.py:151} INFO - [2023-11-03T19:43:54.601+0000] {dag.py:3722} INFO - Setting next_dagrun for example_complex to None, run_after=None
[2023-11-03T19:43:54.681+0000] {processor.py:179} INFO - Processing /home/airflow/.local/lib/python3.8/site-packages/airflow/example_dags/example_complex.py took 0.316 seconds
[2023-11-03T19:44:25.095+0000] {processor.py:157} INFO - Started process (PID=33700) to work on /home/airflow/.local/lib/python3.8/site-packages/airflow/example_dags/example_complex.py
[2023-11-03T19:44:25.098+0000] {processor.py:829} INFO - Processing file /home/airflow/.local/lib/python3.8/site-packages/airflow/example_dags/example_complex.py for tasks to queue
[2023-11-03T19:44:25.110+0000] {logging_mixin.py:151} INFO - [2023-11-03T19:44:25.108+0000] {dagbag.py:536} INFO - Filling up the DagBag from /home/airflow/.local/lib/python3.8/site-packages/airflow/example_dags/example_complex.py
[2023-11-03T19:44:25.155+0000] {processor.py:839} INFO - DAG(s) dict_keys(['example_complex']) retrieved from /home/airflow/.local/lib/python3.8/site-packages/airflow/example_dags/example_complex.py
[2023-11-03T19:44:25.240+0000] {logging_mixin.py:151} INFO - [2023-11-03T19:44:25.240+0000] {dag.py:2941} INFO - Sync 1 DAGs
[2023-11-03T19:44:25.276+0000] {logging_mixin.py:151} INFO - [2023-11-03T19:44:25.275+0000] {dag.py:3722} INFO - Setting next_dagrun for example_complex to None, run_after=None
[2023-11-03T19:44:25.330+0000] {processor.py:179} INFO - Processing /home/airflow/.local/lib/python3.8/site-packages/airflow/example_dags/example_complex.py took 0.251 seconds
[2023-11-03T19:44:55.537+0000] {processor.py:157} INFO - Started process (PID=33762) to work on /home/airflow/.local/lib/python3.8/site-packages/airflow/example_dags/example_complex.py
[2023-11-03T19:44:55.540+0000] {processor.py:829} INFO - Processing file /home/airflow/.local/lib/python3.8/site-packages/airflow/example_dags/example_complex.py for tasks to queue
[2023-11-03T19:44:55.548+0000] {logging_mixin.py:151} INFO - [2023-11-03T19:44:55.546+0000] {dagbag.py:536} INFO - Filling up the DagBag from /home/airflow/.local/lib/python3.8/site-packages/airflow/example_dags/example_complex.py
[2023-11-03T19:44:55.581+0000] {processor.py:839} INFO - DAG(s) dict_keys(['example_complex']) retrieved from /home/airflow/.local/lib/python3.8/site-packages/airflow/example_dags/example_complex.py
[2023-11-03T19:44:55.676+0000] {logging_mixin.py:151} INFO - [2023-11-03T19:44:55.676+0000] {dag.py:2941} INFO - Sync 1 DAGs
[2023-11-03T19:44:55.719+0000] {logging_mixin.py:151} INFO - [2023-11-03T19:44:55.718+0000] {dag.py:3722} INFO - Setting next_dagrun for example_complex to None, run_after=None
[2023-11-03T19:44:55.878+0000] {processor.py:179} INFO - Processing /home/airflow/.local/lib/python3.8/site-packages/airflow/example_dags/example_complex.py took 0.349 seconds
[2023-11-03T19:45:26.170+0000] {processor.py:157} INFO - Started process (PID=33825) to work on /home/airflow/.local/lib/python3.8/site-packages/airflow/example_dags/example_complex.py
[2023-11-03T19:45:26.172+0000] {processor.py:829} INFO - Processing file /home/airflow/.local/lib/python3.8/site-packages/airflow/example_dags/example_complex.py for tasks to queue
[2023-11-03T19:45:26.179+0000] {logging_mixin.py:151} INFO - [2023-11-03T19:45:26.178+0000] {dagbag.py:536} INFO - Filling up the DagBag from /home/airflow/.local/lib/python3.8/site-packages/airflow/example_dags/example_complex.py
[2023-11-03T19:45:26.227+0000] {processor.py:839} INFO - DAG(s) dict_keys(['example_complex']) retrieved from /home/airflow/.local/lib/python3.8/site-packages/airflow/example_dags/example_complex.py
[2023-11-03T19:45:26.327+0000] {logging_mixin.py:151} INFO - [2023-11-03T19:45:26.327+0000] {dag.py:2941} INFO - Sync 1 DAGs
[2023-11-03T19:45:26.362+0000] {logging_mixin.py:151} INFO - [2023-11-03T19:45:26.361+0000] {dag.py:3722} INFO - Setting next_dagrun for example_complex to None, run_after=None
[2023-11-03T19:45:26.424+0000] {processor.py:179} INFO - Processing /home/airflow/.local/lib/python3.8/site-packages/airflow/example_dags/example_complex.py took 0.262 seconds
[2023-11-03T19:45:56.593+0000] {processor.py:157} INFO - Started process (PID=33887) to work on /home/airflow/.local/lib/python3.8/site-packages/airflow/example_dags/example_complex.py
[2023-11-03T19:45:56.596+0000] {processor.py:829} INFO - Processing file /home/airflow/.local/lib/python3.8/site-packages/airflow/example_dags/example_complex.py for tasks to queue
[2023-11-03T19:45:56.604+0000] {logging_mixin.py:151} INFO - [2023-11-03T19:45:56.602+0000] {dagbag.py:536} INFO - Filling up the DagBag from /home/airflow/.local/lib/python3.8/site-packages/airflow/example_dags/example_complex.py
[2023-11-03T19:45:56.633+0000] {processor.py:839} INFO - DAG(s) dict_keys(['example_complex']) retrieved from /home/airflow/.local/lib/python3.8/site-packages/airflow/example_dags/example_complex.py
[2023-11-03T19:45:56.719+0000] {logging_mixin.py:151} INFO - [2023-11-03T19:45:56.719+0000] {dag.py:2941} INFO - Sync 1 DAGs
[2023-11-03T19:45:56.750+0000] {logging_mixin.py:151} INFO - [2023-11-03T19:45:56.750+0000] {dag.py:3722} INFO - Setting next_dagrun for example_complex to None, run_after=None
[2023-11-03T19:45:56.809+0000] {processor.py:179} INFO - Processing /home/airflow/.local/lib/python3.8/site-packages/airflow/example_dags/example_complex.py took 0.224 seconds
[2023-11-03T19:46:27.438+0000] {processor.py:157} INFO - Started process (PID=33949) to work on /home/airflow/.local/lib/python3.8/site-packages/airflow/example_dags/example_complex.py
[2023-11-03T19:46:27.441+0000] {processor.py:829} INFO - Processing file /home/airflow/.local/lib/python3.8/site-packages/airflow/example_dags/example_complex.py for tasks to queue
[2023-11-03T19:46:27.450+0000] {logging_mixin.py:151} INFO - [2023-11-03T19:46:27.448+0000] {dagbag.py:536} INFO - Filling up the DagBag from /home/airflow/.local/lib/python3.8/site-packages/airflow/example_dags/example_complex.py
[2023-11-03T19:46:27.481+0000] {processor.py:839} INFO - DAG(s) dict_keys(['example_complex']) retrieved from /home/airflow/.local/lib/python3.8/site-packages/airflow/example_dags/example_complex.py
[2023-11-03T19:46:27.551+0000] {logging_mixin.py:151} INFO - [2023-11-03T19:46:27.551+0000] {dag.py:2941} INFO - Sync 1 DAGs
[2023-11-03T19:46:27.588+0000] {logging_mixin.py:151} INFO - [2023-11-03T19:46:27.588+0000] {dag.py:3722} INFO - Setting next_dagrun for example_complex to None, run_after=None
[2023-11-03T19:46:27.650+0000] {processor.py:179} INFO - Processing /home/airflow/.local/lib/python3.8/site-packages/airflow/example_dags/example_complex.py took 0.224 seconds
[2023-11-03T19:46:58.369+0000] {processor.py:157} INFO - Started process (PID=34011) to work on /home/airflow/.local/lib/python3.8/site-packages/airflow/example_dags/example_complex.py
[2023-11-03T19:46:58.372+0000] {processor.py:829} INFO - Processing file /home/airflow/.local/lib/python3.8/site-packages/airflow/example_dags/example_complex.py for tasks to queue
[2023-11-03T19:46:58.381+0000] {logging_mixin.py:151} INFO - [2023-11-03T19:46:58.379+0000] {dagbag.py:536} INFO - Filling up the DagBag from /home/airflow/.local/lib/python3.8/site-packages/airflow/example_dags/example_complex.py
[2023-11-03T19:46:58.421+0000] {processor.py:839} INFO - DAG(s) dict_keys(['example_complex']) retrieved from /home/airflow/.local/lib/python3.8/site-packages/airflow/example_dags/example_complex.py
[2023-11-03T19:46:58.503+0000] {logging_mixin.py:151} INFO - [2023-11-03T19:46:58.502+0000] {dag.py:2941} INFO - Sync 1 DAGs
[2023-11-03T19:46:58.538+0000] {logging_mixin.py:151} INFO - [2023-11-03T19:46:58.537+0000] {dag.py:3722} INFO - Setting next_dagrun for example_complex to None, run_after=None
[2023-11-03T19:46:58.597+0000] {processor.py:179} INFO - Processing /home/airflow/.local/lib/python3.8/site-packages/airflow/example_dags/example_complex.py took 0.238 seconds
[2023-11-03T19:47:28.732+0000] {processor.py:157} INFO - Started process (PID=34073) to work on /home/airflow/.local/lib/python3.8/site-packages/airflow/example_dags/example_complex.py
[2023-11-03T19:47:28.735+0000] {processor.py:829} INFO - Processing file /home/airflow/.local/lib/python3.8/site-packages/airflow/example_dags/example_complex.py for tasks to queue
[2023-11-03T19:47:28.741+0000] {logging_mixin.py:151} INFO - [2023-11-03T19:47:28.740+0000] {dagbag.py:536} INFO - Filling up the DagBag from /home/airflow/.local/lib/python3.8/site-packages/airflow/example_dags/example_complex.py
[2023-11-03T19:47:28.792+0000] {processor.py:839} INFO - DAG(s) dict_keys(['example_complex']) retrieved from /home/airflow/.local/lib/python3.8/site-packages/airflow/example_dags/example_complex.py
[2023-11-03T19:47:28.870+0000] {logging_mixin.py:151} INFO - [2023-11-03T19:47:28.870+0000] {dag.py:2941} INFO - Sync 1 DAGs
[2023-11-03T19:47:28.912+0000] {logging_mixin.py:151} INFO - [2023-11-03T19:47:28.912+0000] {dag.py:3722} INFO - Setting next_dagrun for example_complex to None, run_after=None
[2023-11-03T19:47:28.974+0000] {processor.py:179} INFO - Processing /home/airflow/.local/lib/python3.8/site-packages/airflow/example_dags/example_complex.py took 0.250 seconds
[2023-11-03T19:47:59.515+0000] {processor.py:157} INFO - Started process (PID=34135) to work on /home/airflow/.local/lib/python3.8/site-packages/airflow/example_dags/example_complex.py
[2023-11-03T19:47:59.518+0000] {processor.py:829} INFO - Processing file /home/airflow/.local/lib/python3.8/site-packages/airflow/example_dags/example_complex.py for tasks to queue
[2023-11-03T19:47:59.529+0000] {logging_mixin.py:151} INFO - [2023-11-03T19:47:59.527+0000] {dagbag.py:536} INFO - Filling up the DagBag from /home/airflow/.local/lib/python3.8/site-packages/airflow/example_dags/example_complex.py
[2023-11-03T19:47:59.569+0000] {processor.py:839} INFO - DAG(s) dict_keys(['example_complex']) retrieved from /home/airflow/.local/lib/python3.8/site-packages/airflow/example_dags/example_complex.py
[2023-11-03T19:47:59.674+0000] {logging_mixin.py:151} INFO - [2023-11-03T19:47:59.674+0000] {dag.py:2941} INFO - Sync 1 DAGs
[2023-11-03T19:47:59.745+0000] {logging_mixin.py:151} INFO - [2023-11-03T19:47:59.744+0000] {dag.py:3722} INFO - Setting next_dagrun for example_complex to None, run_after=None
[2023-11-03T19:47:59.921+0000] {processor.py:179} INFO - Processing /home/airflow/.local/lib/python3.8/site-packages/airflow/example_dags/example_complex.py took 0.418 seconds
[2023-11-03T19:48:30.304+0000] {processor.py:157} INFO - Started process (PID=34197) to work on /home/airflow/.local/lib/python3.8/site-packages/airflow/example_dags/example_complex.py
[2023-11-03T19:48:30.307+0000] {processor.py:829} INFO - Processing file /home/airflow/.local/lib/python3.8/site-packages/airflow/example_dags/example_complex.py for tasks to queue
[2023-11-03T19:48:30.315+0000] {logging_mixin.py:151} INFO - [2023-11-03T19:48:30.314+0000] {dagbag.py:536} INFO - Filling up the DagBag from /home/airflow/.local/lib/python3.8/site-packages/airflow/example_dags/example_complex.py
[2023-11-03T19:48:30.343+0000] {processor.py:839} INFO - DAG(s) dict_keys(['example_complex']) retrieved from /home/airflow/.local/lib/python3.8/site-packages/airflow/example_dags/example_complex.py
[2023-11-03T19:48:30.426+0000] {logging_mixin.py:151} INFO - [2023-11-03T19:48:30.426+0000] {dag.py:2941} INFO - Sync 1 DAGs
[2023-11-03T19:48:30.460+0000] {logging_mixin.py:151} INFO - [2023-11-03T19:48:30.459+0000] {dag.py:3722} INFO - Setting next_dagrun for example_complex to None, run_after=None
[2023-11-03T19:48:30.513+0000] {processor.py:179} INFO - Processing /home/airflow/.local/lib/python3.8/site-packages/airflow/example_dags/example_complex.py took 0.218 seconds
[2023-11-03T19:49:00.772+0000] {processor.py:157} INFO - Started process (PID=34259) to work on /home/airflow/.local/lib/python3.8/site-packages/airflow/example_dags/example_complex.py
[2023-11-03T19:49:00.775+0000] {processor.py:829} INFO - Processing file /home/airflow/.local/lib/python3.8/site-packages/airflow/example_dags/example_complex.py for tasks to queue
[2023-11-03T19:49:00.781+0000] {logging_mixin.py:151} INFO - [2023-11-03T19:49:00.780+0000] {dagbag.py:536} INFO - Filling up the DagBag from /home/airflow/.local/lib/python3.8/site-packages/airflow/example_dags/example_complex.py
[2023-11-03T19:49:00.814+0000] {processor.py:839} INFO - DAG(s) dict_keys(['example_complex']) retrieved from /home/airflow/.local/lib/python3.8/site-packages/airflow/example_dags/example_complex.py
[2023-11-03T19:49:00.899+0000] {logging_mixin.py:151} INFO - [2023-11-03T19:49:00.899+0000] {dag.py:2941} INFO - Sync 1 DAGs
[2023-11-03T19:49:00.934+0000] {logging_mixin.py:151} INFO - [2023-11-03T19:49:00.933+0000] {dag.py:3722} INFO - Setting next_dagrun for example_complex to None, run_after=None
[2023-11-03T19:49:00.988+0000] {processor.py:179} INFO - Processing /home/airflow/.local/lib/python3.8/site-packages/airflow/example_dags/example_complex.py took 0.230 seconds
[2023-11-03T19:49:31.606+0000] {processor.py:157} INFO - Started process (PID=34321) to work on /home/airflow/.local/lib/python3.8/site-packages/airflow/example_dags/example_complex.py
[2023-11-03T19:49:31.610+0000] {processor.py:829} INFO - Processing file /home/airflow/.local/lib/python3.8/site-packages/airflow/example_dags/example_complex.py for tasks to queue
[2023-11-03T19:49:31.621+0000] {logging_mixin.py:151} INFO - [2023-11-03T19:49:31.619+0000] {dagbag.py:536} INFO - Filling up the DagBag from /home/airflow/.local/lib/python3.8/site-packages/airflow/example_dags/example_complex.py
[2023-11-03T19:49:31.654+0000] {processor.py:839} INFO - DAG(s) dict_keys(['example_complex']) retrieved from /home/airflow/.local/lib/python3.8/site-packages/airflow/example_dags/example_complex.py
[2023-11-03T19:49:31.872+0000] {logging_mixin.py:151} INFO - [2023-11-03T19:49:31.871+0000] {dag.py:2941} INFO - Sync 1 DAGs
[2023-11-03T19:49:31.935+0000] {logging_mixin.py:151} INFO - [2023-11-03T19:49:31.935+0000] {dag.py:3722} INFO - Setting next_dagrun for example_complex to None, run_after=None
[2023-11-03T19:49:32.036+0000] {processor.py:179} INFO - Processing /home/airflow/.local/lib/python3.8/site-packages/airflow/example_dags/example_complex.py took 0.445 seconds
[2023-11-03T19:50:02.220+0000] {processor.py:157} INFO - Started process (PID=34383) to work on /home/airflow/.local/lib/python3.8/site-packages/airflow/example_dags/example_complex.py
[2023-11-03T19:50:02.223+0000] {processor.py:829} INFO - Processing file /home/airflow/.local/lib/python3.8/site-packages/airflow/example_dags/example_complex.py for tasks to queue
[2023-11-03T19:50:02.234+0000] {logging_mixin.py:151} INFO - [2023-11-03T19:50:02.233+0000] {dagbag.py:536} INFO - Filling up the DagBag from /home/airflow/.local/lib/python3.8/site-packages/airflow/example_dags/example_complex.py
[2023-11-03T19:50:02.272+0000] {processor.py:839} INFO - DAG(s) dict_keys(['example_complex']) retrieved from /home/airflow/.local/lib/python3.8/site-packages/airflow/example_dags/example_complex.py
[2023-11-03T19:50:02.357+0000] {logging_mixin.py:151} INFO - [2023-11-03T19:50:02.356+0000] {dag.py:2941} INFO - Sync 1 DAGs
[2023-11-03T19:50:02.393+0000] {logging_mixin.py:151} INFO - [2023-11-03T19:50:02.392+0000] {dag.py:3722} INFO - Setting next_dagrun for example_complex to None, run_after=None
[2023-11-03T19:50:02.448+0000] {processor.py:179} INFO - Processing /home/airflow/.local/lib/python3.8/site-packages/airflow/example_dags/example_complex.py took 0.243 seconds
[2023-11-03T19:50:32.625+0000] {processor.py:157} INFO - Started process (PID=34445) to work on /home/airflow/.local/lib/python3.8/site-packages/airflow/example_dags/example_complex.py
[2023-11-03T19:50:32.629+0000] {processor.py:829} INFO - Processing file /home/airflow/.local/lib/python3.8/site-packages/airflow/example_dags/example_complex.py for tasks to queue
[2023-11-03T19:50:32.636+0000] {logging_mixin.py:151} INFO - [2023-11-03T19:50:32.635+0000] {dagbag.py:536} INFO - Filling up the DagBag from /home/airflow/.local/lib/python3.8/site-packages/airflow/example_dags/example_complex.py
[2023-11-03T19:50:32.668+0000] {processor.py:839} INFO - DAG(s) dict_keys(['example_complex']) retrieved from /home/airflow/.local/lib/python3.8/site-packages/airflow/example_dags/example_complex.py
[2023-11-03T19:50:32.755+0000] {logging_mixin.py:151} INFO - [2023-11-03T19:50:32.754+0000] {dag.py:2941} INFO - Sync 1 DAGs
[2023-11-03T19:50:32.790+0000] {logging_mixin.py:151} INFO - [2023-11-03T19:50:32.789+0000] {dag.py:3722} INFO - Setting next_dagrun for example_complex to None, run_after=None
[2023-11-03T19:50:32.859+0000] {processor.py:179} INFO - Processing /home/airflow/.local/lib/python3.8/site-packages/airflow/example_dags/example_complex.py took 0.246 seconds
[2023-11-03T19:51:03.617+0000] {processor.py:157} INFO - Started process (PID=34507) to work on /home/airflow/.local/lib/python3.8/site-packages/airflow/example_dags/example_complex.py
[2023-11-03T19:51:03.621+0000] {processor.py:829} INFO - Processing file /home/airflow/.local/lib/python3.8/site-packages/airflow/example_dags/example_complex.py for tasks to queue
[2023-11-03T19:51:03.630+0000] {logging_mixin.py:151} INFO - [2023-11-03T19:51:03.629+0000] {dagbag.py:536} INFO - Filling up the DagBag from /home/airflow/.local/lib/python3.8/site-packages/airflow/example_dags/example_complex.py
[2023-11-03T19:51:03.666+0000] {processor.py:839} INFO - DAG(s) dict_keys(['example_complex']) retrieved from /home/airflow/.local/lib/python3.8/site-packages/airflow/example_dags/example_complex.py
[2023-11-03T19:51:03.795+0000] {logging_mixin.py:151} INFO - [2023-11-03T19:51:03.793+0000] {dag.py:2941} INFO - Sync 1 DAGs
[2023-11-03T19:51:03.864+0000] {logging_mixin.py:151} INFO - [2023-11-03T19:51:03.863+0000] {dag.py:3722} INFO - Setting next_dagrun for example_complex to None, run_after=None
[2023-11-03T19:51:03.990+0000] {processor.py:179} INFO - Processing /home/airflow/.local/lib/python3.8/site-packages/airflow/example_dags/example_complex.py took 0.387 seconds
[2023-11-03T19:51:34.492+0000] {processor.py:157} INFO - Started process (PID=34569) to work on /home/airflow/.local/lib/python3.8/site-packages/airflow/example_dags/example_complex.py
[2023-11-03T19:51:34.496+0000] {processor.py:829} INFO - Processing file /home/airflow/.local/lib/python3.8/site-packages/airflow/example_dags/example_complex.py for tasks to queue
[2023-11-03T19:51:34.507+0000] {logging_mixin.py:151} INFO - [2023-11-03T19:51:34.505+0000] {dagbag.py:536} INFO - Filling up the DagBag from /home/airflow/.local/lib/python3.8/site-packages/airflow/example_dags/example_complex.py
[2023-11-03T19:51:34.544+0000] {processor.py:839} INFO - DAG(s) dict_keys(['example_complex']) retrieved from /home/airflow/.local/lib/python3.8/site-packages/airflow/example_dags/example_complex.py
[2023-11-03T19:51:34.623+0000] {logging_mixin.py:151} INFO - [2023-11-03T19:51:34.622+0000] {dag.py:2941} INFO - Sync 1 DAGs
[2023-11-03T19:51:34.659+0000] {logging_mixin.py:151} INFO - [2023-11-03T19:51:34.659+0000] {dag.py:3722} INFO - Setting next_dagrun for example_complex to None, run_after=None
[2023-11-03T19:51:34.723+0000] {processor.py:179} INFO - Processing /home/airflow/.local/lib/python3.8/site-packages/airflow/example_dags/example_complex.py took 0.245 seconds
[2023-11-03T19:52:05.654+0000] {processor.py:157} INFO - Started process (PID=34638) to work on /home/airflow/.local/lib/python3.8/site-packages/airflow/example_dags/example_complex.py
[2023-11-03T19:52:05.656+0000] {processor.py:829} INFO - Processing file /home/airflow/.local/lib/python3.8/site-packages/airflow/example_dags/example_complex.py for tasks to queue
[2023-11-03T19:52:05.663+0000] {logging_mixin.py:151} INFO - [2023-11-03T19:52:05.662+0000] {dagbag.py:536} INFO - Filling up the DagBag from /home/airflow/.local/lib/python3.8/site-packages/airflow/example_dags/example_complex.py
[2023-11-03T19:52:05.701+0000] {processor.py:839} INFO - DAG(s) dict_keys(['example_complex']) retrieved from /home/airflow/.local/lib/python3.8/site-packages/airflow/example_dags/example_complex.py
[2023-11-03T19:52:05.796+0000] {logging_mixin.py:151} INFO - [2023-11-03T19:52:05.795+0000] {dag.py:2941} INFO - Sync 1 DAGs
[2023-11-03T19:52:05.832+0000] {logging_mixin.py:151} INFO - [2023-11-03T19:52:05.832+0000] {dag.py:3722} INFO - Setting next_dagrun for example_complex to None, run_after=None
[2023-11-03T19:52:05.895+0000] {processor.py:179} INFO - Processing /home/airflow/.local/lib/python3.8/site-packages/airflow/example_dags/example_complex.py took 0.249 seconds
[2023-11-03T19:52:36.556+0000] {processor.py:157} INFO - Started process (PID=34700) to work on /home/airflow/.local/lib/python3.8/site-packages/airflow/example_dags/example_complex.py
[2023-11-03T19:52:36.559+0000] {processor.py:829} INFO - Processing file /home/airflow/.local/lib/python3.8/site-packages/airflow/example_dags/example_complex.py for tasks to queue
[2023-11-03T19:52:36.567+0000] {logging_mixin.py:151} INFO - [2023-11-03T19:52:36.565+0000] {dagbag.py:536} INFO - Filling up the DagBag from /home/airflow/.local/lib/python3.8/site-packages/airflow/example_dags/example_complex.py
[2023-11-03T19:52:36.608+0000] {processor.py:839} INFO - DAG(s) dict_keys(['example_complex']) retrieved from /home/airflow/.local/lib/python3.8/site-packages/airflow/example_dags/example_complex.py
[2023-11-03T19:52:36.693+0000] {logging_mixin.py:151} INFO - [2023-11-03T19:52:36.692+0000] {dag.py:2941} INFO - Sync 1 DAGs
[2023-11-03T19:52:36.732+0000] {logging_mixin.py:151} INFO - [2023-11-03T19:52:36.731+0000] {dag.py:3722} INFO - Setting next_dagrun for example_complex to None, run_after=None
[2023-11-03T19:52:36.789+0000] {processor.py:179} INFO - Processing /home/airflow/.local/lib/python3.8/site-packages/airflow/example_dags/example_complex.py took 0.241 seconds
[2023-11-03T19:53:06.920+0000] {processor.py:157} INFO - Started process (PID=34762) to work on /home/airflow/.local/lib/python3.8/site-packages/airflow/example_dags/example_complex.py
[2023-11-03T19:53:06.922+0000] {processor.py:829} INFO - Processing file /home/airflow/.local/lib/python3.8/site-packages/airflow/example_dags/example_complex.py for tasks to queue
[2023-11-03T19:53:06.928+0000] {logging_mixin.py:151} INFO - [2023-11-03T19:53:06.927+0000] {dagbag.py:536} INFO - Filling up the DagBag from /home/airflow/.local/lib/python3.8/site-packages/airflow/example_dags/example_complex.py
[2023-11-03T19:53:06.954+0000] {processor.py:839} INFO - DAG(s) dict_keys(['example_complex']) retrieved from /home/airflow/.local/lib/python3.8/site-packages/airflow/example_dags/example_complex.py
[2023-11-03T19:53:07.035+0000] {logging_mixin.py:151} INFO - [2023-11-03T19:53:07.035+0000] {dag.py:2941} INFO - Sync 1 DAGs
[2023-11-03T19:53:07.072+0000] {logging_mixin.py:151} INFO - [2023-11-03T19:53:07.072+0000] {dag.py:3722} INFO - Setting next_dagrun for example_complex to None, run_after=None
[2023-11-03T19:53:07.141+0000] {processor.py:179} INFO - Processing /home/airflow/.local/lib/python3.8/site-packages/airflow/example_dags/example_complex.py took 0.228 seconds
[2023-11-03T19:53:37.673+0000] {processor.py:157} INFO - Started process (PID=34824) to work on /home/airflow/.local/lib/python3.8/site-packages/airflow/example_dags/example_complex.py
[2023-11-03T19:53:37.676+0000] {processor.py:829} INFO - Processing file /home/airflow/.local/lib/python3.8/site-packages/airflow/example_dags/example_complex.py for tasks to queue
[2023-11-03T19:53:37.684+0000] {logging_mixin.py:151} INFO - [2023-11-03T19:53:37.683+0000] {dagbag.py:536} INFO - Filling up the DagBag from /home/airflow/.local/lib/python3.8/site-packages/airflow/example_dags/example_complex.py
[2023-11-03T19:53:37.723+0000] {processor.py:839} INFO - DAG(s) dict_keys(['example_complex']) retrieved from /home/airflow/.local/lib/python3.8/site-packages/airflow/example_dags/example_complex.py
[2023-11-03T19:53:37.926+0000] {logging_mixin.py:151} INFO - [2023-11-03T19:53:37.925+0000] {dag.py:2941} INFO - Sync 1 DAGs
[2023-11-03T19:53:37.971+0000] {logging_mixin.py:151} INFO - [2023-11-03T19:53:37.971+0000] {dag.py:3722} INFO - Setting next_dagrun for example_complex to None, run_after=None
[2023-11-03T19:53:38.037+0000] {processor.py:179} INFO - Processing /home/airflow/.local/lib/python3.8/site-packages/airflow/example_dags/example_complex.py took 0.373 seconds
[2023-11-03T19:54:09.570+0000] {processor.py:157} INFO - Started process (PID=34886) to work on /home/airflow/.local/lib/python3.8/site-packages/airflow/example_dags/example_complex.py
[2023-11-03T19:54:09.573+0000] {processor.py:829} INFO - Processing file /home/airflow/.local/lib/python3.8/site-packages/airflow/example_dags/example_complex.py for tasks to queue
[2023-11-03T19:54:09.582+0000] {logging_mixin.py:151} INFO - [2023-11-03T19:54:09.580+0000] {dagbag.py:536} INFO - Filling up the DagBag from /home/airflow/.local/lib/python3.8/site-packages/airflow/example_dags/example_complex.py
[2023-11-03T19:54:09.620+0000] {processor.py:839} INFO - DAG(s) dict_keys(['example_complex']) retrieved from /home/airflow/.local/lib/python3.8/site-packages/airflow/example_dags/example_complex.py
[2023-11-03T19:54:09.702+0000] {logging_mixin.py:151} INFO - [2023-11-03T19:54:09.701+0000] {dag.py:2941} INFO - Sync 1 DAGs
[2023-11-03T19:54:09.756+0000] {logging_mixin.py:151} INFO - [2023-11-03T19:54:09.755+0000] {dag.py:3722} INFO - Setting next_dagrun for example_complex to None, run_after=None
[2023-11-03T19:54:09.920+0000] {processor.py:179} INFO - Processing /home/airflow/.local/lib/python3.8/site-packages/airflow/example_dags/example_complex.py took 0.359 seconds
[2023-11-03T19:54:40.163+0000] {processor.py:157} INFO - Started process (PID=34948) to work on /home/airflow/.local/lib/python3.8/site-packages/airflow/example_dags/example_complex.py
[2023-11-03T19:54:40.166+0000] {processor.py:829} INFO - Processing file /home/airflow/.local/lib/python3.8/site-packages/airflow/example_dags/example_complex.py for tasks to queue
[2023-11-03T19:54:40.173+0000] {logging_mixin.py:151} INFO - [2023-11-03T19:54:40.172+0000] {dagbag.py:536} INFO - Filling up the DagBag from /home/airflow/.local/lib/python3.8/site-packages/airflow/example_dags/example_complex.py
[2023-11-03T19:54:40.211+0000] {processor.py:839} INFO - DAG(s) dict_keys(['example_complex']) retrieved from /home/airflow/.local/lib/python3.8/site-packages/airflow/example_dags/example_complex.py
[2023-11-03T19:54:40.290+0000] {logging_mixin.py:151} INFO - [2023-11-03T19:54:40.289+0000] {dag.py:2941} INFO - Sync 1 DAGs
[2023-11-03T19:54:40.325+0000] {logging_mixin.py:151} INFO - [2023-11-03T19:54:40.325+0000] {dag.py:3722} INFO - Setting next_dagrun for example_complex to None, run_after=None
[2023-11-03T19:54:40.396+0000] {processor.py:179} INFO - Processing /home/airflow/.local/lib/python3.8/site-packages/airflow/example_dags/example_complex.py took 0.242 seconds
[2023-11-03T19:55:11.077+0000] {processor.py:157} INFO - Started process (PID=35010) to work on /home/airflow/.local/lib/python3.8/site-packages/airflow/example_dags/example_complex.py
[2023-11-03T19:55:11.079+0000] {processor.py:829} INFO - Processing file /home/airflow/.local/lib/python3.8/site-packages/airflow/example_dags/example_complex.py for tasks to queue
[2023-11-03T19:55:11.087+0000] {logging_mixin.py:151} INFO - [2023-11-03T19:55:11.086+0000] {dagbag.py:536} INFO - Filling up the DagBag from /home/airflow/.local/lib/python3.8/site-packages/airflow/example_dags/example_complex.py
[2023-11-03T19:55:11.126+0000] {processor.py:839} INFO - DAG(s) dict_keys(['example_complex']) retrieved from /home/airflow/.local/lib/python3.8/site-packages/airflow/example_dags/example_complex.py
[2023-11-03T19:55:11.205+0000] {logging_mixin.py:151} INFO - [2023-11-03T19:55:11.204+0000] {dag.py:2941} INFO - Sync 1 DAGs
[2023-11-03T19:55:11.255+0000] {logging_mixin.py:151} INFO - [2023-11-03T19:55:11.254+0000] {dag.py:3722} INFO - Setting next_dagrun for example_complex to None, run_after=None
[2023-11-03T19:55:11.323+0000] {processor.py:179} INFO - Processing /home/airflow/.local/lib/python3.8/site-packages/airflow/example_dags/example_complex.py took 0.253 seconds
[2023-11-03T19:55:41.816+0000] {processor.py:157} INFO - Started process (PID=35072) to work on /home/airflow/.local/lib/python3.8/site-packages/airflow/example_dags/example_complex.py
[2023-11-03T19:55:41.819+0000] {processor.py:829} INFO - Processing file /home/airflow/.local/lib/python3.8/site-packages/airflow/example_dags/example_complex.py for tasks to queue
[2023-11-03T19:55:41.830+0000] {logging_mixin.py:151} INFO - [2023-11-03T19:55:41.829+0000] {dagbag.py:536} INFO - Filling up the DagBag from /home/airflow/.local/lib/python3.8/site-packages/airflow/example_dags/example_complex.py
[2023-11-03T19:55:41.918+0000] {processor.py:839} INFO - DAG(s) dict_keys(['example_complex']) retrieved from /home/airflow/.local/lib/python3.8/site-packages/airflow/example_dags/example_complex.py
[2023-11-03T19:55:42.027+0000] {logging_mixin.py:151} INFO - [2023-11-03T19:55:42.027+0000] {dag.py:2941} INFO - Sync 1 DAGs
[2023-11-03T19:55:42.064+0000] {logging_mixin.py:151} INFO - [2023-11-03T19:55:42.063+0000] {dag.py:3722} INFO - Setting next_dagrun for example_complex to None, run_after=None
[2023-11-03T19:55:42.124+0000] {processor.py:179} INFO - Processing /home/airflow/.local/lib/python3.8/site-packages/airflow/example_dags/example_complex.py took 0.319 seconds
[2023-11-03T19:56:12.417+0000] {processor.py:157} INFO - Started process (PID=35134) to work on /home/airflow/.local/lib/python3.8/site-packages/airflow/example_dags/example_complex.py
[2023-11-03T19:56:12.420+0000] {processor.py:829} INFO - Processing file /home/airflow/.local/lib/python3.8/site-packages/airflow/example_dags/example_complex.py for tasks to queue
[2023-11-03T19:56:12.430+0000] {logging_mixin.py:151} INFO - [2023-11-03T19:56:12.428+0000] {dagbag.py:536} INFO - Filling up the DagBag from /home/airflow/.local/lib/python3.8/site-packages/airflow/example_dags/example_complex.py
[2023-11-03T19:56:12.471+0000] {processor.py:839} INFO - DAG(s) dict_keys(['example_complex']) retrieved from /home/airflow/.local/lib/python3.8/site-packages/airflow/example_dags/example_complex.py
[2023-11-03T19:56:12.555+0000] {logging_mixin.py:151} INFO - [2023-11-03T19:56:12.554+0000] {dag.py:2941} INFO - Sync 1 DAGs
[2023-11-03T19:56:12.589+0000] {logging_mixin.py:151} INFO - [2023-11-03T19:56:12.588+0000] {dag.py:3722} INFO - Setting next_dagrun for example_complex to None, run_after=None
[2023-11-03T19:56:12.644+0000] {processor.py:179} INFO - Processing /home/airflow/.local/lib/python3.8/site-packages/airflow/example_dags/example_complex.py took 0.234 seconds
[2023-11-03T19:56:43.168+0000] {processor.py:157} INFO - Started process (PID=35196) to work on /home/airflow/.local/lib/python3.8/site-packages/airflow/example_dags/example_complex.py
[2023-11-03T19:56:43.170+0000] {processor.py:829} INFO - Processing file /home/airflow/.local/lib/python3.8/site-packages/airflow/example_dags/example_complex.py for tasks to queue
[2023-11-03T19:56:43.179+0000] {logging_mixin.py:151} INFO - [2023-11-03T19:56:43.177+0000] {dagbag.py:536} INFO - Filling up the DagBag from /home/airflow/.local/lib/python3.8/site-packages/airflow/example_dags/example_complex.py
[2023-11-03T19:56:43.220+0000] {processor.py:839} INFO - DAG(s) dict_keys(['example_complex']) retrieved from /home/airflow/.local/lib/python3.8/site-packages/airflow/example_dags/example_complex.py
[2023-11-03T19:56:43.306+0000] {logging_mixin.py:151} INFO - [2023-11-03T19:56:43.306+0000] {dag.py:2941} INFO - Sync 1 DAGs
[2023-11-03T19:56:43.341+0000] {logging_mixin.py:151} INFO - [2023-11-03T19:56:43.341+0000] {dag.py:3722} INFO - Setting next_dagrun for example_complex to None, run_after=None
[2023-11-03T19:56:43.403+0000] {processor.py:179} INFO - Processing /home/airflow/.local/lib/python3.8/site-packages/airflow/example_dags/example_complex.py took 0.243 seconds
[2023-11-03T19:57:13.604+0000] {processor.py:157} INFO - Started process (PID=35258) to work on /home/airflow/.local/lib/python3.8/site-packages/airflow/example_dags/example_complex.py
[2023-11-03T19:57:13.606+0000] {processor.py:829} INFO - Processing file /home/airflow/.local/lib/python3.8/site-packages/airflow/example_dags/example_complex.py for tasks to queue
[2023-11-03T19:57:13.614+0000] {logging_mixin.py:151} INFO - [2023-11-03T19:57:13.613+0000] {dagbag.py:536} INFO - Filling up the DagBag from /home/airflow/.local/lib/python3.8/site-packages/airflow/example_dags/example_complex.py
[2023-11-03T19:57:13.641+0000] {processor.py:839} INFO - DAG(s) dict_keys(['example_complex']) retrieved from /home/airflow/.local/lib/python3.8/site-packages/airflow/example_dags/example_complex.py
[2023-11-03T19:57:13.753+0000] {logging_mixin.py:151} INFO - [2023-11-03T19:57:13.752+0000] {dag.py:2941} INFO - Sync 1 DAGs
[2023-11-03T19:57:13.843+0000] {logging_mixin.py:151} INFO - [2023-11-03T19:57:13.843+0000] {dag.py:3722} INFO - Setting next_dagrun for example_complex to None, run_after=None
[2023-11-03T19:57:13.986+0000] {processor.py:179} INFO - Processing /home/airflow/.local/lib/python3.8/site-packages/airflow/example_dags/example_complex.py took 0.391 seconds
[2023-11-03T19:57:44.820+0000] {processor.py:157} INFO - Started process (PID=35320) to work on /home/airflow/.local/lib/python3.8/site-packages/airflow/example_dags/example_complex.py
[2023-11-03T19:57:44.823+0000] {processor.py:829} INFO - Processing file /home/airflow/.local/lib/python3.8/site-packages/airflow/example_dags/example_complex.py for tasks to queue
[2023-11-03T19:57:44.831+0000] {logging_mixin.py:151} INFO - [2023-11-03T19:57:44.829+0000] {dagbag.py:536} INFO - Filling up the DagBag from /home/airflow/.local/lib/python3.8/site-packages/airflow/example_dags/example_complex.py
[2023-11-03T19:57:44.906+0000] {processor.py:839} INFO - DAG(s) dict_keys(['example_complex']) retrieved from /home/airflow/.local/lib/python3.8/site-packages/airflow/example_dags/example_complex.py
[2023-11-03T19:57:45.016+0000] {logging_mixin.py:151} INFO - [2023-11-03T19:57:45.015+0000] {dag.py:2941} INFO - Sync 1 DAGs
[2023-11-03T19:57:45.060+0000] {logging_mixin.py:151} INFO - [2023-11-03T19:57:45.059+0000] {dag.py:3722} INFO - Setting next_dagrun for example_complex to None, run_after=None
[2023-11-03T19:57:45.127+0000] {processor.py:179} INFO - Processing /home/airflow/.local/lib/python3.8/site-packages/airflow/example_dags/example_complex.py took 0.318 seconds
[2023-11-03T19:58:16.293+0000] {processor.py:157} INFO - Started process (PID=35383) to work on /home/airflow/.local/lib/python3.8/site-packages/airflow/example_dags/example_complex.py
[2023-11-03T19:58:16.295+0000] {processor.py:829} INFO - Processing file /home/airflow/.local/lib/python3.8/site-packages/airflow/example_dags/example_complex.py for tasks to queue
[2023-11-03T19:58:16.302+0000] {logging_mixin.py:151} INFO - [2023-11-03T19:58:16.301+0000] {dagbag.py:536} INFO - Filling up the DagBag from /home/airflow/.local/lib/python3.8/site-packages/airflow/example_dags/example_complex.py
[2023-11-03T19:58:16.332+0000] {processor.py:839} INFO - DAG(s) dict_keys(['example_complex']) retrieved from /home/airflow/.local/lib/python3.8/site-packages/airflow/example_dags/example_complex.py
[2023-11-03T19:58:16.433+0000] {logging_mixin.py:151} INFO - [2023-11-03T19:58:16.433+0000] {dag.py:2941} INFO - Sync 1 DAGs
[2023-11-03T19:58:16.467+0000] {logging_mixin.py:151} INFO - [2023-11-03T19:58:16.467+0000] {dag.py:3722} INFO - Setting next_dagrun for example_complex to None, run_after=None
[2023-11-03T19:58:16.527+0000] {processor.py:179} INFO - Processing /home/airflow/.local/lib/python3.8/site-packages/airflow/example_dags/example_complex.py took 0.241 seconds
[2023-11-03T19:58:46.700+0000] {processor.py:157} INFO - Started process (PID=35444) to work on /home/airflow/.local/lib/python3.8/site-packages/airflow/example_dags/example_complex.py
[2023-11-03T19:58:46.703+0000] {processor.py:829} INFO - Processing file /home/airflow/.local/lib/python3.8/site-packages/airflow/example_dags/example_complex.py for tasks to queue
[2023-11-03T19:58:46.710+0000] {logging_mixin.py:151} INFO - [2023-11-03T19:58:46.709+0000] {dagbag.py:536} INFO - Filling up the DagBag from /home/airflow/.local/lib/python3.8/site-packages/airflow/example_dags/example_complex.py
[2023-11-03T19:58:46.741+0000] {processor.py:839} INFO - DAG(s) dict_keys(['example_complex']) retrieved from /home/airflow/.local/lib/python3.8/site-packages/airflow/example_dags/example_complex.py
[2023-11-03T19:58:46.815+0000] {logging_mixin.py:151} INFO - [2023-11-03T19:58:46.814+0000] {dag.py:2941} INFO - Sync 1 DAGs
[2023-11-03T19:58:46.850+0000] {logging_mixin.py:151} INFO - [2023-11-03T19:58:46.849+0000] {dag.py:3722} INFO - Setting next_dagrun for example_complex to None, run_after=None
[2023-11-03T19:58:46.912+0000] {processor.py:179} INFO - Processing /home/airflow/.local/lib/python3.8/site-packages/airflow/example_dags/example_complex.py took 0.220 seconds
[2023-11-03T19:59:17.636+0000] {processor.py:157} INFO - Started process (PID=35506) to work on /home/airflow/.local/lib/python3.8/site-packages/airflow/example_dags/example_complex.py
[2023-11-03T19:59:17.640+0000] {processor.py:829} INFO - Processing file /home/airflow/.local/lib/python3.8/site-packages/airflow/example_dags/example_complex.py for tasks to queue
[2023-11-03T19:59:17.649+0000] {logging_mixin.py:151} INFO - [2023-11-03T19:59:17.647+0000] {dagbag.py:536} INFO - Filling up the DagBag from /home/airflow/.local/lib/python3.8/site-packages/airflow/example_dags/example_complex.py
[2023-11-03T19:59:17.681+0000] {processor.py:839} INFO - DAG(s) dict_keys(['example_complex']) retrieved from /home/airflow/.local/lib/python3.8/site-packages/airflow/example_dags/example_complex.py
[2023-11-03T19:59:17.894+0000] {logging_mixin.py:151} INFO - [2023-11-03T19:59:17.893+0000] {dag.py:2941} INFO - Sync 1 DAGs
[2023-11-03T19:59:17.966+0000] {logging_mixin.py:151} INFO - [2023-11-03T19:59:17.965+0000] {dag.py:3722} INFO - Setting next_dagrun for example_complex to None, run_after=None
[2023-11-03T19:59:18.029+0000] {processor.py:179} INFO - Processing /home/airflow/.local/lib/python3.8/site-packages/airflow/example_dags/example_complex.py took 0.404 seconds
[2023-11-03T19:59:48.110+0000] {processor.py:157} INFO - Started process (PID=35568) to work on /home/airflow/.local/lib/python3.8/site-packages/airflow/example_dags/example_complex.py
[2023-11-03T19:59:48.113+0000] {processor.py:829} INFO - Processing file /home/airflow/.local/lib/python3.8/site-packages/airflow/example_dags/example_complex.py for tasks to queue
[2023-11-03T19:59:48.120+0000] {logging_mixin.py:151} INFO - [2023-11-03T19:59:48.119+0000] {dagbag.py:536} INFO - Filling up the DagBag from /home/airflow/.local/lib/python3.8/site-packages/airflow/example_dags/example_complex.py
[2023-11-03T19:59:48.149+0000] {processor.py:839} INFO - DAG(s) dict_keys(['example_complex']) retrieved from /home/airflow/.local/lib/python3.8/site-packages/airflow/example_dags/example_complex.py
[2023-11-03T19:59:48.234+0000] {logging_mixin.py:151} INFO - [2023-11-03T19:59:48.234+0000] {dag.py:2941} INFO - Sync 1 DAGs
[2023-11-03T19:59:48.267+0000] {logging_mixin.py:151} INFO - [2023-11-03T19:59:48.266+0000] {dag.py:3722} INFO - Setting next_dagrun for example_complex to None, run_after=None
[2023-11-03T19:59:48.323+0000] {processor.py:179} INFO - Processing /home/airflow/.local/lib/python3.8/site-packages/airflow/example_dags/example_complex.py took 0.220 seconds
[2023-11-03T20:00:19.227+0000] {processor.py:157} INFO - Started process (PID=35630) to work on /home/airflow/.local/lib/python3.8/site-packages/airflow/example_dags/example_complex.py
[2023-11-03T20:00:19.230+0000] {processor.py:829} INFO - Processing file /home/airflow/.local/lib/python3.8/site-packages/airflow/example_dags/example_complex.py for tasks to queue
[2023-11-03T20:00:19.237+0000] {logging_mixin.py:151} INFO - [2023-11-03T20:00:19.236+0000] {dagbag.py:536} INFO - Filling up the DagBag from /home/airflow/.local/lib/python3.8/site-packages/airflow/example_dags/example_complex.py
[2023-11-03T20:00:19.262+0000] {processor.py:839} INFO - DAG(s) dict_keys(['example_complex']) retrieved from /home/airflow/.local/lib/python3.8/site-packages/airflow/example_dags/example_complex.py
[2023-11-03T20:00:19.342+0000] {logging_mixin.py:151} INFO - [2023-11-03T20:00:19.342+0000] {dag.py:2941} INFO - Sync 1 DAGs
[2023-11-03T20:00:19.376+0000] {logging_mixin.py:151} INFO - [2023-11-03T20:00:19.376+0000] {dag.py:3722} INFO - Setting next_dagrun for example_complex to None, run_after=None
[2023-11-03T20:00:19.431+0000] {processor.py:179} INFO - Processing /home/airflow/.local/lib/python3.8/site-packages/airflow/example_dags/example_complex.py took 0.215 seconds
[2023-11-03T20:00:50.510+0000] {processor.py:157} INFO - Started process (PID=35692) to work on /home/airflow/.local/lib/python3.8/site-packages/airflow/example_dags/example_complex.py
[2023-11-03T20:00:50.512+0000] {processor.py:829} INFO - Processing file /home/airflow/.local/lib/python3.8/site-packages/airflow/example_dags/example_complex.py for tasks to queue
[2023-11-03T20:00:50.520+0000] {logging_mixin.py:151} INFO - [2023-11-03T20:00:50.519+0000] {dagbag.py:536} INFO - Filling up the DagBag from /home/airflow/.local/lib/python3.8/site-packages/airflow/example_dags/example_complex.py
[2023-11-03T20:00:50.558+0000] {processor.py:839} INFO - DAG(s) dict_keys(['example_complex']) retrieved from /home/airflow/.local/lib/python3.8/site-packages/airflow/example_dags/example_complex.py
[2023-11-03T20:00:50.664+0000] {logging_mixin.py:151} INFO - [2023-11-03T20:00:50.664+0000] {dag.py:2941} INFO - Sync 1 DAGs
[2023-11-03T20:00:50.718+0000] {logging_mixin.py:151} INFO - [2023-11-03T20:00:50.718+0000] {dag.py:3722} INFO - Setting next_dagrun for example_complex to None, run_after=None
[2023-11-03T20:00:50.783+0000] {processor.py:179} INFO - Processing /home/airflow/.local/lib/python3.8/site-packages/airflow/example_dags/example_complex.py took 0.282 seconds
[2023-11-03T20:01:21.952+0000] {processor.py:157} INFO - Started process (PID=35754) to work on /home/airflow/.local/lib/python3.8/site-packages/airflow/example_dags/example_complex.py
[2023-11-03T20:01:21.968+0000] {processor.py:829} INFO - Processing file /home/airflow/.local/lib/python3.8/site-packages/airflow/example_dags/example_complex.py for tasks to queue
[2023-11-03T20:01:21.984+0000] {logging_mixin.py:151} INFO - [2023-11-03T20:01:21.983+0000] {dagbag.py:536} INFO - Filling up the DagBag from /home/airflow/.local/lib/python3.8/site-packages/airflow/example_dags/example_complex.py
[2023-11-03T20:01:22.028+0000] {processor.py:839} INFO - DAG(s) dict_keys(['example_complex']) retrieved from /home/airflow/.local/lib/python3.8/site-packages/airflow/example_dags/example_complex.py
[2023-11-03T20:01:22.148+0000] {logging_mixin.py:151} INFO - [2023-11-03T20:01:22.147+0000] {dag.py:2941} INFO - Sync 1 DAGs
[2023-11-03T20:01:22.200+0000] {logging_mixin.py:151} INFO - [2023-11-03T20:01:22.200+0000] {dag.py:3722} INFO - Setting next_dagrun for example_complex to None, run_after=None
[2023-11-03T20:01:22.268+0000] {processor.py:179} INFO - Processing /home/airflow/.local/lib/python3.8/site-packages/airflow/example_dags/example_complex.py took 0.337 seconds
[2023-11-03T20:01:52.702+0000] {processor.py:157} INFO - Started process (PID=35816) to work on /home/airflow/.local/lib/python3.8/site-packages/airflow/example_dags/example_complex.py
[2023-11-03T20:01:52.704+0000] {processor.py:829} INFO - Processing file /home/airflow/.local/lib/python3.8/site-packages/airflow/example_dags/example_complex.py for tasks to queue
[2023-11-03T20:01:52.711+0000] {logging_mixin.py:151} INFO - [2023-11-03T20:01:52.710+0000] {dagbag.py:536} INFO - Filling up the DagBag from /home/airflow/.local/lib/python3.8/site-packages/airflow/example_dags/example_complex.py
[2023-11-03T20:01:52.741+0000] {processor.py:839} INFO - DAG(s) dict_keys(['example_complex']) retrieved from /home/airflow/.local/lib/python3.8/site-packages/airflow/example_dags/example_complex.py
[2023-11-03T20:01:52.825+0000] {logging_mixin.py:151} INFO - [2023-11-03T20:01:52.824+0000] {dag.py:2941} INFO - Sync 1 DAGs
[2023-11-03T20:01:52.870+0000] {logging_mixin.py:151} INFO - [2023-11-03T20:01:52.869+0000] {dag.py:3722} INFO - Setting next_dagrun for example_complex to None, run_after=None
[2023-11-03T20:01:52.934+0000] {processor.py:179} INFO - Processing /home/airflow/.local/lib/python3.8/site-packages/airflow/example_dags/example_complex.py took 0.238 seconds
[2023-11-03T20:02:23.431+0000] {processor.py:157} INFO - Started process (PID=35878) to work on /home/airflow/.local/lib/python3.8/site-packages/airflow/example_dags/example_complex.py
[2023-11-03T20:02:23.434+0000] {processor.py:829} INFO - Processing file /home/airflow/.local/lib/python3.8/site-packages/airflow/example_dags/example_complex.py for tasks to queue
[2023-11-03T20:02:23.441+0000] {logging_mixin.py:151} INFO - [2023-11-03T20:02:23.440+0000] {dagbag.py:536} INFO - Filling up the DagBag from /home/airflow/.local/lib/python3.8/site-packages/airflow/example_dags/example_complex.py
[2023-11-03T20:02:23.471+0000] {processor.py:839} INFO - DAG(s) dict_keys(['example_complex']) retrieved from /home/airflow/.local/lib/python3.8/site-packages/airflow/example_dags/example_complex.py
[2023-11-03T20:02:23.548+0000] {logging_mixin.py:151} INFO - [2023-11-03T20:02:23.547+0000] {dag.py:2941} INFO - Sync 1 DAGs
[2023-11-03T20:02:23.584+0000] {logging_mixin.py:151} INFO - [2023-11-03T20:02:23.584+0000] {dag.py:3722} INFO - Setting next_dagrun for example_complex to None, run_after=None
[2023-11-03T20:02:23.645+0000] {processor.py:179} INFO - Processing /home/airflow/.local/lib/python3.8/site-packages/airflow/example_dags/example_complex.py took 0.220 seconds
[2023-11-03T20:02:54.283+0000] {processor.py:157} INFO - Started process (PID=35940) to work on /home/airflow/.local/lib/python3.8/site-packages/airflow/example_dags/example_complex.py
[2023-11-03T20:02:54.285+0000] {processor.py:829} INFO - Processing file /home/airflow/.local/lib/python3.8/site-packages/airflow/example_dags/example_complex.py for tasks to queue
[2023-11-03T20:02:54.292+0000] {logging_mixin.py:151} INFO - [2023-11-03T20:02:54.291+0000] {dagbag.py:536} INFO - Filling up the DagBag from /home/airflow/.local/lib/python3.8/site-packages/airflow/example_dags/example_complex.py
[2023-11-03T20:02:54.320+0000] {processor.py:839} INFO - DAG(s) dict_keys(['example_complex']) retrieved from /home/airflow/.local/lib/python3.8/site-packages/airflow/example_dags/example_complex.py
[2023-11-03T20:02:54.393+0000] {logging_mixin.py:151} INFO - [2023-11-03T20:02:54.392+0000] {dag.py:2941} INFO - Sync 1 DAGs
[2023-11-03T20:02:54.432+0000] {logging_mixin.py:151} INFO - [2023-11-03T20:02:54.431+0000] {dag.py:3722} INFO - Setting next_dagrun for example_complex to None, run_after=None
[2023-11-03T20:02:54.497+0000] {processor.py:179} INFO - Processing /home/airflow/.local/lib/python3.8/site-packages/airflow/example_dags/example_complex.py took 0.221 seconds
[2023-11-03T20:03:26.123+0000] {processor.py:157} INFO - Started process (PID=36003) to work on /home/airflow/.local/lib/python3.8/site-packages/airflow/example_dags/example_complex.py
[2023-11-03T20:03:26.126+0000] {processor.py:829} INFO - Processing file /home/airflow/.local/lib/python3.8/site-packages/airflow/example_dags/example_complex.py for tasks to queue
[2023-11-03T20:03:26.133+0000] {logging_mixin.py:151} INFO - [2023-11-03T20:03:26.132+0000] {dagbag.py:536} INFO - Filling up the DagBag from /home/airflow/.local/lib/python3.8/site-packages/airflow/example_dags/example_complex.py
[2023-11-03T20:03:26.160+0000] {processor.py:839} INFO - DAG(s) dict_keys(['example_complex']) retrieved from /home/airflow/.local/lib/python3.8/site-packages/airflow/example_dags/example_complex.py
[2023-11-03T20:03:26.241+0000] {logging_mixin.py:151} INFO - [2023-11-03T20:03:26.240+0000] {dag.py:2941} INFO - Sync 1 DAGs
[2023-11-03T20:03:26.270+0000] {logging_mixin.py:151} INFO - [2023-11-03T20:03:26.270+0000] {dag.py:3722} INFO - Setting next_dagrun for example_complex to None, run_after=None
[2023-11-03T20:03:26.326+0000] {processor.py:179} INFO - Processing /home/airflow/.local/lib/python3.8/site-packages/airflow/example_dags/example_complex.py took 0.212 seconds
[2023-11-03T20:03:56.738+0000] {processor.py:157} INFO - Started process (PID=36066) to work on /home/airflow/.local/lib/python3.8/site-packages/airflow/example_dags/example_complex.py
[2023-11-03T20:03:56.741+0000] {processor.py:829} INFO - Processing file /home/airflow/.local/lib/python3.8/site-packages/airflow/example_dags/example_complex.py for tasks to queue
[2023-11-03T20:03:56.748+0000] {logging_mixin.py:151} INFO - [2023-11-03T20:03:56.747+0000] {dagbag.py:536} INFO - Filling up the DagBag from /home/airflow/.local/lib/python3.8/site-packages/airflow/example_dags/example_complex.py
[2023-11-03T20:03:56.787+0000] {processor.py:839} INFO - DAG(s) dict_keys(['example_complex']) retrieved from /home/airflow/.local/lib/python3.8/site-packages/airflow/example_dags/example_complex.py
[2023-11-03T20:03:56.865+0000] {logging_mixin.py:151} INFO - [2023-11-03T20:03:56.864+0000] {dag.py:2941} INFO - Sync 1 DAGs
[2023-11-03T20:03:56.904+0000] {logging_mixin.py:151} INFO - [2023-11-03T20:03:56.903+0000] {dag.py:3722} INFO - Setting next_dagrun for example_complex to None, run_after=None
[2023-11-03T20:03:56.962+0000] {processor.py:179} INFO - Processing /home/airflow/.local/lib/python3.8/site-packages/airflow/example_dags/example_complex.py took 0.233 seconds
[2023-11-03T20:04:28.013+0000] {processor.py:157} INFO - Started process (PID=36127) to work on /home/airflow/.local/lib/python3.8/site-packages/airflow/example_dags/example_complex.py
[2023-11-03T20:04:28.016+0000] {processor.py:829} INFO - Processing file /home/airflow/.local/lib/python3.8/site-packages/airflow/example_dags/example_complex.py for tasks to queue
[2023-11-03T20:04:28.024+0000] {logging_mixin.py:151} INFO - [2023-11-03T20:04:28.023+0000] {dagbag.py:536} INFO - Filling up the DagBag from /home/airflow/.local/lib/python3.8/site-packages/airflow/example_dags/example_complex.py
[2023-11-03T20:04:28.056+0000] {processor.py:839} INFO - DAG(s) dict_keys(['example_complex']) retrieved from /home/airflow/.local/lib/python3.8/site-packages/airflow/example_dags/example_complex.py
[2023-11-03T20:04:28.135+0000] {logging_mixin.py:151} INFO - [2023-11-03T20:04:28.135+0000] {dag.py:2941} INFO - Sync 1 DAGs
[2023-11-03T20:04:28.170+0000] {logging_mixin.py:151} INFO - [2023-11-03T20:04:28.169+0000] {dag.py:3722} INFO - Setting next_dagrun for example_complex to None, run_after=None
[2023-11-03T20:04:28.242+0000] {processor.py:179} INFO - Processing /home/airflow/.local/lib/python3.8/site-packages/airflow/example_dags/example_complex.py took 0.237 seconds
[2023-11-03T20:04:58.397+0000] {processor.py:157} INFO - Started process (PID=36189) to work on /home/airflow/.local/lib/python3.8/site-packages/airflow/example_dags/example_complex.py
[2023-11-03T20:04:58.400+0000] {processor.py:829} INFO - Processing file /home/airflow/.local/lib/python3.8/site-packages/airflow/example_dags/example_complex.py for tasks to queue
[2023-11-03T20:04:58.406+0000] {logging_mixin.py:151} INFO - [2023-11-03T20:04:58.405+0000] {dagbag.py:536} INFO - Filling up the DagBag from /home/airflow/.local/lib/python3.8/site-packages/airflow/example_dags/example_complex.py
[2023-11-03T20:04:58.431+0000] {processor.py:839} INFO - DAG(s) dict_keys(['example_complex']) retrieved from /home/airflow/.local/lib/python3.8/site-packages/airflow/example_dags/example_complex.py
[2023-11-03T20:04:58.519+0000] {logging_mixin.py:151} INFO - [2023-11-03T20:04:58.519+0000] {dag.py:2941} INFO - Sync 1 DAGs
[2023-11-03T20:04:58.551+0000] {logging_mixin.py:151} INFO - [2023-11-03T20:04:58.550+0000] {dag.py:3722} INFO - Setting next_dagrun for example_complex to None, run_after=None
[2023-11-03T20:04:58.603+0000] {processor.py:179} INFO - Processing /home/airflow/.local/lib/python3.8/site-packages/airflow/example_dags/example_complex.py took 0.213 seconds
[2023-11-03T20:05:29.604+0000] {processor.py:157} INFO - Started process (PID=36251) to work on /home/airflow/.local/lib/python3.8/site-packages/airflow/example_dags/example_complex.py
[2023-11-03T20:05:29.609+0000] {processor.py:829} INFO - Processing file /home/airflow/.local/lib/python3.8/site-packages/airflow/example_dags/example_complex.py for tasks to queue
[2023-11-03T20:05:29.617+0000] {logging_mixin.py:151} INFO - [2023-11-03T20:05:29.615+0000] {dagbag.py:536} INFO - Filling up the DagBag from /home/airflow/.local/lib/python3.8/site-packages/airflow/example_dags/example_complex.py
[2023-11-03T20:05:29.646+0000] {processor.py:839} INFO - DAG(s) dict_keys(['example_complex']) retrieved from /home/airflow/.local/lib/python3.8/site-packages/airflow/example_dags/example_complex.py
[2023-11-03T20:05:29.781+0000] {logging_mixin.py:151} INFO - [2023-11-03T20:05:29.781+0000] {dag.py:2941} INFO - Sync 1 DAGs
[2023-11-03T20:05:29.843+0000] {logging_mixin.py:151} INFO - [2023-11-03T20:05:29.843+0000] {dag.py:3722} INFO - Setting next_dagrun for example_complex to None, run_after=None
[2023-11-03T20:05:30.032+0000] {processor.py:179} INFO - Processing /home/airflow/.local/lib/python3.8/site-packages/airflow/example_dags/example_complex.py took 0.441 seconds
[2023-11-03T20:06:00.706+0000] {processor.py:157} INFO - Started process (PID=36313) to work on /home/airflow/.local/lib/python3.8/site-packages/airflow/example_dags/example_complex.py
[2023-11-03T20:06:00.710+0000] {processor.py:829} INFO - Processing file /home/airflow/.local/lib/python3.8/site-packages/airflow/example_dags/example_complex.py for tasks to queue
[2023-11-03T20:06:00.720+0000] {logging_mixin.py:151} INFO - [2023-11-03T20:06:00.718+0000] {dagbag.py:536} INFO - Filling up the DagBag from /home/airflow/.local/lib/python3.8/site-packages/airflow/example_dags/example_complex.py
[2023-11-03T20:06:00.762+0000] {processor.py:839} INFO - DAG(s) dict_keys(['example_complex']) retrieved from /home/airflow/.local/lib/python3.8/site-packages/airflow/example_dags/example_complex.py
[2023-11-03T20:06:00.862+0000] {logging_mixin.py:151} INFO - [2023-11-03T20:06:00.861+0000] {dag.py:2941} INFO - Sync 1 DAGs
[2023-11-03T20:06:00.901+0000] {logging_mixin.py:151} INFO - [2023-11-03T20:06:00.900+0000] {dag.py:3722} INFO - Setting next_dagrun for example_complex to None, run_after=None
[2023-11-03T20:06:00.959+0000] {processor.py:179} INFO - Processing /home/airflow/.local/lib/python3.8/site-packages/airflow/example_dags/example_complex.py took 0.264 seconds
