[2023-11-03T19:42:50.067+0000] {processor.py:157} INFO - Started process (PID=33509) to work on /home/airflow/.local/lib/python3.8/site-packages/airflow/example_dags/example_skip_dag.py
[2023-11-03T19:42:50.070+0000] {processor.py:829} INFO - Processing file /home/airflow/.local/lib/python3.8/site-packages/airflow/example_dags/example_skip_dag.py for tasks to queue
[2023-11-03T19:42:50.080+0000] {logging_mixin.py:151} INFO - [2023-11-03T19:42:50.079+0000] {dagbag.py:536} INFO - Filling up the DagBag from /home/airflow/.local/lib/python3.8/site-packages/airflow/example_dags/example_skip_dag.py
[2023-11-03T19:42:50.107+0000] {processor.py:839} INFO - DAG(s) dict_keys(['example_skip_dag']) retrieved from /home/airflow/.local/lib/python3.8/site-packages/airflow/example_dags/example_skip_dag.py
[2023-11-03T19:42:50.176+0000] {logging_mixin.py:151} INFO - [2023-11-03T19:42:50.176+0000] {dag.py:2941} INFO - Sync 1 DAGs
[2023-11-03T19:42:50.253+0000] {logging_mixin.py:151} INFO - [2023-11-03T19:42:50.252+0000] {dag.py:3722} INFO - Setting next_dagrun for example_skip_dag to 2023-11-02T19:42:50.251815+00:00, run_after=2023-11-03T19:42:50.251815+00:00
[2023-11-03T19:42:50.702+0000] {processor.py:179} INFO - Processing /home/airflow/.local/lib/python3.8/site-packages/airflow/example_dags/example_skip_dag.py took 0.649 seconds
[2023-11-03T19:43:21.084+0000] {processor.py:157} INFO - Started process (PID=33571) to work on /home/airflow/.local/lib/python3.8/site-packages/airflow/example_dags/example_skip_dag.py
[2023-11-03T19:43:21.086+0000] {processor.py:829} INFO - Processing file /home/airflow/.local/lib/python3.8/site-packages/airflow/example_dags/example_skip_dag.py for tasks to queue
[2023-11-03T19:43:21.093+0000] {logging_mixin.py:151} INFO - [2023-11-03T19:43:21.092+0000] {dagbag.py:536} INFO - Filling up the DagBag from /home/airflow/.local/lib/python3.8/site-packages/airflow/example_dags/example_skip_dag.py
[2023-11-03T19:43:21.111+0000] {processor.py:839} INFO - DAG(s) dict_keys(['example_skip_dag']) retrieved from /home/airflow/.local/lib/python3.8/site-packages/airflow/example_dags/example_skip_dag.py
[2023-11-03T19:43:21.181+0000] {logging_mixin.py:151} INFO - [2023-11-03T19:43:21.181+0000] {dag.py:2941} INFO - Sync 1 DAGs
[2023-11-03T19:43:21.265+0000] {logging_mixin.py:151} INFO - [2023-11-03T19:43:21.264+0000] {dag.py:3722} INFO - Setting next_dagrun for example_skip_dag to 2023-11-02T19:43:21.263713+00:00, run_after=2023-11-03T19:43:21.263713+00:00
[2023-11-03T19:43:21.328+0000] {processor.py:179} INFO - Processing /home/airflow/.local/lib/python3.8/site-packages/airflow/example_dags/example_skip_dag.py took 0.252 seconds
[2023-11-03T19:43:51.604+0000] {processor.py:157} INFO - Started process (PID=33633) to work on /home/airflow/.local/lib/python3.8/site-packages/airflow/example_dags/example_skip_dag.py
[2023-11-03T19:43:51.608+0000] {processor.py:829} INFO - Processing file /home/airflow/.local/lib/python3.8/site-packages/airflow/example_dags/example_skip_dag.py for tasks to queue
[2023-11-03T19:43:51.618+0000] {logging_mixin.py:151} INFO - [2023-11-03T19:43:51.616+0000] {dagbag.py:536} INFO - Filling up the DagBag from /home/airflow/.local/lib/python3.8/site-packages/airflow/example_dags/example_skip_dag.py
[2023-11-03T19:43:51.639+0000] {processor.py:839} INFO - DAG(s) dict_keys(['example_skip_dag']) retrieved from /home/airflow/.local/lib/python3.8/site-packages/airflow/example_dags/example_skip_dag.py
[2023-11-03T19:43:51.704+0000] {logging_mixin.py:151} INFO - [2023-11-03T19:43:51.704+0000] {dag.py:2941} INFO - Sync 1 DAGs
[2023-11-03T19:43:51.857+0000] {logging_mixin.py:151} INFO - [2023-11-03T19:43:51.856+0000] {dag.py:3722} INFO - Setting next_dagrun for example_skip_dag to 2023-11-02T19:43:51.855915+00:00, run_after=2023-11-03T19:43:51.855915+00:00
[2023-11-03T19:43:51.963+0000] {processor.py:179} INFO - Processing /home/airflow/.local/lib/python3.8/site-packages/airflow/example_dags/example_skip_dag.py took 0.372 seconds
[2023-11-03T19:44:22.177+0000] {processor.py:157} INFO - Started process (PID=33695) to work on /home/airflow/.local/lib/python3.8/site-packages/airflow/example_dags/example_skip_dag.py
[2023-11-03T19:44:22.180+0000] {processor.py:829} INFO - Processing file /home/airflow/.local/lib/python3.8/site-packages/airflow/example_dags/example_skip_dag.py for tasks to queue
[2023-11-03T19:44:22.188+0000] {logging_mixin.py:151} INFO - [2023-11-03T19:44:22.187+0000] {dagbag.py:536} INFO - Filling up the DagBag from /home/airflow/.local/lib/python3.8/site-packages/airflow/example_dags/example_skip_dag.py
[2023-11-03T19:44:22.212+0000] {processor.py:839} INFO - DAG(s) dict_keys(['example_skip_dag']) retrieved from /home/airflow/.local/lib/python3.8/site-packages/airflow/example_dags/example_skip_dag.py
[2023-11-03T19:44:22.263+0000] {logging_mixin.py:151} INFO - [2023-11-03T19:44:22.262+0000] {dag.py:2941} INFO - Sync 1 DAGs
[2023-11-03T19:44:22.319+0000] {logging_mixin.py:151} INFO - [2023-11-03T19:44:22.318+0000] {dag.py:3722} INFO - Setting next_dagrun for example_skip_dag to 2023-11-02T19:44:22.317916+00:00, run_after=2023-11-03T19:44:22.317916+00:00
[2023-11-03T19:44:22.375+0000] {processor.py:179} INFO - Processing /home/airflow/.local/lib/python3.8/site-packages/airflow/example_dags/example_skip_dag.py took 0.205 seconds
[2023-11-03T19:44:53.438+0000] {processor.py:157} INFO - Started process (PID=33757) to work on /home/airflow/.local/lib/python3.8/site-packages/airflow/example_dags/example_skip_dag.py
[2023-11-03T19:44:53.442+0000] {processor.py:829} INFO - Processing file /home/airflow/.local/lib/python3.8/site-packages/airflow/example_dags/example_skip_dag.py for tasks to queue
[2023-11-03T19:44:53.450+0000] {logging_mixin.py:151} INFO - [2023-11-03T19:44:53.448+0000] {dagbag.py:536} INFO - Filling up the DagBag from /home/airflow/.local/lib/python3.8/site-packages/airflow/example_dags/example_skip_dag.py
[2023-11-03T19:44:53.473+0000] {processor.py:839} INFO - DAG(s) dict_keys(['example_skip_dag']) retrieved from /home/airflow/.local/lib/python3.8/site-packages/airflow/example_dags/example_skip_dag.py
[2023-11-03T19:44:53.534+0000] {logging_mixin.py:151} INFO - [2023-11-03T19:44:53.534+0000] {dag.py:2941} INFO - Sync 1 DAGs
[2023-11-03T19:44:53.585+0000] {logging_mixin.py:151} INFO - [2023-11-03T19:44:53.584+0000] {dag.py:3722} INFO - Setting next_dagrun for example_skip_dag to 2023-11-02T19:44:53.583997+00:00, run_after=2023-11-03T19:44:53.583997+00:00
[2023-11-03T19:44:53.644+0000] {processor.py:179} INFO - Processing /home/airflow/.local/lib/python3.8/site-packages/airflow/example_dags/example_skip_dag.py took 0.218 seconds
[2023-11-03T19:45:23.939+0000] {processor.py:157} INFO - Started process (PID=33820) to work on /home/airflow/.local/lib/python3.8/site-packages/airflow/example_dags/example_skip_dag.py
[2023-11-03T19:45:23.958+0000] {processor.py:829} INFO - Processing file /home/airflow/.local/lib/python3.8/site-packages/airflow/example_dags/example_skip_dag.py for tasks to queue
[2023-11-03T19:45:23.977+0000] {logging_mixin.py:151} INFO - [2023-11-03T19:45:23.976+0000] {dagbag.py:536} INFO - Filling up the DagBag from /home/airflow/.local/lib/python3.8/site-packages/airflow/example_dags/example_skip_dag.py
[2023-11-03T19:45:24.003+0000] {processor.py:839} INFO - DAG(s) dict_keys(['example_skip_dag']) retrieved from /home/airflow/.local/lib/python3.8/site-packages/airflow/example_dags/example_skip_dag.py
[2023-11-03T19:45:24.058+0000] {logging_mixin.py:151} INFO - [2023-11-03T19:45:24.057+0000] {dag.py:2941} INFO - Sync 1 DAGs
[2023-11-03T19:45:24.122+0000] {logging_mixin.py:151} INFO - [2023-11-03T19:45:24.121+0000] {dag.py:3722} INFO - Setting next_dagrun for example_skip_dag to 2023-11-02T19:45:24.121162+00:00, run_after=2023-11-03T19:45:24.121162+00:00
[2023-11-03T19:45:24.182+0000] {processor.py:179} INFO - Processing /home/airflow/.local/lib/python3.8/site-packages/airflow/example_dags/example_skip_dag.py took 0.265 seconds
[2023-11-03T19:45:54.647+0000] {processor.py:157} INFO - Started process (PID=33882) to work on /home/airflow/.local/lib/python3.8/site-packages/airflow/example_dags/example_skip_dag.py
[2023-11-03T19:45:54.650+0000] {processor.py:829} INFO - Processing file /home/airflow/.local/lib/python3.8/site-packages/airflow/example_dags/example_skip_dag.py for tasks to queue
[2023-11-03T19:45:54.660+0000] {logging_mixin.py:151} INFO - [2023-11-03T19:45:54.658+0000] {dagbag.py:536} INFO - Filling up the DagBag from /home/airflow/.local/lib/python3.8/site-packages/airflow/example_dags/example_skip_dag.py
[2023-11-03T19:45:54.678+0000] {processor.py:839} INFO - DAG(s) dict_keys(['example_skip_dag']) retrieved from /home/airflow/.local/lib/python3.8/site-packages/airflow/example_dags/example_skip_dag.py
[2023-11-03T19:45:54.750+0000] {logging_mixin.py:151} INFO - [2023-11-03T19:45:54.750+0000] {dag.py:2941} INFO - Sync 1 DAGs
[2023-11-03T19:45:54.803+0000] {logging_mixin.py:151} INFO - [2023-11-03T19:45:54.803+0000] {dag.py:3722} INFO - Setting next_dagrun for example_skip_dag to 2023-11-02T19:45:54.802620+00:00, run_after=2023-11-03T19:45:54.802620+00:00
[2023-11-03T19:45:54.872+0000] {processor.py:179} INFO - Processing /home/airflow/.local/lib/python3.8/site-packages/airflow/example_dags/example_skip_dag.py took 0.235 seconds
[2023-11-03T19:46:25.600+0000] {processor.py:157} INFO - Started process (PID=33944) to work on /home/airflow/.local/lib/python3.8/site-packages/airflow/example_dags/example_skip_dag.py
[2023-11-03T19:46:25.603+0000] {processor.py:829} INFO - Processing file /home/airflow/.local/lib/python3.8/site-packages/airflow/example_dags/example_skip_dag.py for tasks to queue
[2023-11-03T19:46:25.613+0000] {logging_mixin.py:151} INFO - [2023-11-03T19:46:25.611+0000] {dagbag.py:536} INFO - Filling up the DagBag from /home/airflow/.local/lib/python3.8/site-packages/airflow/example_dags/example_skip_dag.py
[2023-11-03T19:46:25.636+0000] {processor.py:839} INFO - DAG(s) dict_keys(['example_skip_dag']) retrieved from /home/airflow/.local/lib/python3.8/site-packages/airflow/example_dags/example_skip_dag.py
[2023-11-03T19:46:25.724+0000] {logging_mixin.py:151} INFO - [2023-11-03T19:46:25.723+0000] {dag.py:2941} INFO - Sync 1 DAGs
[2023-11-03T19:46:25.875+0000] {logging_mixin.py:151} INFO - [2023-11-03T19:46:25.873+0000] {dag.py:3722} INFO - Setting next_dagrun for example_skip_dag to 2023-11-02T19:46:25.872594+00:00, run_after=2023-11-03T19:46:25.872594+00:00
[2023-11-03T19:46:26.016+0000] {processor.py:179} INFO - Processing /home/airflow/.local/lib/python3.8/site-packages/airflow/example_dags/example_skip_dag.py took 0.430 seconds
[2023-11-03T19:46:56.601+0000] {processor.py:157} INFO - Started process (PID=34006) to work on /home/airflow/.local/lib/python3.8/site-packages/airflow/example_dags/example_skip_dag.py
[2023-11-03T19:46:56.605+0000] {processor.py:829} INFO - Processing file /home/airflow/.local/lib/python3.8/site-packages/airflow/example_dags/example_skip_dag.py for tasks to queue
[2023-11-03T19:46:56.612+0000] {logging_mixin.py:151} INFO - [2023-11-03T19:46:56.611+0000] {dagbag.py:536} INFO - Filling up the DagBag from /home/airflow/.local/lib/python3.8/site-packages/airflow/example_dags/example_skip_dag.py
[2023-11-03T19:46:56.630+0000] {processor.py:839} INFO - DAG(s) dict_keys(['example_skip_dag']) retrieved from /home/airflow/.local/lib/python3.8/site-packages/airflow/example_dags/example_skip_dag.py
[2023-11-03T19:46:56.683+0000] {logging_mixin.py:151} INFO - [2023-11-03T19:46:56.683+0000] {dag.py:2941} INFO - Sync 1 DAGs
[2023-11-03T19:46:56.744+0000] {logging_mixin.py:151} INFO - [2023-11-03T19:46:56.744+0000] {dag.py:3722} INFO - Setting next_dagrun for example_skip_dag to 2023-11-02T19:46:56.743731+00:00, run_after=2023-11-03T19:46:56.743731+00:00
[2023-11-03T19:46:56.820+0000] {processor.py:179} INFO - Processing /home/airflow/.local/lib/python3.8/site-packages/airflow/example_dags/example_skip_dag.py took 0.236 seconds
[2023-11-03T19:47:27.014+0000] {processor.py:157} INFO - Started process (PID=34068) to work on /home/airflow/.local/lib/python3.8/site-packages/airflow/example_dags/example_skip_dag.py
[2023-11-03T19:47:27.017+0000] {processor.py:829} INFO - Processing file /home/airflow/.local/lib/python3.8/site-packages/airflow/example_dags/example_skip_dag.py for tasks to queue
[2023-11-03T19:47:27.027+0000] {logging_mixin.py:151} INFO - [2023-11-03T19:47:27.026+0000] {dagbag.py:536} INFO - Filling up the DagBag from /home/airflow/.local/lib/python3.8/site-packages/airflow/example_dags/example_skip_dag.py
[2023-11-03T19:47:27.045+0000] {processor.py:839} INFO - DAG(s) dict_keys(['example_skip_dag']) retrieved from /home/airflow/.local/lib/python3.8/site-packages/airflow/example_dags/example_skip_dag.py
[2023-11-03T19:47:27.102+0000] {logging_mixin.py:151} INFO - [2023-11-03T19:47:27.101+0000] {dag.py:2941} INFO - Sync 1 DAGs
[2023-11-03T19:47:27.170+0000] {logging_mixin.py:151} INFO - [2023-11-03T19:47:27.170+0000] {dag.py:3722} INFO - Setting next_dagrun for example_skip_dag to 2023-11-02T19:47:27.169508+00:00, run_after=2023-11-03T19:47:27.169508+00:00
[2023-11-03T19:47:27.246+0000] {processor.py:179} INFO - Processing /home/airflow/.local/lib/python3.8/site-packages/airflow/example_dags/example_skip_dag.py took 0.244 seconds
[2023-11-03T19:47:57.801+0000] {processor.py:157} INFO - Started process (PID=34130) to work on /home/airflow/.local/lib/python3.8/site-packages/airflow/example_dags/example_skip_dag.py
[2023-11-03T19:47:57.804+0000] {processor.py:829} INFO - Processing file /home/airflow/.local/lib/python3.8/site-packages/airflow/example_dags/example_skip_dag.py for tasks to queue
[2023-11-03T19:47:57.811+0000] {logging_mixin.py:151} INFO - [2023-11-03T19:47:57.810+0000] {dagbag.py:536} INFO - Filling up the DagBag from /home/airflow/.local/lib/python3.8/site-packages/airflow/example_dags/example_skip_dag.py
[2023-11-03T19:47:57.831+0000] {processor.py:839} INFO - DAG(s) dict_keys(['example_skip_dag']) retrieved from /home/airflow/.local/lib/python3.8/site-packages/airflow/example_dags/example_skip_dag.py
[2023-11-03T19:47:57.905+0000] {logging_mixin.py:151} INFO - [2023-11-03T19:47:57.904+0000] {dag.py:2941} INFO - Sync 1 DAGs
[2023-11-03T19:47:57.974+0000] {logging_mixin.py:151} INFO - [2023-11-03T19:47:57.974+0000] {dag.py:3722} INFO - Setting next_dagrun for example_skip_dag to 2023-11-02T19:47:57.973361+00:00, run_after=2023-11-03T19:47:57.973361+00:00
[2023-11-03T19:47:58.033+0000] {processor.py:179} INFO - Processing /home/airflow/.local/lib/python3.8/site-packages/airflow/example_dags/example_skip_dag.py took 0.239 seconds
[2023-11-03T19:48:28.354+0000] {processor.py:157} INFO - Started process (PID=34192) to work on /home/airflow/.local/lib/python3.8/site-packages/airflow/example_dags/example_skip_dag.py
[2023-11-03T19:48:28.356+0000] {processor.py:829} INFO - Processing file /home/airflow/.local/lib/python3.8/site-packages/airflow/example_dags/example_skip_dag.py for tasks to queue
[2023-11-03T19:48:28.363+0000] {logging_mixin.py:151} INFO - [2023-11-03T19:48:28.362+0000] {dagbag.py:536} INFO - Filling up the DagBag from /home/airflow/.local/lib/python3.8/site-packages/airflow/example_dags/example_skip_dag.py
[2023-11-03T19:48:28.381+0000] {processor.py:839} INFO - DAG(s) dict_keys(['example_skip_dag']) retrieved from /home/airflow/.local/lib/python3.8/site-packages/airflow/example_dags/example_skip_dag.py
[2023-11-03T19:48:28.430+0000] {logging_mixin.py:151} INFO - [2023-11-03T19:48:28.429+0000] {dag.py:2941} INFO - Sync 1 DAGs
[2023-11-03T19:48:28.485+0000] {logging_mixin.py:151} INFO - [2023-11-03T19:48:28.485+0000] {dag.py:3722} INFO - Setting next_dagrun for example_skip_dag to 2023-11-02T19:48:28.484717+00:00, run_after=2023-11-03T19:48:28.484717+00:00
[2023-11-03T19:48:28.546+0000] {processor.py:179} INFO - Processing /home/airflow/.local/lib/python3.8/site-packages/airflow/example_dags/example_skip_dag.py took 0.199 seconds
[2023-11-03T19:48:58.828+0000] {processor.py:157} INFO - Started process (PID=34254) to work on /home/airflow/.local/lib/python3.8/site-packages/airflow/example_dags/example_skip_dag.py
[2023-11-03T19:48:58.830+0000] {processor.py:829} INFO - Processing file /home/airflow/.local/lib/python3.8/site-packages/airflow/example_dags/example_skip_dag.py for tasks to queue
[2023-11-03T19:48:58.837+0000] {logging_mixin.py:151} INFO - [2023-11-03T19:48:58.835+0000] {dagbag.py:536} INFO - Filling up the DagBag from /home/airflow/.local/lib/python3.8/site-packages/airflow/example_dags/example_skip_dag.py
[2023-11-03T19:48:58.855+0000] {processor.py:839} INFO - DAG(s) dict_keys(['example_skip_dag']) retrieved from /home/airflow/.local/lib/python3.8/site-packages/airflow/example_dags/example_skip_dag.py
[2023-11-03T19:48:58.907+0000] {logging_mixin.py:151} INFO - [2023-11-03T19:48:58.906+0000] {dag.py:2941} INFO - Sync 1 DAGs
[2023-11-03T19:48:58.962+0000] {logging_mixin.py:151} INFO - [2023-11-03T19:48:58.961+0000] {dag.py:3722} INFO - Setting next_dagrun for example_skip_dag to 2023-11-02T19:48:58.961012+00:00, run_after=2023-11-03T19:48:58.961012+00:00
[2023-11-03T19:48:59.025+0000] {processor.py:179} INFO - Processing /home/airflow/.local/lib/python3.8/site-packages/airflow/example_dags/example_skip_dag.py took 0.204 seconds
[2023-11-03T19:49:29.755+0000] {processor.py:157} INFO - Started process (PID=34316) to work on /home/airflow/.local/lib/python3.8/site-packages/airflow/example_dags/example_skip_dag.py
[2023-11-03T19:49:29.794+0000] {processor.py:829} INFO - Processing file /home/airflow/.local/lib/python3.8/site-packages/airflow/example_dags/example_skip_dag.py for tasks to queue
[2023-11-03T19:49:29.813+0000] {logging_mixin.py:151} INFO - [2023-11-03T19:49:29.811+0000] {dagbag.py:536} INFO - Filling up the DagBag from /home/airflow/.local/lib/python3.8/site-packages/airflow/example_dags/example_skip_dag.py
[2023-11-03T19:49:29.898+0000] {processor.py:839} INFO - DAG(s) dict_keys(['example_skip_dag']) retrieved from /home/airflow/.local/lib/python3.8/site-packages/airflow/example_dags/example_skip_dag.py
[2023-11-03T19:49:30.020+0000] {logging_mixin.py:151} INFO - [2023-11-03T19:49:30.019+0000] {dag.py:2941} INFO - Sync 1 DAGs
[2023-11-03T19:49:30.090+0000] {logging_mixin.py:151} INFO - [2023-11-03T19:49:30.089+0000] {dag.py:3722} INFO - Setting next_dagrun for example_skip_dag to 2023-11-02T19:49:30.088757+00:00, run_after=2023-11-03T19:49:30.088757+00:00
[2023-11-03T19:49:30.170+0000] {processor.py:179} INFO - Processing /home/airflow/.local/lib/python3.8/site-packages/airflow/example_dags/example_skip_dag.py took 0.425 seconds
[2023-11-03T19:50:00.438+0000] {processor.py:157} INFO - Started process (PID=34378) to work on /home/airflow/.local/lib/python3.8/site-packages/airflow/example_dags/example_skip_dag.py
[2023-11-03T19:50:00.441+0000] {processor.py:829} INFO - Processing file /home/airflow/.local/lib/python3.8/site-packages/airflow/example_dags/example_skip_dag.py for tasks to queue
[2023-11-03T19:50:00.447+0000] {logging_mixin.py:151} INFO - [2023-11-03T19:50:00.446+0000] {dagbag.py:536} INFO - Filling up the DagBag from /home/airflow/.local/lib/python3.8/site-packages/airflow/example_dags/example_skip_dag.py
[2023-11-03T19:50:00.462+0000] {processor.py:839} INFO - DAG(s) dict_keys(['example_skip_dag']) retrieved from /home/airflow/.local/lib/python3.8/site-packages/airflow/example_dags/example_skip_dag.py
[2023-11-03T19:50:00.520+0000] {logging_mixin.py:151} INFO - [2023-11-03T19:50:00.519+0000] {dag.py:2941} INFO - Sync 1 DAGs
[2023-11-03T19:50:00.596+0000] {logging_mixin.py:151} INFO - [2023-11-03T19:50:00.595+0000] {dag.py:3722} INFO - Setting next_dagrun for example_skip_dag to 2023-11-02T19:50:00.593752+00:00, run_after=2023-11-03T19:50:00.593752+00:00
[2023-11-03T19:50:00.669+0000] {processor.py:179} INFO - Processing /home/airflow/.local/lib/python3.8/site-packages/airflow/example_dags/example_skip_dag.py took 0.240 seconds
[2023-11-03T19:50:30.831+0000] {processor.py:157} INFO - Started process (PID=34440) to work on /home/airflow/.local/lib/python3.8/site-packages/airflow/example_dags/example_skip_dag.py
[2023-11-03T19:50:30.834+0000] {processor.py:829} INFO - Processing file /home/airflow/.local/lib/python3.8/site-packages/airflow/example_dags/example_skip_dag.py for tasks to queue
[2023-11-03T19:50:30.842+0000] {logging_mixin.py:151} INFO - [2023-11-03T19:50:30.840+0000] {dagbag.py:536} INFO - Filling up the DagBag from /home/airflow/.local/lib/python3.8/site-packages/airflow/example_dags/example_skip_dag.py
[2023-11-03T19:50:30.866+0000] {processor.py:839} INFO - DAG(s) dict_keys(['example_skip_dag']) retrieved from /home/airflow/.local/lib/python3.8/site-packages/airflow/example_dags/example_skip_dag.py
[2023-11-03T19:50:30.935+0000] {logging_mixin.py:151} INFO - [2023-11-03T19:50:30.934+0000] {dag.py:2941} INFO - Sync 1 DAGs
[2023-11-03T19:50:31.007+0000] {logging_mixin.py:151} INFO - [2023-11-03T19:50:31.006+0000] {dag.py:3722} INFO - Setting next_dagrun for example_skip_dag to 2023-11-02T19:50:31.005929+00:00, run_after=2023-11-03T19:50:31.005929+00:00
[2023-11-03T19:50:31.080+0000] {processor.py:179} INFO - Processing /home/airflow/.local/lib/python3.8/site-packages/airflow/example_dags/example_skip_dag.py took 0.258 seconds
[2023-11-03T19:51:01.977+0000] {processor.py:157} INFO - Started process (PID=34502) to work on /home/airflow/.local/lib/python3.8/site-packages/airflow/example_dags/example_skip_dag.py
[2023-11-03T19:51:01.979+0000] {processor.py:829} INFO - Processing file /home/airflow/.local/lib/python3.8/site-packages/airflow/example_dags/example_skip_dag.py for tasks to queue
[2023-11-03T19:51:01.986+0000] {logging_mixin.py:151} INFO - [2023-11-03T19:51:01.984+0000] {dagbag.py:536} INFO - Filling up the DagBag from /home/airflow/.local/lib/python3.8/site-packages/airflow/example_dags/example_skip_dag.py
[2023-11-03T19:51:02.002+0000] {processor.py:839} INFO - DAG(s) dict_keys(['example_skip_dag']) retrieved from /home/airflow/.local/lib/python3.8/site-packages/airflow/example_dags/example_skip_dag.py
[2023-11-03T19:51:02.055+0000] {logging_mixin.py:151} INFO - [2023-11-03T19:51:02.054+0000] {dag.py:2941} INFO - Sync 1 DAGs
[2023-11-03T19:51:02.117+0000] {logging_mixin.py:151} INFO - [2023-11-03T19:51:02.117+0000] {dag.py:3722} INFO - Setting next_dagrun for example_skip_dag to 2023-11-02T19:51:02.116568+00:00, run_after=2023-11-03T19:51:02.116568+00:00
[2023-11-03T19:51:02.171+0000] {processor.py:179} INFO - Processing /home/airflow/.local/lib/python3.8/site-packages/airflow/example_dags/example_skip_dag.py took 0.201 seconds
[2023-11-03T19:51:32.798+0000] {processor.py:157} INFO - Started process (PID=34564) to work on /home/airflow/.local/lib/python3.8/site-packages/airflow/example_dags/example_skip_dag.py
[2023-11-03T19:51:32.801+0000] {processor.py:829} INFO - Processing file /home/airflow/.local/lib/python3.8/site-packages/airflow/example_dags/example_skip_dag.py for tasks to queue
[2023-11-03T19:51:32.810+0000] {logging_mixin.py:151} INFO - [2023-11-03T19:51:32.808+0000] {dagbag.py:536} INFO - Filling up the DagBag from /home/airflow/.local/lib/python3.8/site-packages/airflow/example_dags/example_skip_dag.py
[2023-11-03T19:51:32.838+0000] {processor.py:839} INFO - DAG(s) dict_keys(['example_skip_dag']) retrieved from /home/airflow/.local/lib/python3.8/site-packages/airflow/example_dags/example_skip_dag.py
[2023-11-03T19:51:32.896+0000] {logging_mixin.py:151} INFO - [2023-11-03T19:51:32.895+0000] {dag.py:2941} INFO - Sync 1 DAGs
[2023-11-03T19:51:32.963+0000] {logging_mixin.py:151} INFO - [2023-11-03T19:51:32.962+0000] {dag.py:3722} INFO - Setting next_dagrun for example_skip_dag to 2023-11-02T19:51:32.961773+00:00, run_after=2023-11-03T19:51:32.961773+00:00
[2023-11-03T19:51:33.017+0000] {processor.py:179} INFO - Processing /home/airflow/.local/lib/python3.8/site-packages/airflow/example_dags/example_skip_dag.py took 0.228 seconds
[2023-11-03T19:52:04.671+0000] {processor.py:157} INFO - Started process (PID=34626) to work on /home/airflow/.local/lib/python3.8/site-packages/airflow/example_dags/example_skip_dag.py
[2023-11-03T19:52:04.674+0000] {processor.py:829} INFO - Processing file /home/airflow/.local/lib/python3.8/site-packages/airflow/example_dags/example_skip_dag.py for tasks to queue
[2023-11-03T19:52:04.681+0000] {logging_mixin.py:151} INFO - [2023-11-03T19:52:04.680+0000] {dagbag.py:536} INFO - Filling up the DagBag from /home/airflow/.local/lib/python3.8/site-packages/airflow/example_dags/example_skip_dag.py
[2023-11-03T19:52:04.701+0000] {processor.py:839} INFO - DAG(s) dict_keys(['example_skip_dag']) retrieved from /home/airflow/.local/lib/python3.8/site-packages/airflow/example_dags/example_skip_dag.py
[2023-11-03T19:52:04.758+0000] {logging_mixin.py:151} INFO - [2023-11-03T19:52:04.757+0000] {dag.py:2941} INFO - Sync 1 DAGs
[2023-11-03T19:52:04.820+0000] {logging_mixin.py:151} INFO - [2023-11-03T19:52:04.820+0000] {dag.py:3722} INFO - Setting next_dagrun for example_skip_dag to 2023-11-02T19:52:04.819795+00:00, run_after=2023-11-03T19:52:04.819795+00:00
[2023-11-03T19:52:04.895+0000] {processor.py:179} INFO - Processing /home/airflow/.local/lib/python3.8/site-packages/airflow/example_dags/example_skip_dag.py took 0.232 seconds
[2023-11-03T19:52:35.133+0000] {processor.py:157} INFO - Started process (PID=34695) to work on /home/airflow/.local/lib/python3.8/site-packages/airflow/example_dags/example_skip_dag.py
[2023-11-03T19:52:35.135+0000] {processor.py:829} INFO - Processing file /home/airflow/.local/lib/python3.8/site-packages/airflow/example_dags/example_skip_dag.py for tasks to queue
[2023-11-03T19:52:35.142+0000] {logging_mixin.py:151} INFO - [2023-11-03T19:52:35.141+0000] {dagbag.py:536} INFO - Filling up the DagBag from /home/airflow/.local/lib/python3.8/site-packages/airflow/example_dags/example_skip_dag.py
[2023-11-03T19:52:35.165+0000] {processor.py:839} INFO - DAG(s) dict_keys(['example_skip_dag']) retrieved from /home/airflow/.local/lib/python3.8/site-packages/airflow/example_dags/example_skip_dag.py
[2023-11-03T19:52:35.228+0000] {logging_mixin.py:151} INFO - [2023-11-03T19:52:35.227+0000] {dag.py:2941} INFO - Sync 1 DAGs
[2023-11-03T19:52:35.287+0000] {logging_mixin.py:151} INFO - [2023-11-03T19:52:35.287+0000] {dag.py:3722} INFO - Setting next_dagrun for example_skip_dag to 2023-11-02T19:52:35.286422+00:00, run_after=2023-11-03T19:52:35.286422+00:00
[2023-11-03T19:52:35.363+0000] {processor.py:179} INFO - Processing /home/airflow/.local/lib/python3.8/site-packages/airflow/example_dags/example_skip_dag.py took 0.237 seconds
[2023-11-03T19:53:06.183+0000] {processor.py:157} INFO - Started process (PID=34757) to work on /home/airflow/.local/lib/python3.8/site-packages/airflow/example_dags/example_skip_dag.py
[2023-11-03T19:53:06.186+0000] {processor.py:829} INFO - Processing file /home/airflow/.local/lib/python3.8/site-packages/airflow/example_dags/example_skip_dag.py for tasks to queue
[2023-11-03T19:53:06.198+0000] {logging_mixin.py:151} INFO - [2023-11-03T19:53:06.196+0000] {dagbag.py:536} INFO - Filling up the DagBag from /home/airflow/.local/lib/python3.8/site-packages/airflow/example_dags/example_skip_dag.py
[2023-11-03T19:53:06.231+0000] {processor.py:839} INFO - DAG(s) dict_keys(['example_skip_dag']) retrieved from /home/airflow/.local/lib/python3.8/site-packages/airflow/example_dags/example_skip_dag.py
[2023-11-03T19:53:06.288+0000] {logging_mixin.py:151} INFO - [2023-11-03T19:53:06.287+0000] {dag.py:2941} INFO - Sync 1 DAGs
[2023-11-03T19:53:06.362+0000] {logging_mixin.py:151} INFO - [2023-11-03T19:53:06.362+0000] {dag.py:3722} INFO - Setting next_dagrun for example_skip_dag to 2023-11-02T19:53:06.361475+00:00, run_after=2023-11-03T19:53:06.361475+00:00
[2023-11-03T19:53:06.416+0000] {processor.py:179} INFO - Processing /home/airflow/.local/lib/python3.8/site-packages/airflow/example_dags/example_skip_dag.py took 0.245 seconds
[2023-11-03T19:53:36.852+0000] {processor.py:157} INFO - Started process (PID=34819) to work on /home/airflow/.local/lib/python3.8/site-packages/airflow/example_dags/example_skip_dag.py
[2023-11-03T19:53:36.856+0000] {processor.py:829} INFO - Processing file /home/airflow/.local/lib/python3.8/site-packages/airflow/example_dags/example_skip_dag.py for tasks to queue
[2023-11-03T19:53:36.865+0000] {logging_mixin.py:151} INFO - [2023-11-03T19:53:36.863+0000] {dagbag.py:536} INFO - Filling up the DagBag from /home/airflow/.local/lib/python3.8/site-packages/airflow/example_dags/example_skip_dag.py
[2023-11-03T19:53:36.884+0000] {processor.py:839} INFO - DAG(s) dict_keys(['example_skip_dag']) retrieved from /home/airflow/.local/lib/python3.8/site-packages/airflow/example_dags/example_skip_dag.py
[2023-11-03T19:53:36.955+0000] {logging_mixin.py:151} INFO - [2023-11-03T19:53:36.954+0000] {dag.py:2941} INFO - Sync 1 DAGs
[2023-11-03T19:53:37.031+0000] {logging_mixin.py:151} INFO - [2023-11-03T19:53:37.030+0000] {dag.py:3722} INFO - Setting next_dagrun for example_skip_dag to 2023-11-02T19:53:37.030411+00:00, run_after=2023-11-03T19:53:37.030411+00:00
[2023-11-03T19:53:37.091+0000] {processor.py:179} INFO - Processing /home/airflow/.local/lib/python3.8/site-packages/airflow/example_dags/example_skip_dag.py took 0.250 seconds
[2023-11-03T19:54:08.622+0000] {processor.py:157} INFO - Started process (PID=34881) to work on /home/airflow/.local/lib/python3.8/site-packages/airflow/example_dags/example_skip_dag.py
[2023-11-03T19:54:08.624+0000] {processor.py:829} INFO - Processing file /home/airflow/.local/lib/python3.8/site-packages/airflow/example_dags/example_skip_dag.py for tasks to queue
[2023-11-03T19:54:08.632+0000] {logging_mixin.py:151} INFO - [2023-11-03T19:54:08.630+0000] {dagbag.py:536} INFO - Filling up the DagBag from /home/airflow/.local/lib/python3.8/site-packages/airflow/example_dags/example_skip_dag.py
[2023-11-03T19:54:08.651+0000] {processor.py:839} INFO - DAG(s) dict_keys(['example_skip_dag']) retrieved from /home/airflow/.local/lib/python3.8/site-packages/airflow/example_dags/example_skip_dag.py
[2023-11-03T19:54:08.708+0000] {logging_mixin.py:151} INFO - [2023-11-03T19:54:08.708+0000] {dag.py:2941} INFO - Sync 1 DAGs
[2023-11-03T19:54:08.779+0000] {logging_mixin.py:151} INFO - [2023-11-03T19:54:08.778+0000] {dag.py:3722} INFO - Setting next_dagrun for example_skip_dag to 2023-11-02T19:54:08.777607+00:00, run_after=2023-11-03T19:54:08.777607+00:00
[2023-11-03T19:54:08.833+0000] {processor.py:179} INFO - Processing /home/airflow/.local/lib/python3.8/site-packages/airflow/example_dags/example_skip_dag.py took 0.220 seconds
[2023-11-03T19:54:39.065+0000] {processor.py:157} INFO - Started process (PID=34943) to work on /home/airflow/.local/lib/python3.8/site-packages/airflow/example_dags/example_skip_dag.py
[2023-11-03T19:54:39.069+0000] {processor.py:829} INFO - Processing file /home/airflow/.local/lib/python3.8/site-packages/airflow/example_dags/example_skip_dag.py for tasks to queue
[2023-11-03T19:54:39.078+0000] {logging_mixin.py:151} INFO - [2023-11-03T19:54:39.077+0000] {dagbag.py:536} INFO - Filling up the DagBag from /home/airflow/.local/lib/python3.8/site-packages/airflow/example_dags/example_skip_dag.py
[2023-11-03T19:54:39.102+0000] {processor.py:839} INFO - DAG(s) dict_keys(['example_skip_dag']) retrieved from /home/airflow/.local/lib/python3.8/site-packages/airflow/example_dags/example_skip_dag.py
[2023-11-03T19:54:39.154+0000] {logging_mixin.py:151} INFO - [2023-11-03T19:54:39.153+0000] {dag.py:2941} INFO - Sync 1 DAGs
[2023-11-03T19:54:39.226+0000] {logging_mixin.py:151} INFO - [2023-11-03T19:54:39.225+0000] {dag.py:3722} INFO - Setting next_dagrun for example_skip_dag to 2023-11-02T19:54:39.224829+00:00, run_after=2023-11-03T19:54:39.224829+00:00
[2023-11-03T19:54:39.280+0000] {processor.py:179} INFO - Processing /home/airflow/.local/lib/python3.8/site-packages/airflow/example_dags/example_skip_dag.py took 0.229 seconds
[2023-11-03T19:55:10.277+0000] {processor.py:157} INFO - Started process (PID=35005) to work on /home/airflow/.local/lib/python3.8/site-packages/airflow/example_dags/example_skip_dag.py
[2023-11-03T19:55:10.280+0000] {processor.py:829} INFO - Processing file /home/airflow/.local/lib/python3.8/site-packages/airflow/example_dags/example_skip_dag.py for tasks to queue
[2023-11-03T19:55:10.286+0000] {logging_mixin.py:151} INFO - [2023-11-03T19:55:10.285+0000] {dagbag.py:536} INFO - Filling up the DagBag from /home/airflow/.local/lib/python3.8/site-packages/airflow/example_dags/example_skip_dag.py
[2023-11-03T19:55:10.305+0000] {processor.py:839} INFO - DAG(s) dict_keys(['example_skip_dag']) retrieved from /home/airflow/.local/lib/python3.8/site-packages/airflow/example_dags/example_skip_dag.py
[2023-11-03T19:55:10.365+0000] {logging_mixin.py:151} INFO - [2023-11-03T19:55:10.364+0000] {dag.py:2941} INFO - Sync 1 DAGs
[2023-11-03T19:55:10.424+0000] {logging_mixin.py:151} INFO - [2023-11-03T19:55:10.423+0000] {dag.py:3722} INFO - Setting next_dagrun for example_skip_dag to 2023-11-02T19:55:10.423211+00:00, run_after=2023-11-03T19:55:10.423211+00:00
[2023-11-03T19:55:10.492+0000] {processor.py:179} INFO - Processing /home/airflow/.local/lib/python3.8/site-packages/airflow/example_dags/example_skip_dag.py took 0.225 seconds
[2023-11-03T19:55:41.036+0000] {processor.py:157} INFO - Started process (PID=35067) to work on /home/airflow/.local/lib/python3.8/site-packages/airflow/example_dags/example_skip_dag.py
[2023-11-03T19:55:41.038+0000] {processor.py:829} INFO - Processing file /home/airflow/.local/lib/python3.8/site-packages/airflow/example_dags/example_skip_dag.py for tasks to queue
[2023-11-03T19:55:41.044+0000] {logging_mixin.py:151} INFO - [2023-11-03T19:55:41.043+0000] {dagbag.py:536} INFO - Filling up the DagBag from /home/airflow/.local/lib/python3.8/site-packages/airflow/example_dags/example_skip_dag.py
[2023-11-03T19:55:41.060+0000] {processor.py:839} INFO - DAG(s) dict_keys(['example_skip_dag']) retrieved from /home/airflow/.local/lib/python3.8/site-packages/airflow/example_dags/example_skip_dag.py
[2023-11-03T19:55:41.124+0000] {logging_mixin.py:151} INFO - [2023-11-03T19:55:41.124+0000] {dag.py:2941} INFO - Sync 1 DAGs
[2023-11-03T19:55:41.184+0000] {logging_mixin.py:151} INFO - [2023-11-03T19:55:41.183+0000] {dag.py:3722} INFO - Setting next_dagrun for example_skip_dag to 2023-11-02T19:55:41.183006+00:00, run_after=2023-11-03T19:55:41.183006+00:00
[2023-11-03T19:55:41.243+0000] {processor.py:179} INFO - Processing /home/airflow/.local/lib/python3.8/site-packages/airflow/example_dags/example_skip_dag.py took 0.215 seconds
[2023-11-03T19:56:11.412+0000] {processor.py:157} INFO - Started process (PID=35129) to work on /home/airflow/.local/lib/python3.8/site-packages/airflow/example_dags/example_skip_dag.py
[2023-11-03T19:56:11.416+0000] {processor.py:829} INFO - Processing file /home/airflow/.local/lib/python3.8/site-packages/airflow/example_dags/example_skip_dag.py for tasks to queue
[2023-11-03T19:56:11.426+0000] {logging_mixin.py:151} INFO - [2023-11-03T19:56:11.424+0000] {dagbag.py:536} INFO - Filling up the DagBag from /home/airflow/.local/lib/python3.8/site-packages/airflow/example_dags/example_skip_dag.py
[2023-11-03T19:56:11.455+0000] {processor.py:839} INFO - DAG(s) dict_keys(['example_skip_dag']) retrieved from /home/airflow/.local/lib/python3.8/site-packages/airflow/example_dags/example_skip_dag.py
[2023-11-03T19:56:11.534+0000] {logging_mixin.py:151} INFO - [2023-11-03T19:56:11.534+0000] {dag.py:2941} INFO - Sync 1 DAGs
[2023-11-03T19:56:11.598+0000] {logging_mixin.py:151} INFO - [2023-11-03T19:56:11.598+0000] {dag.py:3722} INFO - Setting next_dagrun for example_skip_dag to 2023-11-02T19:56:11.597441+00:00, run_after=2023-11-03T19:56:11.597441+00:00
[2023-11-03T19:56:11.659+0000] {processor.py:179} INFO - Processing /home/airflow/.local/lib/python3.8/site-packages/airflow/example_dags/example_skip_dag.py took 0.260 seconds
[2023-11-03T19:56:42.318+0000] {processor.py:157} INFO - Started process (PID=35191) to work on /home/airflow/.local/lib/python3.8/site-packages/airflow/example_dags/example_skip_dag.py
[2023-11-03T19:56:42.322+0000] {processor.py:829} INFO - Processing file /home/airflow/.local/lib/python3.8/site-packages/airflow/example_dags/example_skip_dag.py for tasks to queue
[2023-11-03T19:56:42.330+0000] {logging_mixin.py:151} INFO - [2023-11-03T19:56:42.329+0000] {dagbag.py:536} INFO - Filling up the DagBag from /home/airflow/.local/lib/python3.8/site-packages/airflow/example_dags/example_skip_dag.py
[2023-11-03T19:56:42.351+0000] {processor.py:839} INFO - DAG(s) dict_keys(['example_skip_dag']) retrieved from /home/airflow/.local/lib/python3.8/site-packages/airflow/example_dags/example_skip_dag.py
[2023-11-03T19:56:42.420+0000] {logging_mixin.py:151} INFO - [2023-11-03T19:56:42.419+0000] {dag.py:2941} INFO - Sync 1 DAGs
[2023-11-03T19:56:42.484+0000] {logging_mixin.py:151} INFO - [2023-11-03T19:56:42.483+0000] {dag.py:3722} INFO - Setting next_dagrun for example_skip_dag to 2023-11-02T19:56:42.482829+00:00, run_after=2023-11-03T19:56:42.482829+00:00
[2023-11-03T19:56:42.553+0000] {processor.py:179} INFO - Processing /home/airflow/.local/lib/python3.8/site-packages/airflow/example_dags/example_skip_dag.py took 0.247 seconds
[2023-11-03T19:57:12.781+0000] {processor.py:157} INFO - Started process (PID=35253) to work on /home/airflow/.local/lib/python3.8/site-packages/airflow/example_dags/example_skip_dag.py
[2023-11-03T19:57:12.784+0000] {processor.py:829} INFO - Processing file /home/airflow/.local/lib/python3.8/site-packages/airflow/example_dags/example_skip_dag.py for tasks to queue
[2023-11-03T19:57:12.790+0000] {logging_mixin.py:151} INFO - [2023-11-03T19:57:12.789+0000] {dagbag.py:536} INFO - Filling up the DagBag from /home/airflow/.local/lib/python3.8/site-packages/airflow/example_dags/example_skip_dag.py
[2023-11-03T19:57:12.807+0000] {processor.py:839} INFO - DAG(s) dict_keys(['example_skip_dag']) retrieved from /home/airflow/.local/lib/python3.8/site-packages/airflow/example_dags/example_skip_dag.py
[2023-11-03T19:57:12.869+0000] {logging_mixin.py:151} INFO - [2023-11-03T19:57:12.868+0000] {dag.py:2941} INFO - Sync 1 DAGs
[2023-11-03T19:57:12.929+0000] {logging_mixin.py:151} INFO - [2023-11-03T19:57:12.928+0000] {dag.py:3722} INFO - Setting next_dagrun for example_skip_dag to 2023-11-02T19:57:12.928252+00:00, run_after=2023-11-03T19:57:12.928252+00:00
[2023-11-03T19:57:12.994+0000] {processor.py:179} INFO - Processing /home/airflow/.local/lib/python3.8/site-packages/airflow/example_dags/example_skip_dag.py took 0.219 seconds
[2023-11-03T19:57:43.847+0000] {processor.py:157} INFO - Started process (PID=35315) to work on /home/airflow/.local/lib/python3.8/site-packages/airflow/example_dags/example_skip_dag.py
[2023-11-03T19:57:43.850+0000] {processor.py:829} INFO - Processing file /home/airflow/.local/lib/python3.8/site-packages/airflow/example_dags/example_skip_dag.py for tasks to queue
[2023-11-03T19:57:43.860+0000] {logging_mixin.py:151} INFO - [2023-11-03T19:57:43.859+0000] {dagbag.py:536} INFO - Filling up the DagBag from /home/airflow/.local/lib/python3.8/site-packages/airflow/example_dags/example_skip_dag.py
[2023-11-03T19:57:43.884+0000] {processor.py:839} INFO - DAG(s) dict_keys(['example_skip_dag']) retrieved from /home/airflow/.local/lib/python3.8/site-packages/airflow/example_dags/example_skip_dag.py
[2023-11-03T19:57:43.941+0000] {logging_mixin.py:151} INFO - [2023-11-03T19:57:43.941+0000] {dag.py:2941} INFO - Sync 1 DAGs
[2023-11-03T19:57:44.013+0000] {logging_mixin.py:151} INFO - [2023-11-03T19:57:44.012+0000] {dag.py:3722} INFO - Setting next_dagrun for example_skip_dag to 2023-11-02T19:57:44.012212+00:00, run_after=2023-11-03T19:57:44.012212+00:00
[2023-11-03T19:57:44.082+0000] {processor.py:179} INFO - Processing /home/airflow/.local/lib/python3.8/site-packages/airflow/example_dags/example_skip_dag.py took 0.246 seconds
[2023-11-03T19:58:14.871+0000] {processor.py:157} INFO - Started process (PID=35377) to work on /home/airflow/.local/lib/python3.8/site-packages/airflow/example_dags/example_skip_dag.py
[2023-11-03T19:58:14.874+0000] {processor.py:829} INFO - Processing file /home/airflow/.local/lib/python3.8/site-packages/airflow/example_dags/example_skip_dag.py for tasks to queue
[2023-11-03T19:58:14.881+0000] {logging_mixin.py:151} INFO - [2023-11-03T19:58:14.879+0000] {dagbag.py:536} INFO - Filling up the DagBag from /home/airflow/.local/lib/python3.8/site-packages/airflow/example_dags/example_skip_dag.py
[2023-11-03T19:58:14.902+0000] {processor.py:839} INFO - DAG(s) dict_keys(['example_skip_dag']) retrieved from /home/airflow/.local/lib/python3.8/site-packages/airflow/example_dags/example_skip_dag.py
[2023-11-03T19:58:14.961+0000] {logging_mixin.py:151} INFO - [2023-11-03T19:58:14.960+0000] {dag.py:2941} INFO - Sync 1 DAGs
[2023-11-03T19:58:15.023+0000] {logging_mixin.py:151} INFO - [2023-11-03T19:58:15.023+0000] {dag.py:3722} INFO - Setting next_dagrun for example_skip_dag to 2023-11-02T19:58:15.022471+00:00, run_after=2023-11-03T19:58:15.022471+00:00
[2023-11-03T19:58:15.087+0000] {processor.py:179} INFO - Processing /home/airflow/.local/lib/python3.8/site-packages/airflow/example_dags/example_skip_dag.py took 0.223 seconds
[2023-11-03T19:58:45.334+0000] {processor.py:157} INFO - Started process (PID=35439) to work on /home/airflow/.local/lib/python3.8/site-packages/airflow/example_dags/example_skip_dag.py
[2023-11-03T19:58:45.337+0000] {processor.py:829} INFO - Processing file /home/airflow/.local/lib/python3.8/site-packages/airflow/example_dags/example_skip_dag.py for tasks to queue
[2023-11-03T19:58:45.343+0000] {logging_mixin.py:151} INFO - [2023-11-03T19:58:45.342+0000] {dagbag.py:536} INFO - Filling up the DagBag from /home/airflow/.local/lib/python3.8/site-packages/airflow/example_dags/example_skip_dag.py
[2023-11-03T19:58:45.364+0000] {processor.py:839} INFO - DAG(s) dict_keys(['example_skip_dag']) retrieved from /home/airflow/.local/lib/python3.8/site-packages/airflow/example_dags/example_skip_dag.py
[2023-11-03T19:58:45.420+0000] {logging_mixin.py:151} INFO - [2023-11-03T19:58:45.419+0000] {dag.py:2941} INFO - Sync 1 DAGs
[2023-11-03T19:58:45.477+0000] {logging_mixin.py:151} INFO - [2023-11-03T19:58:45.476+0000] {dag.py:3722} INFO - Setting next_dagrun for example_skip_dag to 2023-11-02T19:58:45.475906+00:00, run_after=2023-11-03T19:58:45.475906+00:00
[2023-11-03T19:58:45.532+0000] {processor.py:179} INFO - Processing /home/airflow/.local/lib/python3.8/site-packages/airflow/example_dags/example_skip_dag.py took 0.206 seconds
[2023-11-03T19:59:16.612+0000] {processor.py:157} INFO - Started process (PID=35501) to work on /home/airflow/.local/lib/python3.8/site-packages/airflow/example_dags/example_skip_dag.py
[2023-11-03T19:59:16.615+0000] {processor.py:829} INFO - Processing file /home/airflow/.local/lib/python3.8/site-packages/airflow/example_dags/example_skip_dag.py for tasks to queue
[2023-11-03T19:59:16.622+0000] {logging_mixin.py:151} INFO - [2023-11-03T19:59:16.621+0000] {dagbag.py:536} INFO - Filling up the DagBag from /home/airflow/.local/lib/python3.8/site-packages/airflow/example_dags/example_skip_dag.py
[2023-11-03T19:59:16.648+0000] {processor.py:839} INFO - DAG(s) dict_keys(['example_skip_dag']) retrieved from /home/airflow/.local/lib/python3.8/site-packages/airflow/example_dags/example_skip_dag.py
[2023-11-03T19:59:16.714+0000] {logging_mixin.py:151} INFO - [2023-11-03T19:59:16.713+0000] {dag.py:2941} INFO - Sync 1 DAGs
[2023-11-03T19:59:16.774+0000] {logging_mixin.py:151} INFO - [2023-11-03T19:59:16.773+0000] {dag.py:3722} INFO - Setting next_dagrun for example_skip_dag to 2023-11-02T19:59:16.772894+00:00, run_after=2023-11-03T19:59:16.772894+00:00
[2023-11-03T19:59:16.833+0000] {processor.py:179} INFO - Processing /home/airflow/.local/lib/python3.8/site-packages/airflow/example_dags/example_skip_dag.py took 0.231 seconds
[2023-11-03T19:59:47.004+0000] {processor.py:157} INFO - Started process (PID=35563) to work on /home/airflow/.local/lib/python3.8/site-packages/airflow/example_dags/example_skip_dag.py
[2023-11-03T19:59:47.006+0000] {processor.py:829} INFO - Processing file /home/airflow/.local/lib/python3.8/site-packages/airflow/example_dags/example_skip_dag.py for tasks to queue
[2023-11-03T19:59:47.012+0000] {logging_mixin.py:151} INFO - [2023-11-03T19:59:47.011+0000] {dagbag.py:536} INFO - Filling up the DagBag from /home/airflow/.local/lib/python3.8/site-packages/airflow/example_dags/example_skip_dag.py
[2023-11-03T19:59:47.030+0000] {processor.py:839} INFO - DAG(s) dict_keys(['example_skip_dag']) retrieved from /home/airflow/.local/lib/python3.8/site-packages/airflow/example_dags/example_skip_dag.py
[2023-11-03T19:59:47.084+0000] {logging_mixin.py:151} INFO - [2023-11-03T19:59:47.083+0000] {dag.py:2941} INFO - Sync 1 DAGs
[2023-11-03T19:59:47.167+0000] {logging_mixin.py:151} INFO - [2023-11-03T19:59:47.165+0000] {dag.py:3722} INFO - Setting next_dagrun for example_skip_dag to 2023-11-02T19:59:47.164401+00:00, run_after=2023-11-03T19:59:47.164401+00:00
[2023-11-03T19:59:47.249+0000] {processor.py:179} INFO - Processing /home/airflow/.local/lib/python3.8/site-packages/airflow/example_dags/example_skip_dag.py took 0.252 seconds
[2023-11-03T20:00:18.348+0000] {processor.py:157} INFO - Started process (PID=35625) to work on /home/airflow/.local/lib/python3.8/site-packages/airflow/example_dags/example_skip_dag.py
[2023-11-03T20:00:18.351+0000] {processor.py:829} INFO - Processing file /home/airflow/.local/lib/python3.8/site-packages/airflow/example_dags/example_skip_dag.py for tasks to queue
[2023-11-03T20:00:18.357+0000] {logging_mixin.py:151} INFO - [2023-11-03T20:00:18.356+0000] {dagbag.py:536} INFO - Filling up the DagBag from /home/airflow/.local/lib/python3.8/site-packages/airflow/example_dags/example_skip_dag.py
[2023-11-03T20:00:18.374+0000] {processor.py:839} INFO - DAG(s) dict_keys(['example_skip_dag']) retrieved from /home/airflow/.local/lib/python3.8/site-packages/airflow/example_dags/example_skip_dag.py
[2023-11-03T20:00:18.429+0000] {logging_mixin.py:151} INFO - [2023-11-03T20:00:18.429+0000] {dag.py:2941} INFO - Sync 1 DAGs
[2023-11-03T20:00:18.487+0000] {logging_mixin.py:151} INFO - [2023-11-03T20:00:18.487+0000] {dag.py:3722} INFO - Setting next_dagrun for example_skip_dag to 2023-11-02T20:00:18.486680+00:00, run_after=2023-11-03T20:00:18.486680+00:00
[2023-11-03T20:00:18.549+0000] {processor.py:179} INFO - Processing /home/airflow/.local/lib/python3.8/site-packages/airflow/example_dags/example_skip_dag.py took 0.210 seconds
[2023-11-03T20:00:49.826+0000] {processor.py:157} INFO - Started process (PID=35687) to work on /home/airflow/.local/lib/python3.8/site-packages/airflow/example_dags/example_skip_dag.py
[2023-11-03T20:00:49.828+0000] {processor.py:829} INFO - Processing file /home/airflow/.local/lib/python3.8/site-packages/airflow/example_dags/example_skip_dag.py for tasks to queue
[2023-11-03T20:00:49.836+0000] {logging_mixin.py:151} INFO - [2023-11-03T20:00:49.834+0000] {dagbag.py:536} INFO - Filling up the DagBag from /home/airflow/.local/lib/python3.8/site-packages/airflow/example_dags/example_skip_dag.py
[2023-11-03T20:00:49.853+0000] {processor.py:839} INFO - DAG(s) dict_keys(['example_skip_dag']) retrieved from /home/airflow/.local/lib/python3.8/site-packages/airflow/example_dags/example_skip_dag.py
[2023-11-03T20:00:49.909+0000] {logging_mixin.py:151} INFO - [2023-11-03T20:00:49.908+0000] {dag.py:2941} INFO - Sync 1 DAGs
[2023-11-03T20:00:49.968+0000] {logging_mixin.py:151} INFO - [2023-11-03T20:00:49.967+0000] {dag.py:3722} INFO - Setting next_dagrun for example_skip_dag to 2023-11-02T20:00:49.967178+00:00, run_after=2023-11-03T20:00:49.967178+00:00
[2023-11-03T20:00:50.029+0000] {processor.py:179} INFO - Processing /home/airflow/.local/lib/python3.8/site-packages/airflow/example_dags/example_skip_dag.py took 0.211 seconds
[2023-11-03T20:01:20.881+0000] {processor.py:157} INFO - Started process (PID=35749) to work on /home/airflow/.local/lib/python3.8/site-packages/airflow/example_dags/example_skip_dag.py
[2023-11-03T20:01:20.884+0000] {processor.py:829} INFO - Processing file /home/airflow/.local/lib/python3.8/site-packages/airflow/example_dags/example_skip_dag.py for tasks to queue
[2023-11-03T20:01:20.891+0000] {logging_mixin.py:151} INFO - [2023-11-03T20:01:20.890+0000] {dagbag.py:536} INFO - Filling up the DagBag from /home/airflow/.local/lib/python3.8/site-packages/airflow/example_dags/example_skip_dag.py
[2023-11-03T20:01:20.910+0000] {processor.py:839} INFO - DAG(s) dict_keys(['example_skip_dag']) retrieved from /home/airflow/.local/lib/python3.8/site-packages/airflow/example_dags/example_skip_dag.py
[2023-11-03T20:01:20.969+0000] {logging_mixin.py:151} INFO - [2023-11-03T20:01:20.969+0000] {dag.py:2941} INFO - Sync 1 DAGs
[2023-11-03T20:01:21.034+0000] {logging_mixin.py:151} INFO - [2023-11-03T20:01:21.034+0000] {dag.py:3722} INFO - Setting next_dagrun for example_skip_dag to 2023-11-02T20:01:21.033715+00:00, run_after=2023-11-03T20:01:21.033715+00:00
[2023-11-03T20:01:21.131+0000] {processor.py:179} INFO - Processing /home/airflow/.local/lib/python3.8/site-packages/airflow/example_dags/example_skip_dag.py took 0.259 seconds
[2023-11-03T20:01:51.949+0000] {processor.py:157} INFO - Started process (PID=35811) to work on /home/airflow/.local/lib/python3.8/site-packages/airflow/example_dags/example_skip_dag.py
[2023-11-03T20:01:51.951+0000] {processor.py:829} INFO - Processing file /home/airflow/.local/lib/python3.8/site-packages/airflow/example_dags/example_skip_dag.py for tasks to queue
[2023-11-03T20:01:51.959+0000] {logging_mixin.py:151} INFO - [2023-11-03T20:01:51.958+0000] {dagbag.py:536} INFO - Filling up the DagBag from /home/airflow/.local/lib/python3.8/site-packages/airflow/example_dags/example_skip_dag.py
[2023-11-03T20:01:51.979+0000] {processor.py:839} INFO - DAG(s) dict_keys(['example_skip_dag']) retrieved from /home/airflow/.local/lib/python3.8/site-packages/airflow/example_dags/example_skip_dag.py
[2023-11-03T20:01:52.041+0000] {logging_mixin.py:151} INFO - [2023-11-03T20:01:52.040+0000] {dag.py:2941} INFO - Sync 1 DAGs
[2023-11-03T20:01:52.111+0000] {logging_mixin.py:151} INFO - [2023-11-03T20:01:52.110+0000] {dag.py:3722} INFO - Setting next_dagrun for example_skip_dag to 2023-11-02T20:01:52.110056+00:00, run_after=2023-11-03T20:01:52.110056+00:00
[2023-11-03T20:01:52.173+0000] {processor.py:179} INFO - Processing /home/airflow/.local/lib/python3.8/site-packages/airflow/example_dags/example_skip_dag.py took 0.231 seconds
[2023-11-03T20:02:22.514+0000] {processor.py:157} INFO - Started process (PID=35873) to work on /home/airflow/.local/lib/python3.8/site-packages/airflow/example_dags/example_skip_dag.py
[2023-11-03T20:02:22.518+0000] {processor.py:829} INFO - Processing file /home/airflow/.local/lib/python3.8/site-packages/airflow/example_dags/example_skip_dag.py for tasks to queue
[2023-11-03T20:02:22.526+0000] {logging_mixin.py:151} INFO - [2023-11-03T20:02:22.524+0000] {dagbag.py:536} INFO - Filling up the DagBag from /home/airflow/.local/lib/python3.8/site-packages/airflow/example_dags/example_skip_dag.py
[2023-11-03T20:02:22.549+0000] {processor.py:839} INFO - DAG(s) dict_keys(['example_skip_dag']) retrieved from /home/airflow/.local/lib/python3.8/site-packages/airflow/example_dags/example_skip_dag.py
[2023-11-03T20:02:22.603+0000] {logging_mixin.py:151} INFO - [2023-11-03T20:02:22.602+0000] {dag.py:2941} INFO - Sync 1 DAGs
[2023-11-03T20:02:22.665+0000] {logging_mixin.py:151} INFO - [2023-11-03T20:02:22.665+0000] {dag.py:3722} INFO - Setting next_dagrun for example_skip_dag to 2023-11-02T20:02:22.664665+00:00, run_after=2023-11-03T20:02:22.664665+00:00
[2023-11-03T20:02:22.739+0000] {processor.py:179} INFO - Processing /home/airflow/.local/lib/python3.8/site-packages/airflow/example_dags/example_skip_dag.py took 0.235 seconds
[2023-11-03T20:02:53.603+0000] {processor.py:157} INFO - Started process (PID=35935) to work on /home/airflow/.local/lib/python3.8/site-packages/airflow/example_dags/example_skip_dag.py
[2023-11-03T20:02:53.606+0000] {processor.py:829} INFO - Processing file /home/airflow/.local/lib/python3.8/site-packages/airflow/example_dags/example_skip_dag.py for tasks to queue
[2023-11-03T20:02:53.616+0000] {logging_mixin.py:151} INFO - [2023-11-03T20:02:53.614+0000] {dagbag.py:536} INFO - Filling up the DagBag from /home/airflow/.local/lib/python3.8/site-packages/airflow/example_dags/example_skip_dag.py
[2023-11-03T20:02:53.642+0000] {processor.py:839} INFO - DAG(s) dict_keys(['example_skip_dag']) retrieved from /home/airflow/.local/lib/python3.8/site-packages/airflow/example_dags/example_skip_dag.py
[2023-11-03T20:02:53.703+0000] {logging_mixin.py:151} INFO - [2023-11-03T20:02:53.702+0000] {dag.py:2941} INFO - Sync 1 DAGs
[2023-11-03T20:02:53.774+0000] {logging_mixin.py:151} INFO - [2023-11-03T20:02:53.773+0000] {dag.py:3722} INFO - Setting next_dagrun for example_skip_dag to 2023-11-02T20:02:53.773185+00:00, run_after=2023-11-03T20:02:53.773185+00:00
[2023-11-03T20:02:53.829+0000] {processor.py:179} INFO - Processing /home/airflow/.local/lib/python3.8/site-packages/airflow/example_dags/example_skip_dag.py took 0.233 seconds
[2023-11-03T20:03:24.876+0000] {processor.py:157} INFO - Started process (PID=35998) to work on /home/airflow/.local/lib/python3.8/site-packages/airflow/example_dags/example_skip_dag.py
[2023-11-03T20:03:24.879+0000] {processor.py:829} INFO - Processing file /home/airflow/.local/lib/python3.8/site-packages/airflow/example_dags/example_skip_dag.py for tasks to queue
[2023-11-03T20:03:24.887+0000] {logging_mixin.py:151} INFO - [2023-11-03T20:03:24.886+0000] {dagbag.py:536} INFO - Filling up the DagBag from /home/airflow/.local/lib/python3.8/site-packages/airflow/example_dags/example_skip_dag.py
[2023-11-03T20:03:24.905+0000] {processor.py:839} INFO - DAG(s) dict_keys(['example_skip_dag']) retrieved from /home/airflow/.local/lib/python3.8/site-packages/airflow/example_dags/example_skip_dag.py
[2023-11-03T20:03:24.957+0000] {logging_mixin.py:151} INFO - [2023-11-03T20:03:24.956+0000] {dag.py:2941} INFO - Sync 1 DAGs
[2023-11-03T20:03:25.012+0000] {logging_mixin.py:151} INFO - [2023-11-03T20:03:25.011+0000] {dag.py:3722} INFO - Setting next_dagrun for example_skip_dag to 2023-11-02T20:03:25.011144+00:00, run_after=2023-11-03T20:03:25.011144+00:00
[2023-11-03T20:03:25.084+0000] {processor.py:179} INFO - Processing /home/airflow/.local/lib/python3.8/site-packages/airflow/example_dags/example_skip_dag.py took 0.219 seconds
[2023-11-03T20:03:56.062+0000] {processor.py:157} INFO - Started process (PID=36061) to work on /home/airflow/.local/lib/python3.8/site-packages/airflow/example_dags/example_skip_dag.py
[2023-11-03T20:03:56.065+0000] {processor.py:829} INFO - Processing file /home/airflow/.local/lib/python3.8/site-packages/airflow/example_dags/example_skip_dag.py for tasks to queue
[2023-11-03T20:03:56.071+0000] {logging_mixin.py:151} INFO - [2023-11-03T20:03:56.070+0000] {dagbag.py:536} INFO - Filling up the DagBag from /home/airflow/.local/lib/python3.8/site-packages/airflow/example_dags/example_skip_dag.py
[2023-11-03T20:03:56.091+0000] {processor.py:839} INFO - DAG(s) dict_keys(['example_skip_dag']) retrieved from /home/airflow/.local/lib/python3.8/site-packages/airflow/example_dags/example_skip_dag.py
[2023-11-03T20:03:56.158+0000] {logging_mixin.py:151} INFO - [2023-11-03T20:03:56.156+0000] {dag.py:2941} INFO - Sync 1 DAGs
[2023-11-03T20:03:56.239+0000] {logging_mixin.py:151} INFO - [2023-11-03T20:03:56.239+0000] {dag.py:3722} INFO - Setting next_dagrun for example_skip_dag to 2023-11-02T20:03:56.238646+00:00, run_after=2023-11-03T20:03:56.238646+00:00
[2023-11-03T20:03:56.302+0000] {processor.py:179} INFO - Processing /home/airflow/.local/lib/python3.8/site-packages/airflow/example_dags/example_skip_dag.py took 0.246 seconds
[2023-11-03T20:04:26.772+0000] {processor.py:157} INFO - Started process (PID=36122) to work on /home/airflow/.local/lib/python3.8/site-packages/airflow/example_dags/example_skip_dag.py
[2023-11-03T20:04:26.774+0000] {processor.py:829} INFO - Processing file /home/airflow/.local/lib/python3.8/site-packages/airflow/example_dags/example_skip_dag.py for tasks to queue
[2023-11-03T20:04:26.783+0000] {logging_mixin.py:151} INFO - [2023-11-03T20:04:26.781+0000] {dagbag.py:536} INFO - Filling up the DagBag from /home/airflow/.local/lib/python3.8/site-packages/airflow/example_dags/example_skip_dag.py
[2023-11-03T20:04:26.807+0000] {processor.py:839} INFO - DAG(s) dict_keys(['example_skip_dag']) retrieved from /home/airflow/.local/lib/python3.8/site-packages/airflow/example_dags/example_skip_dag.py
[2023-11-03T20:04:26.866+0000] {logging_mixin.py:151} INFO - [2023-11-03T20:04:26.865+0000] {dag.py:2941} INFO - Sync 1 DAGs
[2023-11-03T20:04:26.927+0000] {logging_mixin.py:151} INFO - [2023-11-03T20:04:26.926+0000] {dag.py:3722} INFO - Setting next_dagrun for example_skip_dag to 2023-11-02T20:04:26.926177+00:00, run_after=2023-11-03T20:04:26.926177+00:00
[2023-11-03T20:04:26.988+0000] {processor.py:179} INFO - Processing /home/airflow/.local/lib/python3.8/site-packages/airflow/example_dags/example_skip_dag.py took 0.228 seconds
[2023-11-03T20:04:57.576+0000] {processor.py:157} INFO - Started process (PID=36184) to work on /home/airflow/.local/lib/python3.8/site-packages/airflow/example_dags/example_skip_dag.py
[2023-11-03T20:04:57.579+0000] {processor.py:829} INFO - Processing file /home/airflow/.local/lib/python3.8/site-packages/airflow/example_dags/example_skip_dag.py for tasks to queue
[2023-11-03T20:04:57.589+0000] {logging_mixin.py:151} INFO - [2023-11-03T20:04:57.587+0000] {dagbag.py:536} INFO - Filling up the DagBag from /home/airflow/.local/lib/python3.8/site-packages/airflow/example_dags/example_skip_dag.py
[2023-11-03T20:04:57.611+0000] {processor.py:839} INFO - DAG(s) dict_keys(['example_skip_dag']) retrieved from /home/airflow/.local/lib/python3.8/site-packages/airflow/example_dags/example_skip_dag.py
[2023-11-03T20:04:57.681+0000] {logging_mixin.py:151} INFO - [2023-11-03T20:04:57.680+0000] {dag.py:2941} INFO - Sync 1 DAGs
[2023-11-03T20:04:57.810+0000] {logging_mixin.py:151} INFO - [2023-11-03T20:04:57.809+0000] {dag.py:3722} INFO - Setting next_dagrun for example_skip_dag to 2023-11-02T20:04:57.808510+00:00, run_after=2023-11-03T20:04:57.808510+00:00
[2023-11-03T20:04:57.954+0000] {processor.py:179} INFO - Processing /home/airflow/.local/lib/python3.8/site-packages/airflow/example_dags/example_skip_dag.py took 0.390 seconds
[2023-11-03T20:05:28.580+0000] {processor.py:157} INFO - Started process (PID=36246) to work on /home/airflow/.local/lib/python3.8/site-packages/airflow/example_dags/example_skip_dag.py
[2023-11-03T20:05:28.583+0000] {processor.py:829} INFO - Processing file /home/airflow/.local/lib/python3.8/site-packages/airflow/example_dags/example_skip_dag.py for tasks to queue
[2023-11-03T20:05:28.591+0000] {logging_mixin.py:151} INFO - [2023-11-03T20:05:28.590+0000] {dagbag.py:536} INFO - Filling up the DagBag from /home/airflow/.local/lib/python3.8/site-packages/airflow/example_dags/example_skip_dag.py
[2023-11-03T20:05:28.620+0000] {processor.py:839} INFO - DAG(s) dict_keys(['example_skip_dag']) retrieved from /home/airflow/.local/lib/python3.8/site-packages/airflow/example_dags/example_skip_dag.py
[2023-11-03T20:05:28.697+0000] {logging_mixin.py:151} INFO - [2023-11-03T20:05:28.696+0000] {dag.py:2941} INFO - Sync 1 DAGs
[2023-11-03T20:05:28.775+0000] {logging_mixin.py:151} INFO - [2023-11-03T20:05:28.774+0000] {dag.py:3722} INFO - Setting next_dagrun for example_skip_dag to 2023-11-02T20:05:28.774113+00:00, run_after=2023-11-03T20:05:28.774113+00:00
[2023-11-03T20:05:28.845+0000] {processor.py:179} INFO - Processing /home/airflow/.local/lib/python3.8/site-packages/airflow/example_dags/example_skip_dag.py took 0.275 seconds
[2023-11-03T20:05:58.964+0000] {processor.py:157} INFO - Started process (PID=36308) to work on /home/airflow/.local/lib/python3.8/site-packages/airflow/example_dags/example_skip_dag.py
[2023-11-03T20:05:58.966+0000] {processor.py:829} INFO - Processing file /home/airflow/.local/lib/python3.8/site-packages/airflow/example_dags/example_skip_dag.py for tasks to queue
[2023-11-03T20:05:58.972+0000] {logging_mixin.py:151} INFO - [2023-11-03T20:05:58.971+0000] {dagbag.py:536} INFO - Filling up the DagBag from /home/airflow/.local/lib/python3.8/site-packages/airflow/example_dags/example_skip_dag.py
[2023-11-03T20:05:58.991+0000] {processor.py:839} INFO - DAG(s) dict_keys(['example_skip_dag']) retrieved from /home/airflow/.local/lib/python3.8/site-packages/airflow/example_dags/example_skip_dag.py
[2023-11-03T20:05:59.044+0000] {logging_mixin.py:151} INFO - [2023-11-03T20:05:59.044+0000] {dag.py:2941} INFO - Sync 1 DAGs
[2023-11-03T20:05:59.108+0000] {logging_mixin.py:151} INFO - [2023-11-03T20:05:59.107+0000] {dag.py:3722} INFO - Setting next_dagrun for example_skip_dag to 2023-11-02T20:05:59.106648+00:00, run_after=2023-11-03T20:05:59.106648+00:00
[2023-11-03T20:05:59.167+0000] {processor.py:179} INFO - Processing /home/airflow/.local/lib/python3.8/site-packages/airflow/example_dags/example_skip_dag.py took 0.209 seconds
