[2023-11-03T19:42:43.965+0000] {processor.py:157} INFO - Started process (PID=33492) to work on /home/airflow/.local/lib/python3.8/site-packages/airflow/example_dags/example_trigger_target_dag.py
[2023-11-03T19:42:43.968+0000] {processor.py:829} INFO - Processing file /home/airflow/.local/lib/python3.8/site-packages/airflow/example_dags/example_trigger_target_dag.py for tasks to queue
[2023-11-03T19:42:43.978+0000] {logging_mixin.py:151} INFO - [2023-11-03T19:42:43.976+0000] {dagbag.py:536} INFO - Filling up the DagBag from /home/airflow/.local/lib/python3.8/site-packages/airflow/example_dags/example_trigger_target_dag.py
[2023-11-03T19:42:43.995+0000] {processor.py:839} INFO - DAG(s) dict_keys(['example_trigger_target_dag']) retrieved from /home/airflow/.local/lib/python3.8/site-packages/airflow/example_dags/example_trigger_target_dag.py
[2023-11-03T19:42:44.080+0000] {logging_mixin.py:151} INFO - [2023-11-03T19:42:44.080+0000] {dag.py:2941} INFO - Sync 1 DAGs
[2023-11-03T19:42:44.155+0000] {logging_mixin.py:151} INFO - [2023-11-03T19:42:44.154+0000] {dag.py:3722} INFO - Setting next_dagrun for example_trigger_target_dag to None, run_after=None
[2023-11-03T19:42:44.254+0000] {processor.py:179} INFO - Processing /home/airflow/.local/lib/python3.8/site-packages/airflow/example_dags/example_trigger_target_dag.py took 0.304 seconds
[2023-11-03T19:43:14.621+0000] {processor.py:157} INFO - Started process (PID=33554) to work on /home/airflow/.local/lib/python3.8/site-packages/airflow/example_dags/example_trigger_target_dag.py
[2023-11-03T19:43:14.625+0000] {processor.py:829} INFO - Processing file /home/airflow/.local/lib/python3.8/site-packages/airflow/example_dags/example_trigger_target_dag.py for tasks to queue
[2023-11-03T19:43:14.634+0000] {logging_mixin.py:151} INFO - [2023-11-03T19:43:14.633+0000] {dagbag.py:536} INFO - Filling up the DagBag from /home/airflow/.local/lib/python3.8/site-packages/airflow/example_dags/example_trigger_target_dag.py
[2023-11-03T19:43:14.669+0000] {processor.py:839} INFO - DAG(s) dict_keys(['example_trigger_target_dag']) retrieved from /home/airflow/.local/lib/python3.8/site-packages/airflow/example_dags/example_trigger_target_dag.py
[2023-11-03T19:43:14.751+0000] {logging_mixin.py:151} INFO - [2023-11-03T19:43:14.750+0000] {dag.py:2941} INFO - Sync 1 DAGs
[2023-11-03T19:43:14.800+0000] {logging_mixin.py:151} INFO - [2023-11-03T19:43:14.799+0000] {dag.py:3722} INFO - Setting next_dagrun for example_trigger_target_dag to None, run_after=None
[2023-11-03T19:43:14.882+0000] {processor.py:179} INFO - Processing /home/airflow/.local/lib/python3.8/site-packages/airflow/example_dags/example_trigger_target_dag.py took 0.273 seconds
[2023-11-03T19:43:45.106+0000] {processor.py:157} INFO - Started process (PID=33615) to work on /home/airflow/.local/lib/python3.8/site-packages/airflow/example_dags/example_trigger_target_dag.py
[2023-11-03T19:43:45.108+0000] {processor.py:829} INFO - Processing file /home/airflow/.local/lib/python3.8/site-packages/airflow/example_dags/example_trigger_target_dag.py for tasks to queue
[2023-11-03T19:43:45.115+0000] {logging_mixin.py:151} INFO - [2023-11-03T19:43:45.114+0000] {dagbag.py:536} INFO - Filling up the DagBag from /home/airflow/.local/lib/python3.8/site-packages/airflow/example_dags/example_trigger_target_dag.py
[2023-11-03T19:43:45.133+0000] {processor.py:839} INFO - DAG(s) dict_keys(['example_trigger_target_dag']) retrieved from /home/airflow/.local/lib/python3.8/site-packages/airflow/example_dags/example_trigger_target_dag.py
[2023-11-03T19:43:45.202+0000] {logging_mixin.py:151} INFO - [2023-11-03T19:43:45.201+0000] {dag.py:2941} INFO - Sync 1 DAGs
[2023-11-03T19:43:45.248+0000] {logging_mixin.py:151} INFO - [2023-11-03T19:43:45.248+0000] {dag.py:3722} INFO - Setting next_dagrun for example_trigger_target_dag to None, run_after=None
[2023-11-03T19:43:45.317+0000] {processor.py:179} INFO - Processing /home/airflow/.local/lib/python3.8/site-packages/airflow/example_dags/example_trigger_target_dag.py took 0.219 seconds
[2023-11-03T19:44:15.481+0000] {processor.py:157} INFO - Started process (PID=33677) to work on /home/airflow/.local/lib/python3.8/site-packages/airflow/example_dags/example_trigger_target_dag.py
[2023-11-03T19:44:15.484+0000] {processor.py:829} INFO - Processing file /home/airflow/.local/lib/python3.8/site-packages/airflow/example_dags/example_trigger_target_dag.py for tasks to queue
[2023-11-03T19:44:15.491+0000] {logging_mixin.py:151} INFO - [2023-11-03T19:44:15.490+0000] {dagbag.py:536} INFO - Filling up the DagBag from /home/airflow/.local/lib/python3.8/site-packages/airflow/example_dags/example_trigger_target_dag.py
[2023-11-03T19:44:15.506+0000] {processor.py:839} INFO - DAG(s) dict_keys(['example_trigger_target_dag']) retrieved from /home/airflow/.local/lib/python3.8/site-packages/airflow/example_dags/example_trigger_target_dag.py
[2023-11-03T19:44:15.549+0000] {logging_mixin.py:151} INFO - [2023-11-03T19:44:15.548+0000] {dag.py:2941} INFO - Sync 1 DAGs
[2023-11-03T19:44:15.579+0000] {logging_mixin.py:151} INFO - [2023-11-03T19:44:15.578+0000] {dag.py:3722} INFO - Setting next_dagrun for example_trigger_target_dag to None, run_after=None
[2023-11-03T19:44:15.635+0000] {processor.py:179} INFO - Processing /home/airflow/.local/lib/python3.8/site-packages/airflow/example_dags/example_trigger_target_dag.py took 0.161 seconds
[2023-11-03T19:44:46.043+0000] {processor.py:157} INFO - Started process (PID=33739) to work on /home/airflow/.local/lib/python3.8/site-packages/airflow/example_dags/example_trigger_target_dag.py
[2023-11-03T19:44:46.046+0000] {processor.py:829} INFO - Processing file /home/airflow/.local/lib/python3.8/site-packages/airflow/example_dags/example_trigger_target_dag.py for tasks to queue
[2023-11-03T19:44:46.052+0000] {logging_mixin.py:151} INFO - [2023-11-03T19:44:46.051+0000] {dagbag.py:536} INFO - Filling up the DagBag from /home/airflow/.local/lib/python3.8/site-packages/airflow/example_dags/example_trigger_target_dag.py
[2023-11-03T19:44:46.067+0000] {processor.py:839} INFO - DAG(s) dict_keys(['example_trigger_target_dag']) retrieved from /home/airflow/.local/lib/python3.8/site-packages/airflow/example_dags/example_trigger_target_dag.py
[2023-11-03T19:44:46.114+0000] {logging_mixin.py:151} INFO - [2023-11-03T19:44:46.113+0000] {dag.py:2941} INFO - Sync 1 DAGs
[2023-11-03T19:44:46.145+0000] {logging_mixin.py:151} INFO - [2023-11-03T19:44:46.145+0000] {dag.py:3722} INFO - Setting next_dagrun for example_trigger_target_dag to None, run_after=None
[2023-11-03T19:44:46.205+0000] {processor.py:179} INFO - Processing /home/airflow/.local/lib/python3.8/site-packages/airflow/example_dags/example_trigger_target_dag.py took 0.169 seconds
[2023-11-03T19:45:16.703+0000] {processor.py:157} INFO - Started process (PID=33802) to work on /home/airflow/.local/lib/python3.8/site-packages/airflow/example_dags/example_trigger_target_dag.py
[2023-11-03T19:45:16.707+0000] {processor.py:829} INFO - Processing file /home/airflow/.local/lib/python3.8/site-packages/airflow/example_dags/example_trigger_target_dag.py for tasks to queue
[2023-11-03T19:45:16.714+0000] {logging_mixin.py:151} INFO - [2023-11-03T19:45:16.712+0000] {dagbag.py:536} INFO - Filling up the DagBag from /home/airflow/.local/lib/python3.8/site-packages/airflow/example_dags/example_trigger_target_dag.py
[2023-11-03T19:45:16.730+0000] {processor.py:839} INFO - DAG(s) dict_keys(['example_trigger_target_dag']) retrieved from /home/airflow/.local/lib/python3.8/site-packages/airflow/example_dags/example_trigger_target_dag.py
[2023-11-03T19:45:16.779+0000] {logging_mixin.py:151} INFO - [2023-11-03T19:45:16.779+0000] {dag.py:2941} INFO - Sync 1 DAGs
[2023-11-03T19:45:16.811+0000] {logging_mixin.py:151} INFO - [2023-11-03T19:45:16.810+0000] {dag.py:3722} INFO - Setting next_dagrun for example_trigger_target_dag to None, run_after=None
[2023-11-03T19:45:16.865+0000] {processor.py:179} INFO - Processing /home/airflow/.local/lib/python3.8/site-packages/airflow/example_dags/example_trigger_target_dag.py took 0.170 seconds
[2023-11-03T19:45:47.636+0000] {processor.py:157} INFO - Started process (PID=33864) to work on /home/airflow/.local/lib/python3.8/site-packages/airflow/example_dags/example_trigger_target_dag.py
[2023-11-03T19:45:47.639+0000] {processor.py:829} INFO - Processing file /home/airflow/.local/lib/python3.8/site-packages/airflow/example_dags/example_trigger_target_dag.py for tasks to queue
[2023-11-03T19:45:47.647+0000] {logging_mixin.py:151} INFO - [2023-11-03T19:45:47.646+0000] {dagbag.py:536} INFO - Filling up the DagBag from /home/airflow/.local/lib/python3.8/site-packages/airflow/example_dags/example_trigger_target_dag.py
[2023-11-03T19:45:47.664+0000] {processor.py:839} INFO - DAG(s) dict_keys(['example_trigger_target_dag']) retrieved from /home/airflow/.local/lib/python3.8/site-packages/airflow/example_dags/example_trigger_target_dag.py
[2023-11-03T19:45:47.736+0000] {logging_mixin.py:151} INFO - [2023-11-03T19:45:47.735+0000] {dag.py:2941} INFO - Sync 1 DAGs
[2023-11-03T19:45:47.776+0000] {logging_mixin.py:151} INFO - [2023-11-03T19:45:47.776+0000] {dag.py:3722} INFO - Setting next_dagrun for example_trigger_target_dag to None, run_after=None
[2023-11-03T19:45:47.847+0000] {processor.py:179} INFO - Processing /home/airflow/.local/lib/python3.8/site-packages/airflow/example_dags/example_trigger_target_dag.py took 0.219 seconds
[2023-11-03T19:46:18.252+0000] {processor.py:157} INFO - Started process (PID=33926) to work on /home/airflow/.local/lib/python3.8/site-packages/airflow/example_dags/example_trigger_target_dag.py
[2023-11-03T19:46:18.255+0000] {processor.py:829} INFO - Processing file /home/airflow/.local/lib/python3.8/site-packages/airflow/example_dags/example_trigger_target_dag.py for tasks to queue
[2023-11-03T19:46:18.263+0000] {logging_mixin.py:151} INFO - [2023-11-03T19:46:18.262+0000] {dagbag.py:536} INFO - Filling up the DagBag from /home/airflow/.local/lib/python3.8/site-packages/airflow/example_dags/example_trigger_target_dag.py
[2023-11-03T19:46:18.280+0000] {processor.py:839} INFO - DAG(s) dict_keys(['example_trigger_target_dag']) retrieved from /home/airflow/.local/lib/python3.8/site-packages/airflow/example_dags/example_trigger_target_dag.py
[2023-11-03T19:46:18.328+0000] {logging_mixin.py:151} INFO - [2023-11-03T19:46:18.327+0000] {dag.py:2941} INFO - Sync 1 DAGs
[2023-11-03T19:46:18.359+0000] {logging_mixin.py:151} INFO - [2023-11-03T19:46:18.358+0000] {dag.py:3722} INFO - Setting next_dagrun for example_trigger_target_dag to None, run_after=None
[2023-11-03T19:46:18.418+0000] {processor.py:179} INFO - Processing /home/airflow/.local/lib/python3.8/site-packages/airflow/example_dags/example_trigger_target_dag.py took 0.176 seconds
[2023-11-03T19:46:48.693+0000] {processor.py:157} INFO - Started process (PID=33988) to work on /home/airflow/.local/lib/python3.8/site-packages/airflow/example_dags/example_trigger_target_dag.py
[2023-11-03T19:46:48.698+0000] {processor.py:829} INFO - Processing file /home/airflow/.local/lib/python3.8/site-packages/airflow/example_dags/example_trigger_target_dag.py for tasks to queue
[2023-11-03T19:46:48.705+0000] {logging_mixin.py:151} INFO - [2023-11-03T19:46:48.704+0000] {dagbag.py:536} INFO - Filling up the DagBag from /home/airflow/.local/lib/python3.8/site-packages/airflow/example_dags/example_trigger_target_dag.py
[2023-11-03T19:46:48.723+0000] {processor.py:839} INFO - DAG(s) dict_keys(['example_trigger_target_dag']) retrieved from /home/airflow/.local/lib/python3.8/site-packages/airflow/example_dags/example_trigger_target_dag.py
[2023-11-03T19:46:48.775+0000] {logging_mixin.py:151} INFO - [2023-11-03T19:46:48.774+0000] {dag.py:2941} INFO - Sync 1 DAGs
[2023-11-03T19:46:48.810+0000] {logging_mixin.py:151} INFO - [2023-11-03T19:46:48.810+0000] {dag.py:3722} INFO - Setting next_dagrun for example_trigger_target_dag to None, run_after=None
[2023-11-03T19:46:48.876+0000] {processor.py:179} INFO - Processing /home/airflow/.local/lib/python3.8/site-packages/airflow/example_dags/example_trigger_target_dag.py took 0.191 seconds
[2023-11-03T19:47:19.151+0000] {processor.py:157} INFO - Started process (PID=34050) to work on /home/airflow/.local/lib/python3.8/site-packages/airflow/example_dags/example_trigger_target_dag.py
[2023-11-03T19:47:19.154+0000] {processor.py:829} INFO - Processing file /home/airflow/.local/lib/python3.8/site-packages/airflow/example_dags/example_trigger_target_dag.py for tasks to queue
[2023-11-03T19:47:19.162+0000] {logging_mixin.py:151} INFO - [2023-11-03T19:47:19.161+0000] {dagbag.py:536} INFO - Filling up the DagBag from /home/airflow/.local/lib/python3.8/site-packages/airflow/example_dags/example_trigger_target_dag.py
[2023-11-03T19:47:19.178+0000] {processor.py:839} INFO - DAG(s) dict_keys(['example_trigger_target_dag']) retrieved from /home/airflow/.local/lib/python3.8/site-packages/airflow/example_dags/example_trigger_target_dag.py
[2023-11-03T19:47:19.234+0000] {logging_mixin.py:151} INFO - [2023-11-03T19:47:19.233+0000] {dag.py:2941} INFO - Sync 1 DAGs
[2023-11-03T19:47:19.266+0000] {logging_mixin.py:151} INFO - [2023-11-03T19:47:19.266+0000] {dag.py:3722} INFO - Setting next_dagrun for example_trigger_target_dag to None, run_after=None
[2023-11-03T19:47:19.318+0000] {processor.py:179} INFO - Processing /home/airflow/.local/lib/python3.8/site-packages/airflow/example_dags/example_trigger_target_dag.py took 0.176 seconds
[2023-11-03T19:47:49.841+0000] {processor.py:157} INFO - Started process (PID=34112) to work on /home/airflow/.local/lib/python3.8/site-packages/airflow/example_dags/example_trigger_target_dag.py
[2023-11-03T19:47:49.848+0000] {processor.py:829} INFO - Processing file /home/airflow/.local/lib/python3.8/site-packages/airflow/example_dags/example_trigger_target_dag.py for tasks to queue
[2023-11-03T19:47:49.869+0000] {logging_mixin.py:151} INFO - [2023-11-03T19:47:49.868+0000] {dagbag.py:536} INFO - Filling up the DagBag from /home/airflow/.local/lib/python3.8/site-packages/airflow/example_dags/example_trigger_target_dag.py
[2023-11-03T19:47:49.899+0000] {processor.py:839} INFO - DAG(s) dict_keys(['example_trigger_target_dag']) retrieved from /home/airflow/.local/lib/python3.8/site-packages/airflow/example_dags/example_trigger_target_dag.py
[2023-11-03T19:47:49.976+0000] {logging_mixin.py:151} INFO - [2023-11-03T19:47:49.975+0000] {dag.py:2941} INFO - Sync 1 DAGs
[2023-11-03T19:47:50.012+0000] {logging_mixin.py:151} INFO - [2023-11-03T19:47:50.012+0000] {dag.py:3722} INFO - Setting next_dagrun for example_trigger_target_dag to None, run_after=None
[2023-11-03T19:47:50.074+0000] {processor.py:179} INFO - Processing /home/airflow/.local/lib/python3.8/site-packages/airflow/example_dags/example_trigger_target_dag.py took 0.255 seconds
[2023-11-03T19:48:20.177+0000] {processor.py:157} INFO - Started process (PID=34174) to work on /home/airflow/.local/lib/python3.8/site-packages/airflow/example_dags/example_trigger_target_dag.py
[2023-11-03T19:48:20.180+0000] {processor.py:829} INFO - Processing file /home/airflow/.local/lib/python3.8/site-packages/airflow/example_dags/example_trigger_target_dag.py for tasks to queue
[2023-11-03T19:48:20.192+0000] {logging_mixin.py:151} INFO - [2023-11-03T19:48:20.188+0000] {dagbag.py:536} INFO - Filling up the DagBag from /home/airflow/.local/lib/python3.8/site-packages/airflow/example_dags/example_trigger_target_dag.py
[2023-11-03T19:48:20.228+0000] {processor.py:839} INFO - DAG(s) dict_keys(['example_trigger_target_dag']) retrieved from /home/airflow/.local/lib/python3.8/site-packages/airflow/example_dags/example_trigger_target_dag.py
[2023-11-03T19:48:20.330+0000] {logging_mixin.py:151} INFO - [2023-11-03T19:48:20.329+0000] {dag.py:2941} INFO - Sync 1 DAGs
[2023-11-03T19:48:20.375+0000] {logging_mixin.py:151} INFO - [2023-11-03T19:48:20.374+0000] {dag.py:3722} INFO - Setting next_dagrun for example_trigger_target_dag to None, run_after=None
[2023-11-03T19:48:20.445+0000] {processor.py:179} INFO - Processing /home/airflow/.local/lib/python3.8/site-packages/airflow/example_dags/example_trigger_target_dag.py took 0.280 seconds
[2023-11-03T19:48:51.291+0000] {processor.py:157} INFO - Started process (PID=34236) to work on /home/airflow/.local/lib/python3.8/site-packages/airflow/example_dags/example_trigger_target_dag.py
[2023-11-03T19:48:51.295+0000] {processor.py:829} INFO - Processing file /home/airflow/.local/lib/python3.8/site-packages/airflow/example_dags/example_trigger_target_dag.py for tasks to queue
[2023-11-03T19:48:51.302+0000] {logging_mixin.py:151} INFO - [2023-11-03T19:48:51.301+0000] {dagbag.py:536} INFO - Filling up the DagBag from /home/airflow/.local/lib/python3.8/site-packages/airflow/example_dags/example_trigger_target_dag.py
[2023-11-03T19:48:51.320+0000] {processor.py:839} INFO - DAG(s) dict_keys(['example_trigger_target_dag']) retrieved from /home/airflow/.local/lib/python3.8/site-packages/airflow/example_dags/example_trigger_target_dag.py
[2023-11-03T19:48:51.372+0000] {logging_mixin.py:151} INFO - [2023-11-03T19:48:51.372+0000] {dag.py:2941} INFO - Sync 1 DAGs
[2023-11-03T19:48:51.406+0000] {logging_mixin.py:151} INFO - [2023-11-03T19:48:51.405+0000] {dag.py:3722} INFO - Setting next_dagrun for example_trigger_target_dag to None, run_after=None
[2023-11-03T19:48:51.460+0000] {processor.py:179} INFO - Processing /home/airflow/.local/lib/python3.8/site-packages/airflow/example_dags/example_trigger_target_dag.py took 0.182 seconds
[2023-11-03T19:49:21.532+0000] {processor.py:157} INFO - Started process (PID=34297) to work on /home/airflow/.local/lib/python3.8/site-packages/airflow/example_dags/example_trigger_target_dag.py
[2023-11-03T19:49:21.535+0000] {processor.py:829} INFO - Processing file /home/airflow/.local/lib/python3.8/site-packages/airflow/example_dags/example_trigger_target_dag.py for tasks to queue
[2023-11-03T19:49:21.542+0000] {logging_mixin.py:151} INFO - [2023-11-03T19:49:21.541+0000] {dagbag.py:536} INFO - Filling up the DagBag from /home/airflow/.local/lib/python3.8/site-packages/airflow/example_dags/example_trigger_target_dag.py
[2023-11-03T19:49:21.565+0000] {processor.py:839} INFO - DAG(s) dict_keys(['example_trigger_target_dag']) retrieved from /home/airflow/.local/lib/python3.8/site-packages/airflow/example_dags/example_trigger_target_dag.py
[2023-11-03T19:49:21.617+0000] {logging_mixin.py:151} INFO - [2023-11-03T19:49:21.616+0000] {dag.py:2941} INFO - Sync 1 DAGs
[2023-11-03T19:49:21.650+0000] {logging_mixin.py:151} INFO - [2023-11-03T19:49:21.649+0000] {dag.py:3722} INFO - Setting next_dagrun for example_trigger_target_dag to None, run_after=None
[2023-11-03T19:49:21.704+0000] {processor.py:179} INFO - Processing /home/airflow/.local/lib/python3.8/site-packages/airflow/example_dags/example_trigger_target_dag.py took 0.180 seconds
[2023-11-03T19:49:52.423+0000] {processor.py:157} INFO - Started process (PID=34360) to work on /home/airflow/.local/lib/python3.8/site-packages/airflow/example_dags/example_trigger_target_dag.py
[2023-11-03T19:49:52.426+0000] {processor.py:829} INFO - Processing file /home/airflow/.local/lib/python3.8/site-packages/airflow/example_dags/example_trigger_target_dag.py for tasks to queue
[2023-11-03T19:49:52.433+0000] {logging_mixin.py:151} INFO - [2023-11-03T19:49:52.431+0000] {dagbag.py:536} INFO - Filling up the DagBag from /home/airflow/.local/lib/python3.8/site-packages/airflow/example_dags/example_trigger_target_dag.py
[2023-11-03T19:49:52.453+0000] {processor.py:839} INFO - DAG(s) dict_keys(['example_trigger_target_dag']) retrieved from /home/airflow/.local/lib/python3.8/site-packages/airflow/example_dags/example_trigger_target_dag.py
[2023-11-03T19:49:52.533+0000] {logging_mixin.py:151} INFO - [2023-11-03T19:49:52.532+0000] {dag.py:2941} INFO - Sync 1 DAGs
[2023-11-03T19:49:52.586+0000] {logging_mixin.py:151} INFO - [2023-11-03T19:49:52.586+0000] {dag.py:3722} INFO - Setting next_dagrun for example_trigger_target_dag to None, run_after=None
[2023-11-03T19:49:52.663+0000] {processor.py:179} INFO - Processing /home/airflow/.local/lib/python3.8/site-packages/airflow/example_dags/example_trigger_target_dag.py took 0.248 seconds
[2023-11-03T19:50:23.200+0000] {processor.py:157} INFO - Started process (PID=34422) to work on /home/airflow/.local/lib/python3.8/site-packages/airflow/example_dags/example_trigger_target_dag.py
[2023-11-03T19:50:23.203+0000] {processor.py:829} INFO - Processing file /home/airflow/.local/lib/python3.8/site-packages/airflow/example_dags/example_trigger_target_dag.py for tasks to queue
[2023-11-03T19:50:23.211+0000] {logging_mixin.py:151} INFO - [2023-11-03T19:50:23.210+0000] {dagbag.py:536} INFO - Filling up the DagBag from /home/airflow/.local/lib/python3.8/site-packages/airflow/example_dags/example_trigger_target_dag.py
[2023-11-03T19:50:23.230+0000] {processor.py:839} INFO - DAG(s) dict_keys(['example_trigger_target_dag']) retrieved from /home/airflow/.local/lib/python3.8/site-packages/airflow/example_dags/example_trigger_target_dag.py
[2023-11-03T19:50:23.277+0000] {logging_mixin.py:151} INFO - [2023-11-03T19:50:23.276+0000] {dag.py:2941} INFO - Sync 1 DAGs
[2023-11-03T19:50:23.311+0000] {logging_mixin.py:151} INFO - [2023-11-03T19:50:23.311+0000] {dag.py:3722} INFO - Setting next_dagrun for example_trigger_target_dag to None, run_after=None
[2023-11-03T19:50:23.368+0000] {processor.py:179} INFO - Processing /home/airflow/.local/lib/python3.8/site-packages/airflow/example_dags/example_trigger_target_dag.py took 0.180 seconds
[2023-11-03T19:50:54.204+0000] {processor.py:157} INFO - Started process (PID=34484) to work on /home/airflow/.local/lib/python3.8/site-packages/airflow/example_dags/example_trigger_target_dag.py
[2023-11-03T19:50:54.209+0000] {processor.py:829} INFO - Processing file /home/airflow/.local/lib/python3.8/site-packages/airflow/example_dags/example_trigger_target_dag.py for tasks to queue
[2023-11-03T19:50:54.220+0000] {logging_mixin.py:151} INFO - [2023-11-03T19:50:54.219+0000] {dagbag.py:536} INFO - Filling up the DagBag from /home/airflow/.local/lib/python3.8/site-packages/airflow/example_dags/example_trigger_target_dag.py
[2023-11-03T19:50:54.245+0000] {processor.py:839} INFO - DAG(s) dict_keys(['example_trigger_target_dag']) retrieved from /home/airflow/.local/lib/python3.8/site-packages/airflow/example_dags/example_trigger_target_dag.py
[2023-11-03T19:50:54.300+0000] {logging_mixin.py:151} INFO - [2023-11-03T19:50:54.300+0000] {dag.py:2941} INFO - Sync 1 DAGs
[2023-11-03T19:50:54.341+0000] {logging_mixin.py:151} INFO - [2023-11-03T19:50:54.340+0000] {dag.py:3722} INFO - Setting next_dagrun for example_trigger_target_dag to None, run_after=None
[2023-11-03T19:50:54.406+0000] {processor.py:179} INFO - Processing /home/airflow/.local/lib/python3.8/site-packages/airflow/example_dags/example_trigger_target_dag.py took 0.219 seconds
[2023-11-03T19:51:25.125+0000] {processor.py:157} INFO - Started process (PID=34546) to work on /home/airflow/.local/lib/python3.8/site-packages/airflow/example_dags/example_trigger_target_dag.py
[2023-11-03T19:51:25.127+0000] {processor.py:829} INFO - Processing file /home/airflow/.local/lib/python3.8/site-packages/airflow/example_dags/example_trigger_target_dag.py for tasks to queue
[2023-11-03T19:51:25.134+0000] {logging_mixin.py:151} INFO - [2023-11-03T19:51:25.133+0000] {dagbag.py:536} INFO - Filling up the DagBag from /home/airflow/.local/lib/python3.8/site-packages/airflow/example_dags/example_trigger_target_dag.py
[2023-11-03T19:51:25.152+0000] {processor.py:839} INFO - DAG(s) dict_keys(['example_trigger_target_dag']) retrieved from /home/airflow/.local/lib/python3.8/site-packages/airflow/example_dags/example_trigger_target_dag.py
[2023-11-03T19:51:25.228+0000] {logging_mixin.py:151} INFO - [2023-11-03T19:51:25.227+0000] {dag.py:2941} INFO - Sync 1 DAGs
[2023-11-03T19:51:25.263+0000] {logging_mixin.py:151} INFO - [2023-11-03T19:51:25.262+0000] {dag.py:3722} INFO - Setting next_dagrun for example_trigger_target_dag to None, run_after=None
[2023-11-03T19:51:25.329+0000] {processor.py:179} INFO - Processing /home/airflow/.local/lib/python3.8/site-packages/airflow/example_dags/example_trigger_target_dag.py took 0.214 seconds
[2023-11-03T19:51:55.697+0000] {processor.py:157} INFO - Started process (PID=34608) to work on /home/airflow/.local/lib/python3.8/site-packages/airflow/example_dags/example_trigger_target_dag.py
[2023-11-03T19:51:55.699+0000] {processor.py:829} INFO - Processing file /home/airflow/.local/lib/python3.8/site-packages/airflow/example_dags/example_trigger_target_dag.py for tasks to queue
[2023-11-03T19:51:55.706+0000] {logging_mixin.py:151} INFO - [2023-11-03T19:51:55.705+0000] {dagbag.py:536} INFO - Filling up the DagBag from /home/airflow/.local/lib/python3.8/site-packages/airflow/example_dags/example_trigger_target_dag.py
[2023-11-03T19:51:55.725+0000] {processor.py:839} INFO - DAG(s) dict_keys(['example_trigger_target_dag']) retrieved from /home/airflow/.local/lib/python3.8/site-packages/airflow/example_dags/example_trigger_target_dag.py
[2023-11-03T19:51:55.773+0000] {logging_mixin.py:151} INFO - [2023-11-03T19:51:55.772+0000] {dag.py:2941} INFO - Sync 1 DAGs
[2023-11-03T19:51:55.808+0000] {logging_mixin.py:151} INFO - [2023-11-03T19:51:55.808+0000] {dag.py:3722} INFO - Setting next_dagrun for example_trigger_target_dag to None, run_after=None
[2023-11-03T19:51:55.865+0000] {processor.py:179} INFO - Processing /home/airflow/.local/lib/python3.8/site-packages/airflow/example_dags/example_trigger_target_dag.py took 0.178 seconds
[2023-11-03T19:52:26.155+0000] {processor.py:157} INFO - Started process (PID=34670) to work on /home/airflow/.local/lib/python3.8/site-packages/airflow/example_dags/example_trigger_target_dag.py
[2023-11-03T19:52:26.158+0000] {processor.py:829} INFO - Processing file /home/airflow/.local/lib/python3.8/site-packages/airflow/example_dags/example_trigger_target_dag.py for tasks to queue
[2023-11-03T19:52:26.166+0000] {logging_mixin.py:151} INFO - [2023-11-03T19:52:26.165+0000] {dagbag.py:536} INFO - Filling up the DagBag from /home/airflow/.local/lib/python3.8/site-packages/airflow/example_dags/example_trigger_target_dag.py
[2023-11-03T19:52:26.189+0000] {processor.py:839} INFO - DAG(s) dict_keys(['example_trigger_target_dag']) retrieved from /home/airflow/.local/lib/python3.8/site-packages/airflow/example_dags/example_trigger_target_dag.py
[2023-11-03T19:52:26.243+0000] {logging_mixin.py:151} INFO - [2023-11-03T19:52:26.243+0000] {dag.py:2941} INFO - Sync 1 DAGs
[2023-11-03T19:52:26.275+0000] {logging_mixin.py:151} INFO - [2023-11-03T19:52:26.274+0000] {dag.py:3722} INFO - Setting next_dagrun for example_trigger_target_dag to None, run_after=None
[2023-11-03T19:52:26.337+0000] {processor.py:179} INFO - Processing /home/airflow/.local/lib/python3.8/site-packages/airflow/example_dags/example_trigger_target_dag.py took 0.193 seconds
[2023-11-03T19:52:56.760+0000] {processor.py:157} INFO - Started process (PID=34732) to work on /home/airflow/.local/lib/python3.8/site-packages/airflow/example_dags/example_trigger_target_dag.py
[2023-11-03T19:52:56.763+0000] {processor.py:829} INFO - Processing file /home/airflow/.local/lib/python3.8/site-packages/airflow/example_dags/example_trigger_target_dag.py for tasks to queue
[2023-11-03T19:52:56.770+0000] {logging_mixin.py:151} INFO - [2023-11-03T19:52:56.769+0000] {dagbag.py:536} INFO - Filling up the DagBag from /home/airflow/.local/lib/python3.8/site-packages/airflow/example_dags/example_trigger_target_dag.py
[2023-11-03T19:52:56.790+0000] {processor.py:839} INFO - DAG(s) dict_keys(['example_trigger_target_dag']) retrieved from /home/airflow/.local/lib/python3.8/site-packages/airflow/example_dags/example_trigger_target_dag.py
[2023-11-03T19:52:56.851+0000] {logging_mixin.py:151} INFO - [2023-11-03T19:52:56.850+0000] {dag.py:2941} INFO - Sync 1 DAGs
[2023-11-03T19:52:56.883+0000] {logging_mixin.py:151} INFO - [2023-11-03T19:52:56.882+0000] {dag.py:3722} INFO - Setting next_dagrun for example_trigger_target_dag to None, run_after=None
[2023-11-03T19:52:56.942+0000] {processor.py:179} INFO - Processing /home/airflow/.local/lib/python3.8/site-packages/airflow/example_dags/example_trigger_target_dag.py took 0.193 seconds
[2023-11-03T19:53:27.079+0000] {processor.py:157} INFO - Started process (PID=34794) to work on /home/airflow/.local/lib/python3.8/site-packages/airflow/example_dags/example_trigger_target_dag.py
[2023-11-03T19:53:27.082+0000] {processor.py:829} INFO - Processing file /home/airflow/.local/lib/python3.8/site-packages/airflow/example_dags/example_trigger_target_dag.py for tasks to queue
[2023-11-03T19:53:27.092+0000] {logging_mixin.py:151} INFO - [2023-11-03T19:53:27.090+0000] {dagbag.py:536} INFO - Filling up the DagBag from /home/airflow/.local/lib/python3.8/site-packages/airflow/example_dags/example_trigger_target_dag.py
[2023-11-03T19:53:27.120+0000] {processor.py:839} INFO - DAG(s) dict_keys(['example_trigger_target_dag']) retrieved from /home/airflow/.local/lib/python3.8/site-packages/airflow/example_dags/example_trigger_target_dag.py
[2023-11-03T19:53:27.181+0000] {logging_mixin.py:151} INFO - [2023-11-03T19:53:27.181+0000] {dag.py:2941} INFO - Sync 1 DAGs
[2023-11-03T19:53:27.231+0000] {logging_mixin.py:151} INFO - [2023-11-03T19:53:27.230+0000] {dag.py:3722} INFO - Setting next_dagrun for example_trigger_target_dag to None, run_after=None
[2023-11-03T19:53:27.309+0000] {processor.py:179} INFO - Processing /home/airflow/.local/lib/python3.8/site-packages/airflow/example_dags/example_trigger_target_dag.py took 0.238 seconds
[2023-11-03T19:53:57.474+0000] {processor.py:157} INFO - Started process (PID=34856) to work on /home/airflow/.local/lib/python3.8/site-packages/airflow/example_dags/example_trigger_target_dag.py
[2023-11-03T19:53:57.477+0000] {processor.py:829} INFO - Processing file /home/airflow/.local/lib/python3.8/site-packages/airflow/example_dags/example_trigger_target_dag.py for tasks to queue
[2023-11-03T19:53:57.488+0000] {logging_mixin.py:151} INFO - [2023-11-03T19:53:57.486+0000] {dagbag.py:536} INFO - Filling up the DagBag from /home/airflow/.local/lib/python3.8/site-packages/airflow/example_dags/example_trigger_target_dag.py
[2023-11-03T19:53:57.513+0000] {processor.py:839} INFO - DAG(s) dict_keys(['example_trigger_target_dag']) retrieved from /home/airflow/.local/lib/python3.8/site-packages/airflow/example_dags/example_trigger_target_dag.py
[2023-11-03T19:53:57.570+0000] {logging_mixin.py:151} INFO - [2023-11-03T19:53:57.569+0000] {dag.py:2941} INFO - Sync 1 DAGs
[2023-11-03T19:53:57.609+0000] {logging_mixin.py:151} INFO - [2023-11-03T19:53:57.608+0000] {dag.py:3722} INFO - Setting next_dagrun for example_trigger_target_dag to None, run_after=None
[2023-11-03T19:53:57.667+0000] {processor.py:179} INFO - Processing /home/airflow/.local/lib/python3.8/site-packages/airflow/example_dags/example_trigger_target_dag.py took 0.207 seconds
[2023-11-03T19:54:28.290+0000] {processor.py:157} INFO - Started process (PID=34918) to work on /home/airflow/.local/lib/python3.8/site-packages/airflow/example_dags/example_trigger_target_dag.py
[2023-11-03T19:54:28.293+0000] {processor.py:829} INFO - Processing file /home/airflow/.local/lib/python3.8/site-packages/airflow/example_dags/example_trigger_target_dag.py for tasks to queue
[2023-11-03T19:54:28.302+0000] {logging_mixin.py:151} INFO - [2023-11-03T19:54:28.301+0000] {dagbag.py:536} INFO - Filling up the DagBag from /home/airflow/.local/lib/python3.8/site-packages/airflow/example_dags/example_trigger_target_dag.py
[2023-11-03T19:54:28.323+0000] {processor.py:839} INFO - DAG(s) dict_keys(['example_trigger_target_dag']) retrieved from /home/airflow/.local/lib/python3.8/site-packages/airflow/example_dags/example_trigger_target_dag.py
[2023-11-03T19:54:28.386+0000] {logging_mixin.py:151} INFO - [2023-11-03T19:54:28.385+0000] {dag.py:2941} INFO - Sync 1 DAGs
[2023-11-03T19:54:28.426+0000] {logging_mixin.py:151} INFO - [2023-11-03T19:54:28.425+0000] {dag.py:3722} INFO - Setting next_dagrun for example_trigger_target_dag to None, run_after=None
[2023-11-03T19:54:28.487+0000] {processor.py:179} INFO - Processing /home/airflow/.local/lib/python3.8/site-packages/airflow/example_dags/example_trigger_target_dag.py took 0.209 seconds
[2023-11-03T19:54:59.430+0000] {processor.py:157} INFO - Started process (PID=34980) to work on /home/airflow/.local/lib/python3.8/site-packages/airflow/example_dags/example_trigger_target_dag.py
[2023-11-03T19:54:59.435+0000] {processor.py:829} INFO - Processing file /home/airflow/.local/lib/python3.8/site-packages/airflow/example_dags/example_trigger_target_dag.py for tasks to queue
[2023-11-03T19:54:59.443+0000] {logging_mixin.py:151} INFO - [2023-11-03T19:54:59.442+0000] {dagbag.py:536} INFO - Filling up the DagBag from /home/airflow/.local/lib/python3.8/site-packages/airflow/example_dags/example_trigger_target_dag.py
[2023-11-03T19:54:59.462+0000] {processor.py:839} INFO - DAG(s) dict_keys(['example_trigger_target_dag']) retrieved from /home/airflow/.local/lib/python3.8/site-packages/airflow/example_dags/example_trigger_target_dag.py
[2023-11-03T19:54:59.512+0000] {logging_mixin.py:151} INFO - [2023-11-03T19:54:59.512+0000] {dag.py:2941} INFO - Sync 1 DAGs
[2023-11-03T19:54:59.560+0000] {logging_mixin.py:151} INFO - [2023-11-03T19:54:59.559+0000] {dag.py:3722} INFO - Setting next_dagrun for example_trigger_target_dag to None, run_after=None
[2023-11-03T19:54:59.634+0000] {processor.py:179} INFO - Processing /home/airflow/.local/lib/python3.8/site-packages/airflow/example_dags/example_trigger_target_dag.py took 0.218 seconds
[2023-11-03T19:55:29.995+0000] {processor.py:157} INFO - Started process (PID=35042) to work on /home/airflow/.local/lib/python3.8/site-packages/airflow/example_dags/example_trigger_target_dag.py
[2023-11-03T19:55:29.999+0000] {processor.py:829} INFO - Processing file /home/airflow/.local/lib/python3.8/site-packages/airflow/example_dags/example_trigger_target_dag.py for tasks to queue
[2023-11-03T19:55:30.008+0000] {logging_mixin.py:151} INFO - [2023-11-03T19:55:30.007+0000] {dagbag.py:536} INFO - Filling up the DagBag from /home/airflow/.local/lib/python3.8/site-packages/airflow/example_dags/example_trigger_target_dag.py
[2023-11-03T19:55:30.031+0000] {processor.py:839} INFO - DAG(s) dict_keys(['example_trigger_target_dag']) retrieved from /home/airflow/.local/lib/python3.8/site-packages/airflow/example_dags/example_trigger_target_dag.py
[2023-11-03T19:55:30.080+0000] {logging_mixin.py:151} INFO - [2023-11-03T19:55:30.079+0000] {dag.py:2941} INFO - Sync 1 DAGs
[2023-11-03T19:55:30.113+0000] {logging_mixin.py:151} INFO - [2023-11-03T19:55:30.112+0000] {dag.py:3722} INFO - Setting next_dagrun for example_trigger_target_dag to None, run_after=None
[2023-11-03T19:55:30.170+0000] {processor.py:179} INFO - Processing /home/airflow/.local/lib/python3.8/site-packages/airflow/example_dags/example_trigger_target_dag.py took 0.191 seconds
[2023-11-03T19:56:00.559+0000] {processor.py:157} INFO - Started process (PID=35104) to work on /home/airflow/.local/lib/python3.8/site-packages/airflow/example_dags/example_trigger_target_dag.py
[2023-11-03T19:56:00.562+0000] {processor.py:829} INFO - Processing file /home/airflow/.local/lib/python3.8/site-packages/airflow/example_dags/example_trigger_target_dag.py for tasks to queue
[2023-11-03T19:56:00.572+0000] {logging_mixin.py:151} INFO - [2023-11-03T19:56:00.571+0000] {dagbag.py:536} INFO - Filling up the DagBag from /home/airflow/.local/lib/python3.8/site-packages/airflow/example_dags/example_trigger_target_dag.py
[2023-11-03T19:56:00.593+0000] {processor.py:839} INFO - DAG(s) dict_keys(['example_trigger_target_dag']) retrieved from /home/airflow/.local/lib/python3.8/site-packages/airflow/example_dags/example_trigger_target_dag.py
[2023-11-03T19:56:00.659+0000] {logging_mixin.py:151} INFO - [2023-11-03T19:56:00.658+0000] {dag.py:2941} INFO - Sync 1 DAGs
[2023-11-03T19:56:00.703+0000] {logging_mixin.py:151} INFO - [2023-11-03T19:56:00.703+0000] {dag.py:3722} INFO - Setting next_dagrun for example_trigger_target_dag to None, run_after=None
[2023-11-03T19:56:00.765+0000] {processor.py:179} INFO - Processing /home/airflow/.local/lib/python3.8/site-packages/airflow/example_dags/example_trigger_target_dag.py took 0.218 seconds
[2023-11-03T19:56:31.044+0000] {processor.py:157} INFO - Started process (PID=35166) to work on /home/airflow/.local/lib/python3.8/site-packages/airflow/example_dags/example_trigger_target_dag.py
[2023-11-03T19:56:31.048+0000] {processor.py:829} INFO - Processing file /home/airflow/.local/lib/python3.8/site-packages/airflow/example_dags/example_trigger_target_dag.py for tasks to queue
[2023-11-03T19:56:31.057+0000] {logging_mixin.py:151} INFO - [2023-11-03T19:56:31.056+0000] {dagbag.py:536} INFO - Filling up the DagBag from /home/airflow/.local/lib/python3.8/site-packages/airflow/example_dags/example_trigger_target_dag.py
[2023-11-03T19:56:31.079+0000] {processor.py:839} INFO - DAG(s) dict_keys(['example_trigger_target_dag']) retrieved from /home/airflow/.local/lib/python3.8/site-packages/airflow/example_dags/example_trigger_target_dag.py
[2023-11-03T19:56:31.147+0000] {logging_mixin.py:151} INFO - [2023-11-03T19:56:31.146+0000] {dag.py:2941} INFO - Sync 1 DAGs
[2023-11-03T19:56:31.184+0000] {logging_mixin.py:151} INFO - [2023-11-03T19:56:31.184+0000] {dag.py:3722} INFO - Setting next_dagrun for example_trigger_target_dag to None, run_after=None
[2023-11-03T19:56:31.248+0000] {processor.py:179} INFO - Processing /home/airflow/.local/lib/python3.8/site-packages/airflow/example_dags/example_trigger_target_dag.py took 0.218 seconds
[2023-11-03T19:57:01.384+0000] {processor.py:157} INFO - Started process (PID=35228) to work on /home/airflow/.local/lib/python3.8/site-packages/airflow/example_dags/example_trigger_target_dag.py
[2023-11-03T19:57:01.386+0000] {processor.py:829} INFO - Processing file /home/airflow/.local/lib/python3.8/site-packages/airflow/example_dags/example_trigger_target_dag.py for tasks to queue
[2023-11-03T19:57:01.393+0000] {logging_mixin.py:151} INFO - [2023-11-03T19:57:01.392+0000] {dagbag.py:536} INFO - Filling up the DagBag from /home/airflow/.local/lib/python3.8/site-packages/airflow/example_dags/example_trigger_target_dag.py
[2023-11-03T19:57:01.410+0000] {processor.py:839} INFO - DAG(s) dict_keys(['example_trigger_target_dag']) retrieved from /home/airflow/.local/lib/python3.8/site-packages/airflow/example_dags/example_trigger_target_dag.py
[2023-11-03T19:57:01.495+0000] {logging_mixin.py:151} INFO - [2023-11-03T19:57:01.494+0000] {dag.py:2941} INFO - Sync 1 DAGs
[2023-11-03T19:57:01.530+0000] {logging_mixin.py:151} INFO - [2023-11-03T19:57:01.529+0000] {dag.py:3722} INFO - Setting next_dagrun for example_trigger_target_dag to None, run_after=None
[2023-11-03T19:57:01.583+0000] {processor.py:179} INFO - Processing /home/airflow/.local/lib/python3.8/site-packages/airflow/example_dags/example_trigger_target_dag.py took 0.208 seconds
[2023-11-03T19:57:32.269+0000] {processor.py:157} INFO - Started process (PID=35290) to work on /home/airflow/.local/lib/python3.8/site-packages/airflow/example_dags/example_trigger_target_dag.py
[2023-11-03T19:57:32.272+0000] {processor.py:829} INFO - Processing file /home/airflow/.local/lib/python3.8/site-packages/airflow/example_dags/example_trigger_target_dag.py for tasks to queue
[2023-11-03T19:57:32.278+0000] {logging_mixin.py:151} INFO - [2023-11-03T19:57:32.277+0000] {dagbag.py:536} INFO - Filling up the DagBag from /home/airflow/.local/lib/python3.8/site-packages/airflow/example_dags/example_trigger_target_dag.py
[2023-11-03T19:57:32.293+0000] {processor.py:839} INFO - DAG(s) dict_keys(['example_trigger_target_dag']) retrieved from /home/airflow/.local/lib/python3.8/site-packages/airflow/example_dags/example_trigger_target_dag.py
[2023-11-03T19:57:32.341+0000] {logging_mixin.py:151} INFO - [2023-11-03T19:57:32.341+0000] {dag.py:2941} INFO - Sync 1 DAGs
[2023-11-03T19:57:32.371+0000] {logging_mixin.py:151} INFO - [2023-11-03T19:57:32.370+0000] {dag.py:3722} INFO - Setting next_dagrun for example_trigger_target_dag to None, run_after=None
[2023-11-03T19:57:32.425+0000] {processor.py:179} INFO - Processing /home/airflow/.local/lib/python3.8/site-packages/airflow/example_dags/example_trigger_target_dag.py took 0.165 seconds
[2023-11-03T19:58:02.775+0000] {processor.py:157} INFO - Started process (PID=35352) to work on /home/airflow/.local/lib/python3.8/site-packages/airflow/example_dags/example_trigger_target_dag.py
[2023-11-03T19:58:02.777+0000] {processor.py:829} INFO - Processing file /home/airflow/.local/lib/python3.8/site-packages/airflow/example_dags/example_trigger_target_dag.py for tasks to queue
[2023-11-03T19:58:02.783+0000] {logging_mixin.py:151} INFO - [2023-11-03T19:58:02.782+0000] {dagbag.py:536} INFO - Filling up the DagBag from /home/airflow/.local/lib/python3.8/site-packages/airflow/example_dags/example_trigger_target_dag.py
[2023-11-03T19:58:02.802+0000] {processor.py:839} INFO - DAG(s) dict_keys(['example_trigger_target_dag']) retrieved from /home/airflow/.local/lib/python3.8/site-packages/airflow/example_dags/example_trigger_target_dag.py
[2023-11-03T19:58:02.852+0000] {logging_mixin.py:151} INFO - [2023-11-03T19:58:02.852+0000] {dag.py:2941} INFO - Sync 1 DAGs
[2023-11-03T19:58:02.895+0000] {logging_mixin.py:151} INFO - [2023-11-03T19:58:02.894+0000] {dag.py:3722} INFO - Setting next_dagrun for example_trigger_target_dag to None, run_after=None
[2023-11-03T19:58:02.948+0000] {processor.py:179} INFO - Processing /home/airflow/.local/lib/python3.8/site-packages/airflow/example_dags/example_trigger_target_dag.py took 0.181 seconds
[2023-11-03T19:58:33.907+0000] {processor.py:157} INFO - Started process (PID=35414) to work on /home/airflow/.local/lib/python3.8/site-packages/airflow/example_dags/example_trigger_target_dag.py
[2023-11-03T19:58:33.909+0000] {processor.py:829} INFO - Processing file /home/airflow/.local/lib/python3.8/site-packages/airflow/example_dags/example_trigger_target_dag.py for tasks to queue
[2023-11-03T19:58:33.916+0000] {logging_mixin.py:151} INFO - [2023-11-03T19:58:33.915+0000] {dagbag.py:536} INFO - Filling up the DagBag from /home/airflow/.local/lib/python3.8/site-packages/airflow/example_dags/example_trigger_target_dag.py
[2023-11-03T19:58:33.931+0000] {processor.py:839} INFO - DAG(s) dict_keys(['example_trigger_target_dag']) retrieved from /home/airflow/.local/lib/python3.8/site-packages/airflow/example_dags/example_trigger_target_dag.py
[2023-11-03T19:58:33.978+0000] {logging_mixin.py:151} INFO - [2023-11-03T19:58:33.977+0000] {dag.py:2941} INFO - Sync 1 DAGs
[2023-11-03T19:58:34.013+0000] {logging_mixin.py:151} INFO - [2023-11-03T19:58:34.012+0000] {dag.py:3722} INFO - Setting next_dagrun for example_trigger_target_dag to None, run_after=None
[2023-11-03T19:58:34.068+0000] {processor.py:179} INFO - Processing /home/airflow/.local/lib/python3.8/site-packages/airflow/example_dags/example_trigger_target_dag.py took 0.168 seconds
[2023-11-03T19:59:04.726+0000] {processor.py:157} INFO - Started process (PID=35476) to work on /home/airflow/.local/lib/python3.8/site-packages/airflow/example_dags/example_trigger_target_dag.py
[2023-11-03T19:59:04.729+0000] {processor.py:829} INFO - Processing file /home/airflow/.local/lib/python3.8/site-packages/airflow/example_dags/example_trigger_target_dag.py for tasks to queue
[2023-11-03T19:59:04.736+0000] {logging_mixin.py:151} INFO - [2023-11-03T19:59:04.735+0000] {dagbag.py:536} INFO - Filling up the DagBag from /home/airflow/.local/lib/python3.8/site-packages/airflow/example_dags/example_trigger_target_dag.py
[2023-11-03T19:59:04.754+0000] {processor.py:839} INFO - DAG(s) dict_keys(['example_trigger_target_dag']) retrieved from /home/airflow/.local/lib/python3.8/site-packages/airflow/example_dags/example_trigger_target_dag.py
[2023-11-03T19:59:04.813+0000] {logging_mixin.py:151} INFO - [2023-11-03T19:59:04.813+0000] {dag.py:2941} INFO - Sync 1 DAGs
[2023-11-03T19:59:04.857+0000] {logging_mixin.py:151} INFO - [2023-11-03T19:59:04.856+0000] {dag.py:3722} INFO - Setting next_dagrun for example_trigger_target_dag to None, run_after=None
[2023-11-03T19:59:04.914+0000] {processor.py:179} INFO - Processing /home/airflow/.local/lib/python3.8/site-packages/airflow/example_dags/example_trigger_target_dag.py took 0.196 seconds
[2023-11-03T19:59:35.735+0000] {processor.py:157} INFO - Started process (PID=35538) to work on /home/airflow/.local/lib/python3.8/site-packages/airflow/example_dags/example_trigger_target_dag.py
[2023-11-03T19:59:35.737+0000] {processor.py:829} INFO - Processing file /home/airflow/.local/lib/python3.8/site-packages/airflow/example_dags/example_trigger_target_dag.py for tasks to queue
[2023-11-03T19:59:35.744+0000] {logging_mixin.py:151} INFO - [2023-11-03T19:59:35.743+0000] {dagbag.py:536} INFO - Filling up the DagBag from /home/airflow/.local/lib/python3.8/site-packages/airflow/example_dags/example_trigger_target_dag.py
[2023-11-03T19:59:35.766+0000] {processor.py:839} INFO - DAG(s) dict_keys(['example_trigger_target_dag']) retrieved from /home/airflow/.local/lib/python3.8/site-packages/airflow/example_dags/example_trigger_target_dag.py
[2023-11-03T19:59:35.827+0000] {logging_mixin.py:151} INFO - [2023-11-03T19:59:35.827+0000] {dag.py:2941} INFO - Sync 1 DAGs
[2023-11-03T19:59:35.867+0000] {logging_mixin.py:151} INFO - [2023-11-03T19:59:35.867+0000] {dag.py:3722} INFO - Setting next_dagrun for example_trigger_target_dag to None, run_after=None
[2023-11-03T19:59:35.920+0000] {processor.py:179} INFO - Processing /home/airflow/.local/lib/python3.8/site-packages/airflow/example_dags/example_trigger_target_dag.py took 0.192 seconds
[2023-11-03T20:00:06.553+0000] {processor.py:157} INFO - Started process (PID=35600) to work on /home/airflow/.local/lib/python3.8/site-packages/airflow/example_dags/example_trigger_target_dag.py
[2023-11-03T20:00:06.555+0000] {processor.py:829} INFO - Processing file /home/airflow/.local/lib/python3.8/site-packages/airflow/example_dags/example_trigger_target_dag.py for tasks to queue
[2023-11-03T20:00:06.563+0000] {logging_mixin.py:151} INFO - [2023-11-03T20:00:06.561+0000] {dagbag.py:536} INFO - Filling up the DagBag from /home/airflow/.local/lib/python3.8/site-packages/airflow/example_dags/example_trigger_target_dag.py
[2023-11-03T20:00:06.578+0000] {processor.py:839} INFO - DAG(s) dict_keys(['example_trigger_target_dag']) retrieved from /home/airflow/.local/lib/python3.8/site-packages/airflow/example_dags/example_trigger_target_dag.py
[2023-11-03T20:00:06.629+0000] {logging_mixin.py:151} INFO - [2023-11-03T20:00:06.628+0000] {dag.py:2941} INFO - Sync 1 DAGs
[2023-11-03T20:00:06.677+0000] {logging_mixin.py:151} INFO - [2023-11-03T20:00:06.676+0000] {dag.py:3722} INFO - Setting next_dagrun for example_trigger_target_dag to None, run_after=None
[2023-11-03T20:00:06.731+0000] {processor.py:179} INFO - Processing /home/airflow/.local/lib/python3.8/site-packages/airflow/example_dags/example_trigger_target_dag.py took 0.185 seconds
[2023-11-03T20:00:36.971+0000] {processor.py:157} INFO - Started process (PID=35669) to work on /home/airflow/.local/lib/python3.8/site-packages/airflow/example_dags/example_trigger_target_dag.py
[2023-11-03T20:00:36.973+0000] {processor.py:829} INFO - Processing file /home/airflow/.local/lib/python3.8/site-packages/airflow/example_dags/example_trigger_target_dag.py for tasks to queue
[2023-11-03T20:00:36.981+0000] {logging_mixin.py:151} INFO - [2023-11-03T20:00:36.980+0000] {dagbag.py:536} INFO - Filling up the DagBag from /home/airflow/.local/lib/python3.8/site-packages/airflow/example_dags/example_trigger_target_dag.py
[2023-11-03T20:00:36.996+0000] {processor.py:839} INFO - DAG(s) dict_keys(['example_trigger_target_dag']) retrieved from /home/airflow/.local/lib/python3.8/site-packages/airflow/example_dags/example_trigger_target_dag.py
[2023-11-03T20:00:37.040+0000] {logging_mixin.py:151} INFO - [2023-11-03T20:00:37.040+0000] {dag.py:2941} INFO - Sync 1 DAGs
[2023-11-03T20:00:37.070+0000] {logging_mixin.py:151} INFO - [2023-11-03T20:00:37.070+0000] {dag.py:3722} INFO - Setting next_dagrun for example_trigger_target_dag to None, run_after=None
[2023-11-03T20:00:37.125+0000] {processor.py:179} INFO - Processing /home/airflow/.local/lib/python3.8/site-packages/airflow/example_dags/example_trigger_target_dag.py took 0.162 seconds
[2023-11-03T20:01:08.014+0000] {processor.py:157} INFO - Started process (PID=35731) to work on /home/airflow/.local/lib/python3.8/site-packages/airflow/example_dags/example_trigger_target_dag.py
[2023-11-03T20:01:08.017+0000] {processor.py:829} INFO - Processing file /home/airflow/.local/lib/python3.8/site-packages/airflow/example_dags/example_trigger_target_dag.py for tasks to queue
[2023-11-03T20:01:08.026+0000] {logging_mixin.py:151} INFO - [2023-11-03T20:01:08.024+0000] {dagbag.py:536} INFO - Filling up the DagBag from /home/airflow/.local/lib/python3.8/site-packages/airflow/example_dags/example_trigger_target_dag.py
[2023-11-03T20:01:08.048+0000] {processor.py:839} INFO - DAG(s) dict_keys(['example_trigger_target_dag']) retrieved from /home/airflow/.local/lib/python3.8/site-packages/airflow/example_dags/example_trigger_target_dag.py
[2023-11-03T20:01:08.102+0000] {logging_mixin.py:151} INFO - [2023-11-03T20:01:08.101+0000] {dag.py:2941} INFO - Sync 1 DAGs
[2023-11-03T20:01:08.135+0000] {logging_mixin.py:151} INFO - [2023-11-03T20:01:08.135+0000] {dag.py:3722} INFO - Setting next_dagrun for example_trigger_target_dag to None, run_after=None
[2023-11-03T20:01:08.188+0000] {processor.py:179} INFO - Processing /home/airflow/.local/lib/python3.8/site-packages/airflow/example_dags/example_trigger_target_dag.py took 0.185 seconds
[2023-11-03T20:01:38.461+0000] {processor.py:157} INFO - Started process (PID=35793) to work on /home/airflow/.local/lib/python3.8/site-packages/airflow/example_dags/example_trigger_target_dag.py
[2023-11-03T20:01:38.463+0000] {processor.py:829} INFO - Processing file /home/airflow/.local/lib/python3.8/site-packages/airflow/example_dags/example_trigger_target_dag.py for tasks to queue
[2023-11-03T20:01:38.472+0000] {logging_mixin.py:151} INFO - [2023-11-03T20:01:38.471+0000] {dagbag.py:536} INFO - Filling up the DagBag from /home/airflow/.local/lib/python3.8/site-packages/airflow/example_dags/example_trigger_target_dag.py
[2023-11-03T20:01:38.500+0000] {processor.py:839} INFO - DAG(s) dict_keys(['example_trigger_target_dag']) retrieved from /home/airflow/.local/lib/python3.8/site-packages/airflow/example_dags/example_trigger_target_dag.py
[2023-11-03T20:01:38.557+0000] {logging_mixin.py:151} INFO - [2023-11-03T20:01:38.557+0000] {dag.py:2941} INFO - Sync 1 DAGs
[2023-11-03T20:01:38.606+0000] {logging_mixin.py:151} INFO - [2023-11-03T20:01:38.606+0000] {dag.py:3722} INFO - Setting next_dagrun for example_trigger_target_dag to None, run_after=None
[2023-11-03T20:01:38.657+0000] {processor.py:179} INFO - Processing /home/airflow/.local/lib/python3.8/site-packages/airflow/example_dags/example_trigger_target_dag.py took 0.206 seconds
[2023-11-03T20:02:09.290+0000] {processor.py:157} INFO - Started process (PID=35855) to work on /home/airflow/.local/lib/python3.8/site-packages/airflow/example_dags/example_trigger_target_dag.py
[2023-11-03T20:02:09.292+0000] {processor.py:829} INFO - Processing file /home/airflow/.local/lib/python3.8/site-packages/airflow/example_dags/example_trigger_target_dag.py for tasks to queue
[2023-11-03T20:02:09.298+0000] {logging_mixin.py:151} INFO - [2023-11-03T20:02:09.297+0000] {dagbag.py:536} INFO - Filling up the DagBag from /home/airflow/.local/lib/python3.8/site-packages/airflow/example_dags/example_trigger_target_dag.py
[2023-11-03T20:02:09.312+0000] {processor.py:839} INFO - DAG(s) dict_keys(['example_trigger_target_dag']) retrieved from /home/airflow/.local/lib/python3.8/site-packages/airflow/example_dags/example_trigger_target_dag.py
[2023-11-03T20:02:09.360+0000] {logging_mixin.py:151} INFO - [2023-11-03T20:02:09.359+0000] {dag.py:2941} INFO - Sync 1 DAGs
[2023-11-03T20:02:09.399+0000] {logging_mixin.py:151} INFO - [2023-11-03T20:02:09.398+0000] {dag.py:3722} INFO - Setting next_dagrun for example_trigger_target_dag to None, run_after=None
[2023-11-03T20:02:09.455+0000] {processor.py:179} INFO - Processing /home/airflow/.local/lib/python3.8/site-packages/airflow/example_dags/example_trigger_target_dag.py took 0.172 seconds
[2023-11-03T20:02:39.992+0000] {processor.py:157} INFO - Started process (PID=35917) to work on /home/airflow/.local/lib/python3.8/site-packages/airflow/example_dags/example_trigger_target_dag.py
[2023-11-03T20:02:39.994+0000] {processor.py:829} INFO - Processing file /home/airflow/.local/lib/python3.8/site-packages/airflow/example_dags/example_trigger_target_dag.py for tasks to queue
[2023-11-03T20:02:40.000+0000] {logging_mixin.py:151} INFO - [2023-11-03T20:02:39.999+0000] {dagbag.py:536} INFO - Filling up the DagBag from /home/airflow/.local/lib/python3.8/site-packages/airflow/example_dags/example_trigger_target_dag.py
[2023-11-03T20:02:40.018+0000] {processor.py:839} INFO - DAG(s) dict_keys(['example_trigger_target_dag']) retrieved from /home/airflow/.local/lib/python3.8/site-packages/airflow/example_dags/example_trigger_target_dag.py
[2023-11-03T20:02:40.070+0000] {logging_mixin.py:151} INFO - [2023-11-03T20:02:40.070+0000] {dag.py:2941} INFO - Sync 1 DAGs
[2023-11-03T20:02:40.100+0000] {logging_mixin.py:151} INFO - [2023-11-03T20:02:40.099+0000] {dag.py:3722} INFO - Setting next_dagrun for example_trigger_target_dag to None, run_after=None
[2023-11-03T20:02:40.153+0000] {processor.py:179} INFO - Processing /home/airflow/.local/lib/python3.8/site-packages/airflow/example_dags/example_trigger_target_dag.py took 0.169 seconds
[2023-11-03T20:03:10.650+0000] {processor.py:157} INFO - Started process (PID=35980) to work on /home/airflow/.local/lib/python3.8/site-packages/airflow/example_dags/example_trigger_target_dag.py
[2023-11-03T20:03:10.653+0000] {processor.py:829} INFO - Processing file /home/airflow/.local/lib/python3.8/site-packages/airflow/example_dags/example_trigger_target_dag.py for tasks to queue
[2023-11-03T20:03:10.664+0000] {logging_mixin.py:151} INFO - [2023-11-03T20:03:10.662+0000] {dagbag.py:536} INFO - Filling up the DagBag from /home/airflow/.local/lib/python3.8/site-packages/airflow/example_dags/example_trigger_target_dag.py
[2023-11-03T20:03:10.689+0000] {processor.py:839} INFO - DAG(s) dict_keys(['example_trigger_target_dag']) retrieved from /home/airflow/.local/lib/python3.8/site-packages/airflow/example_dags/example_trigger_target_dag.py
[2023-11-03T20:03:10.744+0000] {logging_mixin.py:151} INFO - [2023-11-03T20:03:10.743+0000] {dag.py:2941} INFO - Sync 1 DAGs
[2023-11-03T20:03:10.780+0000] {logging_mixin.py:151} INFO - [2023-11-03T20:03:10.779+0000] {dag.py:3722} INFO - Setting next_dagrun for example_trigger_target_dag to None, run_after=None
[2023-11-03T20:03:10.844+0000] {processor.py:179} INFO - Processing /home/airflow/.local/lib/python3.8/site-packages/airflow/example_dags/example_trigger_target_dag.py took 0.206 seconds
[2023-11-03T20:03:41.358+0000] {processor.py:157} INFO - Started process (PID=36043) to work on /home/airflow/.local/lib/python3.8/site-packages/airflow/example_dags/example_trigger_target_dag.py
[2023-11-03T20:03:41.361+0000] {processor.py:829} INFO - Processing file /home/airflow/.local/lib/python3.8/site-packages/airflow/example_dags/example_trigger_target_dag.py for tasks to queue
[2023-11-03T20:03:41.368+0000] {logging_mixin.py:151} INFO - [2023-11-03T20:03:41.367+0000] {dagbag.py:536} INFO - Filling up the DagBag from /home/airflow/.local/lib/python3.8/site-packages/airflow/example_dags/example_trigger_target_dag.py
[2023-11-03T20:03:41.391+0000] {processor.py:839} INFO - DAG(s) dict_keys(['example_trigger_target_dag']) retrieved from /home/airflow/.local/lib/python3.8/site-packages/airflow/example_dags/example_trigger_target_dag.py
[2023-11-03T20:03:41.451+0000] {logging_mixin.py:151} INFO - [2023-11-03T20:03:41.450+0000] {dag.py:2941} INFO - Sync 1 DAGs
[2023-11-03T20:03:41.494+0000] {logging_mixin.py:151} INFO - [2023-11-03T20:03:41.493+0000] {dag.py:3722} INFO - Setting next_dagrun for example_trigger_target_dag to None, run_after=None
[2023-11-03T20:03:41.553+0000] {processor.py:179} INFO - Processing /home/airflow/.local/lib/python3.8/site-packages/airflow/example_dags/example_trigger_target_dag.py took 0.204 seconds
[2023-11-03T20:04:12.412+0000] {processor.py:157} INFO - Started process (PID=36104) to work on /home/airflow/.local/lib/python3.8/site-packages/airflow/example_dags/example_trigger_target_dag.py
[2023-11-03T20:04:12.416+0000] {processor.py:829} INFO - Processing file /home/airflow/.local/lib/python3.8/site-packages/airflow/example_dags/example_trigger_target_dag.py for tasks to queue
[2023-11-03T20:04:12.425+0000] {logging_mixin.py:151} INFO - [2023-11-03T20:04:12.424+0000] {dagbag.py:536} INFO - Filling up the DagBag from /home/airflow/.local/lib/python3.8/site-packages/airflow/example_dags/example_trigger_target_dag.py
[2023-11-03T20:04:12.443+0000] {processor.py:839} INFO - DAG(s) dict_keys(['example_trigger_target_dag']) retrieved from /home/airflow/.local/lib/python3.8/site-packages/airflow/example_dags/example_trigger_target_dag.py
[2023-11-03T20:04:12.494+0000] {logging_mixin.py:151} INFO - [2023-11-03T20:04:12.494+0000] {dag.py:2941} INFO - Sync 1 DAGs
[2023-11-03T20:04:12.522+0000] {logging_mixin.py:151} INFO - [2023-11-03T20:04:12.522+0000] {dag.py:3722} INFO - Setting next_dagrun for example_trigger_target_dag to None, run_after=None
[2023-11-03T20:04:12.577+0000] {processor.py:179} INFO - Processing /home/airflow/.local/lib/python3.8/site-packages/airflow/example_dags/example_trigger_target_dag.py took 0.177 seconds
[2023-11-03T20:04:42.844+0000] {processor.py:157} INFO - Started process (PID=36166) to work on /home/airflow/.local/lib/python3.8/site-packages/airflow/example_dags/example_trigger_target_dag.py
[2023-11-03T20:04:42.847+0000] {processor.py:829} INFO - Processing file /home/airflow/.local/lib/python3.8/site-packages/airflow/example_dags/example_trigger_target_dag.py for tasks to queue
[2023-11-03T20:04:42.855+0000] {logging_mixin.py:151} INFO - [2023-11-03T20:04:42.854+0000] {dagbag.py:536} INFO - Filling up the DagBag from /home/airflow/.local/lib/python3.8/site-packages/airflow/example_dags/example_trigger_target_dag.py
[2023-11-03T20:04:42.875+0000] {processor.py:839} INFO - DAG(s) dict_keys(['example_trigger_target_dag']) retrieved from /home/airflow/.local/lib/python3.8/site-packages/airflow/example_dags/example_trigger_target_dag.py
[2023-11-03T20:04:42.920+0000] {logging_mixin.py:151} INFO - [2023-11-03T20:04:42.919+0000] {dag.py:2941} INFO - Sync 1 DAGs
[2023-11-03T20:04:42.948+0000] {logging_mixin.py:151} INFO - [2023-11-03T20:04:42.947+0000] {dag.py:3722} INFO - Setting next_dagrun for example_trigger_target_dag to None, run_after=None
[2023-11-03T20:04:42.997+0000] {processor.py:179} INFO - Processing /home/airflow/.local/lib/python3.8/site-packages/airflow/example_dags/example_trigger_target_dag.py took 0.165 seconds
[2023-11-03T20:05:13.142+0000] {processor.py:157} INFO - Started process (PID=36228) to work on /home/airflow/.local/lib/python3.8/site-packages/airflow/example_dags/example_trigger_target_dag.py
[2023-11-03T20:05:13.145+0000] {processor.py:829} INFO - Processing file /home/airflow/.local/lib/python3.8/site-packages/airflow/example_dags/example_trigger_target_dag.py for tasks to queue
[2023-11-03T20:05:13.154+0000] {logging_mixin.py:151} INFO - [2023-11-03T20:05:13.152+0000] {dagbag.py:536} INFO - Filling up the DagBag from /home/airflow/.local/lib/python3.8/site-packages/airflow/example_dags/example_trigger_target_dag.py
[2023-11-03T20:05:13.173+0000] {processor.py:839} INFO - DAG(s) dict_keys(['example_trigger_target_dag']) retrieved from /home/airflow/.local/lib/python3.8/site-packages/airflow/example_dags/example_trigger_target_dag.py
[2023-11-03T20:05:13.235+0000] {logging_mixin.py:151} INFO - [2023-11-03T20:05:13.235+0000] {dag.py:2941} INFO - Sync 1 DAGs
[2023-11-03T20:05:13.268+0000] {logging_mixin.py:151} INFO - [2023-11-03T20:05:13.267+0000] {dag.py:3722} INFO - Setting next_dagrun for example_trigger_target_dag to None, run_after=None
[2023-11-03T20:05:13.331+0000] {processor.py:179} INFO - Processing /home/airflow/.local/lib/python3.8/site-packages/airflow/example_dags/example_trigger_target_dag.py took 0.198 seconds
[2023-11-03T20:05:44.081+0000] {processor.py:157} INFO - Started process (PID=36288) to work on /home/airflow/.local/lib/python3.8/site-packages/airflow/example_dags/example_trigger_target_dag.py
[2023-11-03T20:05:44.084+0000] {processor.py:829} INFO - Processing file /home/airflow/.local/lib/python3.8/site-packages/airflow/example_dags/example_trigger_target_dag.py for tasks to queue
[2023-11-03T20:05:44.091+0000] {logging_mixin.py:151} INFO - [2023-11-03T20:05:44.089+0000] {dagbag.py:536} INFO - Filling up the DagBag from /home/airflow/.local/lib/python3.8/site-packages/airflow/example_dags/example_trigger_target_dag.py
[2023-11-03T20:05:44.106+0000] {processor.py:839} INFO - DAG(s) dict_keys(['example_trigger_target_dag']) retrieved from /home/airflow/.local/lib/python3.8/site-packages/airflow/example_dags/example_trigger_target_dag.py
[2023-11-03T20:05:44.160+0000] {logging_mixin.py:151} INFO - [2023-11-03T20:05:44.159+0000] {dag.py:2941} INFO - Sync 1 DAGs
[2023-11-03T20:05:44.200+0000] {logging_mixin.py:151} INFO - [2023-11-03T20:05:44.200+0000] {dag.py:3722} INFO - Setting next_dagrun for example_trigger_target_dag to None, run_after=None
[2023-11-03T20:05:44.264+0000] {processor.py:179} INFO - Processing /home/airflow/.local/lib/python3.8/site-packages/airflow/example_dags/example_trigger_target_dag.py took 0.190 seconds
