[2023-11-03T19:42:42.730+0000] {processor.py:157} INFO - Started process (PID=33490) to work on /home/airflow/.local/lib/python3.8/site-packages/airflow/example_dags/example_dag_decorator.py
[2023-11-03T19:42:42.733+0000] {processor.py:829} INFO - Processing file /home/airflow/.local/lib/python3.8/site-packages/airflow/example_dags/example_dag_decorator.py for tasks to queue
[2023-11-03T19:42:42.741+0000] {logging_mixin.py:151} INFO - [2023-11-03T19:42:42.740+0000] {dagbag.py:536} INFO - Filling up the DagBag from /home/airflow/.local/lib/python3.8/site-packages/airflow/example_dags/example_dag_decorator.py
[2023-11-03T19:42:43.110+0000] {processor.py:839} INFO - DAG(s) dict_keys(['example_dag_decorator']) retrieved from /home/airflow/.local/lib/python3.8/site-packages/airflow/example_dags/example_dag_decorator.py
[2023-11-03T19:42:44.225+0000] {logging_mixin.py:151} INFO - [2023-11-03T19:42:44.224+0000] {dag.py:2941} INFO - Sync 1 DAGs
[2023-11-03T19:42:44.291+0000] {logging_mixin.py:151} INFO - [2023-11-03T19:42:44.288+0000] {dag.py:3722} INFO - Setting next_dagrun for example_dag_decorator to None, run_after=None
[2023-11-03T19:42:44.411+0000] {processor.py:179} INFO - Processing /home/airflow/.local/lib/python3.8/site-packages/airflow/example_dags/example_dag_decorator.py took 1.692 seconds
[2023-11-03T19:43:14.581+0000] {processor.py:157} INFO - Started process (PID=33553) to work on /home/airflow/.local/lib/python3.8/site-packages/airflow/example_dags/example_dag_decorator.py
[2023-11-03T19:43:14.586+0000] {processor.py:829} INFO - Processing file /home/airflow/.local/lib/python3.8/site-packages/airflow/example_dags/example_dag_decorator.py for tasks to queue
[2023-11-03T19:43:14.594+0000] {logging_mixin.py:151} INFO - [2023-11-03T19:43:14.592+0000] {dagbag.py:536} INFO - Filling up the DagBag from /home/airflow/.local/lib/python3.8/site-packages/airflow/example_dags/example_dag_decorator.py
[2023-11-03T19:43:14.877+0000] {processor.py:839} INFO - DAG(s) dict_keys(['example_dag_decorator']) retrieved from /home/airflow/.local/lib/python3.8/site-packages/airflow/example_dags/example_dag_decorator.py
[2023-11-03T19:43:15.308+0000] {logging_mixin.py:151} INFO - [2023-11-03T19:43:15.307+0000] {dag.py:2941} INFO - Sync 1 DAGs
[2023-11-03T19:43:15.345+0000] {logging_mixin.py:151} INFO - [2023-11-03T19:43:15.345+0000] {dag.py:3722} INFO - Setting next_dagrun for example_dag_decorator to None, run_after=None
[2023-11-03T19:43:15.424+0000] {processor.py:179} INFO - Processing /home/airflow/.local/lib/python3.8/site-packages/airflow/example_dags/example_dag_decorator.py took 0.854 seconds
[2023-11-03T19:43:46.264+0000] {processor.py:157} INFO - Started process (PID=33616) to work on /home/airflow/.local/lib/python3.8/site-packages/airflow/example_dags/example_dag_decorator.py
[2023-11-03T19:43:46.268+0000] {processor.py:829} INFO - Processing file /home/airflow/.local/lib/python3.8/site-packages/airflow/example_dags/example_dag_decorator.py for tasks to queue
[2023-11-03T19:43:46.276+0000] {logging_mixin.py:151} INFO - [2023-11-03T19:43:46.275+0000] {dagbag.py:536} INFO - Filling up the DagBag from /home/airflow/.local/lib/python3.8/site-packages/airflow/example_dags/example_dag_decorator.py
[2023-11-03T19:43:46.549+0000] {processor.py:839} INFO - DAG(s) dict_keys(['example_dag_decorator']) retrieved from /home/airflow/.local/lib/python3.8/site-packages/airflow/example_dags/example_dag_decorator.py
[2023-11-03T19:43:46.902+0000] {logging_mixin.py:151} INFO - [2023-11-03T19:43:46.901+0000] {dag.py:2941} INFO - Sync 1 DAGs
[2023-11-03T19:43:46.934+0000] {logging_mixin.py:151} INFO - [2023-11-03T19:43:46.934+0000] {dag.py:3722} INFO - Setting next_dagrun for example_dag_decorator to None, run_after=None
[2023-11-03T19:43:47.006+0000] {processor.py:179} INFO - Processing /home/airflow/.local/lib/python3.8/site-packages/airflow/example_dags/example_dag_decorator.py took 0.755 seconds
[2023-11-03T19:44:17.253+0000] {processor.py:157} INFO - Started process (PID=33680) to work on /home/airflow/.local/lib/python3.8/site-packages/airflow/example_dags/example_dag_decorator.py
[2023-11-03T19:44:17.257+0000] {processor.py:829} INFO - Processing file /home/airflow/.local/lib/python3.8/site-packages/airflow/example_dags/example_dag_decorator.py for tasks to queue
[2023-11-03T19:44:17.265+0000] {logging_mixin.py:151} INFO - [2023-11-03T19:44:17.263+0000] {dagbag.py:536} INFO - Filling up the DagBag from /home/airflow/.local/lib/python3.8/site-packages/airflow/example_dags/example_dag_decorator.py
[2023-11-03T19:44:17.427+0000] {processor.py:839} INFO - DAG(s) dict_keys(['example_dag_decorator']) retrieved from /home/airflow/.local/lib/python3.8/site-packages/airflow/example_dags/example_dag_decorator.py
[2023-11-03T19:44:17.660+0000] {logging_mixin.py:151} INFO - [2023-11-03T19:44:17.660+0000] {dag.py:2941} INFO - Sync 1 DAGs
[2023-11-03T19:44:17.688+0000] {logging_mixin.py:151} INFO - [2023-11-03T19:44:17.687+0000] {dag.py:3722} INFO - Setting next_dagrun for example_dag_decorator to None, run_after=None
[2023-11-03T19:44:17.745+0000] {processor.py:179} INFO - Processing /home/airflow/.local/lib/python3.8/site-packages/airflow/example_dags/example_dag_decorator.py took 0.500 seconds
[2023-11-03T19:44:48.476+0000] {processor.py:157} INFO - Started process (PID=33742) to work on /home/airflow/.local/lib/python3.8/site-packages/airflow/example_dags/example_dag_decorator.py
[2023-11-03T19:44:48.479+0000] {processor.py:829} INFO - Processing file /home/airflow/.local/lib/python3.8/site-packages/airflow/example_dags/example_dag_decorator.py for tasks to queue
[2023-11-03T19:44:48.489+0000] {logging_mixin.py:151} INFO - [2023-11-03T19:44:48.488+0000] {dagbag.py:536} INFO - Filling up the DagBag from /home/airflow/.local/lib/python3.8/site-packages/airflow/example_dags/example_dag_decorator.py
[2023-11-03T19:44:48.679+0000] {processor.py:839} INFO - DAG(s) dict_keys(['example_dag_decorator']) retrieved from /home/airflow/.local/lib/python3.8/site-packages/airflow/example_dags/example_dag_decorator.py
[2023-11-03T19:44:48.959+0000] {logging_mixin.py:151} INFO - [2023-11-03T19:44:48.959+0000] {dag.py:2941} INFO - Sync 1 DAGs
[2023-11-03T19:44:49.006+0000] {logging_mixin.py:151} INFO - [2023-11-03T19:44:49.006+0000] {dag.py:3722} INFO - Setting next_dagrun for example_dag_decorator to None, run_after=None
[2023-11-03T19:44:49.075+0000] {processor.py:179} INFO - Processing /home/airflow/.local/lib/python3.8/site-packages/airflow/example_dags/example_dag_decorator.py took 0.607 seconds
[2023-11-03T19:45:19.170+0000] {processor.py:157} INFO - Started process (PID=33805) to work on /home/airflow/.local/lib/python3.8/site-packages/airflow/example_dags/example_dag_decorator.py
[2023-11-03T19:45:19.173+0000] {processor.py:829} INFO - Processing file /home/airflow/.local/lib/python3.8/site-packages/airflow/example_dags/example_dag_decorator.py for tasks to queue
[2023-11-03T19:45:19.183+0000] {logging_mixin.py:151} INFO - [2023-11-03T19:45:19.182+0000] {dagbag.py:536} INFO - Filling up the DagBag from /home/airflow/.local/lib/python3.8/site-packages/airflow/example_dags/example_dag_decorator.py
[2023-11-03T19:45:19.355+0000] {processor.py:839} INFO - DAG(s) dict_keys(['example_dag_decorator']) retrieved from /home/airflow/.local/lib/python3.8/site-packages/airflow/example_dags/example_dag_decorator.py
[2023-11-03T19:45:19.626+0000] {logging_mixin.py:151} INFO - [2023-11-03T19:45:19.625+0000] {dag.py:2941} INFO - Sync 1 DAGs
[2023-11-03T19:45:19.656+0000] {logging_mixin.py:151} INFO - [2023-11-03T19:45:19.655+0000] {dag.py:3722} INFO - Setting next_dagrun for example_dag_decorator to None, run_after=None
[2023-11-03T19:45:19.709+0000] {processor.py:179} INFO - Processing /home/airflow/.local/lib/python3.8/site-packages/airflow/example_dags/example_dag_decorator.py took 0.552 seconds
[2023-11-03T19:45:50.101+0000] {processor.py:157} INFO - Started process (PID=33867) to work on /home/airflow/.local/lib/python3.8/site-packages/airflow/example_dags/example_dag_decorator.py
[2023-11-03T19:45:50.104+0000] {processor.py:829} INFO - Processing file /home/airflow/.local/lib/python3.8/site-packages/airflow/example_dags/example_dag_decorator.py for tasks to queue
[2023-11-03T19:45:50.113+0000] {logging_mixin.py:151} INFO - [2023-11-03T19:45:50.112+0000] {dagbag.py:536} INFO - Filling up the DagBag from /home/airflow/.local/lib/python3.8/site-packages/airflow/example_dags/example_dag_decorator.py
[2023-11-03T19:45:50.274+0000] {processor.py:839} INFO - DAG(s) dict_keys(['example_dag_decorator']) retrieved from /home/airflow/.local/lib/python3.8/site-packages/airflow/example_dags/example_dag_decorator.py
[2023-11-03T19:45:50.563+0000] {logging_mixin.py:151} INFO - [2023-11-03T19:45:50.562+0000] {dag.py:2941} INFO - Sync 1 DAGs
[2023-11-03T19:45:50.594+0000] {logging_mixin.py:151} INFO - [2023-11-03T19:45:50.594+0000] {dag.py:3722} INFO - Setting next_dagrun for example_dag_decorator to None, run_after=None
[2023-11-03T19:45:50.654+0000] {processor.py:179} INFO - Processing /home/airflow/.local/lib/python3.8/site-packages/airflow/example_dags/example_dag_decorator.py took 0.560 seconds
[2023-11-03T19:46:21.086+0000] {processor.py:157} INFO - Started process (PID=33930) to work on /home/airflow/.local/lib/python3.8/site-packages/airflow/example_dags/example_dag_decorator.py
[2023-11-03T19:46:21.089+0000] {processor.py:829} INFO - Processing file /home/airflow/.local/lib/python3.8/site-packages/airflow/example_dags/example_dag_decorator.py for tasks to queue
[2023-11-03T19:46:21.099+0000] {logging_mixin.py:151} INFO - [2023-11-03T19:46:21.097+0000] {dagbag.py:536} INFO - Filling up the DagBag from /home/airflow/.local/lib/python3.8/site-packages/airflow/example_dags/example_dag_decorator.py
[2023-11-03T19:46:21.307+0000] {processor.py:839} INFO - DAG(s) dict_keys(['example_dag_decorator']) retrieved from /home/airflow/.local/lib/python3.8/site-packages/airflow/example_dags/example_dag_decorator.py
[2023-11-03T19:46:21.578+0000] {logging_mixin.py:151} INFO - [2023-11-03T19:46:21.577+0000] {dag.py:2941} INFO - Sync 1 DAGs
[2023-11-03T19:46:21.605+0000] {logging_mixin.py:151} INFO - [2023-11-03T19:46:21.604+0000] {dag.py:3722} INFO - Setting next_dagrun for example_dag_decorator to None, run_after=None
[2023-11-03T19:46:21.672+0000] {processor.py:179} INFO - Processing /home/airflow/.local/lib/python3.8/site-packages/airflow/example_dags/example_dag_decorator.py took 0.596 seconds
[2023-11-03T19:46:51.782+0000] {processor.py:157} INFO - Started process (PID=33992) to work on /home/airflow/.local/lib/python3.8/site-packages/airflow/example_dags/example_dag_decorator.py
[2023-11-03T19:46:51.784+0000] {processor.py:829} INFO - Processing file /home/airflow/.local/lib/python3.8/site-packages/airflow/example_dags/example_dag_decorator.py for tasks to queue
[2023-11-03T19:46:51.792+0000] {logging_mixin.py:151} INFO - [2023-11-03T19:46:51.790+0000] {dagbag.py:536} INFO - Filling up the DagBag from /home/airflow/.local/lib/python3.8/site-packages/airflow/example_dags/example_dag_decorator.py
[2023-11-03T19:46:52.015+0000] {processor.py:839} INFO - DAG(s) dict_keys(['example_dag_decorator']) retrieved from /home/airflow/.local/lib/python3.8/site-packages/airflow/example_dags/example_dag_decorator.py
[2023-11-03T19:46:52.348+0000] {logging_mixin.py:151} INFO - [2023-11-03T19:46:52.347+0000] {dag.py:2941} INFO - Sync 1 DAGs
[2023-11-03T19:46:52.389+0000] {logging_mixin.py:151} INFO - [2023-11-03T19:46:52.389+0000] {dag.py:3722} INFO - Setting next_dagrun for example_dag_decorator to None, run_after=None
[2023-11-03T19:46:52.456+0000] {processor.py:179} INFO - Processing /home/airflow/.local/lib/python3.8/site-packages/airflow/example_dags/example_dag_decorator.py took 0.683 seconds
[2023-11-03T19:47:22.720+0000] {processor.py:157} INFO - Started process (PID=34053) to work on /home/airflow/.local/lib/python3.8/site-packages/airflow/example_dags/example_dag_decorator.py
[2023-11-03T19:47:22.723+0000] {processor.py:829} INFO - Processing file /home/airflow/.local/lib/python3.8/site-packages/airflow/example_dags/example_dag_decorator.py for tasks to queue
[2023-11-03T19:47:22.730+0000] {logging_mixin.py:151} INFO - [2023-11-03T19:47:22.729+0000] {dagbag.py:536} INFO - Filling up the DagBag from /home/airflow/.local/lib/python3.8/site-packages/airflow/example_dags/example_dag_decorator.py
[2023-11-03T19:47:22.907+0000] {processor.py:839} INFO - DAG(s) dict_keys(['example_dag_decorator']) retrieved from /home/airflow/.local/lib/python3.8/site-packages/airflow/example_dags/example_dag_decorator.py
[2023-11-03T19:47:23.186+0000] {logging_mixin.py:151} INFO - [2023-11-03T19:47:23.185+0000] {dag.py:2941} INFO - Sync 1 DAGs
[2023-11-03T19:47:23.232+0000] {logging_mixin.py:151} INFO - [2023-11-03T19:47:23.232+0000] {dag.py:3722} INFO - Setting next_dagrun for example_dag_decorator to None, run_after=None
[2023-11-03T19:47:23.294+0000] {processor.py:179} INFO - Processing /home/airflow/.local/lib/python3.8/site-packages/airflow/example_dags/example_dag_decorator.py took 0.583 seconds
[2023-11-03T19:47:53.376+0000] {processor.py:157} INFO - Started process (PID=34115) to work on /home/airflow/.local/lib/python3.8/site-packages/airflow/example_dags/example_dag_decorator.py
[2023-11-03T19:47:53.380+0000] {processor.py:829} INFO - Processing file /home/airflow/.local/lib/python3.8/site-packages/airflow/example_dags/example_dag_decorator.py for tasks to queue
[2023-11-03T19:47:53.388+0000] {logging_mixin.py:151} INFO - [2023-11-03T19:47:53.387+0000] {dagbag.py:536} INFO - Filling up the DagBag from /home/airflow/.local/lib/python3.8/site-packages/airflow/example_dags/example_dag_decorator.py
[2023-11-03T19:47:53.561+0000] {processor.py:839} INFO - DAG(s) dict_keys(['example_dag_decorator']) retrieved from /home/airflow/.local/lib/python3.8/site-packages/airflow/example_dags/example_dag_decorator.py
[2023-11-03T19:47:53.872+0000] {logging_mixin.py:151} INFO - [2023-11-03T19:47:53.871+0000] {dag.py:2941} INFO - Sync 1 DAGs
[2023-11-03T19:47:53.900+0000] {logging_mixin.py:151} INFO - [2023-11-03T19:47:53.899+0000] {dag.py:3722} INFO - Setting next_dagrun for example_dag_decorator to None, run_after=None
[2023-11-03T19:47:53.962+0000] {processor.py:179} INFO - Processing /home/airflow/.local/lib/python3.8/site-packages/airflow/example_dags/example_dag_decorator.py took 0.596 seconds
[2023-11-03T19:48:24.079+0000] {processor.py:157} INFO - Started process (PID=34177) to work on /home/airflow/.local/lib/python3.8/site-packages/airflow/example_dags/example_dag_decorator.py
[2023-11-03T19:48:24.082+0000] {processor.py:829} INFO - Processing file /home/airflow/.local/lib/python3.8/site-packages/airflow/example_dags/example_dag_decorator.py for tasks to queue
[2023-11-03T19:48:24.091+0000] {logging_mixin.py:151} INFO - [2023-11-03T19:48:24.090+0000] {dagbag.py:536} INFO - Filling up the DagBag from /home/airflow/.local/lib/python3.8/site-packages/airflow/example_dags/example_dag_decorator.py
[2023-11-03T19:48:24.269+0000] {processor.py:839} INFO - DAG(s) dict_keys(['example_dag_decorator']) retrieved from /home/airflow/.local/lib/python3.8/site-packages/airflow/example_dags/example_dag_decorator.py
[2023-11-03T19:48:24.607+0000] {logging_mixin.py:151} INFO - [2023-11-03T19:48:24.606+0000] {dag.py:2941} INFO - Sync 1 DAGs
[2023-11-03T19:48:24.638+0000] {logging_mixin.py:151} INFO - [2023-11-03T19:48:24.638+0000] {dag.py:3722} INFO - Setting next_dagrun for example_dag_decorator to None, run_after=None
[2023-11-03T19:48:24.711+0000] {processor.py:179} INFO - Processing /home/airflow/.local/lib/python3.8/site-packages/airflow/example_dags/example_dag_decorator.py took 0.641 seconds
[2023-11-03T19:48:54.929+0000] {processor.py:157} INFO - Started process (PID=34239) to work on /home/airflow/.local/lib/python3.8/site-packages/airflow/example_dags/example_dag_decorator.py
[2023-11-03T19:48:54.932+0000] {processor.py:829} INFO - Processing file /home/airflow/.local/lib/python3.8/site-packages/airflow/example_dags/example_dag_decorator.py for tasks to queue
[2023-11-03T19:48:54.941+0000] {logging_mixin.py:151} INFO - [2023-11-03T19:48:54.939+0000] {dagbag.py:536} INFO - Filling up the DagBag from /home/airflow/.local/lib/python3.8/site-packages/airflow/example_dags/example_dag_decorator.py
[2023-11-03T19:48:55.120+0000] {processor.py:839} INFO - DAG(s) dict_keys(['example_dag_decorator']) retrieved from /home/airflow/.local/lib/python3.8/site-packages/airflow/example_dags/example_dag_decorator.py
[2023-11-03T19:48:55.430+0000] {logging_mixin.py:151} INFO - [2023-11-03T19:48:55.430+0000] {dag.py:2941} INFO - Sync 1 DAGs
[2023-11-03T19:48:55.471+0000] {logging_mixin.py:151} INFO - [2023-11-03T19:48:55.471+0000] {dag.py:3722} INFO - Setting next_dagrun for example_dag_decorator to None, run_after=None
[2023-11-03T19:48:55.538+0000] {processor.py:179} INFO - Processing /home/airflow/.local/lib/python3.8/site-packages/airflow/example_dags/example_dag_decorator.py took 0.618 seconds
[2023-11-03T19:49:25.873+0000] {processor.py:157} INFO - Started process (PID=34302) to work on /home/airflow/.local/lib/python3.8/site-packages/airflow/example_dags/example_dag_decorator.py
[2023-11-03T19:49:25.875+0000] {processor.py:829} INFO - Processing file /home/airflow/.local/lib/python3.8/site-packages/airflow/example_dags/example_dag_decorator.py for tasks to queue
[2023-11-03T19:49:25.882+0000] {logging_mixin.py:151} INFO - [2023-11-03T19:49:25.881+0000] {dagbag.py:536} INFO - Filling up the DagBag from /home/airflow/.local/lib/python3.8/site-packages/airflow/example_dags/example_dag_decorator.py
[2023-11-03T19:49:26.074+0000] {processor.py:839} INFO - DAG(s) dict_keys(['example_dag_decorator']) retrieved from /home/airflow/.local/lib/python3.8/site-packages/airflow/example_dags/example_dag_decorator.py
[2023-11-03T19:49:26.381+0000] {logging_mixin.py:151} INFO - [2023-11-03T19:49:26.380+0000] {dag.py:2941} INFO - Sync 1 DAGs
[2023-11-03T19:49:26.413+0000] {logging_mixin.py:151} INFO - [2023-11-03T19:49:26.412+0000] {dag.py:3722} INFO - Setting next_dagrun for example_dag_decorator to None, run_after=None
[2023-11-03T19:49:26.470+0000] {processor.py:179} INFO - Processing /home/airflow/.local/lib/python3.8/site-packages/airflow/example_dags/example_dag_decorator.py took 0.603 seconds
[2023-11-03T19:49:56.818+0000] {processor.py:157} INFO - Started process (PID=34365) to work on /home/airflow/.local/lib/python3.8/site-packages/airflow/example_dags/example_dag_decorator.py
[2023-11-03T19:49:56.821+0000] {processor.py:829} INFO - Processing file /home/airflow/.local/lib/python3.8/site-packages/airflow/example_dags/example_dag_decorator.py for tasks to queue
[2023-11-03T19:49:56.829+0000] {logging_mixin.py:151} INFO - [2023-11-03T19:49:56.828+0000] {dagbag.py:536} INFO - Filling up the DagBag from /home/airflow/.local/lib/python3.8/site-packages/airflow/example_dags/example_dag_decorator.py
[2023-11-03T19:49:57.040+0000] {processor.py:839} INFO - DAG(s) dict_keys(['example_dag_decorator']) retrieved from /home/airflow/.local/lib/python3.8/site-packages/airflow/example_dags/example_dag_decorator.py
[2023-11-03T19:49:57.445+0000] {logging_mixin.py:151} INFO - [2023-11-03T19:49:57.444+0000] {dag.py:2941} INFO - Sync 1 DAGs
[2023-11-03T19:49:57.483+0000] {logging_mixin.py:151} INFO - [2023-11-03T19:49:57.482+0000] {dag.py:3722} INFO - Setting next_dagrun for example_dag_decorator to None, run_after=None
[2023-11-03T19:49:57.572+0000] {processor.py:179} INFO - Processing /home/airflow/.local/lib/python3.8/site-packages/airflow/example_dags/example_dag_decorator.py took 0.762 seconds
[2023-11-03T19:50:28.055+0000] {processor.py:157} INFO - Started process (PID=34428) to work on /home/airflow/.local/lib/python3.8/site-packages/airflow/example_dags/example_dag_decorator.py
[2023-11-03T19:50:28.058+0000] {processor.py:829} INFO - Processing file /home/airflow/.local/lib/python3.8/site-packages/airflow/example_dags/example_dag_decorator.py for tasks to queue
[2023-11-03T19:50:28.069+0000] {logging_mixin.py:151} INFO - [2023-11-03T19:50:28.067+0000] {dagbag.py:536} INFO - Filling up the DagBag from /home/airflow/.local/lib/python3.8/site-packages/airflow/example_dags/example_dag_decorator.py
[2023-11-03T19:50:28.281+0000] {processor.py:839} INFO - DAG(s) dict_keys(['example_dag_decorator']) retrieved from /home/airflow/.local/lib/python3.8/site-packages/airflow/example_dags/example_dag_decorator.py
[2023-11-03T19:50:28.585+0000] {logging_mixin.py:151} INFO - [2023-11-03T19:50:28.584+0000] {dag.py:2941} INFO - Sync 1 DAGs
[2023-11-03T19:50:28.623+0000] {logging_mixin.py:151} INFO - [2023-11-03T19:50:28.623+0000] {dag.py:3722} INFO - Setting next_dagrun for example_dag_decorator to None, run_after=None
[2023-11-03T19:50:28.688+0000] {processor.py:179} INFO - Processing /home/airflow/.local/lib/python3.8/site-packages/airflow/example_dags/example_dag_decorator.py took 0.648 seconds
[2023-11-03T19:50:58.925+0000] {processor.py:157} INFO - Started process (PID=34487) to work on /home/airflow/.local/lib/python3.8/site-packages/airflow/example_dags/example_dag_decorator.py
[2023-11-03T19:50:58.928+0000] {processor.py:829} INFO - Processing file /home/airflow/.local/lib/python3.8/site-packages/airflow/example_dags/example_dag_decorator.py for tasks to queue
[2023-11-03T19:50:58.938+0000] {logging_mixin.py:151} INFO - [2023-11-03T19:50:58.936+0000] {dagbag.py:536} INFO - Filling up the DagBag from /home/airflow/.local/lib/python3.8/site-packages/airflow/example_dags/example_dag_decorator.py
[2023-11-03T19:50:59.114+0000] {processor.py:839} INFO - DAG(s) dict_keys(['example_dag_decorator']) retrieved from /home/airflow/.local/lib/python3.8/site-packages/airflow/example_dags/example_dag_decorator.py
[2023-11-03T19:50:59.375+0000] {logging_mixin.py:151} INFO - [2023-11-03T19:50:59.374+0000] {dag.py:2941} INFO - Sync 1 DAGs
[2023-11-03T19:50:59.414+0000] {logging_mixin.py:151} INFO - [2023-11-03T19:50:59.413+0000] {dag.py:3722} INFO - Setting next_dagrun for example_dag_decorator to None, run_after=None
[2023-11-03T19:50:59.480+0000] {processor.py:179} INFO - Processing /home/airflow/.local/lib/python3.8/site-packages/airflow/example_dags/example_dag_decorator.py took 0.569 seconds
[2023-11-03T19:51:29.768+0000] {processor.py:157} INFO - Started process (PID=34549) to work on /home/airflow/.local/lib/python3.8/site-packages/airflow/example_dags/example_dag_decorator.py
[2023-11-03T19:51:29.772+0000] {processor.py:829} INFO - Processing file /home/airflow/.local/lib/python3.8/site-packages/airflow/example_dags/example_dag_decorator.py for tasks to queue
[2023-11-03T19:51:29.782+0000] {logging_mixin.py:151} INFO - [2023-11-03T19:51:29.780+0000] {dagbag.py:536} INFO - Filling up the DagBag from /home/airflow/.local/lib/python3.8/site-packages/airflow/example_dags/example_dag_decorator.py
[2023-11-03T19:51:29.970+0000] {processor.py:839} INFO - DAG(s) dict_keys(['example_dag_decorator']) retrieved from /home/airflow/.local/lib/python3.8/site-packages/airflow/example_dags/example_dag_decorator.py
[2023-11-03T19:51:30.273+0000] {logging_mixin.py:151} INFO - [2023-11-03T19:51:30.272+0000] {dag.py:2941} INFO - Sync 1 DAGs
[2023-11-03T19:51:30.306+0000] {logging_mixin.py:151} INFO - [2023-11-03T19:51:30.305+0000] {dag.py:3722} INFO - Setting next_dagrun for example_dag_decorator to None, run_after=None
[2023-11-03T19:51:30.366+0000] {processor.py:179} INFO - Processing /home/airflow/.local/lib/python3.8/site-packages/airflow/example_dags/example_dag_decorator.py took 0.608 seconds
[2023-11-03T19:52:00.455+0000] {processor.py:157} INFO - Started process (PID=34611) to work on /home/airflow/.local/lib/python3.8/site-packages/airflow/example_dags/example_dag_decorator.py
[2023-11-03T19:52:00.458+0000] {processor.py:829} INFO - Processing file /home/airflow/.local/lib/python3.8/site-packages/airflow/example_dags/example_dag_decorator.py for tasks to queue
[2023-11-03T19:52:00.467+0000] {logging_mixin.py:151} INFO - [2023-11-03T19:52:00.465+0000] {dagbag.py:536} INFO - Filling up the DagBag from /home/airflow/.local/lib/python3.8/site-packages/airflow/example_dags/example_dag_decorator.py
[2023-11-03T19:52:00.662+0000] {processor.py:839} INFO - DAG(s) dict_keys(['example_dag_decorator']) retrieved from /home/airflow/.local/lib/python3.8/site-packages/airflow/example_dags/example_dag_decorator.py
[2023-11-03T19:52:00.949+0000] {logging_mixin.py:151} INFO - [2023-11-03T19:52:00.948+0000] {dag.py:2941} INFO - Sync 1 DAGs
[2023-11-03T19:52:00.981+0000] {logging_mixin.py:151} INFO - [2023-11-03T19:52:00.980+0000] {dag.py:3722} INFO - Setting next_dagrun for example_dag_decorator to None, run_after=None
[2023-11-03T19:52:01.044+0000] {processor.py:179} INFO - Processing /home/airflow/.local/lib/python3.8/site-packages/airflow/example_dags/example_dag_decorator.py took 0.598 seconds
[2023-11-03T19:52:31.380+0000] {processor.py:157} INFO - Started process (PID=34674) to work on /home/airflow/.local/lib/python3.8/site-packages/airflow/example_dags/example_dag_decorator.py
[2023-11-03T19:52:31.384+0000] {processor.py:829} INFO - Processing file /home/airflow/.local/lib/python3.8/site-packages/airflow/example_dags/example_dag_decorator.py for tasks to queue
[2023-11-03T19:52:31.394+0000] {logging_mixin.py:151} INFO - [2023-11-03T19:52:31.392+0000] {dagbag.py:536} INFO - Filling up the DagBag from /home/airflow/.local/lib/python3.8/site-packages/airflow/example_dags/example_dag_decorator.py
[2023-11-03T19:52:31.582+0000] {processor.py:839} INFO - DAG(s) dict_keys(['example_dag_decorator']) retrieved from /home/airflow/.local/lib/python3.8/site-packages/airflow/example_dags/example_dag_decorator.py
[2023-11-03T19:52:32.030+0000] {logging_mixin.py:151} INFO - [2023-11-03T19:52:32.029+0000] {dag.py:2941} INFO - Sync 1 DAGs
[2023-11-03T19:52:32.065+0000] {logging_mixin.py:151} INFO - [2023-11-03T19:52:32.064+0000] {dag.py:3722} INFO - Setting next_dagrun for example_dag_decorator to None, run_after=None
[2023-11-03T19:52:32.126+0000] {processor.py:179} INFO - Processing /home/airflow/.local/lib/python3.8/site-packages/airflow/example_dags/example_dag_decorator.py took 0.757 seconds
[2023-11-03T19:53:02.489+0000] {processor.py:157} INFO - Started process (PID=34735) to work on /home/airflow/.local/lib/python3.8/site-packages/airflow/example_dags/example_dag_decorator.py
[2023-11-03T19:53:02.492+0000] {processor.py:829} INFO - Processing file /home/airflow/.local/lib/python3.8/site-packages/airflow/example_dags/example_dag_decorator.py for tasks to queue
[2023-11-03T19:53:02.502+0000] {logging_mixin.py:151} INFO - [2023-11-03T19:53:02.500+0000] {dagbag.py:536} INFO - Filling up the DagBag from /home/airflow/.local/lib/python3.8/site-packages/airflow/example_dags/example_dag_decorator.py
[2023-11-03T19:53:02.681+0000] {processor.py:839} INFO - DAG(s) dict_keys(['example_dag_decorator']) retrieved from /home/airflow/.local/lib/python3.8/site-packages/airflow/example_dags/example_dag_decorator.py
[2023-11-03T19:53:02.978+0000] {logging_mixin.py:151} INFO - [2023-11-03T19:53:02.977+0000] {dag.py:2941} INFO - Sync 1 DAGs
[2023-11-03T19:53:03.009+0000] {logging_mixin.py:151} INFO - [2023-11-03T19:53:03.008+0000] {dag.py:3722} INFO - Setting next_dagrun for example_dag_decorator to None, run_after=None
[2023-11-03T19:53:03.069+0000] {processor.py:179} INFO - Processing /home/airflow/.local/lib/python3.8/site-packages/airflow/example_dags/example_dag_decorator.py took 0.590 seconds
[2023-11-03T19:53:33.986+0000] {processor.py:157} INFO - Started process (PID=34797) to work on /home/airflow/.local/lib/python3.8/site-packages/airflow/example_dags/example_dag_decorator.py
[2023-11-03T19:53:33.988+0000] {processor.py:829} INFO - Processing file /home/airflow/.local/lib/python3.8/site-packages/airflow/example_dags/example_dag_decorator.py for tasks to queue
[2023-11-03T19:53:33.995+0000] {logging_mixin.py:151} INFO - [2023-11-03T19:53:33.993+0000] {dagbag.py:536} INFO - Filling up the DagBag from /home/airflow/.local/lib/python3.8/site-packages/airflow/example_dags/example_dag_decorator.py
[2023-11-03T19:53:34.186+0000] {processor.py:839} INFO - DAG(s) dict_keys(['example_dag_decorator']) retrieved from /home/airflow/.local/lib/python3.8/site-packages/airflow/example_dags/example_dag_decorator.py
[2023-11-03T19:53:34.475+0000] {logging_mixin.py:151} INFO - [2023-11-03T19:53:34.475+0000] {dag.py:2941} INFO - Sync 1 DAGs
[2023-11-03T19:53:34.523+0000] {logging_mixin.py:151} INFO - [2023-11-03T19:53:34.522+0000] {dag.py:3722} INFO - Setting next_dagrun for example_dag_decorator to None, run_after=None
[2023-11-03T19:53:34.598+0000] {processor.py:179} INFO - Processing /home/airflow/.local/lib/python3.8/site-packages/airflow/example_dags/example_dag_decorator.py took 0.619 seconds
[2023-11-03T19:54:04.987+0000] {processor.py:157} INFO - Started process (PID=34859) to work on /home/airflow/.local/lib/python3.8/site-packages/airflow/example_dags/example_dag_decorator.py
[2023-11-03T19:54:04.992+0000] {processor.py:829} INFO - Processing file /home/airflow/.local/lib/python3.8/site-packages/airflow/example_dags/example_dag_decorator.py for tasks to queue
[2023-11-03T19:54:05.002+0000] {logging_mixin.py:151} INFO - [2023-11-03T19:54:05.001+0000] {dagbag.py:536} INFO - Filling up the DagBag from /home/airflow/.local/lib/python3.8/site-packages/airflow/example_dags/example_dag_decorator.py
[2023-11-03T19:54:05.243+0000] {processor.py:839} INFO - DAG(s) dict_keys(['example_dag_decorator']) retrieved from /home/airflow/.local/lib/python3.8/site-packages/airflow/example_dags/example_dag_decorator.py
[2023-11-03T19:54:05.597+0000] {logging_mixin.py:151} INFO - [2023-11-03T19:54:05.596+0000] {dag.py:2941} INFO - Sync 1 DAGs
[2023-11-03T19:54:05.638+0000] {logging_mixin.py:151} INFO - [2023-11-03T19:54:05.638+0000] {dag.py:3722} INFO - Setting next_dagrun for example_dag_decorator to None, run_after=None
[2023-11-03T19:54:05.724+0000] {processor.py:179} INFO - Processing /home/airflow/.local/lib/python3.8/site-packages/airflow/example_dags/example_dag_decorator.py took 0.749 seconds
[2023-11-03T19:54:36.108+0000] {processor.py:157} INFO - Started process (PID=34928) to work on /home/airflow/.local/lib/python3.8/site-packages/airflow/example_dags/example_dag_decorator.py
[2023-11-03T19:54:36.111+0000] {processor.py:829} INFO - Processing file /home/airflow/.local/lib/python3.8/site-packages/airflow/example_dags/example_dag_decorator.py for tasks to queue
[2023-11-03T19:54:36.119+0000] {logging_mixin.py:151} INFO - [2023-11-03T19:54:36.118+0000] {dagbag.py:536} INFO - Filling up the DagBag from /home/airflow/.local/lib/python3.8/site-packages/airflow/example_dags/example_dag_decorator.py
[2023-11-03T19:54:36.309+0000] {processor.py:839} INFO - DAG(s) dict_keys(['example_dag_decorator']) retrieved from /home/airflow/.local/lib/python3.8/site-packages/airflow/example_dags/example_dag_decorator.py
[2023-11-03T19:54:36.647+0000] {logging_mixin.py:151} INFO - [2023-11-03T19:54:36.646+0000] {dag.py:2941} INFO - Sync 1 DAGs
[2023-11-03T19:54:36.685+0000] {logging_mixin.py:151} INFO - [2023-11-03T19:54:36.684+0000] {dag.py:3722} INFO - Setting next_dagrun for example_dag_decorator to None, run_after=None
[2023-11-03T19:54:36.749+0000] {processor.py:179} INFO - Processing /home/airflow/.local/lib/python3.8/site-packages/airflow/example_dags/example_dag_decorator.py took 0.653 seconds
[2023-11-03T19:55:07.363+0000] {processor.py:157} INFO - Started process (PID=34990) to work on /home/airflow/.local/lib/python3.8/site-packages/airflow/example_dags/example_dag_decorator.py
[2023-11-03T19:55:07.367+0000] {processor.py:829} INFO - Processing file /home/airflow/.local/lib/python3.8/site-packages/airflow/example_dags/example_dag_decorator.py for tasks to queue
[2023-11-03T19:55:07.378+0000] {logging_mixin.py:151} INFO - [2023-11-03T19:55:07.375+0000] {dagbag.py:536} INFO - Filling up the DagBag from /home/airflow/.local/lib/python3.8/site-packages/airflow/example_dags/example_dag_decorator.py
[2023-11-03T19:55:07.575+0000] {processor.py:839} INFO - DAG(s) dict_keys(['example_dag_decorator']) retrieved from /home/airflow/.local/lib/python3.8/site-packages/airflow/example_dags/example_dag_decorator.py
[2023-11-03T19:55:07.885+0000] {logging_mixin.py:151} INFO - [2023-11-03T19:55:07.884+0000] {dag.py:2941} INFO - Sync 1 DAGs
[2023-11-03T19:55:07.926+0000] {logging_mixin.py:151} INFO - [2023-11-03T19:55:07.926+0000] {dag.py:3722} INFO - Setting next_dagrun for example_dag_decorator to None, run_after=None
[2023-11-03T19:55:07.998+0000] {processor.py:179} INFO - Processing /home/airflow/.local/lib/python3.8/site-packages/airflow/example_dags/example_dag_decorator.py took 0.644 seconds
[2023-11-03T19:55:38.268+0000] {processor.py:157} INFO - Started process (PID=35053) to work on /home/airflow/.local/lib/python3.8/site-packages/airflow/example_dags/example_dag_decorator.py
[2023-11-03T19:55:38.270+0000] {processor.py:829} INFO - Processing file /home/airflow/.local/lib/python3.8/site-packages/airflow/example_dags/example_dag_decorator.py for tasks to queue
[2023-11-03T19:55:38.277+0000] {logging_mixin.py:151} INFO - [2023-11-03T19:55:38.276+0000] {dagbag.py:536} INFO - Filling up the DagBag from /home/airflow/.local/lib/python3.8/site-packages/airflow/example_dags/example_dag_decorator.py
[2023-11-03T19:55:38.449+0000] {processor.py:839} INFO - DAG(s) dict_keys(['example_dag_decorator']) retrieved from /home/airflow/.local/lib/python3.8/site-packages/airflow/example_dags/example_dag_decorator.py
[2023-11-03T19:55:38.732+0000] {logging_mixin.py:151} INFO - [2023-11-03T19:55:38.731+0000] {dag.py:2941} INFO - Sync 1 DAGs
[2023-11-03T19:55:38.765+0000] {logging_mixin.py:151} INFO - [2023-11-03T19:55:38.764+0000] {dag.py:3722} INFO - Setting next_dagrun for example_dag_decorator to None, run_after=None
[2023-11-03T19:55:38.831+0000] {processor.py:179} INFO - Processing /home/airflow/.local/lib/python3.8/site-packages/airflow/example_dags/example_dag_decorator.py took 0.571 seconds
[2023-11-03T19:56:09.130+0000] {processor.py:157} INFO - Started process (PID=35116) to work on /home/airflow/.local/lib/python3.8/site-packages/airflow/example_dags/example_dag_decorator.py
[2023-11-03T19:56:09.133+0000] {processor.py:829} INFO - Processing file /home/airflow/.local/lib/python3.8/site-packages/airflow/example_dags/example_dag_decorator.py for tasks to queue
[2023-11-03T19:56:09.144+0000] {logging_mixin.py:151} INFO - [2023-11-03T19:56:09.142+0000] {dagbag.py:536} INFO - Filling up the DagBag from /home/airflow/.local/lib/python3.8/site-packages/airflow/example_dags/example_dag_decorator.py
[2023-11-03T19:56:09.373+0000] {processor.py:839} INFO - DAG(s) dict_keys(['example_dag_decorator']) retrieved from /home/airflow/.local/lib/python3.8/site-packages/airflow/example_dags/example_dag_decorator.py
[2023-11-03T19:56:09.741+0000] {logging_mixin.py:151} INFO - [2023-11-03T19:56:09.740+0000] {dag.py:2941} INFO - Sync 1 DAGs
[2023-11-03T19:56:09.773+0000] {logging_mixin.py:151} INFO - [2023-11-03T19:56:09.773+0000] {dag.py:3722} INFO - Setting next_dagrun for example_dag_decorator to None, run_after=None
[2023-11-03T19:56:09.837+0000] {processor.py:179} INFO - Processing /home/airflow/.local/lib/python3.8/site-packages/airflow/example_dags/example_dag_decorator.py took 0.718 seconds
[2023-11-03T19:56:40.089+0000] {processor.py:157} INFO - Started process (PID=35179) to work on /home/airflow/.local/lib/python3.8/site-packages/airflow/example_dags/example_dag_decorator.py
[2023-11-03T19:56:40.092+0000] {processor.py:829} INFO - Processing file /home/airflow/.local/lib/python3.8/site-packages/airflow/example_dags/example_dag_decorator.py for tasks to queue
[2023-11-03T19:56:40.099+0000] {logging_mixin.py:151} INFO - [2023-11-03T19:56:40.098+0000] {dagbag.py:536} INFO - Filling up the DagBag from /home/airflow/.local/lib/python3.8/site-packages/airflow/example_dags/example_dag_decorator.py
[2023-11-03T19:56:40.289+0000] {processor.py:839} INFO - DAG(s) dict_keys(['example_dag_decorator']) retrieved from /home/airflow/.local/lib/python3.8/site-packages/airflow/example_dags/example_dag_decorator.py
[2023-11-03T19:56:40.597+0000] {logging_mixin.py:151} INFO - [2023-11-03T19:56:40.596+0000] {dag.py:2941} INFO - Sync 1 DAGs
[2023-11-03T19:56:40.628+0000] {logging_mixin.py:151} INFO - [2023-11-03T19:56:40.627+0000] {dag.py:3722} INFO - Setting next_dagrun for example_dag_decorator to None, run_after=None
[2023-11-03T19:56:40.699+0000] {processor.py:179} INFO - Processing /home/airflow/.local/lib/python3.8/site-packages/airflow/example_dags/example_dag_decorator.py took 0.621 seconds
[2023-11-03T19:57:10.963+0000] {processor.py:157} INFO - Started process (PID=35243) to work on /home/airflow/.local/lib/python3.8/site-packages/airflow/example_dags/example_dag_decorator.py
[2023-11-03T19:57:10.965+0000] {processor.py:829} INFO - Processing file /home/airflow/.local/lib/python3.8/site-packages/airflow/example_dags/example_dag_decorator.py for tasks to queue
[2023-11-03T19:57:10.973+0000] {logging_mixin.py:151} INFO - [2023-11-03T19:57:10.972+0000] {dagbag.py:536} INFO - Filling up the DagBag from /home/airflow/.local/lib/python3.8/site-packages/airflow/example_dags/example_dag_decorator.py
[2023-11-03T19:57:11.159+0000] {processor.py:839} INFO - DAG(s) dict_keys(['example_dag_decorator']) retrieved from /home/airflow/.local/lib/python3.8/site-packages/airflow/example_dags/example_dag_decorator.py
[2023-11-03T19:57:11.538+0000] {logging_mixin.py:151} INFO - [2023-11-03T19:57:11.537+0000] {dag.py:2941} INFO - Sync 1 DAGs
[2023-11-03T19:57:11.579+0000] {logging_mixin.py:151} INFO - [2023-11-03T19:57:11.578+0000] {dag.py:3722} INFO - Setting next_dagrun for example_dag_decorator to None, run_after=None
[2023-11-03T19:57:11.642+0000] {processor.py:179} INFO - Processing /home/airflow/.local/lib/python3.8/site-packages/airflow/example_dags/example_dag_decorator.py took 0.690 seconds
[2023-11-03T19:57:42.068+0000] {processor.py:157} INFO - Started process (PID=35306) to work on /home/airflow/.local/lib/python3.8/site-packages/airflow/example_dags/example_dag_decorator.py
[2023-11-03T19:57:42.070+0000] {processor.py:829} INFO - Processing file /home/airflow/.local/lib/python3.8/site-packages/airflow/example_dags/example_dag_decorator.py for tasks to queue
[2023-11-03T19:57:42.076+0000] {logging_mixin.py:151} INFO - [2023-11-03T19:57:42.075+0000] {dagbag.py:536} INFO - Filling up the DagBag from /home/airflow/.local/lib/python3.8/site-packages/airflow/example_dags/example_dag_decorator.py
[2023-11-03T19:57:42.301+0000] {processor.py:839} INFO - DAG(s) dict_keys(['example_dag_decorator']) retrieved from /home/airflow/.local/lib/python3.8/site-packages/airflow/example_dags/example_dag_decorator.py
[2023-11-03T19:57:42.597+0000] {logging_mixin.py:151} INFO - [2023-11-03T19:57:42.596+0000] {dag.py:2941} INFO - Sync 1 DAGs
[2023-11-03T19:57:42.629+0000] {logging_mixin.py:151} INFO - [2023-11-03T19:57:42.628+0000] {dag.py:3722} INFO - Setting next_dagrun for example_dag_decorator to None, run_after=None
[2023-11-03T19:57:42.713+0000] {processor.py:179} INFO - Processing /home/airflow/.local/lib/python3.8/site-packages/airflow/example_dags/example_dag_decorator.py took 0.653 seconds
[2023-11-03T19:58:13.120+0000] {processor.py:157} INFO - Started process (PID=35370) to work on /home/airflow/.local/lib/python3.8/site-packages/airflow/example_dags/example_dag_decorator.py
[2023-11-03T19:58:13.122+0000] {processor.py:829} INFO - Processing file /home/airflow/.local/lib/python3.8/site-packages/airflow/example_dags/example_dag_decorator.py for tasks to queue
[2023-11-03T19:58:13.128+0000] {logging_mixin.py:151} INFO - [2023-11-03T19:58:13.127+0000] {dagbag.py:536} INFO - Filling up the DagBag from /home/airflow/.local/lib/python3.8/site-packages/airflow/example_dags/example_dag_decorator.py
[2023-11-03T19:58:13.277+0000] {processor.py:839} INFO - DAG(s) dict_keys(['example_dag_decorator']) retrieved from /home/airflow/.local/lib/python3.8/site-packages/airflow/example_dags/example_dag_decorator.py
[2023-11-03T19:58:13.533+0000] {logging_mixin.py:151} INFO - [2023-11-03T19:58:13.532+0000] {dag.py:2941} INFO - Sync 1 DAGs
[2023-11-03T19:58:13.562+0000] {logging_mixin.py:151} INFO - [2023-11-03T19:58:13.562+0000] {dag.py:3722} INFO - Setting next_dagrun for example_dag_decorator to None, run_after=None
[2023-11-03T19:58:13.617+0000] {processor.py:179} INFO - Processing /home/airflow/.local/lib/python3.8/site-packages/airflow/example_dags/example_dag_decorator.py took 0.504 seconds
[2023-11-03T19:58:43.860+0000] {processor.py:157} INFO - Started process (PID=35432) to work on /home/airflow/.local/lib/python3.8/site-packages/airflow/example_dags/example_dag_decorator.py
[2023-11-03T19:58:43.864+0000] {processor.py:829} INFO - Processing file /home/airflow/.local/lib/python3.8/site-packages/airflow/example_dags/example_dag_decorator.py for tasks to queue
[2023-11-03T19:58:43.871+0000] {logging_mixin.py:151} INFO - [2023-11-03T19:58:43.870+0000] {dagbag.py:536} INFO - Filling up the DagBag from /home/airflow/.local/lib/python3.8/site-packages/airflow/example_dags/example_dag_decorator.py
[2023-11-03T19:58:44.035+0000] {processor.py:839} INFO - DAG(s) dict_keys(['example_dag_decorator']) retrieved from /home/airflow/.local/lib/python3.8/site-packages/airflow/example_dags/example_dag_decorator.py
[2023-11-03T19:58:44.276+0000] {logging_mixin.py:151} INFO - [2023-11-03T19:58:44.275+0000] {dag.py:2941} INFO - Sync 1 DAGs
[2023-11-03T19:58:44.308+0000] {logging_mixin.py:151} INFO - [2023-11-03T19:58:44.308+0000] {dag.py:3722} INFO - Setting next_dagrun for example_dag_decorator to None, run_after=None
[2023-11-03T19:58:44.366+0000] {processor.py:179} INFO - Processing /home/airflow/.local/lib/python3.8/site-packages/airflow/example_dags/example_dag_decorator.py took 0.517 seconds
[2023-11-03T19:59:15.142+0000] {processor.py:157} INFO - Started process (PID=35494) to work on /home/airflow/.local/lib/python3.8/site-packages/airflow/example_dags/example_dag_decorator.py
[2023-11-03T19:59:15.144+0000] {processor.py:829} INFO - Processing file /home/airflow/.local/lib/python3.8/site-packages/airflow/example_dags/example_dag_decorator.py for tasks to queue
[2023-11-03T19:59:15.151+0000] {logging_mixin.py:151} INFO - [2023-11-03T19:59:15.150+0000] {dagbag.py:536} INFO - Filling up the DagBag from /home/airflow/.local/lib/python3.8/site-packages/airflow/example_dags/example_dag_decorator.py
[2023-11-03T19:59:15.335+0000] {processor.py:839} INFO - DAG(s) dict_keys(['example_dag_decorator']) retrieved from /home/airflow/.local/lib/python3.8/site-packages/airflow/example_dags/example_dag_decorator.py
[2023-11-03T19:59:15.610+0000] {logging_mixin.py:151} INFO - [2023-11-03T19:59:15.609+0000] {dag.py:2941} INFO - Sync 1 DAGs
[2023-11-03T19:59:15.650+0000] {logging_mixin.py:151} INFO - [2023-11-03T19:59:15.649+0000] {dag.py:3722} INFO - Setting next_dagrun for example_dag_decorator to None, run_after=None
[2023-11-03T19:59:15.708+0000] {processor.py:179} INFO - Processing /home/airflow/.local/lib/python3.8/site-packages/airflow/example_dags/example_dag_decorator.py took 0.573 seconds
[2023-11-03T19:59:46.026+0000] {processor.py:157} INFO - Started process (PID=35557) to work on /home/airflow/.local/lib/python3.8/site-packages/airflow/example_dags/example_dag_decorator.py
[2023-11-03T19:59:46.031+0000] {processor.py:829} INFO - Processing file /home/airflow/.local/lib/python3.8/site-packages/airflow/example_dags/example_dag_decorator.py for tasks to queue
[2023-11-03T19:59:46.041+0000] {logging_mixin.py:151} INFO - [2023-11-03T19:59:46.040+0000] {dagbag.py:536} INFO - Filling up the DagBag from /home/airflow/.local/lib/python3.8/site-packages/airflow/example_dags/example_dag_decorator.py
[2023-11-03T19:59:46.246+0000] {processor.py:839} INFO - DAG(s) dict_keys(['example_dag_decorator']) retrieved from /home/airflow/.local/lib/python3.8/site-packages/airflow/example_dags/example_dag_decorator.py
[2023-11-03T19:59:46.522+0000] {logging_mixin.py:151} INFO - [2023-11-03T19:59:46.522+0000] {dag.py:2941} INFO - Sync 1 DAGs
[2023-11-03T19:59:46.557+0000] {logging_mixin.py:151} INFO - [2023-11-03T19:59:46.556+0000] {dag.py:3722} INFO - Setting next_dagrun for example_dag_decorator to None, run_after=None
[2023-11-03T19:59:46.616+0000] {processor.py:179} INFO - Processing /home/airflow/.local/lib/python3.8/site-packages/airflow/example_dags/example_dag_decorator.py took 0.602 seconds
[2023-11-03T20:00:16.930+0000] {processor.py:157} INFO - Started process (PID=35618) to work on /home/airflow/.local/lib/python3.8/site-packages/airflow/example_dags/example_dag_decorator.py
[2023-11-03T20:00:16.933+0000] {processor.py:829} INFO - Processing file /home/airflow/.local/lib/python3.8/site-packages/airflow/example_dags/example_dag_decorator.py for tasks to queue
[2023-11-03T20:00:16.942+0000] {logging_mixin.py:151} INFO - [2023-11-03T20:00:16.941+0000] {dagbag.py:536} INFO - Filling up the DagBag from /home/airflow/.local/lib/python3.8/site-packages/airflow/example_dags/example_dag_decorator.py
[2023-11-03T20:00:17.114+0000] {processor.py:839} INFO - DAG(s) dict_keys(['example_dag_decorator']) retrieved from /home/airflow/.local/lib/python3.8/site-packages/airflow/example_dags/example_dag_decorator.py
[2023-11-03T20:00:17.472+0000] {logging_mixin.py:151} INFO - [2023-11-03T20:00:17.471+0000] {dag.py:2941} INFO - Sync 1 DAGs
[2023-11-03T20:00:17.509+0000] {logging_mixin.py:151} INFO - [2023-11-03T20:00:17.508+0000] {dag.py:3722} INFO - Setting next_dagrun for example_dag_decorator to None, run_after=None
[2023-11-03T20:00:17.576+0000] {processor.py:179} INFO - Processing /home/airflow/.local/lib/python3.8/site-packages/airflow/example_dags/example_dag_decorator.py took 0.655 seconds
[2023-11-03T20:00:48.790+0000] {processor.py:157} INFO - Started process (PID=35682) to work on /home/airflow/.local/lib/python3.8/site-packages/airflow/example_dags/example_dag_decorator.py
[2023-11-03T20:00:48.794+0000] {processor.py:829} INFO - Processing file /home/airflow/.local/lib/python3.8/site-packages/airflow/example_dags/example_dag_decorator.py for tasks to queue
[2023-11-03T20:00:48.804+0000] {logging_mixin.py:151} INFO - [2023-11-03T20:00:48.802+0000] {dagbag.py:536} INFO - Filling up the DagBag from /home/airflow/.local/lib/python3.8/site-packages/airflow/example_dags/example_dag_decorator.py
[2023-11-03T20:00:48.987+0000] {processor.py:839} INFO - DAG(s) dict_keys(['example_dag_decorator']) retrieved from /home/airflow/.local/lib/python3.8/site-packages/airflow/example_dags/example_dag_decorator.py
[2023-11-03T20:00:49.390+0000] {logging_mixin.py:151} INFO - [2023-11-03T20:00:49.390+0000] {dag.py:2941} INFO - Sync 1 DAGs
[2023-11-03T20:00:49.425+0000] {logging_mixin.py:151} INFO - [2023-11-03T20:00:49.424+0000] {dag.py:3722} INFO - Setting next_dagrun for example_dag_decorator to None, run_after=None
[2023-11-03T20:00:49.491+0000] {processor.py:179} INFO - Processing /home/airflow/.local/lib/python3.8/site-packages/airflow/example_dags/example_dag_decorator.py took 0.711 seconds
[2023-11-03T20:01:20.010+0000] {processor.py:157} INFO - Started process (PID=35744) to work on /home/airflow/.local/lib/python3.8/site-packages/airflow/example_dags/example_dag_decorator.py
[2023-11-03T20:01:20.013+0000] {processor.py:829} INFO - Processing file /home/airflow/.local/lib/python3.8/site-packages/airflow/example_dags/example_dag_decorator.py for tasks to queue
[2023-11-03T20:01:20.022+0000] {logging_mixin.py:151} INFO - [2023-11-03T20:01:20.020+0000] {dagbag.py:536} INFO - Filling up the DagBag from /home/airflow/.local/lib/python3.8/site-packages/airflow/example_dags/example_dag_decorator.py
[2023-11-03T20:01:20.252+0000] {processor.py:839} INFO - DAG(s) dict_keys(['example_dag_decorator']) retrieved from /home/airflow/.local/lib/python3.8/site-packages/airflow/example_dags/example_dag_decorator.py
[2023-11-03T20:01:20.361+0000] {logging_mixin.py:151} INFO - [2023-11-03T20:01:20.360+0000] {dag.py:2941} INFO - Sync 1 DAGs
[2023-11-03T20:01:20.399+0000] {logging_mixin.py:151} INFO - [2023-11-03T20:01:20.399+0000] {dag.py:3722} INFO - Setting next_dagrun for example_dag_decorator to None, run_after=None
[2023-11-03T20:01:20.489+0000] {processor.py:179} INFO - Processing /home/airflow/.local/lib/python3.8/site-packages/airflow/example_dags/example_dag_decorator.py took 0.489 seconds
[2023-11-03T20:01:50.904+0000] {processor.py:157} INFO - Started process (PID=35806) to work on /home/airflow/.local/lib/python3.8/site-packages/airflow/example_dags/example_dag_decorator.py
[2023-11-03T20:01:50.907+0000] {processor.py:829} INFO - Processing file /home/airflow/.local/lib/python3.8/site-packages/airflow/example_dags/example_dag_decorator.py for tasks to queue
[2023-11-03T20:01:50.917+0000] {logging_mixin.py:151} INFO - [2023-11-03T20:01:50.915+0000] {dagbag.py:536} INFO - Filling up the DagBag from /home/airflow/.local/lib/python3.8/site-packages/airflow/example_dags/example_dag_decorator.py
[2023-11-03T20:01:51.085+0000] {processor.py:839} INFO - DAG(s) dict_keys(['example_dag_decorator']) retrieved from /home/airflow/.local/lib/python3.8/site-packages/airflow/example_dags/example_dag_decorator.py
[2023-11-03T20:01:51.434+0000] {logging_mixin.py:151} INFO - [2023-11-03T20:01:51.433+0000] {dag.py:2941} INFO - Sync 1 DAGs
[2023-11-03T20:01:51.477+0000] {logging_mixin.py:151} INFO - [2023-11-03T20:01:51.476+0000] {dag.py:3722} INFO - Setting next_dagrun for example_dag_decorator to None, run_after=None
[2023-11-03T20:01:51.547+0000] {processor.py:179} INFO - Processing /home/airflow/.local/lib/python3.8/site-packages/airflow/example_dags/example_dag_decorator.py took 0.653 seconds
[2023-11-03T20:02:21.667+0000] {processor.py:157} INFO - Started process (PID=35869) to work on /home/airflow/.local/lib/python3.8/site-packages/airflow/example_dags/example_dag_decorator.py
[2023-11-03T20:02:21.669+0000] {processor.py:829} INFO - Processing file /home/airflow/.local/lib/python3.8/site-packages/airflow/example_dags/example_dag_decorator.py for tasks to queue
[2023-11-03T20:02:21.680+0000] {logging_mixin.py:151} INFO - [2023-11-03T20:02:21.678+0000] {dagbag.py:536} INFO - Filling up the DagBag from /home/airflow/.local/lib/python3.8/site-packages/airflow/example_dags/example_dag_decorator.py
[2023-11-03T20:02:21.953+0000] {processor.py:839} INFO - DAG(s) dict_keys(['example_dag_decorator']) retrieved from /home/airflow/.local/lib/python3.8/site-packages/airflow/example_dags/example_dag_decorator.py
[2023-11-03T20:02:22.032+0000] {logging_mixin.py:151} INFO - [2023-11-03T20:02:22.031+0000] {dag.py:2941} INFO - Sync 1 DAGs
[2023-11-03T20:02:22.066+0000] {logging_mixin.py:151} INFO - [2023-11-03T20:02:22.066+0000] {dag.py:3722} INFO - Setting next_dagrun for example_dag_decorator to None, run_after=None
[2023-11-03T20:02:22.136+0000] {processor.py:179} INFO - Processing /home/airflow/.local/lib/python3.8/site-packages/airflow/example_dags/example_dag_decorator.py took 0.475 seconds
[2023-11-03T20:02:52.640+0000] {processor.py:157} INFO - Started process (PID=35930) to work on /home/airflow/.local/lib/python3.8/site-packages/airflow/example_dags/example_dag_decorator.py
[2023-11-03T20:02:52.643+0000] {processor.py:829} INFO - Processing file /home/airflow/.local/lib/python3.8/site-packages/airflow/example_dags/example_dag_decorator.py for tasks to queue
[2023-11-03T20:02:52.652+0000] {logging_mixin.py:151} INFO - [2023-11-03T20:02:52.651+0000] {dagbag.py:536} INFO - Filling up the DagBag from /home/airflow/.local/lib/python3.8/site-packages/airflow/example_dags/example_dag_decorator.py
[2023-11-03T20:02:52.814+0000] {processor.py:839} INFO - DAG(s) dict_keys(['example_dag_decorator']) retrieved from /home/airflow/.local/lib/python3.8/site-packages/airflow/example_dags/example_dag_decorator.py
[2023-11-03T20:02:53.154+0000] {logging_mixin.py:151} INFO - [2023-11-03T20:02:53.153+0000] {dag.py:2941} INFO - Sync 1 DAGs
[2023-11-03T20:02:53.187+0000] {logging_mixin.py:151} INFO - [2023-11-03T20:02:53.186+0000] {dag.py:3722} INFO - Setting next_dagrun for example_dag_decorator to None, run_after=None
[2023-11-03T20:02:53.267+0000] {processor.py:179} INFO - Processing /home/airflow/.local/lib/python3.8/site-packages/airflow/example_dags/example_dag_decorator.py took 0.640 seconds
[2023-11-03T20:03:23.550+0000] {processor.py:157} INFO - Started process (PID=35994) to work on /home/airflow/.local/lib/python3.8/site-packages/airflow/example_dags/example_dag_decorator.py
[2023-11-03T20:03:23.552+0000] {processor.py:829} INFO - Processing file /home/airflow/.local/lib/python3.8/site-packages/airflow/example_dags/example_dag_decorator.py for tasks to queue
[2023-11-03T20:03:23.559+0000] {logging_mixin.py:151} INFO - [2023-11-03T20:03:23.558+0000] {dagbag.py:536} INFO - Filling up the DagBag from /home/airflow/.local/lib/python3.8/site-packages/airflow/example_dags/example_dag_decorator.py
[2023-11-03T20:03:23.704+0000] {processor.py:839} INFO - DAG(s) dict_keys(['example_dag_decorator']) retrieved from /home/airflow/.local/lib/python3.8/site-packages/airflow/example_dags/example_dag_decorator.py
[2023-11-03T20:03:24.170+0000] {logging_mixin.py:151} INFO - [2023-11-03T20:03:24.169+0000] {dag.py:2941} INFO - Sync 1 DAGs
[2023-11-03T20:03:24.200+0000] {logging_mixin.py:151} INFO - [2023-11-03T20:03:24.200+0000] {dag.py:3722} INFO - Setting next_dagrun for example_dag_decorator to None, run_after=None
[2023-11-03T20:03:24.254+0000] {processor.py:179} INFO - Processing /home/airflow/.local/lib/python3.8/site-packages/airflow/example_dags/example_dag_decorator.py took 0.711 seconds
[2023-11-03T20:03:54.975+0000] {processor.py:157} INFO - Started process (PID=36057) to work on /home/airflow/.local/lib/python3.8/site-packages/airflow/example_dags/example_dag_decorator.py
[2023-11-03T20:03:54.978+0000] {processor.py:829} INFO - Processing file /home/airflow/.local/lib/python3.8/site-packages/airflow/example_dags/example_dag_decorator.py for tasks to queue
[2023-11-03T20:03:54.988+0000] {logging_mixin.py:151} INFO - [2023-11-03T20:03:54.986+0000] {dagbag.py:536} INFO - Filling up the DagBag from /home/airflow/.local/lib/python3.8/site-packages/airflow/example_dags/example_dag_decorator.py
[2023-11-03T20:03:55.247+0000] {processor.py:839} INFO - DAG(s) dict_keys(['example_dag_decorator']) retrieved from /home/airflow/.local/lib/python3.8/site-packages/airflow/example_dags/example_dag_decorator.py
[2023-11-03T20:03:55.523+0000] {logging_mixin.py:151} INFO - [2023-11-03T20:03:55.522+0000] {dag.py:2941} INFO - Sync 1 DAGs
[2023-11-03T20:03:55.554+0000] {logging_mixin.py:151} INFO - [2023-11-03T20:03:55.553+0000] {dag.py:3722} INFO - Setting next_dagrun for example_dag_decorator to None, run_after=None
[2023-11-03T20:03:55.623+0000] {processor.py:179} INFO - Processing /home/airflow/.local/lib/python3.8/site-packages/airflow/example_dags/example_dag_decorator.py took 0.659 seconds
[2023-11-03T20:04:25.746+0000] {processor.py:157} INFO - Started process (PID=36119) to work on /home/airflow/.local/lib/python3.8/site-packages/airflow/example_dags/example_dag_decorator.py
[2023-11-03T20:04:25.760+0000] {processor.py:829} INFO - Processing file /home/airflow/.local/lib/python3.8/site-packages/airflow/example_dags/example_dag_decorator.py for tasks to queue
[2023-11-03T20:04:25.784+0000] {logging_mixin.py:151} INFO - [2023-11-03T20:04:25.783+0000] {dagbag.py:536} INFO - Filling up the DagBag from /home/airflow/.local/lib/python3.8/site-packages/airflow/example_dags/example_dag_decorator.py
[2023-11-03T20:04:26.016+0000] {processor.py:839} INFO - DAG(s) dict_keys(['example_dag_decorator']) retrieved from /home/airflow/.local/lib/python3.8/site-packages/airflow/example_dags/example_dag_decorator.py
[2023-11-03T20:04:26.298+0000] {logging_mixin.py:151} INFO - [2023-11-03T20:04:26.298+0000] {dag.py:2941} INFO - Sync 1 DAGs
[2023-11-03T20:04:26.334+0000] {logging_mixin.py:151} INFO - [2023-11-03T20:04:26.333+0000] {dag.py:3722} INFO - Setting next_dagrun for example_dag_decorator to None, run_after=None
[2023-11-03T20:04:26.398+0000] {processor.py:179} INFO - Processing /home/airflow/.local/lib/python3.8/site-packages/airflow/example_dags/example_dag_decorator.py took 0.663 seconds
[2023-11-03T20:04:56.869+0000] {processor.py:157} INFO - Started process (PID=36181) to work on /home/airflow/.local/lib/python3.8/site-packages/airflow/example_dags/example_dag_decorator.py
[2023-11-03T20:04:56.872+0000] {processor.py:829} INFO - Processing file /home/airflow/.local/lib/python3.8/site-packages/airflow/example_dags/example_dag_decorator.py for tasks to queue
[2023-11-03T20:04:56.880+0000] {logging_mixin.py:151} INFO - [2023-11-03T20:04:56.878+0000] {dagbag.py:536} INFO - Filling up the DagBag from /home/airflow/.local/lib/python3.8/site-packages/airflow/example_dags/example_dag_decorator.py
[2023-11-03T20:04:57.062+0000] {processor.py:839} INFO - DAG(s) dict_keys(['example_dag_decorator']) retrieved from /home/airflow/.local/lib/python3.8/site-packages/airflow/example_dags/example_dag_decorator.py
[2023-11-03T20:04:57.430+0000] {logging_mixin.py:151} INFO - [2023-11-03T20:04:57.429+0000] {dag.py:2941} INFO - Sync 1 DAGs
[2023-11-03T20:04:57.478+0000] {logging_mixin.py:151} INFO - [2023-11-03T20:04:57.477+0000] {dag.py:3722} INFO - Setting next_dagrun for example_dag_decorator to None, run_after=None
[2023-11-03T20:04:57.550+0000] {processor.py:179} INFO - Processing /home/airflow/.local/lib/python3.8/site-packages/airflow/example_dags/example_dag_decorator.py took 0.688 seconds
[2023-11-03T20:05:27.887+0000] {processor.py:157} INFO - Started process (PID=36245) to work on /home/airflow/.local/lib/python3.8/site-packages/airflow/example_dags/example_dag_decorator.py
[2023-11-03T20:05:27.890+0000] {processor.py:829} INFO - Processing file /home/airflow/.local/lib/python3.8/site-packages/airflow/example_dags/example_dag_decorator.py for tasks to queue
[2023-11-03T20:05:27.897+0000] {logging_mixin.py:151} INFO - [2023-11-03T20:05:27.895+0000] {dagbag.py:536} INFO - Filling up the DagBag from /home/airflow/.local/lib/python3.8/site-packages/airflow/example_dags/example_dag_decorator.py
[2023-11-03T20:05:28.052+0000] {processor.py:839} INFO - DAG(s) dict_keys(['example_dag_decorator']) retrieved from /home/airflow/.local/lib/python3.8/site-packages/airflow/example_dags/example_dag_decorator.py
[2023-11-03T20:05:28.402+0000] {logging_mixin.py:151} INFO - [2023-11-03T20:05:28.401+0000] {dag.py:2941} INFO - Sync 1 DAGs
[2023-11-03T20:05:28.435+0000] {logging_mixin.py:151} INFO - [2023-11-03T20:05:28.435+0000] {dag.py:3722} INFO - Setting next_dagrun for example_dag_decorator to None, run_after=None
[2023-11-03T20:05:28.504+0000] {processor.py:179} INFO - Processing /home/airflow/.local/lib/python3.8/site-packages/airflow/example_dags/example_dag_decorator.py took 0.627 seconds
[2023-11-03T20:05:58.897+0000] {processor.py:157} INFO - Started process (PID=36307) to work on /home/airflow/.local/lib/python3.8/site-packages/airflow/example_dags/example_dag_decorator.py
[2023-11-03T20:05:58.900+0000] {processor.py:829} INFO - Processing file /home/airflow/.local/lib/python3.8/site-packages/airflow/example_dags/example_dag_decorator.py for tasks to queue
[2023-11-03T20:05:58.907+0000] {logging_mixin.py:151} INFO - [2023-11-03T20:05:58.906+0000] {dagbag.py:536} INFO - Filling up the DagBag from /home/airflow/.local/lib/python3.8/site-packages/airflow/example_dags/example_dag_decorator.py
[2023-11-03T20:05:59.075+0000] {processor.py:839} INFO - DAG(s) dict_keys(['example_dag_decorator']) retrieved from /home/airflow/.local/lib/python3.8/site-packages/airflow/example_dags/example_dag_decorator.py
[2023-11-03T20:05:59.176+0000] {logging_mixin.py:151} INFO - [2023-11-03T20:05:59.176+0000] {dag.py:2941} INFO - Sync 1 DAGs
[2023-11-03T20:05:59.212+0000] {logging_mixin.py:151} INFO - [2023-11-03T20:05:59.212+0000] {dag.py:3722} INFO - Setting next_dagrun for example_dag_decorator to None, run_after=None
[2023-11-03T20:05:59.269+0000] {processor.py:179} INFO - Processing /home/airflow/.local/lib/python3.8/site-packages/airflow/example_dags/example_dag_decorator.py took 0.379 seconds
