[2023-11-03T19:42:44.372+0000] {processor.py:157} INFO - Started process (PID=33493) to work on /home/airflow/.local/lib/python3.8/site-packages/airflow/example_dags/example_params_ui_tutorial.py
[2023-11-03T19:42:44.375+0000] {processor.py:829} INFO - Processing file /home/airflow/.local/lib/python3.8/site-packages/airflow/example_dags/example_params_ui_tutorial.py for tasks to queue
[2023-11-03T19:42:44.384+0000] {logging_mixin.py:151} INFO - [2023-11-03T19:42:44.383+0000] {dagbag.py:536} INFO - Filling up the DagBag from /home/airflow/.local/lib/python3.8/site-packages/airflow/example_dags/example_params_ui_tutorial.py
[2023-11-03T19:42:44.569+0000] {processor.py:839} INFO - DAG(s) dict_keys(['example_params_ui_tutorial']) retrieved from /home/airflow/.local/lib/python3.8/site-packages/airflow/example_dags/example_params_ui_tutorial.py
[2023-11-03T19:42:45.428+0000] {logging_mixin.py:151} INFO - [2023-11-03T19:42:45.428+0000] {dag.py:2941} INFO - Sync 1 DAGs
[2023-11-03T19:42:45.465+0000] {logging_mixin.py:151} INFO - [2023-11-03T19:42:45.464+0000] {dag.py:3722} INFO - Setting next_dagrun for example_params_ui_tutorial to None, run_after=None
[2023-11-03T19:42:45.554+0000] {processor.py:179} INFO - Processing /home/airflow/.local/lib/python3.8/site-packages/airflow/example_dags/example_params_ui_tutorial.py took 1.196 seconds
[2023-11-03T19:43:15.780+0000] {processor.py:157} INFO - Started process (PID=33557) to work on /home/airflow/.local/lib/python3.8/site-packages/airflow/example_dags/example_params_ui_tutorial.py
[2023-11-03T19:43:15.784+0000] {processor.py:829} INFO - Processing file /home/airflow/.local/lib/python3.8/site-packages/airflow/example_dags/example_params_ui_tutorial.py for tasks to queue
[2023-11-03T19:43:15.806+0000] {logging_mixin.py:151} INFO - [2023-11-03T19:43:15.804+0000] {dagbag.py:536} INFO - Filling up the DagBag from /home/airflow/.local/lib/python3.8/site-packages/airflow/example_dags/example_params_ui_tutorial.py
[2023-11-03T19:43:16.016+0000] {processor.py:839} INFO - DAG(s) dict_keys(['example_params_ui_tutorial']) retrieved from /home/airflow/.local/lib/python3.8/site-packages/airflow/example_dags/example_params_ui_tutorial.py
[2023-11-03T19:43:16.336+0000] {logging_mixin.py:151} INFO - [2023-11-03T19:43:16.335+0000] {dag.py:2941} INFO - Sync 1 DAGs
[2023-11-03T19:43:16.394+0000] {logging_mixin.py:151} INFO - [2023-11-03T19:43:16.393+0000] {dag.py:3722} INFO - Setting next_dagrun for example_params_ui_tutorial to None, run_after=None
[2023-11-03T19:43:16.492+0000] {processor.py:179} INFO - Processing /home/airflow/.local/lib/python3.8/site-packages/airflow/example_dags/example_params_ui_tutorial.py took 0.726 seconds
[2023-11-03T19:43:46.949+0000] {processor.py:157} INFO - Started process (PID=33619) to work on /home/airflow/.local/lib/python3.8/site-packages/airflow/example_dags/example_params_ui_tutorial.py
[2023-11-03T19:43:46.952+0000] {processor.py:829} INFO - Processing file /home/airflow/.local/lib/python3.8/site-packages/airflow/example_dags/example_params_ui_tutorial.py for tasks to queue
[2023-11-03T19:43:46.959+0000] {logging_mixin.py:151} INFO - [2023-11-03T19:43:46.958+0000] {dagbag.py:536} INFO - Filling up the DagBag from /home/airflow/.local/lib/python3.8/site-packages/airflow/example_dags/example_params_ui_tutorial.py
[2023-11-03T19:43:47.059+0000] {processor.py:839} INFO - DAG(s) dict_keys(['example_params_ui_tutorial']) retrieved from /home/airflow/.local/lib/python3.8/site-packages/airflow/example_dags/example_params_ui_tutorial.py
[2023-11-03T19:43:47.273+0000] {logging_mixin.py:151} INFO - [2023-11-03T19:43:47.272+0000] {dag.py:2941} INFO - Sync 1 DAGs
[2023-11-03T19:43:47.332+0000] {logging_mixin.py:151} INFO - [2023-11-03T19:43:47.331+0000] {dag.py:3722} INFO - Setting next_dagrun for example_params_ui_tutorial to None, run_after=None
[2023-11-03T19:43:47.417+0000] {processor.py:179} INFO - Processing /home/airflow/.local/lib/python3.8/site-packages/airflow/example_dags/example_params_ui_tutorial.py took 0.477 seconds
[2023-11-03T19:44:17.936+0000] {processor.py:157} INFO - Started process (PID=33681) to work on /home/airflow/.local/lib/python3.8/site-packages/airflow/example_dags/example_params_ui_tutorial.py
[2023-11-03T19:44:17.939+0000] {processor.py:829} INFO - Processing file /home/airflow/.local/lib/python3.8/site-packages/airflow/example_dags/example_params_ui_tutorial.py for tasks to queue
[2023-11-03T19:44:17.949+0000] {logging_mixin.py:151} INFO - [2023-11-03T19:44:17.948+0000] {dagbag.py:536} INFO - Filling up the DagBag from /home/airflow/.local/lib/python3.8/site-packages/airflow/example_dags/example_params_ui_tutorial.py
[2023-11-03T19:44:18.048+0000] {processor.py:839} INFO - DAG(s) dict_keys(['example_params_ui_tutorial']) retrieved from /home/airflow/.local/lib/python3.8/site-packages/airflow/example_dags/example_params_ui_tutorial.py
[2023-11-03T19:44:18.190+0000] {logging_mixin.py:151} INFO - [2023-11-03T19:44:18.189+0000] {dag.py:2941} INFO - Sync 1 DAGs
[2023-11-03T19:44:18.243+0000] {logging_mixin.py:151} INFO - [2023-11-03T19:44:18.242+0000] {dag.py:3722} INFO - Setting next_dagrun for example_params_ui_tutorial to None, run_after=None
[2023-11-03T19:44:18.302+0000] {processor.py:179} INFO - Processing /home/airflow/.local/lib/python3.8/site-packages/airflow/example_dags/example_params_ui_tutorial.py took 0.377 seconds
[2023-11-03T19:44:48.514+0000] {processor.py:157} INFO - Started process (PID=33743) to work on /home/airflow/.local/lib/python3.8/site-packages/airflow/example_dags/example_params_ui_tutorial.py
[2023-11-03T19:44:48.518+0000] {processor.py:829} INFO - Processing file /home/airflow/.local/lib/python3.8/site-packages/airflow/example_dags/example_params_ui_tutorial.py for tasks to queue
[2023-11-03T19:44:48.528+0000] {logging_mixin.py:151} INFO - [2023-11-03T19:44:48.527+0000] {dagbag.py:536} INFO - Filling up the DagBag from /home/airflow/.local/lib/python3.8/site-packages/airflow/example_dags/example_params_ui_tutorial.py
[2023-11-03T19:44:48.607+0000] {processor.py:839} INFO - DAG(s) dict_keys(['example_params_ui_tutorial']) retrieved from /home/airflow/.local/lib/python3.8/site-packages/airflow/example_dags/example_params_ui_tutorial.py
[2023-11-03T19:44:48.775+0000] {logging_mixin.py:151} INFO - [2023-11-03T19:44:48.775+0000] {dag.py:2941} INFO - Sync 1 DAGs
[2023-11-03T19:44:48.807+0000] {logging_mixin.py:151} INFO - [2023-11-03T19:44:48.806+0000] {dag.py:3722} INFO - Setting next_dagrun for example_params_ui_tutorial to None, run_after=None
[2023-11-03T19:44:48.866+0000] {processor.py:179} INFO - Processing /home/airflow/.local/lib/python3.8/site-packages/airflow/example_dags/example_params_ui_tutorial.py took 0.368 seconds
[2023-11-03T19:45:19.213+0000] {processor.py:157} INFO - Started process (PID=33806) to work on /home/airflow/.local/lib/python3.8/site-packages/airflow/example_dags/example_params_ui_tutorial.py
[2023-11-03T19:45:19.216+0000] {processor.py:829} INFO - Processing file /home/airflow/.local/lib/python3.8/site-packages/airflow/example_dags/example_params_ui_tutorial.py for tasks to queue
[2023-11-03T19:45:19.226+0000] {logging_mixin.py:151} INFO - [2023-11-03T19:45:19.224+0000] {dagbag.py:536} INFO - Filling up the DagBag from /home/airflow/.local/lib/python3.8/site-packages/airflow/example_dags/example_params_ui_tutorial.py
[2023-11-03T19:45:19.313+0000] {processor.py:839} INFO - DAG(s) dict_keys(['example_params_ui_tutorial']) retrieved from /home/airflow/.local/lib/python3.8/site-packages/airflow/example_dags/example_params_ui_tutorial.py
[2023-11-03T19:45:19.438+0000] {logging_mixin.py:151} INFO - [2023-11-03T19:45:19.437+0000] {dag.py:2941} INFO - Sync 1 DAGs
[2023-11-03T19:45:19.471+0000] {logging_mixin.py:151} INFO - [2023-11-03T19:45:19.470+0000] {dag.py:3722} INFO - Setting next_dagrun for example_params_ui_tutorial to None, run_after=None
[2023-11-03T19:45:19.530+0000] {processor.py:179} INFO - Processing /home/airflow/.local/lib/python3.8/site-packages/airflow/example_dags/example_params_ui_tutorial.py took 0.331 seconds
[2023-11-03T19:45:50.135+0000] {processor.py:157} INFO - Started process (PID=33868) to work on /home/airflow/.local/lib/python3.8/site-packages/airflow/example_dags/example_params_ui_tutorial.py
[2023-11-03T19:45:50.138+0000] {processor.py:829} INFO - Processing file /home/airflow/.local/lib/python3.8/site-packages/airflow/example_dags/example_params_ui_tutorial.py for tasks to queue
[2023-11-03T19:45:50.147+0000] {logging_mixin.py:151} INFO - [2023-11-03T19:45:50.146+0000] {dagbag.py:536} INFO - Filling up the DagBag from /home/airflow/.local/lib/python3.8/site-packages/airflow/example_dags/example_params_ui_tutorial.py
[2023-11-03T19:45:50.242+0000] {processor.py:839} INFO - DAG(s) dict_keys(['example_params_ui_tutorial']) retrieved from /home/airflow/.local/lib/python3.8/site-packages/airflow/example_dags/example_params_ui_tutorial.py
[2023-11-03T19:45:50.364+0000] {logging_mixin.py:151} INFO - [2023-11-03T19:45:50.363+0000] {dag.py:2941} INFO - Sync 1 DAGs
[2023-11-03T19:45:50.396+0000] {logging_mixin.py:151} INFO - [2023-11-03T19:45:50.396+0000] {dag.py:3722} INFO - Setting next_dagrun for example_params_ui_tutorial to None, run_after=None
[2023-11-03T19:45:50.457+0000] {processor.py:179} INFO - Processing /home/airflow/.local/lib/python3.8/site-packages/airflow/example_dags/example_params_ui_tutorial.py took 0.332 seconds
[2023-11-03T19:46:20.673+0000] {processor.py:157} INFO - Started process (PID=33929) to work on /home/airflow/.local/lib/python3.8/site-packages/airflow/example_dags/example_params_ui_tutorial.py
[2023-11-03T19:46:20.676+0000] {processor.py:829} INFO - Processing file /home/airflow/.local/lib/python3.8/site-packages/airflow/example_dags/example_params_ui_tutorial.py for tasks to queue
[2023-11-03T19:46:20.684+0000] {logging_mixin.py:151} INFO - [2023-11-03T19:46:20.682+0000] {dagbag.py:536} INFO - Filling up the DagBag from /home/airflow/.local/lib/python3.8/site-packages/airflow/example_dags/example_params_ui_tutorial.py
[2023-11-03T19:46:20.766+0000] {processor.py:839} INFO - DAG(s) dict_keys(['example_params_ui_tutorial']) retrieved from /home/airflow/.local/lib/python3.8/site-packages/airflow/example_dags/example_params_ui_tutorial.py
[2023-11-03T19:46:20.920+0000] {logging_mixin.py:151} INFO - [2023-11-03T19:46:20.920+0000] {dag.py:2941} INFO - Sync 1 DAGs
[2023-11-03T19:46:20.954+0000] {logging_mixin.py:151} INFO - [2023-11-03T19:46:20.953+0000] {dag.py:3722} INFO - Setting next_dagrun for example_params_ui_tutorial to None, run_after=None
[2023-11-03T19:46:21.015+0000] {processor.py:179} INFO - Processing /home/airflow/.local/lib/python3.8/site-packages/airflow/example_dags/example_params_ui_tutorial.py took 0.356 seconds
[2023-11-03T19:46:51.372+0000] {processor.py:157} INFO - Started process (PID=33991) to work on /home/airflow/.local/lib/python3.8/site-packages/airflow/example_dags/example_params_ui_tutorial.py
[2023-11-03T19:46:51.375+0000] {processor.py:829} INFO - Processing file /home/airflow/.local/lib/python3.8/site-packages/airflow/example_dags/example_params_ui_tutorial.py for tasks to queue
[2023-11-03T19:46:51.386+0000] {logging_mixin.py:151} INFO - [2023-11-03T19:46:51.384+0000] {dagbag.py:536} INFO - Filling up the DagBag from /home/airflow/.local/lib/python3.8/site-packages/airflow/example_dags/example_params_ui_tutorial.py
[2023-11-03T19:46:51.472+0000] {processor.py:839} INFO - DAG(s) dict_keys(['example_params_ui_tutorial']) retrieved from /home/airflow/.local/lib/python3.8/site-packages/airflow/example_dags/example_params_ui_tutorial.py
[2023-11-03T19:46:51.591+0000] {logging_mixin.py:151} INFO - [2023-11-03T19:46:51.591+0000] {dag.py:2941} INFO - Sync 1 DAGs
[2023-11-03T19:46:51.635+0000] {logging_mixin.py:151} INFO - [2023-11-03T19:46:51.635+0000] {dag.py:3722} INFO - Setting next_dagrun for example_params_ui_tutorial to None, run_after=None
[2023-11-03T19:46:51.705+0000] {processor.py:179} INFO - Processing /home/airflow/.local/lib/python3.8/site-packages/airflow/example_dags/example_params_ui_tutorial.py took 0.344 seconds
[2023-11-03T19:47:22.752+0000] {processor.py:157} INFO - Started process (PID=34054) to work on /home/airflow/.local/lib/python3.8/site-packages/airflow/example_dags/example_params_ui_tutorial.py
[2023-11-03T19:47:22.754+0000] {processor.py:829} INFO - Processing file /home/airflow/.local/lib/python3.8/site-packages/airflow/example_dags/example_params_ui_tutorial.py for tasks to queue
[2023-11-03T19:47:22.763+0000] {logging_mixin.py:151} INFO - [2023-11-03T19:47:22.761+0000] {dagbag.py:536} INFO - Filling up the DagBag from /home/airflow/.local/lib/python3.8/site-packages/airflow/example_dags/example_params_ui_tutorial.py
[2023-11-03T19:47:22.848+0000] {processor.py:839} INFO - DAG(s) dict_keys(['example_params_ui_tutorial']) retrieved from /home/airflow/.local/lib/python3.8/site-packages/airflow/example_dags/example_params_ui_tutorial.py
[2023-11-03T19:47:22.992+0000] {logging_mixin.py:151} INFO - [2023-11-03T19:47:22.991+0000] {dag.py:2941} INFO - Sync 1 DAGs
[2023-11-03T19:47:23.027+0000] {logging_mixin.py:151} INFO - [2023-11-03T19:47:23.027+0000] {dag.py:3722} INFO - Setting next_dagrun for example_params_ui_tutorial to None, run_after=None
[2023-11-03T19:47:23.102+0000] {processor.py:179} INFO - Processing /home/airflow/.local/lib/python3.8/site-packages/airflow/example_dags/example_params_ui_tutorial.py took 0.358 seconds
[2023-11-03T19:47:53.408+0000] {processor.py:157} INFO - Started process (PID=34116) to work on /home/airflow/.local/lib/python3.8/site-packages/airflow/example_dags/example_params_ui_tutorial.py
[2023-11-03T19:47:53.411+0000] {processor.py:829} INFO - Processing file /home/airflow/.local/lib/python3.8/site-packages/airflow/example_dags/example_params_ui_tutorial.py for tasks to queue
[2023-11-03T19:47:53.420+0000] {logging_mixin.py:151} INFO - [2023-11-03T19:47:53.418+0000] {dagbag.py:536} INFO - Filling up the DagBag from /home/airflow/.local/lib/python3.8/site-packages/airflow/example_dags/example_params_ui_tutorial.py
[2023-11-03T19:47:53.502+0000] {processor.py:839} INFO - DAG(s) dict_keys(['example_params_ui_tutorial']) retrieved from /home/airflow/.local/lib/python3.8/site-packages/airflow/example_dags/example_params_ui_tutorial.py
[2023-11-03T19:47:53.626+0000] {logging_mixin.py:151} INFO - [2023-11-03T19:47:53.625+0000] {dag.py:2941} INFO - Sync 1 DAGs
[2023-11-03T19:47:53.674+0000] {logging_mixin.py:151} INFO - [2023-11-03T19:47:53.674+0000] {dag.py:3722} INFO - Setting next_dagrun for example_params_ui_tutorial to None, run_after=None
[2023-11-03T19:47:53.740+0000] {processor.py:179} INFO - Processing /home/airflow/.local/lib/python3.8/site-packages/airflow/example_dags/example_params_ui_tutorial.py took 0.343 seconds
[2023-11-03T19:48:24.110+0000] {processor.py:157} INFO - Started process (PID=34178) to work on /home/airflow/.local/lib/python3.8/site-packages/airflow/example_dags/example_params_ui_tutorial.py
[2023-11-03T19:48:24.113+0000] {processor.py:829} INFO - Processing file /home/airflow/.local/lib/python3.8/site-packages/airflow/example_dags/example_params_ui_tutorial.py for tasks to queue
[2023-11-03T19:48:24.121+0000] {logging_mixin.py:151} INFO - [2023-11-03T19:48:24.119+0000] {dagbag.py:536} INFO - Filling up the DagBag from /home/airflow/.local/lib/python3.8/site-packages/airflow/example_dags/example_params_ui_tutorial.py
[2023-11-03T19:48:24.209+0000] {processor.py:839} INFO - DAG(s) dict_keys(['example_params_ui_tutorial']) retrieved from /home/airflow/.local/lib/python3.8/site-packages/airflow/example_dags/example_params_ui_tutorial.py
[2023-11-03T19:48:24.332+0000] {logging_mixin.py:151} INFO - [2023-11-03T19:48:24.332+0000] {dag.py:2941} INFO - Sync 1 DAGs
[2023-11-03T19:48:24.371+0000] {logging_mixin.py:151} INFO - [2023-11-03T19:48:24.371+0000] {dag.py:3722} INFO - Setting next_dagrun for example_params_ui_tutorial to None, run_after=None
[2023-11-03T19:48:24.437+0000] {processor.py:179} INFO - Processing /home/airflow/.local/lib/python3.8/site-packages/airflow/example_dags/example_params_ui_tutorial.py took 0.339 seconds
[2023-11-03T19:48:54.960+0000] {processor.py:157} INFO - Started process (PID=34240) to work on /home/airflow/.local/lib/python3.8/site-packages/airflow/example_dags/example_params_ui_tutorial.py
[2023-11-03T19:48:54.963+0000] {processor.py:829} INFO - Processing file /home/airflow/.local/lib/python3.8/site-packages/airflow/example_dags/example_params_ui_tutorial.py for tasks to queue
[2023-11-03T19:48:54.971+0000] {logging_mixin.py:151} INFO - [2023-11-03T19:48:54.969+0000] {dagbag.py:536} INFO - Filling up the DagBag from /home/airflow/.local/lib/python3.8/site-packages/airflow/example_dags/example_params_ui_tutorial.py
[2023-11-03T19:48:55.073+0000] {processor.py:839} INFO - DAG(s) dict_keys(['example_params_ui_tutorial']) retrieved from /home/airflow/.local/lib/python3.8/site-packages/airflow/example_dags/example_params_ui_tutorial.py
[2023-11-03T19:48:55.224+0000] {logging_mixin.py:151} INFO - [2023-11-03T19:48:55.223+0000] {dag.py:2941} INFO - Sync 1 DAGs
[2023-11-03T19:48:55.254+0000] {logging_mixin.py:151} INFO - [2023-11-03T19:48:55.253+0000] {dag.py:3722} INFO - Setting next_dagrun for example_params_ui_tutorial to None, run_after=None
[2023-11-03T19:48:55.314+0000] {processor.py:179} INFO - Processing /home/airflow/.local/lib/python3.8/site-packages/airflow/example_dags/example_params_ui_tutorial.py took 0.362 seconds
[2023-11-03T19:49:25.484+0000] {processor.py:157} INFO - Started process (PID=34301) to work on /home/airflow/.local/lib/python3.8/site-packages/airflow/example_dags/example_params_ui_tutorial.py
[2023-11-03T19:49:25.486+0000] {processor.py:829} INFO - Processing file /home/airflow/.local/lib/python3.8/site-packages/airflow/example_dags/example_params_ui_tutorial.py for tasks to queue
[2023-11-03T19:49:25.496+0000] {logging_mixin.py:151} INFO - [2023-11-03T19:49:25.494+0000] {dagbag.py:536} INFO - Filling up the DagBag from /home/airflow/.local/lib/python3.8/site-packages/airflow/example_dags/example_params_ui_tutorial.py
[2023-11-03T19:49:25.577+0000] {processor.py:839} INFO - DAG(s) dict_keys(['example_params_ui_tutorial']) retrieved from /home/airflow/.local/lib/python3.8/site-packages/airflow/example_dags/example_params_ui_tutorial.py
[2023-11-03T19:49:25.727+0000] {logging_mixin.py:151} INFO - [2023-11-03T19:49:25.726+0000] {dag.py:2941} INFO - Sync 1 DAGs
[2023-11-03T19:49:25.755+0000] {logging_mixin.py:151} INFO - [2023-11-03T19:49:25.754+0000] {dag.py:3722} INFO - Setting next_dagrun for example_params_ui_tutorial to None, run_after=None
[2023-11-03T19:49:25.809+0000] {processor.py:179} INFO - Processing /home/airflow/.local/lib/python3.8/site-packages/airflow/example_dags/example_params_ui_tutorial.py took 0.334 seconds
[2023-11-03T19:49:56.346+0000] {processor.py:157} INFO - Started process (PID=34363) to work on /home/airflow/.local/lib/python3.8/site-packages/airflow/example_dags/example_params_ui_tutorial.py
[2023-11-03T19:49:56.349+0000] {processor.py:829} INFO - Processing file /home/airflow/.local/lib/python3.8/site-packages/airflow/example_dags/example_params_ui_tutorial.py for tasks to queue
[2023-11-03T19:49:56.358+0000] {logging_mixin.py:151} INFO - [2023-11-03T19:49:56.356+0000] {dagbag.py:536} INFO - Filling up the DagBag from /home/airflow/.local/lib/python3.8/site-packages/airflow/example_dags/example_params_ui_tutorial.py
[2023-11-03T19:49:56.493+0000] {processor.py:839} INFO - DAG(s) dict_keys(['example_params_ui_tutorial']) retrieved from /home/airflow/.local/lib/python3.8/site-packages/airflow/example_dags/example_params_ui_tutorial.py
[2023-11-03T19:49:56.710+0000] {logging_mixin.py:151} INFO - [2023-11-03T19:49:56.710+0000] {dag.py:2941} INFO - Sync 1 DAGs
[2023-11-03T19:49:56.754+0000] {logging_mixin.py:151} INFO - [2023-11-03T19:49:56.754+0000] {dag.py:3722} INFO - Setting next_dagrun for example_params_ui_tutorial to None, run_after=None
[2023-11-03T19:49:56.830+0000] {processor.py:179} INFO - Processing /home/airflow/.local/lib/python3.8/site-packages/airflow/example_dags/example_params_ui_tutorial.py took 0.492 seconds
[2023-11-03T19:50:27.619+0000] {processor.py:157} INFO - Started process (PID=34425) to work on /home/airflow/.local/lib/python3.8/site-packages/airflow/example_dags/example_params_ui_tutorial.py
[2023-11-03T19:50:27.622+0000] {processor.py:829} INFO - Processing file /home/airflow/.local/lib/python3.8/site-packages/airflow/example_dags/example_params_ui_tutorial.py for tasks to queue
[2023-11-03T19:50:27.629+0000] {logging_mixin.py:151} INFO - [2023-11-03T19:50:27.628+0000] {dagbag.py:536} INFO - Filling up the DagBag from /home/airflow/.local/lib/python3.8/site-packages/airflow/example_dags/example_params_ui_tutorial.py
[2023-11-03T19:50:27.723+0000] {processor.py:839} INFO - DAG(s) dict_keys(['example_params_ui_tutorial']) retrieved from /home/airflow/.local/lib/python3.8/site-packages/airflow/example_dags/example_params_ui_tutorial.py
[2023-11-03T19:50:27.864+0000] {logging_mixin.py:151} INFO - [2023-11-03T19:50:27.863+0000] {dag.py:2941} INFO - Sync 1 DAGs
[2023-11-03T19:50:27.898+0000] {logging_mixin.py:151} INFO - [2023-11-03T19:50:27.897+0000] {dag.py:3722} INFO - Setting next_dagrun for example_params_ui_tutorial to None, run_after=None
[2023-11-03T19:50:27.964+0000] {processor.py:179} INFO - Processing /home/airflow/.local/lib/python3.8/site-packages/airflow/example_dags/example_params_ui_tutorial.py took 0.355 seconds
[2023-11-03T19:50:58.953+0000] {processor.py:157} INFO - Started process (PID=34488) to work on /home/airflow/.local/lib/python3.8/site-packages/airflow/example_dags/example_params_ui_tutorial.py
[2023-11-03T19:50:58.956+0000] {processor.py:829} INFO - Processing file /home/airflow/.local/lib/python3.8/site-packages/airflow/example_dags/example_params_ui_tutorial.py for tasks to queue
[2023-11-03T19:50:58.963+0000] {logging_mixin.py:151} INFO - [2023-11-03T19:50:58.962+0000] {dagbag.py:536} INFO - Filling up the DagBag from /home/airflow/.local/lib/python3.8/site-packages/airflow/example_dags/example_params_ui_tutorial.py
[2023-11-03T19:50:59.046+0000] {processor.py:839} INFO - DAG(s) dict_keys(['example_params_ui_tutorial']) retrieved from /home/airflow/.local/lib/python3.8/site-packages/airflow/example_dags/example_params_ui_tutorial.py
[2023-11-03T19:50:59.208+0000] {logging_mixin.py:151} INFO - [2023-11-03T19:50:59.207+0000] {dag.py:2941} INFO - Sync 1 DAGs
[2023-11-03T19:50:59.241+0000] {logging_mixin.py:151} INFO - [2023-11-03T19:50:59.241+0000] {dag.py:3722} INFO - Setting next_dagrun for example_params_ui_tutorial to None, run_after=None
[2023-11-03T19:50:59.304+0000] {processor.py:179} INFO - Processing /home/airflow/.local/lib/python3.8/site-packages/airflow/example_dags/example_params_ui_tutorial.py took 0.364 seconds
[2023-11-03T19:51:29.801+0000] {processor.py:157} INFO - Started process (PID=34550) to work on /home/airflow/.local/lib/python3.8/site-packages/airflow/example_dags/example_params_ui_tutorial.py
[2023-11-03T19:51:29.804+0000] {processor.py:829} INFO - Processing file /home/airflow/.local/lib/python3.8/site-packages/airflow/example_dags/example_params_ui_tutorial.py for tasks to queue
[2023-11-03T19:51:29.813+0000] {logging_mixin.py:151} INFO - [2023-11-03T19:51:29.812+0000] {dagbag.py:536} INFO - Filling up the DagBag from /home/airflow/.local/lib/python3.8/site-packages/airflow/example_dags/example_params_ui_tutorial.py
[2023-11-03T19:51:29.909+0000] {processor.py:839} INFO - DAG(s) dict_keys(['example_params_ui_tutorial']) retrieved from /home/airflow/.local/lib/python3.8/site-packages/airflow/example_dags/example_params_ui_tutorial.py
[2023-11-03T19:51:30.054+0000] {logging_mixin.py:151} INFO - [2023-11-03T19:51:30.053+0000] {dag.py:2941} INFO - Sync 1 DAGs
[2023-11-03T19:51:30.091+0000] {logging_mixin.py:151} INFO - [2023-11-03T19:51:30.091+0000] {dag.py:3722} INFO - Setting next_dagrun for example_params_ui_tutorial to None, run_after=None
[2023-11-03T19:51:30.147+0000] {processor.py:179} INFO - Processing /home/airflow/.local/lib/python3.8/site-packages/airflow/example_dags/example_params_ui_tutorial.py took 0.356 seconds
[2023-11-03T19:52:00.500+0000] {processor.py:157} INFO - Started process (PID=34612) to work on /home/airflow/.local/lib/python3.8/site-packages/airflow/example_dags/example_params_ui_tutorial.py
[2023-11-03T19:52:00.504+0000] {processor.py:829} INFO - Processing file /home/airflow/.local/lib/python3.8/site-packages/airflow/example_dags/example_params_ui_tutorial.py for tasks to queue
[2023-11-03T19:52:00.517+0000] {logging_mixin.py:151} INFO - [2023-11-03T19:52:00.515+0000] {dagbag.py:536} INFO - Filling up the DagBag from /home/airflow/.local/lib/python3.8/site-packages/airflow/example_dags/example_params_ui_tutorial.py
[2023-11-03T19:52:00.595+0000] {processor.py:839} INFO - DAG(s) dict_keys(['example_params_ui_tutorial']) retrieved from /home/airflow/.local/lib/python3.8/site-packages/airflow/example_dags/example_params_ui_tutorial.py
[2023-11-03T19:52:00.729+0000] {logging_mixin.py:151} INFO - [2023-11-03T19:52:00.728+0000] {dag.py:2941} INFO - Sync 1 DAGs
[2023-11-03T19:52:00.765+0000] {logging_mixin.py:151} INFO - [2023-11-03T19:52:00.764+0000] {dag.py:3722} INFO - Setting next_dagrun for example_params_ui_tutorial to None, run_after=None
[2023-11-03T19:52:00.825+0000] {processor.py:179} INFO - Processing /home/airflow/.local/lib/python3.8/site-packages/airflow/example_dags/example_params_ui_tutorial.py took 0.341 seconds
[2023-11-03T19:52:31.002+0000] {processor.py:157} INFO - Started process (PID=34673) to work on /home/airflow/.local/lib/python3.8/site-packages/airflow/example_dags/example_params_ui_tutorial.py
[2023-11-03T19:52:31.004+0000] {processor.py:829} INFO - Processing file /home/airflow/.local/lib/python3.8/site-packages/airflow/example_dags/example_params_ui_tutorial.py for tasks to queue
[2023-11-03T19:52:31.012+0000] {logging_mixin.py:151} INFO - [2023-11-03T19:52:31.011+0000] {dagbag.py:536} INFO - Filling up the DagBag from /home/airflow/.local/lib/python3.8/site-packages/airflow/example_dags/example_params_ui_tutorial.py
[2023-11-03T19:52:31.092+0000] {processor.py:839} INFO - DAG(s) dict_keys(['example_params_ui_tutorial']) retrieved from /home/airflow/.local/lib/python3.8/site-packages/airflow/example_dags/example_params_ui_tutorial.py
[2023-11-03T19:52:31.217+0000] {logging_mixin.py:151} INFO - [2023-11-03T19:52:31.217+0000] {dag.py:2941} INFO - Sync 1 DAGs
[2023-11-03T19:52:31.250+0000] {logging_mixin.py:151} INFO - [2023-11-03T19:52:31.250+0000] {dag.py:3722} INFO - Setting next_dagrun for example_params_ui_tutorial to None, run_after=None
[2023-11-03T19:52:31.305+0000] {processor.py:179} INFO - Processing /home/airflow/.local/lib/python3.8/site-packages/airflow/example_dags/example_params_ui_tutorial.py took 0.311 seconds
[2023-11-03T19:53:02.509+0000] {processor.py:157} INFO - Started process (PID=34736) to work on /home/airflow/.local/lib/python3.8/site-packages/airflow/example_dags/example_params_ui_tutorial.py
[2023-11-03T19:53:02.512+0000] {processor.py:829} INFO - Processing file /home/airflow/.local/lib/python3.8/site-packages/airflow/example_dags/example_params_ui_tutorial.py for tasks to queue
[2023-11-03T19:53:02.521+0000] {logging_mixin.py:151} INFO - [2023-11-03T19:53:02.519+0000] {dagbag.py:536} INFO - Filling up the DagBag from /home/airflow/.local/lib/python3.8/site-packages/airflow/example_dags/example_params_ui_tutorial.py
[2023-11-03T19:53:02.602+0000] {processor.py:839} INFO - DAG(s) dict_keys(['example_params_ui_tutorial']) retrieved from /home/airflow/.local/lib/python3.8/site-packages/airflow/example_dags/example_params_ui_tutorial.py
[2023-11-03T19:53:02.770+0000] {logging_mixin.py:151} INFO - [2023-11-03T19:53:02.770+0000] {dag.py:2941} INFO - Sync 1 DAGs
[2023-11-03T19:53:02.804+0000] {logging_mixin.py:151} INFO - [2023-11-03T19:53:02.804+0000] {dag.py:3722} INFO - Setting next_dagrun for example_params_ui_tutorial to None, run_after=None
[2023-11-03T19:53:02.861+0000] {processor.py:179} INFO - Processing /home/airflow/.local/lib/python3.8/site-packages/airflow/example_dags/example_params_ui_tutorial.py took 0.361 seconds
[2023-11-03T19:53:34.027+0000] {processor.py:157} INFO - Started process (PID=34798) to work on /home/airflow/.local/lib/python3.8/site-packages/airflow/example_dags/example_params_ui_tutorial.py
[2023-11-03T19:53:34.030+0000] {processor.py:829} INFO - Processing file /home/airflow/.local/lib/python3.8/site-packages/airflow/example_dags/example_params_ui_tutorial.py for tasks to queue
[2023-11-03T19:53:34.038+0000] {logging_mixin.py:151} INFO - [2023-11-03T19:53:34.037+0000] {dagbag.py:536} INFO - Filling up the DagBag from /home/airflow/.local/lib/python3.8/site-packages/airflow/example_dags/example_params_ui_tutorial.py
[2023-11-03T19:53:34.130+0000] {processor.py:839} INFO - DAG(s) dict_keys(['example_params_ui_tutorial']) retrieved from /home/airflow/.local/lib/python3.8/site-packages/airflow/example_dags/example_params_ui_tutorial.py
[2023-11-03T19:53:34.277+0000] {logging_mixin.py:151} INFO - [2023-11-03T19:53:34.276+0000] {dag.py:2941} INFO - Sync 1 DAGs
[2023-11-03T19:53:34.310+0000] {logging_mixin.py:151} INFO - [2023-11-03T19:53:34.309+0000] {dag.py:3722} INFO - Setting next_dagrun for example_params_ui_tutorial to None, run_after=None
[2023-11-03T19:53:34.371+0000] {processor.py:179} INFO - Processing /home/airflow/.local/lib/python3.8/site-packages/airflow/example_dags/example_params_ui_tutorial.py took 0.357 seconds
[2023-11-03T19:54:05.026+0000] {processor.py:157} INFO - Started process (PID=34860) to work on /home/airflow/.local/lib/python3.8/site-packages/airflow/example_dags/example_params_ui_tutorial.py
[2023-11-03T19:54:05.029+0000] {processor.py:829} INFO - Processing file /home/airflow/.local/lib/python3.8/site-packages/airflow/example_dags/example_params_ui_tutorial.py for tasks to queue
[2023-11-03T19:54:05.038+0000] {logging_mixin.py:151} INFO - [2023-11-03T19:54:05.036+0000] {dagbag.py:536} INFO - Filling up the DagBag from /home/airflow/.local/lib/python3.8/site-packages/airflow/example_dags/example_params_ui_tutorial.py
[2023-11-03T19:54:05.131+0000] {processor.py:839} INFO - DAG(s) dict_keys(['example_params_ui_tutorial']) retrieved from /home/airflow/.local/lib/python3.8/site-packages/airflow/example_dags/example_params_ui_tutorial.py
[2023-11-03T19:54:05.294+0000] {logging_mixin.py:151} INFO - [2023-11-03T19:54:05.293+0000] {dag.py:2941} INFO - Sync 1 DAGs
[2023-11-03T19:54:05.355+0000] {logging_mixin.py:151} INFO - [2023-11-03T19:54:05.354+0000] {dag.py:3722} INFO - Setting next_dagrun for example_params_ui_tutorial to None, run_after=None
[2023-11-03T19:54:05.442+0000] {processor.py:179} INFO - Processing /home/airflow/.local/lib/python3.8/site-packages/airflow/example_dags/example_params_ui_tutorial.py took 0.427 seconds
[2023-11-03T19:54:36.139+0000] {processor.py:157} INFO - Started process (PID=34929) to work on /home/airflow/.local/lib/python3.8/site-packages/airflow/example_dags/example_params_ui_tutorial.py
[2023-11-03T19:54:36.141+0000] {processor.py:829} INFO - Processing file /home/airflow/.local/lib/python3.8/site-packages/airflow/example_dags/example_params_ui_tutorial.py for tasks to queue
[2023-11-03T19:54:36.151+0000] {logging_mixin.py:151} INFO - [2023-11-03T19:54:36.149+0000] {dagbag.py:536} INFO - Filling up the DagBag from /home/airflow/.local/lib/python3.8/site-packages/airflow/example_dags/example_params_ui_tutorial.py
[2023-11-03T19:54:36.254+0000] {processor.py:839} INFO - DAG(s) dict_keys(['example_params_ui_tutorial']) retrieved from /home/airflow/.local/lib/python3.8/site-packages/airflow/example_dags/example_params_ui_tutorial.py
[2023-11-03T19:54:36.400+0000] {logging_mixin.py:151} INFO - [2023-11-03T19:54:36.400+0000] {dag.py:2941} INFO - Sync 1 DAGs
[2023-11-03T19:54:36.432+0000] {logging_mixin.py:151} INFO - [2023-11-03T19:54:36.432+0000] {dag.py:3722} INFO - Setting next_dagrun for example_params_ui_tutorial to None, run_after=None
[2023-11-03T19:54:36.509+0000] {processor.py:179} INFO - Processing /home/airflow/.local/lib/python3.8/site-packages/airflow/example_dags/example_params_ui_tutorial.py took 0.380 seconds
[2023-11-03T19:55:07.398+0000] {processor.py:157} INFO - Started process (PID=34991) to work on /home/airflow/.local/lib/python3.8/site-packages/airflow/example_dags/example_params_ui_tutorial.py
[2023-11-03T19:55:07.401+0000] {processor.py:829} INFO - Processing file /home/airflow/.local/lib/python3.8/site-packages/airflow/example_dags/example_params_ui_tutorial.py for tasks to queue
[2023-11-03T19:55:07.410+0000] {logging_mixin.py:151} INFO - [2023-11-03T19:55:07.408+0000] {dagbag.py:536} INFO - Filling up the DagBag from /home/airflow/.local/lib/python3.8/site-packages/airflow/example_dags/example_params_ui_tutorial.py
[2023-11-03T19:55:07.509+0000] {processor.py:839} INFO - DAG(s) dict_keys(['example_params_ui_tutorial']) retrieved from /home/airflow/.local/lib/python3.8/site-packages/airflow/example_dags/example_params_ui_tutorial.py
[2023-11-03T19:55:07.643+0000] {logging_mixin.py:151} INFO - [2023-11-03T19:55:07.643+0000] {dag.py:2941} INFO - Sync 1 DAGs
[2023-11-03T19:55:07.676+0000] {logging_mixin.py:151} INFO - [2023-11-03T19:55:07.676+0000] {dag.py:3722} INFO - Setting next_dagrun for example_params_ui_tutorial to None, run_after=None
[2023-11-03T19:55:07.739+0000] {processor.py:179} INFO - Processing /home/airflow/.local/lib/python3.8/site-packages/airflow/example_dags/example_params_ui_tutorial.py took 0.352 seconds
[2023-11-03T19:55:37.857+0000] {processor.py:157} INFO - Started process (PID=35052) to work on /home/airflow/.local/lib/python3.8/site-packages/airflow/example_dags/example_params_ui_tutorial.py
[2023-11-03T19:55:37.861+0000] {processor.py:829} INFO - Processing file /home/airflow/.local/lib/python3.8/site-packages/airflow/example_dags/example_params_ui_tutorial.py for tasks to queue
[2023-11-03T19:55:37.874+0000] {logging_mixin.py:151} INFO - [2023-11-03T19:55:37.873+0000] {dagbag.py:536} INFO - Filling up the DagBag from /home/airflow/.local/lib/python3.8/site-packages/airflow/example_dags/example_params_ui_tutorial.py
[2023-11-03T19:55:37.968+0000] {processor.py:839} INFO - DAG(s) dict_keys(['example_params_ui_tutorial']) retrieved from /home/airflow/.local/lib/python3.8/site-packages/airflow/example_dags/example_params_ui_tutorial.py
[2023-11-03T19:55:38.112+0000] {logging_mixin.py:151} INFO - [2023-11-03T19:55:38.111+0000] {dag.py:2941} INFO - Sync 1 DAGs
[2023-11-03T19:55:38.145+0000] {logging_mixin.py:151} INFO - [2023-11-03T19:55:38.144+0000] {dag.py:3722} INFO - Setting next_dagrun for example_params_ui_tutorial to None, run_after=None
[2023-11-03T19:55:38.202+0000] {processor.py:179} INFO - Processing /home/airflow/.local/lib/python3.8/site-packages/airflow/example_dags/example_params_ui_tutorial.py took 0.356 seconds
[2023-11-03T19:56:08.427+0000] {processor.py:157} INFO - Started process (PID=35114) to work on /home/airflow/.local/lib/python3.8/site-packages/airflow/example_dags/example_params_ui_tutorial.py
[2023-11-03T19:56:08.430+0000] {processor.py:829} INFO - Processing file /home/airflow/.local/lib/python3.8/site-packages/airflow/example_dags/example_params_ui_tutorial.py for tasks to queue
[2023-11-03T19:56:08.440+0000] {logging_mixin.py:151} INFO - [2023-11-03T19:56:08.438+0000] {dagbag.py:536} INFO - Filling up the DagBag from /home/airflow/.local/lib/python3.8/site-packages/airflow/example_dags/example_params_ui_tutorial.py
[2023-11-03T19:56:08.534+0000] {processor.py:839} INFO - DAG(s) dict_keys(['example_params_ui_tutorial']) retrieved from /home/airflow/.local/lib/python3.8/site-packages/airflow/example_dags/example_params_ui_tutorial.py
[2023-11-03T19:56:08.682+0000] {logging_mixin.py:151} INFO - [2023-11-03T19:56:08.681+0000] {dag.py:2941} INFO - Sync 1 DAGs
[2023-11-03T19:56:08.718+0000] {logging_mixin.py:151} INFO - [2023-11-03T19:56:08.717+0000] {dag.py:3722} INFO - Setting next_dagrun for example_params_ui_tutorial to None, run_after=None
[2023-11-03T19:56:08.784+0000] {processor.py:179} INFO - Processing /home/airflow/.local/lib/python3.8/site-packages/airflow/example_dags/example_params_ui_tutorial.py took 0.367 seconds
[2023-11-03T19:56:38.939+0000] {processor.py:157} INFO - Started process (PID=35176) to work on /home/airflow/.local/lib/python3.8/site-packages/airflow/example_dags/example_params_ui_tutorial.py
[2023-11-03T19:56:38.942+0000] {processor.py:829} INFO - Processing file /home/airflow/.local/lib/python3.8/site-packages/airflow/example_dags/example_params_ui_tutorial.py for tasks to queue
[2023-11-03T19:56:38.952+0000] {logging_mixin.py:151} INFO - [2023-11-03T19:56:38.951+0000] {dagbag.py:536} INFO - Filling up the DagBag from /home/airflow/.local/lib/python3.8/site-packages/airflow/example_dags/example_params_ui_tutorial.py
[2023-11-03T19:56:39.039+0000] {processor.py:839} INFO - DAG(s) dict_keys(['example_params_ui_tutorial']) retrieved from /home/airflow/.local/lib/python3.8/site-packages/airflow/example_dags/example_params_ui_tutorial.py
[2023-11-03T19:56:39.154+0000] {logging_mixin.py:151} INFO - [2023-11-03T19:56:39.154+0000] {dag.py:2941} INFO - Sync 1 DAGs
[2023-11-03T19:56:39.183+0000] {logging_mixin.py:151} INFO - [2023-11-03T19:56:39.183+0000] {dag.py:3722} INFO - Setting next_dagrun for example_params_ui_tutorial to None, run_after=None
[2023-11-03T19:56:39.240+0000] {processor.py:179} INFO - Processing /home/airflow/.local/lib/python3.8/site-packages/airflow/example_dags/example_params_ui_tutorial.py took 0.310 seconds
[2023-11-03T19:57:10.110+0000] {processor.py:157} INFO - Started process (PID=35238) to work on /home/airflow/.local/lib/python3.8/site-packages/airflow/example_dags/example_params_ui_tutorial.py
[2023-11-03T19:57:10.113+0000] {processor.py:829} INFO - Processing file /home/airflow/.local/lib/python3.8/site-packages/airflow/example_dags/example_params_ui_tutorial.py for tasks to queue
[2023-11-03T19:57:10.122+0000] {logging_mixin.py:151} INFO - [2023-11-03T19:57:10.121+0000] {dagbag.py:536} INFO - Filling up the DagBag from /home/airflow/.local/lib/python3.8/site-packages/airflow/example_dags/example_params_ui_tutorial.py
[2023-11-03T19:57:10.233+0000] {processor.py:839} INFO - DAG(s) dict_keys(['example_params_ui_tutorial']) retrieved from /home/airflow/.local/lib/python3.8/site-packages/airflow/example_dags/example_params_ui_tutorial.py
[2023-11-03T19:57:10.365+0000] {logging_mixin.py:151} INFO - [2023-11-03T19:57:10.365+0000] {dag.py:2941} INFO - Sync 1 DAGs
[2023-11-03T19:57:10.403+0000] {logging_mixin.py:151} INFO - [2023-11-03T19:57:10.402+0000] {dag.py:3722} INFO - Setting next_dagrun for example_params_ui_tutorial to None, run_after=None
[2023-11-03T19:57:10.466+0000] {processor.py:179} INFO - Processing /home/airflow/.local/lib/python3.8/site-packages/airflow/example_dags/example_params_ui_tutorial.py took 0.365 seconds
[2023-11-03T19:57:40.821+0000] {processor.py:157} INFO - Started process (PID=35300) to work on /home/airflow/.local/lib/python3.8/site-packages/airflow/example_dags/example_params_ui_tutorial.py
[2023-11-03T19:57:40.824+0000] {processor.py:829} INFO - Processing file /home/airflow/.local/lib/python3.8/site-packages/airflow/example_dags/example_params_ui_tutorial.py for tasks to queue
[2023-11-03T19:57:40.835+0000] {logging_mixin.py:151} INFO - [2023-11-03T19:57:40.833+0000] {dagbag.py:536} INFO - Filling up the DagBag from /home/airflow/.local/lib/python3.8/site-packages/airflow/example_dags/example_params_ui_tutorial.py
[2023-11-03T19:57:40.945+0000] {processor.py:839} INFO - DAG(s) dict_keys(['example_params_ui_tutorial']) retrieved from /home/airflow/.local/lib/python3.8/site-packages/airflow/example_dags/example_params_ui_tutorial.py
[2023-11-03T19:57:41.097+0000] {logging_mixin.py:151} INFO - [2023-11-03T19:57:41.096+0000] {dag.py:2941} INFO - Sync 1 DAGs
[2023-11-03T19:57:41.129+0000] {logging_mixin.py:151} INFO - [2023-11-03T19:57:41.129+0000] {dag.py:3722} INFO - Setting next_dagrun for example_params_ui_tutorial to None, run_after=None
[2023-11-03T19:57:41.202+0000] {processor.py:179} INFO - Processing /home/airflow/.local/lib/python3.8/site-packages/airflow/example_dags/example_params_ui_tutorial.py took 0.392 seconds
[2023-11-03T19:58:11.607+0000] {processor.py:157} INFO - Started process (PID=35362) to work on /home/airflow/.local/lib/python3.8/site-packages/airflow/example_dags/example_params_ui_tutorial.py
[2023-11-03T19:58:11.610+0000] {processor.py:829} INFO - Processing file /home/airflow/.local/lib/python3.8/site-packages/airflow/example_dags/example_params_ui_tutorial.py for tasks to queue
[2023-11-03T19:58:11.618+0000] {logging_mixin.py:151} INFO - [2023-11-03T19:58:11.617+0000] {dagbag.py:536} INFO - Filling up the DagBag from /home/airflow/.local/lib/python3.8/site-packages/airflow/example_dags/example_params_ui_tutorial.py
[2023-11-03T19:58:11.719+0000] {processor.py:839} INFO - DAG(s) dict_keys(['example_params_ui_tutorial']) retrieved from /home/airflow/.local/lib/python3.8/site-packages/airflow/example_dags/example_params_ui_tutorial.py
[2023-11-03T19:58:11.842+0000] {logging_mixin.py:151} INFO - [2023-11-03T19:58:11.841+0000] {dag.py:2941} INFO - Sync 1 DAGs
[2023-11-03T19:58:11.875+0000] {logging_mixin.py:151} INFO - [2023-11-03T19:58:11.875+0000] {dag.py:3722} INFO - Setting next_dagrun for example_params_ui_tutorial to None, run_after=None
[2023-11-03T19:58:11.941+0000] {processor.py:179} INFO - Processing /home/airflow/.local/lib/python3.8/site-packages/airflow/example_dags/example_params_ui_tutorial.py took 0.345 seconds
[2023-11-03T19:58:42.566+0000] {processor.py:157} INFO - Started process (PID=35424) to work on /home/airflow/.local/lib/python3.8/site-packages/airflow/example_dags/example_params_ui_tutorial.py
[2023-11-03T19:58:42.569+0000] {processor.py:829} INFO - Processing file /home/airflow/.local/lib/python3.8/site-packages/airflow/example_dags/example_params_ui_tutorial.py for tasks to queue
[2023-11-03T19:58:42.578+0000] {logging_mixin.py:151} INFO - [2023-11-03T19:58:42.576+0000] {dagbag.py:536} INFO - Filling up the DagBag from /home/airflow/.local/lib/python3.8/site-packages/airflow/example_dags/example_params_ui_tutorial.py
[2023-11-03T19:58:42.672+0000] {processor.py:839} INFO - DAG(s) dict_keys(['example_params_ui_tutorial']) retrieved from /home/airflow/.local/lib/python3.8/site-packages/airflow/example_dags/example_params_ui_tutorial.py
[2023-11-03T19:58:42.810+0000] {logging_mixin.py:151} INFO - [2023-11-03T19:58:42.809+0000] {dag.py:2941} INFO - Sync 1 DAGs
[2023-11-03T19:58:42.860+0000] {logging_mixin.py:151} INFO - [2023-11-03T19:58:42.859+0000] {dag.py:3722} INFO - Setting next_dagrun for example_params_ui_tutorial to None, run_after=None
[2023-11-03T19:58:42.936+0000] {processor.py:179} INFO - Processing /home/airflow/.local/lib/python3.8/site-packages/airflow/example_dags/example_params_ui_tutorial.py took 0.379 seconds
[2023-11-03T19:59:13.407+0000] {processor.py:157} INFO - Started process (PID=35486) to work on /home/airflow/.local/lib/python3.8/site-packages/airflow/example_dags/example_params_ui_tutorial.py
[2023-11-03T19:59:13.410+0000] {processor.py:829} INFO - Processing file /home/airflow/.local/lib/python3.8/site-packages/airflow/example_dags/example_params_ui_tutorial.py for tasks to queue
[2023-11-03T19:59:13.419+0000] {logging_mixin.py:151} INFO - [2023-11-03T19:59:13.418+0000] {dagbag.py:536} INFO - Filling up the DagBag from /home/airflow/.local/lib/python3.8/site-packages/airflow/example_dags/example_params_ui_tutorial.py
[2023-11-03T19:59:13.533+0000] {processor.py:839} INFO - DAG(s) dict_keys(['example_params_ui_tutorial']) retrieved from /home/airflow/.local/lib/python3.8/site-packages/airflow/example_dags/example_params_ui_tutorial.py
[2023-11-03T19:59:13.691+0000] {logging_mixin.py:151} INFO - [2023-11-03T19:59:13.690+0000] {dag.py:2941} INFO - Sync 1 DAGs
[2023-11-03T19:59:13.762+0000] {logging_mixin.py:151} INFO - [2023-11-03T19:59:13.744+0000] {dag.py:3722} INFO - Setting next_dagrun for example_params_ui_tutorial to None, run_after=None
[2023-11-03T19:59:13.920+0000] {processor.py:179} INFO - Processing /home/airflow/.local/lib/python3.8/site-packages/airflow/example_dags/example_params_ui_tutorial.py took 0.522 seconds
[2023-11-03T19:59:44.401+0000] {processor.py:157} INFO - Started process (PID=35548) to work on /home/airflow/.local/lib/python3.8/site-packages/airflow/example_dags/example_params_ui_tutorial.py
[2023-11-03T19:59:44.405+0000] {processor.py:829} INFO - Processing file /home/airflow/.local/lib/python3.8/site-packages/airflow/example_dags/example_params_ui_tutorial.py for tasks to queue
[2023-11-03T19:59:44.414+0000] {logging_mixin.py:151} INFO - [2023-11-03T19:59:44.413+0000] {dagbag.py:536} INFO - Filling up the DagBag from /home/airflow/.local/lib/python3.8/site-packages/airflow/example_dags/example_params_ui_tutorial.py
[2023-11-03T19:59:44.540+0000] {processor.py:839} INFO - DAG(s) dict_keys(['example_params_ui_tutorial']) retrieved from /home/airflow/.local/lib/python3.8/site-packages/airflow/example_dags/example_params_ui_tutorial.py
[2023-11-03T19:59:44.694+0000] {logging_mixin.py:151} INFO - [2023-11-03T19:59:44.693+0000] {dag.py:2941} INFO - Sync 1 DAGs
[2023-11-03T19:59:44.747+0000] {logging_mixin.py:151} INFO - [2023-11-03T19:59:44.746+0000] {dag.py:3722} INFO - Setting next_dagrun for example_params_ui_tutorial to None, run_after=None
[2023-11-03T19:59:44.809+0000] {processor.py:179} INFO - Processing /home/airflow/.local/lib/python3.8/site-packages/airflow/example_dags/example_params_ui_tutorial.py took 0.424 seconds
[2023-11-03T20:00:15.277+0000] {processor.py:157} INFO - Started process (PID=35610) to work on /home/airflow/.local/lib/python3.8/site-packages/airflow/example_dags/example_params_ui_tutorial.py
[2023-11-03T20:00:15.281+0000] {processor.py:829} INFO - Processing file /home/airflow/.local/lib/python3.8/site-packages/airflow/example_dags/example_params_ui_tutorial.py for tasks to queue
[2023-11-03T20:00:15.289+0000] {logging_mixin.py:151} INFO - [2023-11-03T20:00:15.288+0000] {dagbag.py:536} INFO - Filling up the DagBag from /home/airflow/.local/lib/python3.8/site-packages/airflow/example_dags/example_params_ui_tutorial.py
[2023-11-03T20:00:15.401+0000] {processor.py:839} INFO - DAG(s) dict_keys(['example_params_ui_tutorial']) retrieved from /home/airflow/.local/lib/python3.8/site-packages/airflow/example_dags/example_params_ui_tutorial.py
[2023-11-03T20:00:15.528+0000] {logging_mixin.py:151} INFO - [2023-11-03T20:00:15.528+0000] {dag.py:2941} INFO - Sync 1 DAGs
[2023-11-03T20:00:15.564+0000] {logging_mixin.py:151} INFO - [2023-11-03T20:00:15.564+0000] {dag.py:3722} INFO - Setting next_dagrun for example_params_ui_tutorial to None, run_after=None
[2023-11-03T20:00:15.629+0000] {processor.py:179} INFO - Processing /home/airflow/.local/lib/python3.8/site-packages/airflow/example_dags/example_params_ui_tutorial.py took 0.363 seconds
[2023-11-03T20:00:46.490+0000] {processor.py:157} INFO - Started process (PID=35672) to work on /home/airflow/.local/lib/python3.8/site-packages/airflow/example_dags/example_params_ui_tutorial.py
[2023-11-03T20:00:46.494+0000] {processor.py:829} INFO - Processing file /home/airflow/.local/lib/python3.8/site-packages/airflow/example_dags/example_params_ui_tutorial.py for tasks to queue
[2023-11-03T20:00:46.503+0000] {logging_mixin.py:151} INFO - [2023-11-03T20:00:46.501+0000] {dagbag.py:536} INFO - Filling up the DagBag from /home/airflow/.local/lib/python3.8/site-packages/airflow/example_dags/example_params_ui_tutorial.py
[2023-11-03T20:00:46.604+0000] {processor.py:839} INFO - DAG(s) dict_keys(['example_params_ui_tutorial']) retrieved from /home/airflow/.local/lib/python3.8/site-packages/airflow/example_dags/example_params_ui_tutorial.py
[2023-11-03T20:00:46.764+0000] {logging_mixin.py:151} INFO - [2023-11-03T20:00:46.763+0000] {dag.py:2941} INFO - Sync 1 DAGs
[2023-11-03T20:00:46.804+0000] {logging_mixin.py:151} INFO - [2023-11-03T20:00:46.804+0000] {dag.py:3722} INFO - Setting next_dagrun for example_params_ui_tutorial to None, run_after=None
[2023-11-03T20:00:46.872+0000] {processor.py:179} INFO - Processing /home/airflow/.local/lib/python3.8/site-packages/airflow/example_dags/example_params_ui_tutorial.py took 0.396 seconds
[2023-11-03T20:01:17.710+0000] {processor.py:157} INFO - Started process (PID=35734) to work on /home/airflow/.local/lib/python3.8/site-packages/airflow/example_dags/example_params_ui_tutorial.py
[2023-11-03T20:01:17.733+0000] {processor.py:829} INFO - Processing file /home/airflow/.local/lib/python3.8/site-packages/airflow/example_dags/example_params_ui_tutorial.py for tasks to queue
[2023-11-03T20:01:17.748+0000] {logging_mixin.py:151} INFO - [2023-11-03T20:01:17.747+0000] {dagbag.py:536} INFO - Filling up the DagBag from /home/airflow/.local/lib/python3.8/site-packages/airflow/example_dags/example_params_ui_tutorial.py
[2023-11-03T20:01:17.945+0000] {processor.py:839} INFO - DAG(s) dict_keys(['example_params_ui_tutorial']) retrieved from /home/airflow/.local/lib/python3.8/site-packages/airflow/example_dags/example_params_ui_tutorial.py
[2023-11-03T20:01:18.140+0000] {logging_mixin.py:151} INFO - [2023-11-03T20:01:18.139+0000] {dag.py:2941} INFO - Sync 1 DAGs
[2023-11-03T20:01:18.174+0000] {logging_mixin.py:151} INFO - [2023-11-03T20:01:18.174+0000] {dag.py:3722} INFO - Setting next_dagrun for example_params_ui_tutorial to None, run_after=None
[2023-11-03T20:01:18.250+0000] {processor.py:179} INFO - Processing /home/airflow/.local/lib/python3.8/site-packages/airflow/example_dags/example_params_ui_tutorial.py took 0.553 seconds
[2023-11-03T20:01:49.095+0000] {processor.py:157} INFO - Started process (PID=35796) to work on /home/airflow/.local/lib/python3.8/site-packages/airflow/example_dags/example_params_ui_tutorial.py
[2023-11-03T20:01:49.098+0000] {processor.py:829} INFO - Processing file /home/airflow/.local/lib/python3.8/site-packages/airflow/example_dags/example_params_ui_tutorial.py for tasks to queue
[2023-11-03T20:01:49.106+0000] {logging_mixin.py:151} INFO - [2023-11-03T20:01:49.104+0000] {dagbag.py:536} INFO - Filling up the DagBag from /home/airflow/.local/lib/python3.8/site-packages/airflow/example_dags/example_params_ui_tutorial.py
[2023-11-03T20:01:49.216+0000] {processor.py:839} INFO - DAG(s) dict_keys(['example_params_ui_tutorial']) retrieved from /home/airflow/.local/lib/python3.8/site-packages/airflow/example_dags/example_params_ui_tutorial.py
[2023-11-03T20:01:49.358+0000] {logging_mixin.py:151} INFO - [2023-11-03T20:01:49.358+0000] {dag.py:2941} INFO - Sync 1 DAGs
[2023-11-03T20:01:49.389+0000] {logging_mixin.py:151} INFO - [2023-11-03T20:01:49.388+0000] {dag.py:3722} INFO - Setting next_dagrun for example_params_ui_tutorial to None, run_after=None
[2023-11-03T20:01:49.458+0000] {processor.py:179} INFO - Processing /home/airflow/.local/lib/python3.8/site-packages/airflow/example_dags/example_params_ui_tutorial.py took 0.371 seconds
[2023-11-03T20:02:19.648+0000] {processor.py:157} INFO - Started process (PID=35858) to work on /home/airflow/.local/lib/python3.8/site-packages/airflow/example_dags/example_params_ui_tutorial.py
[2023-11-03T20:02:19.651+0000] {processor.py:829} INFO - Processing file /home/airflow/.local/lib/python3.8/site-packages/airflow/example_dags/example_params_ui_tutorial.py for tasks to queue
[2023-11-03T20:02:19.659+0000] {logging_mixin.py:151} INFO - [2023-11-03T20:02:19.658+0000] {dagbag.py:536} INFO - Filling up the DagBag from /home/airflow/.local/lib/python3.8/site-packages/airflow/example_dags/example_params_ui_tutorial.py
[2023-11-03T20:02:19.754+0000] {processor.py:839} INFO - DAG(s) dict_keys(['example_params_ui_tutorial']) retrieved from /home/airflow/.local/lib/python3.8/site-packages/airflow/example_dags/example_params_ui_tutorial.py
[2023-11-03T20:02:19.882+0000] {logging_mixin.py:151} INFO - [2023-11-03T20:02:19.882+0000] {dag.py:2941} INFO - Sync 1 DAGs
[2023-11-03T20:02:19.918+0000] {logging_mixin.py:151} INFO - [2023-11-03T20:02:19.917+0000] {dag.py:3722} INFO - Setting next_dagrun for example_params_ui_tutorial to None, run_after=None
[2023-11-03T20:02:19.988+0000] {processor.py:179} INFO - Processing /home/airflow/.local/lib/python3.8/site-packages/airflow/example_dags/example_params_ui_tutorial.py took 0.348 seconds
[2023-11-03T20:02:50.688+0000] {processor.py:157} INFO - Started process (PID=35920) to work on /home/airflow/.local/lib/python3.8/site-packages/airflow/example_dags/example_params_ui_tutorial.py
[2023-11-03T20:02:50.691+0000] {processor.py:829} INFO - Processing file /home/airflow/.local/lib/python3.8/site-packages/airflow/example_dags/example_params_ui_tutorial.py for tasks to queue
[2023-11-03T20:02:50.700+0000] {logging_mixin.py:151} INFO - [2023-11-03T20:02:50.699+0000] {dagbag.py:536} INFO - Filling up the DagBag from /home/airflow/.local/lib/python3.8/site-packages/airflow/example_dags/example_params_ui_tutorial.py
[2023-11-03T20:02:50.794+0000] {processor.py:839} INFO - DAG(s) dict_keys(['example_params_ui_tutorial']) retrieved from /home/airflow/.local/lib/python3.8/site-packages/airflow/example_dags/example_params_ui_tutorial.py
[2023-11-03T20:02:50.936+0000] {logging_mixin.py:151} INFO - [2023-11-03T20:02:50.935+0000] {dag.py:2941} INFO - Sync 1 DAGs
[2023-11-03T20:02:50.975+0000] {logging_mixin.py:151} INFO - [2023-11-03T20:02:50.974+0000] {dag.py:3722} INFO - Setting next_dagrun for example_params_ui_tutorial to None, run_after=None
[2023-11-03T20:02:51.034+0000] {processor.py:179} INFO - Processing /home/airflow/.local/lib/python3.8/site-packages/airflow/example_dags/example_params_ui_tutorial.py took 0.355 seconds
[2023-11-03T20:03:21.500+0000] {processor.py:157} INFO - Started process (PID=35983) to work on /home/airflow/.local/lib/python3.8/site-packages/airflow/example_dags/example_params_ui_tutorial.py
[2023-11-03T20:03:21.503+0000] {processor.py:829} INFO - Processing file /home/airflow/.local/lib/python3.8/site-packages/airflow/example_dags/example_params_ui_tutorial.py for tasks to queue
[2023-11-03T20:03:21.511+0000] {logging_mixin.py:151} INFO - [2023-11-03T20:03:21.510+0000] {dagbag.py:536} INFO - Filling up the DagBag from /home/airflow/.local/lib/python3.8/site-packages/airflow/example_dags/example_params_ui_tutorial.py
[2023-11-03T20:03:21.607+0000] {processor.py:839} INFO - DAG(s) dict_keys(['example_params_ui_tutorial']) retrieved from /home/airflow/.local/lib/python3.8/site-packages/airflow/example_dags/example_params_ui_tutorial.py
[2023-11-03T20:03:21.759+0000] {logging_mixin.py:151} INFO - [2023-11-03T20:03:21.758+0000] {dag.py:2941} INFO - Sync 1 DAGs
[2023-11-03T20:03:21.819+0000] {logging_mixin.py:151} INFO - [2023-11-03T20:03:21.818+0000] {dag.py:3722} INFO - Setting next_dagrun for example_params_ui_tutorial to None, run_after=None
[2023-11-03T20:03:21.954+0000] {processor.py:179} INFO - Processing /home/airflow/.local/lib/python3.8/site-packages/airflow/example_dags/example_params_ui_tutorial.py took 0.466 seconds
[2023-11-03T20:03:52.269+0000] {processor.py:157} INFO - Started process (PID=36047) to work on /home/airflow/.local/lib/python3.8/site-packages/airflow/example_dags/example_params_ui_tutorial.py
[2023-11-03T20:03:52.271+0000] {processor.py:829} INFO - Processing file /home/airflow/.local/lib/python3.8/site-packages/airflow/example_dags/example_params_ui_tutorial.py for tasks to queue
[2023-11-03T20:03:52.280+0000] {logging_mixin.py:151} INFO - [2023-11-03T20:03:52.279+0000] {dagbag.py:536} INFO - Filling up the DagBag from /home/airflow/.local/lib/python3.8/site-packages/airflow/example_dags/example_params_ui_tutorial.py
[2023-11-03T20:03:52.366+0000] {processor.py:839} INFO - DAG(s) dict_keys(['example_params_ui_tutorial']) retrieved from /home/airflow/.local/lib/python3.8/site-packages/airflow/example_dags/example_params_ui_tutorial.py
[2023-11-03T20:03:52.487+0000] {logging_mixin.py:151} INFO - [2023-11-03T20:03:52.487+0000] {dag.py:2941} INFO - Sync 1 DAGs
[2023-11-03T20:03:52.517+0000] {logging_mixin.py:151} INFO - [2023-11-03T20:03:52.516+0000] {dag.py:3722} INFO - Setting next_dagrun for example_params_ui_tutorial to None, run_after=None
[2023-11-03T20:03:52.574+0000] {processor.py:179} INFO - Processing /home/airflow/.local/lib/python3.8/site-packages/airflow/example_dags/example_params_ui_tutorial.py took 0.317 seconds
[2023-11-03T20:04:23.508+0000] {processor.py:157} INFO - Started process (PID=36108) to work on /home/airflow/.local/lib/python3.8/site-packages/airflow/example_dags/example_params_ui_tutorial.py
[2023-11-03T20:04:23.511+0000] {processor.py:829} INFO - Processing file /home/airflow/.local/lib/python3.8/site-packages/airflow/example_dags/example_params_ui_tutorial.py for tasks to queue
[2023-11-03T20:04:23.519+0000] {logging_mixin.py:151} INFO - [2023-11-03T20:04:23.518+0000] {dagbag.py:536} INFO - Filling up the DagBag from /home/airflow/.local/lib/python3.8/site-packages/airflow/example_dags/example_params_ui_tutorial.py
[2023-11-03T20:04:23.618+0000] {processor.py:839} INFO - DAG(s) dict_keys(['example_params_ui_tutorial']) retrieved from /home/airflow/.local/lib/python3.8/site-packages/airflow/example_dags/example_params_ui_tutorial.py
[2023-11-03T20:04:23.786+0000] {logging_mixin.py:151} INFO - [2023-11-03T20:04:23.785+0000] {dag.py:2941} INFO - Sync 1 DAGs
[2023-11-03T20:04:23.826+0000] {logging_mixin.py:151} INFO - [2023-11-03T20:04:23.825+0000] {dag.py:3722} INFO - Setting next_dagrun for example_params_ui_tutorial to None, run_after=None
[2023-11-03T20:04:23.881+0000] {processor.py:179} INFO - Processing /home/airflow/.local/lib/python3.8/site-packages/airflow/example_dags/example_params_ui_tutorial.py took 0.384 seconds
[2023-11-03T20:04:54.500+0000] {processor.py:157} INFO - Started process (PID=36171) to work on /home/airflow/.local/lib/python3.8/site-packages/airflow/example_dags/example_params_ui_tutorial.py
[2023-11-03T20:04:54.502+0000] {processor.py:829} INFO - Processing file /home/airflow/.local/lib/python3.8/site-packages/airflow/example_dags/example_params_ui_tutorial.py for tasks to queue
[2023-11-03T20:04:54.513+0000] {logging_mixin.py:151} INFO - [2023-11-03T20:04:54.511+0000] {dagbag.py:536} INFO - Filling up the DagBag from /home/airflow/.local/lib/python3.8/site-packages/airflow/example_dags/example_params_ui_tutorial.py
[2023-11-03T20:04:54.642+0000] {processor.py:839} INFO - DAG(s) dict_keys(['example_params_ui_tutorial']) retrieved from /home/airflow/.local/lib/python3.8/site-packages/airflow/example_dags/example_params_ui_tutorial.py
[2023-11-03T20:04:54.865+0000] {logging_mixin.py:151} INFO - [2023-11-03T20:04:54.864+0000] {dag.py:2941} INFO - Sync 1 DAGs
[2023-11-03T20:04:54.903+0000] {logging_mixin.py:151} INFO - [2023-11-03T20:04:54.902+0000] {dag.py:3722} INFO - Setting next_dagrun for example_params_ui_tutorial to None, run_after=None
[2023-11-03T20:04:54.971+0000] {processor.py:179} INFO - Processing /home/airflow/.local/lib/python3.8/site-packages/airflow/example_dags/example_params_ui_tutorial.py took 0.479 seconds
[2023-11-03T20:05:25.087+0000] {processor.py:157} INFO - Started process (PID=36232) to work on /home/airflow/.local/lib/python3.8/site-packages/airflow/example_dags/example_params_ui_tutorial.py
[2023-11-03T20:05:25.091+0000] {processor.py:829} INFO - Processing file /home/airflow/.local/lib/python3.8/site-packages/airflow/example_dags/example_params_ui_tutorial.py for tasks to queue
[2023-11-03T20:05:25.101+0000] {logging_mixin.py:151} INFO - [2023-11-03T20:05:25.099+0000] {dagbag.py:536} INFO - Filling up the DagBag from /home/airflow/.local/lib/python3.8/site-packages/airflow/example_dags/example_params_ui_tutorial.py
[2023-11-03T20:05:25.218+0000] {processor.py:839} INFO - DAG(s) dict_keys(['example_params_ui_tutorial']) retrieved from /home/airflow/.local/lib/python3.8/site-packages/airflow/example_dags/example_params_ui_tutorial.py
[2023-11-03T20:05:25.343+0000] {logging_mixin.py:151} INFO - [2023-11-03T20:05:25.342+0000] {dag.py:2941} INFO - Sync 1 DAGs
[2023-11-03T20:05:25.373+0000] {logging_mixin.py:151} INFO - [2023-11-03T20:05:25.372+0000] {dag.py:3722} INFO - Setting next_dagrun for example_params_ui_tutorial to None, run_after=None
[2023-11-03T20:05:25.433+0000] {processor.py:179} INFO - Processing /home/airflow/.local/lib/python3.8/site-packages/airflow/example_dags/example_params_ui_tutorial.py took 0.357 seconds
[2023-11-03T20:05:55.676+0000] {processor.py:157} INFO - Started process (PID=36294) to work on /home/airflow/.local/lib/python3.8/site-packages/airflow/example_dags/example_params_ui_tutorial.py
[2023-11-03T20:05:55.679+0000] {processor.py:829} INFO - Processing file /home/airflow/.local/lib/python3.8/site-packages/airflow/example_dags/example_params_ui_tutorial.py for tasks to queue
[2023-11-03T20:05:55.688+0000] {logging_mixin.py:151} INFO - [2023-11-03T20:05:55.686+0000] {dagbag.py:536} INFO - Filling up the DagBag from /home/airflow/.local/lib/python3.8/site-packages/airflow/example_dags/example_params_ui_tutorial.py
[2023-11-03T20:05:55.860+0000] {processor.py:839} INFO - DAG(s) dict_keys(['example_params_ui_tutorial']) retrieved from /home/airflow/.local/lib/python3.8/site-packages/airflow/example_dags/example_params_ui_tutorial.py
[2023-11-03T20:05:56.084+0000] {logging_mixin.py:151} INFO - [2023-11-03T20:05:56.084+0000] {dag.py:2941} INFO - Sync 1 DAGs
[2023-11-03T20:05:56.118+0000] {logging_mixin.py:151} INFO - [2023-11-03T20:05:56.118+0000] {dag.py:3722} INFO - Setting next_dagrun for example_params_ui_tutorial to None, run_after=None
[2023-11-03T20:05:56.183+0000] {processor.py:179} INFO - Processing /home/airflow/.local/lib/python3.8/site-packages/airflow/example_dags/example_params_ui_tutorial.py took 0.517 seconds
