[2023-11-03T19:42:45.267+0000] {processor.py:157} INFO - Started process (PID=33496) to work on /home/airflow/.local/lib/python3.8/site-packages/airflow/example_dags/example_xcomargs.py
[2023-11-03T19:42:45.270+0000] {processor.py:829} INFO - Processing file /home/airflow/.local/lib/python3.8/site-packages/airflow/example_dags/example_xcomargs.py for tasks to queue
[2023-11-03T19:42:45.276+0000] {logging_mixin.py:151} INFO - [2023-11-03T19:42:45.275+0000] {dagbag.py:536} INFO - Filling up the DagBag from /home/airflow/.local/lib/python3.8/site-packages/airflow/example_dags/example_xcomargs.py
[2023-11-03T19:42:45.300+0000] {processor.py:839} INFO - DAG(s) dict_keys(['example_xcom_args_with_operators', 'example_xcom_args']) retrieved from /home/airflow/.local/lib/python3.8/site-packages/airflow/example_dags/example_xcomargs.py
[2023-11-03T19:42:45.368+0000] {logging_mixin.py:151} INFO - [2023-11-03T19:42:45.367+0000] {dag.py:2941} INFO - Sync 2 DAGs
[2023-11-03T19:42:45.402+0000] {logging_mixin.py:151} INFO - [2023-11-03T19:42:45.401+0000] {dag.py:3722} INFO - Setting next_dagrun for example_xcom_args to None, run_after=None
[2023-11-03T19:42:45.413+0000] {logging_mixin.py:151} INFO - [2023-11-03T19:42:45.413+0000] {dag.py:3722} INFO - Setting next_dagrun for example_xcom_args_with_operators to None, run_after=None
[2023-11-03T19:42:45.469+0000] {processor.py:179} INFO - Processing /home/airflow/.local/lib/python3.8/site-packages/airflow/example_dags/example_xcomargs.py took 0.208 seconds
[2023-11-03T19:43:15.840+0000] {processor.py:157} INFO - Started process (PID=33558) to work on /home/airflow/.local/lib/python3.8/site-packages/airflow/example_dags/example_xcomargs.py
[2023-11-03T19:43:15.847+0000] {processor.py:829} INFO - Processing file /home/airflow/.local/lib/python3.8/site-packages/airflow/example_dags/example_xcomargs.py for tasks to queue
[2023-11-03T19:43:15.874+0000] {logging_mixin.py:151} INFO - [2023-11-03T19:43:15.872+0000] {dagbag.py:536} INFO - Filling up the DagBag from /home/airflow/.local/lib/python3.8/site-packages/airflow/example_dags/example_xcomargs.py
[2023-11-03T19:43:15.960+0000] {processor.py:839} INFO - DAG(s) dict_keys(['example_xcom_args_with_operators', 'example_xcom_args']) retrieved from /home/airflow/.local/lib/python3.8/site-packages/airflow/example_dags/example_xcomargs.py
[2023-11-03T19:43:16.119+0000] {logging_mixin.py:151} INFO - [2023-11-03T19:43:16.118+0000] {dag.py:2941} INFO - Sync 2 DAGs
[2023-11-03T19:43:16.201+0000] {logging_mixin.py:151} INFO - [2023-11-03T19:43:16.201+0000] {dag.py:3722} INFO - Setting next_dagrun for example_xcom_args to None, run_after=None
[2023-11-03T19:43:16.231+0000] {logging_mixin.py:151} INFO - [2023-11-03T19:43:16.230+0000] {dag.py:3722} INFO - Setting next_dagrun for example_xcom_args_with_operators to None, run_after=None
[2023-11-03T19:43:16.310+0000] {processor.py:179} INFO - Processing /home/airflow/.local/lib/python3.8/site-packages/airflow/example_dags/example_xcomargs.py took 0.493 seconds
[2023-11-03T19:43:47.093+0000] {processor.py:157} INFO - Started process (PID=33620) to work on /home/airflow/.local/lib/python3.8/site-packages/airflow/example_dags/example_xcomargs.py
[2023-11-03T19:43:47.096+0000] {processor.py:829} INFO - Processing file /home/airflow/.local/lib/python3.8/site-packages/airflow/example_dags/example_xcomargs.py for tasks to queue
[2023-11-03T19:43:47.104+0000] {logging_mixin.py:151} INFO - [2023-11-03T19:43:47.103+0000] {dagbag.py:536} INFO - Filling up the DagBag from /home/airflow/.local/lib/python3.8/site-packages/airflow/example_dags/example_xcomargs.py
[2023-11-03T19:43:47.136+0000] {processor.py:839} INFO - DAG(s) dict_keys(['example_xcom_args_with_operators', 'example_xcom_args']) retrieved from /home/airflow/.local/lib/python3.8/site-packages/airflow/example_dags/example_xcomargs.py
[2023-11-03T19:43:47.228+0000] {logging_mixin.py:151} INFO - [2023-11-03T19:43:47.228+0000] {dag.py:2941} INFO - Sync 2 DAGs
[2023-11-03T19:43:47.284+0000] {logging_mixin.py:151} INFO - [2023-11-03T19:43:47.283+0000] {dag.py:3722} INFO - Setting next_dagrun for example_xcom_args to None, run_after=None
[2023-11-03T19:43:47.314+0000] {logging_mixin.py:151} INFO - [2023-11-03T19:43:47.313+0000] {dag.py:3722} INFO - Setting next_dagrun for example_xcom_args_with_operators to None, run_after=None
[2023-11-03T19:43:47.383+0000] {processor.py:179} INFO - Processing /home/airflow/.local/lib/python3.8/site-packages/airflow/example_dags/example_xcomargs.py took 0.299 seconds
[2023-11-03T19:44:17.948+0000] {processor.py:157} INFO - Started process (PID=33682) to work on /home/airflow/.local/lib/python3.8/site-packages/airflow/example_dags/example_xcomargs.py
[2023-11-03T19:44:17.951+0000] {processor.py:829} INFO - Processing file /home/airflow/.local/lib/python3.8/site-packages/airflow/example_dags/example_xcomargs.py for tasks to queue
[2023-11-03T19:44:17.958+0000] {logging_mixin.py:151} INFO - [2023-11-03T19:44:17.957+0000] {dagbag.py:536} INFO - Filling up the DagBag from /home/airflow/.local/lib/python3.8/site-packages/airflow/example_dags/example_xcomargs.py
[2023-11-03T19:44:17.984+0000] {processor.py:839} INFO - DAG(s) dict_keys(['example_xcom_args', 'example_xcom_args_with_operators']) retrieved from /home/airflow/.local/lib/python3.8/site-packages/airflow/example_dags/example_xcomargs.py
[2023-11-03T19:44:18.052+0000] {logging_mixin.py:151} INFO - [2023-11-03T19:44:18.051+0000] {dag.py:2941} INFO - Sync 2 DAGs
[2023-11-03T19:44:18.089+0000] {logging_mixin.py:151} INFO - [2023-11-03T19:44:18.088+0000] {dag.py:3722} INFO - Setting next_dagrun for example_xcom_args to None, run_after=None
[2023-11-03T19:44:18.100+0000] {logging_mixin.py:151} INFO - [2023-11-03T19:44:18.100+0000] {dag.py:3722} INFO - Setting next_dagrun for example_xcom_args_with_operators to None, run_after=None
[2023-11-03T19:44:18.151+0000] {processor.py:179} INFO - Processing /home/airflow/.local/lib/python3.8/site-packages/airflow/example_dags/example_xcomargs.py took 0.212 seconds
[2023-11-03T19:44:48.940+0000] {processor.py:157} INFO - Started process (PID=33744) to work on /home/airflow/.local/lib/python3.8/site-packages/airflow/example_dags/example_xcomargs.py
[2023-11-03T19:44:48.943+0000] {processor.py:829} INFO - Processing file /home/airflow/.local/lib/python3.8/site-packages/airflow/example_dags/example_xcomargs.py for tasks to queue
[2023-11-03T19:44:48.953+0000] {logging_mixin.py:151} INFO - [2023-11-03T19:44:48.951+0000] {dagbag.py:536} INFO - Filling up the DagBag from /home/airflow/.local/lib/python3.8/site-packages/airflow/example_dags/example_xcomargs.py
[2023-11-03T19:44:48.983+0000] {processor.py:839} INFO - DAG(s) dict_keys(['example_xcom_args', 'example_xcom_args_with_operators']) retrieved from /home/airflow/.local/lib/python3.8/site-packages/airflow/example_dags/example_xcomargs.py
[2023-11-03T19:44:49.057+0000] {logging_mixin.py:151} INFO - [2023-11-03T19:44:49.056+0000] {dag.py:2941} INFO - Sync 2 DAGs
[2023-11-03T19:44:49.093+0000] {logging_mixin.py:151} INFO - [2023-11-03T19:44:49.092+0000] {dag.py:3722} INFO - Setting next_dagrun for example_xcom_args to None, run_after=None
[2023-11-03T19:44:49.104+0000] {logging_mixin.py:151} INFO - [2023-11-03T19:44:49.103+0000] {dag.py:3722} INFO - Setting next_dagrun for example_xcom_args_with_operators to None, run_after=None
[2023-11-03T19:44:49.171+0000] {processor.py:179} INFO - Processing /home/airflow/.local/lib/python3.8/site-packages/airflow/example_dags/example_xcomargs.py took 0.244 seconds
[2023-11-03T19:45:19.605+0000] {processor.py:157} INFO - Started process (PID=33807) to work on /home/airflow/.local/lib/python3.8/site-packages/airflow/example_dags/example_xcomargs.py
[2023-11-03T19:45:19.609+0000] {processor.py:829} INFO - Processing file /home/airflow/.local/lib/python3.8/site-packages/airflow/example_dags/example_xcomargs.py for tasks to queue
[2023-11-03T19:45:19.619+0000] {logging_mixin.py:151} INFO - [2023-11-03T19:45:19.617+0000] {dagbag.py:536} INFO - Filling up the DagBag from /home/airflow/.local/lib/python3.8/site-packages/airflow/example_dags/example_xcomargs.py
[2023-11-03T19:45:19.643+0000] {processor.py:839} INFO - DAG(s) dict_keys(['example_xcom_args_with_operators', 'example_xcom_args']) retrieved from /home/airflow/.local/lib/python3.8/site-packages/airflow/example_dags/example_xcomargs.py
[2023-11-03T19:45:19.709+0000] {logging_mixin.py:151} INFO - [2023-11-03T19:45:19.708+0000] {dag.py:2941} INFO - Sync 2 DAGs
[2023-11-03T19:45:19.745+0000] {logging_mixin.py:151} INFO - [2023-11-03T19:45:19.745+0000] {dag.py:3722} INFO - Setting next_dagrun for example_xcom_args to None, run_after=None
[2023-11-03T19:45:19.757+0000] {logging_mixin.py:151} INFO - [2023-11-03T19:45:19.756+0000] {dag.py:3722} INFO - Setting next_dagrun for example_xcom_args_with_operators to None, run_after=None
[2023-11-03T19:45:19.812+0000] {processor.py:179} INFO - Processing /home/airflow/.local/lib/python3.8/site-packages/airflow/example_dags/example_xcomargs.py took 0.218 seconds
[2023-11-03T19:45:50.531+0000] {processor.py:157} INFO - Started process (PID=33869) to work on /home/airflow/.local/lib/python3.8/site-packages/airflow/example_dags/example_xcomargs.py
[2023-11-03T19:45:50.534+0000] {processor.py:829} INFO - Processing file /home/airflow/.local/lib/python3.8/site-packages/airflow/example_dags/example_xcomargs.py for tasks to queue
[2023-11-03T19:45:50.541+0000] {logging_mixin.py:151} INFO - [2023-11-03T19:45:50.540+0000] {dagbag.py:536} INFO - Filling up the DagBag from /home/airflow/.local/lib/python3.8/site-packages/airflow/example_dags/example_xcomargs.py
[2023-11-03T19:45:50.562+0000] {processor.py:839} INFO - DAG(s) dict_keys(['example_xcom_args', 'example_xcom_args_with_operators']) retrieved from /home/airflow/.local/lib/python3.8/site-packages/airflow/example_dags/example_xcomargs.py
[2023-11-03T19:45:50.633+0000] {logging_mixin.py:151} INFO - [2023-11-03T19:45:50.632+0000] {dag.py:2941} INFO - Sync 2 DAGs
[2023-11-03T19:45:50.676+0000] {logging_mixin.py:151} INFO - [2023-11-03T19:45:50.675+0000] {dag.py:3722} INFO - Setting next_dagrun for example_xcom_args to None, run_after=None
[2023-11-03T19:45:50.687+0000] {logging_mixin.py:151} INFO - [2023-11-03T19:45:50.686+0000] {dag.py:3722} INFO - Setting next_dagrun for example_xcom_args_with_operators to None, run_after=None
[2023-11-03T19:45:50.740+0000] {processor.py:179} INFO - Processing /home/airflow/.local/lib/python3.8/site-packages/airflow/example_dags/example_xcomargs.py took 0.215 seconds
[2023-11-03T19:46:21.121+0000] {processor.py:157} INFO - Started process (PID=33931) to work on /home/airflow/.local/lib/python3.8/site-packages/airflow/example_dags/example_xcomargs.py
[2023-11-03T19:46:21.123+0000] {processor.py:829} INFO - Processing file /home/airflow/.local/lib/python3.8/site-packages/airflow/example_dags/example_xcomargs.py for tasks to queue
[2023-11-03T19:46:21.130+0000] {logging_mixin.py:151} INFO - [2023-11-03T19:46:21.128+0000] {dagbag.py:536} INFO - Filling up the DagBag from /home/airflow/.local/lib/python3.8/site-packages/airflow/example_dags/example_xcomargs.py
[2023-11-03T19:46:21.157+0000] {processor.py:839} INFO - DAG(s) dict_keys(['example_xcom_args_with_operators', 'example_xcom_args']) retrieved from /home/airflow/.local/lib/python3.8/site-packages/airflow/example_dags/example_xcomargs.py
[2023-11-03T19:46:21.239+0000] {logging_mixin.py:151} INFO - [2023-11-03T19:46:21.238+0000] {dag.py:2941} INFO - Sync 2 DAGs
[2023-11-03T19:46:21.285+0000] {logging_mixin.py:151} INFO - [2023-11-03T19:46:21.284+0000] {dag.py:3722} INFO - Setting next_dagrun for example_xcom_args to None, run_after=None
[2023-11-03T19:46:21.297+0000] {logging_mixin.py:151} INFO - [2023-11-03T19:46:21.296+0000] {dag.py:3722} INFO - Setting next_dagrun for example_xcom_args_with_operators to None, run_after=None
[2023-11-03T19:46:21.354+0000] {processor.py:179} INFO - Processing /home/airflow/.local/lib/python3.8/site-packages/airflow/example_dags/example_xcomargs.py took 0.240 seconds
[2023-11-03T19:46:51.807+0000] {processor.py:157} INFO - Started process (PID=33993) to work on /home/airflow/.local/lib/python3.8/site-packages/airflow/example_dags/example_xcomargs.py
[2023-11-03T19:46:51.810+0000] {processor.py:829} INFO - Processing file /home/airflow/.local/lib/python3.8/site-packages/airflow/example_dags/example_xcomargs.py for tasks to queue
[2023-11-03T19:46:51.818+0000] {logging_mixin.py:151} INFO - [2023-11-03T19:46:51.816+0000] {dagbag.py:536} INFO - Filling up the DagBag from /home/airflow/.local/lib/python3.8/site-packages/airflow/example_dags/example_xcomargs.py
[2023-11-03T19:46:51.840+0000] {processor.py:839} INFO - DAG(s) dict_keys(['example_xcom_args_with_operators', 'example_xcom_args']) retrieved from /home/airflow/.local/lib/python3.8/site-packages/airflow/example_dags/example_xcomargs.py
[2023-11-03T19:46:51.912+0000] {logging_mixin.py:151} INFO - [2023-11-03T19:46:51.911+0000] {dag.py:2941} INFO - Sync 2 DAGs
[2023-11-03T19:46:51.948+0000] {logging_mixin.py:151} INFO - [2023-11-03T19:46:51.948+0000] {dag.py:3722} INFO - Setting next_dagrun for example_xcom_args to None, run_after=None
[2023-11-03T19:46:51.963+0000] {logging_mixin.py:151} INFO - [2023-11-03T19:46:51.962+0000] {dag.py:3722} INFO - Setting next_dagrun for example_xcom_args_with_operators to None, run_after=None
[2023-11-03T19:46:52.019+0000] {processor.py:179} INFO - Processing /home/airflow/.local/lib/python3.8/site-packages/airflow/example_dags/example_xcomargs.py took 0.220 seconds
[2023-11-03T19:47:23.198+0000] {processor.py:157} INFO - Started process (PID=34055) to work on /home/airflow/.local/lib/python3.8/site-packages/airflow/example_dags/example_xcomargs.py
[2023-11-03T19:47:23.201+0000] {processor.py:829} INFO - Processing file /home/airflow/.local/lib/python3.8/site-packages/airflow/example_dags/example_xcomargs.py for tasks to queue
[2023-11-03T19:47:23.209+0000] {logging_mixin.py:151} INFO - [2023-11-03T19:47:23.208+0000] {dagbag.py:536} INFO - Filling up the DagBag from /home/airflow/.local/lib/python3.8/site-packages/airflow/example_dags/example_xcomargs.py
[2023-11-03T19:47:23.232+0000] {processor.py:839} INFO - DAG(s) dict_keys(['example_xcom_args', 'example_xcom_args_with_operators']) retrieved from /home/airflow/.local/lib/python3.8/site-packages/airflow/example_dags/example_xcomargs.py
[2023-11-03T19:47:23.301+0000] {logging_mixin.py:151} INFO - [2023-11-03T19:47:23.300+0000] {dag.py:2941} INFO - Sync 2 DAGs
[2023-11-03T19:47:23.338+0000] {logging_mixin.py:151} INFO - [2023-11-03T19:47:23.337+0000] {dag.py:3722} INFO - Setting next_dagrun for example_xcom_args to None, run_after=None
[2023-11-03T19:47:23.350+0000] {logging_mixin.py:151} INFO - [2023-11-03T19:47:23.349+0000] {dag.py:3722} INFO - Setting next_dagrun for example_xcom_args_with_operators to None, run_after=None
[2023-11-03T19:47:23.411+0000] {processor.py:179} INFO - Processing /home/airflow/.local/lib/python3.8/site-packages/airflow/example_dags/example_xcomargs.py took 0.232 seconds
[2023-11-03T19:47:53.810+0000] {processor.py:157} INFO - Started process (PID=34117) to work on /home/airflow/.local/lib/python3.8/site-packages/airflow/example_dags/example_xcomargs.py
[2023-11-03T19:47:53.813+0000] {processor.py:829} INFO - Processing file /home/airflow/.local/lib/python3.8/site-packages/airflow/example_dags/example_xcomargs.py for tasks to queue
[2023-11-03T19:47:53.822+0000] {logging_mixin.py:151} INFO - [2023-11-03T19:47:53.821+0000] {dagbag.py:536} INFO - Filling up the DagBag from /home/airflow/.local/lib/python3.8/site-packages/airflow/example_dags/example_xcomargs.py
[2023-11-03T19:47:53.856+0000] {processor.py:839} INFO - DAG(s) dict_keys(['example_xcom_args_with_operators', 'example_xcom_args']) retrieved from /home/airflow/.local/lib/python3.8/site-packages/airflow/example_dags/example_xcomargs.py
[2023-11-03T19:47:53.946+0000] {logging_mixin.py:151} INFO - [2023-11-03T19:47:53.945+0000] {dag.py:2941} INFO - Sync 2 DAGs
[2023-11-03T19:47:53.987+0000] {logging_mixin.py:151} INFO - [2023-11-03T19:47:53.986+0000] {dag.py:3722} INFO - Setting next_dagrun for example_xcom_args to None, run_after=None
[2023-11-03T19:47:54.001+0000] {logging_mixin.py:151} INFO - [2023-11-03T19:47:54.001+0000] {dag.py:3722} INFO - Setting next_dagrun for example_xcom_args_with_operators to None, run_after=None
[2023-11-03T19:47:54.061+0000] {processor.py:179} INFO - Processing /home/airflow/.local/lib/python3.8/site-packages/airflow/example_dags/example_xcomargs.py took 0.259 seconds
[2023-11-03T19:48:24.531+0000] {processor.py:157} INFO - Started process (PID=34179) to work on /home/airflow/.local/lib/python3.8/site-packages/airflow/example_dags/example_xcomargs.py
[2023-11-03T19:48:24.533+0000] {processor.py:829} INFO - Processing file /home/airflow/.local/lib/python3.8/site-packages/airflow/example_dags/example_xcomargs.py for tasks to queue
[2023-11-03T19:48:24.540+0000] {logging_mixin.py:151} INFO - [2023-11-03T19:48:24.539+0000] {dagbag.py:536} INFO - Filling up the DagBag from /home/airflow/.local/lib/python3.8/site-packages/airflow/example_dags/example_xcomargs.py
[2023-11-03T19:48:24.562+0000] {processor.py:839} INFO - DAG(s) dict_keys(['example_xcom_args', 'example_xcom_args_with_operators']) retrieved from /home/airflow/.local/lib/python3.8/site-packages/airflow/example_dags/example_xcomargs.py
[2023-11-03T19:48:24.648+0000] {logging_mixin.py:151} INFO - [2023-11-03T19:48:24.647+0000] {dag.py:2941} INFO - Sync 2 DAGs
[2023-11-03T19:48:24.684+0000] {logging_mixin.py:151} INFO - [2023-11-03T19:48:24.684+0000] {dag.py:3722} INFO - Setting next_dagrun for example_xcom_args to None, run_after=None
[2023-11-03T19:48:24.700+0000] {logging_mixin.py:151} INFO - [2023-11-03T19:48:24.699+0000] {dag.py:3722} INFO - Setting next_dagrun for example_xcom_args_with_operators to None, run_after=None
[2023-11-03T19:48:24.761+0000] {processor.py:179} INFO - Processing /home/airflow/.local/lib/python3.8/site-packages/airflow/example_dags/example_xcomargs.py took 0.237 seconds
[2023-11-03T19:48:55.376+0000] {processor.py:157} INFO - Started process (PID=34241) to work on /home/airflow/.local/lib/python3.8/site-packages/airflow/example_dags/example_xcomargs.py
[2023-11-03T19:48:55.378+0000] {processor.py:829} INFO - Processing file /home/airflow/.local/lib/python3.8/site-packages/airflow/example_dags/example_xcomargs.py for tasks to queue
[2023-11-03T19:48:55.388+0000] {logging_mixin.py:151} INFO - [2023-11-03T19:48:55.386+0000] {dagbag.py:536} INFO - Filling up the DagBag from /home/airflow/.local/lib/python3.8/site-packages/airflow/example_dags/example_xcomargs.py
[2023-11-03T19:48:55.420+0000] {processor.py:839} INFO - DAG(s) dict_keys(['example_xcom_args', 'example_xcom_args_with_operators']) retrieved from /home/airflow/.local/lib/python3.8/site-packages/airflow/example_dags/example_xcomargs.py
[2023-11-03T19:48:55.498+0000] {logging_mixin.py:151} INFO - [2023-11-03T19:48:55.497+0000] {dag.py:2941} INFO - Sync 2 DAGs
[2023-11-03T19:48:55.544+0000] {logging_mixin.py:151} INFO - [2023-11-03T19:48:55.543+0000] {dag.py:3722} INFO - Setting next_dagrun for example_xcom_args to None, run_after=None
[2023-11-03T19:48:55.563+0000] {logging_mixin.py:151} INFO - [2023-11-03T19:48:55.562+0000] {dag.py:3722} INFO - Setting next_dagrun for example_xcom_args_with_operators to None, run_after=None
[2023-11-03T19:48:55.661+0000] {processor.py:179} INFO - Processing /home/airflow/.local/lib/python3.8/site-packages/airflow/example_dags/example_xcomargs.py took 0.291 seconds
[2023-11-03T19:49:25.908+0000] {processor.py:157} INFO - Started process (PID=34303) to work on /home/airflow/.local/lib/python3.8/site-packages/airflow/example_dags/example_xcomargs.py
[2023-11-03T19:49:25.912+0000] {processor.py:829} INFO - Processing file /home/airflow/.local/lib/python3.8/site-packages/airflow/example_dags/example_xcomargs.py for tasks to queue
[2023-11-03T19:49:25.922+0000] {logging_mixin.py:151} INFO - [2023-11-03T19:49:25.920+0000] {dagbag.py:536} INFO - Filling up the DagBag from /home/airflow/.local/lib/python3.8/site-packages/airflow/example_dags/example_xcomargs.py
[2023-11-03T19:49:25.947+0000] {processor.py:839} INFO - DAG(s) dict_keys(['example_xcom_args', 'example_xcom_args_with_operators']) retrieved from /home/airflow/.local/lib/python3.8/site-packages/airflow/example_dags/example_xcomargs.py
[2023-11-03T19:49:26.021+0000] {logging_mixin.py:151} INFO - [2023-11-03T19:49:26.021+0000] {dag.py:2941} INFO - Sync 2 DAGs
[2023-11-03T19:49:26.054+0000] {logging_mixin.py:151} INFO - [2023-11-03T19:49:26.054+0000] {dag.py:3722} INFO - Setting next_dagrun for example_xcom_args to None, run_after=None
[2023-11-03T19:49:26.067+0000] {logging_mixin.py:151} INFO - [2023-11-03T19:49:26.066+0000] {dag.py:3722} INFO - Setting next_dagrun for example_xcom_args_with_operators to None, run_after=None
[2023-11-03T19:49:26.118+0000] {processor.py:179} INFO - Processing /home/airflow/.local/lib/python3.8/site-packages/airflow/example_dags/example_xcomargs.py took 0.221 seconds
[2023-11-03T19:49:56.376+0000] {processor.py:157} INFO - Started process (PID=34364) to work on /home/airflow/.local/lib/python3.8/site-packages/airflow/example_dags/example_xcomargs.py
[2023-11-03T19:49:56.379+0000] {processor.py:829} INFO - Processing file /home/airflow/.local/lib/python3.8/site-packages/airflow/example_dags/example_xcomargs.py for tasks to queue
[2023-11-03T19:49:56.390+0000] {logging_mixin.py:151} INFO - [2023-11-03T19:49:56.389+0000] {dagbag.py:536} INFO - Filling up the DagBag from /home/airflow/.local/lib/python3.8/site-packages/airflow/example_dags/example_xcomargs.py
[2023-11-03T19:49:56.427+0000] {processor.py:839} INFO - DAG(s) dict_keys(['example_xcom_args_with_operators', 'example_xcom_args']) retrieved from /home/airflow/.local/lib/python3.8/site-packages/airflow/example_dags/example_xcomargs.py
[2023-11-03T19:49:56.579+0000] {logging_mixin.py:151} INFO - [2023-11-03T19:49:56.578+0000] {dag.py:2941} INFO - Sync 2 DAGs
[2023-11-03T19:49:56.645+0000] {logging_mixin.py:151} INFO - [2023-11-03T19:49:56.644+0000] {dag.py:3722} INFO - Setting next_dagrun for example_xcom_args to None, run_after=None
[2023-11-03T19:49:56.658+0000] {logging_mixin.py:151} INFO - [2023-11-03T19:49:56.657+0000] {dag.py:3722} INFO - Setting next_dagrun for example_xcom_args_with_operators to None, run_after=None
[2023-11-03T19:49:56.733+0000] {processor.py:179} INFO - Processing /home/airflow/.local/lib/python3.8/site-packages/airflow/example_dags/example_xcomargs.py took 0.365 seconds
[2023-11-03T19:50:27.654+0000] {processor.py:157} INFO - Started process (PID=34426) to work on /home/airflow/.local/lib/python3.8/site-packages/airflow/example_dags/example_xcomargs.py
[2023-11-03T19:50:27.657+0000] {processor.py:829} INFO - Processing file /home/airflow/.local/lib/python3.8/site-packages/airflow/example_dags/example_xcomargs.py for tasks to queue
[2023-11-03T19:50:27.666+0000] {logging_mixin.py:151} INFO - [2023-11-03T19:50:27.665+0000] {dagbag.py:536} INFO - Filling up the DagBag from /home/airflow/.local/lib/python3.8/site-packages/airflow/example_dags/example_xcomargs.py
[2023-11-03T19:50:27.695+0000] {processor.py:839} INFO - DAG(s) dict_keys(['example_xcom_args_with_operators', 'example_xcom_args']) retrieved from /home/airflow/.local/lib/python3.8/site-packages/airflow/example_dags/example_xcomargs.py
[2023-11-03T19:50:27.777+0000] {logging_mixin.py:151} INFO - [2023-11-03T19:50:27.776+0000] {dag.py:2941} INFO - Sync 2 DAGs
[2023-11-03T19:50:27.810+0000] {logging_mixin.py:151} INFO - [2023-11-03T19:50:27.810+0000] {dag.py:3722} INFO - Setting next_dagrun for example_xcom_args to None, run_after=None
[2023-11-03T19:50:27.827+0000] {logging_mixin.py:151} INFO - [2023-11-03T19:50:27.826+0000] {dag.py:3722} INFO - Setting next_dagrun for example_xcom_args_with_operators to None, run_after=None
[2023-11-03T19:50:27.884+0000] {processor.py:179} INFO - Processing /home/airflow/.local/lib/python3.8/site-packages/airflow/example_dags/example_xcomargs.py took 0.244 seconds
[2023-11-03T19:50:59.369+0000] {processor.py:157} INFO - Started process (PID=34489) to work on /home/airflow/.local/lib/python3.8/site-packages/airflow/example_dags/example_xcomargs.py
[2023-11-03T19:50:59.371+0000] {processor.py:829} INFO - Processing file /home/airflow/.local/lib/python3.8/site-packages/airflow/example_dags/example_xcomargs.py for tasks to queue
[2023-11-03T19:50:59.378+0000] {logging_mixin.py:151} INFO - [2023-11-03T19:50:59.377+0000] {dagbag.py:536} INFO - Filling up the DagBag from /home/airflow/.local/lib/python3.8/site-packages/airflow/example_dags/example_xcomargs.py
[2023-11-03T19:50:59.404+0000] {processor.py:839} INFO - DAG(s) dict_keys(['example_xcom_args_with_operators', 'example_xcom_args']) retrieved from /home/airflow/.local/lib/python3.8/site-packages/airflow/example_dags/example_xcomargs.py
[2023-11-03T19:50:59.485+0000] {logging_mixin.py:151} INFO - [2023-11-03T19:50:59.484+0000] {dag.py:2941} INFO - Sync 2 DAGs
[2023-11-03T19:50:59.516+0000] {logging_mixin.py:151} INFO - [2023-11-03T19:50:59.516+0000] {dag.py:3722} INFO - Setting next_dagrun for example_xcom_args to None, run_after=None
[2023-11-03T19:50:59.528+0000] {logging_mixin.py:151} INFO - [2023-11-03T19:50:59.528+0000] {dag.py:3722} INFO - Setting next_dagrun for example_xcom_args_with_operators to None, run_after=None
[2023-11-03T19:50:59.589+0000] {processor.py:179} INFO - Processing /home/airflow/.local/lib/python3.8/site-packages/airflow/example_dags/example_xcomargs.py took 0.228 seconds
[2023-11-03T19:51:30.238+0000] {processor.py:157} INFO - Started process (PID=34551) to work on /home/airflow/.local/lib/python3.8/site-packages/airflow/example_dags/example_xcomargs.py
[2023-11-03T19:51:30.241+0000] {processor.py:829} INFO - Processing file /home/airflow/.local/lib/python3.8/site-packages/airflow/example_dags/example_xcomargs.py for tasks to queue
[2023-11-03T19:51:30.249+0000] {logging_mixin.py:151} INFO - [2023-11-03T19:51:30.247+0000] {dagbag.py:536} INFO - Filling up the DagBag from /home/airflow/.local/lib/python3.8/site-packages/airflow/example_dags/example_xcomargs.py
[2023-11-03T19:51:30.271+0000] {processor.py:839} INFO - DAG(s) dict_keys(['example_xcom_args_with_operators', 'example_xcom_args']) retrieved from /home/airflow/.local/lib/python3.8/site-packages/airflow/example_dags/example_xcomargs.py
[2023-11-03T19:51:30.339+0000] {logging_mixin.py:151} INFO - [2023-11-03T19:51:30.339+0000] {dag.py:2941} INFO - Sync 2 DAGs
[2023-11-03T19:51:30.382+0000] {logging_mixin.py:151} INFO - [2023-11-03T19:51:30.381+0000] {dag.py:3722} INFO - Setting next_dagrun for example_xcom_args to None, run_after=None
[2023-11-03T19:51:30.396+0000] {logging_mixin.py:151} INFO - [2023-11-03T19:51:30.395+0000] {dag.py:3722} INFO - Setting next_dagrun for example_xcom_args_with_operators to None, run_after=None
[2023-11-03T19:51:30.450+0000] {processor.py:179} INFO - Processing /home/airflow/.local/lib/python3.8/site-packages/airflow/example_dags/example_xcomargs.py took 0.223 seconds
[2023-11-03T19:52:00.890+0000] {processor.py:157} INFO - Started process (PID=34613) to work on /home/airflow/.local/lib/python3.8/site-packages/airflow/example_dags/example_xcomargs.py
[2023-11-03T19:52:00.893+0000] {processor.py:829} INFO - Processing file /home/airflow/.local/lib/python3.8/site-packages/airflow/example_dags/example_xcomargs.py for tasks to queue
[2023-11-03T19:52:00.899+0000] {logging_mixin.py:151} INFO - [2023-11-03T19:52:00.898+0000] {dagbag.py:536} INFO - Filling up the DagBag from /home/airflow/.local/lib/python3.8/site-packages/airflow/example_dags/example_xcomargs.py
[2023-11-03T19:52:00.922+0000] {processor.py:839} INFO - DAG(s) dict_keys(['example_xcom_args', 'example_xcom_args_with_operators']) retrieved from /home/airflow/.local/lib/python3.8/site-packages/airflow/example_dags/example_xcomargs.py
[2023-11-03T19:52:01.013+0000] {logging_mixin.py:151} INFO - [2023-11-03T19:52:01.012+0000] {dag.py:2941} INFO - Sync 2 DAGs
[2023-11-03T19:52:01.055+0000] {logging_mixin.py:151} INFO - [2023-11-03T19:52:01.054+0000] {dag.py:3722} INFO - Setting next_dagrun for example_xcom_args to None, run_after=None
[2023-11-03T19:52:01.068+0000] {logging_mixin.py:151} INFO - [2023-11-03T19:52:01.068+0000] {dag.py:3722} INFO - Setting next_dagrun for example_xcom_args_with_operators to None, run_after=None
[2023-11-03T19:52:01.120+0000] {processor.py:179} INFO - Processing /home/airflow/.local/lib/python3.8/site-packages/airflow/example_dags/example_xcomargs.py took 0.237 seconds
[2023-11-03T19:52:31.406+0000] {processor.py:157} INFO - Started process (PID=34675) to work on /home/airflow/.local/lib/python3.8/site-packages/airflow/example_dags/example_xcomargs.py
[2023-11-03T19:52:31.409+0000] {processor.py:829} INFO - Processing file /home/airflow/.local/lib/python3.8/site-packages/airflow/example_dags/example_xcomargs.py for tasks to queue
[2023-11-03T19:52:31.419+0000] {logging_mixin.py:151} INFO - [2023-11-03T19:52:31.417+0000] {dagbag.py:536} INFO - Filling up the DagBag from /home/airflow/.local/lib/python3.8/site-packages/airflow/example_dags/example_xcomargs.py
[2023-11-03T19:52:31.446+0000] {processor.py:839} INFO - DAG(s) dict_keys(['example_xcom_args', 'example_xcom_args_with_operators']) retrieved from /home/airflow/.local/lib/python3.8/site-packages/airflow/example_dags/example_xcomargs.py
[2023-11-03T19:52:31.514+0000] {logging_mixin.py:151} INFO - [2023-11-03T19:52:31.514+0000] {dag.py:2941} INFO - Sync 2 DAGs
[2023-11-03T19:52:31.552+0000] {logging_mixin.py:151} INFO - [2023-11-03T19:52:31.552+0000] {dag.py:3722} INFO - Setting next_dagrun for example_xcom_args to None, run_after=None
[2023-11-03T19:52:31.564+0000] {logging_mixin.py:151} INFO - [2023-11-03T19:52:31.564+0000] {dag.py:3722} INFO - Setting next_dagrun for example_xcom_args_with_operators to None, run_after=None
[2023-11-03T19:52:31.629+0000] {processor.py:179} INFO - Processing /home/airflow/.local/lib/python3.8/site-packages/airflow/example_dags/example_xcomargs.py took 0.238 seconds
[2023-11-03T19:53:02.932+0000] {processor.py:157} INFO - Started process (PID=34737) to work on /home/airflow/.local/lib/python3.8/site-packages/airflow/example_dags/example_xcomargs.py
[2023-11-03T19:53:02.935+0000] {processor.py:829} INFO - Processing file /home/airflow/.local/lib/python3.8/site-packages/airflow/example_dags/example_xcomargs.py for tasks to queue
[2023-11-03T19:53:02.943+0000] {logging_mixin.py:151} INFO - [2023-11-03T19:53:02.942+0000] {dagbag.py:536} INFO - Filling up the DagBag from /home/airflow/.local/lib/python3.8/site-packages/airflow/example_dags/example_xcomargs.py
[2023-11-03T19:53:02.964+0000] {processor.py:839} INFO - DAG(s) dict_keys(['example_xcom_args', 'example_xcom_args_with_operators']) retrieved from /home/airflow/.local/lib/python3.8/site-packages/airflow/example_dags/example_xcomargs.py
[2023-11-03T19:53:03.047+0000] {logging_mixin.py:151} INFO - [2023-11-03T19:53:03.047+0000] {dag.py:2941} INFO - Sync 2 DAGs
[2023-11-03T19:53:03.088+0000] {logging_mixin.py:151} INFO - [2023-11-03T19:53:03.088+0000] {dag.py:3722} INFO - Setting next_dagrun for example_xcom_args to None, run_after=None
[2023-11-03T19:53:03.101+0000] {logging_mixin.py:151} INFO - [2023-11-03T19:53:03.100+0000] {dag.py:3722} INFO - Setting next_dagrun for example_xcom_args_with_operators to None, run_after=None
[2023-11-03T19:53:03.154+0000] {processor.py:179} INFO - Processing /home/airflow/.local/lib/python3.8/site-packages/airflow/example_dags/example_xcomargs.py took 0.232 seconds
[2023-11-03T19:53:34.440+0000] {processor.py:157} INFO - Started process (PID=34799) to work on /home/airflow/.local/lib/python3.8/site-packages/airflow/example_dags/example_xcomargs.py
[2023-11-03T19:53:34.443+0000] {processor.py:829} INFO - Processing file /home/airflow/.local/lib/python3.8/site-packages/airflow/example_dags/example_xcomargs.py for tasks to queue
[2023-11-03T19:53:34.450+0000] {logging_mixin.py:151} INFO - [2023-11-03T19:53:34.449+0000] {dagbag.py:536} INFO - Filling up the DagBag from /home/airflow/.local/lib/python3.8/site-packages/airflow/example_dags/example_xcomargs.py
[2023-11-03T19:53:34.479+0000] {processor.py:839} INFO - DAG(s) dict_keys(['example_xcom_args_with_operators', 'example_xcom_args']) retrieved from /home/airflow/.local/lib/python3.8/site-packages/airflow/example_dags/example_xcomargs.py
[2023-11-03T19:53:34.580+0000] {logging_mixin.py:151} INFO - [2023-11-03T19:53:34.579+0000] {dag.py:2941} INFO - Sync 2 DAGs
[2023-11-03T19:53:34.622+0000] {logging_mixin.py:151} INFO - [2023-11-03T19:53:34.621+0000] {dag.py:3722} INFO - Setting next_dagrun for example_xcom_args to None, run_after=None
[2023-11-03T19:53:34.635+0000] {logging_mixin.py:151} INFO - [2023-11-03T19:53:34.634+0000] {dag.py:3722} INFO - Setting next_dagrun for example_xcom_args_with_operators to None, run_after=None
[2023-11-03T19:53:34.688+0000] {processor.py:179} INFO - Processing /home/airflow/.local/lib/python3.8/site-packages/airflow/example_dags/example_xcomargs.py took 0.255 seconds
[2023-11-03T19:54:05.509+0000] {processor.py:157} INFO - Started process (PID=34868) to work on /home/airflow/.local/lib/python3.8/site-packages/airflow/example_dags/example_xcomargs.py
[2023-11-03T19:54:05.512+0000] {processor.py:829} INFO - Processing file /home/airflow/.local/lib/python3.8/site-packages/airflow/example_dags/example_xcomargs.py for tasks to queue
[2023-11-03T19:54:05.522+0000] {logging_mixin.py:151} INFO - [2023-11-03T19:54:05.520+0000] {dagbag.py:536} INFO - Filling up the DagBag from /home/airflow/.local/lib/python3.8/site-packages/airflow/example_dags/example_xcomargs.py
[2023-11-03T19:54:05.548+0000] {processor.py:839} INFO - DAG(s) dict_keys(['example_xcom_args_with_operators', 'example_xcom_args']) retrieved from /home/airflow/.local/lib/python3.8/site-packages/airflow/example_dags/example_xcomargs.py
[2023-11-03T19:54:05.623+0000] {logging_mixin.py:151} INFO - [2023-11-03T19:54:05.622+0000] {dag.py:2941} INFO - Sync 2 DAGs
[2023-11-03T19:54:05.660+0000] {logging_mixin.py:151} INFO - [2023-11-03T19:54:05.659+0000] {dag.py:3722} INFO - Setting next_dagrun for example_xcom_args to None, run_after=None
[2023-11-03T19:54:05.672+0000] {logging_mixin.py:151} INFO - [2023-11-03T19:54:05.671+0000] {dag.py:3722} INFO - Setting next_dagrun for example_xcom_args_with_operators to None, run_after=None
[2023-11-03T19:54:05.781+0000] {processor.py:179} INFO - Processing /home/airflow/.local/lib/python3.8/site-packages/airflow/example_dags/example_xcomargs.py took 0.284 seconds
[2023-11-03T19:54:36.598+0000] {processor.py:157} INFO - Started process (PID=34930) to work on /home/airflow/.local/lib/python3.8/site-packages/airflow/example_dags/example_xcomargs.py
[2023-11-03T19:54:36.600+0000] {processor.py:829} INFO - Processing file /home/airflow/.local/lib/python3.8/site-packages/airflow/example_dags/example_xcomargs.py for tasks to queue
[2023-11-03T19:54:36.608+0000] {logging_mixin.py:151} INFO - [2023-11-03T19:54:36.607+0000] {dagbag.py:536} INFO - Filling up the DagBag from /home/airflow/.local/lib/python3.8/site-packages/airflow/example_dags/example_xcomargs.py
[2023-11-03T19:54:36.632+0000] {processor.py:839} INFO - DAG(s) dict_keys(['example_xcom_args_with_operators', 'example_xcom_args']) retrieved from /home/airflow/.local/lib/python3.8/site-packages/airflow/example_dags/example_xcomargs.py
[2023-11-03T19:54:36.703+0000] {logging_mixin.py:151} INFO - [2023-11-03T19:54:36.702+0000] {dag.py:2941} INFO - Sync 2 DAGs
[2023-11-03T19:54:36.743+0000] {logging_mixin.py:151} INFO - [2023-11-03T19:54:36.743+0000] {dag.py:3722} INFO - Setting next_dagrun for example_xcom_args to None, run_after=None
[2023-11-03T19:54:36.756+0000] {logging_mixin.py:151} INFO - [2023-11-03T19:54:36.755+0000] {dag.py:3722} INFO - Setting next_dagrun for example_xcom_args_with_operators to None, run_after=None
[2023-11-03T19:54:36.805+0000] {processor.py:179} INFO - Processing /home/airflow/.local/lib/python3.8/site-packages/airflow/example_dags/example_xcomargs.py took 0.214 seconds
[2023-11-03T19:55:07.806+0000] {processor.py:157} INFO - Started process (PID=34992) to work on /home/airflow/.local/lib/python3.8/site-packages/airflow/example_dags/example_xcomargs.py
[2023-11-03T19:55:07.809+0000] {processor.py:829} INFO - Processing file /home/airflow/.local/lib/python3.8/site-packages/airflow/example_dags/example_xcomargs.py for tasks to queue
[2023-11-03T19:55:07.818+0000] {logging_mixin.py:151} INFO - [2023-11-03T19:55:07.816+0000] {dagbag.py:536} INFO - Filling up the DagBag from /home/airflow/.local/lib/python3.8/site-packages/airflow/example_dags/example_xcomargs.py
[2023-11-03T19:55:07.846+0000] {processor.py:839} INFO - DAG(s) dict_keys(['example_xcom_args_with_operators', 'example_xcom_args']) retrieved from /home/airflow/.local/lib/python3.8/site-packages/airflow/example_dags/example_xcomargs.py
[2023-11-03T19:55:07.932+0000] {logging_mixin.py:151} INFO - [2023-11-03T19:55:07.931+0000] {dag.py:2941} INFO - Sync 2 DAGs
[2023-11-03T19:55:07.971+0000] {logging_mixin.py:151} INFO - [2023-11-03T19:55:07.971+0000] {dag.py:3722} INFO - Setting next_dagrun for example_xcom_args to None, run_after=None
[2023-11-03T19:55:07.986+0000] {logging_mixin.py:151} INFO - [2023-11-03T19:55:07.985+0000] {dag.py:3722} INFO - Setting next_dagrun for example_xcom_args_with_operators to None, run_after=None
[2023-11-03T19:55:08.038+0000] {processor.py:179} INFO - Processing /home/airflow/.local/lib/python3.8/site-packages/airflow/example_dags/example_xcomargs.py took 0.242 seconds
[2023-11-03T19:55:38.296+0000] {processor.py:157} INFO - Started process (PID=35054) to work on /home/airflow/.local/lib/python3.8/site-packages/airflow/example_dags/example_xcomargs.py
[2023-11-03T19:55:38.299+0000] {processor.py:829} INFO - Processing file /home/airflow/.local/lib/python3.8/site-packages/airflow/example_dags/example_xcomargs.py for tasks to queue
[2023-11-03T19:55:38.307+0000] {logging_mixin.py:151} INFO - [2023-11-03T19:55:38.305+0000] {dagbag.py:536} INFO - Filling up the DagBag from /home/airflow/.local/lib/python3.8/site-packages/airflow/example_dags/example_xcomargs.py
[2023-11-03T19:55:38.328+0000] {processor.py:839} INFO - DAG(s) dict_keys(['example_xcom_args_with_operators', 'example_xcom_args']) retrieved from /home/airflow/.local/lib/python3.8/site-packages/airflow/example_dags/example_xcomargs.py
[2023-11-03T19:55:38.400+0000] {logging_mixin.py:151} INFO - [2023-11-03T19:55:38.399+0000] {dag.py:2941} INFO - Sync 2 DAGs
[2023-11-03T19:55:38.436+0000] {logging_mixin.py:151} INFO - [2023-11-03T19:55:38.435+0000] {dag.py:3722} INFO - Setting next_dagrun for example_xcom_args to None, run_after=None
[2023-11-03T19:55:38.448+0000] {logging_mixin.py:151} INFO - [2023-11-03T19:55:38.447+0000] {dag.py:3722} INFO - Setting next_dagrun for example_xcom_args_with_operators to None, run_after=None
[2023-11-03T19:55:38.500+0000] {processor.py:179} INFO - Processing /home/airflow/.local/lib/python3.8/site-packages/airflow/example_dags/example_xcomargs.py took 0.213 seconds
[2023-11-03T19:56:08.843+0000] {processor.py:157} INFO - Started process (PID=35115) to work on /home/airflow/.local/lib/python3.8/site-packages/airflow/example_dags/example_xcomargs.py
[2023-11-03T19:56:08.845+0000] {processor.py:829} INFO - Processing file /home/airflow/.local/lib/python3.8/site-packages/airflow/example_dags/example_xcomargs.py for tasks to queue
[2023-11-03T19:56:08.852+0000] {logging_mixin.py:151} INFO - [2023-11-03T19:56:08.850+0000] {dagbag.py:536} INFO - Filling up the DagBag from /home/airflow/.local/lib/python3.8/site-packages/airflow/example_dags/example_xcomargs.py
[2023-11-03T19:56:08.873+0000] {processor.py:839} INFO - DAG(s) dict_keys(['example_xcom_args', 'example_xcom_args_with_operators']) retrieved from /home/airflow/.local/lib/python3.8/site-packages/airflow/example_dags/example_xcomargs.py
[2023-11-03T19:56:08.932+0000] {logging_mixin.py:151} INFO - [2023-11-03T19:56:08.932+0000] {dag.py:2941} INFO - Sync 2 DAGs
[2023-11-03T19:56:08.964+0000] {logging_mixin.py:151} INFO - [2023-11-03T19:56:08.964+0000] {dag.py:3722} INFO - Setting next_dagrun for example_xcom_args to None, run_after=None
[2023-11-03T19:56:08.975+0000] {logging_mixin.py:151} INFO - [2023-11-03T19:56:08.974+0000] {dag.py:3722} INFO - Setting next_dagrun for example_xcom_args_with_operators to None, run_after=None
[2023-11-03T19:56:09.041+0000] {processor.py:179} INFO - Processing /home/airflow/.local/lib/python3.8/site-packages/airflow/example_dags/example_xcomargs.py took 0.205 seconds
[2023-11-03T19:56:39.305+0000] {processor.py:157} INFO - Started process (PID=35177) to work on /home/airflow/.local/lib/python3.8/site-packages/airflow/example_dags/example_xcomargs.py
[2023-11-03T19:56:39.308+0000] {processor.py:829} INFO - Processing file /home/airflow/.local/lib/python3.8/site-packages/airflow/example_dags/example_xcomargs.py for tasks to queue
[2023-11-03T19:56:39.317+0000] {logging_mixin.py:151} INFO - [2023-11-03T19:56:39.316+0000] {dagbag.py:536} INFO - Filling up the DagBag from /home/airflow/.local/lib/python3.8/site-packages/airflow/example_dags/example_xcomargs.py
[2023-11-03T19:56:39.339+0000] {processor.py:839} INFO - DAG(s) dict_keys(['example_xcom_args', 'example_xcom_args_with_operators']) retrieved from /home/airflow/.local/lib/python3.8/site-packages/airflow/example_dags/example_xcomargs.py
[2023-11-03T19:56:39.408+0000] {logging_mixin.py:151} INFO - [2023-11-03T19:56:39.407+0000] {dag.py:2941} INFO - Sync 2 DAGs
[2023-11-03T19:56:39.440+0000] {logging_mixin.py:151} INFO - [2023-11-03T19:56:39.439+0000] {dag.py:3722} INFO - Setting next_dagrun for example_xcom_args to None, run_after=None
[2023-11-03T19:56:39.451+0000] {logging_mixin.py:151} INFO - [2023-11-03T19:56:39.450+0000] {dag.py:3722} INFO - Setting next_dagrun for example_xcom_args_with_operators to None, run_after=None
[2023-11-03T19:56:39.508+0000] {processor.py:179} INFO - Processing /home/airflow/.local/lib/python3.8/site-packages/airflow/example_dags/example_xcomargs.py took 0.211 seconds
[2023-11-03T19:57:10.135+0000] {processor.py:157} INFO - Started process (PID=35239) to work on /home/airflow/.local/lib/python3.8/site-packages/airflow/example_dags/example_xcomargs.py
[2023-11-03T19:57:10.138+0000] {processor.py:829} INFO - Processing file /home/airflow/.local/lib/python3.8/site-packages/airflow/example_dags/example_xcomargs.py for tasks to queue
[2023-11-03T19:57:10.147+0000] {logging_mixin.py:151} INFO - [2023-11-03T19:57:10.146+0000] {dagbag.py:536} INFO - Filling up the DagBag from /home/airflow/.local/lib/python3.8/site-packages/airflow/example_dags/example_xcomargs.py
[2023-11-03T19:57:10.172+0000] {processor.py:839} INFO - DAG(s) dict_keys(['example_xcom_args', 'example_xcom_args_with_operators']) retrieved from /home/airflow/.local/lib/python3.8/site-packages/airflow/example_dags/example_xcomargs.py
[2023-11-03T19:57:10.245+0000] {logging_mixin.py:151} INFO - [2023-11-03T19:57:10.244+0000] {dag.py:2941} INFO - Sync 2 DAGs
[2023-11-03T19:57:10.282+0000] {logging_mixin.py:151} INFO - [2023-11-03T19:57:10.281+0000] {dag.py:3722} INFO - Setting next_dagrun for example_xcom_args to None, run_after=None
[2023-11-03T19:57:10.294+0000] {logging_mixin.py:151} INFO - [2023-11-03T19:57:10.294+0000] {dag.py:3722} INFO - Setting next_dagrun for example_xcom_args_with_operators to None, run_after=None
[2023-11-03T19:57:10.343+0000] {processor.py:179} INFO - Processing /home/airflow/.local/lib/python3.8/site-packages/airflow/example_dags/example_xcomargs.py took 0.218 seconds
[2023-11-03T19:57:40.849+0000] {processor.py:157} INFO - Started process (PID=35301) to work on /home/airflow/.local/lib/python3.8/site-packages/airflow/example_dags/example_xcomargs.py
[2023-11-03T19:57:40.852+0000] {processor.py:829} INFO - Processing file /home/airflow/.local/lib/python3.8/site-packages/airflow/example_dags/example_xcomargs.py for tasks to queue
[2023-11-03T19:57:40.860+0000] {logging_mixin.py:151} INFO - [2023-11-03T19:57:40.859+0000] {dagbag.py:536} INFO - Filling up the DagBag from /home/airflow/.local/lib/python3.8/site-packages/airflow/example_dags/example_xcomargs.py
[2023-11-03T19:57:40.887+0000] {processor.py:839} INFO - DAG(s) dict_keys(['example_xcom_args', 'example_xcom_args_with_operators']) retrieved from /home/airflow/.local/lib/python3.8/site-packages/airflow/example_dags/example_xcomargs.py
[2023-11-03T19:57:40.961+0000] {logging_mixin.py:151} INFO - [2023-11-03T19:57:40.960+0000] {dag.py:2941} INFO - Sync 2 DAGs
[2023-11-03T19:57:41.007+0000] {logging_mixin.py:151} INFO - [2023-11-03T19:57:41.006+0000] {dag.py:3722} INFO - Setting next_dagrun for example_xcom_args to None, run_after=None
[2023-11-03T19:57:41.021+0000] {logging_mixin.py:151} INFO - [2023-11-03T19:57:41.020+0000] {dag.py:3722} INFO - Setting next_dagrun for example_xcom_args_with_operators to None, run_after=None
[2023-11-03T19:57:41.080+0000] {processor.py:179} INFO - Processing /home/airflow/.local/lib/python3.8/site-packages/airflow/example_dags/example_xcomargs.py took 0.244 seconds
[2023-11-03T19:58:11.636+0000] {processor.py:157} INFO - Started process (PID=35363) to work on /home/airflow/.local/lib/python3.8/site-packages/airflow/example_dags/example_xcomargs.py
[2023-11-03T19:58:11.639+0000] {processor.py:829} INFO - Processing file /home/airflow/.local/lib/python3.8/site-packages/airflow/example_dags/example_xcomargs.py for tasks to queue
[2023-11-03T19:58:11.648+0000] {logging_mixin.py:151} INFO - [2023-11-03T19:58:11.646+0000] {dagbag.py:536} INFO - Filling up the DagBag from /home/airflow/.local/lib/python3.8/site-packages/airflow/example_dags/example_xcomargs.py
[2023-11-03T19:58:11.679+0000] {processor.py:839} INFO - DAG(s) dict_keys(['example_xcom_args_with_operators', 'example_xcom_args']) retrieved from /home/airflow/.local/lib/python3.8/site-packages/airflow/example_dags/example_xcomargs.py
[2023-11-03T19:58:11.751+0000] {logging_mixin.py:151} INFO - [2023-11-03T19:58:11.751+0000] {dag.py:2941} INFO - Sync 2 DAGs
[2023-11-03T19:58:11.783+0000] {logging_mixin.py:151} INFO - [2023-11-03T19:58:11.782+0000] {dag.py:3722} INFO - Setting next_dagrun for example_xcom_args to None, run_after=None
[2023-11-03T19:58:11.794+0000] {logging_mixin.py:151} INFO - [2023-11-03T19:58:11.793+0000] {dag.py:3722} INFO - Setting next_dagrun for example_xcom_args_with_operators to None, run_after=None
[2023-11-03T19:58:11.840+0000] {processor.py:179} INFO - Processing /home/airflow/.local/lib/python3.8/site-packages/airflow/example_dags/example_xcomargs.py took 0.215 seconds
[2023-11-03T19:58:42.595+0000] {processor.py:157} INFO - Started process (PID=35425) to work on /home/airflow/.local/lib/python3.8/site-packages/airflow/example_dags/example_xcomargs.py
[2023-11-03T19:58:42.599+0000] {processor.py:829} INFO - Processing file /home/airflow/.local/lib/python3.8/site-packages/airflow/example_dags/example_xcomargs.py for tasks to queue
[2023-11-03T19:58:42.607+0000] {logging_mixin.py:151} INFO - [2023-11-03T19:58:42.606+0000] {dagbag.py:536} INFO - Filling up the DagBag from /home/airflow/.local/lib/python3.8/site-packages/airflow/example_dags/example_xcomargs.py
[2023-11-03T19:58:42.631+0000] {processor.py:839} INFO - DAG(s) dict_keys(['example_xcom_args', 'example_xcom_args_with_operators']) retrieved from /home/airflow/.local/lib/python3.8/site-packages/airflow/example_dags/example_xcomargs.py
[2023-11-03T19:58:42.708+0000] {logging_mixin.py:151} INFO - [2023-11-03T19:58:42.707+0000] {dag.py:2941} INFO - Sync 2 DAGs
[2023-11-03T19:58:42.743+0000] {logging_mixin.py:151} INFO - [2023-11-03T19:58:42.742+0000] {dag.py:3722} INFO - Setting next_dagrun for example_xcom_args to None, run_after=None
[2023-11-03T19:58:42.755+0000] {logging_mixin.py:151} INFO - [2023-11-03T19:58:42.754+0000] {dag.py:3722} INFO - Setting next_dagrun for example_xcom_args_with_operators to None, run_after=None
[2023-11-03T19:58:42.804+0000] {processor.py:179} INFO - Processing /home/airflow/.local/lib/python3.8/site-packages/airflow/example_dags/example_xcomargs.py took 0.221 seconds
[2023-11-03T19:59:13.434+0000] {processor.py:157} INFO - Started process (PID=35487) to work on /home/airflow/.local/lib/python3.8/site-packages/airflow/example_dags/example_xcomargs.py
[2023-11-03T19:59:13.438+0000] {processor.py:829} INFO - Processing file /home/airflow/.local/lib/python3.8/site-packages/airflow/example_dags/example_xcomargs.py for tasks to queue
[2023-11-03T19:59:13.448+0000] {logging_mixin.py:151} INFO - [2023-11-03T19:59:13.447+0000] {dagbag.py:536} INFO - Filling up the DagBag from /home/airflow/.local/lib/python3.8/site-packages/airflow/example_dags/example_xcomargs.py
[2023-11-03T19:59:13.480+0000] {processor.py:839} INFO - DAG(s) dict_keys(['example_xcom_args', 'example_xcom_args_with_operators']) retrieved from /home/airflow/.local/lib/python3.8/site-packages/airflow/example_dags/example_xcomargs.py
[2023-11-03T19:59:13.561+0000] {logging_mixin.py:151} INFO - [2023-11-03T19:59:13.561+0000] {dag.py:2941} INFO - Sync 2 DAGs
[2023-11-03T19:59:13.595+0000] {logging_mixin.py:151} INFO - [2023-11-03T19:59:13.594+0000] {dag.py:3722} INFO - Setting next_dagrun for example_xcom_args to None, run_after=None
[2023-11-03T19:59:13.606+0000] {logging_mixin.py:151} INFO - [2023-11-03T19:59:13.606+0000] {dag.py:3722} INFO - Setting next_dagrun for example_xcom_args_with_operators to None, run_after=None
[2023-11-03T19:59:13.670+0000] {processor.py:179} INFO - Processing /home/airflow/.local/lib/python3.8/site-packages/airflow/example_dags/example_xcomargs.py took 0.250 seconds
[2023-11-03T19:59:44.424+0000] {processor.py:157} INFO - Started process (PID=35549) to work on /home/airflow/.local/lib/python3.8/site-packages/airflow/example_dags/example_xcomargs.py
[2023-11-03T19:59:44.427+0000] {processor.py:829} INFO - Processing file /home/airflow/.local/lib/python3.8/site-packages/airflow/example_dags/example_xcomargs.py for tasks to queue
[2023-11-03T19:59:44.436+0000] {logging_mixin.py:151} INFO - [2023-11-03T19:59:44.434+0000] {dagbag.py:536} INFO - Filling up the DagBag from /home/airflow/.local/lib/python3.8/site-packages/airflow/example_dags/example_xcomargs.py
[2023-11-03T19:59:44.466+0000] {processor.py:839} INFO - DAG(s) dict_keys(['example_xcom_args', 'example_xcom_args_with_operators']) retrieved from /home/airflow/.local/lib/python3.8/site-packages/airflow/example_dags/example_xcomargs.py
[2023-11-03T19:59:44.556+0000] {logging_mixin.py:151} INFO - [2023-11-03T19:59:44.555+0000] {dag.py:2941} INFO - Sync 2 DAGs
[2023-11-03T19:59:44.609+0000] {logging_mixin.py:151} INFO - [2023-11-03T19:59:44.608+0000] {dag.py:3722} INFO - Setting next_dagrun for example_xcom_args to None, run_after=None
[2023-11-03T19:59:44.621+0000] {logging_mixin.py:151} INFO - [2023-11-03T19:59:44.620+0000] {dag.py:3722} INFO - Setting next_dagrun for example_xcom_args_with_operators to None, run_after=None
[2023-11-03T19:59:44.676+0000] {processor.py:179} INFO - Processing /home/airflow/.local/lib/python3.8/site-packages/airflow/example_dags/example_xcomargs.py took 0.266 seconds
[2023-11-03T20:00:15.308+0000] {processor.py:157} INFO - Started process (PID=35611) to work on /home/airflow/.local/lib/python3.8/site-packages/airflow/example_dags/example_xcomargs.py
[2023-11-03T20:00:15.312+0000] {processor.py:829} INFO - Processing file /home/airflow/.local/lib/python3.8/site-packages/airflow/example_dags/example_xcomargs.py for tasks to queue
[2023-11-03T20:00:15.321+0000] {logging_mixin.py:151} INFO - [2023-11-03T20:00:15.319+0000] {dagbag.py:536} INFO - Filling up the DagBag from /home/airflow/.local/lib/python3.8/site-packages/airflow/example_dags/example_xcomargs.py
[2023-11-03T20:00:15.343+0000] {processor.py:839} INFO - DAG(s) dict_keys(['example_xcom_args_with_operators', 'example_xcom_args']) retrieved from /home/airflow/.local/lib/python3.8/site-packages/airflow/example_dags/example_xcomargs.py
[2023-11-03T20:00:15.413+0000] {logging_mixin.py:151} INFO - [2023-11-03T20:00:15.412+0000] {dag.py:2941} INFO - Sync 2 DAGs
[2023-11-03T20:00:15.455+0000] {logging_mixin.py:151} INFO - [2023-11-03T20:00:15.455+0000] {dag.py:3722} INFO - Setting next_dagrun for example_xcom_args to None, run_after=None
[2023-11-03T20:00:15.467+0000] {logging_mixin.py:151} INFO - [2023-11-03T20:00:15.466+0000] {dag.py:3722} INFO - Setting next_dagrun for example_xcom_args_with_operators to None, run_after=None
[2023-11-03T20:00:15.533+0000] {processor.py:179} INFO - Processing /home/airflow/.local/lib/python3.8/site-packages/airflow/example_dags/example_xcomargs.py took 0.238 seconds
[2023-11-03T20:00:46.519+0000] {processor.py:157} INFO - Started process (PID=35673) to work on /home/airflow/.local/lib/python3.8/site-packages/airflow/example_dags/example_xcomargs.py
[2023-11-03T20:00:46.521+0000] {processor.py:829} INFO - Processing file /home/airflow/.local/lib/python3.8/site-packages/airflow/example_dags/example_xcomargs.py for tasks to queue
[2023-11-03T20:00:46.530+0000] {logging_mixin.py:151} INFO - [2023-11-03T20:00:46.528+0000] {dagbag.py:536} INFO - Filling up the DagBag from /home/airflow/.local/lib/python3.8/site-packages/airflow/example_dags/example_xcomargs.py
[2023-11-03T20:00:46.558+0000] {processor.py:839} INFO - DAG(s) dict_keys(['example_xcom_args_with_operators', 'example_xcom_args']) retrieved from /home/airflow/.local/lib/python3.8/site-packages/airflow/example_dags/example_xcomargs.py
[2023-11-03T20:00:46.636+0000] {logging_mixin.py:151} INFO - [2023-11-03T20:00:46.635+0000] {dag.py:2941} INFO - Sync 2 DAGs
[2023-11-03T20:00:46.680+0000] {logging_mixin.py:151} INFO - [2023-11-03T20:00:46.680+0000] {dag.py:3722} INFO - Setting next_dagrun for example_xcom_args to None, run_after=None
[2023-11-03T20:00:46.693+0000] {logging_mixin.py:151} INFO - [2023-11-03T20:00:46.692+0000] {dag.py:3722} INFO - Setting next_dagrun for example_xcom_args_with_operators to None, run_after=None
[2023-11-03T20:00:46.751+0000] {processor.py:179} INFO - Processing /home/airflow/.local/lib/python3.8/site-packages/airflow/example_dags/example_xcomargs.py took 0.241 seconds
[2023-11-03T20:01:17.766+0000] {processor.py:157} INFO - Started process (PID=35735) to work on /home/airflow/.local/lib/python3.8/site-packages/airflow/example_dags/example_xcomargs.py
[2023-11-03T20:01:17.777+0000] {processor.py:829} INFO - Processing file /home/airflow/.local/lib/python3.8/site-packages/airflow/example_dags/example_xcomargs.py for tasks to queue
[2023-11-03T20:01:17.783+0000] {logging_mixin.py:151} INFO - [2023-11-03T20:01:17.782+0000] {dagbag.py:536} INFO - Filling up the DagBag from /home/airflow/.local/lib/python3.8/site-packages/airflow/example_dags/example_xcomargs.py
[2023-11-03T20:01:17.858+0000] {processor.py:839} INFO - DAG(s) dict_keys(['example_xcom_args', 'example_xcom_args_with_operators']) retrieved from /home/airflow/.local/lib/python3.8/site-packages/airflow/example_dags/example_xcomargs.py
[2023-11-03T20:01:18.017+0000] {logging_mixin.py:151} INFO - [2023-11-03T20:01:18.016+0000] {dag.py:2941} INFO - Sync 2 DAGs
[2023-11-03T20:01:18.058+0000] {logging_mixin.py:151} INFO - [2023-11-03T20:01:18.058+0000] {dag.py:3722} INFO - Setting next_dagrun for example_xcom_args to None, run_after=None
[2023-11-03T20:01:18.071+0000] {logging_mixin.py:151} INFO - [2023-11-03T20:01:18.070+0000] {dag.py:3722} INFO - Setting next_dagrun for example_xcom_args_with_operators to None, run_after=None
[2023-11-03T20:01:18.125+0000] {processor.py:179} INFO - Processing /home/airflow/.local/lib/python3.8/site-packages/airflow/example_dags/example_xcomargs.py took 0.368 seconds
[2023-11-03T20:01:49.123+0000] {processor.py:157} INFO - Started process (PID=35797) to work on /home/airflow/.local/lib/python3.8/site-packages/airflow/example_dags/example_xcomargs.py
[2023-11-03T20:01:49.125+0000] {processor.py:829} INFO - Processing file /home/airflow/.local/lib/python3.8/site-packages/airflow/example_dags/example_xcomargs.py for tasks to queue
[2023-11-03T20:01:49.134+0000] {logging_mixin.py:151} INFO - [2023-11-03T20:01:49.133+0000] {dagbag.py:536} INFO - Filling up the DagBag from /home/airflow/.local/lib/python3.8/site-packages/airflow/example_dags/example_xcomargs.py
[2023-11-03T20:01:49.163+0000] {processor.py:839} INFO - DAG(s) dict_keys(['example_xcom_args_with_operators', 'example_xcom_args']) retrieved from /home/airflow/.local/lib/python3.8/site-packages/airflow/example_dags/example_xcomargs.py
[2023-11-03T20:01:49.243+0000] {logging_mixin.py:151} INFO - [2023-11-03T20:01:49.243+0000] {dag.py:2941} INFO - Sync 2 DAGs
[2023-11-03T20:01:49.274+0000] {logging_mixin.py:151} INFO - [2023-11-03T20:01:49.273+0000] {dag.py:3722} INFO - Setting next_dagrun for example_xcom_args to None, run_after=None
[2023-11-03T20:01:49.286+0000] {logging_mixin.py:151} INFO - [2023-11-03T20:01:49.285+0000] {dag.py:3722} INFO - Setting next_dagrun for example_xcom_args_with_operators to None, run_after=None
[2023-11-03T20:01:49.341+0000] {processor.py:179} INFO - Processing /home/airflow/.local/lib/python3.8/site-packages/airflow/example_dags/example_xcomargs.py took 0.230 seconds
[2023-11-03T20:02:19.674+0000] {processor.py:157} INFO - Started process (PID=35859) to work on /home/airflow/.local/lib/python3.8/site-packages/airflow/example_dags/example_xcomargs.py
[2023-11-03T20:02:19.676+0000] {processor.py:829} INFO - Processing file /home/airflow/.local/lib/python3.8/site-packages/airflow/example_dags/example_xcomargs.py for tasks to queue
[2023-11-03T20:02:19.684+0000] {logging_mixin.py:151} INFO - [2023-11-03T20:02:19.682+0000] {dagbag.py:536} INFO - Filling up the DagBag from /home/airflow/.local/lib/python3.8/site-packages/airflow/example_dags/example_xcomargs.py
[2023-11-03T20:02:19.706+0000] {processor.py:839} INFO - DAG(s) dict_keys(['example_xcom_args', 'example_xcom_args_with_operators']) retrieved from /home/airflow/.local/lib/python3.8/site-packages/airflow/example_dags/example_xcomargs.py
[2023-11-03T20:02:19.767+0000] {logging_mixin.py:151} INFO - [2023-11-03T20:02:19.766+0000] {dag.py:2941} INFO - Sync 2 DAGs
[2023-11-03T20:02:19.815+0000] {logging_mixin.py:151} INFO - [2023-11-03T20:02:19.815+0000] {dag.py:3722} INFO - Setting next_dagrun for example_xcom_args to None, run_after=None
[2023-11-03T20:02:19.832+0000] {logging_mixin.py:151} INFO - [2023-11-03T20:02:19.831+0000] {dag.py:3722} INFO - Setting next_dagrun for example_xcom_args_with_operators to None, run_after=None
[2023-11-03T20:02:19.884+0000] {processor.py:179} INFO - Processing /home/airflow/.local/lib/python3.8/site-packages/airflow/example_dags/example_xcomargs.py took 0.219 seconds
[2023-11-03T20:02:50.711+0000] {processor.py:157} INFO - Started process (PID=35921) to work on /home/airflow/.local/lib/python3.8/site-packages/airflow/example_dags/example_xcomargs.py
[2023-11-03T20:02:50.713+0000] {processor.py:829} INFO - Processing file /home/airflow/.local/lib/python3.8/site-packages/airflow/example_dags/example_xcomargs.py for tasks to queue
[2023-11-03T20:02:50.723+0000] {logging_mixin.py:151} INFO - [2023-11-03T20:02:50.721+0000] {dagbag.py:536} INFO - Filling up the DagBag from /home/airflow/.local/lib/python3.8/site-packages/airflow/example_dags/example_xcomargs.py
[2023-11-03T20:02:50.755+0000] {processor.py:839} INFO - DAG(s) dict_keys(['example_xcom_args_with_operators', 'example_xcom_args']) retrieved from /home/airflow/.local/lib/python3.8/site-packages/airflow/example_dags/example_xcomargs.py
[2023-11-03T20:02:50.837+0000] {logging_mixin.py:151} INFO - [2023-11-03T20:02:50.836+0000] {dag.py:2941} INFO - Sync 2 DAGs
[2023-11-03T20:02:50.876+0000] {logging_mixin.py:151} INFO - [2023-11-03T20:02:50.875+0000] {dag.py:3722} INFO - Setting next_dagrun for example_xcom_args to None, run_after=None
[2023-11-03T20:02:50.887+0000] {logging_mixin.py:151} INFO - [2023-11-03T20:02:50.887+0000] {dag.py:3722} INFO - Setting next_dagrun for example_xcom_args_with_operators to None, run_after=None
[2023-11-03T20:02:50.937+0000] {processor.py:179} INFO - Processing /home/airflow/.local/lib/python3.8/site-packages/airflow/example_dags/example_xcomargs.py took 0.238 seconds
[2023-11-03T20:03:21.528+0000] {processor.py:157} INFO - Started process (PID=35984) to work on /home/airflow/.local/lib/python3.8/site-packages/airflow/example_dags/example_xcomargs.py
[2023-11-03T20:03:21.530+0000] {processor.py:829} INFO - Processing file /home/airflow/.local/lib/python3.8/site-packages/airflow/example_dags/example_xcomargs.py for tasks to queue
[2023-11-03T20:03:21.538+0000] {logging_mixin.py:151} INFO - [2023-11-03T20:03:21.536+0000] {dagbag.py:536} INFO - Filling up the DagBag from /home/airflow/.local/lib/python3.8/site-packages/airflow/example_dags/example_xcomargs.py
[2023-11-03T20:03:21.557+0000] {processor.py:839} INFO - DAG(s) dict_keys(['example_xcom_args_with_operators', 'example_xcom_args']) retrieved from /home/airflow/.local/lib/python3.8/site-packages/airflow/example_dags/example_xcomargs.py
[2023-11-03T20:03:21.639+0000] {logging_mixin.py:151} INFO - [2023-11-03T20:03:21.638+0000] {dag.py:2941} INFO - Sync 2 DAGs
[2023-11-03T20:03:21.675+0000] {logging_mixin.py:151} INFO - [2023-11-03T20:03:21.675+0000] {dag.py:3722} INFO - Setting next_dagrun for example_xcom_args to None, run_after=None
[2023-11-03T20:03:21.688+0000] {logging_mixin.py:151} INFO - [2023-11-03T20:03:21.687+0000] {dag.py:3722} INFO - Setting next_dagrun for example_xcom_args_with_operators to None, run_after=None
[2023-11-03T20:03:21.813+0000] {processor.py:179} INFO - Processing /home/airflow/.local/lib/python3.8/site-packages/airflow/example_dags/example_xcomargs.py took 0.296 seconds
[2023-11-03T20:03:51.997+0000] {processor.py:157} INFO - Started process (PID=36046) to work on /home/airflow/.local/lib/python3.8/site-packages/airflow/example_dags/example_xcomargs.py
[2023-11-03T20:03:51.999+0000] {processor.py:829} INFO - Processing file /home/airflow/.local/lib/python3.8/site-packages/airflow/example_dags/example_xcomargs.py for tasks to queue
[2023-11-03T20:03:52.006+0000] {logging_mixin.py:151} INFO - [2023-11-03T20:03:52.004+0000] {dagbag.py:536} INFO - Filling up the DagBag from /home/airflow/.local/lib/python3.8/site-packages/airflow/example_dags/example_xcomargs.py
[2023-11-03T20:03:52.026+0000] {processor.py:839} INFO - DAG(s) dict_keys(['example_xcom_args_with_operators', 'example_xcom_args']) retrieved from /home/airflow/.local/lib/python3.8/site-packages/airflow/example_dags/example_xcomargs.py
[2023-11-03T20:03:52.092+0000] {logging_mixin.py:151} INFO - [2023-11-03T20:03:52.091+0000] {dag.py:2941} INFO - Sync 2 DAGs
[2023-11-03T20:03:52.126+0000] {logging_mixin.py:151} INFO - [2023-11-03T20:03:52.125+0000] {dag.py:3722} INFO - Setting next_dagrun for example_xcom_args to None, run_after=None
[2023-11-03T20:03:52.138+0000] {logging_mixin.py:151} INFO - [2023-11-03T20:03:52.137+0000] {dag.py:3722} INFO - Setting next_dagrun for example_xcom_args_with_operators to None, run_after=None
[2023-11-03T20:03:52.195+0000] {processor.py:179} INFO - Processing /home/airflow/.local/lib/python3.8/site-packages/airflow/example_dags/example_xcomargs.py took 0.204 seconds
[2023-11-03T20:04:22.343+0000] {processor.py:157} INFO - Started process (PID=36107) to work on /home/airflow/.local/lib/python3.8/site-packages/airflow/example_dags/example_xcomargs.py
[2023-11-03T20:04:22.346+0000] {processor.py:829} INFO - Processing file /home/airflow/.local/lib/python3.8/site-packages/airflow/example_dags/example_xcomargs.py for tasks to queue
[2023-11-03T20:04:22.353+0000] {logging_mixin.py:151} INFO - [2023-11-03T20:04:22.352+0000] {dagbag.py:536} INFO - Filling up the DagBag from /home/airflow/.local/lib/python3.8/site-packages/airflow/example_dags/example_xcomargs.py
[2023-11-03T20:04:22.378+0000] {processor.py:839} INFO - DAG(s) dict_keys(['example_xcom_args_with_operators', 'example_xcom_args']) retrieved from /home/airflow/.local/lib/python3.8/site-packages/airflow/example_dags/example_xcomargs.py
[2023-11-03T20:04:22.451+0000] {logging_mixin.py:151} INFO - [2023-11-03T20:04:22.450+0000] {dag.py:2941} INFO - Sync 2 DAGs
[2023-11-03T20:04:22.490+0000] {logging_mixin.py:151} INFO - [2023-11-03T20:04:22.490+0000] {dag.py:3722} INFO - Setting next_dagrun for example_xcom_args to None, run_after=None
[2023-11-03T20:04:22.501+0000] {logging_mixin.py:151} INFO - [2023-11-03T20:04:22.501+0000] {dag.py:3722} INFO - Setting next_dagrun for example_xcom_args_with_operators to None, run_after=None
[2023-11-03T20:04:22.557+0000] {processor.py:179} INFO - Processing /home/airflow/.local/lib/python3.8/site-packages/airflow/example_dags/example_xcomargs.py took 0.222 seconds
[2023-11-03T20:04:53.518+0000] {processor.py:157} INFO - Started process (PID=36169) to work on /home/airflow/.local/lib/python3.8/site-packages/airflow/example_dags/example_xcomargs.py
[2023-11-03T20:04:53.521+0000] {processor.py:829} INFO - Processing file /home/airflow/.local/lib/python3.8/site-packages/airflow/example_dags/example_xcomargs.py for tasks to queue
[2023-11-03T20:04:53.531+0000] {logging_mixin.py:151} INFO - [2023-11-03T20:04:53.529+0000] {dagbag.py:536} INFO - Filling up the DagBag from /home/airflow/.local/lib/python3.8/site-packages/airflow/example_dags/example_xcomargs.py
[2023-11-03T20:04:53.561+0000] {processor.py:839} INFO - DAG(s) dict_keys(['example_xcom_args', 'example_xcom_args_with_operators']) retrieved from /home/airflow/.local/lib/python3.8/site-packages/airflow/example_dags/example_xcomargs.py
[2023-11-03T20:04:53.645+0000] {logging_mixin.py:151} INFO - [2023-11-03T20:04:53.644+0000] {dag.py:2941} INFO - Sync 2 DAGs
[2023-11-03T20:04:53.683+0000] {logging_mixin.py:151} INFO - [2023-11-03T20:04:53.682+0000] {dag.py:3722} INFO - Setting next_dagrun for example_xcom_args to None, run_after=None
[2023-11-03T20:04:53.697+0000] {logging_mixin.py:151} INFO - [2023-11-03T20:04:53.695+0000] {dag.py:3722} INFO - Setting next_dagrun for example_xcom_args_with_operators to None, run_after=None
[2023-11-03T20:04:53.832+0000] {processor.py:179} INFO - Processing /home/airflow/.local/lib/python3.8/site-packages/airflow/example_dags/example_xcomargs.py took 0.326 seconds
[2023-11-03T20:05:24.032+0000] {processor.py:157} INFO - Started process (PID=36231) to work on /home/airflow/.local/lib/python3.8/site-packages/airflow/example_dags/example_xcomargs.py
[2023-11-03T20:05:24.035+0000] {processor.py:829} INFO - Processing file /home/airflow/.local/lib/python3.8/site-packages/airflow/example_dags/example_xcomargs.py for tasks to queue
[2023-11-03T20:05:24.044+0000] {logging_mixin.py:151} INFO - [2023-11-03T20:05:24.042+0000] {dagbag.py:536} INFO - Filling up the DagBag from /home/airflow/.local/lib/python3.8/site-packages/airflow/example_dags/example_xcomargs.py
[2023-11-03T20:05:24.077+0000] {processor.py:839} INFO - DAG(s) dict_keys(['example_xcom_args', 'example_xcom_args_with_operators']) retrieved from /home/airflow/.local/lib/python3.8/site-packages/airflow/example_dags/example_xcomargs.py
[2023-11-03T20:05:24.145+0000] {logging_mixin.py:151} INFO - [2023-11-03T20:05:24.144+0000] {dag.py:2941} INFO - Sync 2 DAGs
[2023-11-03T20:05:24.175+0000] {logging_mixin.py:151} INFO - [2023-11-03T20:05:24.175+0000] {dag.py:3722} INFO - Setting next_dagrun for example_xcom_args to None, run_after=None
[2023-11-03T20:05:24.187+0000] {logging_mixin.py:151} INFO - [2023-11-03T20:05:24.187+0000] {dag.py:3722} INFO - Setting next_dagrun for example_xcom_args_with_operators to None, run_after=None
[2023-11-03T20:05:24.241+0000] {processor.py:179} INFO - Processing /home/airflow/.local/lib/python3.8/site-packages/airflow/example_dags/example_xcomargs.py took 0.218 seconds
[2023-11-03T20:05:54.620+0000] {processor.py:157} INFO - Started process (PID=36293) to work on /home/airflow/.local/lib/python3.8/site-packages/airflow/example_dags/example_xcomargs.py
[2023-11-03T20:05:54.624+0000] {processor.py:829} INFO - Processing file /home/airflow/.local/lib/python3.8/site-packages/airflow/example_dags/example_xcomargs.py for tasks to queue
[2023-11-03T20:05:54.632+0000] {logging_mixin.py:151} INFO - [2023-11-03T20:05:54.631+0000] {dagbag.py:536} INFO - Filling up the DagBag from /home/airflow/.local/lib/python3.8/site-packages/airflow/example_dags/example_xcomargs.py
[2023-11-03T20:05:54.656+0000] {processor.py:839} INFO - DAG(s) dict_keys(['example_xcom_args_with_operators', 'example_xcom_args']) retrieved from /home/airflow/.local/lib/python3.8/site-packages/airflow/example_dags/example_xcomargs.py
[2023-11-03T20:05:54.729+0000] {logging_mixin.py:151} INFO - [2023-11-03T20:05:54.729+0000] {dag.py:2941} INFO - Sync 2 DAGs
[2023-11-03T20:05:54.762+0000] {logging_mixin.py:151} INFO - [2023-11-03T20:05:54.762+0000] {dag.py:3722} INFO - Setting next_dagrun for example_xcom_args to None, run_after=None
[2023-11-03T20:05:54.774+0000] {logging_mixin.py:151} INFO - [2023-11-03T20:05:54.773+0000] {dag.py:3722} INFO - Setting next_dagrun for example_xcom_args_with_operators to None, run_after=None
[2023-11-03T20:05:54.824+0000] {processor.py:179} INFO - Processing /home/airflow/.local/lib/python3.8/site-packages/airflow/example_dags/example_xcomargs.py took 0.214 seconds
