[2023-11-03T19:42:41.402+0000] {processor.py:157} INFO - Started process (PID=33487) to work on /home/airflow/.local/lib/python3.8/site-packages/airflow/example_dags/example_short_circuit_operator.py
[2023-11-03T19:42:41.407+0000] {processor.py:829} INFO - Processing file /home/airflow/.local/lib/python3.8/site-packages/airflow/example_dags/example_short_circuit_operator.py for tasks to queue
[2023-11-03T19:42:41.420+0000] {logging_mixin.py:151} INFO - [2023-11-03T19:42:41.418+0000] {dagbag.py:536} INFO - Filling up the DagBag from /home/airflow/.local/lib/python3.8/site-packages/airflow/example_dags/example_short_circuit_operator.py
[2023-11-03T19:42:41.465+0000] {processor.py:839} INFO - DAG(s) dict_keys(['example_short_circuit_operator']) retrieved from /home/airflow/.local/lib/python3.8/site-packages/airflow/example_dags/example_short_circuit_operator.py
[2023-11-03T19:42:41.672+0000] {logging_mixin.py:151} INFO - [2023-11-03T19:42:41.671+0000] {dag.py:2941} INFO - Sync 1 DAGs
[2023-11-03T19:42:41.939+0000] {logging_mixin.py:151} INFO - [2023-11-03T19:42:41.938+0000] {dag.py:3722} INFO - Setting next_dagrun for example_short_circuit_operator to 2023-11-02T19:42:41.937288+00:00, run_after=2023-11-03T19:42:41.937288+00:00
[2023-11-03T19:42:42.202+0000] {processor.py:179} INFO - Processing /home/airflow/.local/lib/python3.8/site-packages/airflow/example_dags/example_short_circuit_operator.py took 0.813 seconds
[2023-11-03T19:43:12.358+0000] {processor.py:157} INFO - Started process (PID=33549) to work on /home/airflow/.local/lib/python3.8/site-packages/airflow/example_dags/example_short_circuit_operator.py
[2023-11-03T19:43:12.360+0000] {processor.py:829} INFO - Processing file /home/airflow/.local/lib/python3.8/site-packages/airflow/example_dags/example_short_circuit_operator.py for tasks to queue
[2023-11-03T19:43:12.368+0000] {logging_mixin.py:151} INFO - [2023-11-03T19:43:12.367+0000] {dagbag.py:536} INFO - Filling up the DagBag from /home/airflow/.local/lib/python3.8/site-packages/airflow/example_dags/example_short_circuit_operator.py
[2023-11-03T19:43:12.387+0000] {processor.py:839} INFO - DAG(s) dict_keys(['example_short_circuit_operator']) retrieved from /home/airflow/.local/lib/python3.8/site-packages/airflow/example_dags/example_short_circuit_operator.py
[2023-11-03T19:43:12.467+0000] {logging_mixin.py:151} INFO - [2023-11-03T19:43:12.466+0000] {dag.py:2941} INFO - Sync 1 DAGs
[2023-11-03T19:43:12.534+0000] {logging_mixin.py:151} INFO - [2023-11-03T19:43:12.533+0000] {dag.py:3722} INFO - Setting next_dagrun for example_short_circuit_operator to 2023-11-02T19:43:12.533240+00:00, run_after=2023-11-03T19:43:12.533240+00:00
[2023-11-03T19:43:12.607+0000] {processor.py:179} INFO - Processing /home/airflow/.local/lib/python3.8/site-packages/airflow/example_dags/example_short_circuit_operator.py took 0.258 seconds
[2023-11-03T19:43:43.195+0000] {processor.py:157} INFO - Started process (PID=33611) to work on /home/airflow/.local/lib/python3.8/site-packages/airflow/example_dags/example_short_circuit_operator.py
[2023-11-03T19:43:43.199+0000] {processor.py:829} INFO - Processing file /home/airflow/.local/lib/python3.8/site-packages/airflow/example_dags/example_short_circuit_operator.py for tasks to queue
[2023-11-03T19:43:43.206+0000] {logging_mixin.py:151} INFO - [2023-11-03T19:43:43.205+0000] {dagbag.py:536} INFO - Filling up the DagBag from /home/airflow/.local/lib/python3.8/site-packages/airflow/example_dags/example_short_circuit_operator.py
[2023-11-03T19:43:43.224+0000] {processor.py:839} INFO - DAG(s) dict_keys(['example_short_circuit_operator']) retrieved from /home/airflow/.local/lib/python3.8/site-packages/airflow/example_dags/example_short_circuit_operator.py
[2023-11-03T19:43:43.286+0000] {logging_mixin.py:151} INFO - [2023-11-03T19:43:43.285+0000] {dag.py:2941} INFO - Sync 1 DAGs
[2023-11-03T19:43:43.353+0000] {logging_mixin.py:151} INFO - [2023-11-03T19:43:43.352+0000] {dag.py:3722} INFO - Setting next_dagrun for example_short_circuit_operator to 2023-11-02T19:43:43.351835+00:00, run_after=2023-11-03T19:43:43.351835+00:00
[2023-11-03T19:43:43.420+0000] {processor.py:179} INFO - Processing /home/airflow/.local/lib/python3.8/site-packages/airflow/example_dags/example_short_circuit_operator.py took 0.235 seconds
[2023-11-03T19:44:13.885+0000] {processor.py:157} INFO - Started process (PID=33673) to work on /home/airflow/.local/lib/python3.8/site-packages/airflow/example_dags/example_short_circuit_operator.py
[2023-11-03T19:44:13.887+0000] {processor.py:829} INFO - Processing file /home/airflow/.local/lib/python3.8/site-packages/airflow/example_dags/example_short_circuit_operator.py for tasks to queue
[2023-11-03T19:44:13.893+0000] {logging_mixin.py:151} INFO - [2023-11-03T19:44:13.892+0000] {dagbag.py:536} INFO - Filling up the DagBag from /home/airflow/.local/lib/python3.8/site-packages/airflow/example_dags/example_short_circuit_operator.py
[2023-11-03T19:44:13.912+0000] {processor.py:839} INFO - DAG(s) dict_keys(['example_short_circuit_operator']) retrieved from /home/airflow/.local/lib/python3.8/site-packages/airflow/example_dags/example_short_circuit_operator.py
[2023-11-03T19:44:13.987+0000] {logging_mixin.py:151} INFO - [2023-11-03T19:44:13.986+0000] {dag.py:2941} INFO - Sync 1 DAGs
[2023-11-03T19:44:14.052+0000] {logging_mixin.py:151} INFO - [2023-11-03T19:44:14.052+0000] {dag.py:3722} INFO - Setting next_dagrun for example_short_circuit_operator to 2023-11-02T19:44:14.051477+00:00, run_after=2023-11-03T19:44:14.051477+00:00
[2023-11-03T19:44:14.108+0000] {processor.py:179} INFO - Processing /home/airflow/.local/lib/python3.8/site-packages/airflow/example_dags/example_short_circuit_operator.py took 0.231 seconds
[2023-11-03T19:44:44.302+0000] {processor.py:157} INFO - Started process (PID=33735) to work on /home/airflow/.local/lib/python3.8/site-packages/airflow/example_dags/example_short_circuit_operator.py
[2023-11-03T19:44:44.304+0000] {processor.py:829} INFO - Processing file /home/airflow/.local/lib/python3.8/site-packages/airflow/example_dags/example_short_circuit_operator.py for tasks to queue
[2023-11-03T19:44:44.311+0000] {logging_mixin.py:151} INFO - [2023-11-03T19:44:44.310+0000] {dagbag.py:536} INFO - Filling up the DagBag from /home/airflow/.local/lib/python3.8/site-packages/airflow/example_dags/example_short_circuit_operator.py
[2023-11-03T19:44:44.333+0000] {processor.py:839} INFO - DAG(s) dict_keys(['example_short_circuit_operator']) retrieved from /home/airflow/.local/lib/python3.8/site-packages/airflow/example_dags/example_short_circuit_operator.py
[2023-11-03T19:44:44.392+0000] {logging_mixin.py:151} INFO - [2023-11-03T19:44:44.391+0000] {dag.py:2941} INFO - Sync 1 DAGs
[2023-11-03T19:44:44.474+0000] {logging_mixin.py:151} INFO - [2023-11-03T19:44:44.473+0000] {dag.py:3722} INFO - Setting next_dagrun for example_short_circuit_operator to 2023-11-02T19:44:44.472921+00:00, run_after=2023-11-03T19:44:44.472921+00:00
[2023-11-03T19:44:44.524+0000] {processor.py:179} INFO - Processing /home/airflow/.local/lib/python3.8/site-packages/airflow/example_dags/example_short_circuit_operator.py took 0.233 seconds
[2023-11-03T19:45:14.698+0000] {processor.py:157} INFO - Started process (PID=33798) to work on /home/airflow/.local/lib/python3.8/site-packages/airflow/example_dags/example_short_circuit_operator.py
[2023-11-03T19:45:14.700+0000] {processor.py:829} INFO - Processing file /home/airflow/.local/lib/python3.8/site-packages/airflow/example_dags/example_short_circuit_operator.py for tasks to queue
[2023-11-03T19:45:14.708+0000] {logging_mixin.py:151} INFO - [2023-11-03T19:45:14.706+0000] {dagbag.py:536} INFO - Filling up the DagBag from /home/airflow/.local/lib/python3.8/site-packages/airflow/example_dags/example_short_circuit_operator.py
[2023-11-03T19:45:14.729+0000] {processor.py:839} INFO - DAG(s) dict_keys(['example_short_circuit_operator']) retrieved from /home/airflow/.local/lib/python3.8/site-packages/airflow/example_dags/example_short_circuit_operator.py
[2023-11-03T19:45:14.784+0000] {logging_mixin.py:151} INFO - [2023-11-03T19:45:14.784+0000] {dag.py:2941} INFO - Sync 1 DAGs
[2023-11-03T19:45:14.840+0000] {logging_mixin.py:151} INFO - [2023-11-03T19:45:14.839+0000] {dag.py:3722} INFO - Setting next_dagrun for example_short_circuit_operator to 2023-11-02T19:45:14.839025+00:00, run_after=2023-11-03T19:45:14.839025+00:00
[2023-11-03T19:45:14.893+0000] {processor.py:179} INFO - Processing /home/airflow/.local/lib/python3.8/site-packages/airflow/example_dags/example_short_circuit_operator.py took 0.208 seconds
[2023-11-03T19:45:45.614+0000] {processor.py:157} INFO - Started process (PID=33860) to work on /home/airflow/.local/lib/python3.8/site-packages/airflow/example_dags/example_short_circuit_operator.py
[2023-11-03T19:45:45.617+0000] {processor.py:829} INFO - Processing file /home/airflow/.local/lib/python3.8/site-packages/airflow/example_dags/example_short_circuit_operator.py for tasks to queue
[2023-11-03T19:45:45.627+0000] {logging_mixin.py:151} INFO - [2023-11-03T19:45:45.626+0000] {dagbag.py:536} INFO - Filling up the DagBag from /home/airflow/.local/lib/python3.8/site-packages/airflow/example_dags/example_short_circuit_operator.py
[2023-11-03T19:45:45.650+0000] {processor.py:839} INFO - DAG(s) dict_keys(['example_short_circuit_operator']) retrieved from /home/airflow/.local/lib/python3.8/site-packages/airflow/example_dags/example_short_circuit_operator.py
[2023-11-03T19:45:45.727+0000] {logging_mixin.py:151} INFO - [2023-11-03T19:45:45.727+0000] {dag.py:2941} INFO - Sync 1 DAGs
[2023-11-03T19:45:45.864+0000] {logging_mixin.py:151} INFO - [2023-11-03T19:45:45.863+0000] {dag.py:3722} INFO - Setting next_dagrun for example_short_circuit_operator to 2023-11-02T19:45:45.863158+00:00, run_after=2023-11-03T19:45:45.863158+00:00
[2023-11-03T19:45:45.977+0000] {processor.py:179} INFO - Processing /home/airflow/.local/lib/python3.8/site-packages/airflow/example_dags/example_short_circuit_operator.py took 0.377 seconds
[2023-11-03T19:46:16.254+0000] {processor.py:157} INFO - Started process (PID=33922) to work on /home/airflow/.local/lib/python3.8/site-packages/airflow/example_dags/example_short_circuit_operator.py
[2023-11-03T19:46:16.256+0000] {processor.py:829} INFO - Processing file /home/airflow/.local/lib/python3.8/site-packages/airflow/example_dags/example_short_circuit_operator.py for tasks to queue
[2023-11-03T19:46:16.264+0000] {logging_mixin.py:151} INFO - [2023-11-03T19:46:16.263+0000] {dagbag.py:536} INFO - Filling up the DagBag from /home/airflow/.local/lib/python3.8/site-packages/airflow/example_dags/example_short_circuit_operator.py
[2023-11-03T19:46:16.285+0000] {processor.py:839} INFO - DAG(s) dict_keys(['example_short_circuit_operator']) retrieved from /home/airflow/.local/lib/python3.8/site-packages/airflow/example_dags/example_short_circuit_operator.py
[2023-11-03T19:46:16.343+0000] {logging_mixin.py:151} INFO - [2023-11-03T19:46:16.342+0000] {dag.py:2941} INFO - Sync 1 DAGs
[2023-11-03T19:46:16.400+0000] {logging_mixin.py:151} INFO - [2023-11-03T19:46:16.399+0000] {dag.py:3722} INFO - Setting next_dagrun for example_short_circuit_operator to 2023-11-02T19:46:16.399400+00:00, run_after=2023-11-03T19:46:16.399400+00:00
[2023-11-03T19:46:16.459+0000] {processor.py:179} INFO - Processing /home/airflow/.local/lib/python3.8/site-packages/airflow/example_dags/example_short_circuit_operator.py took 0.211 seconds
[2023-11-03T19:46:46.615+0000] {processor.py:157} INFO - Started process (PID=33984) to work on /home/airflow/.local/lib/python3.8/site-packages/airflow/example_dags/example_short_circuit_operator.py
[2023-11-03T19:46:46.619+0000] {processor.py:829} INFO - Processing file /home/airflow/.local/lib/python3.8/site-packages/airflow/example_dags/example_short_circuit_operator.py for tasks to queue
[2023-11-03T19:46:46.627+0000] {logging_mixin.py:151} INFO - [2023-11-03T19:46:46.626+0000] {dagbag.py:536} INFO - Filling up the DagBag from /home/airflow/.local/lib/python3.8/site-packages/airflow/example_dags/example_short_circuit_operator.py
[2023-11-03T19:46:46.655+0000] {processor.py:839} INFO - DAG(s) dict_keys(['example_short_circuit_operator']) retrieved from /home/airflow/.local/lib/python3.8/site-packages/airflow/example_dags/example_short_circuit_operator.py
[2023-11-03T19:46:46.733+0000] {logging_mixin.py:151} INFO - [2023-11-03T19:46:46.732+0000] {dag.py:2941} INFO - Sync 1 DAGs
[2023-11-03T19:46:46.791+0000] {logging_mixin.py:151} INFO - [2023-11-03T19:46:46.791+0000] {dag.py:3722} INFO - Setting next_dagrun for example_short_circuit_operator to 2023-11-02T19:46:46.790597+00:00, run_after=2023-11-03T19:46:46.790597+00:00
[2023-11-03T19:46:46.857+0000] {processor.py:179} INFO - Processing /home/airflow/.local/lib/python3.8/site-packages/airflow/example_dags/example_short_circuit_operator.py took 0.256 seconds
[2023-11-03T19:47:16.992+0000] {processor.py:157} INFO - Started process (PID=34046) to work on /home/airflow/.local/lib/python3.8/site-packages/airflow/example_dags/example_short_circuit_operator.py
[2023-11-03T19:47:16.995+0000] {processor.py:829} INFO - Processing file /home/airflow/.local/lib/python3.8/site-packages/airflow/example_dags/example_short_circuit_operator.py for tasks to queue
[2023-11-03T19:47:17.004+0000] {logging_mixin.py:151} INFO - [2023-11-03T19:47:17.003+0000] {dagbag.py:536} INFO - Filling up the DagBag from /home/airflow/.local/lib/python3.8/site-packages/airflow/example_dags/example_short_circuit_operator.py
[2023-11-03T19:47:17.032+0000] {processor.py:839} INFO - DAG(s) dict_keys(['example_short_circuit_operator']) retrieved from /home/airflow/.local/lib/python3.8/site-packages/airflow/example_dags/example_short_circuit_operator.py
[2023-11-03T19:47:17.107+0000] {logging_mixin.py:151} INFO - [2023-11-03T19:47:17.106+0000] {dag.py:2941} INFO - Sync 1 DAGs
[2023-11-03T19:47:17.175+0000] {logging_mixin.py:151} INFO - [2023-11-03T19:47:17.174+0000] {dag.py:3722} INFO - Setting next_dagrun for example_short_circuit_operator to 2023-11-02T19:47:17.174168+00:00, run_after=2023-11-03T19:47:17.174168+00:00
[2023-11-03T19:47:17.296+0000] {processor.py:179} INFO - Processing /home/airflow/.local/lib/python3.8/site-packages/airflow/example_dags/example_short_circuit_operator.py took 0.314 seconds
[2023-11-03T19:47:47.817+0000] {processor.py:157} INFO - Started process (PID=34108) to work on /home/airflow/.local/lib/python3.8/site-packages/airflow/example_dags/example_short_circuit_operator.py
[2023-11-03T19:47:47.819+0000] {processor.py:829} INFO - Processing file /home/airflow/.local/lib/python3.8/site-packages/airflow/example_dags/example_short_circuit_operator.py for tasks to queue
[2023-11-03T19:47:47.826+0000] {logging_mixin.py:151} INFO - [2023-11-03T19:47:47.825+0000] {dagbag.py:536} INFO - Filling up the DagBag from /home/airflow/.local/lib/python3.8/site-packages/airflow/example_dags/example_short_circuit_operator.py
[2023-11-03T19:47:47.844+0000] {processor.py:839} INFO - DAG(s) dict_keys(['example_short_circuit_operator']) retrieved from /home/airflow/.local/lib/python3.8/site-packages/airflow/example_dags/example_short_circuit_operator.py
[2023-11-03T19:47:47.897+0000] {logging_mixin.py:151} INFO - [2023-11-03T19:47:47.897+0000] {dag.py:2941} INFO - Sync 1 DAGs
[2023-11-03T19:47:47.952+0000] {logging_mixin.py:151} INFO - [2023-11-03T19:47:47.952+0000] {dag.py:3722} INFO - Setting next_dagrun for example_short_circuit_operator to 2023-11-02T19:47:47.951447+00:00, run_after=2023-11-03T19:47:47.951447+00:00
[2023-11-03T19:47:48.006+0000] {processor.py:179} INFO - Processing /home/airflow/.local/lib/python3.8/site-packages/airflow/example_dags/example_short_circuit_operator.py took 0.196 seconds
[2023-11-03T19:48:18.233+0000] {processor.py:157} INFO - Started process (PID=34170) to work on /home/airflow/.local/lib/python3.8/site-packages/airflow/example_dags/example_short_circuit_operator.py
[2023-11-03T19:48:18.235+0000] {processor.py:829} INFO - Processing file /home/airflow/.local/lib/python3.8/site-packages/airflow/example_dags/example_short_circuit_operator.py for tasks to queue
[2023-11-03T19:48:18.242+0000] {logging_mixin.py:151} INFO - [2023-11-03T19:48:18.240+0000] {dagbag.py:536} INFO - Filling up the DagBag from /home/airflow/.local/lib/python3.8/site-packages/airflow/example_dags/example_short_circuit_operator.py
[2023-11-03T19:48:18.260+0000] {processor.py:839} INFO - DAG(s) dict_keys(['example_short_circuit_operator']) retrieved from /home/airflow/.local/lib/python3.8/site-packages/airflow/example_dags/example_short_circuit_operator.py
[2023-11-03T19:48:18.313+0000] {logging_mixin.py:151} INFO - [2023-11-03T19:48:18.312+0000] {dag.py:2941} INFO - Sync 1 DAGs
[2023-11-03T19:48:18.368+0000] {logging_mixin.py:151} INFO - [2023-11-03T19:48:18.367+0000] {dag.py:3722} INFO - Setting next_dagrun for example_short_circuit_operator to 2023-11-02T19:48:18.366949+00:00, run_after=2023-11-03T19:48:18.366949+00:00
[2023-11-03T19:48:18.420+0000] {processor.py:179} INFO - Processing /home/airflow/.local/lib/python3.8/site-packages/airflow/example_dags/example_short_circuit_operator.py took 0.193 seconds
[2023-11-03T19:48:48.929+0000] {processor.py:157} INFO - Started process (PID=34232) to work on /home/airflow/.local/lib/python3.8/site-packages/airflow/example_dags/example_short_circuit_operator.py
[2023-11-03T19:48:48.932+0000] {processor.py:829} INFO - Processing file /home/airflow/.local/lib/python3.8/site-packages/airflow/example_dags/example_short_circuit_operator.py for tasks to queue
[2023-11-03T19:48:48.938+0000] {logging_mixin.py:151} INFO - [2023-11-03T19:48:48.937+0000] {dagbag.py:536} INFO - Filling up the DagBag from /home/airflow/.local/lib/python3.8/site-packages/airflow/example_dags/example_short_circuit_operator.py
[2023-11-03T19:48:48.962+0000] {processor.py:839} INFO - DAG(s) dict_keys(['example_short_circuit_operator']) retrieved from /home/airflow/.local/lib/python3.8/site-packages/airflow/example_dags/example_short_circuit_operator.py
[2023-11-03T19:48:49.025+0000] {logging_mixin.py:151} INFO - [2023-11-03T19:48:49.025+0000] {dag.py:2941} INFO - Sync 1 DAGs
[2023-11-03T19:48:49.080+0000] {logging_mixin.py:151} INFO - [2023-11-03T19:48:49.080+0000] {dag.py:3722} INFO - Setting next_dagrun for example_short_circuit_operator to 2023-11-02T19:48:49.079427+00:00, run_after=2023-11-03T19:48:49.079427+00:00
[2023-11-03T19:48:49.139+0000] {processor.py:179} INFO - Processing /home/airflow/.local/lib/python3.8/site-packages/airflow/example_dags/example_short_circuit_operator.py took 0.218 seconds
[2023-11-03T19:49:19.550+0000] {processor.py:157} INFO - Started process (PID=34294) to work on /home/airflow/.local/lib/python3.8/site-packages/airflow/example_dags/example_short_circuit_operator.py
[2023-11-03T19:49:19.553+0000] {processor.py:829} INFO - Processing file /home/airflow/.local/lib/python3.8/site-packages/airflow/example_dags/example_short_circuit_operator.py for tasks to queue
[2023-11-03T19:49:19.560+0000] {logging_mixin.py:151} INFO - [2023-11-03T19:49:19.559+0000] {dagbag.py:536} INFO - Filling up the DagBag from /home/airflow/.local/lib/python3.8/site-packages/airflow/example_dags/example_short_circuit_operator.py
[2023-11-03T19:49:19.582+0000] {processor.py:839} INFO - DAG(s) dict_keys(['example_short_circuit_operator']) retrieved from /home/airflow/.local/lib/python3.8/site-packages/airflow/example_dags/example_short_circuit_operator.py
[2023-11-03T19:49:19.640+0000] {logging_mixin.py:151} INFO - [2023-11-03T19:49:19.639+0000] {dag.py:2941} INFO - Sync 1 DAGs
[2023-11-03T19:49:19.698+0000] {logging_mixin.py:151} INFO - [2023-11-03T19:49:19.697+0000] {dag.py:3722} INFO - Setting next_dagrun for example_short_circuit_operator to 2023-11-02T19:49:19.696897+00:00, run_after=2023-11-03T19:49:19.696897+00:00
[2023-11-03T19:49:19.883+0000] {processor.py:179} INFO - Processing /home/airflow/.local/lib/python3.8/site-packages/airflow/example_dags/example_short_circuit_operator.py took 0.340 seconds
[2023-11-03T19:49:50.077+0000] {processor.py:157} INFO - Started process (PID=34356) to work on /home/airflow/.local/lib/python3.8/site-packages/airflow/example_dags/example_short_circuit_operator.py
[2023-11-03T19:49:50.080+0000] {processor.py:829} INFO - Processing file /home/airflow/.local/lib/python3.8/site-packages/airflow/example_dags/example_short_circuit_operator.py for tasks to queue
[2023-11-03T19:49:50.092+0000] {logging_mixin.py:151} INFO - [2023-11-03T19:49:50.090+0000] {dagbag.py:536} INFO - Filling up the DagBag from /home/airflow/.local/lib/python3.8/site-packages/airflow/example_dags/example_short_circuit_operator.py
[2023-11-03T19:49:50.111+0000] {processor.py:839} INFO - DAG(s) dict_keys(['example_short_circuit_operator']) retrieved from /home/airflow/.local/lib/python3.8/site-packages/airflow/example_dags/example_short_circuit_operator.py
[2023-11-03T19:49:50.168+0000] {logging_mixin.py:151} INFO - [2023-11-03T19:49:50.167+0000] {dag.py:2941} INFO - Sync 1 DAGs
[2023-11-03T19:49:50.224+0000] {logging_mixin.py:151} INFO - [2023-11-03T19:49:50.223+0000] {dag.py:3722} INFO - Setting next_dagrun for example_short_circuit_operator to 2023-11-02T19:49:50.223290+00:00, run_after=2023-11-03T19:49:50.223290+00:00
[2023-11-03T19:49:50.279+0000] {processor.py:179} INFO - Processing /home/airflow/.local/lib/python3.8/site-packages/airflow/example_dags/example_short_circuit_operator.py took 0.209 seconds
[2023-11-03T19:50:20.695+0000] {processor.py:157} INFO - Started process (PID=34418) to work on /home/airflow/.local/lib/python3.8/site-packages/airflow/example_dags/example_short_circuit_operator.py
[2023-11-03T19:50:20.699+0000] {processor.py:829} INFO - Processing file /home/airflow/.local/lib/python3.8/site-packages/airflow/example_dags/example_short_circuit_operator.py for tasks to queue
[2023-11-03T19:50:20.712+0000] {logging_mixin.py:151} INFO - [2023-11-03T19:50:20.710+0000] {dagbag.py:536} INFO - Filling up the DagBag from /home/airflow/.local/lib/python3.8/site-packages/airflow/example_dags/example_short_circuit_operator.py
[2023-11-03T19:50:20.732+0000] {processor.py:839} INFO - DAG(s) dict_keys(['example_short_circuit_operator']) retrieved from /home/airflow/.local/lib/python3.8/site-packages/airflow/example_dags/example_short_circuit_operator.py
[2023-11-03T19:50:20.793+0000] {logging_mixin.py:151} INFO - [2023-11-03T19:50:20.792+0000] {dag.py:2941} INFO - Sync 1 DAGs
[2023-11-03T19:50:20.847+0000] {logging_mixin.py:151} INFO - [2023-11-03T19:50:20.847+0000] {dag.py:3722} INFO - Setting next_dagrun for example_short_circuit_operator to 2023-11-02T19:50:20.846491+00:00, run_after=2023-11-03T19:50:20.846491+00:00
[2023-11-03T19:50:20.907+0000] {processor.py:179} INFO - Processing /home/airflow/.local/lib/python3.8/site-packages/airflow/example_dags/example_short_circuit_operator.py took 0.222 seconds
[2023-11-03T19:50:51.797+0000] {processor.py:157} INFO - Started process (PID=34480) to work on /home/airflow/.local/lib/python3.8/site-packages/airflow/example_dags/example_short_circuit_operator.py
[2023-11-03T19:50:51.799+0000] {processor.py:829} INFO - Processing file /home/airflow/.local/lib/python3.8/site-packages/airflow/example_dags/example_short_circuit_operator.py for tasks to queue
[2023-11-03T19:50:51.806+0000] {logging_mixin.py:151} INFO - [2023-11-03T19:50:51.804+0000] {dagbag.py:536} INFO - Filling up the DagBag from /home/airflow/.local/lib/python3.8/site-packages/airflow/example_dags/example_short_circuit_operator.py
[2023-11-03T19:50:51.825+0000] {processor.py:839} INFO - DAG(s) dict_keys(['example_short_circuit_operator']) retrieved from /home/airflow/.local/lib/python3.8/site-packages/airflow/example_dags/example_short_circuit_operator.py
[2023-11-03T19:50:51.881+0000] {logging_mixin.py:151} INFO - [2023-11-03T19:50:51.881+0000] {dag.py:2941} INFO - Sync 1 DAGs
[2023-11-03T19:50:51.936+0000] {logging_mixin.py:151} INFO - [2023-11-03T19:50:51.935+0000] {dag.py:3722} INFO - Setting next_dagrun for example_short_circuit_operator to 2023-11-02T19:50:51.935365+00:00, run_after=2023-11-03T19:50:51.935365+00:00
[2023-11-03T19:50:51.991+0000] {processor.py:179} INFO - Processing /home/airflow/.local/lib/python3.8/site-packages/airflow/example_dags/example_short_circuit_operator.py took 0.201 seconds
[2023-11-03T19:51:22.623+0000] {processor.py:157} INFO - Started process (PID=34542) to work on /home/airflow/.local/lib/python3.8/site-packages/airflow/example_dags/example_short_circuit_operator.py
[2023-11-03T19:51:22.626+0000] {processor.py:829} INFO - Processing file /home/airflow/.local/lib/python3.8/site-packages/airflow/example_dags/example_short_circuit_operator.py for tasks to queue
[2023-11-03T19:51:22.636+0000] {logging_mixin.py:151} INFO - [2023-11-03T19:51:22.634+0000] {dagbag.py:536} INFO - Filling up the DagBag from /home/airflow/.local/lib/python3.8/site-packages/airflow/example_dags/example_short_circuit_operator.py
[2023-11-03T19:51:22.661+0000] {processor.py:839} INFO - DAG(s) dict_keys(['example_short_circuit_operator']) retrieved from /home/airflow/.local/lib/python3.8/site-packages/airflow/example_dags/example_short_circuit_operator.py
[2023-11-03T19:51:22.730+0000] {logging_mixin.py:151} INFO - [2023-11-03T19:51:22.729+0000] {dag.py:2941} INFO - Sync 1 DAGs
[2023-11-03T19:51:22.787+0000] {logging_mixin.py:151} INFO - [2023-11-03T19:51:22.786+0000] {dag.py:3722} INFO - Setting next_dagrun for example_short_circuit_operator to 2023-11-02T19:51:22.786070+00:00, run_after=2023-11-03T19:51:22.786070+00:00
[2023-11-03T19:51:22.847+0000] {processor.py:179} INFO - Processing /home/airflow/.local/lib/python3.8/site-packages/airflow/example_dags/example_short_circuit_operator.py took 0.237 seconds
[2023-11-03T19:51:53.327+0000] {processor.py:157} INFO - Started process (PID=34604) to work on /home/airflow/.local/lib/python3.8/site-packages/airflow/example_dags/example_short_circuit_operator.py
[2023-11-03T19:51:53.329+0000] {processor.py:829} INFO - Processing file /home/airflow/.local/lib/python3.8/site-packages/airflow/example_dags/example_short_circuit_operator.py for tasks to queue
[2023-11-03T19:51:53.336+0000] {logging_mixin.py:151} INFO - [2023-11-03T19:51:53.335+0000] {dagbag.py:536} INFO - Filling up the DagBag from /home/airflow/.local/lib/python3.8/site-packages/airflow/example_dags/example_short_circuit_operator.py
[2023-11-03T19:51:53.355+0000] {processor.py:839} INFO - DAG(s) dict_keys(['example_short_circuit_operator']) retrieved from /home/airflow/.local/lib/python3.8/site-packages/airflow/example_dags/example_short_circuit_operator.py
[2023-11-03T19:51:53.408+0000] {logging_mixin.py:151} INFO - [2023-11-03T19:51:53.407+0000] {dag.py:2941} INFO - Sync 1 DAGs
[2023-11-03T19:51:53.464+0000] {logging_mixin.py:151} INFO - [2023-11-03T19:51:53.463+0000] {dag.py:3722} INFO - Setting next_dagrun for example_short_circuit_operator to 2023-11-02T19:51:53.463242+00:00, run_after=2023-11-03T19:51:53.463242+00:00
[2023-11-03T19:51:53.519+0000] {processor.py:179} INFO - Processing /home/airflow/.local/lib/python3.8/site-packages/airflow/example_dags/example_short_circuit_operator.py took 0.200 seconds
[2023-11-03T19:52:23.700+0000] {processor.py:157} INFO - Started process (PID=34666) to work on /home/airflow/.local/lib/python3.8/site-packages/airflow/example_dags/example_short_circuit_operator.py
[2023-11-03T19:52:23.709+0000] {processor.py:829} INFO - Processing file /home/airflow/.local/lib/python3.8/site-packages/airflow/example_dags/example_short_circuit_operator.py for tasks to queue
[2023-11-03T19:52:23.743+0000] {logging_mixin.py:151} INFO - [2023-11-03T19:52:23.742+0000] {dagbag.py:536} INFO - Filling up the DagBag from /home/airflow/.local/lib/python3.8/site-packages/airflow/example_dags/example_short_circuit_operator.py
[2023-11-03T19:52:23.774+0000] {processor.py:839} INFO - DAG(s) dict_keys(['example_short_circuit_operator']) retrieved from /home/airflow/.local/lib/python3.8/site-packages/airflow/example_dags/example_short_circuit_operator.py
[2023-11-03T19:52:23.933+0000] {logging_mixin.py:151} INFO - [2023-11-03T19:52:23.932+0000] {dag.py:2941} INFO - Sync 1 DAGs
[2023-11-03T19:52:23.988+0000] {logging_mixin.py:151} INFO - [2023-11-03T19:52:23.988+0000] {dag.py:3722} INFO - Setting next_dagrun for example_short_circuit_operator to 2023-11-02T19:52:23.987526+00:00, run_after=2023-11-03T19:52:23.987526+00:00
[2023-11-03T19:52:24.049+0000] {processor.py:179} INFO - Processing /home/airflow/.local/lib/python3.8/site-packages/airflow/example_dags/example_short_circuit_operator.py took 0.360 seconds
[2023-11-03T19:52:54.289+0000] {processor.py:157} INFO - Started process (PID=34728) to work on /home/airflow/.local/lib/python3.8/site-packages/airflow/example_dags/example_short_circuit_operator.py
[2023-11-03T19:52:54.292+0000] {processor.py:829} INFO - Processing file /home/airflow/.local/lib/python3.8/site-packages/airflow/example_dags/example_short_circuit_operator.py for tasks to queue
[2023-11-03T19:52:54.300+0000] {logging_mixin.py:151} INFO - [2023-11-03T19:52:54.299+0000] {dagbag.py:536} INFO - Filling up the DagBag from /home/airflow/.local/lib/python3.8/site-packages/airflow/example_dags/example_short_circuit_operator.py
[2023-11-03T19:52:54.319+0000] {processor.py:839} INFO - DAG(s) dict_keys(['example_short_circuit_operator']) retrieved from /home/airflow/.local/lib/python3.8/site-packages/airflow/example_dags/example_short_circuit_operator.py
[2023-11-03T19:52:54.377+0000] {logging_mixin.py:151} INFO - [2023-11-03T19:52:54.376+0000] {dag.py:2941} INFO - Sync 1 DAGs
[2023-11-03T19:52:54.439+0000] {logging_mixin.py:151} INFO - [2023-11-03T19:52:54.438+0000] {dag.py:3722} INFO - Setting next_dagrun for example_short_circuit_operator to 2023-11-02T19:52:54.437902+00:00, run_after=2023-11-03T19:52:54.437902+00:00
[2023-11-03T19:52:54.511+0000] {processor.py:179} INFO - Processing /home/airflow/.local/lib/python3.8/site-packages/airflow/example_dags/example_short_circuit_operator.py took 0.229 seconds
[2023-11-03T19:53:24.713+0000] {processor.py:157} INFO - Started process (PID=34790) to work on /home/airflow/.local/lib/python3.8/site-packages/airflow/example_dags/example_short_circuit_operator.py
[2023-11-03T19:53:24.715+0000] {processor.py:829} INFO - Processing file /home/airflow/.local/lib/python3.8/site-packages/airflow/example_dags/example_short_circuit_operator.py for tasks to queue
[2023-11-03T19:53:24.724+0000] {logging_mixin.py:151} INFO - [2023-11-03T19:53:24.722+0000] {dagbag.py:536} INFO - Filling up the DagBag from /home/airflow/.local/lib/python3.8/site-packages/airflow/example_dags/example_short_circuit_operator.py
[2023-11-03T19:53:24.746+0000] {processor.py:839} INFO - DAG(s) dict_keys(['example_short_circuit_operator']) retrieved from /home/airflow/.local/lib/python3.8/site-packages/airflow/example_dags/example_short_circuit_operator.py
[2023-11-03T19:53:24.801+0000] {logging_mixin.py:151} INFO - [2023-11-03T19:53:24.800+0000] {dag.py:2941} INFO - Sync 1 DAGs
[2023-11-03T19:53:24.851+0000] {logging_mixin.py:151} INFO - [2023-11-03T19:53:24.850+0000] {dag.py:3722} INFO - Setting next_dagrun for example_short_circuit_operator to 2023-11-02T19:53:24.850328+00:00, run_after=2023-11-03T19:53:24.850328+00:00
[2023-11-03T19:53:24.908+0000] {processor.py:179} INFO - Processing /home/airflow/.local/lib/python3.8/site-packages/airflow/example_dags/example_short_circuit_operator.py took 0.202 seconds
[2023-11-03T19:53:55.824+0000] {processor.py:157} INFO - Started process (PID=34852) to work on /home/airflow/.local/lib/python3.8/site-packages/airflow/example_dags/example_short_circuit_operator.py
[2023-11-03T19:53:55.853+0000] {processor.py:829} INFO - Processing file /home/airflow/.local/lib/python3.8/site-packages/airflow/example_dags/example_short_circuit_operator.py for tasks to queue
[2023-11-03T19:53:55.868+0000] {logging_mixin.py:151} INFO - [2023-11-03T19:53:55.867+0000] {dagbag.py:536} INFO - Filling up the DagBag from /home/airflow/.local/lib/python3.8/site-packages/airflow/example_dags/example_short_circuit_operator.py
[2023-11-03T19:53:55.912+0000] {processor.py:839} INFO - DAG(s) dict_keys(['example_short_circuit_operator']) retrieved from /home/airflow/.local/lib/python3.8/site-packages/airflow/example_dags/example_short_circuit_operator.py
[2023-11-03T19:53:55.984+0000] {logging_mixin.py:151} INFO - [2023-11-03T19:53:55.984+0000] {dag.py:2941} INFO - Sync 1 DAGs
[2023-11-03T19:53:56.043+0000] {logging_mixin.py:151} INFO - [2023-11-03T19:53:56.042+0000] {dag.py:3722} INFO - Setting next_dagrun for example_short_circuit_operator to 2023-11-02T19:53:56.042083+00:00, run_after=2023-11-03T19:53:56.042083+00:00
[2023-11-03T19:53:56.123+0000] {processor.py:179} INFO - Processing /home/airflow/.local/lib/python3.8/site-packages/airflow/example_dags/example_short_circuit_operator.py took 0.310 seconds
[2023-11-03T19:54:26.855+0000] {processor.py:157} INFO - Started process (PID=34914) to work on /home/airflow/.local/lib/python3.8/site-packages/airflow/example_dags/example_short_circuit_operator.py
[2023-11-03T19:54:26.858+0000] {processor.py:829} INFO - Processing file /home/airflow/.local/lib/python3.8/site-packages/airflow/example_dags/example_short_circuit_operator.py for tasks to queue
[2023-11-03T19:54:26.869+0000] {logging_mixin.py:151} INFO - [2023-11-03T19:54:26.867+0000] {dagbag.py:536} INFO - Filling up the DagBag from /home/airflow/.local/lib/python3.8/site-packages/airflow/example_dags/example_short_circuit_operator.py
[2023-11-03T19:54:26.897+0000] {processor.py:839} INFO - DAG(s) dict_keys(['example_short_circuit_operator']) retrieved from /home/airflow/.local/lib/python3.8/site-packages/airflow/example_dags/example_short_circuit_operator.py
[2023-11-03T19:54:26.959+0000] {logging_mixin.py:151} INFO - [2023-11-03T19:54:26.958+0000] {dag.py:2941} INFO - Sync 1 DAGs
[2023-11-03T19:54:27.016+0000] {logging_mixin.py:151} INFO - [2023-11-03T19:54:27.016+0000] {dag.py:3722} INFO - Setting next_dagrun for example_short_circuit_operator to 2023-11-02T19:54:27.015563+00:00, run_after=2023-11-03T19:54:27.015563+00:00
[2023-11-03T19:54:27.077+0000] {processor.py:179} INFO - Processing /home/airflow/.local/lib/python3.8/site-packages/airflow/example_dags/example_short_circuit_operator.py took 0.233 seconds
[2023-11-03T19:54:57.289+0000] {processor.py:157} INFO - Started process (PID=34976) to work on /home/airflow/.local/lib/python3.8/site-packages/airflow/example_dags/example_short_circuit_operator.py
[2023-11-03T19:54:57.293+0000] {processor.py:829} INFO - Processing file /home/airflow/.local/lib/python3.8/site-packages/airflow/example_dags/example_short_circuit_operator.py for tasks to queue
[2023-11-03T19:54:57.308+0000] {logging_mixin.py:151} INFO - [2023-11-03T19:54:57.306+0000] {dagbag.py:536} INFO - Filling up the DagBag from /home/airflow/.local/lib/python3.8/site-packages/airflow/example_dags/example_short_circuit_operator.py
[2023-11-03T19:54:57.353+0000] {processor.py:839} INFO - DAG(s) dict_keys(['example_short_circuit_operator']) retrieved from /home/airflow/.local/lib/python3.8/site-packages/airflow/example_dags/example_short_circuit_operator.py
[2023-11-03T19:54:57.491+0000] {logging_mixin.py:151} INFO - [2023-11-03T19:54:57.490+0000] {dag.py:2941} INFO - Sync 1 DAGs
[2023-11-03T19:54:57.643+0000] {logging_mixin.py:151} INFO - [2023-11-03T19:54:57.642+0000] {dag.py:3722} INFO - Setting next_dagrun for example_short_circuit_operator to 2023-11-02T19:54:57.641184+00:00, run_after=2023-11-03T19:54:57.641184+00:00
[2023-11-03T19:54:57.860+0000] {processor.py:179} INFO - Processing /home/airflow/.local/lib/python3.8/site-packages/airflow/example_dags/example_short_circuit_operator.py took 0.583 seconds
[2023-11-03T19:55:28.465+0000] {processor.py:157} INFO - Started process (PID=35038) to work on /home/airflow/.local/lib/python3.8/site-packages/airflow/example_dags/example_short_circuit_operator.py
[2023-11-03T19:55:28.467+0000] {processor.py:829} INFO - Processing file /home/airflow/.local/lib/python3.8/site-packages/airflow/example_dags/example_short_circuit_operator.py for tasks to queue
[2023-11-03T19:55:28.478+0000] {logging_mixin.py:151} INFO - [2023-11-03T19:55:28.476+0000] {dagbag.py:536} INFO - Filling up the DagBag from /home/airflow/.local/lib/python3.8/site-packages/airflow/example_dags/example_short_circuit_operator.py
[2023-11-03T19:55:28.496+0000] {processor.py:839} INFO - DAG(s) dict_keys(['example_short_circuit_operator']) retrieved from /home/airflow/.local/lib/python3.8/site-packages/airflow/example_dags/example_short_circuit_operator.py
[2023-11-03T19:55:28.559+0000] {logging_mixin.py:151} INFO - [2023-11-03T19:55:28.558+0000] {dag.py:2941} INFO - Sync 1 DAGs
[2023-11-03T19:55:28.613+0000] {logging_mixin.py:151} INFO - [2023-11-03T19:55:28.612+0000] {dag.py:3722} INFO - Setting next_dagrun for example_short_circuit_operator to 2023-11-02T19:55:28.612268+00:00, run_after=2023-11-03T19:55:28.612268+00:00
[2023-11-03T19:55:28.665+0000] {processor.py:179} INFO - Processing /home/airflow/.local/lib/python3.8/site-packages/airflow/example_dags/example_short_circuit_operator.py took 0.209 seconds
[2023-11-03T19:55:59.104+0000] {processor.py:157} INFO - Started process (PID=35100) to work on /home/airflow/.local/lib/python3.8/site-packages/airflow/example_dags/example_short_circuit_operator.py
[2023-11-03T19:55:59.106+0000] {processor.py:829} INFO - Processing file /home/airflow/.local/lib/python3.8/site-packages/airflow/example_dags/example_short_circuit_operator.py for tasks to queue
[2023-11-03T19:55:59.115+0000] {logging_mixin.py:151} INFO - [2023-11-03T19:55:59.114+0000] {dagbag.py:536} INFO - Filling up the DagBag from /home/airflow/.local/lib/python3.8/site-packages/airflow/example_dags/example_short_circuit_operator.py
[2023-11-03T19:55:59.145+0000] {processor.py:839} INFO - DAG(s) dict_keys(['example_short_circuit_operator']) retrieved from /home/airflow/.local/lib/python3.8/site-packages/airflow/example_dags/example_short_circuit_operator.py
[2023-11-03T19:55:59.222+0000] {logging_mixin.py:151} INFO - [2023-11-03T19:55:59.221+0000] {dag.py:2941} INFO - Sync 1 DAGs
[2023-11-03T19:55:59.292+0000] {logging_mixin.py:151} INFO - [2023-11-03T19:55:59.292+0000] {dag.py:3722} INFO - Setting next_dagrun for example_short_circuit_operator to 2023-11-02T19:55:59.291459+00:00, run_after=2023-11-03T19:55:59.291459+00:00
[2023-11-03T19:55:59.357+0000] {processor.py:179} INFO - Processing /home/airflow/.local/lib/python3.8/site-packages/airflow/example_dags/example_short_circuit_operator.py took 0.262 seconds
[2023-11-03T19:56:29.564+0000] {processor.py:157} INFO - Started process (PID=35162) to work on /home/airflow/.local/lib/python3.8/site-packages/airflow/example_dags/example_short_circuit_operator.py
[2023-11-03T19:56:29.568+0000] {processor.py:829} INFO - Processing file /home/airflow/.local/lib/python3.8/site-packages/airflow/example_dags/example_short_circuit_operator.py for tasks to queue
[2023-11-03T19:56:29.580+0000] {logging_mixin.py:151} INFO - [2023-11-03T19:56:29.579+0000] {dagbag.py:536} INFO - Filling up the DagBag from /home/airflow/.local/lib/python3.8/site-packages/airflow/example_dags/example_short_circuit_operator.py
[2023-11-03T19:56:29.612+0000] {processor.py:839} INFO - DAG(s) dict_keys(['example_short_circuit_operator']) retrieved from /home/airflow/.local/lib/python3.8/site-packages/airflow/example_dags/example_short_circuit_operator.py
[2023-11-03T19:56:29.673+0000] {logging_mixin.py:151} INFO - [2023-11-03T19:56:29.672+0000] {dag.py:2941} INFO - Sync 1 DAGs
[2023-11-03T19:56:29.744+0000] {logging_mixin.py:151} INFO - [2023-11-03T19:56:29.744+0000] {dag.py:3722} INFO - Setting next_dagrun for example_short_circuit_operator to 2023-11-02T19:56:29.743674+00:00, run_after=2023-11-03T19:56:29.743674+00:00
[2023-11-03T19:56:29.799+0000] {processor.py:179} INFO - Processing /home/airflow/.local/lib/python3.8/site-packages/airflow/example_dags/example_short_circuit_operator.py took 0.249 seconds
[2023-11-03T19:57:00.803+0000] {processor.py:157} INFO - Started process (PID=35224) to work on /home/airflow/.local/lib/python3.8/site-packages/airflow/example_dags/example_short_circuit_operator.py
[2023-11-03T19:57:00.806+0000] {processor.py:829} INFO - Processing file /home/airflow/.local/lib/python3.8/site-packages/airflow/example_dags/example_short_circuit_operator.py for tasks to queue
[2023-11-03T19:57:00.816+0000] {logging_mixin.py:151} INFO - [2023-11-03T19:57:00.814+0000] {dagbag.py:536} INFO - Filling up the DagBag from /home/airflow/.local/lib/python3.8/site-packages/airflow/example_dags/example_short_circuit_operator.py
[2023-11-03T19:57:00.852+0000] {processor.py:839} INFO - DAG(s) dict_keys(['example_short_circuit_operator']) retrieved from /home/airflow/.local/lib/python3.8/site-packages/airflow/example_dags/example_short_circuit_operator.py
[2023-11-03T19:57:00.910+0000] {logging_mixin.py:151} INFO - [2023-11-03T19:57:00.909+0000] {dag.py:2941} INFO - Sync 1 DAGs
[2023-11-03T19:57:00.965+0000] {logging_mixin.py:151} INFO - [2023-11-03T19:57:00.965+0000] {dag.py:3722} INFO - Setting next_dagrun for example_short_circuit_operator to 2023-11-02T19:57:00.964748+00:00, run_after=2023-11-03T19:57:00.964748+00:00
[2023-11-03T19:57:01.029+0000] {processor.py:179} INFO - Processing /home/airflow/.local/lib/python3.8/site-packages/airflow/example_dags/example_short_circuit_operator.py took 0.237 seconds
[2023-11-03T19:57:31.402+0000] {processor.py:157} INFO - Started process (PID=35286) to work on /home/airflow/.local/lib/python3.8/site-packages/airflow/example_dags/example_short_circuit_operator.py
[2023-11-03T19:57:31.405+0000] {processor.py:829} INFO - Processing file /home/airflow/.local/lib/python3.8/site-packages/airflow/example_dags/example_short_circuit_operator.py for tasks to queue
[2023-11-03T19:57:31.414+0000] {logging_mixin.py:151} INFO - [2023-11-03T19:57:31.413+0000] {dagbag.py:536} INFO - Filling up the DagBag from /home/airflow/.local/lib/python3.8/site-packages/airflow/example_dags/example_short_circuit_operator.py
[2023-11-03T19:57:31.450+0000] {processor.py:839} INFO - DAG(s) dict_keys(['example_short_circuit_operator']) retrieved from /home/airflow/.local/lib/python3.8/site-packages/airflow/example_dags/example_short_circuit_operator.py
[2023-11-03T19:57:31.538+0000] {logging_mixin.py:151} INFO - [2023-11-03T19:57:31.537+0000] {dag.py:2941} INFO - Sync 1 DAGs
[2023-11-03T19:57:31.599+0000] {logging_mixin.py:151} INFO - [2023-11-03T19:57:31.598+0000] {dag.py:3722} INFO - Setting next_dagrun for example_short_circuit_operator to 2023-11-02T19:57:31.598354+00:00, run_after=2023-11-03T19:57:31.598354+00:00
[2023-11-03T19:57:31.660+0000] {processor.py:179} INFO - Processing /home/airflow/.local/lib/python3.8/site-packages/airflow/example_dags/example_short_circuit_operator.py took 0.267 seconds
[2023-11-03T19:58:02.200+0000] {processor.py:157} INFO - Started process (PID=35348) to work on /home/airflow/.local/lib/python3.8/site-packages/airflow/example_dags/example_short_circuit_operator.py
[2023-11-03T19:58:02.203+0000] {processor.py:829} INFO - Processing file /home/airflow/.local/lib/python3.8/site-packages/airflow/example_dags/example_short_circuit_operator.py for tasks to queue
[2023-11-03T19:58:02.212+0000] {logging_mixin.py:151} INFO - [2023-11-03T19:58:02.211+0000] {dagbag.py:536} INFO - Filling up the DagBag from /home/airflow/.local/lib/python3.8/site-packages/airflow/example_dags/example_short_circuit_operator.py
[2023-11-03T19:58:02.236+0000] {processor.py:839} INFO - DAG(s) dict_keys(['example_short_circuit_operator']) retrieved from /home/airflow/.local/lib/python3.8/site-packages/airflow/example_dags/example_short_circuit_operator.py
[2023-11-03T19:58:02.305+0000] {logging_mixin.py:151} INFO - [2023-11-03T19:58:02.305+0000] {dag.py:2941} INFO - Sync 1 DAGs
[2023-11-03T19:58:02.382+0000] {logging_mixin.py:151} INFO - [2023-11-03T19:58:02.381+0000] {dag.py:3722} INFO - Setting next_dagrun for example_short_circuit_operator to 2023-11-02T19:58:02.381053+00:00, run_after=2023-11-03T19:58:02.381053+00:00
[2023-11-03T19:58:02.446+0000] {processor.py:179} INFO - Processing /home/airflow/.local/lib/python3.8/site-packages/airflow/example_dags/example_short_circuit_operator.py took 0.255 seconds
[2023-11-03T19:58:33.298+0000] {processor.py:157} INFO - Started process (PID=35410) to work on /home/airflow/.local/lib/python3.8/site-packages/airflow/example_dags/example_short_circuit_operator.py
[2023-11-03T19:58:33.301+0000] {processor.py:829} INFO - Processing file /home/airflow/.local/lib/python3.8/site-packages/airflow/example_dags/example_short_circuit_operator.py for tasks to queue
[2023-11-03T19:58:33.309+0000] {logging_mixin.py:151} INFO - [2023-11-03T19:58:33.308+0000] {dagbag.py:536} INFO - Filling up the DagBag from /home/airflow/.local/lib/python3.8/site-packages/airflow/example_dags/example_short_circuit_operator.py
[2023-11-03T19:58:33.339+0000] {processor.py:839} INFO - DAG(s) dict_keys(['example_short_circuit_operator']) retrieved from /home/airflow/.local/lib/python3.8/site-packages/airflow/example_dags/example_short_circuit_operator.py
[2023-11-03T19:58:33.410+0000] {logging_mixin.py:151} INFO - [2023-11-03T19:58:33.409+0000] {dag.py:2941} INFO - Sync 1 DAGs
[2023-11-03T19:58:33.483+0000] {logging_mixin.py:151} INFO - [2023-11-03T19:58:33.483+0000] {dag.py:3722} INFO - Setting next_dagrun for example_short_circuit_operator to 2023-11-02T19:58:33.482755+00:00, run_after=2023-11-03T19:58:33.482755+00:00
[2023-11-03T19:58:33.544+0000] {processor.py:179} INFO - Processing /home/airflow/.local/lib/python3.8/site-packages/airflow/example_dags/example_short_circuit_operator.py took 0.258 seconds
[2023-11-03T19:59:04.017+0000] {processor.py:157} INFO - Started process (PID=35472) to work on /home/airflow/.local/lib/python3.8/site-packages/airflow/example_dags/example_short_circuit_operator.py
[2023-11-03T19:59:04.019+0000] {processor.py:829} INFO - Processing file /home/airflow/.local/lib/python3.8/site-packages/airflow/example_dags/example_short_circuit_operator.py for tasks to queue
[2023-11-03T19:59:04.026+0000] {logging_mixin.py:151} INFO - [2023-11-03T19:59:04.024+0000] {dagbag.py:536} INFO - Filling up the DagBag from /home/airflow/.local/lib/python3.8/site-packages/airflow/example_dags/example_short_circuit_operator.py
[2023-11-03T19:59:04.047+0000] {processor.py:839} INFO - DAG(s) dict_keys(['example_short_circuit_operator']) retrieved from /home/airflow/.local/lib/python3.8/site-packages/airflow/example_dags/example_short_circuit_operator.py
[2023-11-03T19:59:04.120+0000] {logging_mixin.py:151} INFO - [2023-11-03T19:59:04.119+0000] {dag.py:2941} INFO - Sync 1 DAGs
[2023-11-03T19:59:04.206+0000] {logging_mixin.py:151} INFO - [2023-11-03T19:59:04.205+0000] {dag.py:3722} INFO - Setting next_dagrun for example_short_circuit_operator to 2023-11-02T19:59:04.204365+00:00, run_after=2023-11-03T19:59:04.204365+00:00
[2023-11-03T19:59:04.265+0000] {processor.py:179} INFO - Processing /home/airflow/.local/lib/python3.8/site-packages/airflow/example_dags/example_short_circuit_operator.py took 0.256 seconds
[2023-11-03T19:59:35.037+0000] {processor.py:157} INFO - Started process (PID=35534) to work on /home/airflow/.local/lib/python3.8/site-packages/airflow/example_dags/example_short_circuit_operator.py
[2023-11-03T19:59:35.040+0000] {processor.py:829} INFO - Processing file /home/airflow/.local/lib/python3.8/site-packages/airflow/example_dags/example_short_circuit_operator.py for tasks to queue
[2023-11-03T19:59:35.049+0000] {logging_mixin.py:151} INFO - [2023-11-03T19:59:35.047+0000] {dagbag.py:536} INFO - Filling up the DagBag from /home/airflow/.local/lib/python3.8/site-packages/airflow/example_dags/example_short_circuit_operator.py
[2023-11-03T19:59:35.080+0000] {processor.py:839} INFO - DAG(s) dict_keys(['example_short_circuit_operator']) retrieved from /home/airflow/.local/lib/python3.8/site-packages/airflow/example_dags/example_short_circuit_operator.py
[2023-11-03T19:59:35.158+0000] {logging_mixin.py:151} INFO - [2023-11-03T19:59:35.157+0000] {dag.py:2941} INFO - Sync 1 DAGs
[2023-11-03T19:59:35.233+0000] {logging_mixin.py:151} INFO - [2023-11-03T19:59:35.232+0000] {dag.py:3722} INFO - Setting next_dagrun for example_short_circuit_operator to 2023-11-02T19:59:35.232265+00:00, run_after=2023-11-03T19:59:35.232265+00:00
[2023-11-03T19:59:35.294+0000] {processor.py:179} INFO - Processing /home/airflow/.local/lib/python3.8/site-packages/airflow/example_dags/example_short_circuit_operator.py took 0.269 seconds
[2023-11-03T20:00:05.748+0000] {processor.py:157} INFO - Started process (PID=35596) to work on /home/airflow/.local/lib/python3.8/site-packages/airflow/example_dags/example_short_circuit_operator.py
[2023-11-03T20:00:05.766+0000] {processor.py:829} INFO - Processing file /home/airflow/.local/lib/python3.8/site-packages/airflow/example_dags/example_short_circuit_operator.py for tasks to queue
[2023-11-03T20:00:05.773+0000] {logging_mixin.py:151} INFO - [2023-11-03T20:00:05.772+0000] {dagbag.py:536} INFO - Filling up the DagBag from /home/airflow/.local/lib/python3.8/site-packages/airflow/example_dags/example_short_circuit_operator.py
[2023-11-03T20:00:05.826+0000] {processor.py:839} INFO - DAG(s) dict_keys(['example_short_circuit_operator']) retrieved from /home/airflow/.local/lib/python3.8/site-packages/airflow/example_dags/example_short_circuit_operator.py
[2023-11-03T20:00:06.005+0000] {logging_mixin.py:151} INFO - [2023-11-03T20:00:06.004+0000] {dag.py:2941} INFO - Sync 1 DAGs
[2023-11-03T20:00:06.095+0000] {logging_mixin.py:151} INFO - [2023-11-03T20:00:06.094+0000] {dag.py:3722} INFO - Setting next_dagrun for example_short_circuit_operator to 2023-11-02T20:00:06.093541+00:00, run_after=2023-11-03T20:00:06.093541+00:00
[2023-11-03T20:00:06.170+0000] {processor.py:179} INFO - Processing /home/airflow/.local/lib/python3.8/site-packages/airflow/example_dags/example_short_circuit_operator.py took 0.431 seconds
[2023-11-03T20:00:36.336+0000] {processor.py:157} INFO - Started process (PID=35658) to work on /home/airflow/.local/lib/python3.8/site-packages/airflow/example_dags/example_short_circuit_operator.py
[2023-11-03T20:00:36.339+0000] {processor.py:829} INFO - Processing file /home/airflow/.local/lib/python3.8/site-packages/airflow/example_dags/example_short_circuit_operator.py for tasks to queue
[2023-11-03T20:00:36.348+0000] {logging_mixin.py:151} INFO - [2023-11-03T20:00:36.346+0000] {dagbag.py:536} INFO - Filling up the DagBag from /home/airflow/.local/lib/python3.8/site-packages/airflow/example_dags/example_short_circuit_operator.py
[2023-11-03T20:00:36.378+0000] {processor.py:839} INFO - DAG(s) dict_keys(['example_short_circuit_operator']) retrieved from /home/airflow/.local/lib/python3.8/site-packages/airflow/example_dags/example_short_circuit_operator.py
[2023-11-03T20:00:36.441+0000] {logging_mixin.py:151} INFO - [2023-11-03T20:00:36.440+0000] {dag.py:2941} INFO - Sync 1 DAGs
[2023-11-03T20:00:36.508+0000] {logging_mixin.py:151} INFO - [2023-11-03T20:00:36.508+0000] {dag.py:3722} INFO - Setting next_dagrun for example_short_circuit_operator to 2023-11-02T20:00:36.507558+00:00, run_after=2023-11-03T20:00:36.507558+00:00
[2023-11-03T20:00:36.564+0000] {processor.py:179} INFO - Processing /home/airflow/.local/lib/python3.8/site-packages/airflow/example_dags/example_short_circuit_operator.py took 0.236 seconds
[2023-11-03T20:01:07.376+0000] {processor.py:157} INFO - Started process (PID=35727) to work on /home/airflow/.local/lib/python3.8/site-packages/airflow/example_dags/example_short_circuit_operator.py
[2023-11-03T20:01:07.381+0000] {processor.py:829} INFO - Processing file /home/airflow/.local/lib/python3.8/site-packages/airflow/example_dags/example_short_circuit_operator.py for tasks to queue
[2023-11-03T20:01:07.394+0000] {logging_mixin.py:151} INFO - [2023-11-03T20:01:07.392+0000] {dagbag.py:536} INFO - Filling up the DagBag from /home/airflow/.local/lib/python3.8/site-packages/airflow/example_dags/example_short_circuit_operator.py
[2023-11-03T20:01:07.429+0000] {processor.py:839} INFO - DAG(s) dict_keys(['example_short_circuit_operator']) retrieved from /home/airflow/.local/lib/python3.8/site-packages/airflow/example_dags/example_short_circuit_operator.py
[2023-11-03T20:01:07.523+0000] {logging_mixin.py:151} INFO - [2023-11-03T20:01:07.522+0000] {dag.py:2941} INFO - Sync 1 DAGs
[2023-11-03T20:01:07.581+0000] {logging_mixin.py:151} INFO - [2023-11-03T20:01:07.580+0000] {dag.py:3722} INFO - Setting next_dagrun for example_short_circuit_operator to 2023-11-02T20:01:07.579924+00:00, run_after=2023-11-03T20:01:07.579924+00:00
[2023-11-03T20:01:07.637+0000] {processor.py:179} INFO - Processing /home/airflow/.local/lib/python3.8/site-packages/airflow/example_dags/example_short_circuit_operator.py took 0.275 seconds
[2023-11-03T20:01:37.832+0000] {processor.py:157} INFO - Started process (PID=35789) to work on /home/airflow/.local/lib/python3.8/site-packages/airflow/example_dags/example_short_circuit_operator.py
[2023-11-03T20:01:37.836+0000] {processor.py:829} INFO - Processing file /home/airflow/.local/lib/python3.8/site-packages/airflow/example_dags/example_short_circuit_operator.py for tasks to queue
[2023-11-03T20:01:37.845+0000] {logging_mixin.py:151} INFO - [2023-11-03T20:01:37.843+0000] {dagbag.py:536} INFO - Filling up the DagBag from /home/airflow/.local/lib/python3.8/site-packages/airflow/example_dags/example_short_circuit_operator.py
[2023-11-03T20:01:37.876+0000] {processor.py:839} INFO - DAG(s) dict_keys(['example_short_circuit_operator']) retrieved from /home/airflow/.local/lib/python3.8/site-packages/airflow/example_dags/example_short_circuit_operator.py
[2023-11-03T20:01:37.944+0000] {logging_mixin.py:151} INFO - [2023-11-03T20:01:37.943+0000] {dag.py:2941} INFO - Sync 1 DAGs
[2023-11-03T20:01:38.002+0000] {logging_mixin.py:151} INFO - [2023-11-03T20:01:38.001+0000] {dag.py:3722} INFO - Setting next_dagrun for example_short_circuit_operator to 2023-11-02T20:01:38.000947+00:00, run_after=2023-11-03T20:01:38.000947+00:00
[2023-11-03T20:01:38.059+0000] {processor.py:179} INFO - Processing /home/airflow/.local/lib/python3.8/site-packages/airflow/example_dags/example_short_circuit_operator.py took 0.238 seconds
[2023-11-03T20:02:08.699+0000] {processor.py:157} INFO - Started process (PID=35851) to work on /home/airflow/.local/lib/python3.8/site-packages/airflow/example_dags/example_short_circuit_operator.py
[2023-11-03T20:02:08.703+0000] {processor.py:829} INFO - Processing file /home/airflow/.local/lib/python3.8/site-packages/airflow/example_dags/example_short_circuit_operator.py for tasks to queue
[2023-11-03T20:02:08.713+0000] {logging_mixin.py:151} INFO - [2023-11-03T20:02:08.711+0000] {dagbag.py:536} INFO - Filling up the DagBag from /home/airflow/.local/lib/python3.8/site-packages/airflow/example_dags/example_short_circuit_operator.py
[2023-11-03T20:02:08.745+0000] {processor.py:839} INFO - DAG(s) dict_keys(['example_short_circuit_operator']) retrieved from /home/airflow/.local/lib/python3.8/site-packages/airflow/example_dags/example_short_circuit_operator.py
[2023-11-03T20:02:08.804+0000] {logging_mixin.py:151} INFO - [2023-11-03T20:02:08.803+0000] {dag.py:2941} INFO - Sync 1 DAGs
[2023-11-03T20:02:08.859+0000] {logging_mixin.py:151} INFO - [2023-11-03T20:02:08.859+0000] {dag.py:3722} INFO - Setting next_dagrun for example_short_circuit_operator to 2023-11-02T20:02:08.858436+00:00, run_after=2023-11-03T20:02:08.858436+00:00
[2023-11-03T20:02:08.918+0000] {processor.py:179} INFO - Processing /home/airflow/.local/lib/python3.8/site-packages/airflow/example_dags/example_short_circuit_operator.py took 0.233 seconds
[2023-11-03T20:02:39.028+0000] {processor.py:157} INFO - Started process (PID=35913) to work on /home/airflow/.local/lib/python3.8/site-packages/airflow/example_dags/example_short_circuit_operator.py
[2023-11-03T20:02:39.031+0000] {processor.py:829} INFO - Processing file /home/airflow/.local/lib/python3.8/site-packages/airflow/example_dags/example_short_circuit_operator.py for tasks to queue
[2023-11-03T20:02:39.040+0000] {logging_mixin.py:151} INFO - [2023-11-03T20:02:39.038+0000] {dagbag.py:536} INFO - Filling up the DagBag from /home/airflow/.local/lib/python3.8/site-packages/airflow/example_dags/example_short_circuit_operator.py
[2023-11-03T20:02:39.068+0000] {processor.py:839} INFO - DAG(s) dict_keys(['example_short_circuit_operator']) retrieved from /home/airflow/.local/lib/python3.8/site-packages/airflow/example_dags/example_short_circuit_operator.py
[2023-11-03T20:02:39.141+0000] {logging_mixin.py:151} INFO - [2023-11-03T20:02:39.140+0000] {dag.py:2941} INFO - Sync 1 DAGs
[2023-11-03T20:02:39.203+0000] {logging_mixin.py:151} INFO - [2023-11-03T20:02:39.202+0000] {dag.py:3722} INFO - Setting next_dagrun for example_short_circuit_operator to 2023-11-02T20:02:39.202317+00:00, run_after=2023-11-03T20:02:39.202317+00:00
[2023-11-03T20:02:39.260+0000] {processor.py:179} INFO - Processing /home/airflow/.local/lib/python3.8/site-packages/airflow/example_dags/example_short_circuit_operator.py took 0.240 seconds
[2023-11-03T20:03:09.642+0000] {processor.py:157} INFO - Started process (PID=35976) to work on /home/airflow/.local/lib/python3.8/site-packages/airflow/example_dags/example_short_circuit_operator.py
[2023-11-03T20:03:09.646+0000] {processor.py:829} INFO - Processing file /home/airflow/.local/lib/python3.8/site-packages/airflow/example_dags/example_short_circuit_operator.py for tasks to queue
[2023-11-03T20:03:09.659+0000] {logging_mixin.py:151} INFO - [2023-11-03T20:03:09.657+0000] {dagbag.py:536} INFO - Filling up the DagBag from /home/airflow/.local/lib/python3.8/site-packages/airflow/example_dags/example_short_circuit_operator.py
[2023-11-03T20:03:09.689+0000] {processor.py:839} INFO - DAG(s) dict_keys(['example_short_circuit_operator']) retrieved from /home/airflow/.local/lib/python3.8/site-packages/airflow/example_dags/example_short_circuit_operator.py
[2023-11-03T20:03:09.838+0000] {logging_mixin.py:151} INFO - [2023-11-03T20:03:09.838+0000] {dag.py:2941} INFO - Sync 1 DAGs
[2023-11-03T20:03:09.967+0000] {logging_mixin.py:151} INFO - [2023-11-03T20:03:09.966+0000] {dag.py:3722} INFO - Setting next_dagrun for example_short_circuit_operator to 2023-11-02T20:03:09.966230+00:00, run_after=2023-11-03T20:03:09.966230+00:00
[2023-11-03T20:03:10.075+0000] {processor.py:179} INFO - Processing /home/airflow/.local/lib/python3.8/site-packages/airflow/example_dags/example_short_circuit_operator.py took 0.445 seconds
[2023-11-03T20:03:40.243+0000] {processor.py:157} INFO - Started process (PID=36039) to work on /home/airflow/.local/lib/python3.8/site-packages/airflow/example_dags/example_short_circuit_operator.py
[2023-11-03T20:03:40.246+0000] {processor.py:829} INFO - Processing file /home/airflow/.local/lib/python3.8/site-packages/airflow/example_dags/example_short_circuit_operator.py for tasks to queue
[2023-11-03T20:03:40.254+0000] {logging_mixin.py:151} INFO - [2023-11-03T20:03:40.252+0000] {dagbag.py:536} INFO - Filling up the DagBag from /home/airflow/.local/lib/python3.8/site-packages/airflow/example_dags/example_short_circuit_operator.py
[2023-11-03T20:03:40.276+0000] {processor.py:839} INFO - DAG(s) dict_keys(['example_short_circuit_operator']) retrieved from /home/airflow/.local/lib/python3.8/site-packages/airflow/example_dags/example_short_circuit_operator.py
[2023-11-03T20:03:40.336+0000] {logging_mixin.py:151} INFO - [2023-11-03T20:03:40.336+0000] {dag.py:2941} INFO - Sync 1 DAGs
[2023-11-03T20:03:40.394+0000] {logging_mixin.py:151} INFO - [2023-11-03T20:03:40.394+0000] {dag.py:3722} INFO - Setting next_dagrun for example_short_circuit_operator to 2023-11-02T20:03:40.393509+00:00, run_after=2023-11-03T20:03:40.393509+00:00
[2023-11-03T20:03:40.452+0000] {processor.py:179} INFO - Processing /home/airflow/.local/lib/python3.8/site-packages/airflow/example_dags/example_short_circuit_operator.py took 0.219 seconds
[2023-11-03T20:04:10.830+0000] {processor.py:157} INFO - Started process (PID=36100) to work on /home/airflow/.local/lib/python3.8/site-packages/airflow/example_dags/example_short_circuit_operator.py
[2023-11-03T20:04:10.833+0000] {processor.py:829} INFO - Processing file /home/airflow/.local/lib/python3.8/site-packages/airflow/example_dags/example_short_circuit_operator.py for tasks to queue
[2023-11-03T20:04:10.841+0000] {logging_mixin.py:151} INFO - [2023-11-03T20:04:10.840+0000] {dagbag.py:536} INFO - Filling up the DagBag from /home/airflow/.local/lib/python3.8/site-packages/airflow/example_dags/example_short_circuit_operator.py
[2023-11-03T20:04:10.862+0000] {processor.py:839} INFO - DAG(s) dict_keys(['example_short_circuit_operator']) retrieved from /home/airflow/.local/lib/python3.8/site-packages/airflow/example_dags/example_short_circuit_operator.py
[2023-11-03T20:04:10.922+0000] {logging_mixin.py:151} INFO - [2023-11-03T20:04:10.922+0000] {dag.py:2941} INFO - Sync 1 DAGs
[2023-11-03T20:04:10.979+0000] {logging_mixin.py:151} INFO - [2023-11-03T20:04:10.978+0000] {dag.py:3722} INFO - Setting next_dagrun for example_short_circuit_operator to 2023-11-02T20:04:10.977779+00:00, run_after=2023-11-03T20:04:10.977779+00:00
[2023-11-03T20:04:11.040+0000] {processor.py:179} INFO - Processing /home/airflow/.local/lib/python3.8/site-packages/airflow/example_dags/example_short_circuit_operator.py took 0.219 seconds
[2023-11-03T20:04:41.231+0000] {processor.py:157} INFO - Started process (PID=36162) to work on /home/airflow/.local/lib/python3.8/site-packages/airflow/example_dags/example_short_circuit_operator.py
[2023-11-03T20:04:41.234+0000] {processor.py:829} INFO - Processing file /home/airflow/.local/lib/python3.8/site-packages/airflow/example_dags/example_short_circuit_operator.py for tasks to queue
[2023-11-03T20:04:41.242+0000] {logging_mixin.py:151} INFO - [2023-11-03T20:04:41.241+0000] {dagbag.py:536} INFO - Filling up the DagBag from /home/airflow/.local/lib/python3.8/site-packages/airflow/example_dags/example_short_circuit_operator.py
[2023-11-03T20:04:41.268+0000] {processor.py:839} INFO - DAG(s) dict_keys(['example_short_circuit_operator']) retrieved from /home/airflow/.local/lib/python3.8/site-packages/airflow/example_dags/example_short_circuit_operator.py
[2023-11-03T20:04:41.335+0000] {logging_mixin.py:151} INFO - [2023-11-03T20:04:41.334+0000] {dag.py:2941} INFO - Sync 1 DAGs
[2023-11-03T20:04:41.416+0000] {logging_mixin.py:151} INFO - [2023-11-03T20:04:41.415+0000] {dag.py:3722} INFO - Setting next_dagrun for example_short_circuit_operator to 2023-11-02T20:04:41.414174+00:00, run_after=2023-11-03T20:04:41.414174+00:00
[2023-11-03T20:04:41.474+0000] {processor.py:179} INFO - Processing /home/airflow/.local/lib/python3.8/site-packages/airflow/example_dags/example_short_circuit_operator.py took 0.252 seconds
[2023-11-03T20:05:11.908+0000] {processor.py:157} INFO - Started process (PID=36222) to work on /home/airflow/.local/lib/python3.8/site-packages/airflow/example_dags/example_short_circuit_operator.py
[2023-11-03T20:05:11.912+0000] {processor.py:829} INFO - Processing file /home/airflow/.local/lib/python3.8/site-packages/airflow/example_dags/example_short_circuit_operator.py for tasks to queue
[2023-11-03T20:05:11.921+0000] {logging_mixin.py:151} INFO - [2023-11-03T20:05:11.919+0000] {dagbag.py:536} INFO - Filling up the DagBag from /home/airflow/.local/lib/python3.8/site-packages/airflow/example_dags/example_short_circuit_operator.py
[2023-11-03T20:05:11.949+0000] {processor.py:839} INFO - DAG(s) dict_keys(['example_short_circuit_operator']) retrieved from /home/airflow/.local/lib/python3.8/site-packages/airflow/example_dags/example_short_circuit_operator.py
[2023-11-03T20:05:12.014+0000] {logging_mixin.py:151} INFO - [2023-11-03T20:05:12.014+0000] {dag.py:2941} INFO - Sync 1 DAGs
[2023-11-03T20:05:12.069+0000] {logging_mixin.py:151} INFO - [2023-11-03T20:05:12.068+0000] {dag.py:3722} INFO - Setting next_dagrun for example_short_circuit_operator to 2023-11-02T20:05:12.067955+00:00, run_after=2023-11-03T20:05:12.067955+00:00
[2023-11-03T20:05:12.126+0000] {processor.py:179} INFO - Processing /home/airflow/.local/lib/python3.8/site-packages/airflow/example_dags/example_short_circuit_operator.py took 0.248 seconds
[2023-11-03T20:05:42.556+0000] {processor.py:157} INFO - Started process (PID=36284) to work on /home/airflow/.local/lib/python3.8/site-packages/airflow/example_dags/example_short_circuit_operator.py
[2023-11-03T20:05:42.558+0000] {processor.py:829} INFO - Processing file /home/airflow/.local/lib/python3.8/site-packages/airflow/example_dags/example_short_circuit_operator.py for tasks to queue
[2023-11-03T20:05:42.567+0000] {logging_mixin.py:151} INFO - [2023-11-03T20:05:42.565+0000] {dagbag.py:536} INFO - Filling up the DagBag from /home/airflow/.local/lib/python3.8/site-packages/airflow/example_dags/example_short_circuit_operator.py
[2023-11-03T20:05:42.597+0000] {processor.py:839} INFO - DAG(s) dict_keys(['example_short_circuit_operator']) retrieved from /home/airflow/.local/lib/python3.8/site-packages/airflow/example_dags/example_short_circuit_operator.py
[2023-11-03T20:05:42.668+0000] {logging_mixin.py:151} INFO - [2023-11-03T20:05:42.667+0000] {dag.py:2941} INFO - Sync 1 DAGs
[2023-11-03T20:05:42.734+0000] {logging_mixin.py:151} INFO - [2023-11-03T20:05:42.734+0000] {dag.py:3722} INFO - Setting next_dagrun for example_short_circuit_operator to 2023-11-02T20:05:42.733450+00:00, run_after=2023-11-03T20:05:42.733450+00:00
[2023-11-03T20:05:42.792+0000] {processor.py:179} INFO - Processing /home/airflow/.local/lib/python3.8/site-packages/airflow/example_dags/example_short_circuit_operator.py took 0.244 seconds
