[2023-11-03T19:42:47.758+0000] {processor.py:157} INFO - Started process (PID=33503) to work on /home/airflow/.local/lib/python3.8/site-packages/airflow/example_dags/example_latest_only_with_trigger.py
[2023-11-03T19:42:47.762+0000] {processor.py:829} INFO - Processing file /home/airflow/.local/lib/python3.8/site-packages/airflow/example_dags/example_latest_only_with_trigger.py for tasks to queue
[2023-11-03T19:42:47.770+0000] {logging_mixin.py:151} INFO - [2023-11-03T19:42:47.769+0000] {dagbag.py:536} INFO - Filling up the DagBag from /home/airflow/.local/lib/python3.8/site-packages/airflow/example_dags/example_latest_only_with_trigger.py
[2023-11-03T19:42:47.792+0000] {processor.py:839} INFO - DAG(s) dict_keys(['latest_only_with_trigger']) retrieved from /home/airflow/.local/lib/python3.8/site-packages/airflow/example_dags/example_latest_only_with_trigger.py
[2023-11-03T19:42:47.848+0000] {logging_mixin.py:151} INFO - [2023-11-03T19:42:47.848+0000] {dag.py:2941} INFO - Sync 1 DAGs
[2023-11-03T19:42:47.907+0000] {logging_mixin.py:151} INFO - [2023-11-03T19:42:47.907+0000] {dag.py:3722} INFO - Setting next_dagrun for latest_only_with_trigger to 2023-11-03T15:42:47.903642+00:00, run_after=2023-11-03T19:42:47.903642+00:00
[2023-11-03T19:42:48.360+0000] {processor.py:179} INFO - Processing /home/airflow/.local/lib/python3.8/site-packages/airflow/example_dags/example_latest_only_with_trigger.py took 0.615 seconds
[2023-11-03T19:43:18.543+0000] {processor.py:157} INFO - Started process (PID=33565) to work on /home/airflow/.local/lib/python3.8/site-packages/airflow/example_dags/example_latest_only_with_trigger.py
[2023-11-03T19:43:18.547+0000] {processor.py:829} INFO - Processing file /home/airflow/.local/lib/python3.8/site-packages/airflow/example_dags/example_latest_only_with_trigger.py for tasks to queue
[2023-11-03T19:43:18.555+0000] {logging_mixin.py:151} INFO - [2023-11-03T19:43:18.553+0000] {dagbag.py:536} INFO - Filling up the DagBag from /home/airflow/.local/lib/python3.8/site-packages/airflow/example_dags/example_latest_only_with_trigger.py
[2023-11-03T19:43:18.577+0000] {processor.py:839} INFO - DAG(s) dict_keys(['latest_only_with_trigger']) retrieved from /home/airflow/.local/lib/python3.8/site-packages/airflow/example_dags/example_latest_only_with_trigger.py
[2023-11-03T19:43:18.646+0000] {logging_mixin.py:151} INFO - [2023-11-03T19:43:18.645+0000] {dag.py:2941} INFO - Sync 1 DAGs
[2023-11-03T19:43:18.740+0000] {logging_mixin.py:151} INFO - [2023-11-03T19:43:18.739+0000] {dag.py:3722} INFO - Setting next_dagrun for latest_only_with_trigger to 2023-11-03T15:43:18.738591+00:00, run_after=2023-11-03T19:43:18.738591+00:00
[2023-11-03T19:43:18.824+0000] {processor.py:179} INFO - Processing /home/airflow/.local/lib/python3.8/site-packages/airflow/example_dags/example_latest_only_with_trigger.py took 0.293 seconds
[2023-11-03T19:43:49.755+0000] {processor.py:157} INFO - Started process (PID=33627) to work on /home/airflow/.local/lib/python3.8/site-packages/airflow/example_dags/example_latest_only_with_trigger.py
[2023-11-03T19:43:49.769+0000] {processor.py:829} INFO - Processing file /home/airflow/.local/lib/python3.8/site-packages/airflow/example_dags/example_latest_only_with_trigger.py for tasks to queue
[2023-11-03T19:43:49.776+0000] {logging_mixin.py:151} INFO - [2023-11-03T19:43:49.775+0000] {dagbag.py:536} INFO - Filling up the DagBag from /home/airflow/.local/lib/python3.8/site-packages/airflow/example_dags/example_latest_only_with_trigger.py
[2023-11-03T19:43:49.805+0000] {processor.py:839} INFO - DAG(s) dict_keys(['latest_only_with_trigger']) retrieved from /home/airflow/.local/lib/python3.8/site-packages/airflow/example_dags/example_latest_only_with_trigger.py
[2023-11-03T19:43:49.954+0000] {logging_mixin.py:151} INFO - [2023-11-03T19:43:49.953+0000] {dag.py:2941} INFO - Sync 1 DAGs
[2023-11-03T19:43:50.067+0000] {logging_mixin.py:151} INFO - [2023-11-03T19:43:50.066+0000] {dag.py:3722} INFO - Setting next_dagrun for latest_only_with_trigger to 2023-11-03T15:43:50.066045+00:00, run_after=2023-11-03T19:43:50.066045+00:00
[2023-11-03T19:43:50.157+0000] {processor.py:179} INFO - Processing /home/airflow/.local/lib/python3.8/site-packages/airflow/example_dags/example_latest_only_with_trigger.py took 0.434 seconds
[2023-11-03T19:44:20.292+0000] {processor.py:157} INFO - Started process (PID=33689) to work on /home/airflow/.local/lib/python3.8/site-packages/airflow/example_dags/example_latest_only_with_trigger.py
[2023-11-03T19:44:20.295+0000] {processor.py:829} INFO - Processing file /home/airflow/.local/lib/python3.8/site-packages/airflow/example_dags/example_latest_only_with_trigger.py for tasks to queue
[2023-11-03T19:44:20.303+0000] {logging_mixin.py:151} INFO - [2023-11-03T19:44:20.301+0000] {dagbag.py:536} INFO - Filling up the DagBag from /home/airflow/.local/lib/python3.8/site-packages/airflow/example_dags/example_latest_only_with_trigger.py
[2023-11-03T19:44:20.322+0000] {processor.py:839} INFO - DAG(s) dict_keys(['latest_only_with_trigger']) retrieved from /home/airflow/.local/lib/python3.8/site-packages/airflow/example_dags/example_latest_only_with_trigger.py
[2023-11-03T19:44:20.382+0000] {logging_mixin.py:151} INFO - [2023-11-03T19:44:20.381+0000] {dag.py:2941} INFO - Sync 1 DAGs
[2023-11-03T19:44:20.446+0000] {logging_mixin.py:151} INFO - [2023-11-03T19:44:20.446+0000] {dag.py:3722} INFO - Setting next_dagrun for latest_only_with_trigger to 2023-11-03T15:44:20.445586+00:00, run_after=2023-11-03T19:44:20.445586+00:00
[2023-11-03T19:44:20.499+0000] {processor.py:179} INFO - Processing /home/airflow/.local/lib/python3.8/site-packages/airflow/example_dags/example_latest_only_with_trigger.py took 0.218 seconds
[2023-11-03T19:44:51.392+0000] {processor.py:157} INFO - Started process (PID=33751) to work on /home/airflow/.local/lib/python3.8/site-packages/airflow/example_dags/example_latest_only_with_trigger.py
[2023-11-03T19:44:51.395+0000] {processor.py:829} INFO - Processing file /home/airflow/.local/lib/python3.8/site-packages/airflow/example_dags/example_latest_only_with_trigger.py for tasks to queue
[2023-11-03T19:44:51.403+0000] {logging_mixin.py:151} INFO - [2023-11-03T19:44:51.402+0000] {dagbag.py:536} INFO - Filling up the DagBag from /home/airflow/.local/lib/python3.8/site-packages/airflow/example_dags/example_latest_only_with_trigger.py
[2023-11-03T19:44:51.425+0000] {processor.py:839} INFO - DAG(s) dict_keys(['latest_only_with_trigger']) retrieved from /home/airflow/.local/lib/python3.8/site-packages/airflow/example_dags/example_latest_only_with_trigger.py
[2023-11-03T19:44:51.500+0000] {logging_mixin.py:151} INFO - [2023-11-03T19:44:51.499+0000] {dag.py:2941} INFO - Sync 1 DAGs
[2023-11-03T19:44:51.568+0000] {logging_mixin.py:151} INFO - [2023-11-03T19:44:51.567+0000] {dag.py:3722} INFO - Setting next_dagrun for latest_only_with_trigger to 2023-11-03T15:44:51.566898+00:00, run_after=2023-11-03T19:44:51.566898+00:00
[2023-11-03T19:44:51.624+0000] {processor.py:179} INFO - Processing /home/airflow/.local/lib/python3.8/site-packages/airflow/example_dags/example_latest_only_with_trigger.py took 0.244 seconds
[2023-11-03T19:45:21.927+0000] {processor.py:157} INFO - Started process (PID=33814) to work on /home/airflow/.local/lib/python3.8/site-packages/airflow/example_dags/example_latest_only_with_trigger.py
[2023-11-03T19:45:21.930+0000] {processor.py:829} INFO - Processing file /home/airflow/.local/lib/python3.8/site-packages/airflow/example_dags/example_latest_only_with_trigger.py for tasks to queue
[2023-11-03T19:45:21.938+0000] {logging_mixin.py:151} INFO - [2023-11-03T19:45:21.936+0000] {dagbag.py:536} INFO - Filling up the DagBag from /home/airflow/.local/lib/python3.8/site-packages/airflow/example_dags/example_latest_only_with_trigger.py
[2023-11-03T19:45:21.962+0000] {processor.py:839} INFO - DAG(s) dict_keys(['latest_only_with_trigger']) retrieved from /home/airflow/.local/lib/python3.8/site-packages/airflow/example_dags/example_latest_only_with_trigger.py
[2023-11-03T19:45:22.021+0000] {logging_mixin.py:151} INFO - [2023-11-03T19:45:22.020+0000] {dag.py:2941} INFO - Sync 1 DAGs
[2023-11-03T19:45:22.086+0000] {logging_mixin.py:151} INFO - [2023-11-03T19:45:22.085+0000] {dag.py:3722} INFO - Setting next_dagrun for latest_only_with_trigger to 2023-11-03T15:45:22.085143+00:00, run_after=2023-11-03T19:45:22.085143+00:00
[2023-11-03T19:45:22.154+0000] {processor.py:179} INFO - Processing /home/airflow/.local/lib/python3.8/site-packages/airflow/example_dags/example_latest_only_with_trigger.py took 0.234 seconds
[2023-11-03T19:45:52.715+0000] {processor.py:157} INFO - Started process (PID=33876) to work on /home/airflow/.local/lib/python3.8/site-packages/airflow/example_dags/example_latest_only_with_trigger.py
[2023-11-03T19:45:52.719+0000] {processor.py:829} INFO - Processing file /home/airflow/.local/lib/python3.8/site-packages/airflow/example_dags/example_latest_only_with_trigger.py for tasks to queue
[2023-11-03T19:45:52.729+0000] {logging_mixin.py:151} INFO - [2023-11-03T19:45:52.727+0000] {dagbag.py:536} INFO - Filling up the DagBag from /home/airflow/.local/lib/python3.8/site-packages/airflow/example_dags/example_latest_only_with_trigger.py
[2023-11-03T19:45:52.751+0000] {processor.py:839} INFO - DAG(s) dict_keys(['latest_only_with_trigger']) retrieved from /home/airflow/.local/lib/python3.8/site-packages/airflow/example_dags/example_latest_only_with_trigger.py
[2023-11-03T19:45:52.817+0000] {logging_mixin.py:151} INFO - [2023-11-03T19:45:52.816+0000] {dag.py:2941} INFO - Sync 1 DAGs
[2023-11-03T19:45:52.879+0000] {logging_mixin.py:151} INFO - [2023-11-03T19:45:52.879+0000] {dag.py:3722} INFO - Setting next_dagrun for latest_only_with_trigger to 2023-11-03T15:45:52.878501+00:00, run_after=2023-11-03T19:45:52.878501+00:00
[2023-11-03T19:45:52.939+0000] {processor.py:179} INFO - Processing /home/airflow/.local/lib/python3.8/site-packages/airflow/example_dags/example_latest_only_with_trigger.py took 0.235 seconds
[2023-11-03T19:46:23.707+0000] {processor.py:157} INFO - Started process (PID=33938) to work on /home/airflow/.local/lib/python3.8/site-packages/airflow/example_dags/example_latest_only_with_trigger.py
[2023-11-03T19:46:23.711+0000] {processor.py:829} INFO - Processing file /home/airflow/.local/lib/python3.8/site-packages/airflow/example_dags/example_latest_only_with_trigger.py for tasks to queue
[2023-11-03T19:46:23.720+0000] {logging_mixin.py:151} INFO - [2023-11-03T19:46:23.719+0000] {dagbag.py:536} INFO - Filling up the DagBag from /home/airflow/.local/lib/python3.8/site-packages/airflow/example_dags/example_latest_only_with_trigger.py
[2023-11-03T19:46:23.739+0000] {processor.py:839} INFO - DAG(s) dict_keys(['latest_only_with_trigger']) retrieved from /home/airflow/.local/lib/python3.8/site-packages/airflow/example_dags/example_latest_only_with_trigger.py
[2023-11-03T19:46:23.800+0000] {logging_mixin.py:151} INFO - [2023-11-03T19:46:23.799+0000] {dag.py:2941} INFO - Sync 1 DAGs
[2023-11-03T19:46:23.863+0000] {logging_mixin.py:151} INFO - [2023-11-03T19:46:23.862+0000] {dag.py:3722} INFO - Setting next_dagrun for latest_only_with_trigger to 2023-11-03T15:46:23.861875+00:00, run_after=2023-11-03T19:46:23.861875+00:00
[2023-11-03T19:46:23.921+0000] {processor.py:179} INFO - Processing /home/airflow/.local/lib/python3.8/site-packages/airflow/example_dags/example_latest_only_with_trigger.py took 0.223 seconds
[2023-11-03T19:46:54.489+0000] {processor.py:157} INFO - Started process (PID=34000) to work on /home/airflow/.local/lib/python3.8/site-packages/airflow/example_dags/example_latest_only_with_trigger.py
[2023-11-03T19:46:54.492+0000] {processor.py:829} INFO - Processing file /home/airflow/.local/lib/python3.8/site-packages/airflow/example_dags/example_latest_only_with_trigger.py for tasks to queue
[2023-11-03T19:46:54.501+0000] {logging_mixin.py:151} INFO - [2023-11-03T19:46:54.500+0000] {dagbag.py:536} INFO - Filling up the DagBag from /home/airflow/.local/lib/python3.8/site-packages/airflow/example_dags/example_latest_only_with_trigger.py
[2023-11-03T19:46:54.531+0000] {processor.py:839} INFO - DAG(s) dict_keys(['latest_only_with_trigger']) retrieved from /home/airflow/.local/lib/python3.8/site-packages/airflow/example_dags/example_latest_only_with_trigger.py
[2023-11-03T19:46:54.594+0000] {logging_mixin.py:151} INFO - [2023-11-03T19:46:54.594+0000] {dag.py:2941} INFO - Sync 1 DAGs
[2023-11-03T19:46:54.656+0000] {logging_mixin.py:151} INFO - [2023-11-03T19:46:54.655+0000] {dag.py:3722} INFO - Setting next_dagrun for latest_only_with_trigger to 2023-11-03T15:46:54.655079+00:00, run_after=2023-11-03T19:46:54.655079+00:00
[2023-11-03T19:46:54.721+0000] {processor.py:179} INFO - Processing /home/airflow/.local/lib/python3.8/site-packages/airflow/example_dags/example_latest_only_with_trigger.py took 0.244 seconds
[2023-11-03T19:47:25.031+0000] {processor.py:157} INFO - Started process (PID=34062) to work on /home/airflow/.local/lib/python3.8/site-packages/airflow/example_dags/example_latest_only_with_trigger.py
[2023-11-03T19:47:25.034+0000] {processor.py:829} INFO - Processing file /home/airflow/.local/lib/python3.8/site-packages/airflow/example_dags/example_latest_only_with_trigger.py for tasks to queue
[2023-11-03T19:47:25.043+0000] {logging_mixin.py:151} INFO - [2023-11-03T19:47:25.041+0000] {dagbag.py:536} INFO - Filling up the DagBag from /home/airflow/.local/lib/python3.8/site-packages/airflow/example_dags/example_latest_only_with_trigger.py
[2023-11-03T19:47:25.062+0000] {processor.py:839} INFO - DAG(s) dict_keys(['latest_only_with_trigger']) retrieved from /home/airflow/.local/lib/python3.8/site-packages/airflow/example_dags/example_latest_only_with_trigger.py
[2023-11-03T19:47:25.142+0000] {logging_mixin.py:151} INFO - [2023-11-03T19:47:25.141+0000] {dag.py:2941} INFO - Sync 1 DAGs
[2023-11-03T19:47:25.226+0000] {logging_mixin.py:151} INFO - [2023-11-03T19:47:25.225+0000] {dag.py:3722} INFO - Setting next_dagrun for latest_only_with_trigger to 2023-11-03T15:47:25.224459+00:00, run_after=2023-11-03T19:47:25.224459+00:00
[2023-11-03T19:47:25.306+0000] {processor.py:179} INFO - Processing /home/airflow/.local/lib/python3.8/site-packages/airflow/example_dags/example_latest_only_with_trigger.py took 0.283 seconds
[2023-11-03T19:47:55.574+0000] {processor.py:157} INFO - Started process (PID=34124) to work on /home/airflow/.local/lib/python3.8/site-packages/airflow/example_dags/example_latest_only_with_trigger.py
[2023-11-03T19:47:55.578+0000] {processor.py:829} INFO - Processing file /home/airflow/.local/lib/python3.8/site-packages/airflow/example_dags/example_latest_only_with_trigger.py for tasks to queue
[2023-11-03T19:47:55.591+0000] {logging_mixin.py:151} INFO - [2023-11-03T19:47:55.589+0000] {dagbag.py:536} INFO - Filling up the DagBag from /home/airflow/.local/lib/python3.8/site-packages/airflow/example_dags/example_latest_only_with_trigger.py
[2023-11-03T19:47:55.610+0000] {processor.py:839} INFO - DAG(s) dict_keys(['latest_only_with_trigger']) retrieved from /home/airflow/.local/lib/python3.8/site-packages/airflow/example_dags/example_latest_only_with_trigger.py
[2023-11-03T19:47:55.671+0000] {logging_mixin.py:151} INFO - [2023-11-03T19:47:55.670+0000] {dag.py:2941} INFO - Sync 1 DAGs
[2023-11-03T19:47:55.780+0000] {logging_mixin.py:151} INFO - [2023-11-03T19:47:55.779+0000] {dag.py:3722} INFO - Setting next_dagrun for latest_only_with_trigger to 2023-11-03T15:47:55.778617+00:00, run_after=2023-11-03T19:47:55.778617+00:00
[2023-11-03T19:47:55.965+0000] {processor.py:179} INFO - Processing /home/airflow/.local/lib/python3.8/site-packages/airflow/example_dags/example_latest_only_with_trigger.py took 0.402 seconds
[2023-11-03T19:48:26.045+0000] {processor.py:157} INFO - Started process (PID=34186) to work on /home/airflow/.local/lib/python3.8/site-packages/airflow/example_dags/example_latest_only_with_trigger.py
[2023-11-03T19:48:26.049+0000] {processor.py:829} INFO - Processing file /home/airflow/.local/lib/python3.8/site-packages/airflow/example_dags/example_latest_only_with_trigger.py for tasks to queue
[2023-11-03T19:48:26.058+0000] {logging_mixin.py:151} INFO - [2023-11-03T19:48:26.056+0000] {dagbag.py:536} INFO - Filling up the DagBag from /home/airflow/.local/lib/python3.8/site-packages/airflow/example_dags/example_latest_only_with_trigger.py
[2023-11-03T19:48:26.080+0000] {processor.py:839} INFO - DAG(s) dict_keys(['latest_only_with_trigger']) retrieved from /home/airflow/.local/lib/python3.8/site-packages/airflow/example_dags/example_latest_only_with_trigger.py
[2023-11-03T19:48:26.144+0000] {logging_mixin.py:151} INFO - [2023-11-03T19:48:26.144+0000] {dag.py:2941} INFO - Sync 1 DAGs
[2023-11-03T19:48:26.206+0000] {logging_mixin.py:151} INFO - [2023-11-03T19:48:26.206+0000] {dag.py:3722} INFO - Setting next_dagrun for latest_only_with_trigger to 2023-11-03T15:48:26.205704+00:00, run_after=2023-11-03T19:48:26.205704+00:00
[2023-11-03T19:48:26.262+0000] {processor.py:179} INFO - Processing /home/airflow/.local/lib/python3.8/site-packages/airflow/example_dags/example_latest_only_with_trigger.py took 0.227 seconds
[2023-11-03T19:48:56.875+0000] {processor.py:157} INFO - Started process (PID=34248) to work on /home/airflow/.local/lib/python3.8/site-packages/airflow/example_dags/example_latest_only_with_trigger.py
[2023-11-03T19:48:56.878+0000] {processor.py:829} INFO - Processing file /home/airflow/.local/lib/python3.8/site-packages/airflow/example_dags/example_latest_only_with_trigger.py for tasks to queue
[2023-11-03T19:48:56.886+0000] {logging_mixin.py:151} INFO - [2023-11-03T19:48:56.885+0000] {dagbag.py:536} INFO - Filling up the DagBag from /home/airflow/.local/lib/python3.8/site-packages/airflow/example_dags/example_latest_only_with_trigger.py
[2023-11-03T19:48:56.904+0000] {processor.py:839} INFO - DAG(s) dict_keys(['latest_only_with_trigger']) retrieved from /home/airflow/.local/lib/python3.8/site-packages/airflow/example_dags/example_latest_only_with_trigger.py
[2023-11-03T19:48:56.967+0000] {logging_mixin.py:151} INFO - [2023-11-03T19:48:56.967+0000] {dag.py:2941} INFO - Sync 1 DAGs
[2023-11-03T19:48:57.025+0000] {logging_mixin.py:151} INFO - [2023-11-03T19:48:57.024+0000] {dag.py:3722} INFO - Setting next_dagrun for latest_only_with_trigger to 2023-11-03T15:48:57.023990+00:00, run_after=2023-11-03T19:48:57.023990+00:00
[2023-11-03T19:48:57.082+0000] {processor.py:179} INFO - Processing /home/airflow/.local/lib/python3.8/site-packages/airflow/example_dags/example_latest_only_with_trigger.py took 0.216 seconds
[2023-11-03T19:49:27.584+0000] {processor.py:157} INFO - Started process (PID=34310) to work on /home/airflow/.local/lib/python3.8/site-packages/airflow/example_dags/example_latest_only_with_trigger.py
[2023-11-03T19:49:27.587+0000] {processor.py:829} INFO - Processing file /home/airflow/.local/lib/python3.8/site-packages/airflow/example_dags/example_latest_only_with_trigger.py for tasks to queue
[2023-11-03T19:49:27.594+0000] {logging_mixin.py:151} INFO - [2023-11-03T19:49:27.593+0000] {dagbag.py:536} INFO - Filling up the DagBag from /home/airflow/.local/lib/python3.8/site-packages/airflow/example_dags/example_latest_only_with_trigger.py
[2023-11-03T19:49:27.612+0000] {processor.py:839} INFO - DAG(s) dict_keys(['latest_only_with_trigger']) retrieved from /home/airflow/.local/lib/python3.8/site-packages/airflow/example_dags/example_latest_only_with_trigger.py
[2023-11-03T19:49:27.677+0000] {logging_mixin.py:151} INFO - [2023-11-03T19:49:27.676+0000] {dag.py:2941} INFO - Sync 1 DAGs
[2023-11-03T19:49:27.789+0000] {logging_mixin.py:151} INFO - [2023-11-03T19:49:27.788+0000] {dag.py:3722} INFO - Setting next_dagrun for latest_only_with_trigger to 2023-11-03T15:49:27.787543+00:00, run_after=2023-11-03T19:49:27.787543+00:00
[2023-11-03T19:49:27.955+0000] {processor.py:179} INFO - Processing /home/airflow/.local/lib/python3.8/site-packages/airflow/example_dags/example_latest_only_with_trigger.py took 0.378 seconds
[2023-11-03T19:49:58.530+0000] {processor.py:157} INFO - Started process (PID=34372) to work on /home/airflow/.local/lib/python3.8/site-packages/airflow/example_dags/example_latest_only_with_trigger.py
[2023-11-03T19:49:58.535+0000] {processor.py:829} INFO - Processing file /home/airflow/.local/lib/python3.8/site-packages/airflow/example_dags/example_latest_only_with_trigger.py for tasks to queue
[2023-11-03T19:49:58.545+0000] {logging_mixin.py:151} INFO - [2023-11-03T19:49:58.543+0000] {dagbag.py:536} INFO - Filling up the DagBag from /home/airflow/.local/lib/python3.8/site-packages/airflow/example_dags/example_latest_only_with_trigger.py
[2023-11-03T19:49:58.563+0000] {processor.py:839} INFO - DAG(s) dict_keys(['latest_only_with_trigger']) retrieved from /home/airflow/.local/lib/python3.8/site-packages/airflow/example_dags/example_latest_only_with_trigger.py
[2023-11-03T19:49:58.620+0000] {logging_mixin.py:151} INFO - [2023-11-03T19:49:58.620+0000] {dag.py:2941} INFO - Sync 1 DAGs
[2023-11-03T19:49:58.686+0000] {logging_mixin.py:151} INFO - [2023-11-03T19:49:58.685+0000] {dag.py:3722} INFO - Setting next_dagrun for latest_only_with_trigger to 2023-11-03T15:49:58.685098+00:00, run_after=2023-11-03T19:49:58.685098+00:00
[2023-11-03T19:49:58.753+0000] {processor.py:179} INFO - Processing /home/airflow/.local/lib/python3.8/site-packages/airflow/example_dags/example_latest_only_with_trigger.py took 0.235 seconds
[2023-11-03T19:50:29.785+0000] {processor.py:157} INFO - Started process (PID=34434) to work on /home/airflow/.local/lib/python3.8/site-packages/airflow/example_dags/example_latest_only_with_trigger.py
[2023-11-03T19:50:29.804+0000] {processor.py:829} INFO - Processing file /home/airflow/.local/lib/python3.8/site-packages/airflow/example_dags/example_latest_only_with_trigger.py for tasks to queue
[2023-11-03T19:50:29.828+0000] {logging_mixin.py:151} INFO - [2023-11-03T19:50:29.823+0000] {dagbag.py:536} INFO - Filling up the DagBag from /home/airflow/.local/lib/python3.8/site-packages/airflow/example_dags/example_latest_only_with_trigger.py
[2023-11-03T19:50:29.895+0000] {processor.py:839} INFO - DAG(s) dict_keys(['latest_only_with_trigger']) retrieved from /home/airflow/.local/lib/python3.8/site-packages/airflow/example_dags/example_latest_only_with_trigger.py
[2023-11-03T19:50:30.018+0000] {logging_mixin.py:151} INFO - [2023-11-03T19:50:30.017+0000] {dag.py:2941} INFO - Sync 1 DAGs
[2023-11-03T19:50:30.090+0000] {logging_mixin.py:151} INFO - [2023-11-03T19:50:30.090+0000] {dag.py:3722} INFO - Setting next_dagrun for latest_only_with_trigger to 2023-11-03T15:50:30.089429+00:00, run_after=2023-11-03T19:50:30.089429+00:00
[2023-11-03T19:50:30.146+0000] {processor.py:179} INFO - Processing /home/airflow/.local/lib/python3.8/site-packages/airflow/example_dags/example_latest_only_with_trigger.py took 0.372 seconds
[2023-11-03T19:51:01.076+0000] {processor.py:157} INFO - Started process (PID=34496) to work on /home/airflow/.local/lib/python3.8/site-packages/airflow/example_dags/example_latest_only_with_trigger.py
[2023-11-03T19:51:01.079+0000] {processor.py:829} INFO - Processing file /home/airflow/.local/lib/python3.8/site-packages/airflow/example_dags/example_latest_only_with_trigger.py for tasks to queue
[2023-11-03T19:51:01.088+0000] {logging_mixin.py:151} INFO - [2023-11-03T19:51:01.087+0000] {dagbag.py:536} INFO - Filling up the DagBag from /home/airflow/.local/lib/python3.8/site-packages/airflow/example_dags/example_latest_only_with_trigger.py
[2023-11-03T19:51:01.103+0000] {processor.py:839} INFO - DAG(s) dict_keys(['latest_only_with_trigger']) retrieved from /home/airflow/.local/lib/python3.8/site-packages/airflow/example_dags/example_latest_only_with_trigger.py
[2023-11-03T19:51:01.169+0000] {logging_mixin.py:151} INFO - [2023-11-03T19:51:01.168+0000] {dag.py:2941} INFO - Sync 1 DAGs
[2023-11-03T19:51:01.244+0000] {logging_mixin.py:151} INFO - [2023-11-03T19:51:01.243+0000] {dag.py:3722} INFO - Setting next_dagrun for latest_only_with_trigger to 2023-11-03T15:51:01.243284+00:00, run_after=2023-11-03T19:51:01.243284+00:00
[2023-11-03T19:51:01.300+0000] {processor.py:179} INFO - Processing /home/airflow/.local/lib/python3.8/site-packages/airflow/example_dags/example_latest_only_with_trigger.py took 0.237 seconds
[2023-11-03T19:51:31.908+0000] {processor.py:157} INFO - Started process (PID=34558) to work on /home/airflow/.local/lib/python3.8/site-packages/airflow/example_dags/example_latest_only_with_trigger.py
[2023-11-03T19:51:31.915+0000] {processor.py:829} INFO - Processing file /home/airflow/.local/lib/python3.8/site-packages/airflow/example_dags/example_latest_only_with_trigger.py for tasks to queue
[2023-11-03T19:51:31.929+0000] {logging_mixin.py:151} INFO - [2023-11-03T19:51:31.928+0000] {dagbag.py:536} INFO - Filling up the DagBag from /home/airflow/.local/lib/python3.8/site-packages/airflow/example_dags/example_latest_only_with_trigger.py
[2023-11-03T19:51:31.961+0000] {processor.py:839} INFO - DAG(s) dict_keys(['latest_only_with_trigger']) retrieved from /home/airflow/.local/lib/python3.8/site-packages/airflow/example_dags/example_latest_only_with_trigger.py
[2023-11-03T19:51:32.039+0000] {logging_mixin.py:151} INFO - [2023-11-03T19:51:32.038+0000] {dag.py:2941} INFO - Sync 1 DAGs
[2023-11-03T19:51:32.107+0000] {logging_mixin.py:151} INFO - [2023-11-03T19:51:32.107+0000] {dag.py:3722} INFO - Setting next_dagrun for latest_only_with_trigger to 2023-11-03T15:51:32.106516+00:00, run_after=2023-11-03T19:51:32.106516+00:00
[2023-11-03T19:51:32.176+0000] {processor.py:179} INFO - Processing /home/airflow/.local/lib/python3.8/site-packages/airflow/example_dags/example_latest_only_with_trigger.py took 0.295 seconds
[2023-11-03T19:52:03.155+0000] {processor.py:157} INFO - Started process (PID=34620) to work on /home/airflow/.local/lib/python3.8/site-packages/airflow/example_dags/example_latest_only_with_trigger.py
[2023-11-03T19:52:03.159+0000] {processor.py:829} INFO - Processing file /home/airflow/.local/lib/python3.8/site-packages/airflow/example_dags/example_latest_only_with_trigger.py for tasks to queue
[2023-11-03T19:52:03.171+0000] {logging_mixin.py:151} INFO - [2023-11-03T19:52:03.170+0000] {dagbag.py:536} INFO - Filling up the DagBag from /home/airflow/.local/lib/python3.8/site-packages/airflow/example_dags/example_latest_only_with_trigger.py
[2023-11-03T19:52:03.205+0000] {processor.py:839} INFO - DAG(s) dict_keys(['latest_only_with_trigger']) retrieved from /home/airflow/.local/lib/python3.8/site-packages/airflow/example_dags/example_latest_only_with_trigger.py
[2023-11-03T19:52:03.280+0000] {logging_mixin.py:151} INFO - [2023-11-03T19:52:03.280+0000] {dag.py:2941} INFO - Sync 1 DAGs
[2023-11-03T19:52:03.349+0000] {logging_mixin.py:151} INFO - [2023-11-03T19:52:03.349+0000] {dag.py:3722} INFO - Setting next_dagrun for latest_only_with_trigger to 2023-11-03T15:52:03.348530+00:00, run_after=2023-11-03T19:52:03.348530+00:00
[2023-11-03T19:52:03.411+0000] {processor.py:179} INFO - Processing /home/airflow/.local/lib/python3.8/site-packages/airflow/example_dags/example_latest_only_with_trigger.py took 0.267 seconds
[2023-11-03T19:52:34.127+0000] {processor.py:157} INFO - Started process (PID=34682) to work on /home/airflow/.local/lib/python3.8/site-packages/airflow/example_dags/example_latest_only_with_trigger.py
[2023-11-03T19:52:34.130+0000] {processor.py:829} INFO - Processing file /home/airflow/.local/lib/python3.8/site-packages/airflow/example_dags/example_latest_only_with_trigger.py for tasks to queue
[2023-11-03T19:52:34.138+0000] {logging_mixin.py:151} INFO - [2023-11-03T19:52:34.137+0000] {dagbag.py:536} INFO - Filling up the DagBag from /home/airflow/.local/lib/python3.8/site-packages/airflow/example_dags/example_latest_only_with_trigger.py
[2023-11-03T19:52:34.154+0000] {processor.py:839} INFO - DAG(s) dict_keys(['latest_only_with_trigger']) retrieved from /home/airflow/.local/lib/python3.8/site-packages/airflow/example_dags/example_latest_only_with_trigger.py
[2023-11-03T19:52:34.229+0000] {logging_mixin.py:151} INFO - [2023-11-03T19:52:34.228+0000] {dag.py:2941} INFO - Sync 1 DAGs
[2023-11-03T19:52:34.291+0000] {logging_mixin.py:151} INFO - [2023-11-03T19:52:34.291+0000] {dag.py:3722} INFO - Setting next_dagrun for latest_only_with_trigger to 2023-11-03T15:52:34.290524+00:00, run_after=2023-11-03T19:52:34.290524+00:00
[2023-11-03T19:52:34.355+0000] {processor.py:179} INFO - Processing /home/airflow/.local/lib/python3.8/site-packages/airflow/example_dags/example_latest_only_with_trigger.py took 0.238 seconds
[2023-11-03T19:53:05.290+0000] {processor.py:157} INFO - Started process (PID=34751) to work on /home/airflow/.local/lib/python3.8/site-packages/airflow/example_dags/example_latest_only_with_trigger.py
[2023-11-03T19:53:05.294+0000] {processor.py:829} INFO - Processing file /home/airflow/.local/lib/python3.8/site-packages/airflow/example_dags/example_latest_only_with_trigger.py for tasks to queue
[2023-11-03T19:53:05.305+0000] {logging_mixin.py:151} INFO - [2023-11-03T19:53:05.301+0000] {dagbag.py:536} INFO - Filling up the DagBag from /home/airflow/.local/lib/python3.8/site-packages/airflow/example_dags/example_latest_only_with_trigger.py
[2023-11-03T19:53:05.326+0000] {processor.py:839} INFO - DAG(s) dict_keys(['latest_only_with_trigger']) retrieved from /home/airflow/.local/lib/python3.8/site-packages/airflow/example_dags/example_latest_only_with_trigger.py
[2023-11-03T19:53:05.398+0000] {logging_mixin.py:151} INFO - [2023-11-03T19:53:05.397+0000] {dag.py:2941} INFO - Sync 1 DAGs
[2023-11-03T19:53:05.457+0000] {logging_mixin.py:151} INFO - [2023-11-03T19:53:05.456+0000] {dag.py:3722} INFO - Setting next_dagrun for latest_only_with_trigger to 2023-11-03T15:53:05.455946+00:00, run_after=2023-11-03T19:53:05.455946+00:00
[2023-11-03T19:53:05.512+0000] {processor.py:179} INFO - Processing /home/airflow/.local/lib/python3.8/site-packages/airflow/example_dags/example_latest_only_with_trigger.py took 0.233 seconds
[2023-11-03T19:53:35.959+0000] {processor.py:157} INFO - Started process (PID=34813) to work on /home/airflow/.local/lib/python3.8/site-packages/airflow/example_dags/example_latest_only_with_trigger.py
[2023-11-03T19:53:35.962+0000] {processor.py:829} INFO - Processing file /home/airflow/.local/lib/python3.8/site-packages/airflow/example_dags/example_latest_only_with_trigger.py for tasks to queue
[2023-11-03T19:53:35.970+0000] {logging_mixin.py:151} INFO - [2023-11-03T19:53:35.969+0000] {dagbag.py:536} INFO - Filling up the DagBag from /home/airflow/.local/lib/python3.8/site-packages/airflow/example_dags/example_latest_only_with_trigger.py
[2023-11-03T19:53:35.987+0000] {processor.py:839} INFO - DAG(s) dict_keys(['latest_only_with_trigger']) retrieved from /home/airflow/.local/lib/python3.8/site-packages/airflow/example_dags/example_latest_only_with_trigger.py
[2023-11-03T19:53:36.043+0000] {logging_mixin.py:151} INFO - [2023-11-03T19:53:36.043+0000] {dag.py:2941} INFO - Sync 1 DAGs
[2023-11-03T19:53:36.111+0000] {logging_mixin.py:151} INFO - [2023-11-03T19:53:36.110+0000] {dag.py:3722} INFO - Setting next_dagrun for latest_only_with_trigger to 2023-11-03T15:53:36.109882+00:00, run_after=2023-11-03T19:53:36.109882+00:00
[2023-11-03T19:53:36.184+0000] {processor.py:179} INFO - Processing /home/airflow/.local/lib/python3.8/site-packages/airflow/example_dags/example_latest_only_with_trigger.py took 0.235 seconds
[2023-11-03T19:54:07.117+0000] {processor.py:157} INFO - Started process (PID=34875) to work on /home/airflow/.local/lib/python3.8/site-packages/airflow/example_dags/example_latest_only_with_trigger.py
[2023-11-03T19:54:07.120+0000] {processor.py:829} INFO - Processing file /home/airflow/.local/lib/python3.8/site-packages/airflow/example_dags/example_latest_only_with_trigger.py for tasks to queue
[2023-11-03T19:54:07.127+0000] {logging_mixin.py:151} INFO - [2023-11-03T19:54:07.125+0000] {dagbag.py:536} INFO - Filling up the DagBag from /home/airflow/.local/lib/python3.8/site-packages/airflow/example_dags/example_latest_only_with_trigger.py
[2023-11-03T19:54:07.151+0000] {processor.py:839} INFO - DAG(s) dict_keys(['latest_only_with_trigger']) retrieved from /home/airflow/.local/lib/python3.8/site-packages/airflow/example_dags/example_latest_only_with_trigger.py
[2023-11-03T19:54:07.241+0000] {logging_mixin.py:151} INFO - [2023-11-03T19:54:07.240+0000] {dag.py:2941} INFO - Sync 1 DAGs
[2023-11-03T19:54:07.337+0000] {logging_mixin.py:151} INFO - [2023-11-03T19:54:07.336+0000] {dag.py:3722} INFO - Setting next_dagrun for latest_only_with_trigger to 2023-11-03T15:54:07.335957+00:00, run_after=2023-11-03T19:54:07.335957+00:00
[2023-11-03T19:54:07.420+0000] {processor.py:179} INFO - Processing /home/airflow/.local/lib/python3.8/site-packages/airflow/example_dags/example_latest_only_with_trigger.py took 0.310 seconds
[2023-11-03T19:54:37.932+0000] {processor.py:157} INFO - Started process (PID=34937) to work on /home/airflow/.local/lib/python3.8/site-packages/airflow/example_dags/example_latest_only_with_trigger.py
[2023-11-03T19:54:37.935+0000] {processor.py:829} INFO - Processing file /home/airflow/.local/lib/python3.8/site-packages/airflow/example_dags/example_latest_only_with_trigger.py for tasks to queue
[2023-11-03T19:54:37.942+0000] {logging_mixin.py:151} INFO - [2023-11-03T19:54:37.941+0000] {dagbag.py:536} INFO - Filling up the DagBag from /home/airflow/.local/lib/python3.8/site-packages/airflow/example_dags/example_latest_only_with_trigger.py
[2023-11-03T19:54:37.956+0000] {processor.py:839} INFO - DAG(s) dict_keys(['latest_only_with_trigger']) retrieved from /home/airflow/.local/lib/python3.8/site-packages/airflow/example_dags/example_latest_only_with_trigger.py
[2023-11-03T19:54:38.009+0000] {logging_mixin.py:151} INFO - [2023-11-03T19:54:38.008+0000] {dag.py:2941} INFO - Sync 1 DAGs
[2023-11-03T19:54:38.063+0000] {logging_mixin.py:151} INFO - [2023-11-03T19:54:38.062+0000] {dag.py:3722} INFO - Setting next_dagrun for latest_only_with_trigger to 2023-11-03T15:54:38.061968+00:00, run_after=2023-11-03T19:54:38.061968+00:00
[2023-11-03T19:54:38.117+0000] {processor.py:179} INFO - Processing /home/airflow/.local/lib/python3.8/site-packages/airflow/example_dags/example_latest_only_with_trigger.py took 0.196 seconds
[2023-11-03T19:55:09.239+0000] {processor.py:157} INFO - Started process (PID=34999) to work on /home/airflow/.local/lib/python3.8/site-packages/airflow/example_dags/example_latest_only_with_trigger.py
[2023-11-03T19:55:09.242+0000] {processor.py:829} INFO - Processing file /home/airflow/.local/lib/python3.8/site-packages/airflow/example_dags/example_latest_only_with_trigger.py for tasks to queue
[2023-11-03T19:55:09.248+0000] {logging_mixin.py:151} INFO - [2023-11-03T19:55:09.247+0000] {dagbag.py:536} INFO - Filling up the DagBag from /home/airflow/.local/lib/python3.8/site-packages/airflow/example_dags/example_latest_only_with_trigger.py
[2023-11-03T19:55:09.263+0000] {processor.py:839} INFO - DAG(s) dict_keys(['latest_only_with_trigger']) retrieved from /home/airflow/.local/lib/python3.8/site-packages/airflow/example_dags/example_latest_only_with_trigger.py
[2023-11-03T19:55:09.317+0000] {logging_mixin.py:151} INFO - [2023-11-03T19:55:09.316+0000] {dag.py:2941} INFO - Sync 1 DAGs
[2023-11-03T19:55:09.378+0000] {logging_mixin.py:151} INFO - [2023-11-03T19:55:09.378+0000] {dag.py:3722} INFO - Setting next_dagrun for latest_only_with_trigger to 2023-11-03T15:55:09.377458+00:00, run_after=2023-11-03T19:55:09.377458+00:00
[2023-11-03T19:55:09.439+0000] {processor.py:179} INFO - Processing /home/airflow/.local/lib/python3.8/site-packages/airflow/example_dags/example_latest_only_with_trigger.py took 0.208 seconds
[2023-11-03T19:55:39.895+0000] {processor.py:157} INFO - Started process (PID=35061) to work on /home/airflow/.local/lib/python3.8/site-packages/airflow/example_dags/example_latest_only_with_trigger.py
[2023-11-03T19:55:39.897+0000] {processor.py:829} INFO - Processing file /home/airflow/.local/lib/python3.8/site-packages/airflow/example_dags/example_latest_only_with_trigger.py for tasks to queue
[2023-11-03T19:55:39.904+0000] {logging_mixin.py:151} INFO - [2023-11-03T19:55:39.903+0000] {dagbag.py:536} INFO - Filling up the DagBag from /home/airflow/.local/lib/python3.8/site-packages/airflow/example_dags/example_latest_only_with_trigger.py
[2023-11-03T19:55:39.919+0000] {processor.py:839} INFO - DAG(s) dict_keys(['latest_only_with_trigger']) retrieved from /home/airflow/.local/lib/python3.8/site-packages/airflow/example_dags/example_latest_only_with_trigger.py
[2023-11-03T19:55:39.983+0000] {logging_mixin.py:151} INFO - [2023-11-03T19:55:39.982+0000] {dag.py:2941} INFO - Sync 1 DAGs
[2023-11-03T19:55:40.052+0000] {logging_mixin.py:151} INFO - [2023-11-03T19:55:40.052+0000] {dag.py:3722} INFO - Setting next_dagrun for latest_only_with_trigger to 2023-11-03T15:55:40.051398+00:00, run_after=2023-11-03T19:55:40.051398+00:00
[2023-11-03T19:55:40.115+0000] {processor.py:179} INFO - Processing /home/airflow/.local/lib/python3.8/site-packages/airflow/example_dags/example_latest_only_with_trigger.py took 0.227 seconds
[2023-11-03T19:56:10.529+0000] {processor.py:157} INFO - Started process (PID=35123) to work on /home/airflow/.local/lib/python3.8/site-packages/airflow/example_dags/example_latest_only_with_trigger.py
[2023-11-03T19:56:10.532+0000] {processor.py:829} INFO - Processing file /home/airflow/.local/lib/python3.8/site-packages/airflow/example_dags/example_latest_only_with_trigger.py for tasks to queue
[2023-11-03T19:56:10.539+0000] {logging_mixin.py:151} INFO - [2023-11-03T19:56:10.538+0000] {dagbag.py:536} INFO - Filling up the DagBag from /home/airflow/.local/lib/python3.8/site-packages/airflow/example_dags/example_latest_only_with_trigger.py
[2023-11-03T19:56:10.555+0000] {processor.py:839} INFO - DAG(s) dict_keys(['latest_only_with_trigger']) retrieved from /home/airflow/.local/lib/python3.8/site-packages/airflow/example_dags/example_latest_only_with_trigger.py
[2023-11-03T19:56:10.624+0000] {logging_mixin.py:151} INFO - [2023-11-03T19:56:10.623+0000] {dag.py:2941} INFO - Sync 1 DAGs
[2023-11-03T19:56:10.693+0000] {logging_mixin.py:151} INFO - [2023-11-03T19:56:10.693+0000] {dag.py:3722} INFO - Setting next_dagrun for latest_only_with_trigger to 2023-11-03T15:56:10.692346+00:00, run_after=2023-11-03T19:56:10.692346+00:00
[2023-11-03T19:56:10.751+0000] {processor.py:179} INFO - Processing /home/airflow/.local/lib/python3.8/site-packages/airflow/example_dags/example_latest_only_with_trigger.py took 0.229 seconds
[2023-11-03T19:56:41.129+0000] {processor.py:157} INFO - Started process (PID=35185) to work on /home/airflow/.local/lib/python3.8/site-packages/airflow/example_dags/example_latest_only_with_trigger.py
[2023-11-03T19:56:41.133+0000] {processor.py:829} INFO - Processing file /home/airflow/.local/lib/python3.8/site-packages/airflow/example_dags/example_latest_only_with_trigger.py for tasks to queue
[2023-11-03T19:56:41.141+0000] {logging_mixin.py:151} INFO - [2023-11-03T19:56:41.140+0000] {dagbag.py:536} INFO - Filling up the DagBag from /home/airflow/.local/lib/python3.8/site-packages/airflow/example_dags/example_latest_only_with_trigger.py
[2023-11-03T19:56:41.162+0000] {processor.py:839} INFO - DAG(s) dict_keys(['latest_only_with_trigger']) retrieved from /home/airflow/.local/lib/python3.8/site-packages/airflow/example_dags/example_latest_only_with_trigger.py
[2023-11-03T19:56:41.233+0000] {logging_mixin.py:151} INFO - [2023-11-03T19:56:41.233+0000] {dag.py:2941} INFO - Sync 1 DAGs
[2023-11-03T19:56:41.321+0000] {logging_mixin.py:151} INFO - [2023-11-03T19:56:41.320+0000] {dag.py:3722} INFO - Setting next_dagrun for latest_only_with_trigger to 2023-11-03T15:56:41.319429+00:00, run_after=2023-11-03T19:56:41.319429+00:00
[2023-11-03T19:56:41.386+0000] {processor.py:179} INFO - Processing /home/airflow/.local/lib/python3.8/site-packages/airflow/example_dags/example_latest_only_with_trigger.py took 0.267 seconds
[2023-11-03T19:57:11.840+0000] {processor.py:157} INFO - Started process (PID=35247) to work on /home/airflow/.local/lib/python3.8/site-packages/airflow/example_dags/example_latest_only_with_trigger.py
[2023-11-03T19:57:11.843+0000] {processor.py:829} INFO - Processing file /home/airflow/.local/lib/python3.8/site-packages/airflow/example_dags/example_latest_only_with_trigger.py for tasks to queue
[2023-11-03T19:57:11.853+0000] {logging_mixin.py:151} INFO - [2023-11-03T19:57:11.852+0000] {dagbag.py:536} INFO - Filling up the DagBag from /home/airflow/.local/lib/python3.8/site-packages/airflow/example_dags/example_latest_only_with_trigger.py
[2023-11-03T19:57:11.878+0000] {processor.py:839} INFO - DAG(s) dict_keys(['latest_only_with_trigger']) retrieved from /home/airflow/.local/lib/python3.8/site-packages/airflow/example_dags/example_latest_only_with_trigger.py
[2023-11-03T19:57:11.956+0000] {logging_mixin.py:151} INFO - [2023-11-03T19:57:11.955+0000] {dag.py:2941} INFO - Sync 1 DAGs
[2023-11-03T19:57:12.025+0000] {logging_mixin.py:151} INFO - [2023-11-03T19:57:12.024+0000] {dag.py:3722} INFO - Setting next_dagrun for latest_only_with_trigger to 2023-11-03T15:57:12.024383+00:00, run_after=2023-11-03T19:57:12.024383+00:00
[2023-11-03T19:57:12.082+0000] {processor.py:179} INFO - Processing /home/airflow/.local/lib/python3.8/site-packages/airflow/example_dags/example_latest_only_with_trigger.py took 0.256 seconds
[2023-11-03T19:57:42.839+0000] {processor.py:157} INFO - Started process (PID=35309) to work on /home/airflow/.local/lib/python3.8/site-packages/airflow/example_dags/example_latest_only_with_trigger.py
[2023-11-03T19:57:42.841+0000] {processor.py:829} INFO - Processing file /home/airflow/.local/lib/python3.8/site-packages/airflow/example_dags/example_latest_only_with_trigger.py for tasks to queue
[2023-11-03T19:57:42.847+0000] {logging_mixin.py:151} INFO - [2023-11-03T19:57:42.846+0000] {dagbag.py:536} INFO - Filling up the DagBag from /home/airflow/.local/lib/python3.8/site-packages/airflow/example_dags/example_latest_only_with_trigger.py
[2023-11-03T19:57:42.861+0000] {processor.py:839} INFO - DAG(s) dict_keys(['latest_only_with_trigger']) retrieved from /home/airflow/.local/lib/python3.8/site-packages/airflow/example_dags/example_latest_only_with_trigger.py
[2023-11-03T19:57:42.933+0000] {logging_mixin.py:151} INFO - [2023-11-03T19:57:42.932+0000] {dag.py:2941} INFO - Sync 1 DAGs
[2023-11-03T19:57:43.006+0000] {logging_mixin.py:151} INFO - [2023-11-03T19:57:43.005+0000] {dag.py:3722} INFO - Setting next_dagrun for latest_only_with_trigger to 2023-11-03T15:57:43.004985+00:00, run_after=2023-11-03T19:57:43.004985+00:00
[2023-11-03T19:57:43.071+0000] {processor.py:179} INFO - Processing /home/airflow/.local/lib/python3.8/site-packages/airflow/example_dags/example_latest_only_with_trigger.py took 0.239 seconds
[2023-11-03T19:58:13.683+0000] {processor.py:157} INFO - Started process (PID=35371) to work on /home/airflow/.local/lib/python3.8/site-packages/airflow/example_dags/example_latest_only_with_trigger.py
[2023-11-03T19:58:13.686+0000] {processor.py:829} INFO - Processing file /home/airflow/.local/lib/python3.8/site-packages/airflow/example_dags/example_latest_only_with_trigger.py for tasks to queue
[2023-11-03T19:58:13.693+0000] {logging_mixin.py:151} INFO - [2023-11-03T19:58:13.692+0000] {dagbag.py:536} INFO - Filling up the DagBag from /home/airflow/.local/lib/python3.8/site-packages/airflow/example_dags/example_latest_only_with_trigger.py
[2023-11-03T19:58:13.719+0000] {processor.py:839} INFO - DAG(s) dict_keys(['latest_only_with_trigger']) retrieved from /home/airflow/.local/lib/python3.8/site-packages/airflow/example_dags/example_latest_only_with_trigger.py
[2023-11-03T19:58:13.880+0000] {logging_mixin.py:151} INFO - [2023-11-03T19:58:13.879+0000] {dag.py:2941} INFO - Sync 1 DAGs
[2023-11-03T19:58:14.000+0000] {logging_mixin.py:151} INFO - [2023-11-03T19:58:13.999+0000] {dag.py:3722} INFO - Setting next_dagrun for latest_only_with_trigger to 2023-11-03T15:58:13.998741+00:00, run_after=2023-11-03T19:58:13.998741+00:00
[2023-11-03T19:58:14.068+0000] {processor.py:179} INFO - Processing /home/airflow/.local/lib/python3.8/site-packages/airflow/example_dags/example_latest_only_with_trigger.py took 0.391 seconds
[2023-11-03T19:58:44.438+0000] {processor.py:157} INFO - Started process (PID=35433) to work on /home/airflow/.local/lib/python3.8/site-packages/airflow/example_dags/example_latest_only_with_trigger.py
[2023-11-03T19:58:44.442+0000] {processor.py:829} INFO - Processing file /home/airflow/.local/lib/python3.8/site-packages/airflow/example_dags/example_latest_only_with_trigger.py for tasks to queue
[2023-11-03T19:58:44.452+0000] {logging_mixin.py:151} INFO - [2023-11-03T19:58:44.449+0000] {dagbag.py:536} INFO - Filling up the DagBag from /home/airflow/.local/lib/python3.8/site-packages/airflow/example_dags/example_latest_only_with_trigger.py
[2023-11-03T19:58:44.470+0000] {processor.py:839} INFO - DAG(s) dict_keys(['latest_only_with_trigger']) retrieved from /home/airflow/.local/lib/python3.8/site-packages/airflow/example_dags/example_latest_only_with_trigger.py
[2023-11-03T19:58:44.546+0000] {logging_mixin.py:151} INFO - [2023-11-03T19:58:44.545+0000] {dag.py:2941} INFO - Sync 1 DAGs
[2023-11-03T19:58:44.617+0000] {logging_mixin.py:151} INFO - [2023-11-03T19:58:44.617+0000] {dag.py:3722} INFO - Setting next_dagrun for latest_only_with_trigger to 2023-11-03T15:58:44.616521+00:00, run_after=2023-11-03T19:58:44.616521+00:00
[2023-11-03T19:58:44.675+0000] {processor.py:179} INFO - Processing /home/airflow/.local/lib/python3.8/site-packages/airflow/example_dags/example_latest_only_with_trigger.py took 0.245 seconds
[2023-11-03T19:59:15.177+0000] {processor.py:157} INFO - Started process (PID=35495) to work on /home/airflow/.local/lib/python3.8/site-packages/airflow/example_dags/example_latest_only_with_trigger.py
[2023-11-03T19:59:15.179+0000] {processor.py:829} INFO - Processing file /home/airflow/.local/lib/python3.8/site-packages/airflow/example_dags/example_latest_only_with_trigger.py for tasks to queue
[2023-11-03T19:59:15.190+0000] {logging_mixin.py:151} INFO - [2023-11-03T19:59:15.188+0000] {dagbag.py:536} INFO - Filling up the DagBag from /home/airflow/.local/lib/python3.8/site-packages/airflow/example_dags/example_latest_only_with_trigger.py
[2023-11-03T19:59:15.218+0000] {processor.py:839} INFO - DAG(s) dict_keys(['latest_only_with_trigger']) retrieved from /home/airflow/.local/lib/python3.8/site-packages/airflow/example_dags/example_latest_only_with_trigger.py
[2023-11-03T19:59:15.269+0000] {logging_mixin.py:151} INFO - [2023-11-03T19:59:15.268+0000] {dag.py:2941} INFO - Sync 1 DAGs
[2023-11-03T19:59:15.326+0000] {logging_mixin.py:151} INFO - [2023-11-03T19:59:15.325+0000] {dag.py:3722} INFO - Setting next_dagrun for latest_only_with_trigger to 2023-11-03T15:59:15.324917+00:00, run_after=2023-11-03T19:59:15.324917+00:00
[2023-11-03T19:59:15.387+0000] {processor.py:179} INFO - Processing /home/airflow/.local/lib/python3.8/site-packages/airflow/example_dags/example_latest_only_with_trigger.py took 0.221 seconds
[2023-11-03T19:59:45.770+0000] {processor.py:157} INFO - Started process (PID=35556) to work on /home/airflow/.local/lib/python3.8/site-packages/airflow/example_dags/example_latest_only_with_trigger.py
[2023-11-03T19:59:45.772+0000] {processor.py:829} INFO - Processing file /home/airflow/.local/lib/python3.8/site-packages/airflow/example_dags/example_latest_only_with_trigger.py for tasks to queue
[2023-11-03T19:59:45.778+0000] {logging_mixin.py:151} INFO - [2023-11-03T19:59:45.777+0000] {dagbag.py:536} INFO - Filling up the DagBag from /home/airflow/.local/lib/python3.8/site-packages/airflow/example_dags/example_latest_only_with_trigger.py
[2023-11-03T19:59:45.794+0000] {processor.py:839} INFO - DAG(s) dict_keys(['latest_only_with_trigger']) retrieved from /home/airflow/.local/lib/python3.8/site-packages/airflow/example_dags/example_latest_only_with_trigger.py
[2023-11-03T19:59:45.841+0000] {logging_mixin.py:151} INFO - [2023-11-03T19:59:45.841+0000] {dag.py:2941} INFO - Sync 1 DAGs
[2023-11-03T19:59:45.894+0000] {logging_mixin.py:151} INFO - [2023-11-03T19:59:45.894+0000] {dag.py:3722} INFO - Setting next_dagrun for latest_only_with_trigger to 2023-11-03T15:59:45.893825+00:00, run_after=2023-11-03T19:59:45.893825+00:00
[2023-11-03T19:59:45.949+0000] {processor.py:179} INFO - Processing /home/airflow/.local/lib/python3.8/site-packages/airflow/example_dags/example_latest_only_with_trigger.py took 0.187 seconds
[2023-11-03T20:00:16.956+0000] {processor.py:157} INFO - Started process (PID=35619) to work on /home/airflow/.local/lib/python3.8/site-packages/airflow/example_dags/example_latest_only_with_trigger.py
[2023-11-03T20:00:16.959+0000] {processor.py:829} INFO - Processing file /home/airflow/.local/lib/python3.8/site-packages/airflow/example_dags/example_latest_only_with_trigger.py for tasks to queue
[2023-11-03T20:00:16.966+0000] {logging_mixin.py:151} INFO - [2023-11-03T20:00:16.965+0000] {dagbag.py:536} INFO - Filling up the DagBag from /home/airflow/.local/lib/python3.8/site-packages/airflow/example_dags/example_latest_only_with_trigger.py
[2023-11-03T20:00:16.984+0000] {processor.py:839} INFO - DAG(s) dict_keys(['latest_only_with_trigger']) retrieved from /home/airflow/.local/lib/python3.8/site-packages/airflow/example_dags/example_latest_only_with_trigger.py
[2023-11-03T20:00:17.056+0000] {logging_mixin.py:151} INFO - [2023-11-03T20:00:17.055+0000] {dag.py:2941} INFO - Sync 1 DAGs
[2023-11-03T20:00:17.125+0000] {logging_mixin.py:151} INFO - [2023-11-03T20:00:17.125+0000] {dag.py:3722} INFO - Setting next_dagrun for latest_only_with_trigger to 2023-11-03T16:00:17.124265+00:00, run_after=2023-11-03T20:00:17.124265+00:00
[2023-11-03T20:00:17.186+0000] {processor.py:179} INFO - Processing /home/airflow/.local/lib/python3.8/site-packages/airflow/example_dags/example_latest_only_with_trigger.py took 0.242 seconds
[2023-11-03T20:00:48.117+0000] {processor.py:157} INFO - Started process (PID=35680) to work on /home/airflow/.local/lib/python3.8/site-packages/airflow/example_dags/example_latest_only_with_trigger.py
[2023-11-03T20:00:48.120+0000] {processor.py:829} INFO - Processing file /home/airflow/.local/lib/python3.8/site-packages/airflow/example_dags/example_latest_only_with_trigger.py for tasks to queue
[2023-11-03T20:00:48.126+0000] {logging_mixin.py:151} INFO - [2023-11-03T20:00:48.125+0000] {dagbag.py:536} INFO - Filling up the DagBag from /home/airflow/.local/lib/python3.8/site-packages/airflow/example_dags/example_latest_only_with_trigger.py
[2023-11-03T20:00:48.143+0000] {processor.py:839} INFO - DAG(s) dict_keys(['latest_only_with_trigger']) retrieved from /home/airflow/.local/lib/python3.8/site-packages/airflow/example_dags/example_latest_only_with_trigger.py
[2023-11-03T20:00:48.221+0000] {logging_mixin.py:151} INFO - [2023-11-03T20:00:48.220+0000] {dag.py:2941} INFO - Sync 1 DAGs
[2023-11-03T20:00:48.292+0000] {logging_mixin.py:151} INFO - [2023-11-03T20:00:48.291+0000] {dag.py:3722} INFO - Setting next_dagrun for latest_only_with_trigger to 2023-11-03T16:00:48.290939+00:00, run_after=2023-11-03T20:00:48.290939+00:00
[2023-11-03T20:00:48.355+0000] {processor.py:179} INFO - Processing /home/airflow/.local/lib/python3.8/site-packages/airflow/example_dags/example_latest_only_with_trigger.py took 0.246 seconds
[2023-11-03T20:01:19.237+0000] {processor.py:157} INFO - Started process (PID=35742) to work on /home/airflow/.local/lib/python3.8/site-packages/airflow/example_dags/example_latest_only_with_trigger.py
[2023-11-03T20:01:19.239+0000] {processor.py:829} INFO - Processing file /home/airflow/.local/lib/python3.8/site-packages/airflow/example_dags/example_latest_only_with_trigger.py for tasks to queue
[2023-11-03T20:01:19.246+0000] {logging_mixin.py:151} INFO - [2023-11-03T20:01:19.245+0000] {dagbag.py:536} INFO - Filling up the DagBag from /home/airflow/.local/lib/python3.8/site-packages/airflow/example_dags/example_latest_only_with_trigger.py
[2023-11-03T20:01:19.262+0000] {processor.py:839} INFO - DAG(s) dict_keys(['latest_only_with_trigger']) retrieved from /home/airflow/.local/lib/python3.8/site-packages/airflow/example_dags/example_latest_only_with_trigger.py
[2023-11-03T20:01:19.317+0000] {logging_mixin.py:151} INFO - [2023-11-03T20:01:19.316+0000] {dag.py:2941} INFO - Sync 1 DAGs
[2023-11-03T20:01:19.373+0000] {logging_mixin.py:151} INFO - [2023-11-03T20:01:19.373+0000] {dag.py:3722} INFO - Setting next_dagrun for latest_only_with_trigger to 2023-11-03T16:01:19.372525+00:00, run_after=2023-11-03T20:01:19.372525+00:00
[2023-11-03T20:01:19.433+0000] {processor.py:179} INFO - Processing /home/airflow/.local/lib/python3.8/site-packages/airflow/example_dags/example_latest_only_with_trigger.py took 0.204 seconds
[2023-11-03T20:01:50.606+0000] {processor.py:157} INFO - Started process (PID=35804) to work on /home/airflow/.local/lib/python3.8/site-packages/airflow/example_dags/example_latest_only_with_trigger.py
[2023-11-03T20:01:50.609+0000] {processor.py:829} INFO - Processing file /home/airflow/.local/lib/python3.8/site-packages/airflow/example_dags/example_latest_only_with_trigger.py for tasks to queue
[2023-11-03T20:01:50.616+0000] {logging_mixin.py:151} INFO - [2023-11-03T20:01:50.615+0000] {dagbag.py:536} INFO - Filling up the DagBag from /home/airflow/.local/lib/python3.8/site-packages/airflow/example_dags/example_latest_only_with_trigger.py
[2023-11-03T20:01:50.633+0000] {processor.py:839} INFO - DAG(s) dict_keys(['latest_only_with_trigger']) retrieved from /home/airflow/.local/lib/python3.8/site-packages/airflow/example_dags/example_latest_only_with_trigger.py
[2023-11-03T20:01:50.708+0000] {logging_mixin.py:151} INFO - [2023-11-03T20:01:50.707+0000] {dag.py:2941} INFO - Sync 1 DAGs
[2023-11-03T20:01:50.770+0000] {logging_mixin.py:151} INFO - [2023-11-03T20:01:50.769+0000] {dag.py:3722} INFO - Setting next_dagrun for latest_only_with_trigger to 2023-11-03T16:01:50.769173+00:00, run_after=2023-11-03T20:01:50.769173+00:00
[2023-11-03T20:01:50.827+0000] {processor.py:179} INFO - Processing /home/airflow/.local/lib/python3.8/site-packages/airflow/example_dags/example_latest_only_with_trigger.py took 0.234 seconds
[2023-11-03T20:02:21.303+0000] {processor.py:157} INFO - Started process (PID=35866) to work on /home/airflow/.local/lib/python3.8/site-packages/airflow/example_dags/example_latest_only_with_trigger.py
[2023-11-03T20:02:21.306+0000] {processor.py:829} INFO - Processing file /home/airflow/.local/lib/python3.8/site-packages/airflow/example_dags/example_latest_only_with_trigger.py for tasks to queue
[2023-11-03T20:02:21.316+0000] {logging_mixin.py:151} INFO - [2023-11-03T20:02:21.314+0000] {dagbag.py:536} INFO - Filling up the DagBag from /home/airflow/.local/lib/python3.8/site-packages/airflow/example_dags/example_latest_only_with_trigger.py
[2023-11-03T20:02:21.344+0000] {processor.py:839} INFO - DAG(s) dict_keys(['latest_only_with_trigger']) retrieved from /home/airflow/.local/lib/python3.8/site-packages/airflow/example_dags/example_latest_only_with_trigger.py
[2023-11-03T20:02:21.415+0000] {logging_mixin.py:151} INFO - [2023-11-03T20:02:21.414+0000] {dag.py:2941} INFO - Sync 1 DAGs
[2023-11-03T20:02:21.476+0000] {logging_mixin.py:151} INFO - [2023-11-03T20:02:21.475+0000] {dag.py:3722} INFO - Setting next_dagrun for latest_only_with_trigger to 2023-11-03T16:02:21.475134+00:00, run_after=2023-11-03T20:02:21.475134+00:00
[2023-11-03T20:02:21.539+0000] {processor.py:179} INFO - Processing /home/airflow/.local/lib/python3.8/site-packages/airflow/example_dags/example_latest_only_with_trigger.py took 0.262 seconds
[2023-11-03T20:02:52.337+0000] {processor.py:157} INFO - Started process (PID=35928) to work on /home/airflow/.local/lib/python3.8/site-packages/airflow/example_dags/example_latest_only_with_trigger.py
[2023-11-03T20:02:52.340+0000] {processor.py:829} INFO - Processing file /home/airflow/.local/lib/python3.8/site-packages/airflow/example_dags/example_latest_only_with_trigger.py for tasks to queue
[2023-11-03T20:02:52.347+0000] {logging_mixin.py:151} INFO - [2023-11-03T20:02:52.345+0000] {dagbag.py:536} INFO - Filling up the DagBag from /home/airflow/.local/lib/python3.8/site-packages/airflow/example_dags/example_latest_only_with_trigger.py
[2023-11-03T20:02:52.362+0000] {processor.py:839} INFO - DAG(s) dict_keys(['latest_only_with_trigger']) retrieved from /home/airflow/.local/lib/python3.8/site-packages/airflow/example_dags/example_latest_only_with_trigger.py
[2023-11-03T20:02:52.432+0000] {logging_mixin.py:151} INFO - [2023-11-03T20:02:52.431+0000] {dag.py:2941} INFO - Sync 1 DAGs
[2023-11-03T20:02:52.492+0000] {logging_mixin.py:151} INFO - [2023-11-03T20:02:52.491+0000] {dag.py:3722} INFO - Setting next_dagrun for latest_only_with_trigger to 2023-11-03T16:02:52.490758+00:00, run_after=2023-11-03T20:02:52.490758+00:00
[2023-11-03T20:02:52.549+0000] {processor.py:179} INFO - Processing /home/airflow/.local/lib/python3.8/site-packages/airflow/example_dags/example_latest_only_with_trigger.py took 0.220 seconds
[2023-11-03T20:03:22.997+0000] {processor.py:157} INFO - Started process (PID=35991) to work on /home/airflow/.local/lib/python3.8/site-packages/airflow/example_dags/example_latest_only_with_trigger.py
[2023-11-03T20:03:23.000+0000] {processor.py:829} INFO - Processing file /home/airflow/.local/lib/python3.8/site-packages/airflow/example_dags/example_latest_only_with_trigger.py for tasks to queue
[2023-11-03T20:03:23.008+0000] {logging_mixin.py:151} INFO - [2023-11-03T20:03:23.006+0000] {dagbag.py:536} INFO - Filling up the DagBag from /home/airflow/.local/lib/python3.8/site-packages/airflow/example_dags/example_latest_only_with_trigger.py
[2023-11-03T20:03:23.024+0000] {processor.py:839} INFO - DAG(s) dict_keys(['latest_only_with_trigger']) retrieved from /home/airflow/.local/lib/python3.8/site-packages/airflow/example_dags/example_latest_only_with_trigger.py
[2023-11-03T20:03:23.077+0000] {logging_mixin.py:151} INFO - [2023-11-03T20:03:23.076+0000] {dag.py:2941} INFO - Sync 1 DAGs
[2023-11-03T20:03:23.136+0000] {logging_mixin.py:151} INFO - [2023-11-03T20:03:23.135+0000] {dag.py:3722} INFO - Setting next_dagrun for latest_only_with_trigger to 2023-11-03T16:03:23.134785+00:00, run_after=2023-11-03T20:03:23.134785+00:00
[2023-11-03T20:03:23.204+0000] {processor.py:179} INFO - Processing /home/airflow/.local/lib/python3.8/site-packages/airflow/example_dags/example_latest_only_with_trigger.py took 0.215 seconds
[2023-11-03T20:03:53.667+0000] {processor.py:157} INFO - Started process (PID=36054) to work on /home/airflow/.local/lib/python3.8/site-packages/airflow/example_dags/example_latest_only_with_trigger.py
[2023-11-03T20:03:53.670+0000] {processor.py:829} INFO - Processing file /home/airflow/.local/lib/python3.8/site-packages/airflow/example_dags/example_latest_only_with_trigger.py for tasks to queue
[2023-11-03T20:03:53.677+0000] {logging_mixin.py:151} INFO - [2023-11-03T20:03:53.676+0000] {dagbag.py:536} INFO - Filling up the DagBag from /home/airflow/.local/lib/python3.8/site-packages/airflow/example_dags/example_latest_only_with_trigger.py
[2023-11-03T20:03:53.693+0000] {processor.py:839} INFO - DAG(s) dict_keys(['latest_only_with_trigger']) retrieved from /home/airflow/.local/lib/python3.8/site-packages/airflow/example_dags/example_latest_only_with_trigger.py
[2023-11-03T20:03:53.747+0000] {logging_mixin.py:151} INFO - [2023-11-03T20:03:53.746+0000] {dag.py:2941} INFO - Sync 1 DAGs
[2023-11-03T20:03:53.803+0000] {logging_mixin.py:151} INFO - [2023-11-03T20:03:53.802+0000] {dag.py:3722} INFO - Setting next_dagrun for latest_only_with_trigger to 2023-11-03T16:03:53.801860+00:00, run_after=2023-11-03T20:03:53.801860+00:00
[2023-11-03T20:03:53.867+0000] {processor.py:179} INFO - Processing /home/airflow/.local/lib/python3.8/site-packages/airflow/example_dags/example_latest_only_with_trigger.py took 0.207 seconds
[2023-11-03T20:04:25.126+0000] {processor.py:157} INFO - Started process (PID=36115) to work on /home/airflow/.local/lib/python3.8/site-packages/airflow/example_dags/example_latest_only_with_trigger.py
[2023-11-03T20:04:25.129+0000] {processor.py:829} INFO - Processing file /home/airflow/.local/lib/python3.8/site-packages/airflow/example_dags/example_latest_only_with_trigger.py for tasks to queue
[2023-11-03T20:04:25.139+0000] {logging_mixin.py:151} INFO - [2023-11-03T20:04:25.137+0000] {dagbag.py:536} INFO - Filling up the DagBag from /home/airflow/.local/lib/python3.8/site-packages/airflow/example_dags/example_latest_only_with_trigger.py
[2023-11-03T20:04:25.159+0000] {processor.py:839} INFO - DAG(s) dict_keys(['latest_only_with_trigger']) retrieved from /home/airflow/.local/lib/python3.8/site-packages/airflow/example_dags/example_latest_only_with_trigger.py
[2023-11-03T20:04:25.231+0000] {logging_mixin.py:151} INFO - [2023-11-03T20:04:25.230+0000] {dag.py:2941} INFO - Sync 1 DAGs
[2023-11-03T20:04:25.292+0000] {logging_mixin.py:151} INFO - [2023-11-03T20:04:25.292+0000] {dag.py:3722} INFO - Setting next_dagrun for latest_only_with_trigger to 2023-11-03T16:04:25.291668+00:00, run_after=2023-11-03T20:04:25.291668+00:00
[2023-11-03T20:04:25.350+0000] {processor.py:179} INFO - Processing /home/airflow/.local/lib/python3.8/site-packages/airflow/example_dags/example_latest_only_with_trigger.py took 0.235 seconds
[2023-11-03T20:04:55.827+0000] {processor.py:157} INFO - Started process (PID=36177) to work on /home/airflow/.local/lib/python3.8/site-packages/airflow/example_dags/example_latest_only_with_trigger.py
[2023-11-03T20:04:55.834+0000] {processor.py:829} INFO - Processing file /home/airflow/.local/lib/python3.8/site-packages/airflow/example_dags/example_latest_only_with_trigger.py for tasks to queue
[2023-11-03T20:04:55.841+0000] {logging_mixin.py:151} INFO - [2023-11-03T20:04:55.840+0000] {dagbag.py:536} INFO - Filling up the DagBag from /home/airflow/.local/lib/python3.8/site-packages/airflow/example_dags/example_latest_only_with_trigger.py
[2023-11-03T20:04:55.882+0000] {processor.py:839} INFO - DAG(s) dict_keys(['latest_only_with_trigger']) retrieved from /home/airflow/.local/lib/python3.8/site-packages/airflow/example_dags/example_latest_only_with_trigger.py
[2023-11-03T20:04:56.021+0000] {logging_mixin.py:151} INFO - [2023-11-03T20:04:56.020+0000] {dag.py:2941} INFO - Sync 1 DAGs
[2023-11-03T20:04:56.085+0000] {logging_mixin.py:151} INFO - [2023-11-03T20:04:56.084+0000] {dag.py:3722} INFO - Setting next_dagrun for latest_only_with_trigger to 2023-11-03T16:04:56.083491+00:00, run_after=2023-11-03T20:04:56.083491+00:00
[2023-11-03T20:04:56.149+0000] {processor.py:179} INFO - Processing /home/airflow/.local/lib/python3.8/site-packages/airflow/example_dags/example_latest_only_with_trigger.py took 0.357 seconds
[2023-11-03T20:05:26.783+0000] {processor.py:157} INFO - Started process (PID=36239) to work on /home/airflow/.local/lib/python3.8/site-packages/airflow/example_dags/example_latest_only_with_trigger.py
[2023-11-03T20:05:26.786+0000] {processor.py:829} INFO - Processing file /home/airflow/.local/lib/python3.8/site-packages/airflow/example_dags/example_latest_only_with_trigger.py for tasks to queue
[2023-11-03T20:05:26.796+0000] {logging_mixin.py:151} INFO - [2023-11-03T20:05:26.794+0000] {dagbag.py:536} INFO - Filling up the DagBag from /home/airflow/.local/lib/python3.8/site-packages/airflow/example_dags/example_latest_only_with_trigger.py
[2023-11-03T20:05:26.820+0000] {processor.py:839} INFO - DAG(s) dict_keys(['latest_only_with_trigger']) retrieved from /home/airflow/.local/lib/python3.8/site-packages/airflow/example_dags/example_latest_only_with_trigger.py
[2023-11-03T20:05:26.879+0000] {logging_mixin.py:151} INFO - [2023-11-03T20:05:26.879+0000] {dag.py:2941} INFO - Sync 1 DAGs
[2023-11-03T20:05:26.954+0000] {logging_mixin.py:151} INFO - [2023-11-03T20:05:26.953+0000] {dag.py:3722} INFO - Setting next_dagrun for latest_only_with_trigger to 2023-11-03T16:05:26.952903+00:00, run_after=2023-11-03T20:05:26.952903+00:00
[2023-11-03T20:05:27.019+0000] {processor.py:179} INFO - Processing /home/airflow/.local/lib/python3.8/site-packages/airflow/example_dags/example_latest_only_with_trigger.py took 0.242 seconds
[2023-11-03T20:05:58.046+0000] {processor.py:157} INFO - Started process (PID=36301) to work on /home/airflow/.local/lib/python3.8/site-packages/airflow/example_dags/example_latest_only_with_trigger.py
[2023-11-03T20:05:58.050+0000] {processor.py:829} INFO - Processing file /home/airflow/.local/lib/python3.8/site-packages/airflow/example_dags/example_latest_only_with_trigger.py for tasks to queue
[2023-11-03T20:05:58.057+0000] {logging_mixin.py:151} INFO - [2023-11-03T20:05:58.056+0000] {dagbag.py:536} INFO - Filling up the DagBag from /home/airflow/.local/lib/python3.8/site-packages/airflow/example_dags/example_latest_only_with_trigger.py
[2023-11-03T20:05:58.075+0000] {processor.py:839} INFO - DAG(s) dict_keys(['latest_only_with_trigger']) retrieved from /home/airflow/.local/lib/python3.8/site-packages/airflow/example_dags/example_latest_only_with_trigger.py
[2023-11-03T20:05:58.134+0000] {logging_mixin.py:151} INFO - [2023-11-03T20:05:58.133+0000] {dag.py:2941} INFO - Sync 1 DAGs
[2023-11-03T20:05:58.201+0000] {logging_mixin.py:151} INFO - [2023-11-03T20:05:58.200+0000] {dag.py:3722} INFO - Setting next_dagrun for latest_only_with_trigger to 2023-11-03T16:05:58.198671+00:00, run_after=2023-11-03T20:05:58.198671+00:00
[2023-11-03T20:05:58.260+0000] {processor.py:179} INFO - Processing /home/airflow/.local/lib/python3.8/site-packages/airflow/example_dags/example_latest_only_with_trigger.py took 0.229 seconds
