[2023-11-03T19:42:50.670+0000] {processor.py:157} INFO - Started process (PID=33510) to work on /home/airflow/.local/lib/python3.8/site-packages/airflow/example_dags/example_branch_python_dop_operator_3.py
[2023-11-03T19:42:50.672+0000] {processor.py:829} INFO - Processing file /home/airflow/.local/lib/python3.8/site-packages/airflow/example_dags/example_branch_python_dop_operator_3.py for tasks to queue
[2023-11-03T19:42:50.680+0000] {logging_mixin.py:151} INFO - [2023-11-03T19:42:50.679+0000] {dagbag.py:536} INFO - Filling up the DagBag from /home/airflow/.local/lib/python3.8/site-packages/airflow/example_dags/example_branch_python_dop_operator_3.py
[2023-11-03T19:42:50.710+0000] {processor.py:839} INFO - DAG(s) dict_keys(['example_branch_dop_operator_v3']) retrieved from /home/airflow/.local/lib/python3.8/site-packages/airflow/example_dags/example_branch_python_dop_operator_3.py
[2023-11-03T19:42:50.768+0000] {logging_mixin.py:151} INFO - [2023-11-03T19:42:50.767+0000] {dag.py:2941} INFO - Sync 1 DAGs
[2023-11-03T19:42:50.859+0000] {logging_mixin.py:151} INFO - [2023-11-03T19:42:50.858+0000] {dag.py:3722} INFO - Setting next_dagrun for example_branch_dop_operator_v3 to 2023-11-03T19:41:00+00:00, run_after=2023-11-03T19:42:00+00:00
[2023-11-03T19:42:51.337+0000] {processor.py:179} INFO - Processing /home/airflow/.local/lib/python3.8/site-packages/airflow/example_dags/example_branch_python_dop_operator_3.py took 0.675 seconds
[2023-11-03T19:43:22.108+0000] {processor.py:157} INFO - Started process (PID=33572) to work on /home/airflow/.local/lib/python3.8/site-packages/airflow/example_dags/example_branch_python_dop_operator_3.py
[2023-11-03T19:43:22.110+0000] {processor.py:829} INFO - Processing file /home/airflow/.local/lib/python3.8/site-packages/airflow/example_dags/example_branch_python_dop_operator_3.py for tasks to queue
[2023-11-03T19:43:22.119+0000] {logging_mixin.py:151} INFO - [2023-11-03T19:43:22.118+0000] {dagbag.py:536} INFO - Filling up the DagBag from /home/airflow/.local/lib/python3.8/site-packages/airflow/example_dags/example_branch_python_dop_operator_3.py
[2023-11-03T19:43:22.151+0000] {processor.py:839} INFO - DAG(s) dict_keys(['example_branch_dop_operator_v3']) retrieved from /home/airflow/.local/lib/python3.8/site-packages/airflow/example_dags/example_branch_python_dop_operator_3.py
[2023-11-03T19:43:22.229+0000] {logging_mixin.py:151} INFO - [2023-11-03T19:43:22.228+0000] {dag.py:2941} INFO - Sync 1 DAGs
[2023-11-03T19:43:22.316+0000] {logging_mixin.py:151} INFO - [2023-11-03T19:43:22.315+0000] {dag.py:3722} INFO - Setting next_dagrun for example_branch_dop_operator_v3 to 2023-11-03T19:42:00+00:00, run_after=2023-11-03T19:43:00+00:00
[2023-11-03T19:43:22.417+0000] {processor.py:179} INFO - Processing /home/airflow/.local/lib/python3.8/site-packages/airflow/example_dags/example_branch_python_dop_operator_3.py took 0.317 seconds
[2023-11-03T19:43:52.641+0000] {processor.py:157} INFO - Started process (PID=33634) to work on /home/airflow/.local/lib/python3.8/site-packages/airflow/example_dags/example_branch_python_dop_operator_3.py
[2023-11-03T19:43:52.644+0000] {processor.py:829} INFO - Processing file /home/airflow/.local/lib/python3.8/site-packages/airflow/example_dags/example_branch_python_dop_operator_3.py for tasks to queue
[2023-11-03T19:43:52.652+0000] {logging_mixin.py:151} INFO - [2023-11-03T19:43:52.651+0000] {dagbag.py:536} INFO - Filling up the DagBag from /home/airflow/.local/lib/python3.8/site-packages/airflow/example_dags/example_branch_python_dop_operator_3.py
[2023-11-03T19:43:52.684+0000] {processor.py:839} INFO - DAG(s) dict_keys(['example_branch_dop_operator_v3']) retrieved from /home/airflow/.local/lib/python3.8/site-packages/airflow/example_dags/example_branch_python_dop_operator_3.py
[2023-11-03T19:43:52.757+0000] {logging_mixin.py:151} INFO - [2023-11-03T19:43:52.756+0000] {dag.py:2941} INFO - Sync 1 DAGs
[2023-11-03T19:43:52.838+0000] {logging_mixin.py:151} INFO - [2023-11-03T19:43:52.837+0000] {dag.py:3722} INFO - Setting next_dagrun for example_branch_dop_operator_v3 to 2023-11-03T19:42:00+00:00, run_after=2023-11-03T19:43:00+00:00
[2023-11-03T19:43:52.906+0000] {processor.py:179} INFO - Processing /home/airflow/.local/lib/python3.8/site-packages/airflow/example_dags/example_branch_python_dop_operator_3.py took 0.274 seconds
[2023-11-03T19:44:23.328+0000] {processor.py:157} INFO - Started process (PID=33696) to work on /home/airflow/.local/lib/python3.8/site-packages/airflow/example_dags/example_branch_python_dop_operator_3.py
[2023-11-03T19:44:23.331+0000] {processor.py:829} INFO - Processing file /home/airflow/.local/lib/python3.8/site-packages/airflow/example_dags/example_branch_python_dop_operator_3.py for tasks to queue
[2023-11-03T19:44:23.341+0000] {logging_mixin.py:151} INFO - [2023-11-03T19:44:23.339+0000] {dagbag.py:536} INFO - Filling up the DagBag from /home/airflow/.local/lib/python3.8/site-packages/airflow/example_dags/example_branch_python_dop_operator_3.py
[2023-11-03T19:44:23.380+0000] {processor.py:839} INFO - DAG(s) dict_keys(['example_branch_dop_operator_v3']) retrieved from /home/airflow/.local/lib/python3.8/site-packages/airflow/example_dags/example_branch_python_dop_operator_3.py
[2023-11-03T19:44:23.438+0000] {logging_mixin.py:151} INFO - [2023-11-03T19:44:23.437+0000] {dag.py:2941} INFO - Sync 1 DAGs
[2023-11-03T19:44:23.503+0000] {logging_mixin.py:151} INFO - [2023-11-03T19:44:23.502+0000] {dag.py:3722} INFO - Setting next_dagrun for example_branch_dop_operator_v3 to 2023-11-03T19:43:00+00:00, run_after=2023-11-03T19:44:00+00:00
[2023-11-03T19:44:23.561+0000] {processor.py:179} INFO - Processing /home/airflow/.local/lib/python3.8/site-packages/airflow/example_dags/example_branch_python_dop_operator_3.py took 0.245 seconds
[2023-11-03T19:44:53.722+0000] {processor.py:157} INFO - Started process (PID=33758) to work on /home/airflow/.local/lib/python3.8/site-packages/airflow/example_dags/example_branch_python_dop_operator_3.py
[2023-11-03T19:44:53.725+0000] {processor.py:829} INFO - Processing file /home/airflow/.local/lib/python3.8/site-packages/airflow/example_dags/example_branch_python_dop_operator_3.py for tasks to queue
[2023-11-03T19:44:53.731+0000] {logging_mixin.py:151} INFO - [2023-11-03T19:44:53.730+0000] {dagbag.py:536} INFO - Filling up the DagBag from /home/airflow/.local/lib/python3.8/site-packages/airflow/example_dags/example_branch_python_dop_operator_3.py
[2023-11-03T19:44:53.757+0000] {processor.py:839} INFO - DAG(s) dict_keys(['example_branch_dop_operator_v3']) retrieved from /home/airflow/.local/lib/python3.8/site-packages/airflow/example_dags/example_branch_python_dop_operator_3.py
[2023-11-03T19:44:53.823+0000] {logging_mixin.py:151} INFO - [2023-11-03T19:44:53.822+0000] {dag.py:2941} INFO - Sync 1 DAGs
[2023-11-03T19:44:53.899+0000] {logging_mixin.py:151} INFO - [2023-11-03T19:44:53.899+0000] {dag.py:3722} INFO - Setting next_dagrun for example_branch_dop_operator_v3 to 2023-11-03T19:43:00+00:00, run_after=2023-11-03T19:44:00+00:00
[2023-11-03T19:44:53.952+0000] {processor.py:179} INFO - Processing /home/airflow/.local/lib/python3.8/site-packages/airflow/example_dags/example_branch_python_dop_operator_3.py took 0.236 seconds
[2023-11-03T19:45:24.070+0000] {processor.py:157} INFO - Started process (PID=33821) to work on /home/airflow/.local/lib/python3.8/site-packages/airflow/example_dags/example_branch_python_dop_operator_3.py
[2023-11-03T19:45:24.072+0000] {processor.py:829} INFO - Processing file /home/airflow/.local/lib/python3.8/site-packages/airflow/example_dags/example_branch_python_dop_operator_3.py for tasks to queue
[2023-11-03T19:45:24.079+0000] {logging_mixin.py:151} INFO - [2023-11-03T19:45:24.078+0000] {dagbag.py:536} INFO - Filling up the DagBag from /home/airflow/.local/lib/python3.8/site-packages/airflow/example_dags/example_branch_python_dop_operator_3.py
[2023-11-03T19:45:24.106+0000] {processor.py:839} INFO - DAG(s) dict_keys(['example_branch_dop_operator_v3']) retrieved from /home/airflow/.local/lib/python3.8/site-packages/airflow/example_dags/example_branch_python_dop_operator_3.py
[2023-11-03T19:45:24.159+0000] {logging_mixin.py:151} INFO - [2023-11-03T19:45:24.158+0000] {dag.py:2941} INFO - Sync 1 DAGs
[2023-11-03T19:45:24.261+0000] {logging_mixin.py:151} INFO - [2023-11-03T19:45:24.260+0000] {dag.py:3722} INFO - Setting next_dagrun for example_branch_dop_operator_v3 to 2023-11-03T19:44:00+00:00, run_after=2023-11-03T19:45:00+00:00
[2023-11-03T19:45:24.325+0000] {processor.py:179} INFO - Processing /home/airflow/.local/lib/python3.8/site-packages/airflow/example_dags/example_branch_python_dop_operator_3.py took 0.264 seconds
[2023-11-03T19:45:54.943+0000] {processor.py:157} INFO - Started process (PID=33883) to work on /home/airflow/.local/lib/python3.8/site-packages/airflow/example_dags/example_branch_python_dop_operator_3.py
[2023-11-03T19:45:54.946+0000] {processor.py:829} INFO - Processing file /home/airflow/.local/lib/python3.8/site-packages/airflow/example_dags/example_branch_python_dop_operator_3.py for tasks to queue
[2023-11-03T19:45:54.954+0000] {logging_mixin.py:151} INFO - [2023-11-03T19:45:54.953+0000] {dagbag.py:536} INFO - Filling up the DagBag from /home/airflow/.local/lib/python3.8/site-packages/airflow/example_dags/example_branch_python_dop_operator_3.py
[2023-11-03T19:45:54.986+0000] {processor.py:839} INFO - DAG(s) dict_keys(['example_branch_dop_operator_v3']) retrieved from /home/airflow/.local/lib/python3.8/site-packages/airflow/example_dags/example_branch_python_dop_operator_3.py
[2023-11-03T19:45:55.045+0000] {logging_mixin.py:151} INFO - [2023-11-03T19:45:55.044+0000] {dag.py:2941} INFO - Sync 1 DAGs
[2023-11-03T19:45:55.135+0000] {logging_mixin.py:151} INFO - [2023-11-03T19:45:55.135+0000] {dag.py:3722} INFO - Setting next_dagrun for example_branch_dop_operator_v3 to 2023-11-03T19:44:00+00:00, run_after=2023-11-03T19:45:00+00:00
[2023-11-03T19:45:55.208+0000] {processor.py:179} INFO - Processing /home/airflow/.local/lib/python3.8/site-packages/airflow/example_dags/example_branch_python_dop_operator_3.py took 0.275 seconds
[2023-11-03T19:46:25.674+0000] {processor.py:157} INFO - Started process (PID=33945) to work on /home/airflow/.local/lib/python3.8/site-packages/airflow/example_dags/example_branch_python_dop_operator_3.py
[2023-11-03T19:46:25.677+0000] {processor.py:829} INFO - Processing file /home/airflow/.local/lib/python3.8/site-packages/airflow/example_dags/example_branch_python_dop_operator_3.py for tasks to queue
[2023-11-03T19:46:25.690+0000] {logging_mixin.py:151} INFO - [2023-11-03T19:46:25.688+0000] {dagbag.py:536} INFO - Filling up the DagBag from /home/airflow/.local/lib/python3.8/site-packages/airflow/example_dags/example_branch_python_dop_operator_3.py
[2023-11-03T19:46:25.755+0000] {processor.py:839} INFO - DAG(s) dict_keys(['example_branch_dop_operator_v3']) retrieved from /home/airflow/.local/lib/python3.8/site-packages/airflow/example_dags/example_branch_python_dop_operator_3.py
[2023-11-03T19:46:25.891+0000] {logging_mixin.py:151} INFO - [2023-11-03T19:46:25.890+0000] {dag.py:2941} INFO - Sync 1 DAGs
[2023-11-03T19:46:26.027+0000] {logging_mixin.py:151} INFO - [2023-11-03T19:46:26.026+0000] {dag.py:3722} INFO - Setting next_dagrun for example_branch_dop_operator_v3 to 2023-11-03T19:45:00+00:00, run_after=2023-11-03T19:46:00+00:00
[2023-11-03T19:46:26.090+0000] {processor.py:179} INFO - Processing /home/airflow/.local/lib/python3.8/site-packages/airflow/example_dags/example_branch_python_dop_operator_3.py took 0.428 seconds
[2023-11-03T19:46:56.932+0000] {processor.py:157} INFO - Started process (PID=34007) to work on /home/airflow/.local/lib/python3.8/site-packages/airflow/example_dags/example_branch_python_dop_operator_3.py
[2023-11-03T19:46:56.935+0000] {processor.py:829} INFO - Processing file /home/airflow/.local/lib/python3.8/site-packages/airflow/example_dags/example_branch_python_dop_operator_3.py for tasks to queue
[2023-11-03T19:46:56.943+0000] {logging_mixin.py:151} INFO - [2023-11-03T19:46:56.942+0000] {dagbag.py:536} INFO - Filling up the DagBag from /home/airflow/.local/lib/python3.8/site-packages/airflow/example_dags/example_branch_python_dop_operator_3.py
[2023-11-03T19:46:56.972+0000] {processor.py:839} INFO - DAG(s) dict_keys(['example_branch_dop_operator_v3']) retrieved from /home/airflow/.local/lib/python3.8/site-packages/airflow/example_dags/example_branch_python_dop_operator_3.py
[2023-11-03T19:46:57.032+0000] {logging_mixin.py:151} INFO - [2023-11-03T19:46:57.031+0000] {dag.py:2941} INFO - Sync 1 DAGs
[2023-11-03T19:46:57.109+0000] {logging_mixin.py:151} INFO - [2023-11-03T19:46:57.109+0000] {dag.py:3722} INFO - Setting next_dagrun for example_branch_dop_operator_v3 to 2023-11-03T19:45:00+00:00, run_after=2023-11-03T19:46:00+00:00
[2023-11-03T19:46:57.182+0000] {processor.py:179} INFO - Processing /home/airflow/.local/lib/python3.8/site-packages/airflow/example_dags/example_branch_python_dop_operator_3.py took 0.261 seconds
[2023-11-03T19:47:27.330+0000] {processor.py:157} INFO - Started process (PID=34069) to work on /home/airflow/.local/lib/python3.8/site-packages/airflow/example_dags/example_branch_python_dop_operator_3.py
[2023-11-03T19:47:27.334+0000] {processor.py:829} INFO - Processing file /home/airflow/.local/lib/python3.8/site-packages/airflow/example_dags/example_branch_python_dop_operator_3.py for tasks to queue
[2023-11-03T19:47:27.344+0000] {logging_mixin.py:151} INFO - [2023-11-03T19:47:27.343+0000] {dagbag.py:536} INFO - Filling up the DagBag from /home/airflow/.local/lib/python3.8/site-packages/airflow/example_dags/example_branch_python_dop_operator_3.py
[2023-11-03T19:47:27.374+0000] {processor.py:839} INFO - DAG(s) dict_keys(['example_branch_dop_operator_v3']) retrieved from /home/airflow/.local/lib/python3.8/site-packages/airflow/example_dags/example_branch_python_dop_operator_3.py
[2023-11-03T19:47:27.437+0000] {logging_mixin.py:151} INFO - [2023-11-03T19:47:27.436+0000] {dag.py:2941} INFO - Sync 1 DAGs
[2023-11-03T19:47:27.514+0000] {logging_mixin.py:151} INFO - [2023-11-03T19:47:27.514+0000] {dag.py:3722} INFO - Setting next_dagrun for example_branch_dop_operator_v3 to 2023-11-03T19:46:00+00:00, run_after=2023-11-03T19:47:00+00:00
[2023-11-03T19:47:27.572+0000] {processor.py:179} INFO - Processing /home/airflow/.local/lib/python3.8/site-packages/airflow/example_dags/example_branch_python_dop_operator_3.py took 0.253 seconds
[2023-11-03T19:47:57.844+0000] {processor.py:157} INFO - Started process (PID=34131) to work on /home/airflow/.local/lib/python3.8/site-packages/airflow/example_dags/example_branch_python_dop_operator_3.py
[2023-11-03T19:47:57.847+0000] {processor.py:829} INFO - Processing file /home/airflow/.local/lib/python3.8/site-packages/airflow/example_dags/example_branch_python_dop_operator_3.py for tasks to queue
[2023-11-03T19:47:57.854+0000] {logging_mixin.py:151} INFO - [2023-11-03T19:47:57.853+0000] {dagbag.py:536} INFO - Filling up the DagBag from /home/airflow/.local/lib/python3.8/site-packages/airflow/example_dags/example_branch_python_dop_operator_3.py
[2023-11-03T19:47:57.884+0000] {processor.py:839} INFO - DAG(s) dict_keys(['example_branch_dop_operator_v3']) retrieved from /home/airflow/.local/lib/python3.8/site-packages/airflow/example_dags/example_branch_python_dop_operator_3.py
[2023-11-03T19:47:57.962+0000] {logging_mixin.py:151} INFO - [2023-11-03T19:47:57.961+0000] {dag.py:2941} INFO - Sync 1 DAGs
[2023-11-03T19:47:58.051+0000] {logging_mixin.py:151} INFO - [2023-11-03T19:47:58.050+0000] {dag.py:3722} INFO - Setting next_dagrun for example_branch_dop_operator_v3 to 2023-11-03T19:46:00+00:00, run_after=2023-11-03T19:47:00+00:00
[2023-11-03T19:47:58.112+0000] {processor.py:179} INFO - Processing /home/airflow/.local/lib/python3.8/site-packages/airflow/example_dags/example_branch_python_dop_operator_3.py took 0.277 seconds
[2023-11-03T19:48:28.613+0000] {processor.py:157} INFO - Started process (PID=34193) to work on /home/airflow/.local/lib/python3.8/site-packages/airflow/example_dags/example_branch_python_dop_operator_3.py
[2023-11-03T19:48:28.615+0000] {processor.py:829} INFO - Processing file /home/airflow/.local/lib/python3.8/site-packages/airflow/example_dags/example_branch_python_dop_operator_3.py for tasks to queue
[2023-11-03T19:48:28.622+0000] {logging_mixin.py:151} INFO - [2023-11-03T19:48:28.621+0000] {dagbag.py:536} INFO - Filling up the DagBag from /home/airflow/.local/lib/python3.8/site-packages/airflow/example_dags/example_branch_python_dop_operator_3.py
[2023-11-03T19:48:28.643+0000] {processor.py:839} INFO - DAG(s) dict_keys(['example_branch_dop_operator_v3']) retrieved from /home/airflow/.local/lib/python3.8/site-packages/airflow/example_dags/example_branch_python_dop_operator_3.py
[2023-11-03T19:48:28.700+0000] {logging_mixin.py:151} INFO - [2023-11-03T19:48:28.699+0000] {dag.py:2941} INFO - Sync 1 DAGs
[2023-11-03T19:48:28.792+0000] {logging_mixin.py:151} INFO - [2023-11-03T19:48:28.791+0000] {dag.py:3722} INFO - Setting next_dagrun for example_branch_dop_operator_v3 to 2023-11-03T19:47:00+00:00, run_after=2023-11-03T19:48:00+00:00
[2023-11-03T19:48:28.848+0000] {processor.py:179} INFO - Processing /home/airflow/.local/lib/python3.8/site-packages/airflow/example_dags/example_branch_python_dop_operator_3.py took 0.241 seconds
[2023-11-03T19:48:59.093+0000] {processor.py:157} INFO - Started process (PID=34255) to work on /home/airflow/.local/lib/python3.8/site-packages/airflow/example_dags/example_branch_python_dop_operator_3.py
[2023-11-03T19:48:59.095+0000] {processor.py:829} INFO - Processing file /home/airflow/.local/lib/python3.8/site-packages/airflow/example_dags/example_branch_python_dop_operator_3.py for tasks to queue
[2023-11-03T19:48:59.102+0000] {logging_mixin.py:151} INFO - [2023-11-03T19:48:59.101+0000] {dagbag.py:536} INFO - Filling up the DagBag from /home/airflow/.local/lib/python3.8/site-packages/airflow/example_dags/example_branch_python_dop_operator_3.py
[2023-11-03T19:48:59.129+0000] {processor.py:839} INFO - DAG(s) dict_keys(['example_branch_dop_operator_v3']) retrieved from /home/airflow/.local/lib/python3.8/site-packages/airflow/example_dags/example_branch_python_dop_operator_3.py
[2023-11-03T19:48:59.179+0000] {logging_mixin.py:151} INFO - [2023-11-03T19:48:59.179+0000] {dag.py:2941} INFO - Sync 1 DAGs
[2023-11-03T19:48:59.252+0000] {logging_mixin.py:151} INFO - [2023-11-03T19:48:59.251+0000] {dag.py:3722} INFO - Setting next_dagrun for example_branch_dop_operator_v3 to 2023-11-03T19:47:00+00:00, run_after=2023-11-03T19:48:00+00:00
[2023-11-03T19:48:59.309+0000] {processor.py:179} INFO - Processing /home/airflow/.local/lib/python3.8/site-packages/airflow/example_dags/example_branch_python_dop_operator_3.py took 0.224 seconds
[2023-11-03T19:49:29.855+0000] {processor.py:157} INFO - Started process (PID=34317) to work on /home/airflow/.local/lib/python3.8/site-packages/airflow/example_dags/example_branch_python_dop_operator_3.py
[2023-11-03T19:49:29.863+0000] {processor.py:829} INFO - Processing file /home/airflow/.local/lib/python3.8/site-packages/airflow/example_dags/example_branch_python_dop_operator_3.py for tasks to queue
[2023-11-03T19:49:29.872+0000] {logging_mixin.py:151} INFO - [2023-11-03T19:49:29.870+0000] {dagbag.py:536} INFO - Filling up the DagBag from /home/airflow/.local/lib/python3.8/site-packages/airflow/example_dags/example_branch_python_dop_operator_3.py
[2023-11-03T19:49:29.946+0000] {processor.py:839} INFO - DAG(s) dict_keys(['example_branch_dop_operator_v3']) retrieved from /home/airflow/.local/lib/python3.8/site-packages/airflow/example_dags/example_branch_python_dop_operator_3.py
[2023-11-03T19:49:30.034+0000] {logging_mixin.py:151} INFO - [2023-11-03T19:49:30.033+0000] {dag.py:2941} INFO - Sync 1 DAGs
[2023-11-03T19:49:30.107+0000] {logging_mixin.py:151} INFO - [2023-11-03T19:49:30.107+0000] {dag.py:3722} INFO - Setting next_dagrun for example_branch_dop_operator_v3 to 2023-11-03T19:48:00+00:00, run_after=2023-11-03T19:49:00+00:00
[2023-11-03T19:49:30.199+0000] {processor.py:179} INFO - Processing /home/airflow/.local/lib/python3.8/site-packages/airflow/example_dags/example_branch_python_dop_operator_3.py took 0.356 seconds
[2023-11-03T19:50:00.479+0000] {processor.py:157} INFO - Started process (PID=34379) to work on /home/airflow/.local/lib/python3.8/site-packages/airflow/example_dags/example_branch_python_dop_operator_3.py
[2023-11-03T19:50:00.482+0000] {processor.py:829} INFO - Processing file /home/airflow/.local/lib/python3.8/site-packages/airflow/example_dags/example_branch_python_dop_operator_3.py for tasks to queue
[2023-11-03T19:50:00.489+0000] {logging_mixin.py:151} INFO - [2023-11-03T19:50:00.488+0000] {dagbag.py:536} INFO - Filling up the DagBag from /home/airflow/.local/lib/python3.8/site-packages/airflow/example_dags/example_branch_python_dop_operator_3.py
[2023-11-03T19:50:00.510+0000] {processor.py:839} INFO - DAG(s) dict_keys(['example_branch_dop_operator_v3']) retrieved from /home/airflow/.local/lib/python3.8/site-packages/airflow/example_dags/example_branch_python_dop_operator_3.py
[2023-11-03T19:50:00.568+0000] {logging_mixin.py:151} INFO - [2023-11-03T19:50:00.568+0000] {dag.py:2941} INFO - Sync 1 DAGs
[2023-11-03T19:50:00.658+0000] {logging_mixin.py:151} INFO - [2023-11-03T19:50:00.657+0000] {dag.py:3722} INFO - Setting next_dagrun for example_branch_dop_operator_v3 to 2023-11-03T19:49:00+00:00, run_after=2023-11-03T19:50:00+00:00
[2023-11-03T19:50:00.728+0000] {processor.py:179} INFO - Processing /home/airflow/.local/lib/python3.8/site-packages/airflow/example_dags/example_branch_python_dop_operator_3.py took 0.255 seconds
[2023-11-03T19:50:30.944+0000] {processor.py:157} INFO - Started process (PID=34441) to work on /home/airflow/.local/lib/python3.8/site-packages/airflow/example_dags/example_branch_python_dop_operator_3.py
[2023-11-03T19:50:30.947+0000] {processor.py:829} INFO - Processing file /home/airflow/.local/lib/python3.8/site-packages/airflow/example_dags/example_branch_python_dop_operator_3.py for tasks to queue
[2023-11-03T19:50:30.957+0000] {logging_mixin.py:151} INFO - [2023-11-03T19:50:30.955+0000] {dagbag.py:536} INFO - Filling up the DagBag from /home/airflow/.local/lib/python3.8/site-packages/airflow/example_dags/example_branch_python_dop_operator_3.py
[2023-11-03T19:50:30.983+0000] {processor.py:839} INFO - DAG(s) dict_keys(['example_branch_dop_operator_v3']) retrieved from /home/airflow/.local/lib/python3.8/site-packages/airflow/example_dags/example_branch_python_dop_operator_3.py
[2023-11-03T19:50:31.042+0000] {logging_mixin.py:151} INFO - [2023-11-03T19:50:31.041+0000] {dag.py:2941} INFO - Sync 1 DAGs
[2023-11-03T19:50:31.137+0000] {logging_mixin.py:151} INFO - [2023-11-03T19:50:31.136+0000] {dag.py:3722} INFO - Setting next_dagrun for example_branch_dop_operator_v3 to 2023-11-03T19:49:00+00:00, run_after=2023-11-03T19:50:00+00:00
[2023-11-03T19:50:31.222+0000] {processor.py:179} INFO - Processing /home/airflow/.local/lib/python3.8/site-packages/airflow/example_dags/example_branch_python_dop_operator_3.py took 0.292 seconds
[2023-11-03T19:51:02.054+0000] {processor.py:157} INFO - Started process (PID=34503) to work on /home/airflow/.local/lib/python3.8/site-packages/airflow/example_dags/example_branch_python_dop_operator_3.py
[2023-11-03T19:51:02.056+0000] {processor.py:829} INFO - Processing file /home/airflow/.local/lib/python3.8/site-packages/airflow/example_dags/example_branch_python_dop_operator_3.py for tasks to queue
[2023-11-03T19:51:02.062+0000] {logging_mixin.py:151} INFO - [2023-11-03T19:51:02.061+0000] {dagbag.py:536} INFO - Filling up the DagBag from /home/airflow/.local/lib/python3.8/site-packages/airflow/example_dags/example_branch_python_dop_operator_3.py
[2023-11-03T19:51:02.087+0000] {processor.py:839} INFO - DAG(s) dict_keys(['example_branch_dop_operator_v3']) retrieved from /home/airflow/.local/lib/python3.8/site-packages/airflow/example_dags/example_branch_python_dop_operator_3.py
[2023-11-03T19:51:02.141+0000] {logging_mixin.py:151} INFO - [2023-11-03T19:51:02.140+0000] {dag.py:2941} INFO - Sync 1 DAGs
[2023-11-03T19:51:02.224+0000] {logging_mixin.py:151} INFO - [2023-11-03T19:51:02.223+0000] {dag.py:3722} INFO - Setting next_dagrun for example_branch_dop_operator_v3 to 2023-11-03T19:50:00+00:00, run_after=2023-11-03T19:51:00+00:00
[2023-11-03T19:51:02.288+0000] {processor.py:179} INFO - Processing /home/airflow/.local/lib/python3.8/site-packages/airflow/example_dags/example_branch_python_dop_operator_3.py took 0.241 seconds
[2023-11-03T19:51:32.906+0000] {processor.py:157} INFO - Started process (PID=34565) to work on /home/airflow/.local/lib/python3.8/site-packages/airflow/example_dags/example_branch_python_dop_operator_3.py
[2023-11-03T19:51:32.909+0000] {processor.py:829} INFO - Processing file /home/airflow/.local/lib/python3.8/site-packages/airflow/example_dags/example_branch_python_dop_operator_3.py for tasks to queue
[2023-11-03T19:51:32.916+0000] {logging_mixin.py:151} INFO - [2023-11-03T19:51:32.915+0000] {dagbag.py:536} INFO - Filling up the DagBag from /home/airflow/.local/lib/python3.8/site-packages/airflow/example_dags/example_branch_python_dop_operator_3.py
[2023-11-03T19:51:32.944+0000] {processor.py:839} INFO - DAG(s) dict_keys(['example_branch_dop_operator_v3']) retrieved from /home/airflow/.local/lib/python3.8/site-packages/airflow/example_dags/example_branch_python_dop_operator_3.py
[2023-11-03T19:51:33.017+0000] {logging_mixin.py:151} INFO - [2023-11-03T19:51:33.017+0000] {dag.py:2941} INFO - Sync 1 DAGs
[2023-11-03T19:51:33.093+0000] {logging_mixin.py:151} INFO - [2023-11-03T19:51:33.093+0000] {dag.py:3722} INFO - Setting next_dagrun for example_branch_dop_operator_v3 to 2023-11-03T19:50:00+00:00, run_after=2023-11-03T19:51:00+00:00
[2023-11-03T19:51:33.151+0000] {processor.py:179} INFO - Processing /home/airflow/.local/lib/python3.8/site-packages/airflow/example_dags/example_branch_python_dop_operator_3.py took 0.256 seconds
[2023-11-03T19:52:04.976+0000] {processor.py:157} INFO - Started process (PID=34634) to work on /home/airflow/.local/lib/python3.8/site-packages/airflow/example_dags/example_branch_python_dop_operator_3.py
[2023-11-03T19:52:04.979+0000] {processor.py:829} INFO - Processing file /home/airflow/.local/lib/python3.8/site-packages/airflow/example_dags/example_branch_python_dop_operator_3.py for tasks to queue
[2023-11-03T19:52:04.988+0000] {logging_mixin.py:151} INFO - [2023-11-03T19:52:04.986+0000] {dagbag.py:536} INFO - Filling up the DagBag from /home/airflow/.local/lib/python3.8/site-packages/airflow/example_dags/example_branch_python_dop_operator_3.py
[2023-11-03T19:52:05.022+0000] {processor.py:839} INFO - DAG(s) dict_keys(['example_branch_dop_operator_v3']) retrieved from /home/airflow/.local/lib/python3.8/site-packages/airflow/example_dags/example_branch_python_dop_operator_3.py
[2023-11-03T19:52:05.098+0000] {logging_mixin.py:151} INFO - [2023-11-03T19:52:05.098+0000] {dag.py:2941} INFO - Sync 1 DAGs
[2023-11-03T19:52:05.215+0000] {logging_mixin.py:151} INFO - [2023-11-03T19:52:05.214+0000] {dag.py:3722} INFO - Setting next_dagrun for example_branch_dop_operator_v3 to 2023-11-03T19:51:00+00:00, run_after=2023-11-03T19:52:00+00:00
[2023-11-03T19:52:05.276+0000] {processor.py:179} INFO - Processing /home/airflow/.local/lib/python3.8/site-packages/airflow/example_dags/example_branch_python_dop_operator_3.py took 0.306 seconds
[2023-11-03T19:52:35.416+0000] {processor.py:157} INFO - Started process (PID=34696) to work on /home/airflow/.local/lib/python3.8/site-packages/airflow/example_dags/example_branch_python_dop_operator_3.py
[2023-11-03T19:52:35.418+0000] {processor.py:829} INFO - Processing file /home/airflow/.local/lib/python3.8/site-packages/airflow/example_dags/example_branch_python_dop_operator_3.py for tasks to queue
[2023-11-03T19:52:35.426+0000] {logging_mixin.py:151} INFO - [2023-11-03T19:52:35.425+0000] {dagbag.py:536} INFO - Filling up the DagBag from /home/airflow/.local/lib/python3.8/site-packages/airflow/example_dags/example_branch_python_dop_operator_3.py
[2023-11-03T19:52:35.455+0000] {processor.py:839} INFO - DAG(s) dict_keys(['example_branch_dop_operator_v3']) retrieved from /home/airflow/.local/lib/python3.8/site-packages/airflow/example_dags/example_branch_python_dop_operator_3.py
[2023-11-03T19:52:35.509+0000] {logging_mixin.py:151} INFO - [2023-11-03T19:52:35.508+0000] {dag.py:2941} INFO - Sync 1 DAGs
[2023-11-03T19:52:35.602+0000] {logging_mixin.py:151} INFO - [2023-11-03T19:52:35.601+0000] {dag.py:3722} INFO - Setting next_dagrun for example_branch_dop_operator_v3 to 2023-11-03T19:51:00+00:00, run_after=2023-11-03T19:52:00+00:00
[2023-11-03T19:52:35.668+0000] {processor.py:179} INFO - Processing /home/airflow/.local/lib/python3.8/site-packages/airflow/example_dags/example_branch_python_dop_operator_3.py took 0.261 seconds
[2023-11-03T19:53:06.294+0000] {processor.py:157} INFO - Started process (PID=34758) to work on /home/airflow/.local/lib/python3.8/site-packages/airflow/example_dags/example_branch_python_dop_operator_3.py
[2023-11-03T19:53:06.296+0000] {processor.py:829} INFO - Processing file /home/airflow/.local/lib/python3.8/site-packages/airflow/example_dags/example_branch_python_dop_operator_3.py for tasks to queue
[2023-11-03T19:53:06.304+0000] {logging_mixin.py:151} INFO - [2023-11-03T19:53:06.303+0000] {dagbag.py:536} INFO - Filling up the DagBag from /home/airflow/.local/lib/python3.8/site-packages/airflow/example_dags/example_branch_python_dop_operator_3.py
[2023-11-03T19:53:06.333+0000] {processor.py:839} INFO - DAG(s) dict_keys(['example_branch_dop_operator_v3']) retrieved from /home/airflow/.local/lib/python3.8/site-packages/airflow/example_dags/example_branch_python_dop_operator_3.py
[2023-11-03T19:53:06.390+0000] {logging_mixin.py:151} INFO - [2023-11-03T19:53:06.389+0000] {dag.py:2941} INFO - Sync 1 DAGs
[2023-11-03T19:53:06.460+0000] {logging_mixin.py:151} INFO - [2023-11-03T19:53:06.460+0000] {dag.py:3722} INFO - Setting next_dagrun for example_branch_dop_operator_v3 to 2023-11-03T19:52:00+00:00, run_after=2023-11-03T19:53:00+00:00
[2023-11-03T19:53:06.519+0000] {processor.py:179} INFO - Processing /home/airflow/.local/lib/python3.8/site-packages/airflow/example_dags/example_branch_python_dop_operator_3.py took 0.233 seconds
[2023-11-03T19:53:36.974+0000] {processor.py:157} INFO - Started process (PID=34820) to work on /home/airflow/.local/lib/python3.8/site-packages/airflow/example_dags/example_branch_python_dop_operator_3.py
[2023-11-03T19:53:36.977+0000] {processor.py:829} INFO - Processing file /home/airflow/.local/lib/python3.8/site-packages/airflow/example_dags/example_branch_python_dop_operator_3.py for tasks to queue
[2023-11-03T19:53:36.984+0000] {logging_mixin.py:151} INFO - [2023-11-03T19:53:36.983+0000] {dagbag.py:536} INFO - Filling up the DagBag from /home/airflow/.local/lib/python3.8/site-packages/airflow/example_dags/example_branch_python_dop_operator_3.py
[2023-11-03T19:53:37.015+0000] {processor.py:839} INFO - DAG(s) dict_keys(['example_branch_dop_operator_v3']) retrieved from /home/airflow/.local/lib/python3.8/site-packages/airflow/example_dags/example_branch_python_dop_operator_3.py
[2023-11-03T19:53:37.081+0000] {logging_mixin.py:151} INFO - [2023-11-03T19:53:37.080+0000] {dag.py:2941} INFO - Sync 1 DAGs
[2023-11-03T19:53:37.173+0000] {logging_mixin.py:151} INFO - [2023-11-03T19:53:37.172+0000] {dag.py:3722} INFO - Setting next_dagrun for example_branch_dop_operator_v3 to 2023-11-03T19:52:00+00:00, run_after=2023-11-03T19:53:00+00:00
[2023-11-03T19:53:37.243+0000] {processor.py:179} INFO - Processing /home/airflow/.local/lib/python3.8/site-packages/airflow/example_dags/example_branch_python_dop_operator_3.py took 0.279 seconds
[2023-11-03T19:54:08.909+0000] {processor.py:157} INFO - Started process (PID=34882) to work on /home/airflow/.local/lib/python3.8/site-packages/airflow/example_dags/example_branch_python_dop_operator_3.py
[2023-11-03T19:54:08.911+0000] {processor.py:829} INFO - Processing file /home/airflow/.local/lib/python3.8/site-packages/airflow/example_dags/example_branch_python_dop_operator_3.py for tasks to queue
[2023-11-03T19:54:08.919+0000] {logging_mixin.py:151} INFO - [2023-11-03T19:54:08.918+0000] {dagbag.py:536} INFO - Filling up the DagBag from /home/airflow/.local/lib/python3.8/site-packages/airflow/example_dags/example_branch_python_dop_operator_3.py
[2023-11-03T19:54:08.951+0000] {processor.py:839} INFO - DAG(s) dict_keys(['example_branch_dop_operator_v3']) retrieved from /home/airflow/.local/lib/python3.8/site-packages/airflow/example_dags/example_branch_python_dop_operator_3.py
[2023-11-03T19:54:09.016+0000] {logging_mixin.py:151} INFO - [2023-11-03T19:54:09.015+0000] {dag.py:2941} INFO - Sync 1 DAGs
[2023-11-03T19:54:09.096+0000] {logging_mixin.py:151} INFO - [2023-11-03T19:54:09.095+0000] {dag.py:3722} INFO - Setting next_dagrun for example_branch_dop_operator_v3 to 2023-11-03T19:53:00+00:00, run_after=2023-11-03T19:54:00+00:00
[2023-11-03T19:54:09.156+0000] {processor.py:179} INFO - Processing /home/airflow/.local/lib/python3.8/site-packages/airflow/example_dags/example_branch_python_dop_operator_3.py took 0.257 seconds
[2023-11-03T19:54:39.343+0000] {processor.py:157} INFO - Started process (PID=34944) to work on /home/airflow/.local/lib/python3.8/site-packages/airflow/example_dags/example_branch_python_dop_operator_3.py
[2023-11-03T19:54:39.346+0000] {processor.py:829} INFO - Processing file /home/airflow/.local/lib/python3.8/site-packages/airflow/example_dags/example_branch_python_dop_operator_3.py for tasks to queue
[2023-11-03T19:54:39.356+0000] {logging_mixin.py:151} INFO - [2023-11-03T19:54:39.354+0000] {dagbag.py:536} INFO - Filling up the DagBag from /home/airflow/.local/lib/python3.8/site-packages/airflow/example_dags/example_branch_python_dop_operator_3.py
[2023-11-03T19:54:39.380+0000] {processor.py:839} INFO - DAG(s) dict_keys(['example_branch_dop_operator_v3']) retrieved from /home/airflow/.local/lib/python3.8/site-packages/airflow/example_dags/example_branch_python_dop_operator_3.py
[2023-11-03T19:54:39.440+0000] {logging_mixin.py:151} INFO - [2023-11-03T19:54:39.439+0000] {dag.py:2941} INFO - Sync 1 DAGs
[2023-11-03T19:54:39.511+0000] {logging_mixin.py:151} INFO - [2023-11-03T19:54:39.510+0000] {dag.py:3722} INFO - Setting next_dagrun for example_branch_dop_operator_v3 to 2023-11-03T19:53:00+00:00, run_after=2023-11-03T19:54:00+00:00
[2023-11-03T19:54:39.569+0000] {processor.py:179} INFO - Processing /home/airflow/.local/lib/python3.8/site-packages/airflow/example_dags/example_branch_python_dop_operator_3.py took 0.233 seconds
[2023-11-03T19:55:10.451+0000] {processor.py:157} INFO - Started process (PID=35006) to work on /home/airflow/.local/lib/python3.8/site-packages/airflow/example_dags/example_branch_python_dop_operator_3.py
[2023-11-03T19:55:10.454+0000] {processor.py:829} INFO - Processing file /home/airflow/.local/lib/python3.8/site-packages/airflow/example_dags/example_branch_python_dop_operator_3.py for tasks to queue
[2023-11-03T19:55:10.461+0000] {logging_mixin.py:151} INFO - [2023-11-03T19:55:10.460+0000] {dagbag.py:536} INFO - Filling up the DagBag from /home/airflow/.local/lib/python3.8/site-packages/airflow/example_dags/example_branch_python_dop_operator_3.py
[2023-11-03T19:55:10.487+0000] {processor.py:839} INFO - DAG(s) dict_keys(['example_branch_dop_operator_v3']) retrieved from /home/airflow/.local/lib/python3.8/site-packages/airflow/example_dags/example_branch_python_dop_operator_3.py
[2023-11-03T19:55:10.541+0000] {logging_mixin.py:151} INFO - [2023-11-03T19:55:10.541+0000] {dag.py:2941} INFO - Sync 1 DAGs
[2023-11-03T19:55:10.610+0000] {logging_mixin.py:151} INFO - [2023-11-03T19:55:10.609+0000] {dag.py:3722} INFO - Setting next_dagrun for example_branch_dop_operator_v3 to 2023-11-03T19:54:00+00:00, run_after=2023-11-03T19:55:00+00:00
[2023-11-03T19:55:10.672+0000] {processor.py:179} INFO - Processing /home/airflow/.local/lib/python3.8/site-packages/airflow/example_dags/example_branch_python_dop_operator_3.py took 0.234 seconds
[2023-11-03T19:55:41.081+0000] {processor.py:157} INFO - Started process (PID=35068) to work on /home/airflow/.local/lib/python3.8/site-packages/airflow/example_dags/example_branch_python_dop_operator_3.py
[2023-11-03T19:55:41.085+0000] {processor.py:829} INFO - Processing file /home/airflow/.local/lib/python3.8/site-packages/airflow/example_dags/example_branch_python_dop_operator_3.py for tasks to queue
[2023-11-03T19:55:41.092+0000] {logging_mixin.py:151} INFO - [2023-11-03T19:55:41.091+0000] {dagbag.py:536} INFO - Filling up the DagBag from /home/airflow/.local/lib/python3.8/site-packages/airflow/example_dags/example_branch_python_dop_operator_3.py
[2023-11-03T19:55:41.118+0000] {processor.py:839} INFO - DAG(s) dict_keys(['example_branch_dop_operator_v3']) retrieved from /home/airflow/.local/lib/python3.8/site-packages/airflow/example_dags/example_branch_python_dop_operator_3.py
[2023-11-03T19:55:41.190+0000] {logging_mixin.py:151} INFO - [2023-11-03T19:55:41.189+0000] {dag.py:2941} INFO - Sync 1 DAGs
[2023-11-03T19:55:41.268+0000] {logging_mixin.py:151} INFO - [2023-11-03T19:55:41.268+0000] {dag.py:3722} INFO - Setting next_dagrun for example_branch_dop_operator_v3 to 2023-11-03T19:54:00+00:00, run_after=2023-11-03T19:55:00+00:00
[2023-11-03T19:55:41.329+0000] {processor.py:179} INFO - Processing /home/airflow/.local/lib/python3.8/site-packages/airflow/example_dags/example_branch_python_dop_operator_3.py took 0.262 seconds
[2023-11-03T19:56:11.516+0000] {processor.py:157} INFO - Started process (PID=35130) to work on /home/airflow/.local/lib/python3.8/site-packages/airflow/example_dags/example_branch_python_dop_operator_3.py
[2023-11-03T19:56:11.519+0000] {processor.py:829} INFO - Processing file /home/airflow/.local/lib/python3.8/site-packages/airflow/example_dags/example_branch_python_dop_operator_3.py for tasks to queue
[2023-11-03T19:56:11.525+0000] {logging_mixin.py:151} INFO - [2023-11-03T19:56:11.524+0000] {dagbag.py:536} INFO - Filling up the DagBag from /home/airflow/.local/lib/python3.8/site-packages/airflow/example_dags/example_branch_python_dop_operator_3.py
[2023-11-03T19:56:11.556+0000] {processor.py:839} INFO - DAG(s) dict_keys(['example_branch_dop_operator_v3']) retrieved from /home/airflow/.local/lib/python3.8/site-packages/airflow/example_dags/example_branch_python_dop_operator_3.py
[2023-11-03T19:56:11.610+0000] {logging_mixin.py:151} INFO - [2023-11-03T19:56:11.609+0000] {dag.py:2941} INFO - Sync 1 DAGs
[2023-11-03T19:56:11.682+0000] {logging_mixin.py:151} INFO - [2023-11-03T19:56:11.681+0000] {dag.py:3722} INFO - Setting next_dagrun for example_branch_dop_operator_v3 to 2023-11-03T19:55:00+00:00, run_after=2023-11-03T19:56:00+00:00
[2023-11-03T19:56:11.816+0000] {processor.py:179} INFO - Processing /home/airflow/.local/lib/python3.8/site-packages/airflow/example_dags/example_branch_python_dop_operator_3.py took 0.306 seconds
[2023-11-03T19:56:42.525+0000] {processor.py:157} INFO - Started process (PID=35192) to work on /home/airflow/.local/lib/python3.8/site-packages/airflow/example_dags/example_branch_python_dop_operator_3.py
[2023-11-03T19:56:42.529+0000] {processor.py:829} INFO - Processing file /home/airflow/.local/lib/python3.8/site-packages/airflow/example_dags/example_branch_python_dop_operator_3.py for tasks to queue
[2023-11-03T19:56:42.539+0000] {logging_mixin.py:151} INFO - [2023-11-03T19:56:42.537+0000] {dagbag.py:536} INFO - Filling up the DagBag from /home/airflow/.local/lib/python3.8/site-packages/airflow/example_dags/example_branch_python_dop_operator_3.py
[2023-11-03T19:56:42.580+0000] {processor.py:839} INFO - DAG(s) dict_keys(['example_branch_dop_operator_v3']) retrieved from /home/airflow/.local/lib/python3.8/site-packages/airflow/example_dags/example_branch_python_dop_operator_3.py
[2023-11-03T19:56:42.642+0000] {logging_mixin.py:151} INFO - [2023-11-03T19:56:42.641+0000] {dag.py:2941} INFO - Sync 1 DAGs
[2023-11-03T19:56:42.726+0000] {logging_mixin.py:151} INFO - [2023-11-03T19:56:42.726+0000] {dag.py:3722} INFO - Setting next_dagrun for example_branch_dop_operator_v3 to 2023-11-03T19:55:00+00:00, run_after=2023-11-03T19:56:00+00:00
[2023-11-03T19:56:42.785+0000] {processor.py:179} INFO - Processing /home/airflow/.local/lib/python3.8/site-packages/airflow/example_dags/example_branch_python_dop_operator_3.py took 0.273 seconds
[2023-11-03T19:57:12.976+0000] {processor.py:157} INFO - Started process (PID=35254) to work on /home/airflow/.local/lib/python3.8/site-packages/airflow/example_dags/example_branch_python_dop_operator_3.py
[2023-11-03T19:57:12.980+0000] {processor.py:829} INFO - Processing file /home/airflow/.local/lib/python3.8/site-packages/airflow/example_dags/example_branch_python_dop_operator_3.py for tasks to queue
[2023-11-03T19:57:12.987+0000] {logging_mixin.py:151} INFO - [2023-11-03T19:57:12.986+0000] {dagbag.py:536} INFO - Filling up the DagBag from /home/airflow/.local/lib/python3.8/site-packages/airflow/example_dags/example_branch_python_dop_operator_3.py
[2023-11-03T19:57:13.012+0000] {processor.py:839} INFO - DAG(s) dict_keys(['example_branch_dop_operator_v3']) retrieved from /home/airflow/.local/lib/python3.8/site-packages/airflow/example_dags/example_branch_python_dop_operator_3.py
[2023-11-03T19:57:13.069+0000] {logging_mixin.py:151} INFO - [2023-11-03T19:57:13.068+0000] {dag.py:2941} INFO - Sync 1 DAGs
[2023-11-03T19:57:13.149+0000] {logging_mixin.py:151} INFO - [2023-11-03T19:57:13.148+0000] {dag.py:3722} INFO - Setting next_dagrun for example_branch_dop_operator_v3 to 2023-11-03T19:56:00+00:00, run_after=2023-11-03T19:57:00+00:00
[2023-11-03T19:57:13.213+0000] {processor.py:179} INFO - Processing /home/airflow/.local/lib/python3.8/site-packages/airflow/example_dags/example_branch_python_dop_operator_3.py took 0.250 seconds
[2023-11-03T19:57:44.076+0000] {processor.py:157} INFO - Started process (PID=35316) to work on /home/airflow/.local/lib/python3.8/site-packages/airflow/example_dags/example_branch_python_dop_operator_3.py
[2023-11-03T19:57:44.079+0000] {processor.py:829} INFO - Processing file /home/airflow/.local/lib/python3.8/site-packages/airflow/example_dags/example_branch_python_dop_operator_3.py for tasks to queue
[2023-11-03T19:57:44.086+0000] {logging_mixin.py:151} INFO - [2023-11-03T19:57:44.084+0000] {dagbag.py:536} INFO - Filling up the DagBag from /home/airflow/.local/lib/python3.8/site-packages/airflow/example_dags/example_branch_python_dop_operator_3.py
[2023-11-03T19:57:44.118+0000] {processor.py:839} INFO - DAG(s) dict_keys(['example_branch_dop_operator_v3']) retrieved from /home/airflow/.local/lib/python3.8/site-packages/airflow/example_dags/example_branch_python_dop_operator_3.py
[2023-11-03T19:57:44.177+0000] {logging_mixin.py:151} INFO - [2023-11-03T19:57:44.176+0000] {dag.py:2941} INFO - Sync 1 DAGs
[2023-11-03T19:57:44.255+0000] {logging_mixin.py:151} INFO - [2023-11-03T19:57:44.255+0000] {dag.py:3722} INFO - Setting next_dagrun for example_branch_dop_operator_v3 to 2023-11-03T19:56:00+00:00, run_after=2023-11-03T19:57:00+00:00
[2023-11-03T19:57:44.314+0000] {processor.py:179} INFO - Processing /home/airflow/.local/lib/python3.8/site-packages/airflow/example_dags/example_branch_python_dop_operator_3.py took 0.245 seconds
[2023-11-03T19:58:15.161+0000] {processor.py:157} INFO - Started process (PID=35378) to work on /home/airflow/.local/lib/python3.8/site-packages/airflow/example_dags/example_branch_python_dop_operator_3.py
[2023-11-03T19:58:15.163+0000] {processor.py:829} INFO - Processing file /home/airflow/.local/lib/python3.8/site-packages/airflow/example_dags/example_branch_python_dop_operator_3.py for tasks to queue
[2023-11-03T19:58:15.169+0000] {logging_mixin.py:151} INFO - [2023-11-03T19:58:15.168+0000] {dagbag.py:536} INFO - Filling up the DagBag from /home/airflow/.local/lib/python3.8/site-packages/airflow/example_dags/example_branch_python_dop_operator_3.py
[2023-11-03T19:58:15.191+0000] {processor.py:839} INFO - DAG(s) dict_keys(['example_branch_dop_operator_v3']) retrieved from /home/airflow/.local/lib/python3.8/site-packages/airflow/example_dags/example_branch_python_dop_operator_3.py
[2023-11-03T19:58:15.255+0000] {logging_mixin.py:151} INFO - [2023-11-03T19:58:15.254+0000] {dag.py:2941} INFO - Sync 1 DAGs
[2023-11-03T19:58:15.326+0000] {logging_mixin.py:151} INFO - [2023-11-03T19:58:15.325+0000] {dag.py:3722} INFO - Setting next_dagrun for example_branch_dop_operator_v3 to 2023-11-03T19:57:00+00:00, run_after=2023-11-03T19:58:00+00:00
[2023-11-03T19:58:15.396+0000] {processor.py:179} INFO - Processing /home/airflow/.local/lib/python3.8/site-packages/airflow/example_dags/example_branch_python_dop_operator_3.py took 0.242 seconds
[2023-11-03T19:58:45.583+0000] {processor.py:157} INFO - Started process (PID=35440) to work on /home/airflow/.local/lib/python3.8/site-packages/airflow/example_dags/example_branch_python_dop_operator_3.py
[2023-11-03T19:58:45.586+0000] {processor.py:829} INFO - Processing file /home/airflow/.local/lib/python3.8/site-packages/airflow/example_dags/example_branch_python_dop_operator_3.py for tasks to queue
[2023-11-03T19:58:45.593+0000] {logging_mixin.py:151} INFO - [2023-11-03T19:58:45.592+0000] {dagbag.py:536} INFO - Filling up the DagBag from /home/airflow/.local/lib/python3.8/site-packages/airflow/example_dags/example_branch_python_dop_operator_3.py
[2023-11-03T19:58:45.618+0000] {processor.py:839} INFO - DAG(s) dict_keys(['example_branch_dop_operator_v3']) retrieved from /home/airflow/.local/lib/python3.8/site-packages/airflow/example_dags/example_branch_python_dop_operator_3.py
[2023-11-03T19:58:45.671+0000] {logging_mixin.py:151} INFO - [2023-11-03T19:58:45.670+0000] {dag.py:2941} INFO - Sync 1 DAGs
[2023-11-03T19:58:45.788+0000] {logging_mixin.py:151} INFO - [2023-11-03T19:58:45.778+0000] {dag.py:3722} INFO - Setting next_dagrun for example_branch_dop_operator_v3 to 2023-11-03T19:57:00+00:00, run_after=2023-11-03T19:58:00+00:00
[2023-11-03T19:58:45.921+0000] {processor.py:179} INFO - Processing /home/airflow/.local/lib/python3.8/site-packages/airflow/example_dags/example_branch_python_dop_operator_3.py took 0.347 seconds
[2023-11-03T19:59:16.656+0000] {processor.py:157} INFO - Started process (PID=35502) to work on /home/airflow/.local/lib/python3.8/site-packages/airflow/example_dags/example_branch_python_dop_operator_3.py
[2023-11-03T19:59:16.659+0000] {processor.py:829} INFO - Processing file /home/airflow/.local/lib/python3.8/site-packages/airflow/example_dags/example_branch_python_dop_operator_3.py for tasks to queue
[2023-11-03T19:59:16.666+0000] {logging_mixin.py:151} INFO - [2023-11-03T19:59:16.665+0000] {dagbag.py:536} INFO - Filling up the DagBag from /home/airflow/.local/lib/python3.8/site-packages/airflow/example_dags/example_branch_python_dop_operator_3.py
[2023-11-03T19:59:16.692+0000] {processor.py:839} INFO - DAG(s) dict_keys(['example_branch_dop_operator_v3']) retrieved from /home/airflow/.local/lib/python3.8/site-packages/airflow/example_dags/example_branch_python_dop_operator_3.py
[2023-11-03T19:59:16.747+0000] {logging_mixin.py:151} INFO - [2023-11-03T19:59:16.747+0000] {dag.py:2941} INFO - Sync 1 DAGs
[2023-11-03T19:59:16.815+0000] {logging_mixin.py:151} INFO - [2023-11-03T19:59:16.814+0000] {dag.py:3722} INFO - Setting next_dagrun for example_branch_dop_operator_v3 to 2023-11-03T19:58:00+00:00, run_after=2023-11-03T19:59:00+00:00
[2023-11-03T19:59:16.874+0000] {processor.py:179} INFO - Processing /home/airflow/.local/lib/python3.8/site-packages/airflow/example_dags/example_branch_python_dop_operator_3.py took 0.229 seconds
[2023-11-03T19:59:47.272+0000] {processor.py:157} INFO - Started process (PID=35564) to work on /home/airflow/.local/lib/python3.8/site-packages/airflow/example_dags/example_branch_python_dop_operator_3.py
[2023-11-03T19:59:47.275+0000] {processor.py:829} INFO - Processing file /home/airflow/.local/lib/python3.8/site-packages/airflow/example_dags/example_branch_python_dop_operator_3.py for tasks to queue
[2023-11-03T19:59:47.283+0000] {logging_mixin.py:151} INFO - [2023-11-03T19:59:47.282+0000] {dagbag.py:536} INFO - Filling up the DagBag from /home/airflow/.local/lib/python3.8/site-packages/airflow/example_dags/example_branch_python_dop_operator_3.py
[2023-11-03T19:59:47.316+0000] {processor.py:839} INFO - DAG(s) dict_keys(['example_branch_dop_operator_v3']) retrieved from /home/airflow/.local/lib/python3.8/site-packages/airflow/example_dags/example_branch_python_dop_operator_3.py
[2023-11-03T19:59:47.395+0000] {logging_mixin.py:151} INFO - [2023-11-03T19:59:47.394+0000] {dag.py:2941} INFO - Sync 1 DAGs
[2023-11-03T19:59:47.475+0000] {logging_mixin.py:151} INFO - [2023-11-03T19:59:47.474+0000] {dag.py:3722} INFO - Setting next_dagrun for example_branch_dop_operator_v3 to 2023-11-03T19:58:00+00:00, run_after=2023-11-03T19:59:00+00:00
[2023-11-03T19:59:47.578+0000] {processor.py:179} INFO - Processing /home/airflow/.local/lib/python3.8/site-packages/airflow/example_dags/example_branch_python_dop_operator_3.py took 0.315 seconds
[2023-11-03T20:00:18.587+0000] {processor.py:157} INFO - Started process (PID=35626) to work on /home/airflow/.local/lib/python3.8/site-packages/airflow/example_dags/example_branch_python_dop_operator_3.py
[2023-11-03T20:00:18.590+0000] {processor.py:829} INFO - Processing file /home/airflow/.local/lib/python3.8/site-packages/airflow/example_dags/example_branch_python_dop_operator_3.py for tasks to queue
[2023-11-03T20:00:18.597+0000] {logging_mixin.py:151} INFO - [2023-11-03T20:00:18.596+0000] {dagbag.py:536} INFO - Filling up the DagBag from /home/airflow/.local/lib/python3.8/site-packages/airflow/example_dags/example_branch_python_dop_operator_3.py
[2023-11-03T20:00:18.620+0000] {processor.py:839} INFO - DAG(s) dict_keys(['example_branch_dop_operator_v3']) retrieved from /home/airflow/.local/lib/python3.8/site-packages/airflow/example_dags/example_branch_python_dop_operator_3.py
[2023-11-03T20:00:18.677+0000] {logging_mixin.py:151} INFO - [2023-11-03T20:00:18.676+0000] {dag.py:2941} INFO - Sync 1 DAGs
[2023-11-03T20:00:18.747+0000] {logging_mixin.py:151} INFO - [2023-11-03T20:00:18.747+0000] {dag.py:3722} INFO - Setting next_dagrun for example_branch_dop_operator_v3 to 2023-11-03T19:59:00+00:00, run_after=2023-11-03T20:00:00+00:00
[2023-11-03T20:00:18.807+0000] {processor.py:179} INFO - Processing /home/airflow/.local/lib/python3.8/site-packages/airflow/example_dags/example_branch_python_dop_operator_3.py took 0.229 seconds
[2023-11-03T20:00:49.877+0000] {processor.py:157} INFO - Started process (PID=35688) to work on /home/airflow/.local/lib/python3.8/site-packages/airflow/example_dags/example_branch_python_dop_operator_3.py
[2023-11-03T20:00:49.880+0000] {processor.py:829} INFO - Processing file /home/airflow/.local/lib/python3.8/site-packages/airflow/example_dags/example_branch_python_dop_operator_3.py for tasks to queue
[2023-11-03T20:00:49.887+0000] {logging_mixin.py:151} INFO - [2023-11-03T20:00:49.885+0000] {dagbag.py:536} INFO - Filling up the DagBag from /home/airflow/.local/lib/python3.8/site-packages/airflow/example_dags/example_branch_python_dop_operator_3.py
[2023-11-03T20:00:49.923+0000] {processor.py:839} INFO - DAG(s) dict_keys(['example_branch_dop_operator_v3']) retrieved from /home/airflow/.local/lib/python3.8/site-packages/airflow/example_dags/example_branch_python_dop_operator_3.py
[2023-11-03T20:00:49.975+0000] {logging_mixin.py:151} INFO - [2023-11-03T20:00:49.975+0000] {dag.py:2941} INFO - Sync 1 DAGs
[2023-11-03T20:00:50.053+0000] {logging_mixin.py:151} INFO - [2023-11-03T20:00:50.053+0000] {dag.py:3722} INFO - Setting next_dagrun for example_branch_dop_operator_v3 to 2023-11-03T19:59:00+00:00, run_after=2023-11-03T20:00:00+00:00
[2023-11-03T20:00:50.114+0000] {processor.py:179} INFO - Processing /home/airflow/.local/lib/python3.8/site-packages/airflow/example_dags/example_branch_python_dop_operator_3.py took 0.244 seconds
[2023-11-03T20:01:21.102+0000] {processor.py:157} INFO - Started process (PID=35750) to work on /home/airflow/.local/lib/python3.8/site-packages/airflow/example_dags/example_branch_python_dop_operator_3.py
[2023-11-03T20:01:21.105+0000] {processor.py:829} INFO - Processing file /home/airflow/.local/lib/python3.8/site-packages/airflow/example_dags/example_branch_python_dop_operator_3.py for tasks to queue
[2023-11-03T20:01:21.113+0000] {logging_mixin.py:151} INFO - [2023-11-03T20:01:21.111+0000] {dagbag.py:536} INFO - Filling up the DagBag from /home/airflow/.local/lib/python3.8/site-packages/airflow/example_dags/example_branch_python_dop_operator_3.py
[2023-11-03T20:01:21.144+0000] {processor.py:839} INFO - DAG(s) dict_keys(['example_branch_dop_operator_v3']) retrieved from /home/airflow/.local/lib/python3.8/site-packages/airflow/example_dags/example_branch_python_dop_operator_3.py
[2023-11-03T20:01:21.211+0000] {logging_mixin.py:151} INFO - [2023-11-03T20:01:21.210+0000] {dag.py:2941} INFO - Sync 1 DAGs
[2023-11-03T20:01:21.312+0000] {logging_mixin.py:151} INFO - [2023-11-03T20:01:21.311+0000] {dag.py:3722} INFO - Setting next_dagrun for example_branch_dop_operator_v3 to 2023-11-03T20:00:00+00:00, run_after=2023-11-03T20:01:00+00:00
[2023-11-03T20:01:21.380+0000] {processor.py:179} INFO - Processing /home/airflow/.local/lib/python3.8/site-packages/airflow/example_dags/example_branch_python_dop_operator_3.py took 0.289 seconds
[2023-11-03T20:01:52.027+0000] {processor.py:157} INFO - Started process (PID=35812) to work on /home/airflow/.local/lib/python3.8/site-packages/airflow/example_dags/example_branch_python_dop_operator_3.py
[2023-11-03T20:01:52.029+0000] {processor.py:829} INFO - Processing file /home/airflow/.local/lib/python3.8/site-packages/airflow/example_dags/example_branch_python_dop_operator_3.py for tasks to queue
[2023-11-03T20:01:52.036+0000] {logging_mixin.py:151} INFO - [2023-11-03T20:01:52.035+0000] {dagbag.py:536} INFO - Filling up the DagBag from /home/airflow/.local/lib/python3.8/site-packages/airflow/example_dags/example_branch_python_dop_operator_3.py
[2023-11-03T20:01:52.062+0000] {processor.py:839} INFO - DAG(s) dict_keys(['example_branch_dop_operator_v3']) retrieved from /home/airflow/.local/lib/python3.8/site-packages/airflow/example_dags/example_branch_python_dop_operator_3.py
[2023-11-03T20:01:52.120+0000] {logging_mixin.py:151} INFO - [2023-11-03T20:01:52.120+0000] {dag.py:2941} INFO - Sync 1 DAGs
[2023-11-03T20:01:52.201+0000] {logging_mixin.py:151} INFO - [2023-11-03T20:01:52.201+0000] {dag.py:3722} INFO - Setting next_dagrun for example_branch_dop_operator_v3 to 2023-11-03T20:00:00+00:00, run_after=2023-11-03T20:01:00+00:00
[2023-11-03T20:01:52.277+0000] {processor.py:179} INFO - Processing /home/airflow/.local/lib/python3.8/site-packages/airflow/example_dags/example_branch_python_dop_operator_3.py took 0.257 seconds
[2023-11-03T20:02:22.688+0000] {processor.py:157} INFO - Started process (PID=35874) to work on /home/airflow/.local/lib/python3.8/site-packages/airflow/example_dags/example_branch_python_dop_operator_3.py
[2023-11-03T20:02:22.693+0000] {processor.py:829} INFO - Processing file /home/airflow/.local/lib/python3.8/site-packages/airflow/example_dags/example_branch_python_dop_operator_3.py for tasks to queue
[2023-11-03T20:02:22.704+0000] {logging_mixin.py:151} INFO - [2023-11-03T20:02:22.702+0000] {dagbag.py:536} INFO - Filling up the DagBag from /home/airflow/.local/lib/python3.8/site-packages/airflow/example_dags/example_branch_python_dop_operator_3.py
[2023-11-03T20:02:22.732+0000] {processor.py:839} INFO - DAG(s) dict_keys(['example_branch_dop_operator_v3']) retrieved from /home/airflow/.local/lib/python3.8/site-packages/airflow/example_dags/example_branch_python_dop_operator_3.py
[2023-11-03T20:02:22.794+0000] {logging_mixin.py:151} INFO - [2023-11-03T20:02:22.793+0000] {dag.py:2941} INFO - Sync 1 DAGs
[2023-11-03T20:02:22.889+0000] {logging_mixin.py:151} INFO - [2023-11-03T20:02:22.888+0000] {dag.py:3722} INFO - Setting next_dagrun for example_branch_dop_operator_v3 to 2023-11-03T20:01:00+00:00, run_after=2023-11-03T20:02:00+00:00
[2023-11-03T20:02:22.961+0000] {processor.py:179} INFO - Processing /home/airflow/.local/lib/python3.8/site-packages/airflow/example_dags/example_branch_python_dop_operator_3.py took 0.294 seconds
[2023-11-03T20:02:53.671+0000] {processor.py:157} INFO - Started process (PID=35936) to work on /home/airflow/.local/lib/python3.8/site-packages/airflow/example_dags/example_branch_python_dop_operator_3.py
[2023-11-03T20:02:53.674+0000] {processor.py:829} INFO - Processing file /home/airflow/.local/lib/python3.8/site-packages/airflow/example_dags/example_branch_python_dop_operator_3.py for tasks to queue
[2023-11-03T20:02:53.681+0000] {logging_mixin.py:151} INFO - [2023-11-03T20:02:53.679+0000] {dagbag.py:536} INFO - Filling up the DagBag from /home/airflow/.local/lib/python3.8/site-packages/airflow/example_dags/example_branch_python_dop_operator_3.py
[2023-11-03T20:02:53.707+0000] {processor.py:839} INFO - DAG(s) dict_keys(['example_branch_dop_operator_v3']) retrieved from /home/airflow/.local/lib/python3.8/site-packages/airflow/example_dags/example_branch_python_dop_operator_3.py
[2023-11-03T20:02:53.761+0000] {logging_mixin.py:151} INFO - [2023-11-03T20:02:53.760+0000] {dag.py:2941} INFO - Sync 1 DAGs
[2023-11-03T20:02:53.835+0000] {logging_mixin.py:151} INFO - [2023-11-03T20:02:53.834+0000] {dag.py:3722} INFO - Setting next_dagrun for example_branch_dop_operator_v3 to 2023-11-03T20:01:00+00:00, run_after=2023-11-03T20:02:00+00:00
[2023-11-03T20:02:53.895+0000] {processor.py:179} INFO - Processing /home/airflow/.local/lib/python3.8/site-packages/airflow/example_dags/example_branch_python_dop_operator_3.py took 0.232 seconds
[2023-11-03T20:03:25.158+0000] {processor.py:157} INFO - Started process (PID=35999) to work on /home/airflow/.local/lib/python3.8/site-packages/airflow/example_dags/example_branch_python_dop_operator_3.py
[2023-11-03T20:03:25.161+0000] {processor.py:829} INFO - Processing file /home/airflow/.local/lib/python3.8/site-packages/airflow/example_dags/example_branch_python_dop_operator_3.py for tasks to queue
[2023-11-03T20:03:25.170+0000] {logging_mixin.py:151} INFO - [2023-11-03T20:03:25.168+0000] {dagbag.py:536} INFO - Filling up the DagBag from /home/airflow/.local/lib/python3.8/site-packages/airflow/example_dags/example_branch_python_dop_operator_3.py
[2023-11-03T20:03:25.207+0000] {processor.py:839} INFO - DAG(s) dict_keys(['example_branch_dop_operator_v3']) retrieved from /home/airflow/.local/lib/python3.8/site-packages/airflow/example_dags/example_branch_python_dop_operator_3.py
[2023-11-03T20:03:25.257+0000] {logging_mixin.py:151} INFO - [2023-11-03T20:03:25.256+0000] {dag.py:2941} INFO - Sync 1 DAGs
[2023-11-03T20:03:25.319+0000] {logging_mixin.py:151} INFO - [2023-11-03T20:03:25.318+0000] {dag.py:3722} INFO - Setting next_dagrun for example_branch_dop_operator_v3 to 2023-11-03T20:02:00+00:00, run_after=2023-11-03T20:03:00+00:00
[2023-11-03T20:03:25.373+0000] {processor.py:179} INFO - Processing /home/airflow/.local/lib/python3.8/site-packages/airflow/example_dags/example_branch_python_dop_operator_3.py took 0.226 seconds
[2023-11-03T20:03:56.103+0000] {processor.py:157} INFO - Started process (PID=36062) to work on /home/airflow/.local/lib/python3.8/site-packages/airflow/example_dags/example_branch_python_dop_operator_3.py
[2023-11-03T20:03:56.107+0000] {processor.py:829} INFO - Processing file /home/airflow/.local/lib/python3.8/site-packages/airflow/example_dags/example_branch_python_dop_operator_3.py for tasks to queue
[2023-11-03T20:03:56.116+0000] {logging_mixin.py:151} INFO - [2023-11-03T20:03:56.115+0000] {dagbag.py:536} INFO - Filling up the DagBag from /home/airflow/.local/lib/python3.8/site-packages/airflow/example_dags/example_branch_python_dop_operator_3.py
[2023-11-03T20:03:56.154+0000] {processor.py:839} INFO - DAG(s) dict_keys(['example_branch_dop_operator_v3']) retrieved from /home/airflow/.local/lib/python3.8/site-packages/airflow/example_dags/example_branch_python_dop_operator_3.py
[2023-11-03T20:03:56.221+0000] {logging_mixin.py:151} INFO - [2023-11-03T20:03:56.221+0000] {dag.py:2941} INFO - Sync 1 DAGs
[2023-11-03T20:03:56.292+0000] {logging_mixin.py:151} INFO - [2023-11-03T20:03:56.292+0000] {dag.py:3722} INFO - Setting next_dagrun for example_branch_dop_operator_v3 to 2023-11-03T20:02:00+00:00, run_after=2023-11-03T20:03:00+00:00
[2023-11-03T20:03:56.353+0000] {processor.py:179} INFO - Processing /home/airflow/.local/lib/python3.8/site-packages/airflow/example_dags/example_branch_python_dop_operator_3.py took 0.265 seconds
[2023-11-03T20:04:27.047+0000] {processor.py:157} INFO - Started process (PID=36123) to work on /home/airflow/.local/lib/python3.8/site-packages/airflow/example_dags/example_branch_python_dop_operator_3.py
[2023-11-03T20:04:27.050+0000] {processor.py:829} INFO - Processing file /home/airflow/.local/lib/python3.8/site-packages/airflow/example_dags/example_branch_python_dop_operator_3.py for tasks to queue
[2023-11-03T20:04:27.058+0000] {logging_mixin.py:151} INFO - [2023-11-03T20:04:27.057+0000] {dagbag.py:536} INFO - Filling up the DagBag from /home/airflow/.local/lib/python3.8/site-packages/airflow/example_dags/example_branch_python_dop_operator_3.py
[2023-11-03T20:04:27.082+0000] {processor.py:839} INFO - DAG(s) dict_keys(['example_branch_dop_operator_v3']) retrieved from /home/airflow/.local/lib/python3.8/site-packages/airflow/example_dags/example_branch_python_dop_operator_3.py
[2023-11-03T20:04:27.141+0000] {logging_mixin.py:151} INFO - [2023-11-03T20:04:27.141+0000] {dag.py:2941} INFO - Sync 1 DAGs
[2023-11-03T20:04:27.231+0000] {logging_mixin.py:151} INFO - [2023-11-03T20:04:27.230+0000] {dag.py:3722} INFO - Setting next_dagrun for example_branch_dop_operator_v3 to 2023-11-03T20:03:00+00:00, run_after=2023-11-03T20:04:00+00:00
[2023-11-03T20:04:27.295+0000] {processor.py:179} INFO - Processing /home/airflow/.local/lib/python3.8/site-packages/airflow/example_dags/example_branch_python_dop_operator_3.py took 0.258 seconds
[2023-11-03T20:04:57.651+0000] {processor.py:157} INFO - Started process (PID=36185) to work on /home/airflow/.local/lib/python3.8/site-packages/airflow/example_dags/example_branch_python_dop_operator_3.py
[2023-11-03T20:04:57.654+0000] {processor.py:829} INFO - Processing file /home/airflow/.local/lib/python3.8/site-packages/airflow/example_dags/example_branch_python_dop_operator_3.py for tasks to queue
[2023-11-03T20:04:57.661+0000] {logging_mixin.py:151} INFO - [2023-11-03T20:04:57.660+0000] {dagbag.py:536} INFO - Filling up the DagBag from /home/airflow/.local/lib/python3.8/site-packages/airflow/example_dags/example_branch_python_dop_operator_3.py
[2023-11-03T20:04:57.711+0000] {processor.py:839} INFO - DAG(s) dict_keys(['example_branch_dop_operator_v3']) retrieved from /home/airflow/.local/lib/python3.8/site-packages/airflow/example_dags/example_branch_python_dop_operator_3.py
[2023-11-03T20:04:57.830+0000] {logging_mixin.py:151} INFO - [2023-11-03T20:04:57.829+0000] {dag.py:2941} INFO - Sync 1 DAGs
[2023-11-03T20:04:57.965+0000] {logging_mixin.py:151} INFO - [2023-11-03T20:04:57.964+0000] {dag.py:3722} INFO - Setting next_dagrun for example_branch_dop_operator_v3 to 2023-11-03T20:03:00+00:00, run_after=2023-11-03T20:04:00+00:00
[2023-11-03T20:04:58.025+0000] {processor.py:179} INFO - Processing /home/airflow/.local/lib/python3.8/site-packages/airflow/example_dags/example_branch_python_dop_operator_3.py took 0.385 seconds
[2023-11-03T20:05:28.600+0000] {processor.py:157} INFO - Started process (PID=36247) to work on /home/airflow/.local/lib/python3.8/site-packages/airflow/example_dags/example_branch_python_dop_operator_3.py
[2023-11-03T20:05:28.603+0000] {processor.py:829} INFO - Processing file /home/airflow/.local/lib/python3.8/site-packages/airflow/example_dags/example_branch_python_dop_operator_3.py for tasks to queue
[2023-11-03T20:05:28.610+0000] {logging_mixin.py:151} INFO - [2023-11-03T20:05:28.609+0000] {dagbag.py:536} INFO - Filling up the DagBag from /home/airflow/.local/lib/python3.8/site-packages/airflow/example_dags/example_branch_python_dop_operator_3.py
[2023-11-03T20:05:28.640+0000] {processor.py:839} INFO - DAG(s) dict_keys(['example_branch_dop_operator_v3']) retrieved from /home/airflow/.local/lib/python3.8/site-packages/airflow/example_dags/example_branch_python_dop_operator_3.py
[2023-11-03T20:05:28.710+0000] {logging_mixin.py:151} INFO - [2023-11-03T20:05:28.709+0000] {dag.py:2941} INFO - Sync 1 DAGs
[2023-11-03T20:05:28.799+0000] {logging_mixin.py:151} INFO - [2023-11-03T20:05:28.798+0000] {dag.py:3722} INFO - Setting next_dagrun for example_branch_dop_operator_v3 to 2023-11-03T20:04:00+00:00, run_after=2023-11-03T20:05:00+00:00
[2023-11-03T20:05:28.863+0000] {processor.py:179} INFO - Processing /home/airflow/.local/lib/python3.8/site-packages/airflow/example_dags/example_branch_python_dop_operator_3.py took 0.274 seconds
[2023-11-03T20:05:59.239+0000] {processor.py:157} INFO - Started process (PID=36309) to work on /home/airflow/.local/lib/python3.8/site-packages/airflow/example_dags/example_branch_python_dop_operator_3.py
[2023-11-03T20:05:59.242+0000] {processor.py:829} INFO - Processing file /home/airflow/.local/lib/python3.8/site-packages/airflow/example_dags/example_branch_python_dop_operator_3.py for tasks to queue
[2023-11-03T20:05:59.248+0000] {logging_mixin.py:151} INFO - [2023-11-03T20:05:59.247+0000] {dagbag.py:536} INFO - Filling up the DagBag from /home/airflow/.local/lib/python3.8/site-packages/airflow/example_dags/example_branch_python_dop_operator_3.py
[2023-11-03T20:05:59.271+0000] {processor.py:839} INFO - DAG(s) dict_keys(['example_branch_dop_operator_v3']) retrieved from /home/airflow/.local/lib/python3.8/site-packages/airflow/example_dags/example_branch_python_dop_operator_3.py
[2023-11-03T20:05:59.336+0000] {logging_mixin.py:151} INFO - [2023-11-03T20:05:59.335+0000] {dag.py:2941} INFO - Sync 1 DAGs
[2023-11-03T20:05:59.437+0000] {logging_mixin.py:151} INFO - [2023-11-03T20:05:59.436+0000] {dag.py:3722} INFO - Setting next_dagrun for example_branch_dop_operator_v3 to 2023-11-03T20:04:00+00:00, run_after=2023-11-03T20:05:00+00:00
[2023-11-03T20:05:59.497+0000] {processor.py:179} INFO - Processing /home/airflow/.local/lib/python3.8/site-packages/airflow/example_dags/example_branch_python_dop_operator_3.py took 0.264 seconds
