[2023-11-03T19:42:44.569+0000] {processor.py:157} INFO - Started process (PID=33494) to work on /home/airflow/.local/lib/python3.8/site-packages/airflow/example_dags/example_sla_dag.py
[2023-11-03T19:42:44.571+0000] {processor.py:829} INFO - Processing file /home/airflow/.local/lib/python3.8/site-packages/airflow/example_dags/example_sla_dag.py for tasks to queue
[2023-11-03T19:42:44.581+0000] {logging_mixin.py:151} INFO - [2023-11-03T19:42:44.579+0000] {dagbag.py:536} INFO - Filling up the DagBag from /home/airflow/.local/lib/python3.8/site-packages/airflow/example_dags/example_sla_dag.py
[2023-11-03T19:42:44.603+0000] {processor.py:839} INFO - DAG(s) dict_keys(['example_sla_dag']) retrieved from /home/airflow/.local/lib/python3.8/site-packages/airflow/example_dags/example_sla_dag.py
[2023-11-03T19:42:44.671+0000] {logging_mixin.py:151} INFO - [2023-11-03T19:42:44.670+0000] {dag.py:2941} INFO - Sync 1 DAGs
[2023-11-03T19:42:44.764+0000] {logging_mixin.py:151} INFO - [2023-11-03T19:42:44.763+0000] {dag.py:3722} INFO - Setting next_dagrun for example_sla_dag to 2023-11-03T19:40:00+00:00, run_after=2023-11-03T19:42:00+00:00
[2023-11-03T19:42:44.865+0000] {processor.py:179} INFO - Processing /home/airflow/.local/lib/python3.8/site-packages/airflow/example_dags/example_sla_dag.py took 0.304 seconds
[2023-11-03T19:43:14.973+0000] {processor.py:157} INFO - Started process (PID=33555) to work on /home/airflow/.local/lib/python3.8/site-packages/airflow/example_dags/example_sla_dag.py
[2023-11-03T19:43:14.977+0000] {processor.py:829} INFO - Processing file /home/airflow/.local/lib/python3.8/site-packages/airflow/example_dags/example_sla_dag.py for tasks to queue
[2023-11-03T19:43:14.985+0000] {logging_mixin.py:151} INFO - [2023-11-03T19:43:14.984+0000] {dagbag.py:536} INFO - Filling up the DagBag from /home/airflow/.local/lib/python3.8/site-packages/airflow/example_dags/example_sla_dag.py
[2023-11-03T19:43:15.034+0000] {processor.py:839} INFO - DAG(s) dict_keys(['example_sla_dag']) retrieved from /home/airflow/.local/lib/python3.8/site-packages/airflow/example_dags/example_sla_dag.py
[2023-11-03T19:43:15.125+0000] {logging_mixin.py:151} INFO - [2023-11-03T19:43:15.124+0000] {dag.py:2941} INFO - Sync 1 DAGs
[2023-11-03T19:43:15.252+0000] {logging_mixin.py:151} INFO - [2023-11-03T19:43:15.251+0000] {dag.py:3722} INFO - Setting next_dagrun for example_sla_dag to 2023-11-03T19:40:00+00:00, run_after=2023-11-03T19:42:00+00:00
[2023-11-03T19:43:15.330+0000] {processor.py:179} INFO - Processing /home/airflow/.local/lib/python3.8/site-packages/airflow/example_dags/example_sla_dag.py took 0.365 seconds
[2023-11-03T19:43:46.287+0000] {processor.py:157} INFO - Started process (PID=33617) to work on /home/airflow/.local/lib/python3.8/site-packages/airflow/example_dags/example_sla_dag.py
[2023-11-03T19:43:46.290+0000] {processor.py:829} INFO - Processing file /home/airflow/.local/lib/python3.8/site-packages/airflow/example_dags/example_sla_dag.py for tasks to queue
[2023-11-03T19:43:46.298+0000] {logging_mixin.py:151} INFO - [2023-11-03T19:43:46.296+0000] {dagbag.py:536} INFO - Filling up the DagBag from /home/airflow/.local/lib/python3.8/site-packages/airflow/example_dags/example_sla_dag.py
[2023-11-03T19:43:46.323+0000] {processor.py:839} INFO - DAG(s) dict_keys(['example_sla_dag']) retrieved from /home/airflow/.local/lib/python3.8/site-packages/airflow/example_dags/example_sla_dag.py
[2023-11-03T19:43:46.392+0000] {logging_mixin.py:151} INFO - [2023-11-03T19:43:46.391+0000] {dag.py:2941} INFO - Sync 1 DAGs
[2023-11-03T19:43:46.469+0000] {logging_mixin.py:151} INFO - [2023-11-03T19:43:46.469+0000] {dag.py:3722} INFO - Setting next_dagrun for example_sla_dag to 2023-11-03T19:40:00+00:00, run_after=2023-11-03T19:42:00+00:00
[2023-11-03T19:43:46.552+0000] {processor.py:179} INFO - Processing /home/airflow/.local/lib/python3.8/site-packages/airflow/example_dags/example_sla_dag.py took 0.274 seconds
[2023-11-03T19:44:16.718+0000] {processor.py:157} INFO - Started process (PID=33678) to work on /home/airflow/.local/lib/python3.8/site-packages/airflow/example_dags/example_sla_dag.py
[2023-11-03T19:44:16.721+0000] {processor.py:829} INFO - Processing file /home/airflow/.local/lib/python3.8/site-packages/airflow/example_dags/example_sla_dag.py for tasks to queue
[2023-11-03T19:44:16.730+0000] {logging_mixin.py:151} INFO - [2023-11-03T19:44:16.728+0000] {dagbag.py:536} INFO - Filling up the DagBag from /home/airflow/.local/lib/python3.8/site-packages/airflow/example_dags/example_sla_dag.py
[2023-11-03T19:44:16.760+0000] {processor.py:839} INFO - DAG(s) dict_keys(['example_sla_dag']) retrieved from /home/airflow/.local/lib/python3.8/site-packages/airflow/example_dags/example_sla_dag.py
[2023-11-03T19:44:16.811+0000] {logging_mixin.py:151} INFO - [2023-11-03T19:44:16.810+0000] {dag.py:2941} INFO - Sync 1 DAGs
[2023-11-03T19:44:16.872+0000] {logging_mixin.py:151} INFO - [2023-11-03T19:44:16.871+0000] {dag.py:3722} INFO - Setting next_dagrun for example_sla_dag to 2023-11-03T19:42:00+00:00, run_after=2023-11-03T19:44:00+00:00
[2023-11-03T19:44:16.920+0000] {processor.py:179} INFO - Processing /home/airflow/.local/lib/python3.8/site-packages/airflow/example_dags/example_sla_dag.py took 0.213 seconds
[2023-11-03T19:44:47.078+0000] {processor.py:157} INFO - Started process (PID=33740) to work on /home/airflow/.local/lib/python3.8/site-packages/airflow/example_dags/example_sla_dag.py
[2023-11-03T19:44:47.081+0000] {processor.py:829} INFO - Processing file /home/airflow/.local/lib/python3.8/site-packages/airflow/example_dags/example_sla_dag.py for tasks to queue
[2023-11-03T19:44:47.091+0000] {logging_mixin.py:151} INFO - [2023-11-03T19:44:47.089+0000] {dagbag.py:536} INFO - Filling up the DagBag from /home/airflow/.local/lib/python3.8/site-packages/airflow/example_dags/example_sla_dag.py
[2023-11-03T19:44:47.119+0000] {processor.py:839} INFO - DAG(s) dict_keys(['example_sla_dag']) retrieved from /home/airflow/.local/lib/python3.8/site-packages/airflow/example_dags/example_sla_dag.py
[2023-11-03T19:44:47.201+0000] {logging_mixin.py:151} INFO - [2023-11-03T19:44:47.200+0000] {dag.py:2941} INFO - Sync 1 DAGs
[2023-11-03T19:44:47.276+0000] {logging_mixin.py:151} INFO - [2023-11-03T19:44:47.275+0000] {dag.py:3722} INFO - Setting next_dagrun for example_sla_dag to 2023-11-03T19:42:00+00:00, run_after=2023-11-03T19:44:00+00:00
[2023-11-03T19:44:47.377+0000] {processor.py:179} INFO - Processing /home/airflow/.local/lib/python3.8/site-packages/airflow/example_dags/example_sla_dag.py took 0.309 seconds
[2023-11-03T19:45:17.827+0000] {processor.py:157} INFO - Started process (PID=33803) to work on /home/airflow/.local/lib/python3.8/site-packages/airflow/example_dags/example_sla_dag.py
[2023-11-03T19:45:17.838+0000] {processor.py:829} INFO - Processing file /home/airflow/.local/lib/python3.8/site-packages/airflow/example_dags/example_sla_dag.py for tasks to queue
[2023-11-03T19:45:17.855+0000] {logging_mixin.py:151} INFO - [2023-11-03T19:45:17.853+0000] {dagbag.py:536} INFO - Filling up the DagBag from /home/airflow/.local/lib/python3.8/site-packages/airflow/example_dags/example_sla_dag.py
[2023-11-03T19:45:17.901+0000] {processor.py:839} INFO - DAG(s) dict_keys(['example_sla_dag']) retrieved from /home/airflow/.local/lib/python3.8/site-packages/airflow/example_dags/example_sla_dag.py
[2023-11-03T19:45:17.973+0000] {logging_mixin.py:151} INFO - [2023-11-03T19:45:17.973+0000] {dag.py:2941} INFO - Sync 1 DAGs
[2023-11-03T19:45:18.041+0000] {logging_mixin.py:151} INFO - [2023-11-03T19:45:18.040+0000] {dag.py:3722} INFO - Setting next_dagrun for example_sla_dag to 2023-11-03T19:42:00+00:00, run_after=2023-11-03T19:44:00+00:00
[2023-11-03T19:45:18.095+0000] {processor.py:179} INFO - Processing /home/airflow/.local/lib/python3.8/site-packages/airflow/example_dags/example_sla_dag.py took 0.288 seconds
[2023-11-03T19:45:48.683+0000] {processor.py:157} INFO - Started process (PID=33865) to work on /home/airflow/.local/lib/python3.8/site-packages/airflow/example_dags/example_sla_dag.py
[2023-11-03T19:45:48.687+0000] {processor.py:829} INFO - Processing file /home/airflow/.local/lib/python3.8/site-packages/airflow/example_dags/example_sla_dag.py for tasks to queue
[2023-11-03T19:45:48.699+0000] {logging_mixin.py:151} INFO - [2023-11-03T19:45:48.698+0000] {dagbag.py:536} INFO - Filling up the DagBag from /home/airflow/.local/lib/python3.8/site-packages/airflow/example_dags/example_sla_dag.py
[2023-11-03T19:45:48.736+0000] {processor.py:839} INFO - DAG(s) dict_keys(['example_sla_dag']) retrieved from /home/airflow/.local/lib/python3.8/site-packages/airflow/example_dags/example_sla_dag.py
[2023-11-03T19:45:48.824+0000] {logging_mixin.py:151} INFO - [2023-11-03T19:45:48.823+0000] {dag.py:2941} INFO - Sync 1 DAGs
[2023-11-03T19:45:48.943+0000] {logging_mixin.py:151} INFO - [2023-11-03T19:45:48.942+0000] {dag.py:3722} INFO - Setting next_dagrun for example_sla_dag to 2023-11-03T19:42:00+00:00, run_after=2023-11-03T19:44:00+00:00
[2023-11-03T19:45:49.034+0000] {processor.py:179} INFO - Processing /home/airflow/.local/lib/python3.8/site-packages/airflow/example_dags/example_sla_dag.py took 0.362 seconds
[2023-11-03T19:46:19.341+0000] {processor.py:157} INFO - Started process (PID=33927) to work on /home/airflow/.local/lib/python3.8/site-packages/airflow/example_dags/example_sla_dag.py
[2023-11-03T19:46:19.345+0000] {processor.py:829} INFO - Processing file /home/airflow/.local/lib/python3.8/site-packages/airflow/example_dags/example_sla_dag.py for tasks to queue
[2023-11-03T19:46:19.355+0000] {logging_mixin.py:151} INFO - [2023-11-03T19:46:19.353+0000] {dagbag.py:536} INFO - Filling up the DagBag from /home/airflow/.local/lib/python3.8/site-packages/airflow/example_dags/example_sla_dag.py
[2023-11-03T19:46:19.385+0000] {processor.py:839} INFO - DAG(s) dict_keys(['example_sla_dag']) retrieved from /home/airflow/.local/lib/python3.8/site-packages/airflow/example_dags/example_sla_dag.py
[2023-11-03T19:46:19.448+0000] {logging_mixin.py:151} INFO - [2023-11-03T19:46:19.447+0000] {dag.py:2941} INFO - Sync 1 DAGs
[2023-11-03T19:46:19.555+0000] {logging_mixin.py:151} INFO - [2023-11-03T19:46:19.555+0000] {dag.py:3722} INFO - Setting next_dagrun for example_sla_dag to 2023-11-03T19:44:00+00:00, run_after=2023-11-03T19:46:00+00:00
[2023-11-03T19:46:19.617+0000] {processor.py:179} INFO - Processing /home/airflow/.local/lib/python3.8/site-packages/airflow/example_dags/example_sla_dag.py took 0.292 seconds
[2023-11-03T19:46:49.796+0000] {processor.py:157} INFO - Started process (PID=33989) to work on /home/airflow/.local/lib/python3.8/site-packages/airflow/example_dags/example_sla_dag.py
[2023-11-03T19:46:49.801+0000] {processor.py:829} INFO - Processing file /home/airflow/.local/lib/python3.8/site-packages/airflow/example_dags/example_sla_dag.py for tasks to queue
[2023-11-03T19:46:49.809+0000] {logging_mixin.py:151} INFO - [2023-11-03T19:46:49.808+0000] {dagbag.py:536} INFO - Filling up the DagBag from /home/airflow/.local/lib/python3.8/site-packages/airflow/example_dags/example_sla_dag.py
[2023-11-03T19:46:49.853+0000] {processor.py:839} INFO - DAG(s) dict_keys(['example_sla_dag']) retrieved from /home/airflow/.local/lib/python3.8/site-packages/airflow/example_dags/example_sla_dag.py
[2023-11-03T19:46:50.030+0000] {logging_mixin.py:151} INFO - [2023-11-03T19:46:50.029+0000] {dag.py:2941} INFO - Sync 1 DAGs
[2023-11-03T19:46:50.116+0000] {logging_mixin.py:151} INFO - [2023-11-03T19:46:50.115+0000] {dag.py:3722} INFO - Setting next_dagrun for example_sla_dag to 2023-11-03T19:44:00+00:00, run_after=2023-11-03T19:46:00+00:00
[2023-11-03T19:46:50.184+0000] {processor.py:179} INFO - Processing /home/airflow/.local/lib/python3.8/site-packages/airflow/example_dags/example_sla_dag.py took 0.399 seconds
[2023-11-03T19:47:20.389+0000] {processor.py:157} INFO - Started process (PID=34051) to work on /home/airflow/.local/lib/python3.8/site-packages/airflow/example_dags/example_sla_dag.py
[2023-11-03T19:47:20.393+0000] {processor.py:829} INFO - Processing file /home/airflow/.local/lib/python3.8/site-packages/airflow/example_dags/example_sla_dag.py for tasks to queue
[2023-11-03T19:47:20.400+0000] {logging_mixin.py:151} INFO - [2023-11-03T19:47:20.399+0000] {dagbag.py:536} INFO - Filling up the DagBag from /home/airflow/.local/lib/python3.8/site-packages/airflow/example_dags/example_sla_dag.py
[2023-11-03T19:47:20.452+0000] {processor.py:839} INFO - DAG(s) dict_keys(['example_sla_dag']) retrieved from /home/airflow/.local/lib/python3.8/site-packages/airflow/example_dags/example_sla_dag.py
[2023-11-03T19:47:20.513+0000] {logging_mixin.py:151} INFO - [2023-11-03T19:47:20.512+0000] {dag.py:2941} INFO - Sync 1 DAGs
[2023-11-03T19:47:20.582+0000] {logging_mixin.py:151} INFO - [2023-11-03T19:47:20.582+0000] {dag.py:3722} INFO - Setting next_dagrun for example_sla_dag to 2023-11-03T19:44:00+00:00, run_after=2023-11-03T19:46:00+00:00
[2023-11-03T19:47:20.645+0000] {processor.py:179} INFO - Processing /home/airflow/.local/lib/python3.8/site-packages/airflow/example_dags/example_sla_dag.py took 0.265 seconds
[2023-11-03T19:47:51.045+0000] {processor.py:157} INFO - Started process (PID=34113) to work on /home/airflow/.local/lib/python3.8/site-packages/airflow/example_dags/example_sla_dag.py
[2023-11-03T19:47:51.048+0000] {processor.py:829} INFO - Processing file /home/airflow/.local/lib/python3.8/site-packages/airflow/example_dags/example_sla_dag.py for tasks to queue
[2023-11-03T19:47:51.057+0000] {logging_mixin.py:151} INFO - [2023-11-03T19:47:51.055+0000] {dagbag.py:536} INFO - Filling up the DagBag from /home/airflow/.local/lib/python3.8/site-packages/airflow/example_dags/example_sla_dag.py
[2023-11-03T19:47:51.078+0000] {processor.py:839} INFO - DAG(s) dict_keys(['example_sla_dag']) retrieved from /home/airflow/.local/lib/python3.8/site-packages/airflow/example_dags/example_sla_dag.py
[2023-11-03T19:47:51.133+0000] {logging_mixin.py:151} INFO - [2023-11-03T19:47:51.132+0000] {dag.py:2941} INFO - Sync 1 DAGs
[2023-11-03T19:47:51.215+0000] {logging_mixin.py:151} INFO - [2023-11-03T19:47:51.215+0000] {dag.py:3722} INFO - Setting next_dagrun for example_sla_dag to 2023-11-03T19:44:00+00:00, run_after=2023-11-03T19:46:00+00:00
[2023-11-03T19:47:51.278+0000] {processor.py:179} INFO - Processing /home/airflow/.local/lib/python3.8/site-packages/airflow/example_dags/example_sla_dag.py took 0.242 seconds
[2023-11-03T19:48:21.528+0000] {processor.py:157} INFO - Started process (PID=34175) to work on /home/airflow/.local/lib/python3.8/site-packages/airflow/example_dags/example_sla_dag.py
[2023-11-03T19:48:21.531+0000] {processor.py:829} INFO - Processing file /home/airflow/.local/lib/python3.8/site-packages/airflow/example_dags/example_sla_dag.py for tasks to queue
[2023-11-03T19:48:21.539+0000] {logging_mixin.py:151} INFO - [2023-11-03T19:48:21.537+0000] {dagbag.py:536} INFO - Filling up the DagBag from /home/airflow/.local/lib/python3.8/site-packages/airflow/example_dags/example_sla_dag.py
[2023-11-03T19:48:21.571+0000] {processor.py:839} INFO - DAG(s) dict_keys(['example_sla_dag']) retrieved from /home/airflow/.local/lib/python3.8/site-packages/airflow/example_dags/example_sla_dag.py
[2023-11-03T19:48:21.630+0000] {logging_mixin.py:151} INFO - [2023-11-03T19:48:21.630+0000] {dag.py:2941} INFO - Sync 1 DAGs
[2023-11-03T19:48:21.713+0000] {logging_mixin.py:151} INFO - [2023-11-03T19:48:21.712+0000] {dag.py:3722} INFO - Setting next_dagrun for example_sla_dag to 2023-11-03T19:46:00+00:00, run_after=2023-11-03T19:48:00+00:00
[2023-11-03T19:48:21.880+0000] {processor.py:179} INFO - Processing /home/airflow/.local/lib/python3.8/site-packages/airflow/example_dags/example_sla_dag.py took 0.360 seconds
[2023-11-03T19:48:52.657+0000] {processor.py:157} INFO - Started process (PID=34237) to work on /home/airflow/.local/lib/python3.8/site-packages/airflow/example_dags/example_sla_dag.py
[2023-11-03T19:48:52.661+0000] {processor.py:829} INFO - Processing file /home/airflow/.local/lib/python3.8/site-packages/airflow/example_dags/example_sla_dag.py for tasks to queue
[2023-11-03T19:48:52.671+0000] {logging_mixin.py:151} INFO - [2023-11-03T19:48:52.669+0000] {dagbag.py:536} INFO - Filling up the DagBag from /home/airflow/.local/lib/python3.8/site-packages/airflow/example_dags/example_sla_dag.py
[2023-11-03T19:48:52.702+0000] {processor.py:839} INFO - DAG(s) dict_keys(['example_sla_dag']) retrieved from /home/airflow/.local/lib/python3.8/site-packages/airflow/example_dags/example_sla_dag.py
[2023-11-03T19:48:52.755+0000] {logging_mixin.py:151} INFO - [2023-11-03T19:48:52.755+0000] {dag.py:2941} INFO - Sync 1 DAGs
[2023-11-03T19:48:52.845+0000] {logging_mixin.py:151} INFO - [2023-11-03T19:48:52.844+0000] {dag.py:3722} INFO - Setting next_dagrun for example_sla_dag to 2023-11-03T19:46:00+00:00, run_after=2023-11-03T19:48:00+00:00
[2023-11-03T19:48:52.899+0000] {processor.py:179} INFO - Processing /home/airflow/.local/lib/python3.8/site-packages/airflow/example_dags/example_sla_dag.py took 0.256 seconds
[2023-11-03T19:49:23.047+0000] {processor.py:157} INFO - Started process (PID=34299) to work on /home/airflow/.local/lib/python3.8/site-packages/airflow/example_dags/example_sla_dag.py
[2023-11-03T19:49:23.050+0000] {processor.py:829} INFO - Processing file /home/airflow/.local/lib/python3.8/site-packages/airflow/example_dags/example_sla_dag.py for tasks to queue
[2023-11-03T19:49:23.057+0000] {logging_mixin.py:151} INFO - [2023-11-03T19:49:23.056+0000] {dagbag.py:536} INFO - Filling up the DagBag from /home/airflow/.local/lib/python3.8/site-packages/airflow/example_dags/example_sla_dag.py
[2023-11-03T19:49:23.081+0000] {processor.py:839} INFO - DAG(s) dict_keys(['example_sla_dag']) retrieved from /home/airflow/.local/lib/python3.8/site-packages/airflow/example_dags/example_sla_dag.py
[2023-11-03T19:49:23.149+0000] {logging_mixin.py:151} INFO - [2023-11-03T19:49:23.148+0000] {dag.py:2941} INFO - Sync 1 DAGs
[2023-11-03T19:49:23.223+0000] {logging_mixin.py:151} INFO - [2023-11-03T19:49:23.223+0000] {dag.py:3722} INFO - Setting next_dagrun for example_sla_dag to 2023-11-03T19:46:00+00:00, run_after=2023-11-03T19:48:00+00:00
[2023-11-03T19:49:23.286+0000] {processor.py:179} INFO - Processing /home/airflow/.local/lib/python3.8/site-packages/airflow/example_dags/example_sla_dag.py took 0.248 seconds
[2023-11-03T19:49:53.818+0000] {processor.py:157} INFO - Started process (PID=34361) to work on /home/airflow/.local/lib/python3.8/site-packages/airflow/example_dags/example_sla_dag.py
[2023-11-03T19:49:53.825+0000] {processor.py:829} INFO - Processing file /home/airflow/.local/lib/python3.8/site-packages/airflow/example_dags/example_sla_dag.py for tasks to queue
[2023-11-03T19:49:53.845+0000] {logging_mixin.py:151} INFO - [2023-11-03T19:49:53.844+0000] {dagbag.py:536} INFO - Filling up the DagBag from /home/airflow/.local/lib/python3.8/site-packages/airflow/example_dags/example_sla_dag.py
[2023-11-03T19:49:53.906+0000] {processor.py:839} INFO - DAG(s) dict_keys(['example_sla_dag']) retrieved from /home/airflow/.local/lib/python3.8/site-packages/airflow/example_dags/example_sla_dag.py
[2023-11-03T19:49:54.005+0000] {logging_mixin.py:151} INFO - [2023-11-03T19:49:54.004+0000] {dag.py:2941} INFO - Sync 1 DAGs
[2023-11-03T19:49:54.099+0000] {logging_mixin.py:151} INFO - [2023-11-03T19:49:54.099+0000] {dag.py:3722} INFO - Setting next_dagrun for example_sla_dag to 2023-11-03T19:46:00+00:00, run_after=2023-11-03T19:48:00+00:00
[2023-11-03T19:49:54.155+0000] {processor.py:179} INFO - Processing /home/airflow/.local/lib/python3.8/site-packages/airflow/example_dags/example_sla_dag.py took 0.357 seconds
[2023-11-03T19:50:24.267+0000] {processor.py:157} INFO - Started process (PID=34423) to work on /home/airflow/.local/lib/python3.8/site-packages/airflow/example_dags/example_sla_dag.py
[2023-11-03T19:50:24.271+0000] {processor.py:829} INFO - Processing file /home/airflow/.local/lib/python3.8/site-packages/airflow/example_dags/example_sla_dag.py for tasks to queue
[2023-11-03T19:50:24.279+0000] {logging_mixin.py:151} INFO - [2023-11-03T19:50:24.277+0000] {dagbag.py:536} INFO - Filling up the DagBag from /home/airflow/.local/lib/python3.8/site-packages/airflow/example_dags/example_sla_dag.py
[2023-11-03T19:50:24.315+0000] {processor.py:839} INFO - DAG(s) dict_keys(['example_sla_dag']) retrieved from /home/airflow/.local/lib/python3.8/site-packages/airflow/example_dags/example_sla_dag.py
[2023-11-03T19:50:24.374+0000] {logging_mixin.py:151} INFO - [2023-11-03T19:50:24.374+0000] {dag.py:2941} INFO - Sync 1 DAGs
[2023-11-03T19:50:24.461+0000] {logging_mixin.py:151} INFO - [2023-11-03T19:50:24.460+0000] {dag.py:3722} INFO - Setting next_dagrun for example_sla_dag to 2023-11-03T19:48:00+00:00, run_after=2023-11-03T19:50:00+00:00
[2023-11-03T19:50:24.537+0000] {processor.py:179} INFO - Processing /home/airflow/.local/lib/python3.8/site-packages/airflow/example_dags/example_sla_dag.py took 0.281 seconds
[2023-11-03T19:50:55.605+0000] {processor.py:157} INFO - Started process (PID=34485) to work on /home/airflow/.local/lib/python3.8/site-packages/airflow/example_dags/example_sla_dag.py
[2023-11-03T19:50:55.608+0000] {processor.py:829} INFO - Processing file /home/airflow/.local/lib/python3.8/site-packages/airflow/example_dags/example_sla_dag.py for tasks to queue
[2023-11-03T19:50:55.615+0000] {logging_mixin.py:151} INFO - [2023-11-03T19:50:55.613+0000] {dagbag.py:536} INFO - Filling up the DagBag from /home/airflow/.local/lib/python3.8/site-packages/airflow/example_dags/example_sla_dag.py
[2023-11-03T19:50:55.645+0000] {processor.py:839} INFO - DAG(s) dict_keys(['example_sla_dag']) retrieved from /home/airflow/.local/lib/python3.8/site-packages/airflow/example_dags/example_sla_dag.py
[2023-11-03T19:50:55.707+0000] {logging_mixin.py:151} INFO - [2023-11-03T19:50:55.707+0000] {dag.py:2941} INFO - Sync 1 DAGs
[2023-11-03T19:50:55.780+0000] {logging_mixin.py:151} INFO - [2023-11-03T19:50:55.779+0000] {dag.py:3722} INFO - Setting next_dagrun for example_sla_dag to 2023-11-03T19:48:00+00:00, run_after=2023-11-03T19:50:00+00:00
[2023-11-03T19:50:55.835+0000] {processor.py:179} INFO - Processing /home/airflow/.local/lib/python3.8/site-packages/airflow/example_dags/example_sla_dag.py took 0.237 seconds
[2023-11-03T19:51:26.422+0000] {processor.py:157} INFO - Started process (PID=34547) to work on /home/airflow/.local/lib/python3.8/site-packages/airflow/example_dags/example_sla_dag.py
[2023-11-03T19:51:26.426+0000] {processor.py:829} INFO - Processing file /home/airflow/.local/lib/python3.8/site-packages/airflow/example_dags/example_sla_dag.py for tasks to queue
[2023-11-03T19:51:26.436+0000] {logging_mixin.py:151} INFO - [2023-11-03T19:51:26.435+0000] {dagbag.py:536} INFO - Filling up the DagBag from /home/airflow/.local/lib/python3.8/site-packages/airflow/example_dags/example_sla_dag.py
[2023-11-03T19:51:26.472+0000] {processor.py:839} INFO - DAG(s) dict_keys(['example_sla_dag']) retrieved from /home/airflow/.local/lib/python3.8/site-packages/airflow/example_dags/example_sla_dag.py
[2023-11-03T19:51:26.532+0000] {logging_mixin.py:151} INFO - [2023-11-03T19:51:26.531+0000] {dag.py:2941} INFO - Sync 1 DAGs
[2023-11-03T19:51:26.623+0000] {logging_mixin.py:151} INFO - [2023-11-03T19:51:26.622+0000] {dag.py:3722} INFO - Setting next_dagrun for example_sla_dag to 2023-11-03T19:48:00+00:00, run_after=2023-11-03T19:50:00+00:00
[2023-11-03T19:51:26.689+0000] {processor.py:179} INFO - Processing /home/airflow/.local/lib/python3.8/site-packages/airflow/example_dags/example_sla_dag.py took 0.280 seconds
[2023-11-03T19:51:56.942+0000] {processor.py:157} INFO - Started process (PID=34609) to work on /home/airflow/.local/lib/python3.8/site-packages/airflow/example_dags/example_sla_dag.py
[2023-11-03T19:51:56.945+0000] {processor.py:829} INFO - Processing file /home/airflow/.local/lib/python3.8/site-packages/airflow/example_dags/example_sla_dag.py for tasks to queue
[2023-11-03T19:51:56.953+0000] {logging_mixin.py:151} INFO - [2023-11-03T19:51:56.952+0000] {dagbag.py:536} INFO - Filling up the DagBag from /home/airflow/.local/lib/python3.8/site-packages/airflow/example_dags/example_sla_dag.py
[2023-11-03T19:51:56.980+0000] {processor.py:839} INFO - DAG(s) dict_keys(['example_sla_dag']) retrieved from /home/airflow/.local/lib/python3.8/site-packages/airflow/example_dags/example_sla_dag.py
[2023-11-03T19:51:57.050+0000] {logging_mixin.py:151} INFO - [2023-11-03T19:51:57.049+0000] {dag.py:2941} INFO - Sync 1 DAGs
[2023-11-03T19:51:57.147+0000] {logging_mixin.py:151} INFO - [2023-11-03T19:51:57.146+0000] {dag.py:3722} INFO - Setting next_dagrun for example_sla_dag to 2023-11-03T19:48:00+00:00, run_after=2023-11-03T19:50:00+00:00
[2023-11-03T19:51:57.223+0000] {processor.py:179} INFO - Processing /home/airflow/.local/lib/python3.8/site-packages/airflow/example_dags/example_sla_dag.py took 0.292 seconds
[2023-11-03T19:52:27.440+0000] {processor.py:157} INFO - Started process (PID=34671) to work on /home/airflow/.local/lib/python3.8/site-packages/airflow/example_dags/example_sla_dag.py
[2023-11-03T19:52:27.443+0000] {processor.py:829} INFO - Processing file /home/airflow/.local/lib/python3.8/site-packages/airflow/example_dags/example_sla_dag.py for tasks to queue
[2023-11-03T19:52:27.450+0000] {logging_mixin.py:151} INFO - [2023-11-03T19:52:27.449+0000] {dagbag.py:536} INFO - Filling up the DagBag from /home/airflow/.local/lib/python3.8/site-packages/airflow/example_dags/example_sla_dag.py
[2023-11-03T19:52:27.485+0000] {processor.py:839} INFO - DAG(s) dict_keys(['example_sla_dag']) retrieved from /home/airflow/.local/lib/python3.8/site-packages/airflow/example_dags/example_sla_dag.py
[2023-11-03T19:52:27.540+0000] {logging_mixin.py:151} INFO - [2023-11-03T19:52:27.539+0000] {dag.py:2941} INFO - Sync 1 DAGs
[2023-11-03T19:52:27.610+0000] {logging_mixin.py:151} INFO - [2023-11-03T19:52:27.609+0000] {dag.py:3722} INFO - Setting next_dagrun for example_sla_dag to 2023-11-03T19:50:00+00:00, run_after=2023-11-03T19:52:00+00:00
[2023-11-03T19:52:27.668+0000] {processor.py:179} INFO - Processing /home/airflow/.local/lib/python3.8/site-packages/airflow/example_dags/example_sla_dag.py took 0.237 seconds
[2023-11-03T19:52:58.025+0000] {processor.py:157} INFO - Started process (PID=34733) to work on /home/airflow/.local/lib/python3.8/site-packages/airflow/example_dags/example_sla_dag.py
[2023-11-03T19:52:58.028+0000] {processor.py:829} INFO - Processing file /home/airflow/.local/lib/python3.8/site-packages/airflow/example_dags/example_sla_dag.py for tasks to queue
[2023-11-03T19:52:58.036+0000] {logging_mixin.py:151} INFO - [2023-11-03T19:52:58.035+0000] {dagbag.py:536} INFO - Filling up the DagBag from /home/airflow/.local/lib/python3.8/site-packages/airflow/example_dags/example_sla_dag.py
[2023-11-03T19:52:58.070+0000] {processor.py:839} INFO - DAG(s) dict_keys(['example_sla_dag']) retrieved from /home/airflow/.local/lib/python3.8/site-packages/airflow/example_dags/example_sla_dag.py
[2023-11-03T19:52:58.125+0000] {logging_mixin.py:151} INFO - [2023-11-03T19:52:58.125+0000] {dag.py:2941} INFO - Sync 1 DAGs
[2023-11-03T19:52:58.203+0000] {logging_mixin.py:151} INFO - [2023-11-03T19:52:58.203+0000] {dag.py:3722} INFO - Setting next_dagrun for example_sla_dag to 2023-11-03T19:50:00+00:00, run_after=2023-11-03T19:52:00+00:00
[2023-11-03T19:52:58.260+0000] {processor.py:179} INFO - Processing /home/airflow/.local/lib/python3.8/site-packages/airflow/example_dags/example_sla_dag.py took 0.244 seconds
[2023-11-03T19:53:28.523+0000] {processor.py:157} INFO - Started process (PID=34795) to work on /home/airflow/.local/lib/python3.8/site-packages/airflow/example_dags/example_sla_dag.py
[2023-11-03T19:53:28.526+0000] {processor.py:829} INFO - Processing file /home/airflow/.local/lib/python3.8/site-packages/airflow/example_dags/example_sla_dag.py for tasks to queue
[2023-11-03T19:53:28.538+0000] {logging_mixin.py:151} INFO - [2023-11-03T19:53:28.536+0000] {dagbag.py:536} INFO - Filling up the DagBag from /home/airflow/.local/lib/python3.8/site-packages/airflow/example_dags/example_sla_dag.py
[2023-11-03T19:53:28.569+0000] {processor.py:839} INFO - DAG(s) dict_keys(['example_sla_dag']) retrieved from /home/airflow/.local/lib/python3.8/site-packages/airflow/example_dags/example_sla_dag.py
[2023-11-03T19:53:28.625+0000] {logging_mixin.py:151} INFO - [2023-11-03T19:53:28.624+0000] {dag.py:2941} INFO - Sync 1 DAGs
[2023-11-03T19:53:28.700+0000] {logging_mixin.py:151} INFO - [2023-11-03T19:53:28.699+0000] {dag.py:3722} INFO - Setting next_dagrun for example_sla_dag to 2023-11-03T19:50:00+00:00, run_after=2023-11-03T19:52:00+00:00
[2023-11-03T19:53:28.771+0000] {processor.py:179} INFO - Processing /home/airflow/.local/lib/python3.8/site-packages/airflow/example_dags/example_sla_dag.py took 0.259 seconds
[2023-11-03T19:53:59.798+0000] {processor.py:157} INFO - Started process (PID=34857) to work on /home/airflow/.local/lib/python3.8/site-packages/airflow/example_dags/example_sla_dag.py
[2023-11-03T19:53:59.815+0000] {processor.py:829} INFO - Processing file /home/airflow/.local/lib/python3.8/site-packages/airflow/example_dags/example_sla_dag.py for tasks to queue
[2023-11-03T19:53:59.824+0000] {logging_mixin.py:151} INFO - [2023-11-03T19:53:59.823+0000] {dagbag.py:536} INFO - Filling up the DagBag from /home/airflow/.local/lib/python3.8/site-packages/airflow/example_dags/example_sla_dag.py
[2023-11-03T19:53:59.902+0000] {processor.py:839} INFO - DAG(s) dict_keys(['example_sla_dag']) retrieved from /home/airflow/.local/lib/python3.8/site-packages/airflow/example_dags/example_sla_dag.py
[2023-11-03T19:53:59.976+0000] {logging_mixin.py:151} INFO - [2023-11-03T19:53:59.975+0000] {dag.py:2941} INFO - Sync 1 DAGs
[2023-11-03T19:54:00.063+0000] {logging_mixin.py:151} INFO - [2023-11-03T19:54:00.062+0000] {dag.py:3722} INFO - Setting next_dagrun for example_sla_dag to 2023-11-03T19:52:00+00:00, run_after=2023-11-03T19:54:00+00:00
[2023-11-03T19:54:00.124+0000] {processor.py:179} INFO - Processing /home/airflow/.local/lib/python3.8/site-packages/airflow/example_dags/example_sla_dag.py took 0.337 seconds
[2023-11-03T19:54:30.578+0000] {processor.py:157} INFO - Started process (PID=34919) to work on /home/airflow/.local/lib/python3.8/site-packages/airflow/example_dags/example_sla_dag.py
[2023-11-03T19:54:30.581+0000] {processor.py:829} INFO - Processing file /home/airflow/.local/lib/python3.8/site-packages/airflow/example_dags/example_sla_dag.py for tasks to queue
[2023-11-03T19:54:30.589+0000] {logging_mixin.py:151} INFO - [2023-11-03T19:54:30.588+0000] {dagbag.py:536} INFO - Filling up the DagBag from /home/airflow/.local/lib/python3.8/site-packages/airflow/example_dags/example_sla_dag.py
[2023-11-03T19:54:30.622+0000] {processor.py:839} INFO - DAG(s) dict_keys(['example_sla_dag']) retrieved from /home/airflow/.local/lib/python3.8/site-packages/airflow/example_dags/example_sla_dag.py
[2023-11-03T19:54:30.686+0000] {logging_mixin.py:151} INFO - [2023-11-03T19:54:30.685+0000] {dag.py:2941} INFO - Sync 1 DAGs
[2023-11-03T19:54:30.768+0000] {logging_mixin.py:151} INFO - [2023-11-03T19:54:30.768+0000] {dag.py:3722} INFO - Setting next_dagrun for example_sla_dag to 2023-11-03T19:52:00+00:00, run_after=2023-11-03T19:54:00+00:00
[2023-11-03T19:54:30.827+0000] {processor.py:179} INFO - Processing /home/airflow/.local/lib/python3.8/site-packages/airflow/example_dags/example_sla_dag.py took 0.258 seconds
[2023-11-03T19:55:01.782+0000] {processor.py:157} INFO - Started process (PID=34981) to work on /home/airflow/.local/lib/python3.8/site-packages/airflow/example_dags/example_sla_dag.py
[2023-11-03T19:55:01.804+0000] {processor.py:829} INFO - Processing file /home/airflow/.local/lib/python3.8/site-packages/airflow/example_dags/example_sla_dag.py for tasks to queue
[2023-11-03T19:55:01.827+0000] {logging_mixin.py:151} INFO - [2023-11-03T19:55:01.826+0000] {dagbag.py:536} INFO - Filling up the DagBag from /home/airflow/.local/lib/python3.8/site-packages/airflow/example_dags/example_sla_dag.py
[2023-11-03T19:55:01.886+0000] {processor.py:839} INFO - DAG(s) dict_keys(['example_sla_dag']) retrieved from /home/airflow/.local/lib/python3.8/site-packages/airflow/example_dags/example_sla_dag.py
[2023-11-03T19:55:01.987+0000] {logging_mixin.py:151} INFO - [2023-11-03T19:55:01.986+0000] {dag.py:2941} INFO - Sync 1 DAGs
[2023-11-03T19:55:02.059+0000] {logging_mixin.py:151} INFO - [2023-11-03T19:55:02.058+0000] {dag.py:3722} INFO - Setting next_dagrun for example_sla_dag to 2023-11-03T19:52:00+00:00, run_after=2023-11-03T19:54:00+00:00
[2023-11-03T19:55:02.122+0000] {processor.py:179} INFO - Processing /home/airflow/.local/lib/python3.8/site-packages/airflow/example_dags/example_sla_dag.py took 0.361 seconds
[2023-11-03T19:55:32.271+0000] {processor.py:157} INFO - Started process (PID=35043) to work on /home/airflow/.local/lib/python3.8/site-packages/airflow/example_dags/example_sla_dag.py
[2023-11-03T19:55:32.274+0000] {processor.py:829} INFO - Processing file /home/airflow/.local/lib/python3.8/site-packages/airflow/example_dags/example_sla_dag.py for tasks to queue
[2023-11-03T19:55:32.282+0000] {logging_mixin.py:151} INFO - [2023-11-03T19:55:32.280+0000] {dagbag.py:536} INFO - Filling up the DagBag from /home/airflow/.local/lib/python3.8/site-packages/airflow/example_dags/example_sla_dag.py
[2023-11-03T19:55:32.312+0000] {processor.py:839} INFO - DAG(s) dict_keys(['example_sla_dag']) retrieved from /home/airflow/.local/lib/python3.8/site-packages/airflow/example_dags/example_sla_dag.py
[2023-11-03T19:55:32.391+0000] {logging_mixin.py:151} INFO - [2023-11-03T19:55:32.390+0000] {dag.py:2941} INFO - Sync 1 DAGs
[2023-11-03T19:55:32.475+0000] {logging_mixin.py:151} INFO - [2023-11-03T19:55:32.475+0000] {dag.py:3722} INFO - Setting next_dagrun for example_sla_dag to 2023-11-03T19:52:00+00:00, run_after=2023-11-03T19:54:00+00:00
[2023-11-03T19:55:32.540+0000] {processor.py:179} INFO - Processing /home/airflow/.local/lib/python3.8/site-packages/airflow/example_dags/example_sla_dag.py took 0.281 seconds
[2023-11-03T19:56:02.974+0000] {processor.py:157} INFO - Started process (PID=35105) to work on /home/airflow/.local/lib/python3.8/site-packages/airflow/example_dags/example_sla_dag.py
[2023-11-03T19:56:02.977+0000] {processor.py:829} INFO - Processing file /home/airflow/.local/lib/python3.8/site-packages/airflow/example_dags/example_sla_dag.py for tasks to queue
[2023-11-03T19:56:02.986+0000] {logging_mixin.py:151} INFO - [2023-11-03T19:56:02.985+0000] {dagbag.py:536} INFO - Filling up the DagBag from /home/airflow/.local/lib/python3.8/site-packages/airflow/example_dags/example_sla_dag.py
[2023-11-03T19:56:03.020+0000] {processor.py:839} INFO - DAG(s) dict_keys(['example_sla_dag']) retrieved from /home/airflow/.local/lib/python3.8/site-packages/airflow/example_dags/example_sla_dag.py
[2023-11-03T19:56:03.070+0000] {logging_mixin.py:151} INFO - [2023-11-03T19:56:03.070+0000] {dag.py:2941} INFO - Sync 1 DAGs
[2023-11-03T19:56:03.150+0000] {logging_mixin.py:151} INFO - [2023-11-03T19:56:03.149+0000] {dag.py:3722} INFO - Setting next_dagrun for example_sla_dag to 2023-11-03T19:54:00+00:00, run_after=2023-11-03T19:56:00+00:00
[2023-11-03T19:56:03.205+0000] {processor.py:179} INFO - Processing /home/airflow/.local/lib/python3.8/site-packages/airflow/example_dags/example_sla_dag.py took 0.241 seconds
[2023-11-03T19:56:33.475+0000] {processor.py:157} INFO - Started process (PID=35167) to work on /home/airflow/.local/lib/python3.8/site-packages/airflow/example_dags/example_sla_dag.py
[2023-11-03T19:56:33.479+0000] {processor.py:829} INFO - Processing file /home/airflow/.local/lib/python3.8/site-packages/airflow/example_dags/example_sla_dag.py for tasks to queue
[2023-11-03T19:56:33.490+0000] {logging_mixin.py:151} INFO - [2023-11-03T19:56:33.488+0000] {dagbag.py:536} INFO - Filling up the DagBag from /home/airflow/.local/lib/python3.8/site-packages/airflow/example_dags/example_sla_dag.py
[2023-11-03T19:56:33.516+0000] {processor.py:839} INFO - DAG(s) dict_keys(['example_sla_dag']) retrieved from /home/airflow/.local/lib/python3.8/site-packages/airflow/example_dags/example_sla_dag.py
[2023-11-03T19:56:33.570+0000] {logging_mixin.py:151} INFO - [2023-11-03T19:56:33.569+0000] {dag.py:2941} INFO - Sync 1 DAGs
[2023-11-03T19:56:33.636+0000] {logging_mixin.py:151} INFO - [2023-11-03T19:56:33.636+0000] {dag.py:3722} INFO - Setting next_dagrun for example_sla_dag to 2023-11-03T19:54:00+00:00, run_after=2023-11-03T19:56:00+00:00
[2023-11-03T19:56:33.700+0000] {processor.py:179} INFO - Processing /home/airflow/.local/lib/python3.8/site-packages/airflow/example_dags/example_sla_dag.py took 0.239 seconds
[2023-11-03T19:57:04.437+0000] {processor.py:157} INFO - Started process (PID=35229) to work on /home/airflow/.local/lib/python3.8/site-packages/airflow/example_dags/example_sla_dag.py
[2023-11-03T19:57:04.441+0000] {processor.py:829} INFO - Processing file /home/airflow/.local/lib/python3.8/site-packages/airflow/example_dags/example_sla_dag.py for tasks to queue
[2023-11-03T19:57:04.453+0000] {logging_mixin.py:151} INFO - [2023-11-03T19:57:04.452+0000] {dagbag.py:536} INFO - Filling up the DagBag from /home/airflow/.local/lib/python3.8/site-packages/airflow/example_dags/example_sla_dag.py
[2023-11-03T19:57:04.483+0000] {processor.py:839} INFO - DAG(s) dict_keys(['example_sla_dag']) retrieved from /home/airflow/.local/lib/python3.8/site-packages/airflow/example_dags/example_sla_dag.py
[2023-11-03T19:57:04.566+0000] {logging_mixin.py:151} INFO - [2023-11-03T19:57:04.565+0000] {dag.py:2941} INFO - Sync 1 DAGs
[2023-11-03T19:57:04.668+0000] {logging_mixin.py:151} INFO - [2023-11-03T19:57:04.667+0000] {dag.py:3722} INFO - Setting next_dagrun for example_sla_dag to 2023-11-03T19:54:00+00:00, run_after=2023-11-03T19:56:00+00:00
[2023-11-03T19:57:04.733+0000] {processor.py:179} INFO - Processing /home/airflow/.local/lib/python3.8/site-packages/airflow/example_dags/example_sla_dag.py took 0.305 seconds
[2023-11-03T19:57:35.352+0000] {processor.py:157} INFO - Started process (PID=35291) to work on /home/airflow/.local/lib/python3.8/site-packages/airflow/example_dags/example_sla_dag.py
[2023-11-03T19:57:35.355+0000] {processor.py:829} INFO - Processing file /home/airflow/.local/lib/python3.8/site-packages/airflow/example_dags/example_sla_dag.py for tasks to queue
[2023-11-03T19:57:35.363+0000] {logging_mixin.py:151} INFO - [2023-11-03T19:57:35.361+0000] {dagbag.py:536} INFO - Filling up the DagBag from /home/airflow/.local/lib/python3.8/site-packages/airflow/example_dags/example_sla_dag.py
[2023-11-03T19:57:35.398+0000] {processor.py:839} INFO - DAG(s) dict_keys(['example_sla_dag']) retrieved from /home/airflow/.local/lib/python3.8/site-packages/airflow/example_dags/example_sla_dag.py
[2023-11-03T19:57:35.457+0000] {logging_mixin.py:151} INFO - [2023-11-03T19:57:35.456+0000] {dag.py:2941} INFO - Sync 1 DAGs
[2023-11-03T19:57:35.528+0000] {logging_mixin.py:151} INFO - [2023-11-03T19:57:35.527+0000] {dag.py:3722} INFO - Setting next_dagrun for example_sla_dag to 2023-11-03T19:54:00+00:00, run_after=2023-11-03T19:56:00+00:00
[2023-11-03T19:57:35.589+0000] {processor.py:179} INFO - Processing /home/airflow/.local/lib/python3.8/site-packages/airflow/example_dags/example_sla_dag.py took 0.245 seconds
[2023-11-03T19:58:06.136+0000] {processor.py:157} INFO - Started process (PID=35353) to work on /home/airflow/.local/lib/python3.8/site-packages/airflow/example_dags/example_sla_dag.py
[2023-11-03T19:58:06.139+0000] {processor.py:829} INFO - Processing file /home/airflow/.local/lib/python3.8/site-packages/airflow/example_dags/example_sla_dag.py for tasks to queue
[2023-11-03T19:58:06.147+0000] {logging_mixin.py:151} INFO - [2023-11-03T19:58:06.146+0000] {dagbag.py:536} INFO - Filling up the DagBag from /home/airflow/.local/lib/python3.8/site-packages/airflow/example_dags/example_sla_dag.py
[2023-11-03T19:58:06.178+0000] {processor.py:839} INFO - DAG(s) dict_keys(['example_sla_dag']) retrieved from /home/airflow/.local/lib/python3.8/site-packages/airflow/example_dags/example_sla_dag.py
[2023-11-03T19:58:06.235+0000] {logging_mixin.py:151} INFO - [2023-11-03T19:58:06.234+0000] {dag.py:2941} INFO - Sync 1 DAGs
[2023-11-03T19:58:06.301+0000] {logging_mixin.py:151} INFO - [2023-11-03T19:58:06.301+0000] {dag.py:3722} INFO - Setting next_dagrun for example_sla_dag to 2023-11-03T19:56:00+00:00, run_after=2023-11-03T19:58:00+00:00
[2023-11-03T19:58:06.371+0000] {processor.py:179} INFO - Processing /home/airflow/.local/lib/python3.8/site-packages/airflow/example_dags/example_sla_dag.py took 0.244 seconds
[2023-11-03T19:58:37.071+0000] {processor.py:157} INFO - Started process (PID=35422) to work on /home/airflow/.local/lib/python3.8/site-packages/airflow/example_dags/example_sla_dag.py
[2023-11-03T19:58:37.074+0000] {processor.py:829} INFO - Processing file /home/airflow/.local/lib/python3.8/site-packages/airflow/example_dags/example_sla_dag.py for tasks to queue
[2023-11-03T19:58:37.083+0000] {logging_mixin.py:151} INFO - [2023-11-03T19:58:37.082+0000] {dagbag.py:536} INFO - Filling up the DagBag from /home/airflow/.local/lib/python3.8/site-packages/airflow/example_dags/example_sla_dag.py
[2023-11-03T19:58:37.114+0000] {processor.py:839} INFO - DAG(s) dict_keys(['example_sla_dag']) retrieved from /home/airflow/.local/lib/python3.8/site-packages/airflow/example_dags/example_sla_dag.py
[2023-11-03T19:58:37.180+0000] {logging_mixin.py:151} INFO - [2023-11-03T19:58:37.179+0000] {dag.py:2941} INFO - Sync 1 DAGs
[2023-11-03T19:58:37.274+0000] {logging_mixin.py:151} INFO - [2023-11-03T19:58:37.274+0000] {dag.py:3722} INFO - Setting next_dagrun for example_sla_dag to 2023-11-03T19:56:00+00:00, run_after=2023-11-03T19:58:00+00:00
[2023-11-03T19:58:37.339+0000] {processor.py:179} INFO - Processing /home/airflow/.local/lib/python3.8/site-packages/airflow/example_dags/example_sla_dag.py took 0.277 seconds
[2023-11-03T19:59:07.989+0000] {processor.py:157} INFO - Started process (PID=35484) to work on /home/airflow/.local/lib/python3.8/site-packages/airflow/example_dags/example_sla_dag.py
[2023-11-03T19:59:07.991+0000] {processor.py:829} INFO - Processing file /home/airflow/.local/lib/python3.8/site-packages/airflow/example_dags/example_sla_dag.py for tasks to queue
[2023-11-03T19:59:07.999+0000] {logging_mixin.py:151} INFO - [2023-11-03T19:59:07.998+0000] {dagbag.py:536} INFO - Filling up the DagBag from /home/airflow/.local/lib/python3.8/site-packages/airflow/example_dags/example_sla_dag.py
[2023-11-03T19:59:08.029+0000] {processor.py:839} INFO - DAG(s) dict_keys(['example_sla_dag']) retrieved from /home/airflow/.local/lib/python3.8/site-packages/airflow/example_dags/example_sla_dag.py
[2023-11-03T19:59:08.081+0000] {logging_mixin.py:151} INFO - [2023-11-03T19:59:08.080+0000] {dag.py:2941} INFO - Sync 1 DAGs
[2023-11-03T19:59:08.145+0000] {logging_mixin.py:151} INFO - [2023-11-03T19:59:08.144+0000] {dag.py:3722} INFO - Setting next_dagrun for example_sla_dag to 2023-11-03T19:56:00+00:00, run_after=2023-11-03T19:58:00+00:00
[2023-11-03T19:59:08.212+0000] {processor.py:179} INFO - Processing /home/airflow/.local/lib/python3.8/site-packages/airflow/example_dags/example_sla_dag.py took 0.230 seconds
[2023-11-03T19:59:38.901+0000] {processor.py:157} INFO - Started process (PID=35546) to work on /home/airflow/.local/lib/python3.8/site-packages/airflow/example_dags/example_sla_dag.py
[2023-11-03T19:59:38.906+0000] {processor.py:829} INFO - Processing file /home/airflow/.local/lib/python3.8/site-packages/airflow/example_dags/example_sla_dag.py for tasks to queue
[2023-11-03T19:59:38.920+0000] {logging_mixin.py:151} INFO - [2023-11-03T19:59:38.918+0000] {dagbag.py:536} INFO - Filling up the DagBag from /home/airflow/.local/lib/python3.8/site-packages/airflow/example_dags/example_sla_dag.py
[2023-11-03T19:59:38.960+0000] {processor.py:839} INFO - DAG(s) dict_keys(['example_sla_dag']) retrieved from /home/airflow/.local/lib/python3.8/site-packages/airflow/example_dags/example_sla_dag.py
[2023-11-03T19:59:39.024+0000] {logging_mixin.py:151} INFO - [2023-11-03T19:59:39.023+0000] {dag.py:2941} INFO - Sync 1 DAGs
[2023-11-03T19:59:39.137+0000] {logging_mixin.py:151} INFO - [2023-11-03T19:59:39.136+0000] {dag.py:3722} INFO - Setting next_dagrun for example_sla_dag to 2023-11-03T19:56:00+00:00, run_after=2023-11-03T19:58:00+00:00
[2023-11-03T19:59:39.204+0000] {processor.py:179} INFO - Processing /home/airflow/.local/lib/python3.8/site-packages/airflow/example_dags/example_sla_dag.py took 0.317 seconds
[2023-11-03T20:00:09.611+0000] {processor.py:157} INFO - Started process (PID=35608) to work on /home/airflow/.local/lib/python3.8/site-packages/airflow/example_dags/example_sla_dag.py
[2023-11-03T20:00:09.613+0000] {processor.py:829} INFO - Processing file /home/airflow/.local/lib/python3.8/site-packages/airflow/example_dags/example_sla_dag.py for tasks to queue
[2023-11-03T20:00:09.622+0000] {logging_mixin.py:151} INFO - [2023-11-03T20:00:09.621+0000] {dagbag.py:536} INFO - Filling up the DagBag from /home/airflow/.local/lib/python3.8/site-packages/airflow/example_dags/example_sla_dag.py
[2023-11-03T20:00:09.653+0000] {processor.py:839} INFO - DAG(s) dict_keys(['example_sla_dag']) retrieved from /home/airflow/.local/lib/python3.8/site-packages/airflow/example_dags/example_sla_dag.py
[2023-11-03T20:00:09.731+0000] {logging_mixin.py:151} INFO - [2023-11-03T20:00:09.730+0000] {dag.py:2941} INFO - Sync 1 DAGs
[2023-11-03T20:00:09.853+0000] {logging_mixin.py:151} INFO - [2023-11-03T20:00:09.852+0000] {dag.py:3722} INFO - Setting next_dagrun for example_sla_dag to 2023-11-03T19:58:00+00:00, run_after=2023-11-03T20:00:00+00:00
[2023-11-03T20:00:09.977+0000] {processor.py:179} INFO - Processing /home/airflow/.local/lib/python3.8/site-packages/airflow/example_dags/example_sla_dag.py took 0.376 seconds
[2023-11-03T20:00:40.177+0000] {processor.py:157} INFO - Started process (PID=35670) to work on /home/airflow/.local/lib/python3.8/site-packages/airflow/example_dags/example_sla_dag.py
[2023-11-03T20:00:40.181+0000] {processor.py:829} INFO - Processing file /home/airflow/.local/lib/python3.8/site-packages/airflow/example_dags/example_sla_dag.py for tasks to queue
[2023-11-03T20:00:40.193+0000] {logging_mixin.py:151} INFO - [2023-11-03T20:00:40.191+0000] {dagbag.py:536} INFO - Filling up the DagBag from /home/airflow/.local/lib/python3.8/site-packages/airflow/example_dags/example_sla_dag.py
[2023-11-03T20:00:40.224+0000] {processor.py:839} INFO - DAG(s) dict_keys(['example_sla_dag']) retrieved from /home/airflow/.local/lib/python3.8/site-packages/airflow/example_dags/example_sla_dag.py
[2023-11-03T20:00:40.280+0000] {logging_mixin.py:151} INFO - [2023-11-03T20:00:40.280+0000] {dag.py:2941} INFO - Sync 1 DAGs
[2023-11-03T20:00:40.352+0000] {logging_mixin.py:151} INFO - [2023-11-03T20:00:40.351+0000] {dag.py:3722} INFO - Setting next_dagrun for example_sla_dag to 2023-11-03T19:58:00+00:00, run_after=2023-11-03T20:00:00+00:00
[2023-11-03T20:00:40.411+0000] {processor.py:179} INFO - Processing /home/airflow/.local/lib/python3.8/site-packages/airflow/example_dags/example_sla_dag.py took 0.245 seconds
[2023-11-03T20:01:11.192+0000] {processor.py:157} INFO - Started process (PID=35732) to work on /home/airflow/.local/lib/python3.8/site-packages/airflow/example_dags/example_sla_dag.py
[2023-11-03T20:01:11.197+0000] {processor.py:829} INFO - Processing file /home/airflow/.local/lib/python3.8/site-packages/airflow/example_dags/example_sla_dag.py for tasks to queue
[2023-11-03T20:01:11.208+0000] {logging_mixin.py:151} INFO - [2023-11-03T20:01:11.206+0000] {dagbag.py:536} INFO - Filling up the DagBag from /home/airflow/.local/lib/python3.8/site-packages/airflow/example_dags/example_sla_dag.py
[2023-11-03T20:01:11.248+0000] {processor.py:839} INFO - DAG(s) dict_keys(['example_sla_dag']) retrieved from /home/airflow/.local/lib/python3.8/site-packages/airflow/example_dags/example_sla_dag.py
[2023-11-03T20:01:11.301+0000] {logging_mixin.py:151} INFO - [2023-11-03T20:01:11.300+0000] {dag.py:2941} INFO - Sync 1 DAGs
[2023-11-03T20:01:11.379+0000] {logging_mixin.py:151} INFO - [2023-11-03T20:01:11.378+0000] {dag.py:3722} INFO - Setting next_dagrun for example_sla_dag to 2023-11-03T19:58:00+00:00, run_after=2023-11-03T20:00:00+00:00
[2023-11-03T20:01:11.435+0000] {processor.py:179} INFO - Processing /home/airflow/.local/lib/python3.8/site-packages/airflow/example_dags/example_sla_dag.py took 0.254 seconds
[2023-11-03T20:01:41.627+0000] {processor.py:157} INFO - Started process (PID=35794) to work on /home/airflow/.local/lib/python3.8/site-packages/airflow/example_dags/example_sla_dag.py
[2023-11-03T20:01:41.630+0000] {processor.py:829} INFO - Processing file /home/airflow/.local/lib/python3.8/site-packages/airflow/example_dags/example_sla_dag.py for tasks to queue
[2023-11-03T20:01:41.638+0000] {logging_mixin.py:151} INFO - [2023-11-03T20:01:41.637+0000] {dagbag.py:536} INFO - Filling up the DagBag from /home/airflow/.local/lib/python3.8/site-packages/airflow/example_dags/example_sla_dag.py
[2023-11-03T20:01:41.674+0000] {processor.py:839} INFO - DAG(s) dict_keys(['example_sla_dag']) retrieved from /home/airflow/.local/lib/python3.8/site-packages/airflow/example_dags/example_sla_dag.py
[2023-11-03T20:01:41.736+0000] {logging_mixin.py:151} INFO - [2023-11-03T20:01:41.736+0000] {dag.py:2941} INFO - Sync 1 DAGs
[2023-11-03T20:01:41.803+0000] {logging_mixin.py:151} INFO - [2023-11-03T20:01:41.802+0000] {dag.py:3722} INFO - Setting next_dagrun for example_sla_dag to 2023-11-03T19:58:00+00:00, run_after=2023-11-03T20:00:00+00:00
[2023-11-03T20:01:41.856+0000] {processor.py:179} INFO - Processing /home/airflow/.local/lib/python3.8/site-packages/airflow/example_dags/example_sla_dag.py took 0.238 seconds
[2023-11-03T20:02:12.361+0000] {processor.py:157} INFO - Started process (PID=35856) to work on /home/airflow/.local/lib/python3.8/site-packages/airflow/example_dags/example_sla_dag.py
[2023-11-03T20:02:12.363+0000] {processor.py:829} INFO - Processing file /home/airflow/.local/lib/python3.8/site-packages/airflow/example_dags/example_sla_dag.py for tasks to queue
[2023-11-03T20:02:12.372+0000] {logging_mixin.py:151} INFO - [2023-11-03T20:02:12.370+0000] {dagbag.py:536} INFO - Filling up the DagBag from /home/airflow/.local/lib/python3.8/site-packages/airflow/example_dags/example_sla_dag.py
[2023-11-03T20:02:12.406+0000] {processor.py:839} INFO - DAG(s) dict_keys(['example_sla_dag']) retrieved from /home/airflow/.local/lib/python3.8/site-packages/airflow/example_dags/example_sla_dag.py
[2023-11-03T20:02:12.469+0000] {logging_mixin.py:151} INFO - [2023-11-03T20:02:12.468+0000] {dag.py:2941} INFO - Sync 1 DAGs
[2023-11-03T20:02:12.547+0000] {logging_mixin.py:151} INFO - [2023-11-03T20:02:12.546+0000] {dag.py:3722} INFO - Setting next_dagrun for example_sla_dag to 2023-11-03T20:00:00+00:00, run_after=2023-11-03T20:02:00+00:00
[2023-11-03T20:02:12.634+0000] {processor.py:179} INFO - Processing /home/airflow/.local/lib/python3.8/site-packages/airflow/example_dags/example_sla_dag.py took 0.283 seconds
[2023-11-03T20:02:43.040+0000] {processor.py:157} INFO - Started process (PID=35918) to work on /home/airflow/.local/lib/python3.8/site-packages/airflow/example_dags/example_sla_dag.py
[2023-11-03T20:02:43.043+0000] {processor.py:829} INFO - Processing file /home/airflow/.local/lib/python3.8/site-packages/airflow/example_dags/example_sla_dag.py for tasks to queue
[2023-11-03T20:02:43.050+0000] {logging_mixin.py:151} INFO - [2023-11-03T20:02:43.049+0000] {dagbag.py:536} INFO - Filling up the DagBag from /home/airflow/.local/lib/python3.8/site-packages/airflow/example_dags/example_sla_dag.py
[2023-11-03T20:02:43.071+0000] {processor.py:839} INFO - DAG(s) dict_keys(['example_sla_dag']) retrieved from /home/airflow/.local/lib/python3.8/site-packages/airflow/example_dags/example_sla_dag.py
[2023-11-03T20:02:43.154+0000] {logging_mixin.py:151} INFO - [2023-11-03T20:02:43.151+0000] {dag.py:2941} INFO - Sync 1 DAGs
[2023-11-03T20:02:43.251+0000] {logging_mixin.py:151} INFO - [2023-11-03T20:02:43.250+0000] {dag.py:3722} INFO - Setting next_dagrun for example_sla_dag to 2023-11-03T20:00:00+00:00, run_after=2023-11-03T20:02:00+00:00
[2023-11-03T20:02:43.317+0000] {processor.py:179} INFO - Processing /home/airflow/.local/lib/python3.8/site-packages/airflow/example_dags/example_sla_dag.py took 0.286 seconds
[2023-11-03T20:03:13.927+0000] {processor.py:157} INFO - Started process (PID=35981) to work on /home/airflow/.local/lib/python3.8/site-packages/airflow/example_dags/example_sla_dag.py
[2023-11-03T20:03:13.930+0000] {processor.py:829} INFO - Processing file /home/airflow/.local/lib/python3.8/site-packages/airflow/example_dags/example_sla_dag.py for tasks to queue
[2023-11-03T20:03:13.938+0000] {logging_mixin.py:151} INFO - [2023-11-03T20:03:13.937+0000] {dagbag.py:536} INFO - Filling up the DagBag from /home/airflow/.local/lib/python3.8/site-packages/airflow/example_dags/example_sla_dag.py
[2023-11-03T20:03:13.974+0000] {processor.py:839} INFO - DAG(s) dict_keys(['example_sla_dag']) retrieved from /home/airflow/.local/lib/python3.8/site-packages/airflow/example_dags/example_sla_dag.py
[2023-11-03T20:03:14.027+0000] {logging_mixin.py:151} INFO - [2023-11-03T20:03:14.027+0000] {dag.py:2941} INFO - Sync 1 DAGs
[2023-11-03T20:03:14.100+0000] {logging_mixin.py:151} INFO - [2023-11-03T20:03:14.100+0000] {dag.py:3722} INFO - Setting next_dagrun for example_sla_dag to 2023-11-03T20:00:00+00:00, run_after=2023-11-03T20:02:00+00:00
[2023-11-03T20:03:14.161+0000] {processor.py:179} INFO - Processing /home/airflow/.local/lib/python3.8/site-packages/airflow/example_dags/example_sla_dag.py took 0.244 seconds
[2023-11-03T20:03:44.419+0000] {processor.py:157} INFO - Started process (PID=36044) to work on /home/airflow/.local/lib/python3.8/site-packages/airflow/example_dags/example_sla_dag.py
[2023-11-03T20:03:44.423+0000] {processor.py:829} INFO - Processing file /home/airflow/.local/lib/python3.8/site-packages/airflow/example_dags/example_sla_dag.py for tasks to queue
[2023-11-03T20:03:44.431+0000] {logging_mixin.py:151} INFO - [2023-11-03T20:03:44.430+0000] {dagbag.py:536} INFO - Filling up the DagBag from /home/airflow/.local/lib/python3.8/site-packages/airflow/example_dags/example_sla_dag.py
[2023-11-03T20:03:44.460+0000] {processor.py:839} INFO - DAG(s) dict_keys(['example_sla_dag']) retrieved from /home/airflow/.local/lib/python3.8/site-packages/airflow/example_dags/example_sla_dag.py
[2023-11-03T20:03:44.543+0000] {logging_mixin.py:151} INFO - [2023-11-03T20:03:44.542+0000] {dag.py:2941} INFO - Sync 1 DAGs
[2023-11-03T20:03:44.669+0000] {logging_mixin.py:151} INFO - [2023-11-03T20:03:44.668+0000] {dag.py:3722} INFO - Setting next_dagrun for example_sla_dag to 2023-11-03T20:00:00+00:00, run_after=2023-11-03T20:02:00+00:00
[2023-11-03T20:03:44.763+0000] {processor.py:179} INFO - Processing /home/airflow/.local/lib/python3.8/site-packages/airflow/example_dags/example_sla_dag.py took 0.353 seconds
[2023-11-03T20:04:15.547+0000] {processor.py:157} INFO - Started process (PID=36105) to work on /home/airflow/.local/lib/python3.8/site-packages/airflow/example_dags/example_sla_dag.py
[2023-11-03T20:04:15.551+0000] {processor.py:829} INFO - Processing file /home/airflow/.local/lib/python3.8/site-packages/airflow/example_dags/example_sla_dag.py for tasks to queue
[2023-11-03T20:04:15.574+0000] {logging_mixin.py:151} INFO - [2023-11-03T20:04:15.573+0000] {dagbag.py:536} INFO - Filling up the DagBag from /home/airflow/.local/lib/python3.8/site-packages/airflow/example_dags/example_sla_dag.py
[2023-11-03T20:04:15.611+0000] {processor.py:839} INFO - DAG(s) dict_keys(['example_sla_dag']) retrieved from /home/airflow/.local/lib/python3.8/site-packages/airflow/example_dags/example_sla_dag.py
[2023-11-03T20:04:15.712+0000] {logging_mixin.py:151} INFO - [2023-11-03T20:04:15.711+0000] {dag.py:2941} INFO - Sync 1 DAGs
[2023-11-03T20:04:15.916+0000] {logging_mixin.py:151} INFO - [2023-11-03T20:04:15.915+0000] {dag.py:3722} INFO - Setting next_dagrun for example_sla_dag to 2023-11-03T20:02:00+00:00, run_after=2023-11-03T20:04:00+00:00
[2023-11-03T20:04:16.062+0000] {processor.py:179} INFO - Processing /home/airflow/.local/lib/python3.8/site-packages/airflow/example_dags/example_sla_dag.py took 0.526 seconds
[2023-11-03T20:04:47.041+0000] {processor.py:157} INFO - Started process (PID=36167) to work on /home/airflow/.local/lib/python3.8/site-packages/airflow/example_dags/example_sla_dag.py
[2023-11-03T20:04:47.044+0000] {processor.py:829} INFO - Processing file /home/airflow/.local/lib/python3.8/site-packages/airflow/example_dags/example_sla_dag.py for tasks to queue
[2023-11-03T20:04:47.053+0000] {logging_mixin.py:151} INFO - [2023-11-03T20:04:47.051+0000] {dagbag.py:536} INFO - Filling up the DagBag from /home/airflow/.local/lib/python3.8/site-packages/airflow/example_dags/example_sla_dag.py
[2023-11-03T20:04:47.097+0000] {processor.py:839} INFO - DAG(s) dict_keys(['example_sla_dag']) retrieved from /home/airflow/.local/lib/python3.8/site-packages/airflow/example_dags/example_sla_dag.py
[2023-11-03T20:04:47.149+0000] {logging_mixin.py:151} INFO - [2023-11-03T20:04:47.149+0000] {dag.py:2941} INFO - Sync 1 DAGs
[2023-11-03T20:04:47.233+0000] {logging_mixin.py:151} INFO - [2023-11-03T20:04:47.233+0000] {dag.py:3722} INFO - Setting next_dagrun for example_sla_dag to 2023-11-03T20:02:00+00:00, run_after=2023-11-03T20:04:00+00:00
[2023-11-03T20:04:47.299+0000] {processor.py:179} INFO - Processing /home/airflow/.local/lib/python3.8/site-packages/airflow/example_dags/example_sla_dag.py took 0.267 seconds
[2023-11-03T20:05:17.561+0000] {processor.py:157} INFO - Started process (PID=36229) to work on /home/airflow/.local/lib/python3.8/site-packages/airflow/example_dags/example_sla_dag.py
[2023-11-03T20:05:17.564+0000] {processor.py:829} INFO - Processing file /home/airflow/.local/lib/python3.8/site-packages/airflow/example_dags/example_sla_dag.py for tasks to queue
[2023-11-03T20:05:17.573+0000] {logging_mixin.py:151} INFO - [2023-11-03T20:05:17.572+0000] {dagbag.py:536} INFO - Filling up the DagBag from /home/airflow/.local/lib/python3.8/site-packages/airflow/example_dags/example_sla_dag.py
[2023-11-03T20:05:17.600+0000] {processor.py:839} INFO - DAG(s) dict_keys(['example_sla_dag']) retrieved from /home/airflow/.local/lib/python3.8/site-packages/airflow/example_dags/example_sla_dag.py
[2023-11-03T20:05:17.654+0000] {logging_mixin.py:151} INFO - [2023-11-03T20:05:17.654+0000] {dag.py:2941} INFO - Sync 1 DAGs
[2023-11-03T20:05:17.723+0000] {logging_mixin.py:151} INFO - [2023-11-03T20:05:17.722+0000] {dag.py:3722} INFO - Setting next_dagrun for example_sla_dag to 2023-11-03T20:02:00+00:00, run_after=2023-11-03T20:04:00+00:00
[2023-11-03T20:05:17.780+0000] {processor.py:179} INFO - Processing /home/airflow/.local/lib/python3.8/site-packages/airflow/example_dags/example_sla_dag.py took 0.231 seconds
[2023-11-03T20:05:48.105+0000] {processor.py:157} INFO - Started process (PID=36291) to work on /home/airflow/.local/lib/python3.8/site-packages/airflow/example_dags/example_sla_dag.py
[2023-11-03T20:05:48.108+0000] {processor.py:829} INFO - Processing file /home/airflow/.local/lib/python3.8/site-packages/airflow/example_dags/example_sla_dag.py for tasks to queue
[2023-11-03T20:05:48.115+0000] {logging_mixin.py:151} INFO - [2023-11-03T20:05:48.114+0000] {dagbag.py:536} INFO - Filling up the DagBag from /home/airflow/.local/lib/python3.8/site-packages/airflow/example_dags/example_sla_dag.py
[2023-11-03T20:05:48.148+0000] {processor.py:839} INFO - DAG(s) dict_keys(['example_sla_dag']) retrieved from /home/airflow/.local/lib/python3.8/site-packages/airflow/example_dags/example_sla_dag.py
[2023-11-03T20:05:48.220+0000] {logging_mixin.py:151} INFO - [2023-11-03T20:05:48.219+0000] {dag.py:2941} INFO - Sync 1 DAGs
[2023-11-03T20:05:48.284+0000] {logging_mixin.py:151} INFO - [2023-11-03T20:05:48.284+0000] {dag.py:3722} INFO - Setting next_dagrun for example_sla_dag to 2023-11-03T20:02:00+00:00, run_after=2023-11-03T20:04:00+00:00
[2023-11-03T20:05:48.348+0000] {processor.py:179} INFO - Processing /home/airflow/.local/lib/python3.8/site-packages/airflow/example_dags/example_sla_dag.py took 0.252 seconds
