[2023-11-03T19:42:49.891+0000] {processor.py:157} INFO - Started process (PID=33508) to work on /home/airflow/.local/lib/python3.8/site-packages/airflow/example_dags/example_branch_day_of_week_operator.py
[2023-11-03T19:42:49.894+0000] {processor.py:829} INFO - Processing file /home/airflow/.local/lib/python3.8/site-packages/airflow/example_dags/example_branch_day_of_week_operator.py for tasks to queue
[2023-11-03T19:42:49.901+0000] {logging_mixin.py:151} INFO - [2023-11-03T19:42:49.900+0000] {dagbag.py:536} INFO - Filling up the DagBag from /home/airflow/.local/lib/python3.8/site-packages/airflow/example_dags/example_branch_day_of_week_operator.py
[2023-11-03T19:42:49.932+0000] {processor.py:839} INFO - DAG(s) dict_keys(['example_weekday_branch_operator']) retrieved from /home/airflow/.local/lib/python3.8/site-packages/airflow/example_dags/example_branch_day_of_week_operator.py
[2023-11-03T19:42:49.998+0000] {logging_mixin.py:151} INFO - [2023-11-03T19:42:49.997+0000] {dag.py:2941} INFO - Sync 1 DAGs
[2023-11-03T19:42:50.113+0000] {logging_mixin.py:151} INFO - [2023-11-03T19:42:50.112+0000] {dag.py:3722} INFO - Setting next_dagrun for example_weekday_branch_operator to 2023-11-02T00:00:00+00:00, run_after=2023-11-03T00:00:00+00:00
[2023-11-03T19:42:50.577+0000] {processor.py:179} INFO - Processing /home/airflow/.local/lib/python3.8/site-packages/airflow/example_dags/example_branch_day_of_week_operator.py took 0.697 seconds
[2023-11-03T19:43:20.767+0000] {processor.py:157} INFO - Started process (PID=33570) to work on /home/airflow/.local/lib/python3.8/site-packages/airflow/example_dags/example_branch_day_of_week_operator.py
[2023-11-03T19:43:20.770+0000] {processor.py:829} INFO - Processing file /home/airflow/.local/lib/python3.8/site-packages/airflow/example_dags/example_branch_day_of_week_operator.py for tasks to queue
[2023-11-03T19:43:20.779+0000] {logging_mixin.py:151} INFO - [2023-11-03T19:43:20.777+0000] {dagbag.py:536} INFO - Filling up the DagBag from /home/airflow/.local/lib/python3.8/site-packages/airflow/example_dags/example_branch_day_of_week_operator.py
[2023-11-03T19:43:20.810+0000] {processor.py:839} INFO - DAG(s) dict_keys(['example_weekday_branch_operator']) retrieved from /home/airflow/.local/lib/python3.8/site-packages/airflow/example_dags/example_branch_day_of_week_operator.py
[2023-11-03T19:43:20.880+0000] {logging_mixin.py:151} INFO - [2023-11-03T19:43:20.879+0000] {dag.py:2941} INFO - Sync 1 DAGs
[2023-11-03T19:43:20.952+0000] {logging_mixin.py:151} INFO - [2023-11-03T19:43:20.952+0000] {dag.py:3722} INFO - Setting next_dagrun for example_weekday_branch_operator to 2023-11-02T00:00:00+00:00, run_after=2023-11-03T00:00:00+00:00
[2023-11-03T19:43:21.016+0000] {processor.py:179} INFO - Processing /home/airflow/.local/lib/python3.8/site-packages/airflow/example_dags/example_branch_day_of_week_operator.py took 0.262 seconds
[2023-11-03T19:43:51.270+0000] {processor.py:157} INFO - Started process (PID=33632) to work on /home/airflow/.local/lib/python3.8/site-packages/airflow/example_dags/example_branch_day_of_week_operator.py
[2023-11-03T19:43:51.273+0000] {processor.py:829} INFO - Processing file /home/airflow/.local/lib/python3.8/site-packages/airflow/example_dags/example_branch_day_of_week_operator.py for tasks to queue
[2023-11-03T19:43:51.281+0000] {logging_mixin.py:151} INFO - [2023-11-03T19:43:51.280+0000] {dagbag.py:536} INFO - Filling up the DagBag from /home/airflow/.local/lib/python3.8/site-packages/airflow/example_dags/example_branch_day_of_week_operator.py
[2023-11-03T19:43:51.310+0000] {processor.py:839} INFO - DAG(s) dict_keys(['example_weekday_branch_operator']) retrieved from /home/airflow/.local/lib/python3.8/site-packages/airflow/example_dags/example_branch_day_of_week_operator.py
[2023-11-03T19:43:51.392+0000] {logging_mixin.py:151} INFO - [2023-11-03T19:43:51.391+0000] {dag.py:2941} INFO - Sync 1 DAGs
[2023-11-03T19:43:51.460+0000] {logging_mixin.py:151} INFO - [2023-11-03T19:43:51.459+0000] {dag.py:3722} INFO - Setting next_dagrun for example_weekday_branch_operator to 2023-11-02T00:00:00+00:00, run_after=2023-11-03T00:00:00+00:00
[2023-11-03T19:43:51.521+0000] {processor.py:179} INFO - Processing /home/airflow/.local/lib/python3.8/site-packages/airflow/example_dags/example_branch_day_of_week_operator.py took 0.263 seconds
[2023-11-03T19:44:21.911+0000] {processor.py:157} INFO - Started process (PID=33694) to work on /home/airflow/.local/lib/python3.8/site-packages/airflow/example_dags/example_branch_day_of_week_operator.py
[2023-11-03T19:44:21.914+0000] {processor.py:829} INFO - Processing file /home/airflow/.local/lib/python3.8/site-packages/airflow/example_dags/example_branch_day_of_week_operator.py for tasks to queue
[2023-11-03T19:44:21.921+0000] {logging_mixin.py:151} INFO - [2023-11-03T19:44:21.919+0000] {dagbag.py:536} INFO - Filling up the DagBag from /home/airflow/.local/lib/python3.8/site-packages/airflow/example_dags/example_branch_day_of_week_operator.py
[2023-11-03T19:44:21.943+0000] {processor.py:839} INFO - DAG(s) dict_keys(['example_weekday_branch_operator']) retrieved from /home/airflow/.local/lib/python3.8/site-packages/airflow/example_dags/example_branch_day_of_week_operator.py
[2023-11-03T19:44:22.000+0000] {logging_mixin.py:151} INFO - [2023-11-03T19:44:21.999+0000] {dag.py:2941} INFO - Sync 1 DAGs
[2023-11-03T19:44:22.060+0000] {logging_mixin.py:151} INFO - [2023-11-03T19:44:22.060+0000] {dag.py:3722} INFO - Setting next_dagrun for example_weekday_branch_operator to 2023-11-02T00:00:00+00:00, run_after=2023-11-03T00:00:00+00:00
[2023-11-03T19:44:22.127+0000] {processor.py:179} INFO - Processing /home/airflow/.local/lib/python3.8/site-packages/airflow/example_dags/example_branch_day_of_week_operator.py took 0.227 seconds
[2023-11-03T19:44:53.168+0000] {processor.py:157} INFO - Started process (PID=33756) to work on /home/airflow/.local/lib/python3.8/site-packages/airflow/example_dags/example_branch_day_of_week_operator.py
[2023-11-03T19:44:53.171+0000] {processor.py:829} INFO - Processing file /home/airflow/.local/lib/python3.8/site-packages/airflow/example_dags/example_branch_day_of_week_operator.py for tasks to queue
[2023-11-03T19:44:53.183+0000] {logging_mixin.py:151} INFO - [2023-11-03T19:44:53.180+0000] {dagbag.py:536} INFO - Filling up the DagBag from /home/airflow/.local/lib/python3.8/site-packages/airflow/example_dags/example_branch_day_of_week_operator.py
[2023-11-03T19:44:53.216+0000] {processor.py:839} INFO - DAG(s) dict_keys(['example_weekday_branch_operator']) retrieved from /home/airflow/.local/lib/python3.8/site-packages/airflow/example_dags/example_branch_day_of_week_operator.py
[2023-11-03T19:44:53.273+0000] {logging_mixin.py:151} INFO - [2023-11-03T19:44:53.272+0000] {dag.py:2941} INFO - Sync 1 DAGs
[2023-11-03T19:44:53.335+0000] {logging_mixin.py:151} INFO - [2023-11-03T19:44:53.334+0000] {dag.py:3722} INFO - Setting next_dagrun for example_weekday_branch_operator to 2023-11-02T00:00:00+00:00, run_after=2023-11-03T00:00:00+00:00
[2023-11-03T19:44:53.390+0000] {processor.py:179} INFO - Processing /home/airflow/.local/lib/python3.8/site-packages/airflow/example_dags/example_branch_day_of_week_operator.py took 0.235 seconds
[2023-11-03T19:45:23.548+0000] {processor.py:157} INFO - Started process (PID=33819) to work on /home/airflow/.local/lib/python3.8/site-packages/airflow/example_dags/example_branch_day_of_week_operator.py
[2023-11-03T19:45:23.551+0000] {processor.py:829} INFO - Processing file /home/airflow/.local/lib/python3.8/site-packages/airflow/example_dags/example_branch_day_of_week_operator.py for tasks to queue
[2023-11-03T19:45:23.560+0000] {logging_mixin.py:151} INFO - [2023-11-03T19:45:23.559+0000] {dagbag.py:536} INFO - Filling up the DagBag from /home/airflow/.local/lib/python3.8/site-packages/airflow/example_dags/example_branch_day_of_week_operator.py
[2023-11-03T19:45:23.582+0000] {processor.py:839} INFO - DAG(s) dict_keys(['example_weekday_branch_operator']) retrieved from /home/airflow/.local/lib/python3.8/site-packages/airflow/example_dags/example_branch_day_of_week_operator.py
[2023-11-03T19:45:23.654+0000] {logging_mixin.py:151} INFO - [2023-11-03T19:45:23.653+0000] {dag.py:2941} INFO - Sync 1 DAGs
[2023-11-03T19:45:23.800+0000] {logging_mixin.py:151} INFO - [2023-11-03T19:45:23.799+0000] {dag.py:3722} INFO - Setting next_dagrun for example_weekday_branch_operator to 2023-11-02T00:00:00+00:00, run_after=2023-11-03T00:00:00+00:00
[2023-11-03T19:45:23.969+0000] {processor.py:179} INFO - Processing /home/airflow/.local/lib/python3.8/site-packages/airflow/example_dags/example_branch_day_of_week_operator.py took 0.432 seconds
[2023-11-03T19:45:54.341+0000] {processor.py:157} INFO - Started process (PID=33881) to work on /home/airflow/.local/lib/python3.8/site-packages/airflow/example_dags/example_branch_day_of_week_operator.py
[2023-11-03T19:45:54.344+0000] {processor.py:829} INFO - Processing file /home/airflow/.local/lib/python3.8/site-packages/airflow/example_dags/example_branch_day_of_week_operator.py for tasks to queue
[2023-11-03T19:45:54.351+0000] {logging_mixin.py:151} INFO - [2023-11-03T19:45:54.350+0000] {dagbag.py:536} INFO - Filling up the DagBag from /home/airflow/.local/lib/python3.8/site-packages/airflow/example_dags/example_branch_day_of_week_operator.py
[2023-11-03T19:45:54.376+0000] {processor.py:839} INFO - DAG(s) dict_keys(['example_weekday_branch_operator']) retrieved from /home/airflow/.local/lib/python3.8/site-packages/airflow/example_dags/example_branch_day_of_week_operator.py
[2023-11-03T19:45:54.450+0000] {logging_mixin.py:151} INFO - [2023-11-03T19:45:54.449+0000] {dag.py:2941} INFO - Sync 1 DAGs
[2023-11-03T19:45:54.526+0000] {logging_mixin.py:151} INFO - [2023-11-03T19:45:54.526+0000] {dag.py:3722} INFO - Setting next_dagrun for example_weekday_branch_operator to 2023-11-02T00:00:00+00:00, run_after=2023-11-03T00:00:00+00:00
[2023-11-03T19:45:54.585+0000] {processor.py:179} INFO - Processing /home/airflow/.local/lib/python3.8/site-packages/airflow/example_dags/example_branch_day_of_week_operator.py took 0.254 seconds
[2023-11-03T19:46:25.343+0000] {processor.py:157} INFO - Started process (PID=33943) to work on /home/airflow/.local/lib/python3.8/site-packages/airflow/example_dags/example_branch_day_of_week_operator.py
[2023-11-03T19:46:25.346+0000] {processor.py:829} INFO - Processing file /home/airflow/.local/lib/python3.8/site-packages/airflow/example_dags/example_branch_day_of_week_operator.py for tasks to queue
[2023-11-03T19:46:25.356+0000] {logging_mixin.py:151} INFO - [2023-11-03T19:46:25.354+0000] {dagbag.py:536} INFO - Filling up the DagBag from /home/airflow/.local/lib/python3.8/site-packages/airflow/example_dags/example_branch_day_of_week_operator.py
[2023-11-03T19:46:25.378+0000] {processor.py:839} INFO - DAG(s) dict_keys(['example_weekday_branch_operator']) retrieved from /home/airflow/.local/lib/python3.8/site-packages/airflow/example_dags/example_branch_day_of_week_operator.py
[2023-11-03T19:46:25.429+0000] {logging_mixin.py:151} INFO - [2023-11-03T19:46:25.428+0000] {dag.py:2941} INFO - Sync 1 DAGs
[2023-11-03T19:46:25.516+0000] {logging_mixin.py:151} INFO - [2023-11-03T19:46:25.515+0000] {dag.py:3722} INFO - Setting next_dagrun for example_weekday_branch_operator to 2023-11-02T00:00:00+00:00, run_after=2023-11-03T00:00:00+00:00
[2023-11-03T19:46:25.590+0000] {processor.py:179} INFO - Processing /home/airflow/.local/lib/python3.8/site-packages/airflow/example_dags/example_branch_day_of_week_operator.py took 0.257 seconds
[2023-11-03T19:46:56.187+0000] {processor.py:157} INFO - Started process (PID=34005) to work on /home/airflow/.local/lib/python3.8/site-packages/airflow/example_dags/example_branch_day_of_week_operator.py
[2023-11-03T19:46:56.190+0000] {processor.py:829} INFO - Processing file /home/airflow/.local/lib/python3.8/site-packages/airflow/example_dags/example_branch_day_of_week_operator.py for tasks to queue
[2023-11-03T19:46:56.199+0000] {logging_mixin.py:151} INFO - [2023-11-03T19:46:56.197+0000] {dagbag.py:536} INFO - Filling up the DagBag from /home/airflow/.local/lib/python3.8/site-packages/airflow/example_dags/example_branch_day_of_week_operator.py
[2023-11-03T19:46:56.222+0000] {processor.py:839} INFO - DAG(s) dict_keys(['example_weekday_branch_operator']) retrieved from /home/airflow/.local/lib/python3.8/site-packages/airflow/example_dags/example_branch_day_of_week_operator.py
[2023-11-03T19:46:56.286+0000] {logging_mixin.py:151} INFO - [2023-11-03T19:46:56.285+0000] {dag.py:2941} INFO - Sync 1 DAGs
[2023-11-03T19:46:56.382+0000] {logging_mixin.py:151} INFO - [2023-11-03T19:46:56.381+0000] {dag.py:3722} INFO - Setting next_dagrun for example_weekday_branch_operator to 2023-11-02T00:00:00+00:00, run_after=2023-11-03T00:00:00+00:00
[2023-11-03T19:46:56.444+0000] {processor.py:179} INFO - Processing /home/airflow/.local/lib/python3.8/site-packages/airflow/example_dags/example_branch_day_of_week_operator.py took 0.270 seconds
[2023-11-03T19:47:26.755+0000] {processor.py:157} INFO - Started process (PID=34067) to work on /home/airflow/.local/lib/python3.8/site-packages/airflow/example_dags/example_branch_day_of_week_operator.py
[2023-11-03T19:47:26.758+0000] {processor.py:829} INFO - Processing file /home/airflow/.local/lib/python3.8/site-packages/airflow/example_dags/example_branch_day_of_week_operator.py for tasks to queue
[2023-11-03T19:47:26.769+0000] {logging_mixin.py:151} INFO - [2023-11-03T19:47:26.768+0000] {dagbag.py:536} INFO - Filling up the DagBag from /home/airflow/.local/lib/python3.8/site-packages/airflow/example_dags/example_branch_day_of_week_operator.py
[2023-11-03T19:47:26.799+0000] {processor.py:839} INFO - DAG(s) dict_keys(['example_weekday_branch_operator']) retrieved from /home/airflow/.local/lib/python3.8/site-packages/airflow/example_dags/example_branch_day_of_week_operator.py
[2023-11-03T19:47:26.859+0000] {logging_mixin.py:151} INFO - [2023-11-03T19:47:26.859+0000] {dag.py:2941} INFO - Sync 1 DAGs
[2023-11-03T19:47:26.922+0000] {logging_mixin.py:151} INFO - [2023-11-03T19:47:26.921+0000] {dag.py:3722} INFO - Setting next_dagrun for example_weekday_branch_operator to 2023-11-02T00:00:00+00:00, run_after=2023-11-03T00:00:00+00:00
[2023-11-03T19:47:26.981+0000] {processor.py:179} INFO - Processing /home/airflow/.local/lib/python3.8/site-packages/airflow/example_dags/example_branch_day_of_week_operator.py took 0.239 seconds
[2023-11-03T19:47:57.510+0000] {processor.py:157} INFO - Started process (PID=34129) to work on /home/airflow/.local/lib/python3.8/site-packages/airflow/example_dags/example_branch_day_of_week_operator.py
[2023-11-03T19:47:57.514+0000] {processor.py:829} INFO - Processing file /home/airflow/.local/lib/python3.8/site-packages/airflow/example_dags/example_branch_day_of_week_operator.py for tasks to queue
[2023-11-03T19:47:57.525+0000] {logging_mixin.py:151} INFO - [2023-11-03T19:47:57.523+0000] {dagbag.py:536} INFO - Filling up the DagBag from /home/airflow/.local/lib/python3.8/site-packages/airflow/example_dags/example_branch_day_of_week_operator.py
[2023-11-03T19:47:57.563+0000] {processor.py:839} INFO - DAG(s) dict_keys(['example_weekday_branch_operator']) retrieved from /home/airflow/.local/lib/python3.8/site-packages/airflow/example_dags/example_branch_day_of_week_operator.py
[2023-11-03T19:47:57.631+0000] {logging_mixin.py:151} INFO - [2023-11-03T19:47:57.630+0000] {dag.py:2941} INFO - Sync 1 DAGs
[2023-11-03T19:47:57.703+0000] {logging_mixin.py:151} INFO - [2023-11-03T19:47:57.702+0000] {dag.py:3722} INFO - Setting next_dagrun for example_weekday_branch_operator to 2023-11-02T00:00:00+00:00, run_after=2023-11-03T00:00:00+00:00
[2023-11-03T19:47:57.761+0000] {processor.py:179} INFO - Processing /home/airflow/.local/lib/python3.8/site-packages/airflow/example_dags/example_branch_day_of_week_operator.py took 0.269 seconds
[2023-11-03T19:48:28.080+0000] {processor.py:157} INFO - Started process (PID=34191) to work on /home/airflow/.local/lib/python3.8/site-packages/airflow/example_dags/example_branch_day_of_week_operator.py
[2023-11-03T19:48:28.083+0000] {processor.py:829} INFO - Processing file /home/airflow/.local/lib/python3.8/site-packages/airflow/example_dags/example_branch_day_of_week_operator.py for tasks to queue
[2023-11-03T19:48:28.090+0000] {logging_mixin.py:151} INFO - [2023-11-03T19:48:28.088+0000] {dagbag.py:536} INFO - Filling up the DagBag from /home/airflow/.local/lib/python3.8/site-packages/airflow/example_dags/example_branch_day_of_week_operator.py
[2023-11-03T19:48:28.115+0000] {processor.py:839} INFO - DAG(s) dict_keys(['example_weekday_branch_operator']) retrieved from /home/airflow/.local/lib/python3.8/site-packages/airflow/example_dags/example_branch_day_of_week_operator.py
[2023-11-03T19:48:28.171+0000] {logging_mixin.py:151} INFO - [2023-11-03T19:48:28.170+0000] {dag.py:2941} INFO - Sync 1 DAGs
[2023-11-03T19:48:28.239+0000] {logging_mixin.py:151} INFO - [2023-11-03T19:48:28.238+0000] {dag.py:3722} INFO - Setting next_dagrun for example_weekday_branch_operator to 2023-11-02T00:00:00+00:00, run_after=2023-11-03T00:00:00+00:00
[2023-11-03T19:48:28.292+0000] {processor.py:179} INFO - Processing /home/airflow/.local/lib/python3.8/site-packages/airflow/example_dags/example_branch_day_of_week_operator.py took 0.222 seconds
[2023-11-03T19:48:58.550+0000] {processor.py:157} INFO - Started process (PID=34253) to work on /home/airflow/.local/lib/python3.8/site-packages/airflow/example_dags/example_branch_day_of_week_operator.py
[2023-11-03T19:48:58.553+0000] {processor.py:829} INFO - Processing file /home/airflow/.local/lib/python3.8/site-packages/airflow/example_dags/example_branch_day_of_week_operator.py for tasks to queue
[2023-11-03T19:48:58.560+0000] {logging_mixin.py:151} INFO - [2023-11-03T19:48:58.559+0000] {dagbag.py:536} INFO - Filling up the DagBag from /home/airflow/.local/lib/python3.8/site-packages/airflow/example_dags/example_branch_day_of_week_operator.py
[2023-11-03T19:48:58.592+0000] {processor.py:839} INFO - DAG(s) dict_keys(['example_weekday_branch_operator']) retrieved from /home/airflow/.local/lib/python3.8/site-packages/airflow/example_dags/example_branch_day_of_week_operator.py
[2023-11-03T19:48:58.659+0000] {logging_mixin.py:151} INFO - [2023-11-03T19:48:58.658+0000] {dag.py:2941} INFO - Sync 1 DAGs
[2023-11-03T19:48:58.720+0000] {logging_mixin.py:151} INFO - [2023-11-03T19:48:58.720+0000] {dag.py:3722} INFO - Setting next_dagrun for example_weekday_branch_operator to 2023-11-02T00:00:00+00:00, run_after=2023-11-03T00:00:00+00:00
[2023-11-03T19:48:58.784+0000] {processor.py:179} INFO - Processing /home/airflow/.local/lib/python3.8/site-packages/airflow/example_dags/example_branch_day_of_week_operator.py took 0.244 seconds
[2023-11-03T19:49:29.468+0000] {processor.py:157} INFO - Started process (PID=34315) to work on /home/airflow/.local/lib/python3.8/site-packages/airflow/example_dags/example_branch_day_of_week_operator.py
[2023-11-03T19:49:29.470+0000] {processor.py:829} INFO - Processing file /home/airflow/.local/lib/python3.8/site-packages/airflow/example_dags/example_branch_day_of_week_operator.py for tasks to queue
[2023-11-03T19:49:29.477+0000] {logging_mixin.py:151} INFO - [2023-11-03T19:49:29.475+0000] {dagbag.py:536} INFO - Filling up the DagBag from /home/airflow/.local/lib/python3.8/site-packages/airflow/example_dags/example_branch_day_of_week_operator.py
[2023-11-03T19:49:29.505+0000] {processor.py:839} INFO - DAG(s) dict_keys(['example_weekday_branch_operator']) retrieved from /home/airflow/.local/lib/python3.8/site-packages/airflow/example_dags/example_branch_day_of_week_operator.py
[2023-11-03T19:49:29.565+0000] {logging_mixin.py:151} INFO - [2023-11-03T19:49:29.565+0000] {dag.py:2941} INFO - Sync 1 DAGs
[2023-11-03T19:49:29.628+0000] {logging_mixin.py:151} INFO - [2023-11-03T19:49:29.627+0000] {dag.py:3722} INFO - Setting next_dagrun for example_weekday_branch_operator to 2023-11-02T00:00:00+00:00, run_after=2023-11-03T00:00:00+00:00
[2023-11-03T19:49:29.688+0000] {processor.py:179} INFO - Processing /home/airflow/.local/lib/python3.8/site-packages/airflow/example_dags/example_branch_day_of_week_operator.py took 0.230 seconds
[2023-11-03T19:50:00.162+0000] {processor.py:157} INFO - Started process (PID=34377) to work on /home/airflow/.local/lib/python3.8/site-packages/airflow/example_dags/example_branch_day_of_week_operator.py
[2023-11-03T19:50:00.165+0000] {processor.py:829} INFO - Processing file /home/airflow/.local/lib/python3.8/site-packages/airflow/example_dags/example_branch_day_of_week_operator.py for tasks to queue
[2023-11-03T19:50:00.173+0000] {logging_mixin.py:151} INFO - [2023-11-03T19:50:00.172+0000] {dagbag.py:536} INFO - Filling up the DagBag from /home/airflow/.local/lib/python3.8/site-packages/airflow/example_dags/example_branch_day_of_week_operator.py
[2023-11-03T19:50:00.207+0000] {processor.py:839} INFO - DAG(s) dict_keys(['example_weekday_branch_operator']) retrieved from /home/airflow/.local/lib/python3.8/site-packages/airflow/example_dags/example_branch_day_of_week_operator.py
[2023-11-03T19:50:00.269+0000] {logging_mixin.py:151} INFO - [2023-11-03T19:50:00.268+0000] {dag.py:2941} INFO - Sync 1 DAGs
[2023-11-03T19:50:00.333+0000] {logging_mixin.py:151} INFO - [2023-11-03T19:50:00.333+0000] {dag.py:3722} INFO - Setting next_dagrun for example_weekday_branch_operator to 2023-11-02T00:00:00+00:00, run_after=2023-11-03T00:00:00+00:00
[2023-11-03T19:50:00.403+0000] {processor.py:179} INFO - Processing /home/airflow/.local/lib/python3.8/site-packages/airflow/example_dags/example_branch_day_of_week_operator.py took 0.252 seconds
[2023-11-03T19:50:30.620+0000] {processor.py:157} INFO - Started process (PID=34439) to work on /home/airflow/.local/lib/python3.8/site-packages/airflow/example_dags/example_branch_day_of_week_operator.py
[2023-11-03T19:50:30.623+0000] {processor.py:829} INFO - Processing file /home/airflow/.local/lib/python3.8/site-packages/airflow/example_dags/example_branch_day_of_week_operator.py for tasks to queue
[2023-11-03T19:50:30.630+0000] {logging_mixin.py:151} INFO - [2023-11-03T19:50:30.628+0000] {dagbag.py:536} INFO - Filling up the DagBag from /home/airflow/.local/lib/python3.8/site-packages/airflow/example_dags/example_branch_day_of_week_operator.py
[2023-11-03T19:50:30.652+0000] {processor.py:839} INFO - DAG(s) dict_keys(['example_weekday_branch_operator']) retrieved from /home/airflow/.local/lib/python3.8/site-packages/airflow/example_dags/example_branch_day_of_week_operator.py
[2023-11-03T19:50:30.718+0000] {logging_mixin.py:151} INFO - [2023-11-03T19:50:30.717+0000] {dag.py:2941} INFO - Sync 1 DAGs
[2023-11-03T19:50:30.787+0000] {logging_mixin.py:151} INFO - [2023-11-03T19:50:30.787+0000] {dag.py:3722} INFO - Setting next_dagrun for example_weekday_branch_operator to 2023-11-02T00:00:00+00:00, run_after=2023-11-03T00:00:00+00:00
[2023-11-03T19:50:30.853+0000] {processor.py:179} INFO - Processing /home/airflow/.local/lib/python3.8/site-packages/airflow/example_dags/example_branch_day_of_week_operator.py took 0.241 seconds
[2023-11-03T19:51:01.754+0000] {processor.py:157} INFO - Started process (PID=34501) to work on /home/airflow/.local/lib/python3.8/site-packages/airflow/example_dags/example_branch_day_of_week_operator.py
[2023-11-03T19:51:01.756+0000] {processor.py:829} INFO - Processing file /home/airflow/.local/lib/python3.8/site-packages/airflow/example_dags/example_branch_day_of_week_operator.py for tasks to queue
[2023-11-03T19:51:01.763+0000] {logging_mixin.py:151} INFO - [2023-11-03T19:51:01.762+0000] {dagbag.py:536} INFO - Filling up the DagBag from /home/airflow/.local/lib/python3.8/site-packages/airflow/example_dags/example_branch_day_of_week_operator.py
[2023-11-03T19:51:01.786+0000] {processor.py:839} INFO - DAG(s) dict_keys(['example_weekday_branch_operator']) retrieved from /home/airflow/.local/lib/python3.8/site-packages/airflow/example_dags/example_branch_day_of_week_operator.py
[2023-11-03T19:51:01.848+0000] {logging_mixin.py:151} INFO - [2023-11-03T19:51:01.847+0000] {dag.py:2941} INFO - Sync 1 DAGs
[2023-11-03T19:51:01.921+0000] {logging_mixin.py:151} INFO - [2023-11-03T19:51:01.921+0000] {dag.py:3722} INFO - Setting next_dagrun for example_weekday_branch_operator to 2023-11-02T00:00:00+00:00, run_after=2023-11-03T00:00:00+00:00
[2023-11-03T19:51:01.985+0000] {processor.py:179} INFO - Processing /home/airflow/.local/lib/python3.8/site-packages/airflow/example_dags/example_branch_day_of_week_operator.py took 0.238 seconds
[2023-11-03T19:51:32.610+0000] {processor.py:157} INFO - Started process (PID=34563) to work on /home/airflow/.local/lib/python3.8/site-packages/airflow/example_dags/example_branch_day_of_week_operator.py
[2023-11-03T19:51:32.613+0000] {processor.py:829} INFO - Processing file /home/airflow/.local/lib/python3.8/site-packages/airflow/example_dags/example_branch_day_of_week_operator.py for tasks to queue
[2023-11-03T19:51:32.622+0000] {logging_mixin.py:151} INFO - [2023-11-03T19:51:32.620+0000] {dagbag.py:536} INFO - Filling up the DagBag from /home/airflow/.local/lib/python3.8/site-packages/airflow/example_dags/example_branch_day_of_week_operator.py
[2023-11-03T19:51:32.644+0000] {processor.py:839} INFO - DAG(s) dict_keys(['example_weekday_branch_operator']) retrieved from /home/airflow/.local/lib/python3.8/site-packages/airflow/example_dags/example_branch_day_of_week_operator.py
[2023-11-03T19:51:32.703+0000] {logging_mixin.py:151} INFO - [2023-11-03T19:51:32.702+0000] {dag.py:2941} INFO - Sync 1 DAGs
[2023-11-03T19:51:32.768+0000] {logging_mixin.py:151} INFO - [2023-11-03T19:51:32.767+0000] {dag.py:3722} INFO - Setting next_dagrun for example_weekday_branch_operator to 2023-11-02T00:00:00+00:00, run_after=2023-11-03T00:00:00+00:00
[2023-11-03T19:51:32.829+0000] {processor.py:179} INFO - Processing /home/airflow/.local/lib/python3.8/site-packages/airflow/example_dags/example_branch_day_of_week_operator.py took 0.232 seconds
[2023-11-03T19:52:04.344+0000] {processor.py:157} INFO - Started process (PID=34625) to work on /home/airflow/.local/lib/python3.8/site-packages/airflow/example_dags/example_branch_day_of_week_operator.py
[2023-11-03T19:52:04.348+0000] {processor.py:829} INFO - Processing file /home/airflow/.local/lib/python3.8/site-packages/airflow/example_dags/example_branch_day_of_week_operator.py for tasks to queue
[2023-11-03T19:52:04.357+0000] {logging_mixin.py:151} INFO - [2023-11-03T19:52:04.356+0000] {dagbag.py:536} INFO - Filling up the DagBag from /home/airflow/.local/lib/python3.8/site-packages/airflow/example_dags/example_branch_day_of_week_operator.py
[2023-11-03T19:52:04.379+0000] {processor.py:839} INFO - DAG(s) dict_keys(['example_weekday_branch_operator']) retrieved from /home/airflow/.local/lib/python3.8/site-packages/airflow/example_dags/example_branch_day_of_week_operator.py
[2023-11-03T19:52:04.443+0000] {logging_mixin.py:151} INFO - [2023-11-03T19:52:04.442+0000] {dag.py:2941} INFO - Sync 1 DAGs
[2023-11-03T19:52:04.530+0000] {logging_mixin.py:151} INFO - [2023-11-03T19:52:04.529+0000] {dag.py:3722} INFO - Setting next_dagrun for example_weekday_branch_operator to 2023-11-02T00:00:00+00:00, run_after=2023-11-03T00:00:00+00:00
[2023-11-03T19:52:04.583+0000] {processor.py:179} INFO - Processing /home/airflow/.local/lib/python3.8/site-packages/airflow/example_dags/example_branch_day_of_week_operator.py took 0.249 seconds
[2023-11-03T19:52:35.112+0000] {processor.py:157} INFO - Started process (PID=34694) to work on /home/airflow/.local/lib/python3.8/site-packages/airflow/example_dags/example_branch_day_of_week_operator.py
[2023-11-03T19:52:35.115+0000] {processor.py:829} INFO - Processing file /home/airflow/.local/lib/python3.8/site-packages/airflow/example_dags/example_branch_day_of_week_operator.py for tasks to queue
[2023-11-03T19:52:35.122+0000] {logging_mixin.py:151} INFO - [2023-11-03T19:52:35.120+0000] {dagbag.py:536} INFO - Filling up the DagBag from /home/airflow/.local/lib/python3.8/site-packages/airflow/example_dags/example_branch_day_of_week_operator.py
[2023-11-03T19:52:35.147+0000] {processor.py:839} INFO - DAG(s) dict_keys(['example_weekday_branch_operator']) retrieved from /home/airflow/.local/lib/python3.8/site-packages/airflow/example_dags/example_branch_day_of_week_operator.py
[2023-11-03T19:52:35.211+0000] {logging_mixin.py:151} INFO - [2023-11-03T19:52:35.210+0000] {dag.py:2941} INFO - Sync 1 DAGs
[2023-11-03T19:52:35.270+0000] {logging_mixin.py:151} INFO - [2023-11-03T19:52:35.269+0000] {dag.py:3722} INFO - Setting next_dagrun for example_weekday_branch_operator to 2023-11-02T00:00:00+00:00, run_after=2023-11-03T00:00:00+00:00
[2023-11-03T19:52:35.337+0000] {processor.py:179} INFO - Processing /home/airflow/.local/lib/python3.8/site-packages/airflow/example_dags/example_branch_day_of_week_operator.py took 0.232 seconds
[2023-11-03T19:53:05.942+0000] {processor.py:157} INFO - Started process (PID=34756) to work on /home/airflow/.local/lib/python3.8/site-packages/airflow/example_dags/example_branch_day_of_week_operator.py
[2023-11-03T19:53:05.944+0000] {processor.py:829} INFO - Processing file /home/airflow/.local/lib/python3.8/site-packages/airflow/example_dags/example_branch_day_of_week_operator.py for tasks to queue
[2023-11-03T19:53:05.951+0000] {logging_mixin.py:151} INFO - [2023-11-03T19:53:05.950+0000] {dagbag.py:536} INFO - Filling up the DagBag from /home/airflow/.local/lib/python3.8/site-packages/airflow/example_dags/example_branch_day_of_week_operator.py
[2023-11-03T19:53:05.984+0000] {processor.py:839} INFO - DAG(s) dict_keys(['example_weekday_branch_operator']) retrieved from /home/airflow/.local/lib/python3.8/site-packages/airflow/example_dags/example_branch_day_of_week_operator.py
[2023-11-03T19:53:06.056+0000] {logging_mixin.py:151} INFO - [2023-11-03T19:53:06.055+0000] {dag.py:2941} INFO - Sync 1 DAGs
[2023-11-03T19:53:06.139+0000] {logging_mixin.py:151} INFO - [2023-11-03T19:53:06.138+0000] {dag.py:3722} INFO - Setting next_dagrun for example_weekday_branch_operator to 2023-11-02T00:00:00+00:00, run_after=2023-11-03T00:00:00+00:00
[2023-11-03T19:53:06.228+0000] {processor.py:179} INFO - Processing /home/airflow/.local/lib/python3.8/site-packages/airflow/example_dags/example_branch_day_of_week_operator.py took 0.294 seconds
[2023-11-03T19:53:36.661+0000] {processor.py:157} INFO - Started process (PID=34818) to work on /home/airflow/.local/lib/python3.8/site-packages/airflow/example_dags/example_branch_day_of_week_operator.py
[2023-11-03T19:53:36.663+0000] {processor.py:829} INFO - Processing file /home/airflow/.local/lib/python3.8/site-packages/airflow/example_dags/example_branch_day_of_week_operator.py for tasks to queue
[2023-11-03T19:53:36.670+0000] {logging_mixin.py:151} INFO - [2023-11-03T19:53:36.669+0000] {dagbag.py:536} INFO - Filling up the DagBag from /home/airflow/.local/lib/python3.8/site-packages/airflow/example_dags/example_branch_day_of_week_operator.py
[2023-11-03T19:53:36.692+0000] {processor.py:839} INFO - DAG(s) dict_keys(['example_weekday_branch_operator']) retrieved from /home/airflow/.local/lib/python3.8/site-packages/airflow/example_dags/example_branch_day_of_week_operator.py
[2023-11-03T19:53:36.756+0000] {logging_mixin.py:151} INFO - [2023-11-03T19:53:36.756+0000] {dag.py:2941} INFO - Sync 1 DAGs
[2023-11-03T19:53:36.823+0000] {logging_mixin.py:151} INFO - [2023-11-03T19:53:36.822+0000] {dag.py:3722} INFO - Setting next_dagrun for example_weekday_branch_operator to 2023-11-02T00:00:00+00:00, run_after=2023-11-03T00:00:00+00:00
[2023-11-03T19:53:36.886+0000] {processor.py:179} INFO - Processing /home/airflow/.local/lib/python3.8/site-packages/airflow/example_dags/example_branch_day_of_week_operator.py took 0.236 seconds
[2023-11-03T19:54:08.314+0000] {processor.py:157} INFO - Started process (PID=34880) to work on /home/airflow/.local/lib/python3.8/site-packages/airflow/example_dags/example_branch_day_of_week_operator.py
[2023-11-03T19:54:08.317+0000] {processor.py:829} INFO - Processing file /home/airflow/.local/lib/python3.8/site-packages/airflow/example_dags/example_branch_day_of_week_operator.py for tasks to queue
[2023-11-03T19:54:08.323+0000] {logging_mixin.py:151} INFO - [2023-11-03T19:54:08.322+0000] {dagbag.py:536} INFO - Filling up the DagBag from /home/airflow/.local/lib/python3.8/site-packages/airflow/example_dags/example_branch_day_of_week_operator.py
[2023-11-03T19:54:08.357+0000] {processor.py:839} INFO - DAG(s) dict_keys(['example_weekday_branch_operator']) retrieved from /home/airflow/.local/lib/python3.8/site-packages/airflow/example_dags/example_branch_day_of_week_operator.py
[2023-11-03T19:54:08.432+0000] {logging_mixin.py:151} INFO - [2023-11-03T19:54:08.432+0000] {dag.py:2941} INFO - Sync 1 DAGs
[2023-11-03T19:54:08.497+0000] {logging_mixin.py:151} INFO - [2023-11-03T19:54:08.496+0000] {dag.py:3722} INFO - Setting next_dagrun for example_weekday_branch_operator to 2023-11-02T00:00:00+00:00, run_after=2023-11-03T00:00:00+00:00
[2023-11-03T19:54:08.551+0000] {processor.py:179} INFO - Processing /home/airflow/.local/lib/python3.8/site-packages/airflow/example_dags/example_branch_day_of_week_operator.py took 0.246 seconds
[2023-11-03T19:54:38.806+0000] {processor.py:157} INFO - Started process (PID=34942) to work on /home/airflow/.local/lib/python3.8/site-packages/airflow/example_dags/example_branch_day_of_week_operator.py
[2023-11-03T19:54:38.808+0000] {processor.py:829} INFO - Processing file /home/airflow/.local/lib/python3.8/site-packages/airflow/example_dags/example_branch_day_of_week_operator.py for tasks to queue
[2023-11-03T19:54:38.816+0000] {logging_mixin.py:151} INFO - [2023-11-03T19:54:38.814+0000] {dagbag.py:536} INFO - Filling up the DagBag from /home/airflow/.local/lib/python3.8/site-packages/airflow/example_dags/example_branch_day_of_week_operator.py
[2023-11-03T19:54:38.840+0000] {processor.py:839} INFO - DAG(s) dict_keys(['example_weekday_branch_operator']) retrieved from /home/airflow/.local/lib/python3.8/site-packages/airflow/example_dags/example_branch_day_of_week_operator.py
[2023-11-03T19:54:38.900+0000] {logging_mixin.py:151} INFO - [2023-11-03T19:54:38.899+0000] {dag.py:2941} INFO - Sync 1 DAGs
[2023-11-03T19:54:38.971+0000] {logging_mixin.py:151} INFO - [2023-11-03T19:54:38.970+0000] {dag.py:3722} INFO - Setting next_dagrun for example_weekday_branch_operator to 2023-11-02T00:00:00+00:00, run_after=2023-11-03T00:00:00+00:00
[2023-11-03T19:54:39.028+0000] {processor.py:179} INFO - Processing /home/airflow/.local/lib/python3.8/site-packages/airflow/example_dags/example_branch_day_of_week_operator.py took 0.230 seconds
[2023-11-03T19:55:10.131+0000] {processor.py:157} INFO - Started process (PID=35004) to work on /home/airflow/.local/lib/python3.8/site-packages/airflow/example_dags/example_branch_day_of_week_operator.py
[2023-11-03T19:55:10.134+0000] {processor.py:829} INFO - Processing file /home/airflow/.local/lib/python3.8/site-packages/airflow/example_dags/example_branch_day_of_week_operator.py for tasks to queue
[2023-11-03T19:55:10.142+0000] {logging_mixin.py:151} INFO - [2023-11-03T19:55:10.141+0000] {dagbag.py:536} INFO - Filling up the DagBag from /home/airflow/.local/lib/python3.8/site-packages/airflow/example_dags/example_branch_day_of_week_operator.py
[2023-11-03T19:55:10.163+0000] {processor.py:839} INFO - DAG(s) dict_keys(['example_weekday_branch_operator']) retrieved from /home/airflow/.local/lib/python3.8/site-packages/airflow/example_dags/example_branch_day_of_week_operator.py
[2023-11-03T19:55:10.228+0000] {logging_mixin.py:151} INFO - [2023-11-03T19:55:10.228+0000] {dag.py:2941} INFO - Sync 1 DAGs
[2023-11-03T19:55:10.299+0000] {logging_mixin.py:151} INFO - [2023-11-03T19:55:10.299+0000] {dag.py:3722} INFO - Setting next_dagrun for example_weekday_branch_operator to 2023-11-02T00:00:00+00:00, run_after=2023-11-03T00:00:00+00:00
[2023-11-03T19:55:10.358+0000] {processor.py:179} INFO - Processing /home/airflow/.local/lib/python3.8/site-packages/airflow/example_dags/example_branch_day_of_week_operator.py took 0.234 seconds
[2023-11-03T19:55:40.780+0000] {processor.py:157} INFO - Started process (PID=35066) to work on /home/airflow/.local/lib/python3.8/site-packages/airflow/example_dags/example_branch_day_of_week_operator.py
[2023-11-03T19:55:40.783+0000] {processor.py:829} INFO - Processing file /home/airflow/.local/lib/python3.8/site-packages/airflow/example_dags/example_branch_day_of_week_operator.py for tasks to queue
[2023-11-03T19:55:40.790+0000] {logging_mixin.py:151} INFO - [2023-11-03T19:55:40.789+0000] {dagbag.py:536} INFO - Filling up the DagBag from /home/airflow/.local/lib/python3.8/site-packages/airflow/example_dags/example_branch_day_of_week_operator.py
[2023-11-03T19:55:40.810+0000] {processor.py:839} INFO - DAG(s) dict_keys(['example_weekday_branch_operator']) retrieved from /home/airflow/.local/lib/python3.8/site-packages/airflow/example_dags/example_branch_day_of_week_operator.py
[2023-11-03T19:55:40.862+0000] {logging_mixin.py:151} INFO - [2023-11-03T19:55:40.861+0000] {dag.py:2941} INFO - Sync 1 DAGs
[2023-11-03T19:55:40.918+0000] {logging_mixin.py:151} INFO - [2023-11-03T19:55:40.917+0000] {dag.py:3722} INFO - Setting next_dagrun for example_weekday_branch_operator to 2023-11-02T00:00:00+00:00, run_after=2023-11-03T00:00:00+00:00
[2023-11-03T19:55:40.971+0000] {processor.py:179} INFO - Processing /home/airflow/.local/lib/python3.8/site-packages/airflow/example_dags/example_branch_day_of_week_operator.py took 0.197 seconds
[2023-11-03T19:56:11.224+0000] {processor.py:157} INFO - Started process (PID=35128) to work on /home/airflow/.local/lib/python3.8/site-packages/airflow/example_dags/example_branch_day_of_week_operator.py
[2023-11-03T19:56:11.227+0000] {processor.py:829} INFO - Processing file /home/airflow/.local/lib/python3.8/site-packages/airflow/example_dags/example_branch_day_of_week_operator.py for tasks to queue
[2023-11-03T19:56:11.235+0000] {logging_mixin.py:151} INFO - [2023-11-03T19:56:11.233+0000] {dagbag.py:536} INFO - Filling up the DagBag from /home/airflow/.local/lib/python3.8/site-packages/airflow/example_dags/example_branch_day_of_week_operator.py
[2023-11-03T19:56:11.262+0000] {processor.py:839} INFO - DAG(s) dict_keys(['example_weekday_branch_operator']) retrieved from /home/airflow/.local/lib/python3.8/site-packages/airflow/example_dags/example_branch_day_of_week_operator.py
[2023-11-03T19:56:11.316+0000] {logging_mixin.py:151} INFO - [2023-11-03T19:56:11.315+0000] {dag.py:2941} INFO - Sync 1 DAGs
[2023-11-03T19:56:11.376+0000] {logging_mixin.py:151} INFO - [2023-11-03T19:56:11.376+0000] {dag.py:3722} INFO - Setting next_dagrun for example_weekday_branch_operator to 2023-11-02T00:00:00+00:00, run_after=2023-11-03T00:00:00+00:00
[2023-11-03T19:56:11.443+0000] {processor.py:179} INFO - Processing /home/airflow/.local/lib/python3.8/site-packages/airflow/example_dags/example_branch_day_of_week_operator.py took 0.228 seconds
[2023-11-03T19:56:42.182+0000] {processor.py:157} INFO - Started process (PID=35190) to work on /home/airflow/.local/lib/python3.8/site-packages/airflow/example_dags/example_branch_day_of_week_operator.py
[2023-11-03T19:56:42.185+0000] {processor.py:829} INFO - Processing file /home/airflow/.local/lib/python3.8/site-packages/airflow/example_dags/example_branch_day_of_week_operator.py for tasks to queue
[2023-11-03T19:56:42.195+0000] {logging_mixin.py:151} INFO - [2023-11-03T19:56:42.193+0000] {dagbag.py:536} INFO - Filling up the DagBag from /home/airflow/.local/lib/python3.8/site-packages/airflow/example_dags/example_branch_day_of_week_operator.py
[2023-11-03T19:56:42.227+0000] {processor.py:839} INFO - DAG(s) dict_keys(['example_weekday_branch_operator']) retrieved from /home/airflow/.local/lib/python3.8/site-packages/airflow/example_dags/example_branch_day_of_week_operator.py
[2023-11-03T19:56:42.288+0000] {logging_mixin.py:151} INFO - [2023-11-03T19:56:42.288+0000] {dag.py:2941} INFO - Sync 1 DAGs
[2023-11-03T19:56:42.380+0000] {logging_mixin.py:151} INFO - [2023-11-03T19:56:42.380+0000] {dag.py:3722} INFO - Setting next_dagrun for example_weekday_branch_operator to 2023-11-02T00:00:00+00:00, run_after=2023-11-03T00:00:00+00:00
[2023-11-03T19:56:42.443+0000] {processor.py:179} INFO - Processing /home/airflow/.local/lib/python3.8/site-packages/airflow/example_dags/example_branch_day_of_week_operator.py took 0.268 seconds
[2023-11-03T19:57:12.676+0000] {processor.py:157} INFO - Started process (PID=35252) to work on /home/airflow/.local/lib/python3.8/site-packages/airflow/example_dags/example_branch_day_of_week_operator.py
[2023-11-03T19:57:12.679+0000] {processor.py:829} INFO - Processing file /home/airflow/.local/lib/python3.8/site-packages/airflow/example_dags/example_branch_day_of_week_operator.py for tasks to queue
[2023-11-03T19:57:12.687+0000] {logging_mixin.py:151} INFO - [2023-11-03T19:57:12.685+0000] {dagbag.py:536} INFO - Filling up the DagBag from /home/airflow/.local/lib/python3.8/site-packages/airflow/example_dags/example_branch_day_of_week_operator.py
[2023-11-03T19:57:12.714+0000] {processor.py:839} INFO - DAG(s) dict_keys(['example_weekday_branch_operator']) retrieved from /home/airflow/.local/lib/python3.8/site-packages/airflow/example_dags/example_branch_day_of_week_operator.py
[2023-11-03T19:57:12.769+0000] {logging_mixin.py:151} INFO - [2023-11-03T19:57:12.769+0000] {dag.py:2941} INFO - Sync 1 DAGs
[2023-11-03T19:57:12.840+0000] {logging_mixin.py:151} INFO - [2023-11-03T19:57:12.839+0000] {dag.py:3722} INFO - Setting next_dagrun for example_weekday_branch_operator to 2023-11-02T00:00:00+00:00, run_after=2023-11-03T00:00:00+00:00
[2023-11-03T19:57:12.896+0000] {processor.py:179} INFO - Processing /home/airflow/.local/lib/python3.8/site-packages/airflow/example_dags/example_branch_day_of_week_operator.py took 0.229 seconds
[2023-11-03T19:57:43.776+0000] {processor.py:157} INFO - Started process (PID=35314) to work on /home/airflow/.local/lib/python3.8/site-packages/airflow/example_dags/example_branch_day_of_week_operator.py
[2023-11-03T19:57:43.778+0000] {processor.py:829} INFO - Processing file /home/airflow/.local/lib/python3.8/site-packages/airflow/example_dags/example_branch_day_of_week_operator.py for tasks to queue
[2023-11-03T19:57:43.787+0000] {logging_mixin.py:151} INFO - [2023-11-03T19:57:43.785+0000] {dagbag.py:536} INFO - Filling up the DagBag from /home/airflow/.local/lib/python3.8/site-packages/airflow/example_dags/example_branch_day_of_week_operator.py
[2023-11-03T19:57:43.813+0000] {processor.py:839} INFO - DAG(s) dict_keys(['example_weekday_branch_operator']) retrieved from /home/airflow/.local/lib/python3.8/site-packages/airflow/example_dags/example_branch_day_of_week_operator.py
[2023-11-03T19:57:43.874+0000] {logging_mixin.py:151} INFO - [2023-11-03T19:57:43.873+0000] {dag.py:2941} INFO - Sync 1 DAGs
[2023-11-03T19:57:43.936+0000] {logging_mixin.py:151} INFO - [2023-11-03T19:57:43.936+0000] {dag.py:3722} INFO - Setting next_dagrun for example_weekday_branch_operator to 2023-11-02T00:00:00+00:00, run_after=2023-11-03T00:00:00+00:00
[2023-11-03T19:57:43.999+0000] {processor.py:179} INFO - Processing /home/airflow/.local/lib/python3.8/site-packages/airflow/example_dags/example_branch_day_of_week_operator.py took 0.231 seconds
[2023-11-03T19:58:14.849+0000] {processor.py:157} INFO - Started process (PID=35376) to work on /home/airflow/.local/lib/python3.8/site-packages/airflow/example_dags/example_branch_day_of_week_operator.py
[2023-11-03T19:58:14.851+0000] {processor.py:829} INFO - Processing file /home/airflow/.local/lib/python3.8/site-packages/airflow/example_dags/example_branch_day_of_week_operator.py for tasks to queue
[2023-11-03T19:58:14.859+0000] {logging_mixin.py:151} INFO - [2023-11-03T19:58:14.858+0000] {dagbag.py:536} INFO - Filling up the DagBag from /home/airflow/.local/lib/python3.8/site-packages/airflow/example_dags/example_branch_day_of_week_operator.py
[2023-11-03T19:58:14.884+0000] {processor.py:839} INFO - DAG(s) dict_keys(['example_weekday_branch_operator']) retrieved from /home/airflow/.local/lib/python3.8/site-packages/airflow/example_dags/example_branch_day_of_week_operator.py
[2023-11-03T19:58:14.949+0000] {logging_mixin.py:151} INFO - [2023-11-03T19:58:14.948+0000] {dag.py:2941} INFO - Sync 1 DAGs
[2023-11-03T19:58:15.031+0000] {logging_mixin.py:151} INFO - [2023-11-03T19:58:15.031+0000] {dag.py:3722} INFO - Setting next_dagrun for example_weekday_branch_operator to 2023-11-02T00:00:00+00:00, run_after=2023-11-03T00:00:00+00:00
[2023-11-03T19:58:15.093+0000] {processor.py:179} INFO - Processing /home/airflow/.local/lib/python3.8/site-packages/airflow/example_dags/example_branch_day_of_week_operator.py took 0.254 seconds
[2023-11-03T19:58:45.308+0000] {processor.py:157} INFO - Started process (PID=35438) to work on /home/airflow/.local/lib/python3.8/site-packages/airflow/example_dags/example_branch_day_of_week_operator.py
[2023-11-03T19:58:45.311+0000] {processor.py:829} INFO - Processing file /home/airflow/.local/lib/python3.8/site-packages/airflow/example_dags/example_branch_day_of_week_operator.py for tasks to queue
[2023-11-03T19:58:45.318+0000] {logging_mixin.py:151} INFO - [2023-11-03T19:58:45.317+0000] {dagbag.py:536} INFO - Filling up the DagBag from /home/airflow/.local/lib/python3.8/site-packages/airflow/example_dags/example_branch_day_of_week_operator.py
[2023-11-03T19:58:45.340+0000] {processor.py:839} INFO - DAG(s) dict_keys(['example_weekday_branch_operator']) retrieved from /home/airflow/.local/lib/python3.8/site-packages/airflow/example_dags/example_branch_day_of_week_operator.py
[2023-11-03T19:58:45.400+0000] {logging_mixin.py:151} INFO - [2023-11-03T19:58:45.399+0000] {dag.py:2941} INFO - Sync 1 DAGs
[2023-11-03T19:58:45.456+0000] {logging_mixin.py:151} INFO - [2023-11-03T19:58:45.455+0000] {dag.py:3722} INFO - Setting next_dagrun for example_weekday_branch_operator to 2023-11-02T00:00:00+00:00, run_after=2023-11-03T00:00:00+00:00
[2023-11-03T19:58:45.510+0000] {processor.py:179} INFO - Processing /home/airflow/.local/lib/python3.8/site-packages/airflow/example_dags/example_branch_day_of_week_operator.py took 0.208 seconds
[2023-11-03T19:59:16.359+0000] {processor.py:157} INFO - Started process (PID=35500) to work on /home/airflow/.local/lib/python3.8/site-packages/airflow/example_dags/example_branch_day_of_week_operator.py
[2023-11-03T19:59:16.361+0000] {processor.py:829} INFO - Processing file /home/airflow/.local/lib/python3.8/site-packages/airflow/example_dags/example_branch_day_of_week_operator.py for tasks to queue
[2023-11-03T19:59:16.368+0000] {logging_mixin.py:151} INFO - [2023-11-03T19:59:16.367+0000] {dagbag.py:536} INFO - Filling up the DagBag from /home/airflow/.local/lib/python3.8/site-packages/airflow/example_dags/example_branch_day_of_week_operator.py
[2023-11-03T19:59:16.391+0000] {processor.py:839} INFO - DAG(s) dict_keys(['example_weekday_branch_operator']) retrieved from /home/airflow/.local/lib/python3.8/site-packages/airflow/example_dags/example_branch_day_of_week_operator.py
[2023-11-03T19:59:16.448+0000] {logging_mixin.py:151} INFO - [2023-11-03T19:59:16.447+0000] {dag.py:2941} INFO - Sync 1 DAGs
[2023-11-03T19:59:16.509+0000] {logging_mixin.py:151} INFO - [2023-11-03T19:59:16.509+0000] {dag.py:3722} INFO - Setting next_dagrun for example_weekday_branch_operator to 2023-11-02T00:00:00+00:00, run_after=2023-11-03T00:00:00+00:00
[2023-11-03T19:59:16.566+0000] {processor.py:179} INFO - Processing /home/airflow/.local/lib/python3.8/site-packages/airflow/example_dags/example_branch_day_of_week_operator.py took 0.215 seconds
[2023-11-03T19:59:46.946+0000] {processor.py:157} INFO - Started process (PID=35562) to work on /home/airflow/.local/lib/python3.8/site-packages/airflow/example_dags/example_branch_day_of_week_operator.py
[2023-11-03T19:59:46.948+0000] {processor.py:829} INFO - Processing file /home/airflow/.local/lib/python3.8/site-packages/airflow/example_dags/example_branch_day_of_week_operator.py for tasks to queue
[2023-11-03T19:59:46.956+0000] {logging_mixin.py:151} INFO - [2023-11-03T19:59:46.955+0000] {dagbag.py:536} INFO - Filling up the DagBag from /home/airflow/.local/lib/python3.8/site-packages/airflow/example_dags/example_branch_day_of_week_operator.py
[2023-11-03T19:59:46.975+0000] {processor.py:839} INFO - DAG(s) dict_keys(['example_weekday_branch_operator']) retrieved from /home/airflow/.local/lib/python3.8/site-packages/airflow/example_dags/example_branch_day_of_week_operator.py
[2023-11-03T19:59:47.036+0000] {logging_mixin.py:151} INFO - [2023-11-03T19:59:47.036+0000] {dag.py:2941} INFO - Sync 1 DAGs
[2023-11-03T19:59:47.113+0000] {logging_mixin.py:151} INFO - [2023-11-03T19:59:47.113+0000] {dag.py:3722} INFO - Setting next_dagrun for example_weekday_branch_operator to 2023-11-02T00:00:00+00:00, run_after=2023-11-03T00:00:00+00:00
[2023-11-03T19:59:47.177+0000] {processor.py:179} INFO - Processing /home/airflow/.local/lib/python3.8/site-packages/airflow/example_dags/example_branch_day_of_week_operator.py took 0.239 seconds
[2023-11-03T20:00:18.300+0000] {processor.py:157} INFO - Started process (PID=35624) to work on /home/airflow/.local/lib/python3.8/site-packages/airflow/example_dags/example_branch_day_of_week_operator.py
[2023-11-03T20:00:18.303+0000] {processor.py:829} INFO - Processing file /home/airflow/.local/lib/python3.8/site-packages/airflow/example_dags/example_branch_day_of_week_operator.py for tasks to queue
[2023-11-03T20:00:18.310+0000] {logging_mixin.py:151} INFO - [2023-11-03T20:00:18.309+0000] {dagbag.py:536} INFO - Filling up the DagBag from /home/airflow/.local/lib/python3.8/site-packages/airflow/example_dags/example_branch_day_of_week_operator.py
[2023-11-03T20:00:18.330+0000] {processor.py:839} INFO - DAG(s) dict_keys(['example_weekday_branch_operator']) retrieved from /home/airflow/.local/lib/python3.8/site-packages/airflow/example_dags/example_branch_day_of_week_operator.py
[2023-11-03T20:00:18.388+0000] {logging_mixin.py:151} INFO - [2023-11-03T20:00:18.387+0000] {dag.py:2941} INFO - Sync 1 DAGs
[2023-11-03T20:00:18.447+0000] {logging_mixin.py:151} INFO - [2023-11-03T20:00:18.446+0000] {dag.py:3722} INFO - Setting next_dagrun for example_weekday_branch_operator to 2023-11-02T00:00:00+00:00, run_after=2023-11-03T00:00:00+00:00
[2023-11-03T20:00:18.505+0000] {processor.py:179} INFO - Processing /home/airflow/.local/lib/python3.8/site-packages/airflow/example_dags/example_branch_day_of_week_operator.py took 0.214 seconds
[2023-11-03T20:00:49.575+0000] {processor.py:157} INFO - Started process (PID=35686) to work on /home/airflow/.local/lib/python3.8/site-packages/airflow/example_dags/example_branch_day_of_week_operator.py
[2023-11-03T20:00:49.578+0000] {processor.py:829} INFO - Processing file /home/airflow/.local/lib/python3.8/site-packages/airflow/example_dags/example_branch_day_of_week_operator.py for tasks to queue
[2023-11-03T20:00:49.586+0000] {logging_mixin.py:151} INFO - [2023-11-03T20:00:49.585+0000] {dagbag.py:536} INFO - Filling up the DagBag from /home/airflow/.local/lib/python3.8/site-packages/airflow/example_dags/example_branch_day_of_week_operator.py
[2023-11-03T20:00:49.610+0000] {processor.py:839} INFO - DAG(s) dict_keys(['example_weekday_branch_operator']) retrieved from /home/airflow/.local/lib/python3.8/site-packages/airflow/example_dags/example_branch_day_of_week_operator.py
[2023-11-03T20:00:49.672+0000] {logging_mixin.py:151} INFO - [2023-11-03T20:00:49.672+0000] {dag.py:2941} INFO - Sync 1 DAGs
[2023-11-03T20:00:49.742+0000] {logging_mixin.py:151} INFO - [2023-11-03T20:00:49.741+0000] {dag.py:3722} INFO - Setting next_dagrun for example_weekday_branch_operator to 2023-11-02T00:00:00+00:00, run_after=2023-11-03T00:00:00+00:00
[2023-11-03T20:00:49.806+0000] {processor.py:179} INFO - Processing /home/airflow/.local/lib/python3.8/site-packages/airflow/example_dags/example_branch_day_of_week_operator.py took 0.240 seconds
[2023-11-03T20:01:20.763+0000] {processor.py:157} INFO - Started process (PID=35748) to work on /home/airflow/.local/lib/python3.8/site-packages/airflow/example_dags/example_branch_day_of_week_operator.py
[2023-11-03T20:01:20.766+0000] {processor.py:829} INFO - Processing file /home/airflow/.local/lib/python3.8/site-packages/airflow/example_dags/example_branch_day_of_week_operator.py for tasks to queue
[2023-11-03T20:01:20.775+0000] {logging_mixin.py:151} INFO - [2023-11-03T20:01:20.773+0000] {dagbag.py:536} INFO - Filling up the DagBag from /home/airflow/.local/lib/python3.8/site-packages/airflow/example_dags/example_branch_day_of_week_operator.py
[2023-11-03T20:01:20.807+0000] {processor.py:839} INFO - DAG(s) dict_keys(['example_weekday_branch_operator']) retrieved from /home/airflow/.local/lib/python3.8/site-packages/airflow/example_dags/example_branch_day_of_week_operator.py
[2023-11-03T20:01:20.873+0000] {logging_mixin.py:151} INFO - [2023-11-03T20:01:20.873+0000] {dag.py:2941} INFO - Sync 1 DAGs
[2023-11-03T20:01:20.941+0000] {logging_mixin.py:151} INFO - [2023-11-03T20:01:20.941+0000] {dag.py:3722} INFO - Setting next_dagrun for example_weekday_branch_operator to 2023-11-02T00:00:00+00:00, run_after=2023-11-03T00:00:00+00:00
[2023-11-03T20:01:21.001+0000] {processor.py:179} INFO - Processing /home/airflow/.local/lib/python3.8/site-packages/airflow/example_dags/example_branch_day_of_week_operator.py took 0.249 seconds
[2023-11-03T20:01:51.720+0000] {processor.py:157} INFO - Started process (PID=35810) to work on /home/airflow/.local/lib/python3.8/site-packages/airflow/example_dags/example_branch_day_of_week_operator.py
[2023-11-03T20:01:51.723+0000] {processor.py:829} INFO - Processing file /home/airflow/.local/lib/python3.8/site-packages/airflow/example_dags/example_branch_day_of_week_operator.py for tasks to queue
[2023-11-03T20:01:51.731+0000] {logging_mixin.py:151} INFO - [2023-11-03T20:01:51.729+0000] {dagbag.py:536} INFO - Filling up the DagBag from /home/airflow/.local/lib/python3.8/site-packages/airflow/example_dags/example_branch_day_of_week_operator.py
[2023-11-03T20:01:51.761+0000] {processor.py:839} INFO - DAG(s) dict_keys(['example_weekday_branch_operator']) retrieved from /home/airflow/.local/lib/python3.8/site-packages/airflow/example_dags/example_branch_day_of_week_operator.py
[2023-11-03T20:01:51.827+0000] {logging_mixin.py:151} INFO - [2023-11-03T20:01:51.826+0000] {dag.py:2941} INFO - Sync 1 DAGs
[2023-11-03T20:01:51.894+0000] {logging_mixin.py:151} INFO - [2023-11-03T20:01:51.893+0000] {dag.py:3722} INFO - Setting next_dagrun for example_weekday_branch_operator to 2023-11-02T00:00:00+00:00, run_after=2023-11-03T00:00:00+00:00
[2023-11-03T20:01:51.956+0000] {processor.py:179} INFO - Processing /home/airflow/.local/lib/python3.8/site-packages/airflow/example_dags/example_branch_day_of_week_operator.py took 0.247 seconds
[2023-11-03T20:02:22.348+0000] {processor.py:157} INFO - Started process (PID=35872) to work on /home/airflow/.local/lib/python3.8/site-packages/airflow/example_dags/example_branch_day_of_week_operator.py
[2023-11-03T20:02:22.351+0000] {processor.py:829} INFO - Processing file /home/airflow/.local/lib/python3.8/site-packages/airflow/example_dags/example_branch_day_of_week_operator.py for tasks to queue
[2023-11-03T20:02:22.359+0000] {logging_mixin.py:151} INFO - [2023-11-03T20:02:22.357+0000] {dagbag.py:536} INFO - Filling up the DagBag from /home/airflow/.local/lib/python3.8/site-packages/airflow/example_dags/example_branch_day_of_week_operator.py
[2023-11-03T20:02:22.390+0000] {processor.py:839} INFO - DAG(s) dict_keys(['example_weekday_branch_operator']) retrieved from /home/airflow/.local/lib/python3.8/site-packages/airflow/example_dags/example_branch_day_of_week_operator.py
[2023-11-03T20:02:22.469+0000] {logging_mixin.py:151} INFO - [2023-11-03T20:02:22.468+0000] {dag.py:2941} INFO - Sync 1 DAGs
[2023-11-03T20:02:22.540+0000] {logging_mixin.py:151} INFO - [2023-11-03T20:02:22.540+0000] {dag.py:3722} INFO - Setting next_dagrun for example_weekday_branch_operator to 2023-11-02T00:00:00+00:00, run_after=2023-11-03T00:00:00+00:00
[2023-11-03T20:02:22.600+0000] {processor.py:179} INFO - Processing /home/airflow/.local/lib/python3.8/site-packages/airflow/example_dags/example_branch_day_of_week_operator.py took 0.261 seconds
[2023-11-03T20:02:53.355+0000] {processor.py:157} INFO - Started process (PID=35934) to work on /home/airflow/.local/lib/python3.8/site-packages/airflow/example_dags/example_branch_day_of_week_operator.py
[2023-11-03T20:02:53.357+0000] {processor.py:829} INFO - Processing file /home/airflow/.local/lib/python3.8/site-packages/airflow/example_dags/example_branch_day_of_week_operator.py for tasks to queue
[2023-11-03T20:02:53.365+0000] {logging_mixin.py:151} INFO - [2023-11-03T20:02:53.363+0000] {dagbag.py:536} INFO - Filling up the DagBag from /home/airflow/.local/lib/python3.8/site-packages/airflow/example_dags/example_branch_day_of_week_operator.py
[2023-11-03T20:02:53.388+0000] {processor.py:839} INFO - DAG(s) dict_keys(['example_weekday_branch_operator']) retrieved from /home/airflow/.local/lib/python3.8/site-packages/airflow/example_dags/example_branch_day_of_week_operator.py
[2023-11-03T20:02:53.461+0000] {logging_mixin.py:151} INFO - [2023-11-03T20:02:53.460+0000] {dag.py:2941} INFO - Sync 1 DAGs
[2023-11-03T20:02:53.521+0000] {logging_mixin.py:151} INFO - [2023-11-03T20:02:53.520+0000] {dag.py:3722} INFO - Setting next_dagrun for example_weekday_branch_operator to 2023-11-02T00:00:00+00:00, run_after=2023-11-03T00:00:00+00:00
[2023-11-03T20:02:53.589+0000] {processor.py:179} INFO - Processing /home/airflow/.local/lib/python3.8/site-packages/airflow/example_dags/example_branch_day_of_week_operator.py took 0.243 seconds
[2023-11-03T20:03:24.849+0000] {processor.py:157} INFO - Started process (PID=35997) to work on /home/airflow/.local/lib/python3.8/site-packages/airflow/example_dags/example_branch_day_of_week_operator.py
[2023-11-03T20:03:24.853+0000] {processor.py:829} INFO - Processing file /home/airflow/.local/lib/python3.8/site-packages/airflow/example_dags/example_branch_day_of_week_operator.py for tasks to queue
[2023-11-03T20:03:24.863+0000] {logging_mixin.py:151} INFO - [2023-11-03T20:03:24.861+0000] {dagbag.py:536} INFO - Filling up the DagBag from /home/airflow/.local/lib/python3.8/site-packages/airflow/example_dags/example_branch_day_of_week_operator.py
[2023-11-03T20:03:24.900+0000] {processor.py:839} INFO - DAG(s) dict_keys(['example_weekday_branch_operator']) retrieved from /home/airflow/.local/lib/python3.8/site-packages/airflow/example_dags/example_branch_day_of_week_operator.py
[2023-11-03T20:03:24.954+0000] {logging_mixin.py:151} INFO - [2023-11-03T20:03:24.953+0000] {dag.py:2941} INFO - Sync 1 DAGs
[2023-11-03T20:03:25.019+0000] {logging_mixin.py:151} INFO - [2023-11-03T20:03:25.018+0000] {dag.py:3722} INFO - Setting next_dagrun for example_weekday_branch_operator to 2023-11-02T00:00:00+00:00, run_after=2023-11-03T00:00:00+00:00
[2023-11-03T20:03:25.090+0000] {processor.py:179} INFO - Processing /home/airflow/.local/lib/python3.8/site-packages/airflow/example_dags/example_branch_day_of_week_operator.py took 0.252 seconds
[2023-11-03T20:03:55.674+0000] {processor.py:157} INFO - Started process (PID=36060) to work on /home/airflow/.local/lib/python3.8/site-packages/airflow/example_dags/example_branch_day_of_week_operator.py
[2023-11-03T20:03:55.676+0000] {processor.py:829} INFO - Processing file /home/airflow/.local/lib/python3.8/site-packages/airflow/example_dags/example_branch_day_of_week_operator.py for tasks to queue
[2023-11-03T20:03:55.685+0000] {logging_mixin.py:151} INFO - [2023-11-03T20:03:55.683+0000] {dagbag.py:536} INFO - Filling up the DagBag from /home/airflow/.local/lib/python3.8/site-packages/airflow/example_dags/example_branch_day_of_week_operator.py
[2023-11-03T20:03:55.720+0000] {processor.py:839} INFO - DAG(s) dict_keys(['example_weekday_branch_operator']) retrieved from /home/airflow/.local/lib/python3.8/site-packages/airflow/example_dags/example_branch_day_of_week_operator.py
[2023-11-03T20:03:55.836+0000] {logging_mixin.py:151} INFO - [2023-11-03T20:03:55.835+0000] {dag.py:2941} INFO - Sync 1 DAGs
[2023-11-03T20:03:55.946+0000] {logging_mixin.py:151} INFO - [2023-11-03T20:03:55.945+0000] {dag.py:3722} INFO - Setting next_dagrun for example_weekday_branch_operator to 2023-11-02T00:00:00+00:00, run_after=2023-11-03T00:00:00+00:00
[2023-11-03T20:03:56.002+0000] {processor.py:179} INFO - Processing /home/airflow/.local/lib/python3.8/site-packages/airflow/example_dags/example_branch_day_of_week_operator.py took 0.335 seconds
[2023-11-03T20:04:26.748+0000] {processor.py:157} INFO - Started process (PID=36121) to work on /home/airflow/.local/lib/python3.8/site-packages/airflow/example_dags/example_branch_day_of_week_operator.py
[2023-11-03T20:04:26.751+0000] {processor.py:829} INFO - Processing file /home/airflow/.local/lib/python3.8/site-packages/airflow/example_dags/example_branch_day_of_week_operator.py for tasks to queue
[2023-11-03T20:04:26.760+0000] {logging_mixin.py:151} INFO - [2023-11-03T20:04:26.759+0000] {dagbag.py:536} INFO - Filling up the DagBag from /home/airflow/.local/lib/python3.8/site-packages/airflow/example_dags/example_branch_day_of_week_operator.py
[2023-11-03T20:04:26.793+0000] {processor.py:839} INFO - DAG(s) dict_keys(['example_weekday_branch_operator']) retrieved from /home/airflow/.local/lib/python3.8/site-packages/airflow/example_dags/example_branch_day_of_week_operator.py
[2023-11-03T20:04:26.852+0000] {logging_mixin.py:151} INFO - [2023-11-03T20:04:26.851+0000] {dag.py:2941} INFO - Sync 1 DAGs
[2023-11-03T20:04:26.918+0000] {logging_mixin.py:151} INFO - [2023-11-03T20:04:26.917+0000] {dag.py:3722} INFO - Setting next_dagrun for example_weekday_branch_operator to 2023-11-02T00:00:00+00:00, run_after=2023-11-03T00:00:00+00:00
[2023-11-03T20:04:26.976+0000] {processor.py:179} INFO - Processing /home/airflow/.local/lib/python3.8/site-packages/airflow/example_dags/example_branch_day_of_week_operator.py took 0.239 seconds
[2023-11-03T20:04:57.205+0000] {processor.py:157} INFO - Started process (PID=36183) to work on /home/airflow/.local/lib/python3.8/site-packages/airflow/example_dags/example_branch_day_of_week_operator.py
[2023-11-03T20:04:57.209+0000] {processor.py:829} INFO - Processing file /home/airflow/.local/lib/python3.8/site-packages/airflow/example_dags/example_branch_day_of_week_operator.py for tasks to queue
[2023-11-03T20:04:57.218+0000] {logging_mixin.py:151} INFO - [2023-11-03T20:04:57.217+0000] {dagbag.py:536} INFO - Filling up the DagBag from /home/airflow/.local/lib/python3.8/site-packages/airflow/example_dags/example_branch_day_of_week_operator.py
[2023-11-03T20:04:57.241+0000] {processor.py:839} INFO - DAG(s) dict_keys(['example_weekday_branch_operator']) retrieved from /home/airflow/.local/lib/python3.8/site-packages/airflow/example_dags/example_branch_day_of_week_operator.py
[2023-11-03T20:04:57.326+0000] {logging_mixin.py:151} INFO - [2023-11-03T20:04:57.324+0000] {dag.py:2941} INFO - Sync 1 DAGs
[2023-11-03T20:04:57.419+0000] {logging_mixin.py:151} INFO - [2023-11-03T20:04:57.417+0000] {dag.py:3722} INFO - Setting next_dagrun for example_weekday_branch_operator to 2023-11-02T00:00:00+00:00, run_after=2023-11-03T00:00:00+00:00
[2023-11-03T20:04:57.492+0000] {processor.py:179} INFO - Processing /home/airflow/.local/lib/python3.8/site-packages/airflow/example_dags/example_branch_day_of_week_operator.py took 0.301 seconds
[2023-11-03T20:05:27.607+0000] {processor.py:157} INFO - Started process (PID=36244) to work on /home/airflow/.local/lib/python3.8/site-packages/airflow/example_dags/example_branch_day_of_week_operator.py
[2023-11-03T20:05:27.611+0000] {processor.py:829} INFO - Processing file /home/airflow/.local/lib/python3.8/site-packages/airflow/example_dags/example_branch_day_of_week_operator.py for tasks to queue
[2023-11-03T20:05:27.618+0000] {logging_mixin.py:151} INFO - [2023-11-03T20:05:27.617+0000] {dagbag.py:536} INFO - Filling up the DagBag from /home/airflow/.local/lib/python3.8/site-packages/airflow/example_dags/example_branch_day_of_week_operator.py
[2023-11-03T20:05:27.646+0000] {processor.py:839} INFO - DAG(s) dict_keys(['example_weekday_branch_operator']) retrieved from /home/airflow/.local/lib/python3.8/site-packages/airflow/example_dags/example_branch_day_of_week_operator.py
[2023-11-03T20:05:27.716+0000] {logging_mixin.py:151} INFO - [2023-11-03T20:05:27.716+0000] {dag.py:2941} INFO - Sync 1 DAGs
[2023-11-03T20:05:27.789+0000] {logging_mixin.py:151} INFO - [2023-11-03T20:05:27.789+0000] {dag.py:3722} INFO - Setting next_dagrun for example_weekday_branch_operator to 2023-11-02T00:00:00+00:00, run_after=2023-11-03T00:00:00+00:00
[2023-11-03T20:05:27.852+0000] {processor.py:179} INFO - Processing /home/airflow/.local/lib/python3.8/site-packages/airflow/example_dags/example_branch_day_of_week_operator.py took 0.257 seconds
[2023-11-03T20:05:58.681+0000] {processor.py:157} INFO - Started process (PID=36306) to work on /home/airflow/.local/lib/python3.8/site-packages/airflow/example_dags/example_branch_day_of_week_operator.py
[2023-11-03T20:05:58.683+0000] {processor.py:829} INFO - Processing file /home/airflow/.local/lib/python3.8/site-packages/airflow/example_dags/example_branch_day_of_week_operator.py for tasks to queue
[2023-11-03T20:05:58.691+0000] {logging_mixin.py:151} INFO - [2023-11-03T20:05:58.689+0000] {dagbag.py:536} INFO - Filling up the DagBag from /home/airflow/.local/lib/python3.8/site-packages/airflow/example_dags/example_branch_day_of_week_operator.py
[2023-11-03T20:05:58.713+0000] {processor.py:839} INFO - DAG(s) dict_keys(['example_weekday_branch_operator']) retrieved from /home/airflow/.local/lib/python3.8/site-packages/airflow/example_dags/example_branch_day_of_week_operator.py
[2023-11-03T20:05:58.765+0000] {logging_mixin.py:151} INFO - [2023-11-03T20:05:58.765+0000] {dag.py:2941} INFO - Sync 1 DAGs
[2023-11-03T20:05:58.840+0000] {logging_mixin.py:151} INFO - [2023-11-03T20:05:58.839+0000] {dag.py:3722} INFO - Setting next_dagrun for example_weekday_branch_operator to 2023-11-02T00:00:00+00:00, run_after=2023-11-03T00:00:00+00:00
[2023-11-03T20:05:58.895+0000] {processor.py:179} INFO - Processing /home/airflow/.local/lib/python3.8/site-packages/airflow/example_dags/example_branch_day_of_week_operator.py took 0.222 seconds
