[2023-11-03T19:42:40.888+0000] {processor.py:157} INFO - Started process (PID=33486) to work on /home/airflow/.local/lib/python3.8/site-packages/airflow/example_dags/example_branch_operator.py
[2023-11-03T19:42:40.894+0000] {processor.py:829} INFO - Processing file /home/airflow/.local/lib/python3.8/site-packages/airflow/example_dags/example_branch_operator.py for tasks to queue
[2023-11-03T19:42:40.914+0000] {logging_mixin.py:151} INFO - [2023-11-03T19:42:40.907+0000] {dagbag.py:536} INFO - Filling up the DagBag from /home/airflow/.local/lib/python3.8/site-packages/airflow/example_dags/example_branch_operator.py
[2023-11-03T19:42:40.981+0000] {processor.py:839} INFO - DAG(s) dict_keys(['example_branch_operator']) retrieved from /home/airflow/.local/lib/python3.8/site-packages/airflow/example_dags/example_branch_operator.py
[2023-11-03T19:42:41.135+0000] {logging_mixin.py:151} INFO - [2023-11-03T19:42:41.134+0000] {dag.py:2941} INFO - Sync 1 DAGs
[2023-11-03T19:42:41.311+0000] {logging_mixin.py:151} INFO - [2023-11-03T19:42:41.310+0000] {dag.py:3722} INFO - Setting next_dagrun for example_branch_operator to 2023-11-02T00:00:00+00:00, run_after=2023-11-03T00:00:00+00:00
[2023-11-03T19:42:41.444+0000] {processor.py:179} INFO - Processing /home/airflow/.local/lib/python3.8/site-packages/airflow/example_dags/example_branch_operator.py took 0.576 seconds
[2023-11-03T19:43:12.015+0000] {processor.py:157} INFO - Started process (PID=33548) to work on /home/airflow/.local/lib/python3.8/site-packages/airflow/example_dags/example_branch_operator.py
[2023-11-03T19:43:12.018+0000] {processor.py:829} INFO - Processing file /home/airflow/.local/lib/python3.8/site-packages/airflow/example_dags/example_branch_operator.py for tasks to queue
[2023-11-03T19:43:12.027+0000] {logging_mixin.py:151} INFO - [2023-11-03T19:43:12.026+0000] {dagbag.py:536} INFO - Filling up the DagBag from /home/airflow/.local/lib/python3.8/site-packages/airflow/example_dags/example_branch_operator.py
[2023-11-03T19:43:12.059+0000] {processor.py:839} INFO - DAG(s) dict_keys(['example_branch_operator']) retrieved from /home/airflow/.local/lib/python3.8/site-packages/airflow/example_dags/example_branch_operator.py
[2023-11-03T19:43:12.128+0000] {logging_mixin.py:151} INFO - [2023-11-03T19:43:12.128+0000] {dag.py:2941} INFO - Sync 1 DAGs
[2023-11-03T19:43:12.226+0000] {logging_mixin.py:151} INFO - [2023-11-03T19:43:12.225+0000] {dag.py:3722} INFO - Setting next_dagrun for example_branch_operator to 2023-11-02T00:00:00+00:00, run_after=2023-11-03T00:00:00+00:00
[2023-11-03T19:43:12.323+0000] {processor.py:179} INFO - Processing /home/airflow/.local/lib/python3.8/site-packages/airflow/example_dags/example_branch_operator.py took 0.317 seconds
[2023-11-03T19:43:42.892+0000] {processor.py:157} INFO - Started process (PID=33610) to work on /home/airflow/.local/lib/python3.8/site-packages/airflow/example_dags/example_branch_operator.py
[2023-11-03T19:43:42.895+0000] {processor.py:829} INFO - Processing file /home/airflow/.local/lib/python3.8/site-packages/airflow/example_dags/example_branch_operator.py for tasks to queue
[2023-11-03T19:43:42.903+0000] {logging_mixin.py:151} INFO - [2023-11-03T19:43:42.902+0000] {dagbag.py:536} INFO - Filling up the DagBag from /home/airflow/.local/lib/python3.8/site-packages/airflow/example_dags/example_branch_operator.py
[2023-11-03T19:43:42.931+0000] {processor.py:839} INFO - DAG(s) dict_keys(['example_branch_operator']) retrieved from /home/airflow/.local/lib/python3.8/site-packages/airflow/example_dags/example_branch_operator.py
[2023-11-03T19:43:43.009+0000] {logging_mixin.py:151} INFO - [2023-11-03T19:43:43.008+0000] {dag.py:2941} INFO - Sync 1 DAGs
[2023-11-03T19:43:43.090+0000] {logging_mixin.py:151} INFO - [2023-11-03T19:43:43.089+0000] {dag.py:3722} INFO - Setting next_dagrun for example_branch_operator to 2023-11-02T00:00:00+00:00, run_after=2023-11-03T00:00:00+00:00
[2023-11-03T19:43:43.152+0000] {processor.py:179} INFO - Processing /home/airflow/.local/lib/python3.8/site-packages/airflow/example_dags/example_branch_operator.py took 0.272 seconds
[2023-11-03T19:44:13.591+0000] {processor.py:157} INFO - Started process (PID=33672) to work on /home/airflow/.local/lib/python3.8/site-packages/airflow/example_dags/example_branch_operator.py
[2023-11-03T19:44:13.594+0000] {processor.py:829} INFO - Processing file /home/airflow/.local/lib/python3.8/site-packages/airflow/example_dags/example_branch_operator.py for tasks to queue
[2023-11-03T19:44:13.602+0000] {logging_mixin.py:151} INFO - [2023-11-03T19:44:13.601+0000] {dagbag.py:536} INFO - Filling up the DagBag from /home/airflow/.local/lib/python3.8/site-packages/airflow/example_dags/example_branch_operator.py
[2023-11-03T19:44:13.630+0000] {processor.py:839} INFO - DAG(s) dict_keys(['example_branch_operator']) retrieved from /home/airflow/.local/lib/python3.8/site-packages/airflow/example_dags/example_branch_operator.py
[2023-11-03T19:44:13.697+0000] {logging_mixin.py:151} INFO - [2023-11-03T19:44:13.696+0000] {dag.py:2941} INFO - Sync 1 DAGs
[2023-11-03T19:44:13.765+0000] {logging_mixin.py:151} INFO - [2023-11-03T19:44:13.765+0000] {dag.py:3722} INFO - Setting next_dagrun for example_branch_operator to 2023-11-02T00:00:00+00:00, run_after=2023-11-03T00:00:00+00:00
[2023-11-03T19:44:13.824+0000] {processor.py:179} INFO - Processing /home/airflow/.local/lib/python3.8/site-packages/airflow/example_dags/example_branch_operator.py took 0.244 seconds
[2023-11-03T19:44:43.995+0000] {processor.py:157} INFO - Started process (PID=33734) to work on /home/airflow/.local/lib/python3.8/site-packages/airflow/example_dags/example_branch_operator.py
[2023-11-03T19:44:43.998+0000] {processor.py:829} INFO - Processing file /home/airflow/.local/lib/python3.8/site-packages/airflow/example_dags/example_branch_operator.py for tasks to queue
[2023-11-03T19:44:44.006+0000] {logging_mixin.py:151} INFO - [2023-11-03T19:44:44.004+0000] {dagbag.py:536} INFO - Filling up the DagBag from /home/airflow/.local/lib/python3.8/site-packages/airflow/example_dags/example_branch_operator.py
[2023-11-03T19:44:44.036+0000] {processor.py:839} INFO - DAG(s) dict_keys(['example_branch_operator']) retrieved from /home/airflow/.local/lib/python3.8/site-packages/airflow/example_dags/example_branch_operator.py
[2023-11-03T19:44:44.118+0000] {logging_mixin.py:151} INFO - [2023-11-03T19:44:44.117+0000] {dag.py:2941} INFO - Sync 1 DAGs
[2023-11-03T19:44:44.205+0000] {logging_mixin.py:151} INFO - [2023-11-03T19:44:44.204+0000] {dag.py:3722} INFO - Setting next_dagrun for example_branch_operator to 2023-11-02T00:00:00+00:00, run_after=2023-11-03T00:00:00+00:00
[2023-11-03T19:44:44.270+0000] {processor.py:179} INFO - Processing /home/airflow/.local/lib/python3.8/site-packages/airflow/example_dags/example_branch_operator.py took 0.285 seconds
[2023-11-03T19:45:14.374+0000] {processor.py:157} INFO - Started process (PID=33797) to work on /home/airflow/.local/lib/python3.8/site-packages/airflow/example_dags/example_branch_operator.py
[2023-11-03T19:45:14.377+0000] {processor.py:829} INFO - Processing file /home/airflow/.local/lib/python3.8/site-packages/airflow/example_dags/example_branch_operator.py for tasks to queue
[2023-11-03T19:45:14.387+0000] {logging_mixin.py:151} INFO - [2023-11-03T19:45:14.385+0000] {dagbag.py:536} INFO - Filling up the DagBag from /home/airflow/.local/lib/python3.8/site-packages/airflow/example_dags/example_branch_operator.py
[2023-11-03T19:45:14.421+0000] {processor.py:839} INFO - DAG(s) dict_keys(['example_branch_operator']) retrieved from /home/airflow/.local/lib/python3.8/site-packages/airflow/example_dags/example_branch_operator.py
[2023-11-03T19:45:14.524+0000] {logging_mixin.py:151} INFO - [2023-11-03T19:45:14.523+0000] {dag.py:2941} INFO - Sync 1 DAGs
[2023-11-03T19:45:14.587+0000] {logging_mixin.py:151} INFO - [2023-11-03T19:45:14.587+0000] {dag.py:3722} INFO - Setting next_dagrun for example_branch_operator to 2023-11-02T00:00:00+00:00, run_after=2023-11-03T00:00:00+00:00
[2023-11-03T19:45:14.647+0000] {processor.py:179} INFO - Processing /home/airflow/.local/lib/python3.8/site-packages/airflow/example_dags/example_branch_operator.py took 0.286 seconds
[2023-11-03T19:45:45.316+0000] {processor.py:157} INFO - Started process (PID=33859) to work on /home/airflow/.local/lib/python3.8/site-packages/airflow/example_dags/example_branch_operator.py
[2023-11-03T19:45:45.319+0000] {processor.py:829} INFO - Processing file /home/airflow/.local/lib/python3.8/site-packages/airflow/example_dags/example_branch_operator.py for tasks to queue
[2023-11-03T19:45:45.328+0000] {logging_mixin.py:151} INFO - [2023-11-03T19:45:45.327+0000] {dagbag.py:536} INFO - Filling up the DagBag from /home/airflow/.local/lib/python3.8/site-packages/airflow/example_dags/example_branch_operator.py
[2023-11-03T19:45:45.360+0000] {processor.py:839} INFO - DAG(s) dict_keys(['example_branch_operator']) retrieved from /home/airflow/.local/lib/python3.8/site-packages/airflow/example_dags/example_branch_operator.py
[2023-11-03T19:45:45.416+0000] {logging_mixin.py:151} INFO - [2023-11-03T19:45:45.415+0000] {dag.py:2941} INFO - Sync 1 DAGs
[2023-11-03T19:45:45.482+0000] {logging_mixin.py:151} INFO - [2023-11-03T19:45:45.481+0000] {dag.py:3722} INFO - Setting next_dagrun for example_branch_operator to 2023-11-02T00:00:00+00:00, run_after=2023-11-03T00:00:00+00:00
[2023-11-03T19:45:45.542+0000] {processor.py:179} INFO - Processing /home/airflow/.local/lib/python3.8/site-packages/airflow/example_dags/example_branch_operator.py took 0.238 seconds
[2023-11-03T19:46:15.823+0000] {processor.py:157} INFO - Started process (PID=33921) to work on /home/airflow/.local/lib/python3.8/site-packages/airflow/example_dags/example_branch_operator.py
[2023-11-03T19:46:15.826+0000] {processor.py:829} INFO - Processing file /home/airflow/.local/lib/python3.8/site-packages/airflow/example_dags/example_branch_operator.py for tasks to queue
[2023-11-03T19:46:15.835+0000] {logging_mixin.py:151} INFO - [2023-11-03T19:46:15.834+0000] {dagbag.py:536} INFO - Filling up the DagBag from /home/airflow/.local/lib/python3.8/site-packages/airflow/example_dags/example_branch_operator.py
[2023-11-03T19:46:15.881+0000] {processor.py:839} INFO - DAG(s) dict_keys(['example_branch_operator']) retrieved from /home/airflow/.local/lib/python3.8/site-packages/airflow/example_dags/example_branch_operator.py
[2023-11-03T19:46:16.017+0000] {logging_mixin.py:151} INFO - [2023-11-03T19:46:16.016+0000] {dag.py:2941} INFO - Sync 1 DAGs
[2023-11-03T19:46:16.087+0000] {logging_mixin.py:151} INFO - [2023-11-03T19:46:16.086+0000] {dag.py:3722} INFO - Setting next_dagrun for example_branch_operator to 2023-11-02T00:00:00+00:00, run_after=2023-11-03T00:00:00+00:00
[2023-11-03T19:46:16.180+0000] {processor.py:179} INFO - Processing /home/airflow/.local/lib/python3.8/site-packages/airflow/example_dags/example_branch_operator.py took 0.368 seconds
[2023-11-03T19:46:46.249+0000] {processor.py:157} INFO - Started process (PID=33982) to work on /home/airflow/.local/lib/python3.8/site-packages/airflow/example_dags/example_branch_operator.py
[2023-11-03T19:46:46.251+0000] {processor.py:829} INFO - Processing file /home/airflow/.local/lib/python3.8/site-packages/airflow/example_dags/example_branch_operator.py for tasks to queue
[2023-11-03T19:46:46.259+0000] {logging_mixin.py:151} INFO - [2023-11-03T19:46:46.257+0000] {dagbag.py:536} INFO - Filling up the DagBag from /home/airflow/.local/lib/python3.8/site-packages/airflow/example_dags/example_branch_operator.py
[2023-11-03T19:46:46.282+0000] {processor.py:839} INFO - DAG(s) dict_keys(['example_branch_operator']) retrieved from /home/airflow/.local/lib/python3.8/site-packages/airflow/example_dags/example_branch_operator.py
[2023-11-03T19:46:46.343+0000] {logging_mixin.py:151} INFO - [2023-11-03T19:46:46.342+0000] {dag.py:2941} INFO - Sync 1 DAGs
[2023-11-03T19:46:46.408+0000] {logging_mixin.py:151} INFO - [2023-11-03T19:46:46.407+0000] {dag.py:3722} INFO - Setting next_dagrun for example_branch_operator to 2023-11-02T00:00:00+00:00, run_after=2023-11-03T00:00:00+00:00
[2023-11-03T19:46:46.484+0000] {processor.py:179} INFO - Processing /home/airflow/.local/lib/python3.8/site-packages/airflow/example_dags/example_branch_operator.py took 0.243 seconds
[2023-11-03T19:47:16.668+0000] {processor.py:157} INFO - Started process (PID=34044) to work on /home/airflow/.local/lib/python3.8/site-packages/airflow/example_dags/example_branch_operator.py
[2023-11-03T19:47:16.671+0000] {processor.py:829} INFO - Processing file /home/airflow/.local/lib/python3.8/site-packages/airflow/example_dags/example_branch_operator.py for tasks to queue
[2023-11-03T19:47:16.681+0000] {logging_mixin.py:151} INFO - [2023-11-03T19:47:16.680+0000] {dagbag.py:536} INFO - Filling up the DagBag from /home/airflow/.local/lib/python3.8/site-packages/airflow/example_dags/example_branch_operator.py
[2023-11-03T19:47:16.714+0000] {processor.py:839} INFO - DAG(s) dict_keys(['example_branch_operator']) retrieved from /home/airflow/.local/lib/python3.8/site-packages/airflow/example_dags/example_branch_operator.py
[2023-11-03T19:47:16.779+0000] {logging_mixin.py:151} INFO - [2023-11-03T19:47:16.779+0000] {dag.py:2941} INFO - Sync 1 DAGs
[2023-11-03T19:47:16.858+0000] {logging_mixin.py:151} INFO - [2023-11-03T19:47:16.857+0000] {dag.py:3722} INFO - Setting next_dagrun for example_branch_operator to 2023-11-02T00:00:00+00:00, run_after=2023-11-03T00:00:00+00:00
[2023-11-03T19:47:16.913+0000] {processor.py:179} INFO - Processing /home/airflow/.local/lib/python3.8/site-packages/airflow/example_dags/example_branch_operator.py took 0.254 seconds
[2023-11-03T19:47:47.528+0000] {processor.py:157} INFO - Started process (PID=34107) to work on /home/airflow/.local/lib/python3.8/site-packages/airflow/example_dags/example_branch_operator.py
[2023-11-03T19:47:47.531+0000] {processor.py:829} INFO - Processing file /home/airflow/.local/lib/python3.8/site-packages/airflow/example_dags/example_branch_operator.py for tasks to queue
[2023-11-03T19:47:47.542+0000] {logging_mixin.py:151} INFO - [2023-11-03T19:47:47.540+0000] {dagbag.py:536} INFO - Filling up the DagBag from /home/airflow/.local/lib/python3.8/site-packages/airflow/example_dags/example_branch_operator.py
[2023-11-03T19:47:47.580+0000] {processor.py:839} INFO - DAG(s) dict_keys(['example_branch_operator']) retrieved from /home/airflow/.local/lib/python3.8/site-packages/airflow/example_dags/example_branch_operator.py
[2023-11-03T19:47:47.643+0000] {logging_mixin.py:151} INFO - [2023-11-03T19:47:47.642+0000] {dag.py:2941} INFO - Sync 1 DAGs
[2023-11-03T19:47:47.707+0000] {logging_mixin.py:151} INFO - [2023-11-03T19:47:47.707+0000] {dag.py:3722} INFO - Setting next_dagrun for example_branch_operator to 2023-11-02T00:00:00+00:00, run_after=2023-11-03T00:00:00+00:00
[2023-11-03T19:47:47.770+0000] {processor.py:179} INFO - Processing /home/airflow/.local/lib/python3.8/site-packages/airflow/example_dags/example_branch_operator.py took 0.251 seconds
[2023-11-03T19:48:17.932+0000] {processor.py:157} INFO - Started process (PID=34169) to work on /home/airflow/.local/lib/python3.8/site-packages/airflow/example_dags/example_branch_operator.py
[2023-11-03T19:48:17.936+0000] {processor.py:829} INFO - Processing file /home/airflow/.local/lib/python3.8/site-packages/airflow/example_dags/example_branch_operator.py for tasks to queue
[2023-11-03T19:48:17.945+0000] {logging_mixin.py:151} INFO - [2023-11-03T19:48:17.943+0000] {dagbag.py:536} INFO - Filling up the DagBag from /home/airflow/.local/lib/python3.8/site-packages/airflow/example_dags/example_branch_operator.py
[2023-11-03T19:48:17.977+0000] {processor.py:839} INFO - DAG(s) dict_keys(['example_branch_operator']) retrieved from /home/airflow/.local/lib/python3.8/site-packages/airflow/example_dags/example_branch_operator.py
[2023-11-03T19:48:18.047+0000] {logging_mixin.py:151} INFO - [2023-11-03T19:48:18.046+0000] {dag.py:2941} INFO - Sync 1 DAGs
[2023-11-03T19:48:18.110+0000] {logging_mixin.py:151} INFO - [2023-11-03T19:48:18.109+0000] {dag.py:3722} INFO - Setting next_dagrun for example_branch_operator to 2023-11-02T00:00:00+00:00, run_after=2023-11-03T00:00:00+00:00
[2023-11-03T19:48:18.161+0000] {processor.py:179} INFO - Processing /home/airflow/.local/lib/python3.8/site-packages/airflow/example_dags/example_branch_operator.py took 0.239 seconds
[2023-11-03T19:48:48.655+0000] {processor.py:157} INFO - Started process (PID=34231) to work on /home/airflow/.local/lib/python3.8/site-packages/airflow/example_dags/example_branch_operator.py
[2023-11-03T19:48:48.658+0000] {processor.py:829} INFO - Processing file /home/airflow/.local/lib/python3.8/site-packages/airflow/example_dags/example_branch_operator.py for tasks to queue
[2023-11-03T19:48:48.666+0000] {logging_mixin.py:151} INFO - [2023-11-03T19:48:48.664+0000] {dagbag.py:536} INFO - Filling up the DagBag from /home/airflow/.local/lib/python3.8/site-packages/airflow/example_dags/example_branch_operator.py
[2023-11-03T19:48:48.692+0000] {processor.py:839} INFO - DAG(s) dict_keys(['example_branch_operator']) retrieved from /home/airflow/.local/lib/python3.8/site-packages/airflow/example_dags/example_branch_operator.py
[2023-11-03T19:48:48.751+0000] {logging_mixin.py:151} INFO - [2023-11-03T19:48:48.750+0000] {dag.py:2941} INFO - Sync 1 DAGs
[2023-11-03T19:48:48.808+0000] {logging_mixin.py:151} INFO - [2023-11-03T19:48:48.807+0000] {dag.py:3722} INFO - Setting next_dagrun for example_branch_operator to 2023-11-02T00:00:00+00:00, run_after=2023-11-03T00:00:00+00:00
[2023-11-03T19:48:48.865+0000] {processor.py:179} INFO - Processing /home/airflow/.local/lib/python3.8/site-packages/airflow/example_dags/example_branch_operator.py took 0.221 seconds
[2023-11-03T19:49:19.267+0000] {processor.py:157} INFO - Started process (PID=34293) to work on /home/airflow/.local/lib/python3.8/site-packages/airflow/example_dags/example_branch_operator.py
[2023-11-03T19:49:19.270+0000] {processor.py:829} INFO - Processing file /home/airflow/.local/lib/python3.8/site-packages/airflow/example_dags/example_branch_operator.py for tasks to queue
[2023-11-03T19:49:19.277+0000] {logging_mixin.py:151} INFO - [2023-11-03T19:49:19.276+0000] {dagbag.py:536} INFO - Filling up the DagBag from /home/airflow/.local/lib/python3.8/site-packages/airflow/example_dags/example_branch_operator.py
[2023-11-03T19:49:19.304+0000] {processor.py:839} INFO - DAG(s) dict_keys(['example_branch_operator']) retrieved from /home/airflow/.local/lib/python3.8/site-packages/airflow/example_dags/example_branch_operator.py
[2023-11-03T19:49:19.365+0000] {logging_mixin.py:151} INFO - [2023-11-03T19:49:19.364+0000] {dag.py:2941} INFO - Sync 1 DAGs
[2023-11-03T19:49:19.430+0000] {logging_mixin.py:151} INFO - [2023-11-03T19:49:19.430+0000] {dag.py:3722} INFO - Setting next_dagrun for example_branch_operator to 2023-11-02T00:00:00+00:00, run_after=2023-11-03T00:00:00+00:00
[2023-11-03T19:49:19.490+0000] {processor.py:179} INFO - Processing /home/airflow/.local/lib/python3.8/site-packages/airflow/example_dags/example_branch_operator.py took 0.230 seconds
[2023-11-03T19:49:49.789+0000] {processor.py:157} INFO - Started process (PID=34355) to work on /home/airflow/.local/lib/python3.8/site-packages/airflow/example_dags/example_branch_operator.py
[2023-11-03T19:49:49.792+0000] {processor.py:829} INFO - Processing file /home/airflow/.local/lib/python3.8/site-packages/airflow/example_dags/example_branch_operator.py for tasks to queue
[2023-11-03T19:49:49.801+0000] {logging_mixin.py:151} INFO - [2023-11-03T19:49:49.799+0000] {dagbag.py:536} INFO - Filling up the DagBag from /home/airflow/.local/lib/python3.8/site-packages/airflow/example_dags/example_branch_operator.py
[2023-11-03T19:49:49.837+0000] {processor.py:839} INFO - DAG(s) dict_keys(['example_branch_operator']) retrieved from /home/airflow/.local/lib/python3.8/site-packages/airflow/example_dags/example_branch_operator.py
[2023-11-03T19:49:49.895+0000] {logging_mixin.py:151} INFO - [2023-11-03T19:49:49.894+0000] {dag.py:2941} INFO - Sync 1 DAGs
[2023-11-03T19:49:49.951+0000] {logging_mixin.py:151} INFO - [2023-11-03T19:49:49.950+0000] {dag.py:3722} INFO - Setting next_dagrun for example_branch_operator to 2023-11-02T00:00:00+00:00, run_after=2023-11-03T00:00:00+00:00
[2023-11-03T19:49:50.008+0000] {processor.py:179} INFO - Processing /home/airflow/.local/lib/python3.8/site-packages/airflow/example_dags/example_branch_operator.py took 0.233 seconds
[2023-11-03T19:50:20.426+0000] {processor.py:157} INFO - Started process (PID=34417) to work on /home/airflow/.local/lib/python3.8/site-packages/airflow/example_dags/example_branch_operator.py
[2023-11-03T19:50:20.429+0000] {processor.py:829} INFO - Processing file /home/airflow/.local/lib/python3.8/site-packages/airflow/example_dags/example_branch_operator.py for tasks to queue
[2023-11-03T19:50:20.436+0000] {logging_mixin.py:151} INFO - [2023-11-03T19:50:20.435+0000] {dagbag.py:536} INFO - Filling up the DagBag from /home/airflow/.local/lib/python3.8/site-packages/airflow/example_dags/example_branch_operator.py
[2023-11-03T19:50:20.462+0000] {processor.py:839} INFO - DAG(s) dict_keys(['example_branch_operator']) retrieved from /home/airflow/.local/lib/python3.8/site-packages/airflow/example_dags/example_branch_operator.py
[2023-11-03T19:50:20.522+0000] {logging_mixin.py:151} INFO - [2023-11-03T19:50:20.522+0000] {dag.py:2941} INFO - Sync 1 DAGs
[2023-11-03T19:50:20.591+0000] {logging_mixin.py:151} INFO - [2023-11-03T19:50:20.590+0000] {dag.py:3722} INFO - Setting next_dagrun for example_branch_operator to 2023-11-02T00:00:00+00:00, run_after=2023-11-03T00:00:00+00:00
[2023-11-03T19:50:20.646+0000] {processor.py:179} INFO - Processing /home/airflow/.local/lib/python3.8/site-packages/airflow/example_dags/example_branch_operator.py took 0.228 seconds
[2023-11-03T19:50:51.490+0000] {processor.py:157} INFO - Started process (PID=34479) to work on /home/airflow/.local/lib/python3.8/site-packages/airflow/example_dags/example_branch_operator.py
[2023-11-03T19:50:51.494+0000] {processor.py:829} INFO - Processing file /home/airflow/.local/lib/python3.8/site-packages/airflow/example_dags/example_branch_operator.py for tasks to queue
[2023-11-03T19:50:51.502+0000] {logging_mixin.py:151} INFO - [2023-11-03T19:50:51.500+0000] {dagbag.py:536} INFO - Filling up the DagBag from /home/airflow/.local/lib/python3.8/site-packages/airflow/example_dags/example_branch_operator.py
[2023-11-03T19:50:51.543+0000] {processor.py:839} INFO - DAG(s) dict_keys(['example_branch_operator']) retrieved from /home/airflow/.local/lib/python3.8/site-packages/airflow/example_dags/example_branch_operator.py
[2023-11-03T19:50:51.603+0000] {logging_mixin.py:151} INFO - [2023-11-03T19:50:51.602+0000] {dag.py:2941} INFO - Sync 1 DAGs
[2023-11-03T19:50:51.669+0000] {logging_mixin.py:151} INFO - [2023-11-03T19:50:51.668+0000] {dag.py:3722} INFO - Setting next_dagrun for example_branch_operator to 2023-11-02T00:00:00+00:00, run_after=2023-11-03T00:00:00+00:00
[2023-11-03T19:50:51.732+0000] {processor.py:179} INFO - Processing /home/airflow/.local/lib/python3.8/site-packages/airflow/example_dags/example_branch_operator.py took 0.260 seconds
[2023-11-03T19:51:22.329+0000] {processor.py:157} INFO - Started process (PID=34541) to work on /home/airflow/.local/lib/python3.8/site-packages/airflow/example_dags/example_branch_operator.py
[2023-11-03T19:51:22.332+0000] {processor.py:829} INFO - Processing file /home/airflow/.local/lib/python3.8/site-packages/airflow/example_dags/example_branch_operator.py for tasks to queue
[2023-11-03T19:51:22.342+0000] {logging_mixin.py:151} INFO - [2023-11-03T19:51:22.340+0000] {dagbag.py:536} INFO - Filling up the DagBag from /home/airflow/.local/lib/python3.8/site-packages/airflow/example_dags/example_branch_operator.py
[2023-11-03T19:51:22.375+0000] {processor.py:839} INFO - DAG(s) dict_keys(['example_branch_operator']) retrieved from /home/airflow/.local/lib/python3.8/site-packages/airflow/example_dags/example_branch_operator.py
[2023-11-03T19:51:22.444+0000] {logging_mixin.py:151} INFO - [2023-11-03T19:51:22.443+0000] {dag.py:2941} INFO - Sync 1 DAGs
[2023-11-03T19:51:22.506+0000] {logging_mixin.py:151} INFO - [2023-11-03T19:51:22.506+0000] {dag.py:3722} INFO - Setting next_dagrun for example_branch_operator to 2023-11-02T00:00:00+00:00, run_after=2023-11-03T00:00:00+00:00
[2023-11-03T19:51:22.564+0000] {processor.py:179} INFO - Processing /home/airflow/.local/lib/python3.8/site-packages/airflow/example_dags/example_branch_operator.py took 0.248 seconds
[2023-11-03T19:51:53.031+0000] {processor.py:157} INFO - Started process (PID=34603) to work on /home/airflow/.local/lib/python3.8/site-packages/airflow/example_dags/example_branch_operator.py
[2023-11-03T19:51:53.034+0000] {processor.py:829} INFO - Processing file /home/airflow/.local/lib/python3.8/site-packages/airflow/example_dags/example_branch_operator.py for tasks to queue
[2023-11-03T19:51:53.040+0000] {logging_mixin.py:151} INFO - [2023-11-03T19:51:53.039+0000] {dagbag.py:536} INFO - Filling up the DagBag from /home/airflow/.local/lib/python3.8/site-packages/airflow/example_dags/example_branch_operator.py
[2023-11-03T19:51:53.062+0000] {processor.py:839} INFO - DAG(s) dict_keys(['example_branch_operator']) retrieved from /home/airflow/.local/lib/python3.8/site-packages/airflow/example_dags/example_branch_operator.py
[2023-11-03T19:51:53.123+0000] {logging_mixin.py:151} INFO - [2023-11-03T19:51:53.122+0000] {dag.py:2941} INFO - Sync 1 DAGs
[2023-11-03T19:51:53.202+0000] {logging_mixin.py:151} INFO - [2023-11-03T19:51:53.202+0000] {dag.py:3722} INFO - Setting next_dagrun for example_branch_operator to 2023-11-02T00:00:00+00:00, run_after=2023-11-03T00:00:00+00:00
[2023-11-03T19:51:53.265+0000] {processor.py:179} INFO - Processing /home/airflow/.local/lib/python3.8/site-packages/airflow/example_dags/example_branch_operator.py took 0.244 seconds
[2023-11-03T19:52:23.400+0000] {processor.py:157} INFO - Started process (PID=34665) to work on /home/airflow/.local/lib/python3.8/site-packages/airflow/example_dags/example_branch_operator.py
[2023-11-03T19:52:23.403+0000] {processor.py:829} INFO - Processing file /home/airflow/.local/lib/python3.8/site-packages/airflow/example_dags/example_branch_operator.py for tasks to queue
[2023-11-03T19:52:23.413+0000] {logging_mixin.py:151} INFO - [2023-11-03T19:52:23.412+0000] {dagbag.py:536} INFO - Filling up the DagBag from /home/airflow/.local/lib/python3.8/site-packages/airflow/example_dags/example_branch_operator.py
[2023-11-03T19:52:23.448+0000] {processor.py:839} INFO - DAG(s) dict_keys(['example_branch_operator']) retrieved from /home/airflow/.local/lib/python3.8/site-packages/airflow/example_dags/example_branch_operator.py
[2023-11-03T19:52:23.508+0000] {logging_mixin.py:151} INFO - [2023-11-03T19:52:23.508+0000] {dag.py:2941} INFO - Sync 1 DAGs
[2023-11-03T19:52:23.572+0000] {logging_mixin.py:151} INFO - [2023-11-03T19:52:23.571+0000] {dag.py:3722} INFO - Setting next_dagrun for example_branch_operator to 2023-11-02T00:00:00+00:00, run_after=2023-11-03T00:00:00+00:00
[2023-11-03T19:52:23.633+0000] {processor.py:179} INFO - Processing /home/airflow/.local/lib/python3.8/site-packages/airflow/example_dags/example_branch_operator.py took 0.245 seconds
[2023-11-03T19:52:53.938+0000] {processor.py:157} INFO - Started process (PID=34727) to work on /home/airflow/.local/lib/python3.8/site-packages/airflow/example_dags/example_branch_operator.py
[2023-11-03T19:52:53.959+0000] {processor.py:829} INFO - Processing file /home/airflow/.local/lib/python3.8/site-packages/airflow/example_dags/example_branch_operator.py for tasks to queue
[2023-11-03T19:52:53.970+0000] {logging_mixin.py:151} INFO - [2023-11-03T19:52:53.969+0000] {dagbag.py:536} INFO - Filling up the DagBag from /home/airflow/.local/lib/python3.8/site-packages/airflow/example_dags/example_branch_operator.py
[2023-11-03T19:52:54.027+0000] {processor.py:839} INFO - DAG(s) dict_keys(['example_branch_operator']) retrieved from /home/airflow/.local/lib/python3.8/site-packages/airflow/example_dags/example_branch_operator.py
[2023-11-03T19:52:54.095+0000] {logging_mixin.py:151} INFO - [2023-11-03T19:52:54.094+0000] {dag.py:2941} INFO - Sync 1 DAGs
[2023-11-03T19:52:54.167+0000] {logging_mixin.py:151} INFO - [2023-11-03T19:52:54.166+0000] {dag.py:3722} INFO - Setting next_dagrun for example_branch_operator to 2023-11-02T00:00:00+00:00, run_after=2023-11-03T00:00:00+00:00
[2023-11-03T19:52:54.240+0000] {processor.py:179} INFO - Processing /home/airflow/.local/lib/python3.8/site-packages/airflow/example_dags/example_branch_operator.py took 0.313 seconds
[2023-11-03T19:53:24.387+0000] {processor.py:157} INFO - Started process (PID=34789) to work on /home/airflow/.local/lib/python3.8/site-packages/airflow/example_dags/example_branch_operator.py
[2023-11-03T19:53:24.390+0000] {processor.py:829} INFO - Processing file /home/airflow/.local/lib/python3.8/site-packages/airflow/example_dags/example_branch_operator.py for tasks to queue
[2023-11-03T19:53:24.398+0000] {logging_mixin.py:151} INFO - [2023-11-03T19:53:24.396+0000] {dagbag.py:536} INFO - Filling up the DagBag from /home/airflow/.local/lib/python3.8/site-packages/airflow/example_dags/example_branch_operator.py
[2023-11-03T19:53:24.434+0000] {processor.py:839} INFO - DAG(s) dict_keys(['example_branch_operator']) retrieved from /home/airflow/.local/lib/python3.8/site-packages/airflow/example_dags/example_branch_operator.py
[2023-11-03T19:53:24.512+0000] {logging_mixin.py:151} INFO - [2023-11-03T19:53:24.511+0000] {dag.py:2941} INFO - Sync 1 DAGs
[2023-11-03T19:53:24.602+0000] {logging_mixin.py:151} INFO - [2023-11-03T19:53:24.601+0000] {dag.py:3722} INFO - Setting next_dagrun for example_branch_operator to 2023-11-02T00:00:00+00:00, run_after=2023-11-03T00:00:00+00:00
[2023-11-03T19:53:24.667+0000] {processor.py:179} INFO - Processing /home/airflow/.local/lib/python3.8/site-packages/airflow/example_dags/example_branch_operator.py took 0.291 seconds
[2023-11-03T19:53:54.770+0000] {processor.py:157} INFO - Started process (PID=34851) to work on /home/airflow/.local/lib/python3.8/site-packages/airflow/example_dags/example_branch_operator.py
[2023-11-03T19:53:54.774+0000] {processor.py:829} INFO - Processing file /home/airflow/.local/lib/python3.8/site-packages/airflow/example_dags/example_branch_operator.py for tasks to queue
[2023-11-03T19:53:54.783+0000] {logging_mixin.py:151} INFO - [2023-11-03T19:53:54.782+0000] {dagbag.py:536} INFO - Filling up the DagBag from /home/airflow/.local/lib/python3.8/site-packages/airflow/example_dags/example_branch_operator.py
[2023-11-03T19:53:54.809+0000] {processor.py:839} INFO - DAG(s) dict_keys(['example_branch_operator']) retrieved from /home/airflow/.local/lib/python3.8/site-packages/airflow/example_dags/example_branch_operator.py
[2023-11-03T19:53:54.906+0000] {logging_mixin.py:151} INFO - [2023-11-03T19:53:54.905+0000] {dag.py:2941} INFO - Sync 1 DAGs
[2023-11-03T19:53:54.974+0000] {logging_mixin.py:151} INFO - [2023-11-03T19:53:54.974+0000] {dag.py:3722} INFO - Setting next_dagrun for example_branch_operator to 2023-11-02T00:00:00+00:00, run_after=2023-11-03T00:00:00+00:00
[2023-11-03T19:53:55.047+0000] {processor.py:179} INFO - Processing /home/airflow/.local/lib/python3.8/site-packages/airflow/example_dags/example_branch_operator.py took 0.288 seconds
[2023-11-03T19:54:25.489+0000] {processor.py:157} INFO - Started process (PID=34913) to work on /home/airflow/.local/lib/python3.8/site-packages/airflow/example_dags/example_branch_operator.py
[2023-11-03T19:54:25.492+0000] {processor.py:829} INFO - Processing file /home/airflow/.local/lib/python3.8/site-packages/airflow/example_dags/example_branch_operator.py for tasks to queue
[2023-11-03T19:54:25.503+0000] {logging_mixin.py:151} INFO - [2023-11-03T19:54:25.501+0000] {dagbag.py:536} INFO - Filling up the DagBag from /home/airflow/.local/lib/python3.8/site-packages/airflow/example_dags/example_branch_operator.py
[2023-11-03T19:54:25.541+0000] {processor.py:839} INFO - DAG(s) dict_keys(['example_branch_operator']) retrieved from /home/airflow/.local/lib/python3.8/site-packages/airflow/example_dags/example_branch_operator.py
[2023-11-03T19:54:25.607+0000] {logging_mixin.py:151} INFO - [2023-11-03T19:54:25.606+0000] {dag.py:2941} INFO - Sync 1 DAGs
[2023-11-03T19:54:25.675+0000] {logging_mixin.py:151} INFO - [2023-11-03T19:54:25.674+0000] {dag.py:3722} INFO - Setting next_dagrun for example_branch_operator to 2023-11-02T00:00:00+00:00, run_after=2023-11-03T00:00:00+00:00
[2023-11-03T19:54:25.737+0000] {processor.py:179} INFO - Processing /home/airflow/.local/lib/python3.8/site-packages/airflow/example_dags/example_branch_operator.py took 0.258 seconds
[2023-11-03T19:54:55.911+0000] {processor.py:157} INFO - Started process (PID=34975) to work on /home/airflow/.local/lib/python3.8/site-packages/airflow/example_dags/example_branch_operator.py
[2023-11-03T19:54:55.922+0000] {processor.py:829} INFO - Processing file /home/airflow/.local/lib/python3.8/site-packages/airflow/example_dags/example_branch_operator.py for tasks to queue
[2023-11-03T19:54:55.936+0000] {logging_mixin.py:151} INFO - [2023-11-03T19:54:55.935+0000] {dagbag.py:536} INFO - Filling up the DagBag from /home/airflow/.local/lib/python3.8/site-packages/airflow/example_dags/example_branch_operator.py
[2023-11-03T19:54:55.993+0000] {processor.py:839} INFO - DAG(s) dict_keys(['example_branch_operator']) retrieved from /home/airflow/.local/lib/python3.8/site-packages/airflow/example_dags/example_branch_operator.py
[2023-11-03T19:54:56.070+0000] {logging_mixin.py:151} INFO - [2023-11-03T19:54:56.069+0000] {dag.py:2941} INFO - Sync 1 DAGs
[2023-11-03T19:54:56.139+0000] {logging_mixin.py:151} INFO - [2023-11-03T19:54:56.138+0000] {dag.py:3722} INFO - Setting next_dagrun for example_branch_operator to 2023-11-02T00:00:00+00:00, run_after=2023-11-03T00:00:00+00:00
[2023-11-03T19:54:56.216+0000] {processor.py:179} INFO - Processing /home/airflow/.local/lib/python3.8/site-packages/airflow/example_dags/example_branch_operator.py took 0.318 seconds
[2023-11-03T19:55:26.413+0000] {processor.py:157} INFO - Started process (PID=35037) to work on /home/airflow/.local/lib/python3.8/site-packages/airflow/example_dags/example_branch_operator.py
[2023-11-03T19:55:26.416+0000] {processor.py:829} INFO - Processing file /home/airflow/.local/lib/python3.8/site-packages/airflow/example_dags/example_branch_operator.py for tasks to queue
[2023-11-03T19:55:26.424+0000] {logging_mixin.py:151} INFO - [2023-11-03T19:55:26.422+0000] {dagbag.py:536} INFO - Filling up the DagBag from /home/airflow/.local/lib/python3.8/site-packages/airflow/example_dags/example_branch_operator.py
[2023-11-03T19:55:26.461+0000] {processor.py:839} INFO - DAG(s) dict_keys(['example_branch_operator']) retrieved from /home/airflow/.local/lib/python3.8/site-packages/airflow/example_dags/example_branch_operator.py
[2023-11-03T19:55:26.519+0000] {logging_mixin.py:151} INFO - [2023-11-03T19:55:26.519+0000] {dag.py:2941} INFO - Sync 1 DAGs
[2023-11-03T19:55:26.592+0000] {logging_mixin.py:151} INFO - [2023-11-03T19:55:26.592+0000] {dag.py:3722} INFO - Setting next_dagrun for example_branch_operator to 2023-11-02T00:00:00+00:00, run_after=2023-11-03T00:00:00+00:00
[2023-11-03T19:55:26.650+0000] {processor.py:179} INFO - Processing /home/airflow/.local/lib/python3.8/site-packages/airflow/example_dags/example_branch_operator.py took 0.249 seconds
[2023-11-03T19:55:56.794+0000] {processor.py:157} INFO - Started process (PID=35099) to work on /home/airflow/.local/lib/python3.8/site-packages/airflow/example_dags/example_branch_operator.py
[2023-11-03T19:55:56.797+0000] {processor.py:829} INFO - Processing file /home/airflow/.local/lib/python3.8/site-packages/airflow/example_dags/example_branch_operator.py for tasks to queue
[2023-11-03T19:55:56.806+0000] {logging_mixin.py:151} INFO - [2023-11-03T19:55:56.805+0000] {dagbag.py:536} INFO - Filling up the DagBag from /home/airflow/.local/lib/python3.8/site-packages/airflow/example_dags/example_branch_operator.py
[2023-11-03T19:55:56.834+0000] {processor.py:839} INFO - DAG(s) dict_keys(['example_branch_operator']) retrieved from /home/airflow/.local/lib/python3.8/site-packages/airflow/example_dags/example_branch_operator.py
[2023-11-03T19:55:56.898+0000] {logging_mixin.py:151} INFO - [2023-11-03T19:55:56.897+0000] {dag.py:2941} INFO - Sync 1 DAGs
[2023-11-03T19:55:56.964+0000] {logging_mixin.py:151} INFO - [2023-11-03T19:55:56.964+0000] {dag.py:3722} INFO - Setting next_dagrun for example_branch_operator to 2023-11-02T00:00:00+00:00, run_after=2023-11-03T00:00:00+00:00
[2023-11-03T19:55:57.027+0000] {processor.py:179} INFO - Processing /home/airflow/.local/lib/python3.8/site-packages/airflow/example_dags/example_branch_operator.py took 0.246 seconds
[2023-11-03T19:56:27.365+0000] {processor.py:157} INFO - Started process (PID=35161) to work on /home/airflow/.local/lib/python3.8/site-packages/airflow/example_dags/example_branch_operator.py
[2023-11-03T19:56:27.369+0000] {processor.py:829} INFO - Processing file /home/airflow/.local/lib/python3.8/site-packages/airflow/example_dags/example_branch_operator.py for tasks to queue
[2023-11-03T19:56:27.379+0000] {logging_mixin.py:151} INFO - [2023-11-03T19:56:27.378+0000] {dagbag.py:536} INFO - Filling up the DagBag from /home/airflow/.local/lib/python3.8/site-packages/airflow/example_dags/example_branch_operator.py
[2023-11-03T19:56:27.427+0000] {processor.py:839} INFO - DAG(s) dict_keys(['example_branch_operator']) retrieved from /home/airflow/.local/lib/python3.8/site-packages/airflow/example_dags/example_branch_operator.py
[2023-11-03T19:56:27.509+0000] {logging_mixin.py:151} INFO - [2023-11-03T19:56:27.508+0000] {dag.py:2941} INFO - Sync 1 DAGs
[2023-11-03T19:56:27.597+0000] {logging_mixin.py:151} INFO - [2023-11-03T19:56:27.597+0000] {dag.py:3722} INFO - Setting next_dagrun for example_branch_operator to 2023-11-02T00:00:00+00:00, run_after=2023-11-03T00:00:00+00:00
[2023-11-03T19:56:27.656+0000] {processor.py:179} INFO - Processing /home/airflow/.local/lib/python3.8/site-packages/airflow/example_dags/example_branch_operator.py took 0.308 seconds
[2023-11-03T19:56:58.545+0000] {processor.py:157} INFO - Started process (PID=35223) to work on /home/airflow/.local/lib/python3.8/site-packages/airflow/example_dags/example_branch_operator.py
[2023-11-03T19:56:58.547+0000] {processor.py:829} INFO - Processing file /home/airflow/.local/lib/python3.8/site-packages/airflow/example_dags/example_branch_operator.py for tasks to queue
[2023-11-03T19:56:58.557+0000] {logging_mixin.py:151} INFO - [2023-11-03T19:56:58.556+0000] {dagbag.py:536} INFO - Filling up the DagBag from /home/airflow/.local/lib/python3.8/site-packages/airflow/example_dags/example_branch_operator.py
[2023-11-03T19:56:58.592+0000] {processor.py:839} INFO - DAG(s) dict_keys(['example_branch_operator']) retrieved from /home/airflow/.local/lib/python3.8/site-packages/airflow/example_dags/example_branch_operator.py
[2023-11-03T19:56:58.654+0000] {logging_mixin.py:151} INFO - [2023-11-03T19:56:58.653+0000] {dag.py:2941} INFO - Sync 1 DAGs
[2023-11-03T19:56:58.720+0000] {logging_mixin.py:151} INFO - [2023-11-03T19:56:58.719+0000] {dag.py:3722} INFO - Setting next_dagrun for example_branch_operator to 2023-11-02T00:00:00+00:00, run_after=2023-11-03T00:00:00+00:00
[2023-11-03T19:56:58.774+0000] {processor.py:179} INFO - Processing /home/airflow/.local/lib/python3.8/site-packages/airflow/example_dags/example_branch_operator.py took 0.242 seconds
[2023-11-03T19:57:29.269+0000] {processor.py:157} INFO - Started process (PID=35285) to work on /home/airflow/.local/lib/python3.8/site-packages/airflow/example_dags/example_branch_operator.py
[2023-11-03T19:57:29.272+0000] {processor.py:829} INFO - Processing file /home/airflow/.local/lib/python3.8/site-packages/airflow/example_dags/example_branch_operator.py for tasks to queue
[2023-11-03T19:57:29.281+0000] {logging_mixin.py:151} INFO - [2023-11-03T19:57:29.280+0000] {dagbag.py:536} INFO - Filling up the DagBag from /home/airflow/.local/lib/python3.8/site-packages/airflow/example_dags/example_branch_operator.py
[2023-11-03T19:57:29.319+0000] {processor.py:839} INFO - DAG(s) dict_keys(['example_branch_operator']) retrieved from /home/airflow/.local/lib/python3.8/site-packages/airflow/example_dags/example_branch_operator.py
[2023-11-03T19:57:29.387+0000] {logging_mixin.py:151} INFO - [2023-11-03T19:57:29.387+0000] {dag.py:2941} INFO - Sync 1 DAGs
[2023-11-03T19:57:29.450+0000] {logging_mixin.py:151} INFO - [2023-11-03T19:57:29.449+0000] {dag.py:3722} INFO - Setting next_dagrun for example_branch_operator to 2023-11-02T00:00:00+00:00, run_after=2023-11-03T00:00:00+00:00
[2023-11-03T19:57:29.513+0000] {processor.py:179} INFO - Processing /home/airflow/.local/lib/python3.8/site-packages/airflow/example_dags/example_branch_operator.py took 0.258 seconds
[2023-11-03T19:57:59.770+0000] {processor.py:157} INFO - Started process (PID=35347) to work on /home/airflow/.local/lib/python3.8/site-packages/airflow/example_dags/example_branch_operator.py
[2023-11-03T19:57:59.773+0000] {processor.py:829} INFO - Processing file /home/airflow/.local/lib/python3.8/site-packages/airflow/example_dags/example_branch_operator.py for tasks to queue
[2023-11-03T19:57:59.791+0000] {logging_mixin.py:151} INFO - [2023-11-03T19:57:59.790+0000] {dagbag.py:536} INFO - Filling up the DagBag from /home/airflow/.local/lib/python3.8/site-packages/airflow/example_dags/example_branch_operator.py
[2023-11-03T19:57:59.864+0000] {processor.py:839} INFO - DAG(s) dict_keys(['example_branch_operator']) retrieved from /home/airflow/.local/lib/python3.8/site-packages/airflow/example_dags/example_branch_operator.py
[2023-11-03T19:57:59.987+0000] {logging_mixin.py:151} INFO - [2023-11-03T19:57:59.986+0000] {dag.py:2941} INFO - Sync 1 DAGs
[2023-11-03T19:58:00.067+0000] {logging_mixin.py:151} INFO - [2023-11-03T19:58:00.066+0000] {dag.py:3722} INFO - Setting next_dagrun for example_branch_operator to 2023-11-02T00:00:00+00:00, run_after=2023-11-03T00:00:00+00:00
[2023-11-03T19:58:00.127+0000] {processor.py:179} INFO - Processing /home/airflow/.local/lib/python3.8/site-packages/airflow/example_dags/example_branch_operator.py took 0.384 seconds
[2023-11-03T19:58:31.000+0000] {processor.py:157} INFO - Started process (PID=35409) to work on /home/airflow/.local/lib/python3.8/site-packages/airflow/example_dags/example_branch_operator.py
[2023-11-03T19:58:31.003+0000] {processor.py:829} INFO - Processing file /home/airflow/.local/lib/python3.8/site-packages/airflow/example_dags/example_branch_operator.py for tasks to queue
[2023-11-03T19:58:31.011+0000] {logging_mixin.py:151} INFO - [2023-11-03T19:58:31.009+0000] {dagbag.py:536} INFO - Filling up the DagBag from /home/airflow/.local/lib/python3.8/site-packages/airflow/example_dags/example_branch_operator.py
[2023-11-03T19:58:31.038+0000] {processor.py:839} INFO - DAG(s) dict_keys(['example_branch_operator']) retrieved from /home/airflow/.local/lib/python3.8/site-packages/airflow/example_dags/example_branch_operator.py
[2023-11-03T19:58:31.095+0000] {logging_mixin.py:151} INFO - [2023-11-03T19:58:31.095+0000] {dag.py:2941} INFO - Sync 1 DAGs
[2023-11-03T19:58:31.158+0000] {logging_mixin.py:151} INFO - [2023-11-03T19:58:31.158+0000] {dag.py:3722} INFO - Setting next_dagrun for example_branch_operator to 2023-11-02T00:00:00+00:00, run_after=2023-11-03T00:00:00+00:00
[2023-11-03T19:58:31.221+0000] {processor.py:179} INFO - Processing /home/airflow/.local/lib/python3.8/site-packages/airflow/example_dags/example_branch_operator.py took 0.234 seconds
[2023-11-03T19:59:01.933+0000] {processor.py:157} INFO - Started process (PID=35471) to work on /home/airflow/.local/lib/python3.8/site-packages/airflow/example_dags/example_branch_operator.py
[2023-11-03T19:59:01.941+0000] {processor.py:829} INFO - Processing file /home/airflow/.local/lib/python3.8/site-packages/airflow/example_dags/example_branch_operator.py for tasks to queue
[2023-11-03T19:59:01.965+0000] {logging_mixin.py:151} INFO - [2023-11-03T19:59:01.964+0000] {dagbag.py:536} INFO - Filling up the DagBag from /home/airflow/.local/lib/python3.8/site-packages/airflow/example_dags/example_branch_operator.py
[2023-11-03T19:59:02.003+0000] {processor.py:839} INFO - DAG(s) dict_keys(['example_branch_operator']) retrieved from /home/airflow/.local/lib/python3.8/site-packages/airflow/example_dags/example_branch_operator.py
[2023-11-03T19:59:02.092+0000] {logging_mixin.py:151} INFO - [2023-11-03T19:59:02.091+0000] {dag.py:2941} INFO - Sync 1 DAGs
[2023-11-03T19:59:02.170+0000] {logging_mixin.py:151} INFO - [2023-11-03T19:59:02.169+0000] {dag.py:3722} INFO - Setting next_dagrun for example_branch_operator to 2023-11-02T00:00:00+00:00, run_after=2023-11-03T00:00:00+00:00
[2023-11-03T19:59:02.235+0000] {processor.py:179} INFO - Processing /home/airflow/.local/lib/python3.8/site-packages/airflow/example_dags/example_branch_operator.py took 0.353 seconds
[2023-11-03T19:59:32.688+0000] {processor.py:157} INFO - Started process (PID=35533) to work on /home/airflow/.local/lib/python3.8/site-packages/airflow/example_dags/example_branch_operator.py
[2023-11-03T19:59:32.691+0000] {processor.py:829} INFO - Processing file /home/airflow/.local/lib/python3.8/site-packages/airflow/example_dags/example_branch_operator.py for tasks to queue
[2023-11-03T19:59:32.699+0000] {logging_mixin.py:151} INFO - [2023-11-03T19:59:32.698+0000] {dagbag.py:536} INFO - Filling up the DagBag from /home/airflow/.local/lib/python3.8/site-packages/airflow/example_dags/example_branch_operator.py
[2023-11-03T19:59:32.731+0000] {processor.py:839} INFO - DAG(s) dict_keys(['example_branch_operator']) retrieved from /home/airflow/.local/lib/python3.8/site-packages/airflow/example_dags/example_branch_operator.py
[2023-11-03T19:59:32.797+0000] {logging_mixin.py:151} INFO - [2023-11-03T19:59:32.796+0000] {dag.py:2941} INFO - Sync 1 DAGs
[2023-11-03T19:59:32.870+0000] {logging_mixin.py:151} INFO - [2023-11-03T19:59:32.869+0000] {dag.py:3722} INFO - Setting next_dagrun for example_branch_operator to 2023-11-02T00:00:00+00:00, run_after=2023-11-03T00:00:00+00:00
[2023-11-03T19:59:32.931+0000] {processor.py:179} INFO - Processing /home/airflow/.local/lib/python3.8/site-packages/airflow/example_dags/example_branch_operator.py took 0.252 seconds
[2023-11-03T20:00:03.431+0000] {processor.py:157} INFO - Started process (PID=35595) to work on /home/airflow/.local/lib/python3.8/site-packages/airflow/example_dags/example_branch_operator.py
[2023-11-03T20:00:03.435+0000] {processor.py:829} INFO - Processing file /home/airflow/.local/lib/python3.8/site-packages/airflow/example_dags/example_branch_operator.py for tasks to queue
[2023-11-03T20:00:03.445+0000] {logging_mixin.py:151} INFO - [2023-11-03T20:00:03.443+0000] {dagbag.py:536} INFO - Filling up the DagBag from /home/airflow/.local/lib/python3.8/site-packages/airflow/example_dags/example_branch_operator.py
[2023-11-03T20:00:03.472+0000] {processor.py:839} INFO - DAG(s) dict_keys(['example_branch_operator']) retrieved from /home/airflow/.local/lib/python3.8/site-packages/airflow/example_dags/example_branch_operator.py
[2023-11-03T20:00:03.539+0000] {logging_mixin.py:151} INFO - [2023-11-03T20:00:03.538+0000] {dag.py:2941} INFO - Sync 1 DAGs
[2023-11-03T20:00:03.604+0000] {logging_mixin.py:151} INFO - [2023-11-03T20:00:03.604+0000] {dag.py:3722} INFO - Setting next_dagrun for example_branch_operator to 2023-11-02T00:00:00+00:00, run_after=2023-11-03T00:00:00+00:00
[2023-11-03T20:00:03.665+0000] {processor.py:179} INFO - Processing /home/airflow/.local/lib/python3.8/site-packages/airflow/example_dags/example_branch_operator.py took 0.246 seconds
[2023-11-03T20:00:34.038+0000] {processor.py:157} INFO - Started process (PID=35657) to work on /home/airflow/.local/lib/python3.8/site-packages/airflow/example_dags/example_branch_operator.py
[2023-11-03T20:00:34.041+0000] {processor.py:829} INFO - Processing file /home/airflow/.local/lib/python3.8/site-packages/airflow/example_dags/example_branch_operator.py for tasks to queue
[2023-11-03T20:00:34.050+0000] {logging_mixin.py:151} INFO - [2023-11-03T20:00:34.049+0000] {dagbag.py:536} INFO - Filling up the DagBag from /home/airflow/.local/lib/python3.8/site-packages/airflow/example_dags/example_branch_operator.py
[2023-11-03T20:00:34.078+0000] {processor.py:839} INFO - DAG(s) dict_keys(['example_branch_operator']) retrieved from /home/airflow/.local/lib/python3.8/site-packages/airflow/example_dags/example_branch_operator.py
[2023-11-03T20:00:34.139+0000] {logging_mixin.py:151} INFO - [2023-11-03T20:00:34.139+0000] {dag.py:2941} INFO - Sync 1 DAGs
[2023-11-03T20:00:34.230+0000] {logging_mixin.py:151} INFO - [2023-11-03T20:00:34.229+0000] {dag.py:3722} INFO - Setting next_dagrun for example_branch_operator to 2023-11-02T00:00:00+00:00, run_after=2023-11-03T00:00:00+00:00
[2023-11-03T20:00:34.285+0000] {processor.py:179} INFO - Processing /home/airflow/.local/lib/python3.8/site-packages/airflow/example_dags/example_branch_operator.py took 0.258 seconds
[2023-11-03T20:01:05.049+0000] {processor.py:157} INFO - Started process (PID=35719) to work on /home/airflow/.local/lib/python3.8/site-packages/airflow/example_dags/example_branch_operator.py
[2023-11-03T20:01:05.053+0000] {processor.py:829} INFO - Processing file /home/airflow/.local/lib/python3.8/site-packages/airflow/example_dags/example_branch_operator.py for tasks to queue
[2023-11-03T20:01:05.062+0000] {logging_mixin.py:151} INFO - [2023-11-03T20:01:05.061+0000] {dagbag.py:536} INFO - Filling up the DagBag from /home/airflow/.local/lib/python3.8/site-packages/airflow/example_dags/example_branch_operator.py
[2023-11-03T20:01:05.090+0000] {processor.py:839} INFO - DAG(s) dict_keys(['example_branch_operator']) retrieved from /home/airflow/.local/lib/python3.8/site-packages/airflow/example_dags/example_branch_operator.py
[2023-11-03T20:01:05.151+0000] {logging_mixin.py:151} INFO - [2023-11-03T20:01:05.150+0000] {dag.py:2941} INFO - Sync 1 DAGs
[2023-11-03T20:01:05.222+0000] {logging_mixin.py:151} INFO - [2023-11-03T20:01:05.222+0000] {dag.py:3722} INFO - Setting next_dagrun for example_branch_operator to 2023-11-02T00:00:00+00:00, run_after=2023-11-03T00:00:00+00:00
[2023-11-03T20:01:05.286+0000] {processor.py:179} INFO - Processing /home/airflow/.local/lib/python3.8/site-packages/airflow/example_dags/example_branch_operator.py took 0.249 seconds
[2023-11-03T20:01:35.457+0000] {processor.py:157} INFO - Started process (PID=35781) to work on /home/airflow/.local/lib/python3.8/site-packages/airflow/example_dags/example_branch_operator.py
[2023-11-03T20:01:35.460+0000] {processor.py:829} INFO - Processing file /home/airflow/.local/lib/python3.8/site-packages/airflow/example_dags/example_branch_operator.py for tasks to queue
[2023-11-03T20:01:35.470+0000] {logging_mixin.py:151} INFO - [2023-11-03T20:01:35.469+0000] {dagbag.py:536} INFO - Filling up the DagBag from /home/airflow/.local/lib/python3.8/site-packages/airflow/example_dags/example_branch_operator.py
[2023-11-03T20:01:35.500+0000] {processor.py:839} INFO - DAG(s) dict_keys(['example_branch_operator']) retrieved from /home/airflow/.local/lib/python3.8/site-packages/airflow/example_dags/example_branch_operator.py
[2023-11-03T20:01:35.570+0000] {logging_mixin.py:151} INFO - [2023-11-03T20:01:35.569+0000] {dag.py:2941} INFO - Sync 1 DAGs
[2023-11-03T20:01:35.672+0000] {logging_mixin.py:151} INFO - [2023-11-03T20:01:35.671+0000] {dag.py:3722} INFO - Setting next_dagrun for example_branch_operator to 2023-11-02T00:00:00+00:00, run_after=2023-11-03T00:00:00+00:00
[2023-11-03T20:01:35.794+0000] {processor.py:179} INFO - Processing /home/airflow/.local/lib/python3.8/site-packages/airflow/example_dags/example_branch_operator.py took 0.347 seconds
[2023-11-03T20:02:06.232+0000] {processor.py:157} INFO - Started process (PID=35843) to work on /home/airflow/.local/lib/python3.8/site-packages/airflow/example_dags/example_branch_operator.py
[2023-11-03T20:02:06.235+0000] {processor.py:829} INFO - Processing file /home/airflow/.local/lib/python3.8/site-packages/airflow/example_dags/example_branch_operator.py for tasks to queue
[2023-11-03T20:02:06.244+0000] {logging_mixin.py:151} INFO - [2023-11-03T20:02:06.242+0000] {dagbag.py:536} INFO - Filling up the DagBag from /home/airflow/.local/lib/python3.8/site-packages/airflow/example_dags/example_branch_operator.py
[2023-11-03T20:02:06.282+0000] {processor.py:839} INFO - DAG(s) dict_keys(['example_branch_operator']) retrieved from /home/airflow/.local/lib/python3.8/site-packages/airflow/example_dags/example_branch_operator.py
[2023-11-03T20:02:06.348+0000] {logging_mixin.py:151} INFO - [2023-11-03T20:02:06.348+0000] {dag.py:2941} INFO - Sync 1 DAGs
[2023-11-03T20:02:06.451+0000] {logging_mixin.py:151} INFO - [2023-11-03T20:02:06.450+0000] {dag.py:3722} INFO - Setting next_dagrun for example_branch_operator to 2023-11-02T00:00:00+00:00, run_after=2023-11-03T00:00:00+00:00
[2023-11-03T20:02:06.523+0000] {processor.py:179} INFO - Processing /home/airflow/.local/lib/python3.8/site-packages/airflow/example_dags/example_branch_operator.py took 0.301 seconds
[2023-11-03T20:02:36.620+0000] {processor.py:157} INFO - Started process (PID=35905) to work on /home/airflow/.local/lib/python3.8/site-packages/airflow/example_dags/example_branch_operator.py
[2023-11-03T20:02:36.623+0000] {processor.py:829} INFO - Processing file /home/airflow/.local/lib/python3.8/site-packages/airflow/example_dags/example_branch_operator.py for tasks to queue
[2023-11-03T20:02:36.635+0000] {logging_mixin.py:151} INFO - [2023-11-03T20:02:36.633+0000] {dagbag.py:536} INFO - Filling up the DagBag from /home/airflow/.local/lib/python3.8/site-packages/airflow/example_dags/example_branch_operator.py
[2023-11-03T20:02:36.675+0000] {processor.py:839} INFO - DAG(s) dict_keys(['example_branch_operator']) retrieved from /home/airflow/.local/lib/python3.8/site-packages/airflow/example_dags/example_branch_operator.py
[2023-11-03T20:02:36.735+0000] {logging_mixin.py:151} INFO - [2023-11-03T20:02:36.734+0000] {dag.py:2941} INFO - Sync 1 DAGs
[2023-11-03T20:02:36.797+0000] {logging_mixin.py:151} INFO - [2023-11-03T20:02:36.796+0000] {dag.py:3722} INFO - Setting next_dagrun for example_branch_operator to 2023-11-02T00:00:00+00:00, run_after=2023-11-03T00:00:00+00:00
[2023-11-03T20:02:36.854+0000] {processor.py:179} INFO - Processing /home/airflow/.local/lib/python3.8/site-packages/airflow/example_dags/example_branch_operator.py took 0.249 seconds
[2023-11-03T20:03:07.187+0000] {processor.py:157} INFO - Started process (PID=35967) to work on /home/airflow/.local/lib/python3.8/site-packages/airflow/example_dags/example_branch_operator.py
[2023-11-03T20:03:07.194+0000] {processor.py:829} INFO - Processing file /home/airflow/.local/lib/python3.8/site-packages/airflow/example_dags/example_branch_operator.py for tasks to queue
[2023-11-03T20:03:07.205+0000] {logging_mixin.py:151} INFO - [2023-11-03T20:03:07.203+0000] {dagbag.py:536} INFO - Filling up the DagBag from /home/airflow/.local/lib/python3.8/site-packages/airflow/example_dags/example_branch_operator.py
[2023-11-03T20:03:07.245+0000] {processor.py:839} INFO - DAG(s) dict_keys(['example_branch_operator']) retrieved from /home/airflow/.local/lib/python3.8/site-packages/airflow/example_dags/example_branch_operator.py
[2023-11-03T20:03:07.340+0000] {logging_mixin.py:151} INFO - [2023-11-03T20:03:07.339+0000] {dag.py:2941} INFO - Sync 1 DAGs
[2023-11-03T20:03:07.433+0000] {logging_mixin.py:151} INFO - [2023-11-03T20:03:07.431+0000] {dag.py:3722} INFO - Setting next_dagrun for example_branch_operator to 2023-11-02T00:00:00+00:00, run_after=2023-11-03T00:00:00+00:00
[2023-11-03T20:03:07.541+0000] {processor.py:179} INFO - Processing /home/airflow/.local/lib/python3.8/site-packages/airflow/example_dags/example_branch_operator.py took 0.366 seconds
[2023-11-03T20:03:37.790+0000] {processor.py:157} INFO - Started process (PID=36036) to work on /home/airflow/.local/lib/python3.8/site-packages/airflow/example_dags/example_branch_operator.py
[2023-11-03T20:03:37.795+0000] {processor.py:829} INFO - Processing file /home/airflow/.local/lib/python3.8/site-packages/airflow/example_dags/example_branch_operator.py for tasks to queue
[2023-11-03T20:03:37.823+0000] {logging_mixin.py:151} INFO - [2023-11-03T20:03:37.822+0000] {dagbag.py:536} INFO - Filling up the DagBag from /home/airflow/.local/lib/python3.8/site-packages/airflow/example_dags/example_branch_operator.py
[2023-11-03T20:03:37.871+0000] {processor.py:839} INFO - DAG(s) dict_keys(['example_branch_operator']) retrieved from /home/airflow/.local/lib/python3.8/site-packages/airflow/example_dags/example_branch_operator.py
[2023-11-03T20:03:38.000+0000] {logging_mixin.py:151} INFO - [2023-11-03T20:03:37.999+0000] {dag.py:2941} INFO - Sync 1 DAGs
[2023-11-03T20:03:38.064+0000] {logging_mixin.py:151} INFO - [2023-11-03T20:03:38.063+0000] {dag.py:3722} INFO - Setting next_dagrun for example_branch_operator to 2023-11-02T00:00:00+00:00, run_after=2023-11-03T00:00:00+00:00
[2023-11-03T20:03:38.131+0000] {processor.py:179} INFO - Processing /home/airflow/.local/lib/python3.8/site-packages/airflow/example_dags/example_branch_operator.py took 0.367 seconds
[2023-11-03T20:04:08.750+0000] {processor.py:157} INFO - Started process (PID=36097) to work on /home/airflow/.local/lib/python3.8/site-packages/airflow/example_dags/example_branch_operator.py
[2023-11-03T20:04:08.753+0000] {processor.py:829} INFO - Processing file /home/airflow/.local/lib/python3.8/site-packages/airflow/example_dags/example_branch_operator.py for tasks to queue
[2023-11-03T20:04:08.762+0000] {logging_mixin.py:151} INFO - [2023-11-03T20:04:08.760+0000] {dagbag.py:536} INFO - Filling up the DagBag from /home/airflow/.local/lib/python3.8/site-packages/airflow/example_dags/example_branch_operator.py
[2023-11-03T20:04:08.800+0000] {processor.py:839} INFO - DAG(s) dict_keys(['example_branch_operator']) retrieved from /home/airflow/.local/lib/python3.8/site-packages/airflow/example_dags/example_branch_operator.py
[2023-11-03T20:04:08.860+0000] {logging_mixin.py:151} INFO - [2023-11-03T20:04:08.859+0000] {dag.py:2941} INFO - Sync 1 DAGs
[2023-11-03T20:04:08.917+0000] {logging_mixin.py:151} INFO - [2023-11-03T20:04:08.917+0000] {dag.py:3722} INFO - Setting next_dagrun for example_branch_operator to 2023-11-02T00:00:00+00:00, run_after=2023-11-03T00:00:00+00:00
[2023-11-03T20:04:08.976+0000] {processor.py:179} INFO - Processing /home/airflow/.local/lib/python3.8/site-packages/airflow/example_dags/example_branch_operator.py took 0.238 seconds
[2023-11-03T20:04:39.475+0000] {processor.py:157} INFO - Started process (PID=36159) to work on /home/airflow/.local/lib/python3.8/site-packages/airflow/example_dags/example_branch_operator.py
[2023-11-03T20:04:39.477+0000] {processor.py:829} INFO - Processing file /home/airflow/.local/lib/python3.8/site-packages/airflow/example_dags/example_branch_operator.py for tasks to queue
[2023-11-03T20:04:39.484+0000] {logging_mixin.py:151} INFO - [2023-11-03T20:04:39.482+0000] {dagbag.py:536} INFO - Filling up the DagBag from /home/airflow/.local/lib/python3.8/site-packages/airflow/example_dags/example_branch_operator.py
[2023-11-03T20:04:39.508+0000] {processor.py:839} INFO - DAG(s) dict_keys(['example_branch_operator']) retrieved from /home/airflow/.local/lib/python3.8/site-packages/airflow/example_dags/example_branch_operator.py
[2023-11-03T20:04:39.566+0000] {logging_mixin.py:151} INFO - [2023-11-03T20:04:39.565+0000] {dag.py:2941} INFO - Sync 1 DAGs
[2023-11-03T20:04:39.625+0000] {logging_mixin.py:151} INFO - [2023-11-03T20:04:39.624+0000] {dag.py:3722} INFO - Setting next_dagrun for example_branch_operator to 2023-11-02T00:00:00+00:00, run_after=2023-11-03T00:00:00+00:00
[2023-11-03T20:04:39.680+0000] {processor.py:179} INFO - Processing /home/airflow/.local/lib/python3.8/site-packages/airflow/example_dags/example_branch_operator.py took 0.212 seconds
[2023-11-03T20:05:10.555+0000] {processor.py:157} INFO - Started process (PID=36221) to work on /home/airflow/.local/lib/python3.8/site-packages/airflow/example_dags/example_branch_operator.py
[2023-11-03T20:05:10.558+0000] {processor.py:829} INFO - Processing file /home/airflow/.local/lib/python3.8/site-packages/airflow/example_dags/example_branch_operator.py for tasks to queue
[2023-11-03T20:05:10.565+0000] {logging_mixin.py:151} INFO - [2023-11-03T20:05:10.564+0000] {dagbag.py:536} INFO - Filling up the DagBag from /home/airflow/.local/lib/python3.8/site-packages/airflow/example_dags/example_branch_operator.py
[2023-11-03T20:05:10.594+0000] {processor.py:839} INFO - DAG(s) dict_keys(['example_branch_operator']) retrieved from /home/airflow/.local/lib/python3.8/site-packages/airflow/example_dags/example_branch_operator.py
[2023-11-03T20:05:10.660+0000] {logging_mixin.py:151} INFO - [2023-11-03T20:05:10.659+0000] {dag.py:2941} INFO - Sync 1 DAGs
[2023-11-03T20:05:10.724+0000] {logging_mixin.py:151} INFO - [2023-11-03T20:05:10.724+0000] {dag.py:3722} INFO - Setting next_dagrun for example_branch_operator to 2023-11-02T00:00:00+00:00, run_after=2023-11-03T00:00:00+00:00
[2023-11-03T20:05:10.785+0000] {processor.py:179} INFO - Processing /home/airflow/.local/lib/python3.8/site-packages/airflow/example_dags/example_branch_operator.py took 0.240 seconds
[2023-11-03T20:05:41.534+0000] {processor.py:157} INFO - Started process (PID=36283) to work on /home/airflow/.local/lib/python3.8/site-packages/airflow/example_dags/example_branch_operator.py
[2023-11-03T20:05:41.538+0000] {processor.py:829} INFO - Processing file /home/airflow/.local/lib/python3.8/site-packages/airflow/example_dags/example_branch_operator.py for tasks to queue
[2023-11-03T20:05:41.548+0000] {logging_mixin.py:151} INFO - [2023-11-03T20:05:41.547+0000] {dagbag.py:536} INFO - Filling up the DagBag from /home/airflow/.local/lib/python3.8/site-packages/airflow/example_dags/example_branch_operator.py
[2023-11-03T20:05:41.575+0000] {processor.py:839} INFO - DAG(s) dict_keys(['example_branch_operator']) retrieved from /home/airflow/.local/lib/python3.8/site-packages/airflow/example_dags/example_branch_operator.py
[2023-11-03T20:05:41.637+0000] {logging_mixin.py:151} INFO - [2023-11-03T20:05:41.637+0000] {dag.py:2941} INFO - Sync 1 DAGs
[2023-11-03T20:05:41.694+0000] {logging_mixin.py:151} INFO - [2023-11-03T20:05:41.693+0000] {dag.py:3722} INFO - Setting next_dagrun for example_branch_operator to 2023-11-02T00:00:00+00:00, run_after=2023-11-03T00:00:00+00:00
[2023-11-03T20:05:41.753+0000] {processor.py:179} INFO - Processing /home/airflow/.local/lib/python3.8/site-packages/airflow/example_dags/example_branch_operator.py took 0.229 seconds
