[2023-11-03T19:42:48.143+0000] {processor.py:157} INFO - Started process (PID=33504) to work on /home/airflow/.local/lib/python3.8/site-packages/airflow/example_dags/example_task_group_decorator.py
[2023-11-03T19:42:48.146+0000] {processor.py:829} INFO - Processing file /home/airflow/.local/lib/python3.8/site-packages/airflow/example_dags/example_task_group_decorator.py for tasks to queue
[2023-11-03T19:42:48.155+0000] {logging_mixin.py:151} INFO - [2023-11-03T19:42:48.153+0000] {dagbag.py:536} INFO - Filling up the DagBag from /home/airflow/.local/lib/python3.8/site-packages/airflow/example_dags/example_task_group_decorator.py
[2023-11-03T19:42:48.234+0000] {processor.py:839} INFO - DAG(s) dict_keys(['example_task_group_decorator']) retrieved from /home/airflow/.local/lib/python3.8/site-packages/airflow/example_dags/example_task_group_decorator.py
[2023-11-03T19:42:48.338+0000] {logging_mixin.py:151} INFO - [2023-11-03T19:42:48.333+0000] {dag.py:2941} INFO - Sync 1 DAGs
[2023-11-03T19:42:48.440+0000] {logging_mixin.py:151} INFO - [2023-11-03T19:42:48.439+0000] {dag.py:3722} INFO - Setting next_dagrun for example_task_group_decorator to 2023-11-02T19:42:48.438450+00:00, run_after=2023-11-03T19:42:48.438450+00:00
[2023-11-03T19:42:48.945+0000] {processor.py:179} INFO - Processing /home/airflow/.local/lib/python3.8/site-packages/airflow/example_dags/example_task_group_decorator.py took 0.814 seconds
[2023-11-03T19:43:19.043+0000] {processor.py:157} INFO - Started process (PID=33566) to work on /home/airflow/.local/lib/python3.8/site-packages/airflow/example_dags/example_task_group_decorator.py
[2023-11-03T19:43:19.046+0000] {processor.py:829} INFO - Processing file /home/airflow/.local/lib/python3.8/site-packages/airflow/example_dags/example_task_group_decorator.py for tasks to queue
[2023-11-03T19:43:19.055+0000] {logging_mixin.py:151} INFO - [2023-11-03T19:43:19.054+0000] {dagbag.py:536} INFO - Filling up the DagBag from /home/airflow/.local/lib/python3.8/site-packages/airflow/example_dags/example_task_group_decorator.py
[2023-11-03T19:43:19.105+0000] {processor.py:839} INFO - DAG(s) dict_keys(['example_task_group_decorator']) retrieved from /home/airflow/.local/lib/python3.8/site-packages/airflow/example_dags/example_task_group_decorator.py
[2023-11-03T19:43:19.200+0000] {logging_mixin.py:151} INFO - [2023-11-03T19:43:19.199+0000] {dag.py:2941} INFO - Sync 1 DAGs
[2023-11-03T19:43:19.278+0000] {logging_mixin.py:151} INFO - [2023-11-03T19:43:19.278+0000] {dag.py:3722} INFO - Setting next_dagrun for example_task_group_decorator to 2023-11-02T19:43:19.276882+00:00, run_after=2023-11-03T19:43:19.276882+00:00
[2023-11-03T19:43:19.350+0000] {processor.py:179} INFO - Processing /home/airflow/.local/lib/python3.8/site-packages/airflow/example_dags/example_task_group_decorator.py took 0.315 seconds
[2023-11-03T19:43:49.751+0000] {processor.py:157} INFO - Started process (PID=33628) to work on /home/airflow/.local/lib/python3.8/site-packages/airflow/example_dags/example_task_group_decorator.py
[2023-11-03T19:43:49.763+0000] {processor.py:829} INFO - Processing file /home/airflow/.local/lib/python3.8/site-packages/airflow/example_dags/example_task_group_decorator.py for tasks to queue
[2023-11-03T19:43:49.772+0000] {logging_mixin.py:151} INFO - [2023-11-03T19:43:49.771+0000] {dagbag.py:536} INFO - Filling up the DagBag from /home/airflow/.local/lib/python3.8/site-packages/airflow/example_dags/example_task_group_decorator.py
[2023-11-03T19:43:49.864+0000] {processor.py:839} INFO - DAG(s) dict_keys(['example_task_group_decorator']) retrieved from /home/airflow/.local/lib/python3.8/site-packages/airflow/example_dags/example_task_group_decorator.py
[2023-11-03T19:43:50.005+0000] {logging_mixin.py:151} INFO - [2023-11-03T19:43:50.004+0000] {dag.py:2941} INFO - Sync 1 DAGs
[2023-11-03T19:43:50.103+0000] {logging_mixin.py:151} INFO - [2023-11-03T19:43:50.102+0000] {dag.py:3722} INFO - Setting next_dagrun for example_task_group_decorator to 2023-11-02T19:43:50.101691+00:00, run_after=2023-11-03T19:43:50.101691+00:00
[2023-11-03T19:43:50.174+0000] {processor.py:179} INFO - Processing /home/airflow/.local/lib/python3.8/site-packages/airflow/example_dags/example_task_group_decorator.py took 0.438 seconds
[2023-11-03T19:44:20.321+0000] {processor.py:157} INFO - Started process (PID=33690) to work on /home/airflow/.local/lib/python3.8/site-packages/airflow/example_dags/example_task_group_decorator.py
[2023-11-03T19:44:20.324+0000] {processor.py:829} INFO - Processing file /home/airflow/.local/lib/python3.8/site-packages/airflow/example_dags/example_task_group_decorator.py for tasks to queue
[2023-11-03T19:44:20.331+0000] {logging_mixin.py:151} INFO - [2023-11-03T19:44:20.330+0000] {dagbag.py:536} INFO - Filling up the DagBag from /home/airflow/.local/lib/python3.8/site-packages/airflow/example_dags/example_task_group_decorator.py
[2023-11-03T19:44:20.373+0000] {processor.py:839} INFO - DAG(s) dict_keys(['example_task_group_decorator']) retrieved from /home/airflow/.local/lib/python3.8/site-packages/airflow/example_dags/example_task_group_decorator.py
[2023-11-03T19:44:20.437+0000] {logging_mixin.py:151} INFO - [2023-11-03T19:44:20.437+0000] {dag.py:2941} INFO - Sync 1 DAGs
[2023-11-03T19:44:20.512+0000] {logging_mixin.py:151} INFO - [2023-11-03T19:44:20.511+0000] {dag.py:3722} INFO - Setting next_dagrun for example_task_group_decorator to 2023-11-02T19:44:20.511019+00:00, run_after=2023-11-03T19:44:20.511019+00:00
[2023-11-03T19:44:20.572+0000] {processor.py:179} INFO - Processing /home/airflow/.local/lib/python3.8/site-packages/airflow/example_dags/example_task_group_decorator.py took 0.259 seconds
[2023-11-03T19:44:51.419+0000] {processor.py:157} INFO - Started process (PID=33752) to work on /home/airflow/.local/lib/python3.8/site-packages/airflow/example_dags/example_task_group_decorator.py
[2023-11-03T19:44:51.422+0000] {processor.py:829} INFO - Processing file /home/airflow/.local/lib/python3.8/site-packages/airflow/example_dags/example_task_group_decorator.py for tasks to queue
[2023-11-03T19:44:51.431+0000] {logging_mixin.py:151} INFO - [2023-11-03T19:44:51.429+0000] {dagbag.py:536} INFO - Filling up the DagBag from /home/airflow/.local/lib/python3.8/site-packages/airflow/example_dags/example_task_group_decorator.py
[2023-11-03T19:44:51.474+0000] {processor.py:839} INFO - DAG(s) dict_keys(['example_task_group_decorator']) retrieved from /home/airflow/.local/lib/python3.8/site-packages/airflow/example_dags/example_task_group_decorator.py
[2023-11-03T19:44:51.537+0000] {logging_mixin.py:151} INFO - [2023-11-03T19:44:51.536+0000] {dag.py:2941} INFO - Sync 1 DAGs
[2023-11-03T19:44:51.605+0000] {logging_mixin.py:151} INFO - [2023-11-03T19:44:51.605+0000] {dag.py:3722} INFO - Setting next_dagrun for example_task_group_decorator to 2023-11-02T19:44:51.604719+00:00, run_after=2023-11-03T19:44:51.604719+00:00
[2023-11-03T19:44:51.661+0000] {processor.py:179} INFO - Processing /home/airflow/.local/lib/python3.8/site-packages/airflow/example_dags/example_task_group_decorator.py took 0.255 seconds
[2023-11-03T19:45:21.950+0000] {processor.py:157} INFO - Started process (PID=33815) to work on /home/airflow/.local/lib/python3.8/site-packages/airflow/example_dags/example_task_group_decorator.py
[2023-11-03T19:45:21.953+0000] {processor.py:829} INFO - Processing file /home/airflow/.local/lib/python3.8/site-packages/airflow/example_dags/example_task_group_decorator.py for tasks to queue
[2023-11-03T19:45:21.960+0000] {logging_mixin.py:151} INFO - [2023-11-03T19:45:21.958+0000] {dagbag.py:536} INFO - Filling up the DagBag from /home/airflow/.local/lib/python3.8/site-packages/airflow/example_dags/example_task_group_decorator.py
[2023-11-03T19:45:22.002+0000] {processor.py:839} INFO - DAG(s) dict_keys(['example_task_group_decorator']) retrieved from /home/airflow/.local/lib/python3.8/site-packages/airflow/example_dags/example_task_group_decorator.py
[2023-11-03T19:45:22.067+0000] {logging_mixin.py:151} INFO - [2023-11-03T19:45:22.066+0000] {dag.py:2941} INFO - Sync 1 DAGs
[2023-11-03T19:45:22.133+0000] {logging_mixin.py:151} INFO - [2023-11-03T19:45:22.132+0000] {dag.py:3722} INFO - Setting next_dagrun for example_task_group_decorator to 2023-11-02T19:45:22.131850+00:00, run_after=2023-11-03T19:45:22.131850+00:00
[2023-11-03T19:45:22.198+0000] {processor.py:179} INFO - Processing /home/airflow/.local/lib/python3.8/site-packages/airflow/example_dags/example_task_group_decorator.py took 0.257 seconds
[2023-11-03T19:45:52.743+0000] {processor.py:157} INFO - Started process (PID=33877) to work on /home/airflow/.local/lib/python3.8/site-packages/airflow/example_dags/example_task_group_decorator.py
[2023-11-03T19:45:52.745+0000] {processor.py:829} INFO - Processing file /home/airflow/.local/lib/python3.8/site-packages/airflow/example_dags/example_task_group_decorator.py for tasks to queue
[2023-11-03T19:45:52.752+0000] {logging_mixin.py:151} INFO - [2023-11-03T19:45:52.751+0000] {dagbag.py:536} INFO - Filling up the DagBag from /home/airflow/.local/lib/python3.8/site-packages/airflow/example_dags/example_task_group_decorator.py
[2023-11-03T19:45:52.803+0000] {processor.py:839} INFO - DAG(s) dict_keys(['example_task_group_decorator']) retrieved from /home/airflow/.local/lib/python3.8/site-packages/airflow/example_dags/example_task_group_decorator.py
[2023-11-03T19:45:52.867+0000] {logging_mixin.py:151} INFO - [2023-11-03T19:45:52.866+0000] {dag.py:2941} INFO - Sync 1 DAGs
[2023-11-03T19:45:52.926+0000] {logging_mixin.py:151} INFO - [2023-11-03T19:45:52.925+0000] {dag.py:3722} INFO - Setting next_dagrun for example_task_group_decorator to 2023-11-02T19:45:52.925135+00:00, run_after=2023-11-03T19:45:52.925135+00:00
[2023-11-03T19:45:52.985+0000] {processor.py:179} INFO - Processing /home/airflow/.local/lib/python3.8/site-packages/airflow/example_dags/example_task_group_decorator.py took 0.251 seconds
[2023-11-03T19:46:23.731+0000] {processor.py:157} INFO - Started process (PID=33939) to work on /home/airflow/.local/lib/python3.8/site-packages/airflow/example_dags/example_task_group_decorator.py
[2023-11-03T19:46:23.733+0000] {processor.py:829} INFO - Processing file /home/airflow/.local/lib/python3.8/site-packages/airflow/example_dags/example_task_group_decorator.py for tasks to queue
[2023-11-03T19:46:23.740+0000] {logging_mixin.py:151} INFO - [2023-11-03T19:46:23.739+0000] {dagbag.py:536} INFO - Filling up the DagBag from /home/airflow/.local/lib/python3.8/site-packages/airflow/example_dags/example_task_group_decorator.py
[2023-11-03T19:46:23.784+0000] {processor.py:839} INFO - DAG(s) dict_keys(['example_task_group_decorator']) retrieved from /home/airflow/.local/lib/python3.8/site-packages/airflow/example_dags/example_task_group_decorator.py
[2023-11-03T19:46:23.846+0000] {logging_mixin.py:151} INFO - [2023-11-03T19:46:23.846+0000] {dag.py:2941} INFO - Sync 1 DAGs
[2023-11-03T19:46:23.921+0000] {logging_mixin.py:151} INFO - [2023-11-03T19:46:23.921+0000] {dag.py:3722} INFO - Setting next_dagrun for example_task_group_decorator to 2023-11-02T19:46:23.920518+00:00, run_after=2023-11-03T19:46:23.920518+00:00
[2023-11-03T19:46:23.978+0000] {processor.py:179} INFO - Processing /home/airflow/.local/lib/python3.8/site-packages/airflow/example_dags/example_task_group_decorator.py took 0.255 seconds
[2023-11-03T19:46:54.545+0000] {processor.py:157} INFO - Started process (PID=34001) to work on /home/airflow/.local/lib/python3.8/site-packages/airflow/example_dags/example_task_group_decorator.py
[2023-11-03T19:46:54.548+0000] {processor.py:829} INFO - Processing file /home/airflow/.local/lib/python3.8/site-packages/airflow/example_dags/example_task_group_decorator.py for tasks to queue
[2023-11-03T19:46:54.557+0000] {logging_mixin.py:151} INFO - [2023-11-03T19:46:54.554+0000] {dagbag.py:536} INFO - Filling up the DagBag from /home/airflow/.local/lib/python3.8/site-packages/airflow/example_dags/example_task_group_decorator.py
[2023-11-03T19:46:54.594+0000] {processor.py:839} INFO - DAG(s) dict_keys(['example_task_group_decorator']) retrieved from /home/airflow/.local/lib/python3.8/site-packages/airflow/example_dags/example_task_group_decorator.py
[2023-11-03T19:46:54.656+0000] {logging_mixin.py:151} INFO - [2023-11-03T19:46:54.655+0000] {dag.py:2941} INFO - Sync 1 DAGs
[2023-11-03T19:46:54.734+0000] {logging_mixin.py:151} INFO - [2023-11-03T19:46:54.734+0000] {dag.py:3722} INFO - Setting next_dagrun for example_task_group_decorator to 2023-11-02T19:46:54.733338+00:00, run_after=2023-11-03T19:46:54.733338+00:00
[2023-11-03T19:46:54.797+0000] {processor.py:179} INFO - Processing /home/airflow/.local/lib/python3.8/site-packages/airflow/example_dags/example_task_group_decorator.py took 0.264 seconds
[2023-11-03T19:47:25.070+0000] {processor.py:157} INFO - Started process (PID=34063) to work on /home/airflow/.local/lib/python3.8/site-packages/airflow/example_dags/example_task_group_decorator.py
[2023-11-03T19:47:25.074+0000] {processor.py:829} INFO - Processing file /home/airflow/.local/lib/python3.8/site-packages/airflow/example_dags/example_task_group_decorator.py for tasks to queue
[2023-11-03T19:47:25.082+0000] {logging_mixin.py:151} INFO - [2023-11-03T19:47:25.080+0000] {dagbag.py:536} INFO - Filling up the DagBag from /home/airflow/.local/lib/python3.8/site-packages/airflow/example_dags/example_task_group_decorator.py
[2023-11-03T19:47:25.140+0000] {processor.py:839} INFO - DAG(s) dict_keys(['example_task_group_decorator']) retrieved from /home/airflow/.local/lib/python3.8/site-packages/airflow/example_dags/example_task_group_decorator.py
[2023-11-03T19:47:25.245+0000] {logging_mixin.py:151} INFO - [2023-11-03T19:47:25.244+0000] {dag.py:2941} INFO - Sync 1 DAGs
[2023-11-03T19:47:25.321+0000] {logging_mixin.py:151} INFO - [2023-11-03T19:47:25.320+0000] {dag.py:3722} INFO - Setting next_dagrun for example_task_group_decorator to 2023-11-02T19:47:25.320022+00:00, run_after=2023-11-03T19:47:25.320022+00:00
[2023-11-03T19:47:25.379+0000] {processor.py:179} INFO - Processing /home/airflow/.local/lib/python3.8/site-packages/airflow/example_dags/example_task_group_decorator.py took 0.321 seconds
[2023-11-03T19:47:55.591+0000] {processor.py:157} INFO - Started process (PID=34125) to work on /home/airflow/.local/lib/python3.8/site-packages/airflow/example_dags/example_task_group_decorator.py
[2023-11-03T19:47:55.594+0000] {processor.py:829} INFO - Processing file /home/airflow/.local/lib/python3.8/site-packages/airflow/example_dags/example_task_group_decorator.py for tasks to queue
[2023-11-03T19:47:55.602+0000] {logging_mixin.py:151} INFO - [2023-11-03T19:47:55.601+0000] {dagbag.py:536} INFO - Filling up the DagBag from /home/airflow/.local/lib/python3.8/site-packages/airflow/example_dags/example_task_group_decorator.py
[2023-11-03T19:47:55.641+0000] {processor.py:839} INFO - DAG(s) dict_keys(['example_task_group_decorator']) retrieved from /home/airflow/.local/lib/python3.8/site-packages/airflow/example_dags/example_task_group_decorator.py
[2023-11-03T19:47:55.727+0000] {logging_mixin.py:151} INFO - [2023-11-03T19:47:55.726+0000] {dag.py:2941} INFO - Sync 1 DAGs
[2023-11-03T19:47:55.857+0000] {logging_mixin.py:151} INFO - [2023-11-03T19:47:55.856+0000] {dag.py:3722} INFO - Setting next_dagrun for example_task_group_decorator to 2023-11-02T19:47:55.855140+00:00, run_after=2023-11-03T19:47:55.855140+00:00
[2023-11-03T19:47:55.995+0000] {processor.py:179} INFO - Processing /home/airflow/.local/lib/python3.8/site-packages/airflow/example_dags/example_task_group_decorator.py took 0.413 seconds
[2023-11-03T19:48:26.341+0000] {processor.py:157} INFO - Started process (PID=34187) to work on /home/airflow/.local/lib/python3.8/site-packages/airflow/example_dags/example_task_group_decorator.py
[2023-11-03T19:48:26.345+0000] {processor.py:829} INFO - Processing file /home/airflow/.local/lib/python3.8/site-packages/airflow/example_dags/example_task_group_decorator.py for tasks to queue
[2023-11-03T19:48:26.355+0000] {logging_mixin.py:151} INFO - [2023-11-03T19:48:26.353+0000] {dagbag.py:536} INFO - Filling up the DagBag from /home/airflow/.local/lib/python3.8/site-packages/airflow/example_dags/example_task_group_decorator.py
[2023-11-03T19:48:26.395+0000] {processor.py:839} INFO - DAG(s) dict_keys(['example_task_group_decorator']) retrieved from /home/airflow/.local/lib/python3.8/site-packages/airflow/example_dags/example_task_group_decorator.py
[2023-11-03T19:48:26.476+0000] {logging_mixin.py:151} INFO - [2023-11-03T19:48:26.475+0000] {dag.py:2941} INFO - Sync 1 DAGs
[2023-11-03T19:48:26.538+0000] {logging_mixin.py:151} INFO - [2023-11-03T19:48:26.537+0000] {dag.py:3722} INFO - Setting next_dagrun for example_task_group_decorator to 2023-11-02T19:48:26.537268+00:00, run_after=2023-11-03T19:48:26.537268+00:00
[2023-11-03T19:48:26.607+0000] {processor.py:179} INFO - Processing /home/airflow/.local/lib/python3.8/site-packages/airflow/example_dags/example_task_group_decorator.py took 0.278 seconds
[2023-11-03T19:48:57.124+0000] {processor.py:157} INFO - Started process (PID=34249) to work on /home/airflow/.local/lib/python3.8/site-packages/airflow/example_dags/example_task_group_decorator.py
[2023-11-03T19:48:57.127+0000] {processor.py:829} INFO - Processing file /home/airflow/.local/lib/python3.8/site-packages/airflow/example_dags/example_task_group_decorator.py for tasks to queue
[2023-11-03T19:48:57.135+0000] {logging_mixin.py:151} INFO - [2023-11-03T19:48:57.133+0000] {dagbag.py:536} INFO - Filling up the DagBag from /home/airflow/.local/lib/python3.8/site-packages/airflow/example_dags/example_task_group_decorator.py
[2023-11-03T19:48:57.185+0000] {processor.py:839} INFO - DAG(s) dict_keys(['example_task_group_decorator']) retrieved from /home/airflow/.local/lib/python3.8/site-packages/airflow/example_dags/example_task_group_decorator.py
[2023-11-03T19:48:57.280+0000] {logging_mixin.py:151} INFO - [2023-11-03T19:48:57.279+0000] {dag.py:2941} INFO - Sync 1 DAGs
[2023-11-03T19:48:57.354+0000] {logging_mixin.py:151} INFO - [2023-11-03T19:48:57.353+0000] {dag.py:3722} INFO - Setting next_dagrun for example_task_group_decorator to 2023-11-02T19:48:57.353018+00:00, run_after=2023-11-03T19:48:57.353018+00:00
[2023-11-03T19:48:57.438+0000] {processor.py:179} INFO - Processing /home/airflow/.local/lib/python3.8/site-packages/airflow/example_dags/example_task_group_decorator.py took 0.323 seconds
[2023-11-03T19:49:27.952+0000] {processor.py:157} INFO - Started process (PID=34311) to work on /home/airflow/.local/lib/python3.8/site-packages/airflow/example_dags/example_task_group_decorator.py
[2023-11-03T19:49:27.962+0000] {processor.py:829} INFO - Processing file /home/airflow/.local/lib/python3.8/site-packages/airflow/example_dags/example_task_group_decorator.py for tasks to queue
[2023-11-03T19:49:27.974+0000] {logging_mixin.py:151} INFO - [2023-11-03T19:49:27.972+0000] {dagbag.py:536} INFO - Filling up the DagBag from /home/airflow/.local/lib/python3.8/site-packages/airflow/example_dags/example_task_group_decorator.py
[2023-11-03T19:49:28.028+0000] {processor.py:839} INFO - DAG(s) dict_keys(['example_task_group_decorator']) retrieved from /home/airflow/.local/lib/python3.8/site-packages/airflow/example_dags/example_task_group_decorator.py
[2023-11-03T19:49:28.091+0000] {logging_mixin.py:151} INFO - [2023-11-03T19:49:28.090+0000] {dag.py:2941} INFO - Sync 1 DAGs
[2023-11-03T19:49:28.153+0000] {logging_mixin.py:151} INFO - [2023-11-03T19:49:28.152+0000] {dag.py:3722} INFO - Setting next_dagrun for example_task_group_decorator to 2023-11-02T19:49:28.151712+00:00, run_after=2023-11-03T19:49:28.151712+00:00
[2023-11-03T19:49:28.212+0000] {processor.py:179} INFO - Processing /home/airflow/.local/lib/python3.8/site-packages/airflow/example_dags/example_task_group_decorator.py took 0.275 seconds
[2023-11-03T19:49:58.802+0000] {processor.py:157} INFO - Started process (PID=34373) to work on /home/airflow/.local/lib/python3.8/site-packages/airflow/example_dags/example_task_group_decorator.py
[2023-11-03T19:49:58.804+0000] {processor.py:829} INFO - Processing file /home/airflow/.local/lib/python3.8/site-packages/airflow/example_dags/example_task_group_decorator.py for tasks to queue
[2023-11-03T19:49:58.812+0000] {logging_mixin.py:151} INFO - [2023-11-03T19:49:58.810+0000] {dagbag.py:536} INFO - Filling up the DagBag from /home/airflow/.local/lib/python3.8/site-packages/airflow/example_dags/example_task_group_decorator.py
[2023-11-03T19:49:58.856+0000] {processor.py:839} INFO - DAG(s) dict_keys(['example_task_group_decorator']) retrieved from /home/airflow/.local/lib/python3.8/site-packages/airflow/example_dags/example_task_group_decorator.py
[2023-11-03T19:49:58.918+0000] {logging_mixin.py:151} INFO - [2023-11-03T19:49:58.917+0000] {dag.py:2941} INFO - Sync 1 DAGs
[2023-11-03T19:49:58.986+0000] {logging_mixin.py:151} INFO - [2023-11-03T19:49:58.985+0000] {dag.py:3722} INFO - Setting next_dagrun for example_task_group_decorator to 2023-11-02T19:49:58.984722+00:00, run_after=2023-11-03T19:49:58.984722+00:00
[2023-11-03T19:49:59.045+0000] {processor.py:179} INFO - Processing /home/airflow/.local/lib/python3.8/site-packages/airflow/example_dags/example_task_group_decorator.py took 0.252 seconds
[2023-11-03T19:50:29.902+0000] {processor.py:157} INFO - Started process (PID=34435) to work on /home/airflow/.local/lib/python3.8/site-packages/airflow/example_dags/example_task_group_decorator.py
[2023-11-03T19:50:29.909+0000] {processor.py:829} INFO - Processing file /home/airflow/.local/lib/python3.8/site-packages/airflow/example_dags/example_task_group_decorator.py for tasks to queue
[2023-11-03T19:50:29.930+0000] {logging_mixin.py:151} INFO - [2023-11-03T19:50:29.928+0000] {dagbag.py:536} INFO - Filling up the DagBag from /home/airflow/.local/lib/python3.8/site-packages/airflow/example_dags/example_task_group_decorator.py
[2023-11-03T19:50:29.992+0000] {processor.py:839} INFO - DAG(s) dict_keys(['example_task_group_decorator']) retrieved from /home/airflow/.local/lib/python3.8/site-packages/airflow/example_dags/example_task_group_decorator.py
[2023-11-03T19:50:30.090+0000] {logging_mixin.py:151} INFO - [2023-11-03T19:50:30.090+0000] {dag.py:2941} INFO - Sync 1 DAGs
[2023-11-03T19:50:30.147+0000] {logging_mixin.py:151} INFO - [2023-11-03T19:50:30.146+0000] {dag.py:3722} INFO - Setting next_dagrun for example_task_group_decorator to 2023-11-02T19:50:30.146006+00:00, run_after=2023-11-03T19:50:30.146006+00:00
[2023-11-03T19:50:30.210+0000] {processor.py:179} INFO - Processing /home/airflow/.local/lib/python3.8/site-packages/airflow/example_dags/example_task_group_decorator.py took 0.349 seconds
[2023-11-03T19:51:01.106+0000] {processor.py:157} INFO - Started process (PID=34497) to work on /home/airflow/.local/lib/python3.8/site-packages/airflow/example_dags/example_task_group_decorator.py
[2023-11-03T19:51:01.110+0000] {processor.py:829} INFO - Processing file /home/airflow/.local/lib/python3.8/site-packages/airflow/example_dags/example_task_group_decorator.py for tasks to queue
[2023-11-03T19:51:01.121+0000] {logging_mixin.py:151} INFO - [2023-11-03T19:51:01.119+0000] {dagbag.py:536} INFO - Filling up the DagBag from /home/airflow/.local/lib/python3.8/site-packages/airflow/example_dags/example_task_group_decorator.py
[2023-11-03T19:51:01.160+0000] {processor.py:839} INFO - DAG(s) dict_keys(['example_task_group_decorator']) retrieved from /home/airflow/.local/lib/python3.8/site-packages/airflow/example_dags/example_task_group_decorator.py
[2023-11-03T19:51:01.234+0000] {logging_mixin.py:151} INFO - [2023-11-03T19:51:01.233+0000] {dag.py:2941} INFO - Sync 1 DAGs
[2023-11-03T19:51:01.293+0000] {logging_mixin.py:151} INFO - [2023-11-03T19:51:01.292+0000] {dag.py:3722} INFO - Setting next_dagrun for example_task_group_decorator to 2023-11-02T19:51:01.292241+00:00, run_after=2023-11-03T19:51:01.292241+00:00
[2023-11-03T19:51:01.365+0000] {processor.py:179} INFO - Processing /home/airflow/.local/lib/python3.8/site-packages/airflow/example_dags/example_task_group_decorator.py took 0.272 seconds
[2023-11-03T19:51:31.968+0000] {processor.py:157} INFO - Started process (PID=34559) to work on /home/airflow/.local/lib/python3.8/site-packages/airflow/example_dags/example_task_group_decorator.py
[2023-11-03T19:51:31.972+0000] {processor.py:829} INFO - Processing file /home/airflow/.local/lib/python3.8/site-packages/airflow/example_dags/example_task_group_decorator.py for tasks to queue
[2023-11-03T19:51:31.981+0000] {logging_mixin.py:151} INFO - [2023-11-03T19:51:31.979+0000] {dagbag.py:536} INFO - Filling up the DagBag from /home/airflow/.local/lib/python3.8/site-packages/airflow/example_dags/example_task_group_decorator.py
[2023-11-03T19:51:32.043+0000] {processor.py:839} INFO - DAG(s) dict_keys(['example_task_group_decorator']) retrieved from /home/airflow/.local/lib/python3.8/site-packages/airflow/example_dags/example_task_group_decorator.py
[2023-11-03T19:51:32.121+0000] {logging_mixin.py:151} INFO - [2023-11-03T19:51:32.120+0000] {dag.py:2941} INFO - Sync 1 DAGs
[2023-11-03T19:51:32.193+0000] {logging_mixin.py:151} INFO - [2023-11-03T19:51:32.192+0000] {dag.py:3722} INFO - Setting next_dagrun for example_task_group_decorator to 2023-11-02T19:51:32.191783+00:00, run_after=2023-11-03T19:51:32.191783+00:00
[2023-11-03T19:51:32.252+0000] {processor.py:179} INFO - Processing /home/airflow/.local/lib/python3.8/site-packages/airflow/example_dags/example_task_group_decorator.py took 0.296 seconds
[2023-11-03T19:52:03.183+0000] {processor.py:157} INFO - Started process (PID=34621) to work on /home/airflow/.local/lib/python3.8/site-packages/airflow/example_dags/example_task_group_decorator.py
[2023-11-03T19:52:03.187+0000] {processor.py:829} INFO - Processing file /home/airflow/.local/lib/python3.8/site-packages/airflow/example_dags/example_task_group_decorator.py for tasks to queue
[2023-11-03T19:52:03.214+0000] {logging_mixin.py:151} INFO - [2023-11-03T19:52:03.212+0000] {dagbag.py:536} INFO - Filling up the DagBag from /home/airflow/.local/lib/python3.8/site-packages/airflow/example_dags/example_task_group_decorator.py
[2023-11-03T19:52:03.266+0000] {processor.py:839} INFO - DAG(s) dict_keys(['example_task_group_decorator']) retrieved from /home/airflow/.local/lib/python3.8/site-packages/airflow/example_dags/example_task_group_decorator.py
[2023-11-03T19:52:03.338+0000] {logging_mixin.py:151} INFO - [2023-11-03T19:52:03.337+0000] {dag.py:2941} INFO - Sync 1 DAGs
[2023-11-03T19:52:03.398+0000] {logging_mixin.py:151} INFO - [2023-11-03T19:52:03.397+0000] {dag.py:3722} INFO - Setting next_dagrun for example_task_group_decorator to 2023-11-02T19:52:03.396944+00:00, run_after=2023-11-03T19:52:03.396944+00:00
[2023-11-03T19:52:03.463+0000] {processor.py:179} INFO - Processing /home/airflow/.local/lib/python3.8/site-packages/airflow/example_dags/example_task_group_decorator.py took 0.295 seconds
[2023-11-03T19:52:34.152+0000] {processor.py:157} INFO - Started process (PID=34683) to work on /home/airflow/.local/lib/python3.8/site-packages/airflow/example_dags/example_task_group_decorator.py
[2023-11-03T19:52:34.155+0000] {processor.py:829} INFO - Processing file /home/airflow/.local/lib/python3.8/site-packages/airflow/example_dags/example_task_group_decorator.py for tasks to queue
[2023-11-03T19:52:34.167+0000] {logging_mixin.py:151} INFO - [2023-11-03T19:52:34.163+0000] {dagbag.py:536} INFO - Filling up the DagBag from /home/airflow/.local/lib/python3.8/site-packages/airflow/example_dags/example_task_group_decorator.py
[2023-11-03T19:52:34.223+0000] {processor.py:839} INFO - DAG(s) dict_keys(['example_task_group_decorator']) retrieved from /home/airflow/.local/lib/python3.8/site-packages/airflow/example_dags/example_task_group_decorator.py
[2023-11-03T19:52:34.290+0000] {logging_mixin.py:151} INFO - [2023-11-03T19:52:34.290+0000] {dag.py:2941} INFO - Sync 1 DAGs
[2023-11-03T19:52:34.365+0000] {logging_mixin.py:151} INFO - [2023-11-03T19:52:34.364+0000] {dag.py:3722} INFO - Setting next_dagrun for example_task_group_decorator to 2023-11-02T19:52:34.364000+00:00, run_after=2023-11-03T19:52:34.364000+00:00
[2023-11-03T19:52:34.435+0000] {processor.py:179} INFO - Processing /home/airflow/.local/lib/python3.8/site-packages/airflow/example_dags/example_task_group_decorator.py took 0.296 seconds
[2023-11-03T19:53:05.317+0000] {processor.py:157} INFO - Started process (PID=34752) to work on /home/airflow/.local/lib/python3.8/site-packages/airflow/example_dags/example_task_group_decorator.py
[2023-11-03T19:53:05.320+0000] {processor.py:829} INFO - Processing file /home/airflow/.local/lib/python3.8/site-packages/airflow/example_dags/example_task_group_decorator.py for tasks to queue
[2023-11-03T19:53:05.329+0000] {logging_mixin.py:151} INFO - [2023-11-03T19:53:05.327+0000] {dagbag.py:536} INFO - Filling up the DagBag from /home/airflow/.local/lib/python3.8/site-packages/airflow/example_dags/example_task_group_decorator.py
[2023-11-03T19:53:05.375+0000] {processor.py:839} INFO - DAG(s) dict_keys(['example_task_group_decorator']) retrieved from /home/airflow/.local/lib/python3.8/site-packages/airflow/example_dags/example_task_group_decorator.py
[2023-11-03T19:53:05.443+0000] {logging_mixin.py:151} INFO - [2023-11-03T19:53:05.442+0000] {dag.py:2941} INFO - Sync 1 DAGs
[2023-11-03T19:53:05.502+0000] {logging_mixin.py:151} INFO - [2023-11-03T19:53:05.502+0000] {dag.py:3722} INFO - Setting next_dagrun for example_task_group_decorator to 2023-11-02T19:53:05.501513+00:00, run_after=2023-11-03T19:53:05.501513+00:00
[2023-11-03T19:53:05.569+0000] {processor.py:179} INFO - Processing /home/airflow/.local/lib/python3.8/site-packages/airflow/example_dags/example_task_group_decorator.py took 0.261 seconds
[2023-11-03T19:53:35.988+0000] {processor.py:157} INFO - Started process (PID=34814) to work on /home/airflow/.local/lib/python3.8/site-packages/airflow/example_dags/example_task_group_decorator.py
[2023-11-03T19:53:35.992+0000] {processor.py:829} INFO - Processing file /home/airflow/.local/lib/python3.8/site-packages/airflow/example_dags/example_task_group_decorator.py for tasks to queue
[2023-11-03T19:53:36.000+0000] {logging_mixin.py:151} INFO - [2023-11-03T19:53:35.998+0000] {dagbag.py:536} INFO - Filling up the DagBag from /home/airflow/.local/lib/python3.8/site-packages/airflow/example_dags/example_task_group_decorator.py
[2023-11-03T19:53:36.053+0000] {processor.py:839} INFO - DAG(s) dict_keys(['example_task_group_decorator']) retrieved from /home/airflow/.local/lib/python3.8/site-packages/airflow/example_dags/example_task_group_decorator.py
[2023-11-03T19:53:36.120+0000] {logging_mixin.py:151} INFO - [2023-11-03T19:53:36.119+0000] {dag.py:2941} INFO - Sync 1 DAGs
[2023-11-03T19:53:36.213+0000] {logging_mixin.py:151} INFO - [2023-11-03T19:53:36.212+0000] {dag.py:3722} INFO - Setting next_dagrun for example_task_group_decorator to 2023-11-02T19:53:36.211984+00:00, run_after=2023-11-03T19:53:36.211984+00:00
[2023-11-03T19:53:36.280+0000] {processor.py:179} INFO - Processing /home/airflow/.local/lib/python3.8/site-packages/airflow/example_dags/example_task_group_decorator.py took 0.305 seconds
[2023-11-03T19:54:07.402+0000] {processor.py:157} INFO - Started process (PID=34876) to work on /home/airflow/.local/lib/python3.8/site-packages/airflow/example_dags/example_task_group_decorator.py
[2023-11-03T19:54:07.405+0000] {processor.py:829} INFO - Processing file /home/airflow/.local/lib/python3.8/site-packages/airflow/example_dags/example_task_group_decorator.py for tasks to queue
[2023-11-03T19:54:07.414+0000] {logging_mixin.py:151} INFO - [2023-11-03T19:54:07.412+0000] {dagbag.py:536} INFO - Filling up the DagBag from /home/airflow/.local/lib/python3.8/site-packages/airflow/example_dags/example_task_group_decorator.py
[2023-11-03T19:54:07.487+0000] {processor.py:839} INFO - DAG(s) dict_keys(['example_task_group_decorator']) retrieved from /home/airflow/.local/lib/python3.8/site-packages/airflow/example_dags/example_task_group_decorator.py
[2023-11-03T19:54:07.636+0000] {logging_mixin.py:151} INFO - [2023-11-03T19:54:07.634+0000] {dag.py:2941} INFO - Sync 1 DAGs
[2023-11-03T19:54:07.745+0000] {logging_mixin.py:151} INFO - [2023-11-03T19:54:07.744+0000] {dag.py:3722} INFO - Setting next_dagrun for example_task_group_decorator to 2023-11-02T19:54:07.743264+00:00, run_after=2023-11-03T19:54:07.743264+00:00
[2023-11-03T19:54:07.932+0000] {processor.py:179} INFO - Processing /home/airflow/.local/lib/python3.8/site-packages/airflow/example_dags/example_task_group_decorator.py took 0.538 seconds
[2023-11-03T19:54:38.184+0000] {processor.py:157} INFO - Started process (PID=34938) to work on /home/airflow/.local/lib/python3.8/site-packages/airflow/example_dags/example_task_group_decorator.py
[2023-11-03T19:54:38.187+0000] {processor.py:829} INFO - Processing file /home/airflow/.local/lib/python3.8/site-packages/airflow/example_dags/example_task_group_decorator.py for tasks to queue
[2023-11-03T19:54:38.199+0000] {logging_mixin.py:151} INFO - [2023-11-03T19:54:38.196+0000] {dagbag.py:536} INFO - Filling up the DagBag from /home/airflow/.local/lib/python3.8/site-packages/airflow/example_dags/example_task_group_decorator.py
[2023-11-03T19:54:38.247+0000] {processor.py:839} INFO - DAG(s) dict_keys(['example_task_group_decorator']) retrieved from /home/airflow/.local/lib/python3.8/site-packages/airflow/example_dags/example_task_group_decorator.py
[2023-11-03T19:54:38.327+0000] {logging_mixin.py:151} INFO - [2023-11-03T19:54:38.326+0000] {dag.py:2941} INFO - Sync 1 DAGs
[2023-11-03T19:54:38.389+0000] {logging_mixin.py:151} INFO - [2023-11-03T19:54:38.389+0000] {dag.py:3722} INFO - Setting next_dagrun for example_task_group_decorator to 2023-11-02T19:54:38.388218+00:00, run_after=2023-11-03T19:54:38.388218+00:00
[2023-11-03T19:54:38.449+0000] {processor.py:179} INFO - Processing /home/airflow/.local/lib/python3.8/site-packages/airflow/example_dags/example_task_group_decorator.py took 0.272 seconds
[2023-11-03T19:55:09.509+0000] {processor.py:157} INFO - Started process (PID=35001) to work on /home/airflow/.local/lib/python3.8/site-packages/airflow/example_dags/example_task_group_decorator.py
[2023-11-03T19:55:09.511+0000] {processor.py:829} INFO - Processing file /home/airflow/.local/lib/python3.8/site-packages/airflow/example_dags/example_task_group_decorator.py for tasks to queue
[2023-11-03T19:55:09.518+0000] {logging_mixin.py:151} INFO - [2023-11-03T19:55:09.517+0000] {dagbag.py:536} INFO - Filling up the DagBag from /home/airflow/.local/lib/python3.8/site-packages/airflow/example_dags/example_task_group_decorator.py
[2023-11-03T19:55:09.555+0000] {processor.py:839} INFO - DAG(s) dict_keys(['example_task_group_decorator']) retrieved from /home/airflow/.local/lib/python3.8/site-packages/airflow/example_dags/example_task_group_decorator.py
[2023-11-03T19:55:09.616+0000] {logging_mixin.py:151} INFO - [2023-11-03T19:55:09.615+0000] {dag.py:2941} INFO - Sync 1 DAGs
[2023-11-03T19:55:09.674+0000] {logging_mixin.py:151} INFO - [2023-11-03T19:55:09.673+0000] {dag.py:3722} INFO - Setting next_dagrun for example_task_group_decorator to 2023-11-02T19:55:09.673348+00:00, run_after=2023-11-03T19:55:09.673348+00:00
[2023-11-03T19:55:09.798+0000] {processor.py:179} INFO - Processing /home/airflow/.local/lib/python3.8/site-packages/airflow/example_dags/example_task_group_decorator.py took 0.295 seconds
[2023-11-03T19:55:40.087+0000] {processor.py:157} INFO - Started process (PID=35062) to work on /home/airflow/.local/lib/python3.8/site-packages/airflow/example_dags/example_task_group_decorator.py
[2023-11-03T19:55:40.090+0000] {processor.py:829} INFO - Processing file /home/airflow/.local/lib/python3.8/site-packages/airflow/example_dags/example_task_group_decorator.py for tasks to queue
[2023-11-03T19:55:40.098+0000] {logging_mixin.py:151} INFO - [2023-11-03T19:55:40.095+0000] {dagbag.py:536} INFO - Filling up the DagBag from /home/airflow/.local/lib/python3.8/site-packages/airflow/example_dags/example_task_group_decorator.py
[2023-11-03T19:55:40.134+0000] {processor.py:839} INFO - DAG(s) dict_keys(['example_task_group_decorator']) retrieved from /home/airflow/.local/lib/python3.8/site-packages/airflow/example_dags/example_task_group_decorator.py
[2023-11-03T19:55:40.196+0000] {logging_mixin.py:151} INFO - [2023-11-03T19:55:40.194+0000] {dag.py:2941} INFO - Sync 1 DAGs
[2023-11-03T19:55:40.277+0000] {logging_mixin.py:151} INFO - [2023-11-03T19:55:40.276+0000] {dag.py:3722} INFO - Setting next_dagrun for example_task_group_decorator to 2023-11-02T19:55:40.276044+00:00, run_after=2023-11-03T19:55:40.276044+00:00
[2023-11-03T19:55:40.331+0000] {processor.py:179} INFO - Processing /home/airflow/.local/lib/python3.8/site-packages/airflow/example_dags/example_task_group_decorator.py took 0.251 seconds
[2023-11-03T19:56:10.596+0000] {processor.py:157} INFO - Started process (PID=35124) to work on /home/airflow/.local/lib/python3.8/site-packages/airflow/example_dags/example_task_group_decorator.py
[2023-11-03T19:56:10.598+0000] {processor.py:829} INFO - Processing file /home/airflow/.local/lib/python3.8/site-packages/airflow/example_dags/example_task_group_decorator.py for tasks to queue
[2023-11-03T19:56:10.609+0000] {logging_mixin.py:151} INFO - [2023-11-03T19:56:10.607+0000] {dagbag.py:536} INFO - Filling up the DagBag from /home/airflow/.local/lib/python3.8/site-packages/airflow/example_dags/example_task_group_decorator.py
[2023-11-03T19:56:10.657+0000] {processor.py:839} INFO - DAG(s) dict_keys(['example_task_group_decorator']) retrieved from /home/airflow/.local/lib/python3.8/site-packages/airflow/example_dags/example_task_group_decorator.py
[2023-11-03T19:56:10.720+0000] {logging_mixin.py:151} INFO - [2023-11-03T19:56:10.720+0000] {dag.py:2941} INFO - Sync 1 DAGs
[2023-11-03T19:56:10.786+0000] {logging_mixin.py:151} INFO - [2023-11-03T19:56:10.785+0000] {dag.py:3722} INFO - Setting next_dagrun for example_task_group_decorator to 2023-11-02T19:56:10.785242+00:00, run_after=2023-11-03T19:56:10.785242+00:00
[2023-11-03T19:56:10.851+0000] {processor.py:179} INFO - Processing /home/airflow/.local/lib/python3.8/site-packages/airflow/example_dags/example_task_group_decorator.py took 0.266 seconds
[2023-11-03T19:56:41.394+0000] {processor.py:157} INFO - Started process (PID=35186) to work on /home/airflow/.local/lib/python3.8/site-packages/airflow/example_dags/example_task_group_decorator.py
[2023-11-03T19:56:41.397+0000] {processor.py:829} INFO - Processing file /home/airflow/.local/lib/python3.8/site-packages/airflow/example_dags/example_task_group_decorator.py for tasks to queue
[2023-11-03T19:56:41.406+0000] {logging_mixin.py:151} INFO - [2023-11-03T19:56:41.405+0000] {dagbag.py:536} INFO - Filling up the DagBag from /home/airflow/.local/lib/python3.8/site-packages/airflow/example_dags/example_task_group_decorator.py
[2023-11-03T19:56:41.455+0000] {processor.py:839} INFO - DAG(s) dict_keys(['example_task_group_decorator']) retrieved from /home/airflow/.local/lib/python3.8/site-packages/airflow/example_dags/example_task_group_decorator.py
[2023-11-03T19:56:41.527+0000] {logging_mixin.py:151} INFO - [2023-11-03T19:56:41.526+0000] {dag.py:2941} INFO - Sync 1 DAGs
[2023-11-03T19:56:41.602+0000] {logging_mixin.py:151} INFO - [2023-11-03T19:56:41.602+0000] {dag.py:3722} INFO - Setting next_dagrun for example_task_group_decorator to 2023-11-02T19:56:41.601472+00:00, run_after=2023-11-03T19:56:41.601472+00:00
[2023-11-03T19:56:41.661+0000] {processor.py:179} INFO - Processing /home/airflow/.local/lib/python3.8/site-packages/airflow/example_dags/example_task_group_decorator.py took 0.277 seconds
[2023-11-03T19:57:12.039+0000] {processor.py:157} INFO - Started process (PID=35248) to work on /home/airflow/.local/lib/python3.8/site-packages/airflow/example_dags/example_task_group_decorator.py
[2023-11-03T19:57:12.043+0000] {processor.py:829} INFO - Processing file /home/airflow/.local/lib/python3.8/site-packages/airflow/example_dags/example_task_group_decorator.py for tasks to queue
[2023-11-03T19:57:12.052+0000] {logging_mixin.py:151} INFO - [2023-11-03T19:57:12.051+0000] {dagbag.py:536} INFO - Filling up the DagBag from /home/airflow/.local/lib/python3.8/site-packages/airflow/example_dags/example_task_group_decorator.py
[2023-11-03T19:57:12.091+0000] {processor.py:839} INFO - DAG(s) dict_keys(['example_task_group_decorator']) retrieved from /home/airflow/.local/lib/python3.8/site-packages/airflow/example_dags/example_task_group_decorator.py
[2023-11-03T19:57:12.149+0000] {logging_mixin.py:151} INFO - [2023-11-03T19:57:12.149+0000] {dag.py:2941} INFO - Sync 1 DAGs
[2023-11-03T19:57:12.219+0000] {logging_mixin.py:151} INFO - [2023-11-03T19:57:12.218+0000] {dag.py:3722} INFO - Setting next_dagrun for example_task_group_decorator to 2023-11-02T19:57:12.218040+00:00, run_after=2023-11-03T19:57:12.218040+00:00
[2023-11-03T19:57:12.288+0000] {processor.py:179} INFO - Processing /home/airflow/.local/lib/python3.8/site-packages/airflow/example_dags/example_task_group_decorator.py took 0.262 seconds
[2023-11-03T19:57:43.144+0000] {processor.py:157} INFO - Started process (PID=35310) to work on /home/airflow/.local/lib/python3.8/site-packages/airflow/example_dags/example_task_group_decorator.py
[2023-11-03T19:57:43.146+0000] {processor.py:829} INFO - Processing file /home/airflow/.local/lib/python3.8/site-packages/airflow/example_dags/example_task_group_decorator.py for tasks to queue
[2023-11-03T19:57:43.155+0000] {logging_mixin.py:151} INFO - [2023-11-03T19:57:43.153+0000] {dagbag.py:536} INFO - Filling up the DagBag from /home/airflow/.local/lib/python3.8/site-packages/airflow/example_dags/example_task_group_decorator.py
[2023-11-03T19:57:43.219+0000] {processor.py:839} INFO - DAG(s) dict_keys(['example_task_group_decorator']) retrieved from /home/airflow/.local/lib/python3.8/site-packages/airflow/example_dags/example_task_group_decorator.py
[2023-11-03T19:57:43.287+0000] {logging_mixin.py:151} INFO - [2023-11-03T19:57:43.287+0000] {dag.py:2941} INFO - Sync 1 DAGs
[2023-11-03T19:57:43.390+0000] {logging_mixin.py:151} INFO - [2023-11-03T19:57:43.390+0000] {dag.py:3722} INFO - Setting next_dagrun for example_task_group_decorator to 2023-11-02T19:57:43.389021+00:00, run_after=2023-11-03T19:57:43.389021+00:00
[2023-11-03T19:57:43.461+0000] {processor.py:179} INFO - Processing /home/airflow/.local/lib/python3.8/site-packages/airflow/example_dags/example_task_group_decorator.py took 0.327 seconds
[2023-11-03T19:58:13.758+0000] {processor.py:157} INFO - Started process (PID=35372) to work on /home/airflow/.local/lib/python3.8/site-packages/airflow/example_dags/example_task_group_decorator.py
[2023-11-03T19:58:13.766+0000] {processor.py:829} INFO - Processing file /home/airflow/.local/lib/python3.8/site-packages/airflow/example_dags/example_task_group_decorator.py for tasks to queue
[2023-11-03T19:58:13.780+0000] {logging_mixin.py:151} INFO - [2023-11-03T19:58:13.778+0000] {dagbag.py:536} INFO - Filling up the DagBag from /home/airflow/.local/lib/python3.8/site-packages/airflow/example_dags/example_task_group_decorator.py
[2023-11-03T19:58:13.855+0000] {processor.py:839} INFO - DAG(s) dict_keys(['example_task_group_decorator']) retrieved from /home/airflow/.local/lib/python3.8/site-packages/airflow/example_dags/example_task_group_decorator.py
[2023-11-03T19:58:13.996+0000] {logging_mixin.py:151} INFO - [2023-11-03T19:58:13.995+0000] {dag.py:2941} INFO - Sync 1 DAGs
[2023-11-03T19:58:14.076+0000] {logging_mixin.py:151} INFO - [2023-11-03T19:58:14.075+0000] {dag.py:3722} INFO - Setting next_dagrun for example_task_group_decorator to 2023-11-02T19:58:14.074974+00:00, run_after=2023-11-03T19:58:14.074974+00:00
[2023-11-03T19:58:14.135+0000] {processor.py:179} INFO - Processing /home/airflow/.local/lib/python3.8/site-packages/airflow/example_dags/example_task_group_decorator.py took 0.387 seconds
[2023-11-03T19:58:44.469+0000] {processor.py:157} INFO - Started process (PID=35434) to work on /home/airflow/.local/lib/python3.8/site-packages/airflow/example_dags/example_task_group_decorator.py
[2023-11-03T19:58:44.471+0000] {processor.py:829} INFO - Processing file /home/airflow/.local/lib/python3.8/site-packages/airflow/example_dags/example_task_group_decorator.py for tasks to queue
[2023-11-03T19:58:44.482+0000] {logging_mixin.py:151} INFO - [2023-11-03T19:58:44.480+0000] {dagbag.py:536} INFO - Filling up the DagBag from /home/airflow/.local/lib/python3.8/site-packages/airflow/example_dags/example_task_group_decorator.py
[2023-11-03T19:58:44.543+0000] {processor.py:839} INFO - DAG(s) dict_keys(['example_task_group_decorator']) retrieved from /home/airflow/.local/lib/python3.8/site-packages/airflow/example_dags/example_task_group_decorator.py
[2023-11-03T19:58:44.620+0000] {logging_mixin.py:151} INFO - [2023-11-03T19:58:44.619+0000] {dag.py:2941} INFO - Sync 1 DAGs
[2023-11-03T19:58:44.673+0000] {logging_mixin.py:151} INFO - [2023-11-03T19:58:44.672+0000] {dag.py:3722} INFO - Setting next_dagrun for example_task_group_decorator to 2023-11-02T19:58:44.672169+00:00, run_after=2023-11-03T19:58:44.672169+00:00
[2023-11-03T19:58:44.732+0000] {processor.py:179} INFO - Processing /home/airflow/.local/lib/python3.8/site-packages/airflow/example_dags/example_task_group_decorator.py took 0.272 seconds
[2023-11-03T19:59:15.467+0000] {processor.py:157} INFO - Started process (PID=35496) to work on /home/airflow/.local/lib/python3.8/site-packages/airflow/example_dags/example_task_group_decorator.py
[2023-11-03T19:59:15.471+0000] {processor.py:829} INFO - Processing file /home/airflow/.local/lib/python3.8/site-packages/airflow/example_dags/example_task_group_decorator.py for tasks to queue
[2023-11-03T19:59:15.483+0000] {logging_mixin.py:151} INFO - [2023-11-03T19:59:15.479+0000] {dagbag.py:536} INFO - Filling up the DagBag from /home/airflow/.local/lib/python3.8/site-packages/airflow/example_dags/example_task_group_decorator.py
[2023-11-03T19:59:15.526+0000] {processor.py:839} INFO - DAG(s) dict_keys(['example_task_group_decorator']) retrieved from /home/airflow/.local/lib/python3.8/site-packages/airflow/example_dags/example_task_group_decorator.py
[2023-11-03T19:59:15.598+0000] {logging_mixin.py:151} INFO - [2023-11-03T19:59:15.597+0000] {dag.py:2941} INFO - Sync 1 DAGs
[2023-11-03T19:59:15.661+0000] {logging_mixin.py:151} INFO - [2023-11-03T19:59:15.661+0000] {dag.py:3722} INFO - Setting next_dagrun for example_task_group_decorator to 2023-11-02T19:59:15.660492+00:00, run_after=2023-11-03T19:59:15.660492+00:00
[2023-11-03T19:59:15.719+0000] {processor.py:179} INFO - Processing /home/airflow/.local/lib/python3.8/site-packages/airflow/example_dags/example_task_group_decorator.py took 0.263 seconds
[2023-11-03T19:59:46.063+0000] {processor.py:157} INFO - Started process (PID=35558) to work on /home/airflow/.local/lib/python3.8/site-packages/airflow/example_dags/example_task_group_decorator.py
[2023-11-03T19:59:46.067+0000] {processor.py:829} INFO - Processing file /home/airflow/.local/lib/python3.8/site-packages/airflow/example_dags/example_task_group_decorator.py for tasks to queue
[2023-11-03T19:59:46.079+0000] {logging_mixin.py:151} INFO - [2023-11-03T19:59:46.075+0000] {dagbag.py:536} INFO - Filling up the DagBag from /home/airflow/.local/lib/python3.8/site-packages/airflow/example_dags/example_task_group_decorator.py
[2023-11-03T19:59:46.124+0000] {processor.py:839} INFO - DAG(s) dict_keys(['example_task_group_decorator']) retrieved from /home/airflow/.local/lib/python3.8/site-packages/airflow/example_dags/example_task_group_decorator.py
[2023-11-03T19:59:46.199+0000] {logging_mixin.py:151} INFO - [2023-11-03T19:59:46.198+0000] {dag.py:2941} INFO - Sync 1 DAGs
[2023-11-03T19:59:46.261+0000] {logging_mixin.py:151} INFO - [2023-11-03T19:59:46.260+0000] {dag.py:3722} INFO - Setting next_dagrun for example_task_group_decorator to 2023-11-02T19:59:46.259573+00:00, run_after=2023-11-03T19:59:46.259573+00:00
[2023-11-03T19:59:46.321+0000] {processor.py:179} INFO - Processing /home/airflow/.local/lib/python3.8/site-packages/airflow/example_dags/example_task_group_decorator.py took 0.275 seconds
[2023-11-03T20:00:17.267+0000] {processor.py:157} INFO - Started process (PID=35620) to work on /home/airflow/.local/lib/python3.8/site-packages/airflow/example_dags/example_task_group_decorator.py
[2023-11-03T20:00:17.269+0000] {processor.py:829} INFO - Processing file /home/airflow/.local/lib/python3.8/site-packages/airflow/example_dags/example_task_group_decorator.py for tasks to queue
[2023-11-03T20:00:17.276+0000] {logging_mixin.py:151} INFO - [2023-11-03T20:00:17.275+0000] {dagbag.py:536} INFO - Filling up the DagBag from /home/airflow/.local/lib/python3.8/site-packages/airflow/example_dags/example_task_group_decorator.py
[2023-11-03T20:00:17.322+0000] {processor.py:839} INFO - DAG(s) dict_keys(['example_task_group_decorator']) retrieved from /home/airflow/.local/lib/python3.8/site-packages/airflow/example_dags/example_task_group_decorator.py
[2023-11-03T20:00:17.393+0000] {logging_mixin.py:151} INFO - [2023-11-03T20:00:17.392+0000] {dag.py:2941} INFO - Sync 1 DAGs
[2023-11-03T20:00:17.499+0000] {logging_mixin.py:151} INFO - [2023-11-03T20:00:17.498+0000] {dag.py:3722} INFO - Setting next_dagrun for example_task_group_decorator to 2023-11-02T20:00:17.497816+00:00, run_after=2023-11-03T20:00:17.497816+00:00
[2023-11-03T20:00:17.562+0000] {processor.py:179} INFO - Processing /home/airflow/.local/lib/python3.8/site-packages/airflow/example_dags/example_task_group_decorator.py took 0.304 seconds
[2023-11-03T20:00:48.490+0000] {processor.py:157} INFO - Started process (PID=35681) to work on /home/airflow/.local/lib/python3.8/site-packages/airflow/example_dags/example_task_group_decorator.py
[2023-11-03T20:00:48.492+0000] {processor.py:829} INFO - Processing file /home/airflow/.local/lib/python3.8/site-packages/airflow/example_dags/example_task_group_decorator.py for tasks to queue
[2023-11-03T20:00:48.499+0000] {logging_mixin.py:151} INFO - [2023-11-03T20:00:48.498+0000] {dagbag.py:536} INFO - Filling up the DagBag from /home/airflow/.local/lib/python3.8/site-packages/airflow/example_dags/example_task_group_decorator.py
[2023-11-03T20:00:48.534+0000] {processor.py:839} INFO - DAG(s) dict_keys(['example_task_group_decorator']) retrieved from /home/airflow/.local/lib/python3.8/site-packages/airflow/example_dags/example_task_group_decorator.py
[2023-11-03T20:00:48.593+0000] {logging_mixin.py:151} INFO - [2023-11-03T20:00:48.593+0000] {dag.py:2941} INFO - Sync 1 DAGs
[2023-11-03T20:00:48.655+0000] {logging_mixin.py:151} INFO - [2023-11-03T20:00:48.654+0000] {dag.py:3722} INFO - Setting next_dagrun for example_task_group_decorator to 2023-11-02T20:00:48.654122+00:00, run_after=2023-11-03T20:00:48.654122+00:00
[2023-11-03T20:00:48.718+0000] {processor.py:179} INFO - Processing /home/airflow/.local/lib/python3.8/site-packages/airflow/example_dags/example_task_group_decorator.py took 0.235 seconds
[2023-11-03T20:01:19.613+0000] {processor.py:157} INFO - Started process (PID=35743) to work on /home/airflow/.local/lib/python3.8/site-packages/airflow/example_dags/example_task_group_decorator.py
[2023-11-03T20:01:19.617+0000] {processor.py:829} INFO - Processing file /home/airflow/.local/lib/python3.8/site-packages/airflow/example_dags/example_task_group_decorator.py for tasks to queue
[2023-11-03T20:01:19.626+0000] {logging_mixin.py:151} INFO - [2023-11-03T20:01:19.625+0000] {dagbag.py:536} INFO - Filling up the DagBag from /home/airflow/.local/lib/python3.8/site-packages/airflow/example_dags/example_task_group_decorator.py
[2023-11-03T20:01:19.670+0000] {processor.py:839} INFO - DAG(s) dict_keys(['example_task_group_decorator']) retrieved from /home/airflow/.local/lib/python3.8/site-packages/airflow/example_dags/example_task_group_decorator.py
[2023-11-03T20:01:19.783+0000] {logging_mixin.py:151} INFO - [2023-11-03T20:01:19.783+0000] {dag.py:2941} INFO - Sync 1 DAGs
[2023-11-03T20:01:19.865+0000] {logging_mixin.py:151} INFO - [2023-11-03T20:01:19.865+0000] {dag.py:3722} INFO - Setting next_dagrun for example_task_group_decorator to 2023-11-02T20:01:19.864492+00:00, run_after=2023-11-03T20:01:19.864492+00:00
[2023-11-03T20:01:19.932+0000] {processor.py:179} INFO - Processing /home/airflow/.local/lib/python3.8/site-packages/airflow/example_dags/example_task_group_decorator.py took 0.332 seconds
[2023-11-03T20:01:50.652+0000] {processor.py:157} INFO - Started process (PID=35805) to work on /home/airflow/.local/lib/python3.8/site-packages/airflow/example_dags/example_task_group_decorator.py
[2023-11-03T20:01:50.655+0000] {processor.py:829} INFO - Processing file /home/airflow/.local/lib/python3.8/site-packages/airflow/example_dags/example_task_group_decorator.py for tasks to queue
[2023-11-03T20:01:50.663+0000] {logging_mixin.py:151} INFO - [2023-11-03T20:01:50.661+0000] {dagbag.py:536} INFO - Filling up the DagBag from /home/airflow/.local/lib/python3.8/site-packages/airflow/example_dags/example_task_group_decorator.py
[2023-11-03T20:01:50.720+0000] {processor.py:839} INFO - DAG(s) dict_keys(['example_task_group_decorator']) retrieved from /home/airflow/.local/lib/python3.8/site-packages/airflow/example_dags/example_task_group_decorator.py
[2023-11-03T20:01:50.786+0000] {logging_mixin.py:151} INFO - [2023-11-03T20:01:50.785+0000] {dag.py:2941} INFO - Sync 1 DAGs
[2023-11-03T20:01:50.858+0000] {logging_mixin.py:151} INFO - [2023-11-03T20:01:50.858+0000] {dag.py:3722} INFO - Setting next_dagrun for example_task_group_decorator to 2023-11-02T20:01:50.857553+00:00, run_after=2023-11-03T20:01:50.857553+00:00
[2023-11-03T20:01:50.925+0000] {processor.py:179} INFO - Processing /home/airflow/.local/lib/python3.8/site-packages/airflow/example_dags/example_task_group_decorator.py took 0.282 seconds
[2023-11-03T20:02:21.341+0000] {processor.py:157} INFO - Started process (PID=35867) to work on /home/airflow/.local/lib/python3.8/site-packages/airflow/example_dags/example_task_group_decorator.py
[2023-11-03T20:02:21.345+0000] {processor.py:829} INFO - Processing file /home/airflow/.local/lib/python3.8/site-packages/airflow/example_dags/example_task_group_decorator.py for tasks to queue
[2023-11-03T20:02:21.354+0000] {logging_mixin.py:151} INFO - [2023-11-03T20:02:21.352+0000] {dagbag.py:536} INFO - Filling up the DagBag from /home/airflow/.local/lib/python3.8/site-packages/airflow/example_dags/example_task_group_decorator.py
[2023-11-03T20:02:21.403+0000] {processor.py:839} INFO - DAG(s) dict_keys(['example_task_group_decorator']) retrieved from /home/airflow/.local/lib/python3.8/site-packages/airflow/example_dags/example_task_group_decorator.py
[2023-11-03T20:02:21.465+0000] {logging_mixin.py:151} INFO - [2023-11-03T20:02:21.464+0000] {dag.py:2941} INFO - Sync 1 DAGs
[2023-11-03T20:02:21.525+0000] {logging_mixin.py:151} INFO - [2023-11-03T20:02:21.524+0000] {dag.py:3722} INFO - Setting next_dagrun for example_task_group_decorator to 2023-11-02T20:02:21.523492+00:00, run_after=2023-11-03T20:02:21.523492+00:00
[2023-11-03T20:02:21.590+0000] {processor.py:179} INFO - Processing /home/airflow/.local/lib/python3.8/site-packages/airflow/example_dags/example_task_group_decorator.py took 0.262 seconds
[2023-11-03T20:02:52.372+0000] {processor.py:157} INFO - Started process (PID=35929) to work on /home/airflow/.local/lib/python3.8/site-packages/airflow/example_dags/example_task_group_decorator.py
[2023-11-03T20:02:52.376+0000] {processor.py:829} INFO - Processing file /home/airflow/.local/lib/python3.8/site-packages/airflow/example_dags/example_task_group_decorator.py for tasks to queue
[2023-11-03T20:02:52.386+0000] {logging_mixin.py:151} INFO - [2023-11-03T20:02:52.384+0000] {dagbag.py:536} INFO - Filling up the DagBag from /home/airflow/.local/lib/python3.8/site-packages/airflow/example_dags/example_task_group_decorator.py
[2023-11-03T20:02:52.429+0000] {processor.py:839} INFO - DAG(s) dict_keys(['example_task_group_decorator']) retrieved from /home/airflow/.local/lib/python3.8/site-packages/airflow/example_dags/example_task_group_decorator.py
[2023-11-03T20:02:52.488+0000] {logging_mixin.py:151} INFO - [2023-11-03T20:02:52.487+0000] {dag.py:2941} INFO - Sync 1 DAGs
[2023-11-03T20:02:52.569+0000] {logging_mixin.py:151} INFO - [2023-11-03T20:02:52.569+0000] {dag.py:3722} INFO - Setting next_dagrun for example_task_group_decorator to 2023-11-02T20:02:52.568499+00:00, run_after=2023-11-03T20:02:52.568499+00:00
[2023-11-03T20:02:52.628+0000] {processor.py:179} INFO - Processing /home/airflow/.local/lib/python3.8/site-packages/airflow/example_dags/example_task_group_decorator.py took 0.269 seconds
[2023-11-03T20:03:23.235+0000] {processor.py:157} INFO - Started process (PID=35992) to work on /home/airflow/.local/lib/python3.8/site-packages/airflow/example_dags/example_task_group_decorator.py
[2023-11-03T20:03:23.238+0000] {processor.py:829} INFO - Processing file /home/airflow/.local/lib/python3.8/site-packages/airflow/example_dags/example_task_group_decorator.py for tasks to queue
[2023-11-03T20:03:23.245+0000] {logging_mixin.py:151} INFO - [2023-11-03T20:03:23.244+0000] {dagbag.py:536} INFO - Filling up the DagBag from /home/airflow/.local/lib/python3.8/site-packages/airflow/example_dags/example_task_group_decorator.py
[2023-11-03T20:03:23.292+0000] {processor.py:839} INFO - DAG(s) dict_keys(['example_task_group_decorator']) retrieved from /home/airflow/.local/lib/python3.8/site-packages/airflow/example_dags/example_task_group_decorator.py
[2023-11-03T20:03:23.352+0000] {logging_mixin.py:151} INFO - [2023-11-03T20:03:23.351+0000] {dag.py:2941} INFO - Sync 1 DAGs
[2023-11-03T20:03:23.420+0000] {logging_mixin.py:151} INFO - [2023-11-03T20:03:23.419+0000] {dag.py:3722} INFO - Setting next_dagrun for example_task_group_decorator to 2023-11-02T20:03:23.418539+00:00, run_after=2023-11-03T20:03:23.418539+00:00
[2023-11-03T20:03:23.481+0000] {processor.py:179} INFO - Processing /home/airflow/.local/lib/python3.8/site-packages/airflow/example_dags/example_task_group_decorator.py took 0.255 seconds
[2023-11-03T20:03:53.903+0000] {processor.py:157} INFO - Started process (PID=36055) to work on /home/airflow/.local/lib/python3.8/site-packages/airflow/example_dags/example_task_group_decorator.py
[2023-11-03T20:03:53.905+0000] {processor.py:829} INFO - Processing file /home/airflow/.local/lib/python3.8/site-packages/airflow/example_dags/example_task_group_decorator.py for tasks to queue
[2023-11-03T20:03:53.912+0000] {logging_mixin.py:151} INFO - [2023-11-03T20:03:53.911+0000] {dagbag.py:536} INFO - Filling up the DagBag from /home/airflow/.local/lib/python3.8/site-packages/airflow/example_dags/example_task_group_decorator.py
[2023-11-03T20:03:53.947+0000] {processor.py:839} INFO - DAG(s) dict_keys(['example_task_group_decorator']) retrieved from /home/airflow/.local/lib/python3.8/site-packages/airflow/example_dags/example_task_group_decorator.py
[2023-11-03T20:03:54.025+0000] {logging_mixin.py:151} INFO - [2023-11-03T20:03:54.025+0000] {dag.py:2941} INFO - Sync 1 DAGs
[2023-11-03T20:03:54.087+0000] {logging_mixin.py:151} INFO - [2023-11-03T20:03:54.086+0000] {dag.py:3722} INFO - Setting next_dagrun for example_task_group_decorator to 2023-11-02T20:03:54.086212+00:00, run_after=2023-11-03T20:03:54.086212+00:00
[2023-11-03T20:03:54.148+0000] {processor.py:179} INFO - Processing /home/airflow/.local/lib/python3.8/site-packages/airflow/example_dags/example_task_group_decorator.py took 0.253 seconds
[2023-11-03T20:04:25.150+0000] {processor.py:157} INFO - Started process (PID=36116) to work on /home/airflow/.local/lib/python3.8/site-packages/airflow/example_dags/example_task_group_decorator.py
[2023-11-03T20:04:25.153+0000] {processor.py:829} INFO - Processing file /home/airflow/.local/lib/python3.8/site-packages/airflow/example_dags/example_task_group_decorator.py for tasks to queue
[2023-11-03T20:04:25.159+0000] {logging_mixin.py:151} INFO - [2023-11-03T20:04:25.158+0000] {dagbag.py:536} INFO - Filling up the DagBag from /home/airflow/.local/lib/python3.8/site-packages/airflow/example_dags/example_task_group_decorator.py
[2023-11-03T20:04:25.215+0000] {processor.py:839} INFO - DAG(s) dict_keys(['example_task_group_decorator']) retrieved from /home/airflow/.local/lib/python3.8/site-packages/airflow/example_dags/example_task_group_decorator.py
[2023-11-03T20:04:25.278+0000] {logging_mixin.py:151} INFO - [2023-11-03T20:04:25.277+0000] {dag.py:2941} INFO - Sync 1 DAGs
[2023-11-03T20:04:25.338+0000] {logging_mixin.py:151} INFO - [2023-11-03T20:04:25.337+0000] {dag.py:3722} INFO - Setting next_dagrun for example_task_group_decorator to 2023-11-02T20:04:25.337308+00:00, run_after=2023-11-03T20:04:25.337308+00:00
[2023-11-03T20:04:25.397+0000] {processor.py:179} INFO - Processing /home/airflow/.local/lib/python3.8/site-packages/airflow/example_dags/example_task_group_decorator.py took 0.261 seconds
[2023-11-03T20:04:56.222+0000] {processor.py:157} INFO - Started process (PID=36178) to work on /home/airflow/.local/lib/python3.8/site-packages/airflow/example_dags/example_task_group_decorator.py
[2023-11-03T20:04:56.225+0000] {processor.py:829} INFO - Processing file /home/airflow/.local/lib/python3.8/site-packages/airflow/example_dags/example_task_group_decorator.py for tasks to queue
[2023-11-03T20:04:56.236+0000] {logging_mixin.py:151} INFO - [2023-11-03T20:04:56.234+0000] {dagbag.py:536} INFO - Filling up the DagBag from /home/airflow/.local/lib/python3.8/site-packages/airflow/example_dags/example_task_group_decorator.py
[2023-11-03T20:04:56.291+0000] {processor.py:839} INFO - DAG(s) dict_keys(['example_task_group_decorator']) retrieved from /home/airflow/.local/lib/python3.8/site-packages/airflow/example_dags/example_task_group_decorator.py
[2023-11-03T20:04:56.361+0000] {logging_mixin.py:151} INFO - [2023-11-03T20:04:56.360+0000] {dag.py:2941} INFO - Sync 1 DAGs
[2023-11-03T20:04:56.436+0000] {logging_mixin.py:151} INFO - [2023-11-03T20:04:56.435+0000] {dag.py:3722} INFO - Setting next_dagrun for example_task_group_decorator to 2023-11-02T20:04:56.434234+00:00, run_after=2023-11-03T20:04:56.434234+00:00
[2023-11-03T20:04:56.510+0000] {processor.py:179} INFO - Processing /home/airflow/.local/lib/python3.8/site-packages/airflow/example_dags/example_task_group_decorator.py took 0.296 seconds
[2023-11-03T20:05:26.817+0000] {processor.py:157} INFO - Started process (PID=36240) to work on /home/airflow/.local/lib/python3.8/site-packages/airflow/example_dags/example_task_group_decorator.py
[2023-11-03T20:05:26.820+0000] {processor.py:829} INFO - Processing file /home/airflow/.local/lib/python3.8/site-packages/airflow/example_dags/example_task_group_decorator.py for tasks to queue
[2023-11-03T20:05:26.829+0000] {logging_mixin.py:151} INFO - [2023-11-03T20:05:26.827+0000] {dagbag.py:536} INFO - Filling up the DagBag from /home/airflow/.local/lib/python3.8/site-packages/airflow/example_dags/example_task_group_decorator.py
[2023-11-03T20:05:26.896+0000] {processor.py:839} INFO - DAG(s) dict_keys(['example_task_group_decorator']) retrieved from /home/airflow/.local/lib/python3.8/site-packages/airflow/example_dags/example_task_group_decorator.py
[2023-11-03T20:05:26.965+0000] {logging_mixin.py:151} INFO - [2023-11-03T20:05:26.965+0000] {dag.py:2941} INFO - Sync 1 DAGs
[2023-11-03T20:05:27.032+0000] {logging_mixin.py:151} INFO - [2023-11-03T20:05:27.031+0000] {dag.py:3722} INFO - Setting next_dagrun for example_task_group_decorator to 2023-11-02T20:05:27.031089+00:00, run_after=2023-11-03T20:05:27.031089+00:00
[2023-11-03T20:05:27.108+0000] {processor.py:179} INFO - Processing /home/airflow/.local/lib/python3.8/site-packages/airflow/example_dags/example_task_group_decorator.py took 0.302 seconds
[2023-11-03T20:05:58.062+0000] {processor.py:157} INFO - Started process (PID=36302) to work on /home/airflow/.local/lib/python3.8/site-packages/airflow/example_dags/example_task_group_decorator.py
[2023-11-03T20:05:58.066+0000] {processor.py:829} INFO - Processing file /home/airflow/.local/lib/python3.8/site-packages/airflow/example_dags/example_task_group_decorator.py for tasks to queue
[2023-11-03T20:05:58.073+0000] {logging_mixin.py:151} INFO - [2023-11-03T20:05:58.072+0000] {dagbag.py:536} INFO - Filling up the DagBag from /home/airflow/.local/lib/python3.8/site-packages/airflow/example_dags/example_task_group_decorator.py
[2023-11-03T20:05:58.114+0000] {processor.py:839} INFO - DAG(s) dict_keys(['example_task_group_decorator']) retrieved from /home/airflow/.local/lib/python3.8/site-packages/airflow/example_dags/example_task_group_decorator.py
[2023-11-03T20:05:58.177+0000] {logging_mixin.py:151} INFO - [2023-11-03T20:05:58.176+0000] {dag.py:2941} INFO - Sync 1 DAGs
[2023-11-03T20:05:58.249+0000] {logging_mixin.py:151} INFO - [2023-11-03T20:05:58.249+0000] {dag.py:3722} INFO - Setting next_dagrun for example_task_group_decorator to 2023-11-02T20:05:58.248321+00:00, run_after=2023-11-03T20:05:58.248321+00:00
[2023-11-03T20:05:58.305+0000] {processor.py:179} INFO - Processing /home/airflow/.local/lib/python3.8/site-packages/airflow/example_dags/example_task_group_decorator.py took 0.258 seconds
