[2023-11-03T19:42:53.114+0000] {processor.py:157} INFO - Started process (PID=33516) to work on /home/airflow/.local/lib/python3.8/site-packages/airflow/example_dags/tutorial_dag.py
[2023-11-03T19:42:53.117+0000] {processor.py:829} INFO - Processing file /home/airflow/.local/lib/python3.8/site-packages/airflow/example_dags/tutorial_dag.py for tasks to queue
[2023-11-03T19:42:53.125+0000] {logging_mixin.py:151} INFO - [2023-11-03T19:42:53.124+0000] {dagbag.py:536} INFO - Filling up the DagBag from /home/airflow/.local/lib/python3.8/site-packages/airflow/example_dags/tutorial_dag.py
[2023-11-03T19:42:53.143+0000] {processor.py:839} INFO - DAG(s) dict_keys(['tutorial_dag']) retrieved from /home/airflow/.local/lib/python3.8/site-packages/airflow/example_dags/tutorial_dag.py
[2023-11-03T19:42:53.211+0000] {logging_mixin.py:151} INFO - [2023-11-03T19:42:53.210+0000] {dag.py:2941} INFO - Sync 1 DAGs
[2023-11-03T19:42:53.668+0000] {logging_mixin.py:151} INFO - [2023-11-03T19:42:53.668+0000] {dag.py:3722} INFO - Setting next_dagrun for tutorial_dag to None, run_after=None
[2023-11-03T19:42:53.730+0000] {processor.py:179} INFO - Processing /home/airflow/.local/lib/python3.8/site-packages/airflow/example_dags/tutorial_dag.py took 0.625 seconds
[2023-11-03T19:43:24.355+0000] {processor.py:157} INFO - Started process (PID=33578) to work on /home/airflow/.local/lib/python3.8/site-packages/airflow/example_dags/tutorial_dag.py
[2023-11-03T19:43:24.358+0000] {processor.py:829} INFO - Processing file /home/airflow/.local/lib/python3.8/site-packages/airflow/example_dags/tutorial_dag.py for tasks to queue
[2023-11-03T19:43:24.365+0000] {logging_mixin.py:151} INFO - [2023-11-03T19:43:24.364+0000] {dagbag.py:536} INFO - Filling up the DagBag from /home/airflow/.local/lib/python3.8/site-packages/airflow/example_dags/tutorial_dag.py
[2023-11-03T19:43:24.387+0000] {processor.py:839} INFO - DAG(s) dict_keys(['tutorial_dag']) retrieved from /home/airflow/.local/lib/python3.8/site-packages/airflow/example_dags/tutorial_dag.py
[2023-11-03T19:43:24.461+0000] {logging_mixin.py:151} INFO - [2023-11-03T19:43:24.460+0000] {dag.py:2941} INFO - Sync 1 DAGs
[2023-11-03T19:43:24.519+0000] {logging_mixin.py:151} INFO - [2023-11-03T19:43:24.518+0000] {dag.py:3722} INFO - Setting next_dagrun for tutorial_dag to None, run_after=None
[2023-11-03T19:43:24.591+0000] {processor.py:179} INFO - Processing /home/airflow/.local/lib/python3.8/site-packages/airflow/example_dags/tutorial_dag.py took 0.244 seconds
[2023-11-03T19:43:54.767+0000] {processor.py:157} INFO - Started process (PID=33640) to work on /home/airflow/.local/lib/python3.8/site-packages/airflow/example_dags/tutorial_dag.py
[2023-11-03T19:43:54.770+0000] {processor.py:829} INFO - Processing file /home/airflow/.local/lib/python3.8/site-packages/airflow/example_dags/tutorial_dag.py for tasks to queue
[2023-11-03T19:43:54.779+0000] {logging_mixin.py:151} INFO - [2023-11-03T19:43:54.778+0000] {dagbag.py:536} INFO - Filling up the DagBag from /home/airflow/.local/lib/python3.8/site-packages/airflow/example_dags/tutorial_dag.py
[2023-11-03T19:43:54.797+0000] {processor.py:839} INFO - DAG(s) dict_keys(['tutorial_dag']) retrieved from /home/airflow/.local/lib/python3.8/site-packages/airflow/example_dags/tutorial_dag.py
[2023-11-03T19:43:54.863+0000] {logging_mixin.py:151} INFO - [2023-11-03T19:43:54.862+0000] {dag.py:2941} INFO - Sync 1 DAGs
[2023-11-03T19:43:54.914+0000] {logging_mixin.py:151} INFO - [2023-11-03T19:43:54.913+0000] {dag.py:3722} INFO - Setting next_dagrun for tutorial_dag to None, run_after=None
[2023-11-03T19:43:54.982+0000] {processor.py:179} INFO - Processing /home/airflow/.local/lib/python3.8/site-packages/airflow/example_dags/tutorial_dag.py took 0.226 seconds
[2023-11-03T19:44:25.136+0000] {processor.py:157} INFO - Started process (PID=33701) to work on /home/airflow/.local/lib/python3.8/site-packages/airflow/example_dags/tutorial_dag.py
[2023-11-03T19:44:25.141+0000] {processor.py:829} INFO - Processing file /home/airflow/.local/lib/python3.8/site-packages/airflow/example_dags/tutorial_dag.py for tasks to queue
[2023-11-03T19:44:25.151+0000] {logging_mixin.py:151} INFO - [2023-11-03T19:44:25.150+0000] {dagbag.py:536} INFO - Filling up the DagBag from /home/airflow/.local/lib/python3.8/site-packages/airflow/example_dags/tutorial_dag.py
[2023-11-03T19:44:25.169+0000] {processor.py:839} INFO - DAG(s) dict_keys(['tutorial_dag']) retrieved from /home/airflow/.local/lib/python3.8/site-packages/airflow/example_dags/tutorial_dag.py
[2023-11-03T19:44:25.230+0000] {logging_mixin.py:151} INFO - [2023-11-03T19:44:25.230+0000] {dag.py:2941} INFO - Sync 1 DAGs
[2023-11-03T19:44:25.266+0000] {logging_mixin.py:151} INFO - [2023-11-03T19:44:25.266+0000] {dag.py:3722} INFO - Setting next_dagrun for tutorial_dag to None, run_after=None
[2023-11-03T19:44:25.324+0000] {processor.py:179} INFO - Processing /home/airflow/.local/lib/python3.8/site-packages/airflow/example_dags/tutorial_dag.py took 0.205 seconds
[2023-11-03T19:44:55.561+0000] {processor.py:157} INFO - Started process (PID=33763) to work on /home/airflow/.local/lib/python3.8/site-packages/airflow/example_dags/tutorial_dag.py
[2023-11-03T19:44:55.564+0000] {processor.py:829} INFO - Processing file /home/airflow/.local/lib/python3.8/site-packages/airflow/example_dags/tutorial_dag.py for tasks to queue
[2023-11-03T19:44:55.572+0000] {logging_mixin.py:151} INFO - [2023-11-03T19:44:55.571+0000] {dagbag.py:536} INFO - Filling up the DagBag from /home/airflow/.local/lib/python3.8/site-packages/airflow/example_dags/tutorial_dag.py
[2023-11-03T19:44:55.591+0000] {processor.py:839} INFO - DAG(s) dict_keys(['tutorial_dag']) retrieved from /home/airflow/.local/lib/python3.8/site-packages/airflow/example_dags/tutorial_dag.py
[2023-11-03T19:44:55.660+0000] {logging_mixin.py:151} INFO - [2023-11-03T19:44:55.659+0000] {dag.py:2941} INFO - Sync 1 DAGs
[2023-11-03T19:44:55.697+0000] {logging_mixin.py:151} INFO - [2023-11-03T19:44:55.696+0000] {dag.py:3722} INFO - Setting next_dagrun for tutorial_dag to None, run_after=None
[2023-11-03T19:44:55.865+0000] {processor.py:179} INFO - Processing /home/airflow/.local/lib/python3.8/site-packages/airflow/example_dags/tutorial_dag.py took 0.314 seconds
[2023-11-03T19:45:26.203+0000] {processor.py:157} INFO - Started process (PID=33826) to work on /home/airflow/.local/lib/python3.8/site-packages/airflow/example_dags/tutorial_dag.py
[2023-11-03T19:45:26.208+0000] {processor.py:829} INFO - Processing file /home/airflow/.local/lib/python3.8/site-packages/airflow/example_dags/tutorial_dag.py for tasks to queue
[2023-11-03T19:45:26.217+0000] {logging_mixin.py:151} INFO - [2023-11-03T19:45:26.215+0000] {dagbag.py:536} INFO - Filling up the DagBag from /home/airflow/.local/lib/python3.8/site-packages/airflow/example_dags/tutorial_dag.py
[2023-11-03T19:45:26.233+0000] {processor.py:839} INFO - DAG(s) dict_keys(['tutorial_dag']) retrieved from /home/airflow/.local/lib/python3.8/site-packages/airflow/example_dags/tutorial_dag.py
[2023-11-03T19:45:26.297+0000] {logging_mixin.py:151} INFO - [2023-11-03T19:45:26.296+0000] {dag.py:2941} INFO - Sync 1 DAGs
[2023-11-03T19:45:26.339+0000] {logging_mixin.py:151} INFO - [2023-11-03T19:45:26.338+0000] {dag.py:3722} INFO - Setting next_dagrun for tutorial_dag to None, run_after=None
[2023-11-03T19:45:26.414+0000] {processor.py:179} INFO - Processing /home/airflow/.local/lib/python3.8/site-packages/airflow/example_dags/tutorial_dag.py took 0.225 seconds
[2023-11-03T19:45:56.893+0000] {processor.py:157} INFO - Started process (PID=33888) to work on /home/airflow/.local/lib/python3.8/site-packages/airflow/example_dags/tutorial_dag.py
[2023-11-03T19:45:56.897+0000] {processor.py:829} INFO - Processing file /home/airflow/.local/lib/python3.8/site-packages/airflow/example_dags/tutorial_dag.py for tasks to queue
[2023-11-03T19:45:56.905+0000] {logging_mixin.py:151} INFO - [2023-11-03T19:45:56.904+0000] {dagbag.py:536} INFO - Filling up the DagBag from /home/airflow/.local/lib/python3.8/site-packages/airflow/example_dags/tutorial_dag.py
[2023-11-03T19:45:56.921+0000] {processor.py:839} INFO - DAG(s) dict_keys(['tutorial_dag']) retrieved from /home/airflow/.local/lib/python3.8/site-packages/airflow/example_dags/tutorial_dag.py
[2023-11-03T19:45:56.976+0000] {logging_mixin.py:151} INFO - [2023-11-03T19:45:56.976+0000] {dag.py:2941} INFO - Sync 1 DAGs
[2023-11-03T19:45:57.010+0000] {logging_mixin.py:151} INFO - [2023-11-03T19:45:57.010+0000] {dag.py:3722} INFO - Setting next_dagrun for tutorial_dag to None, run_after=None
[2023-11-03T19:45:57.071+0000] {processor.py:179} INFO - Processing /home/airflow/.local/lib/python3.8/site-packages/airflow/example_dags/tutorial_dag.py took 0.194 seconds
[2023-11-03T19:46:27.694+0000] {processor.py:157} INFO - Started process (PID=33950) to work on /home/airflow/.local/lib/python3.8/site-packages/airflow/example_dags/tutorial_dag.py
[2023-11-03T19:46:27.698+0000] {processor.py:829} INFO - Processing file /home/airflow/.local/lib/python3.8/site-packages/airflow/example_dags/tutorial_dag.py for tasks to queue
[2023-11-03T19:46:27.719+0000] {logging_mixin.py:151} INFO - [2023-11-03T19:46:27.718+0000] {dagbag.py:536} INFO - Filling up the DagBag from /home/airflow/.local/lib/python3.8/site-packages/airflow/example_dags/tutorial_dag.py
[2023-11-03T19:46:27.737+0000] {processor.py:839} INFO - DAG(s) dict_keys(['tutorial_dag']) retrieved from /home/airflow/.local/lib/python3.8/site-packages/airflow/example_dags/tutorial_dag.py
[2023-11-03T19:46:27.845+0000] {logging_mixin.py:151} INFO - [2023-11-03T19:46:27.844+0000] {dag.py:2941} INFO - Sync 1 DAGs
[2023-11-03T19:46:27.910+0000] {logging_mixin.py:151} INFO - [2023-11-03T19:46:27.909+0000] {dag.py:3722} INFO - Setting next_dagrun for tutorial_dag to None, run_after=None
[2023-11-03T19:46:27.973+0000] {processor.py:179} INFO - Processing /home/airflow/.local/lib/python3.8/site-packages/airflow/example_dags/tutorial_dag.py took 0.287 seconds
[2023-11-03T19:46:58.637+0000] {processor.py:157} INFO - Started process (PID=34012) to work on /home/airflow/.local/lib/python3.8/site-packages/airflow/example_dags/tutorial_dag.py
[2023-11-03T19:46:58.639+0000] {processor.py:829} INFO - Processing file /home/airflow/.local/lib/python3.8/site-packages/airflow/example_dags/tutorial_dag.py for tasks to queue
[2023-11-03T19:46:58.646+0000] {logging_mixin.py:151} INFO - [2023-11-03T19:46:58.645+0000] {dagbag.py:536} INFO - Filling up the DagBag from /home/airflow/.local/lib/python3.8/site-packages/airflow/example_dags/tutorial_dag.py
[2023-11-03T19:46:58.661+0000] {processor.py:839} INFO - DAG(s) dict_keys(['tutorial_dag']) retrieved from /home/airflow/.local/lib/python3.8/site-packages/airflow/example_dags/tutorial_dag.py
[2023-11-03T19:46:58.724+0000] {logging_mixin.py:151} INFO - [2023-11-03T19:46:58.724+0000] {dag.py:2941} INFO - Sync 1 DAGs
[2023-11-03T19:46:58.756+0000] {logging_mixin.py:151} INFO - [2023-11-03T19:46:58.756+0000] {dag.py:3722} INFO - Setting next_dagrun for tutorial_dag to None, run_after=None
[2023-11-03T19:46:58.807+0000] {processor.py:179} INFO - Processing /home/airflow/.local/lib/python3.8/site-packages/airflow/example_dags/tutorial_dag.py took 0.177 seconds
[2023-11-03T19:47:29.129+0000] {processor.py:157} INFO - Started process (PID=34074) to work on /home/airflow/.local/lib/python3.8/site-packages/airflow/example_dags/tutorial_dag.py
[2023-11-03T19:47:29.132+0000] {processor.py:829} INFO - Processing file /home/airflow/.local/lib/python3.8/site-packages/airflow/example_dags/tutorial_dag.py for tasks to queue
[2023-11-03T19:47:29.141+0000] {logging_mixin.py:151} INFO - [2023-11-03T19:47:29.140+0000] {dagbag.py:536} INFO - Filling up the DagBag from /home/airflow/.local/lib/python3.8/site-packages/airflow/example_dags/tutorial_dag.py
[2023-11-03T19:47:29.161+0000] {processor.py:839} INFO - DAG(s) dict_keys(['tutorial_dag']) retrieved from /home/airflow/.local/lib/python3.8/site-packages/airflow/example_dags/tutorial_dag.py
[2023-11-03T19:47:29.240+0000] {logging_mixin.py:151} INFO - [2023-11-03T19:47:29.240+0000] {dag.py:2941} INFO - Sync 1 DAGs
[2023-11-03T19:47:29.274+0000] {logging_mixin.py:151} INFO - [2023-11-03T19:47:29.274+0000] {dag.py:3722} INFO - Setting next_dagrun for tutorial_dag to None, run_after=None
[2023-11-03T19:47:29.330+0000] {processor.py:179} INFO - Processing /home/airflow/.local/lib/python3.8/site-packages/airflow/example_dags/tutorial_dag.py took 0.208 seconds
[2023-11-03T19:47:59.894+0000] {processor.py:157} INFO - Started process (PID=34136) to work on /home/airflow/.local/lib/python3.8/site-packages/airflow/example_dags/tutorial_dag.py
[2023-11-03T19:47:59.907+0000] {processor.py:829} INFO - Processing file /home/airflow/.local/lib/python3.8/site-packages/airflow/example_dags/tutorial_dag.py for tasks to queue
[2023-11-03T19:47:59.932+0000] {logging_mixin.py:151} INFO - [2023-11-03T19:47:59.931+0000] {dagbag.py:536} INFO - Filling up the DagBag from /home/airflow/.local/lib/python3.8/site-packages/airflow/example_dags/tutorial_dag.py
[2023-11-03T19:47:59.957+0000] {processor.py:839} INFO - DAG(s) dict_keys(['tutorial_dag']) retrieved from /home/airflow/.local/lib/python3.8/site-packages/airflow/example_dags/tutorial_dag.py
[2023-11-03T19:48:00.059+0000] {logging_mixin.py:151} INFO - [2023-11-03T19:48:00.058+0000] {dag.py:2941} INFO - Sync 1 DAGs
[2023-11-03T19:48:00.105+0000] {logging_mixin.py:151} INFO - [2023-11-03T19:48:00.104+0000] {dag.py:3722} INFO - Setting next_dagrun for tutorial_dag to None, run_after=None
[2023-11-03T19:48:00.164+0000] {processor.py:179} INFO - Processing /home/airflow/.local/lib/python3.8/site-packages/airflow/example_dags/tutorial_dag.py took 0.288 seconds
[2023-11-03T19:48:30.576+0000] {processor.py:157} INFO - Started process (PID=34198) to work on /home/airflow/.local/lib/python3.8/site-packages/airflow/example_dags/tutorial_dag.py
[2023-11-03T19:48:30.578+0000] {processor.py:829} INFO - Processing file /home/airflow/.local/lib/python3.8/site-packages/airflow/example_dags/tutorial_dag.py for tasks to queue
[2023-11-03T19:48:30.585+0000] {logging_mixin.py:151} INFO - [2023-11-03T19:48:30.583+0000] {dagbag.py:536} INFO - Filling up the DagBag from /home/airflow/.local/lib/python3.8/site-packages/airflow/example_dags/tutorial_dag.py
[2023-11-03T19:48:30.599+0000] {processor.py:839} INFO - DAG(s) dict_keys(['tutorial_dag']) retrieved from /home/airflow/.local/lib/python3.8/site-packages/airflow/example_dags/tutorial_dag.py
[2023-11-03T19:48:30.672+0000] {logging_mixin.py:151} INFO - [2023-11-03T19:48:30.671+0000] {dag.py:2941} INFO - Sync 1 DAGs
[2023-11-03T19:48:30.715+0000] {logging_mixin.py:151} INFO - [2023-11-03T19:48:30.714+0000] {dag.py:3722} INFO - Setting next_dagrun for tutorial_dag to None, run_after=None
[2023-11-03T19:48:30.770+0000] {processor.py:179} INFO - Processing /home/airflow/.local/lib/python3.8/site-packages/airflow/example_dags/tutorial_dag.py took 0.201 seconds
[2023-11-03T19:49:01.055+0000] {processor.py:157} INFO - Started process (PID=34260) to work on /home/airflow/.local/lib/python3.8/site-packages/airflow/example_dags/tutorial_dag.py
[2023-11-03T19:49:01.058+0000] {processor.py:829} INFO - Processing file /home/airflow/.local/lib/python3.8/site-packages/airflow/example_dags/tutorial_dag.py for tasks to queue
[2023-11-03T19:49:01.066+0000] {logging_mixin.py:151} INFO - [2023-11-03T19:49:01.064+0000] {dagbag.py:536} INFO - Filling up the DagBag from /home/airflow/.local/lib/python3.8/site-packages/airflow/example_dags/tutorial_dag.py
[2023-11-03T19:49:01.081+0000] {processor.py:839} INFO - DAG(s) dict_keys(['tutorial_dag']) retrieved from /home/airflow/.local/lib/python3.8/site-packages/airflow/example_dags/tutorial_dag.py
[2023-11-03T19:49:01.132+0000] {logging_mixin.py:151} INFO - [2023-11-03T19:49:01.131+0000] {dag.py:2941} INFO - Sync 1 DAGs
[2023-11-03T19:49:01.161+0000] {logging_mixin.py:151} INFO - [2023-11-03T19:49:01.161+0000] {dag.py:3722} INFO - Setting next_dagrun for tutorial_dag to None, run_after=None
[2023-11-03T19:49:01.223+0000] {processor.py:179} INFO - Processing /home/airflow/.local/lib/python3.8/site-packages/airflow/example_dags/tutorial_dag.py took 0.177 seconds
[2023-11-03T19:49:32.072+0000] {processor.py:157} INFO - Started process (PID=34322) to work on /home/airflow/.local/lib/python3.8/site-packages/airflow/example_dags/tutorial_dag.py
[2023-11-03T19:49:32.075+0000] {processor.py:829} INFO - Processing file /home/airflow/.local/lib/python3.8/site-packages/airflow/example_dags/tutorial_dag.py for tasks to queue
[2023-11-03T19:49:32.083+0000] {logging_mixin.py:151} INFO - [2023-11-03T19:49:32.081+0000] {dagbag.py:536} INFO - Filling up the DagBag from /home/airflow/.local/lib/python3.8/site-packages/airflow/example_dags/tutorial_dag.py
[2023-11-03T19:49:32.097+0000] {processor.py:839} INFO - DAG(s) dict_keys(['tutorial_dag']) retrieved from /home/airflow/.local/lib/python3.8/site-packages/airflow/example_dags/tutorial_dag.py
[2023-11-03T19:49:32.158+0000] {logging_mixin.py:151} INFO - [2023-11-03T19:49:32.157+0000] {dag.py:2941} INFO - Sync 1 DAGs
[2023-11-03T19:49:32.195+0000] {logging_mixin.py:151} INFO - [2023-11-03T19:49:32.194+0000] {dag.py:3722} INFO - Setting next_dagrun for tutorial_dag to None, run_after=None
[2023-11-03T19:49:32.261+0000] {processor.py:179} INFO - Processing /home/airflow/.local/lib/python3.8/site-packages/airflow/example_dags/tutorial_dag.py took 0.196 seconds
[2023-11-03T19:50:02.628+0000] {processor.py:157} INFO - Started process (PID=34385) to work on /home/airflow/.local/lib/python3.8/site-packages/airflow/example_dags/tutorial_dag.py
[2023-11-03T19:50:02.631+0000] {processor.py:829} INFO - Processing file /home/airflow/.local/lib/python3.8/site-packages/airflow/example_dags/tutorial_dag.py for tasks to queue
[2023-11-03T19:50:02.638+0000] {logging_mixin.py:151} INFO - [2023-11-03T19:50:02.637+0000] {dagbag.py:536} INFO - Filling up the DagBag from /home/airflow/.local/lib/python3.8/site-packages/airflow/example_dags/tutorial_dag.py
[2023-11-03T19:50:02.658+0000] {processor.py:839} INFO - DAG(s) dict_keys(['tutorial_dag']) retrieved from /home/airflow/.local/lib/python3.8/site-packages/airflow/example_dags/tutorial_dag.py
[2023-11-03T19:50:02.723+0000] {logging_mixin.py:151} INFO - [2023-11-03T19:50:02.723+0000] {dag.py:2941} INFO - Sync 1 DAGs
[2023-11-03T19:50:02.763+0000] {logging_mixin.py:151} INFO - [2023-11-03T19:50:02.763+0000] {dag.py:3722} INFO - Setting next_dagrun for tutorial_dag to None, run_after=None
[2023-11-03T19:50:02.831+0000] {processor.py:179} INFO - Processing /home/airflow/.local/lib/python3.8/site-packages/airflow/example_dags/tutorial_dag.py took 0.213 seconds
[2023-11-03T19:50:33.027+0000] {processor.py:157} INFO - Started process (PID=34448) to work on /home/airflow/.local/lib/python3.8/site-packages/airflow/example_dags/tutorial_dag.py
[2023-11-03T19:50:33.030+0000] {processor.py:829} INFO - Processing file /home/airflow/.local/lib/python3.8/site-packages/airflow/example_dags/tutorial_dag.py for tasks to queue
[2023-11-03T19:50:33.037+0000] {logging_mixin.py:151} INFO - [2023-11-03T19:50:33.036+0000] {dagbag.py:536} INFO - Filling up the DagBag from /home/airflow/.local/lib/python3.8/site-packages/airflow/example_dags/tutorial_dag.py
[2023-11-03T19:50:33.053+0000] {processor.py:839} INFO - DAG(s) dict_keys(['tutorial_dag']) retrieved from /home/airflow/.local/lib/python3.8/site-packages/airflow/example_dags/tutorial_dag.py
[2023-11-03T19:50:33.109+0000] {logging_mixin.py:151} INFO - [2023-11-03T19:50:33.108+0000] {dag.py:2941} INFO - Sync 1 DAGs
[2023-11-03T19:50:33.169+0000] {logging_mixin.py:151} INFO - [2023-11-03T19:50:33.168+0000] {dag.py:3722} INFO - Setting next_dagrun for tutorial_dag to None, run_after=None
[2023-11-03T19:50:33.240+0000] {processor.py:179} INFO - Processing /home/airflow/.local/lib/python3.8/site-packages/airflow/example_dags/tutorial_dag.py took 0.221 seconds
[2023-11-03T19:51:04.013+0000] {processor.py:157} INFO - Started process (PID=34508) to work on /home/airflow/.local/lib/python3.8/site-packages/airflow/example_dags/tutorial_dag.py
[2023-11-03T19:51:04.015+0000] {processor.py:829} INFO - Processing file /home/airflow/.local/lib/python3.8/site-packages/airflow/example_dags/tutorial_dag.py for tasks to queue
[2023-11-03T19:51:04.024+0000] {logging_mixin.py:151} INFO - [2023-11-03T19:51:04.022+0000] {dagbag.py:536} INFO - Filling up the DagBag from /home/airflow/.local/lib/python3.8/site-packages/airflow/example_dags/tutorial_dag.py
[2023-11-03T19:51:04.042+0000] {processor.py:839} INFO - DAG(s) dict_keys(['tutorial_dag']) retrieved from /home/airflow/.local/lib/python3.8/site-packages/airflow/example_dags/tutorial_dag.py
[2023-11-03T19:51:04.108+0000] {logging_mixin.py:151} INFO - [2023-11-03T19:51:04.107+0000] {dag.py:2941} INFO - Sync 1 DAGs
[2023-11-03T19:51:04.159+0000] {logging_mixin.py:151} INFO - [2023-11-03T19:51:04.158+0000] {dag.py:3722} INFO - Setting next_dagrun for tutorial_dag to None, run_after=None
[2023-11-03T19:51:04.230+0000] {processor.py:179} INFO - Processing /home/airflow/.local/lib/python3.8/site-packages/airflow/example_dags/tutorial_dag.py took 0.225 seconds
[2023-11-03T19:51:34.785+0000] {processor.py:157} INFO - Started process (PID=34570) to work on /home/airflow/.local/lib/python3.8/site-packages/airflow/example_dags/tutorial_dag.py
[2023-11-03T19:51:34.788+0000] {processor.py:829} INFO - Processing file /home/airflow/.local/lib/python3.8/site-packages/airflow/example_dags/tutorial_dag.py for tasks to queue
[2023-11-03T19:51:34.796+0000] {logging_mixin.py:151} INFO - [2023-11-03T19:51:34.794+0000] {dagbag.py:536} INFO - Filling up the DagBag from /home/airflow/.local/lib/python3.8/site-packages/airflow/example_dags/tutorial_dag.py
[2023-11-03T19:51:34.812+0000] {processor.py:839} INFO - DAG(s) dict_keys(['tutorial_dag']) retrieved from /home/airflow/.local/lib/python3.8/site-packages/airflow/example_dags/tutorial_dag.py
[2023-11-03T19:51:34.870+0000] {logging_mixin.py:151} INFO - [2023-11-03T19:51:34.869+0000] {dag.py:2941} INFO - Sync 1 DAGs
[2023-11-03T19:51:34.900+0000] {logging_mixin.py:151} INFO - [2023-11-03T19:51:34.899+0000] {dag.py:3722} INFO - Setting next_dagrun for tutorial_dag to None, run_after=None
[2023-11-03T19:51:34.955+0000] {processor.py:179} INFO - Processing /home/airflow/.local/lib/python3.8/site-packages/airflow/example_dags/tutorial_dag.py took 0.179 seconds
[2023-11-03T19:52:05.936+0000] {processor.py:157} INFO - Started process (PID=34639) to work on /home/airflow/.local/lib/python3.8/site-packages/airflow/example_dags/tutorial_dag.py
[2023-11-03T19:52:05.939+0000] {processor.py:829} INFO - Processing file /home/airflow/.local/lib/python3.8/site-packages/airflow/example_dags/tutorial_dag.py for tasks to queue
[2023-11-03T19:52:05.945+0000] {logging_mixin.py:151} INFO - [2023-11-03T19:52:05.944+0000] {dagbag.py:536} INFO - Filling up the DagBag from /home/airflow/.local/lib/python3.8/site-packages/airflow/example_dags/tutorial_dag.py
[2023-11-03T19:52:05.958+0000] {processor.py:839} INFO - DAG(s) dict_keys(['tutorial_dag']) retrieved from /home/airflow/.local/lib/python3.8/site-packages/airflow/example_dags/tutorial_dag.py
[2023-11-03T19:52:06.008+0000] {logging_mixin.py:151} INFO - [2023-11-03T19:52:06.007+0000] {dag.py:2941} INFO - Sync 1 DAGs
[2023-11-03T19:52:06.038+0000] {logging_mixin.py:151} INFO - [2023-11-03T19:52:06.037+0000] {dag.py:3722} INFO - Setting next_dagrun for tutorial_dag to None, run_after=None
[2023-11-03T19:52:06.091+0000] {processor.py:179} INFO - Processing /home/airflow/.local/lib/python3.8/site-packages/airflow/example_dags/tutorial_dag.py took 0.162 seconds
[2023-11-03T19:52:36.589+0000] {processor.py:157} INFO - Started process (PID=34701) to work on /home/airflow/.local/lib/python3.8/site-packages/airflow/example_dags/tutorial_dag.py
[2023-11-03T19:52:36.591+0000] {processor.py:829} INFO - Processing file /home/airflow/.local/lib/python3.8/site-packages/airflow/example_dags/tutorial_dag.py for tasks to queue
[2023-11-03T19:52:36.598+0000] {logging_mixin.py:151} INFO - [2023-11-03T19:52:36.597+0000] {dagbag.py:536} INFO - Filling up the DagBag from /home/airflow/.local/lib/python3.8/site-packages/airflow/example_dags/tutorial_dag.py
[2023-11-03T19:52:36.619+0000] {processor.py:839} INFO - DAG(s) dict_keys(['tutorial_dag']) retrieved from /home/airflow/.local/lib/python3.8/site-packages/airflow/example_dags/tutorial_dag.py
[2023-11-03T19:52:36.681+0000] {logging_mixin.py:151} INFO - [2023-11-03T19:52:36.680+0000] {dag.py:2941} INFO - Sync 1 DAGs
[2023-11-03T19:52:36.720+0000] {logging_mixin.py:151} INFO - [2023-11-03T19:52:36.719+0000] {dag.py:3722} INFO - Setting next_dagrun for tutorial_dag to None, run_after=None
[2023-11-03T19:52:36.781+0000] {processor.py:179} INFO - Processing /home/airflow/.local/lib/python3.8/site-packages/airflow/example_dags/tutorial_dag.py took 0.199 seconds
[2023-11-03T19:53:07.119+0000] {processor.py:157} INFO - Started process (PID=34763) to work on /home/airflow/.local/lib/python3.8/site-packages/airflow/example_dags/tutorial_dag.py
[2023-11-03T19:53:07.122+0000] {processor.py:829} INFO - Processing file /home/airflow/.local/lib/python3.8/site-packages/airflow/example_dags/tutorial_dag.py for tasks to queue
[2023-11-03T19:53:07.129+0000] {logging_mixin.py:151} INFO - [2023-11-03T19:53:07.128+0000] {dagbag.py:536} INFO - Filling up the DagBag from /home/airflow/.local/lib/python3.8/site-packages/airflow/example_dags/tutorial_dag.py
[2023-11-03T19:53:07.148+0000] {processor.py:839} INFO - DAG(s) dict_keys(['tutorial_dag']) retrieved from /home/airflow/.local/lib/python3.8/site-packages/airflow/example_dags/tutorial_dag.py
[2023-11-03T19:53:07.234+0000] {logging_mixin.py:151} INFO - [2023-11-03T19:53:07.234+0000] {dag.py:2941} INFO - Sync 1 DAGs
[2023-11-03T19:53:07.286+0000] {logging_mixin.py:151} INFO - [2023-11-03T19:53:07.285+0000] {dag.py:3722} INFO - Setting next_dagrun for tutorial_dag to None, run_after=None
[2023-11-03T19:53:07.358+0000] {processor.py:179} INFO - Processing /home/airflow/.local/lib/python3.8/site-packages/airflow/example_dags/tutorial_dag.py took 0.249 seconds
[2023-11-03T19:53:38.004+0000] {processor.py:157} INFO - Started process (PID=34825) to work on /home/airflow/.local/lib/python3.8/site-packages/airflow/example_dags/tutorial_dag.py
[2023-11-03T19:53:38.007+0000] {processor.py:829} INFO - Processing file /home/airflow/.local/lib/python3.8/site-packages/airflow/example_dags/tutorial_dag.py for tasks to queue
[2023-11-03T19:53:38.014+0000] {logging_mixin.py:151} INFO - [2023-11-03T19:53:38.012+0000] {dagbag.py:536} INFO - Filling up the DagBag from /home/airflow/.local/lib/python3.8/site-packages/airflow/example_dags/tutorial_dag.py
[2023-11-03T19:53:38.028+0000] {processor.py:839} INFO - DAG(s) dict_keys(['tutorial_dag']) retrieved from /home/airflow/.local/lib/python3.8/site-packages/airflow/example_dags/tutorial_dag.py
[2023-11-03T19:53:38.087+0000] {logging_mixin.py:151} INFO - [2023-11-03T19:53:38.086+0000] {dag.py:2941} INFO - Sync 1 DAGs
[2023-11-03T19:53:38.135+0000] {logging_mixin.py:151} INFO - [2023-11-03T19:53:38.135+0000] {dag.py:3722} INFO - Setting next_dagrun for tutorial_dag to None, run_after=None
[2023-11-03T19:53:38.216+0000] {processor.py:179} INFO - Processing /home/airflow/.local/lib/python3.8/site-packages/airflow/example_dags/tutorial_dag.py took 0.219 seconds
[2023-11-03T19:54:09.759+0000] {processor.py:157} INFO - Started process (PID=34887) to work on /home/airflow/.local/lib/python3.8/site-packages/airflow/example_dags/tutorial_dag.py
[2023-11-03T19:54:09.765+0000] {processor.py:829} INFO - Processing file /home/airflow/.local/lib/python3.8/site-packages/airflow/example_dags/tutorial_dag.py for tasks to queue
[2023-11-03T19:54:09.780+0000] {logging_mixin.py:151} INFO - [2023-11-03T19:54:09.779+0000] {dagbag.py:536} INFO - Filling up the DagBag from /home/airflow/.local/lib/python3.8/site-packages/airflow/example_dags/tutorial_dag.py
[2023-11-03T19:54:09.797+0000] {processor.py:839} INFO - DAG(s) dict_keys(['tutorial_dag']) retrieved from /home/airflow/.local/lib/python3.8/site-packages/airflow/example_dags/tutorial_dag.py
[2023-11-03T19:54:09.978+0000] {logging_mixin.py:151} INFO - [2023-11-03T19:54:09.977+0000] {dag.py:2941} INFO - Sync 1 DAGs
[2023-11-03T19:54:10.067+0000] {logging_mixin.py:151} INFO - [2023-11-03T19:54:10.066+0000] {dag.py:3722} INFO - Setting next_dagrun for tutorial_dag to None, run_after=None
[2023-11-03T19:54:10.142+0000] {processor.py:179} INFO - Processing /home/airflow/.local/lib/python3.8/site-packages/airflow/example_dags/tutorial_dag.py took 0.397 seconds
[2023-11-03T19:54:40.233+0000] {processor.py:157} INFO - Started process (PID=34949) to work on /home/airflow/.local/lib/python3.8/site-packages/airflow/example_dags/tutorial_dag.py
[2023-11-03T19:54:40.236+0000] {processor.py:829} INFO - Processing file /home/airflow/.local/lib/python3.8/site-packages/airflow/example_dags/tutorial_dag.py for tasks to queue
[2023-11-03T19:54:40.243+0000] {logging_mixin.py:151} INFO - [2023-11-03T19:54:40.242+0000] {dagbag.py:536} INFO - Filling up the DagBag from /home/airflow/.local/lib/python3.8/site-packages/airflow/example_dags/tutorial_dag.py
[2023-11-03T19:54:40.259+0000] {processor.py:839} INFO - DAG(s) dict_keys(['tutorial_dag']) retrieved from /home/airflow/.local/lib/python3.8/site-packages/airflow/example_dags/tutorial_dag.py
[2023-11-03T19:54:40.314+0000] {logging_mixin.py:151} INFO - [2023-11-03T19:54:40.313+0000] {dag.py:2941} INFO - Sync 1 DAGs
[2023-11-03T19:54:40.349+0000] {logging_mixin.py:151} INFO - [2023-11-03T19:54:40.349+0000] {dag.py:3722} INFO - Setting next_dagrun for tutorial_dag to None, run_after=None
[2023-11-03T19:54:40.408+0000] {processor.py:179} INFO - Processing /home/airflow/.local/lib/python3.8/site-packages/airflow/example_dags/tutorial_dag.py took 0.183 seconds
[2023-11-03T19:55:11.223+0000] {processor.py:157} INFO - Started process (PID=35011) to work on /home/airflow/.local/lib/python3.8/site-packages/airflow/example_dags/tutorial_dag.py
[2023-11-03T19:55:11.226+0000] {processor.py:829} INFO - Processing file /home/airflow/.local/lib/python3.8/site-packages/airflow/example_dags/tutorial_dag.py for tasks to queue
[2023-11-03T19:55:11.233+0000] {logging_mixin.py:151} INFO - [2023-11-03T19:55:11.232+0000] {dagbag.py:536} INFO - Filling up the DagBag from /home/airflow/.local/lib/python3.8/site-packages/airflow/example_dags/tutorial_dag.py
[2023-11-03T19:55:11.250+0000] {processor.py:839} INFO - DAG(s) dict_keys(['tutorial_dag']) retrieved from /home/airflow/.local/lib/python3.8/site-packages/airflow/example_dags/tutorial_dag.py
[2023-11-03T19:55:11.315+0000] {logging_mixin.py:151} INFO - [2023-11-03T19:55:11.314+0000] {dag.py:2941} INFO - Sync 1 DAGs
[2023-11-03T19:55:11.351+0000] {logging_mixin.py:151} INFO - [2023-11-03T19:55:11.350+0000] {dag.py:3722} INFO - Setting next_dagrun for tutorial_dag to None, run_after=None
[2023-11-03T19:55:11.420+0000] {processor.py:179} INFO - Processing /home/airflow/.local/lib/python3.8/site-packages/airflow/example_dags/tutorial_dag.py took 0.204 seconds
[2023-11-03T19:55:42.083+0000] {processor.py:157} INFO - Started process (PID=35073) to work on /home/airflow/.local/lib/python3.8/site-packages/airflow/example_dags/tutorial_dag.py
[2023-11-03T19:55:42.085+0000] {processor.py:829} INFO - Processing file /home/airflow/.local/lib/python3.8/site-packages/airflow/example_dags/tutorial_dag.py for tasks to queue
[2023-11-03T19:55:42.092+0000] {logging_mixin.py:151} INFO - [2023-11-03T19:55:42.091+0000] {dagbag.py:536} INFO - Filling up the DagBag from /home/airflow/.local/lib/python3.8/site-packages/airflow/example_dags/tutorial_dag.py
[2023-11-03T19:55:42.106+0000] {processor.py:839} INFO - DAG(s) dict_keys(['tutorial_dag']) retrieved from /home/airflow/.local/lib/python3.8/site-packages/airflow/example_dags/tutorial_dag.py
[2023-11-03T19:55:42.160+0000] {logging_mixin.py:151} INFO - [2023-11-03T19:55:42.159+0000] {dag.py:2941} INFO - Sync 1 DAGs
[2023-11-03T19:55:42.204+0000] {logging_mixin.py:151} INFO - [2023-11-03T19:55:42.204+0000] {dag.py:3722} INFO - Setting next_dagrun for tutorial_dag to None, run_after=None
[2023-11-03T19:55:42.263+0000] {processor.py:179} INFO - Processing /home/airflow/.local/lib/python3.8/site-packages/airflow/example_dags/tutorial_dag.py took 0.187 seconds
[2023-11-03T19:56:12.721+0000] {processor.py:157} INFO - Started process (PID=35135) to work on /home/airflow/.local/lib/python3.8/site-packages/airflow/example_dags/tutorial_dag.py
[2023-11-03T19:56:12.724+0000] {processor.py:829} INFO - Processing file /home/airflow/.local/lib/python3.8/site-packages/airflow/example_dags/tutorial_dag.py for tasks to queue
[2023-11-03T19:56:12.736+0000] {logging_mixin.py:151} INFO - [2023-11-03T19:56:12.734+0000] {dagbag.py:536} INFO - Filling up the DagBag from /home/airflow/.local/lib/python3.8/site-packages/airflow/example_dags/tutorial_dag.py
[2023-11-03T19:56:12.760+0000] {processor.py:839} INFO - DAG(s) dict_keys(['tutorial_dag']) retrieved from /home/airflow/.local/lib/python3.8/site-packages/airflow/example_dags/tutorial_dag.py
[2023-11-03T19:56:12.814+0000] {logging_mixin.py:151} INFO - [2023-11-03T19:56:12.813+0000] {dag.py:2941} INFO - Sync 1 DAGs
[2023-11-03T19:56:12.845+0000] {logging_mixin.py:151} INFO - [2023-11-03T19:56:12.844+0000] {dag.py:3722} INFO - Setting next_dagrun for tutorial_dag to None, run_after=None
[2023-11-03T19:56:12.910+0000] {processor.py:179} INFO - Processing /home/airflow/.local/lib/python3.8/site-packages/airflow/example_dags/tutorial_dag.py took 0.201 seconds
[2023-11-03T19:56:43.262+0000] {processor.py:157} INFO - Started process (PID=35197) to work on /home/airflow/.local/lib/python3.8/site-packages/airflow/example_dags/tutorial_dag.py
[2023-11-03T19:56:43.265+0000] {processor.py:829} INFO - Processing file /home/airflow/.local/lib/python3.8/site-packages/airflow/example_dags/tutorial_dag.py for tasks to queue
[2023-11-03T19:56:43.272+0000] {logging_mixin.py:151} INFO - [2023-11-03T19:56:43.271+0000] {dagbag.py:536} INFO - Filling up the DagBag from /home/airflow/.local/lib/python3.8/site-packages/airflow/example_dags/tutorial_dag.py
[2023-11-03T19:56:43.288+0000] {processor.py:839} INFO - DAG(s) dict_keys(['tutorial_dag']) retrieved from /home/airflow/.local/lib/python3.8/site-packages/airflow/example_dags/tutorial_dag.py
[2023-11-03T19:56:43.373+0000] {logging_mixin.py:151} INFO - [2023-11-03T19:56:43.372+0000] {dag.py:2941} INFO - Sync 1 DAGs
[2023-11-03T19:56:43.417+0000] {logging_mixin.py:151} INFO - [2023-11-03T19:56:43.417+0000] {dag.py:3722} INFO - Setting next_dagrun for tutorial_dag to None, run_after=None
[2023-11-03T19:56:43.482+0000] {processor.py:179} INFO - Processing /home/airflow/.local/lib/python3.8/site-packages/airflow/example_dags/tutorial_dag.py took 0.228 seconds
[2023-11-03T19:57:13.681+0000] {processor.py:157} INFO - Started process (PID=35259) to work on /home/airflow/.local/lib/python3.8/site-packages/airflow/example_dags/tutorial_dag.py
[2023-11-03T19:57:13.684+0000] {processor.py:829} INFO - Processing file /home/airflow/.local/lib/python3.8/site-packages/airflow/example_dags/tutorial_dag.py for tasks to queue
[2023-11-03T19:57:13.690+0000] {logging_mixin.py:151} INFO - [2023-11-03T19:57:13.689+0000] {dagbag.py:536} INFO - Filling up the DagBag from /home/airflow/.local/lib/python3.8/site-packages/airflow/example_dags/tutorial_dag.py
[2023-11-03T19:57:13.716+0000] {processor.py:839} INFO - DAG(s) dict_keys(['tutorial_dag']) retrieved from /home/airflow/.local/lib/python3.8/site-packages/airflow/example_dags/tutorial_dag.py
[2023-11-03T19:57:13.849+0000] {logging_mixin.py:151} INFO - [2023-11-03T19:57:13.848+0000] {dag.py:2941} INFO - Sync 1 DAGs
[2023-11-03T19:57:13.936+0000] {logging_mixin.py:151} INFO - [2023-11-03T19:57:13.935+0000] {dag.py:3722} INFO - Setting next_dagrun for tutorial_dag to None, run_after=None
[2023-11-03T19:57:14.028+0000] {processor.py:179} INFO - Processing /home/airflow/.local/lib/python3.8/site-packages/airflow/example_dags/tutorial_dag.py took 0.357 seconds
[2023-11-03T19:57:44.874+0000] {processor.py:157} INFO - Started process (PID=35321) to work on /home/airflow/.local/lib/python3.8/site-packages/airflow/example_dags/tutorial_dag.py
[2023-11-03T19:57:44.878+0000] {processor.py:829} INFO - Processing file /home/airflow/.local/lib/python3.8/site-packages/airflow/example_dags/tutorial_dag.py for tasks to queue
[2023-11-03T19:57:44.888+0000] {logging_mixin.py:151} INFO - [2023-11-03T19:57:44.886+0000] {dagbag.py:536} INFO - Filling up the DagBag from /home/airflow/.local/lib/python3.8/site-packages/airflow/example_dags/tutorial_dag.py
[2023-11-03T19:57:44.904+0000] {processor.py:839} INFO - DAG(s) dict_keys(['tutorial_dag']) retrieved from /home/airflow/.local/lib/python3.8/site-packages/airflow/example_dags/tutorial_dag.py
[2023-11-03T19:57:44.960+0000] {logging_mixin.py:151} INFO - [2023-11-03T19:57:44.959+0000] {dag.py:2941} INFO - Sync 1 DAGs
[2023-11-03T19:57:44.998+0000] {logging_mixin.py:151} INFO - [2023-11-03T19:57:44.998+0000] {dag.py:3722} INFO - Setting next_dagrun for tutorial_dag to None, run_after=None
[2023-11-03T19:57:45.070+0000] {processor.py:179} INFO - Processing /home/airflow/.local/lib/python3.8/site-packages/airflow/example_dags/tutorial_dag.py took 0.207 seconds
[2023-11-03T19:58:16.039+0000] {processor.py:157} INFO - Started process (PID=35382) to work on /home/airflow/.local/lib/python3.8/site-packages/airflow/example_dags/tutorial_dag.py
[2023-11-03T19:58:16.042+0000] {processor.py:829} INFO - Processing file /home/airflow/.local/lib/python3.8/site-packages/airflow/example_dags/tutorial_dag.py for tasks to queue
[2023-11-03T19:58:16.049+0000] {logging_mixin.py:151} INFO - [2023-11-03T19:58:16.048+0000] {dagbag.py:536} INFO - Filling up the DagBag from /home/airflow/.local/lib/python3.8/site-packages/airflow/example_dags/tutorial_dag.py
[2023-11-03T19:58:16.069+0000] {processor.py:839} INFO - DAG(s) dict_keys(['tutorial_dag']) retrieved from /home/airflow/.local/lib/python3.8/site-packages/airflow/example_dags/tutorial_dag.py
[2023-11-03T19:58:16.128+0000] {logging_mixin.py:151} INFO - [2023-11-03T19:58:16.127+0000] {dag.py:2941} INFO - Sync 1 DAGs
[2023-11-03T19:58:16.170+0000] {logging_mixin.py:151} INFO - [2023-11-03T19:58:16.169+0000] {dag.py:3722} INFO - Setting next_dagrun for tutorial_dag to None, run_after=None
[2023-11-03T19:58:16.248+0000] {processor.py:179} INFO - Processing /home/airflow/.local/lib/python3.8/site-packages/airflow/example_dags/tutorial_dag.py took 0.216 seconds
[2023-11-03T19:58:46.961+0000] {processor.py:157} INFO - Started process (PID=35445) to work on /home/airflow/.local/lib/python3.8/site-packages/airflow/example_dags/tutorial_dag.py
[2023-11-03T19:58:46.963+0000] {processor.py:829} INFO - Processing file /home/airflow/.local/lib/python3.8/site-packages/airflow/example_dags/tutorial_dag.py for tasks to queue
[2023-11-03T19:58:46.970+0000] {logging_mixin.py:151} INFO - [2023-11-03T19:58:46.968+0000] {dagbag.py:536} INFO - Filling up the DagBag from /home/airflow/.local/lib/python3.8/site-packages/airflow/example_dags/tutorial_dag.py
[2023-11-03T19:58:46.984+0000] {processor.py:839} INFO - DAG(s) dict_keys(['tutorial_dag']) retrieved from /home/airflow/.local/lib/python3.8/site-packages/airflow/example_dags/tutorial_dag.py
[2023-11-03T19:58:47.042+0000] {logging_mixin.py:151} INFO - [2023-11-03T19:58:47.041+0000] {dag.py:2941} INFO - Sync 1 DAGs
[2023-11-03T19:58:47.073+0000] {logging_mixin.py:151} INFO - [2023-11-03T19:58:47.073+0000] {dag.py:3722} INFO - Setting next_dagrun for tutorial_dag to None, run_after=None
[2023-11-03T19:58:47.128+0000] {processor.py:179} INFO - Processing /home/airflow/.local/lib/python3.8/site-packages/airflow/example_dags/tutorial_dag.py took 0.174 seconds
[2023-11-03T19:59:17.651+0000] {processor.py:157} INFO - Started process (PID=35507) to work on /home/airflow/.local/lib/python3.8/site-packages/airflow/example_dags/tutorial_dag.py
[2023-11-03T19:59:17.654+0000] {processor.py:829} INFO - Processing file /home/airflow/.local/lib/python3.8/site-packages/airflow/example_dags/tutorial_dag.py for tasks to queue
[2023-11-03T19:59:17.661+0000] {logging_mixin.py:151} INFO - [2023-11-03T19:59:17.659+0000] {dagbag.py:536} INFO - Filling up the DagBag from /home/airflow/.local/lib/python3.8/site-packages/airflow/example_dags/tutorial_dag.py
[2023-11-03T19:59:17.675+0000] {processor.py:839} INFO - DAG(s) dict_keys(['tutorial_dag']) retrieved from /home/airflow/.local/lib/python3.8/site-packages/airflow/example_dags/tutorial_dag.py
[2023-11-03T19:59:17.798+0000] {logging_mixin.py:151} INFO - [2023-11-03T19:59:17.797+0000] {dag.py:2941} INFO - Sync 1 DAGs
[2023-11-03T19:59:17.884+0000] {logging_mixin.py:151} INFO - [2023-11-03T19:59:17.883+0000] {dag.py:3722} INFO - Setting next_dagrun for tutorial_dag to None, run_after=None
[2023-11-03T19:59:17.987+0000] {processor.py:179} INFO - Processing /home/airflow/.local/lib/python3.8/site-packages/airflow/example_dags/tutorial_dag.py took 0.347 seconds
[2023-11-03T19:59:48.152+0000] {processor.py:157} INFO - Started process (PID=35569) to work on /home/airflow/.local/lib/python3.8/site-packages/airflow/example_dags/tutorial_dag.py
[2023-11-03T19:59:48.155+0000] {processor.py:829} INFO - Processing file /home/airflow/.local/lib/python3.8/site-packages/airflow/example_dags/tutorial_dag.py for tasks to queue
[2023-11-03T19:59:48.162+0000] {logging_mixin.py:151} INFO - [2023-11-03T19:59:48.161+0000] {dagbag.py:536} INFO - Filling up the DagBag from /home/airflow/.local/lib/python3.8/site-packages/airflow/example_dags/tutorial_dag.py
[2023-11-03T19:59:48.178+0000] {processor.py:839} INFO - DAG(s) dict_keys(['tutorial_dag']) retrieved from /home/airflow/.local/lib/python3.8/site-packages/airflow/example_dags/tutorial_dag.py
[2023-11-03T19:59:48.237+0000] {logging_mixin.py:151} INFO - [2023-11-03T19:59:48.236+0000] {dag.py:2941} INFO - Sync 1 DAGs
[2023-11-03T19:59:48.272+0000] {logging_mixin.py:151} INFO - [2023-11-03T19:59:48.272+0000] {dag.py:3722} INFO - Setting next_dagrun for tutorial_dag to None, run_after=None
[2023-11-03T19:59:48.336+0000] {processor.py:179} INFO - Processing /home/airflow/.local/lib/python3.8/site-packages/airflow/example_dags/tutorial_dag.py took 0.192 seconds
[2023-11-03T20:00:19.273+0000] {processor.py:157} INFO - Started process (PID=35631) to work on /home/airflow/.local/lib/python3.8/site-packages/airflow/example_dags/tutorial_dag.py
[2023-11-03T20:00:19.275+0000] {processor.py:829} INFO - Processing file /home/airflow/.local/lib/python3.8/site-packages/airflow/example_dags/tutorial_dag.py for tasks to queue
[2023-11-03T20:00:19.282+0000] {logging_mixin.py:151} INFO - [2023-11-03T20:00:19.281+0000] {dagbag.py:536} INFO - Filling up the DagBag from /home/airflow/.local/lib/python3.8/site-packages/airflow/example_dags/tutorial_dag.py
[2023-11-03T20:00:19.299+0000] {processor.py:839} INFO - DAG(s) dict_keys(['tutorial_dag']) retrieved from /home/airflow/.local/lib/python3.8/site-packages/airflow/example_dags/tutorial_dag.py
[2023-11-03T20:00:19.351+0000] {logging_mixin.py:151} INFO - [2023-11-03T20:00:19.350+0000] {dag.py:2941} INFO - Sync 1 DAGs
[2023-11-03T20:00:19.387+0000] {logging_mixin.py:151} INFO - [2023-11-03T20:00:19.386+0000] {dag.py:3722} INFO - Setting next_dagrun for tutorial_dag to None, run_after=None
[2023-11-03T20:00:19.438+0000] {processor.py:179} INFO - Processing /home/airflow/.local/lib/python3.8/site-packages/airflow/example_dags/tutorial_dag.py took 0.174 seconds
[2023-11-03T20:00:50.726+0000] {processor.py:157} INFO - Started process (PID=35693) to work on /home/airflow/.local/lib/python3.8/site-packages/airflow/example_dags/tutorial_dag.py
[2023-11-03T20:00:50.729+0000] {processor.py:829} INFO - Processing file /home/airflow/.local/lib/python3.8/site-packages/airflow/example_dags/tutorial_dag.py for tasks to queue
[2023-11-03T20:00:50.736+0000] {logging_mixin.py:151} INFO - [2023-11-03T20:00:50.734+0000] {dagbag.py:536} INFO - Filling up the DagBag from /home/airflow/.local/lib/python3.8/site-packages/airflow/example_dags/tutorial_dag.py
[2023-11-03T20:00:50.750+0000] {processor.py:839} INFO - DAG(s) dict_keys(['tutorial_dag']) retrieved from /home/airflow/.local/lib/python3.8/site-packages/airflow/example_dags/tutorial_dag.py
[2023-11-03T20:00:50.811+0000] {logging_mixin.py:151} INFO - [2023-11-03T20:00:50.810+0000] {dag.py:2941} INFO - Sync 1 DAGs
[2023-11-03T20:00:50.841+0000] {logging_mixin.py:151} INFO - [2023-11-03T20:00:50.841+0000] {dag.py:3722} INFO - Setting next_dagrun for tutorial_dag to None, run_after=None
[2023-11-03T20:00:50.900+0000] {processor.py:179} INFO - Processing /home/airflow/.local/lib/python3.8/site-packages/airflow/example_dags/tutorial_dag.py took 0.183 seconds
[2023-11-03T20:01:22.063+0000] {processor.py:157} INFO - Started process (PID=35755) to work on /home/airflow/.local/lib/python3.8/site-packages/airflow/example_dags/tutorial_dag.py
[2023-11-03T20:01:22.066+0000] {processor.py:829} INFO - Processing file /home/airflow/.local/lib/python3.8/site-packages/airflow/example_dags/tutorial_dag.py for tasks to queue
[2023-11-03T20:01:22.073+0000] {logging_mixin.py:151} INFO - [2023-11-03T20:01:22.071+0000] {dagbag.py:536} INFO - Filling up the DagBag from /home/airflow/.local/lib/python3.8/site-packages/airflow/example_dags/tutorial_dag.py
[2023-11-03T20:01:22.091+0000] {processor.py:839} INFO - DAG(s) dict_keys(['tutorial_dag']) retrieved from /home/airflow/.local/lib/python3.8/site-packages/airflow/example_dags/tutorial_dag.py
[2023-11-03T20:01:22.173+0000] {logging_mixin.py:151} INFO - [2023-11-03T20:01:22.173+0000] {dag.py:2941} INFO - Sync 1 DAGs
[2023-11-03T20:01:22.230+0000] {logging_mixin.py:151} INFO - [2023-11-03T20:01:22.230+0000] {dag.py:3722} INFO - Setting next_dagrun for tutorial_dag to None, run_after=None
[2023-11-03T20:01:22.291+0000] {processor.py:179} INFO - Processing /home/airflow/.local/lib/python3.8/site-packages/airflow/example_dags/tutorial_dag.py took 0.236 seconds
[2023-11-03T20:01:52.937+0000] {processor.py:157} INFO - Started process (PID=35817) to work on /home/airflow/.local/lib/python3.8/site-packages/airflow/example_dags/tutorial_dag.py
[2023-11-03T20:01:52.939+0000] {processor.py:829} INFO - Processing file /home/airflow/.local/lib/python3.8/site-packages/airflow/example_dags/tutorial_dag.py for tasks to queue
[2023-11-03T20:01:52.946+0000] {logging_mixin.py:151} INFO - [2023-11-03T20:01:52.945+0000] {dagbag.py:536} INFO - Filling up the DagBag from /home/airflow/.local/lib/python3.8/site-packages/airflow/example_dags/tutorial_dag.py
[2023-11-03T20:01:52.960+0000] {processor.py:839} INFO - DAG(s) dict_keys(['tutorial_dag']) retrieved from /home/airflow/.local/lib/python3.8/site-packages/airflow/example_dags/tutorial_dag.py
[2023-11-03T20:01:53.029+0000] {logging_mixin.py:151} INFO - [2023-11-03T20:01:53.028+0000] {dag.py:2941} INFO - Sync 1 DAGs
[2023-11-03T20:01:53.073+0000] {logging_mixin.py:151} INFO - [2023-11-03T20:01:53.072+0000] {dag.py:3722} INFO - Setting next_dagrun for tutorial_dag to None, run_after=None
[2023-11-03T20:01:53.138+0000] {processor.py:179} INFO - Processing /home/airflow/.local/lib/python3.8/site-packages/airflow/example_dags/tutorial_dag.py took 0.209 seconds
[2023-11-03T20:02:23.691+0000] {processor.py:157} INFO - Started process (PID=35879) to work on /home/airflow/.local/lib/python3.8/site-packages/airflow/example_dags/tutorial_dag.py
[2023-11-03T20:02:23.694+0000] {processor.py:829} INFO - Processing file /home/airflow/.local/lib/python3.8/site-packages/airflow/example_dags/tutorial_dag.py for tasks to queue
[2023-11-03T20:02:23.730+0000] {logging_mixin.py:151} INFO - [2023-11-03T20:02:23.728+0000] {dagbag.py:536} INFO - Filling up the DagBag from /home/airflow/.local/lib/python3.8/site-packages/airflow/example_dags/tutorial_dag.py
[2023-11-03T20:02:23.769+0000] {processor.py:839} INFO - DAG(s) dict_keys(['tutorial_dag']) retrieved from /home/airflow/.local/lib/python3.8/site-packages/airflow/example_dags/tutorial_dag.py
[2023-11-03T20:02:23.885+0000] {logging_mixin.py:151} INFO - [2023-11-03T20:02:23.884+0000] {dag.py:2941} INFO - Sync 1 DAGs
[2023-11-03T20:02:23.940+0000] {logging_mixin.py:151} INFO - [2023-11-03T20:02:23.939+0000] {dag.py:3722} INFO - Setting next_dagrun for tutorial_dag to None, run_after=None
[2023-11-03T20:02:23.996+0000] {processor.py:179} INFO - Processing /home/airflow/.local/lib/python3.8/site-packages/airflow/example_dags/tutorial_dag.py took 0.312 seconds
[2023-11-03T20:02:54.491+0000] {processor.py:157} INFO - Started process (PID=35941) to work on /home/airflow/.local/lib/python3.8/site-packages/airflow/example_dags/tutorial_dag.py
[2023-11-03T20:02:54.493+0000] {processor.py:829} INFO - Processing file /home/airflow/.local/lib/python3.8/site-packages/airflow/example_dags/tutorial_dag.py for tasks to queue
[2023-11-03T20:02:54.501+0000] {logging_mixin.py:151} INFO - [2023-11-03T20:02:54.500+0000] {dagbag.py:536} INFO - Filling up the DagBag from /home/airflow/.local/lib/python3.8/site-packages/airflow/example_dags/tutorial_dag.py
[2023-11-03T20:02:54.522+0000] {processor.py:839} INFO - DAG(s) dict_keys(['tutorial_dag']) retrieved from /home/airflow/.local/lib/python3.8/site-packages/airflow/example_dags/tutorial_dag.py
[2023-11-03T20:02:54.600+0000] {logging_mixin.py:151} INFO - [2023-11-03T20:02:54.599+0000] {dag.py:2941} INFO - Sync 1 DAGs
[2023-11-03T20:02:54.636+0000] {logging_mixin.py:151} INFO - [2023-11-03T20:02:54.636+0000] {dag.py:3722} INFO - Setting next_dagrun for tutorial_dag to None, run_after=None
[2023-11-03T20:02:54.691+0000] {processor.py:179} INFO - Processing /home/airflow/.local/lib/python3.8/site-packages/airflow/example_dags/tutorial_dag.py took 0.209 seconds
[2023-11-03T20:03:26.418+0000] {processor.py:157} INFO - Started process (PID=36005) to work on /home/airflow/.local/lib/python3.8/site-packages/airflow/example_dags/tutorial_dag.py
[2023-11-03T20:03:26.421+0000] {processor.py:829} INFO - Processing file /home/airflow/.local/lib/python3.8/site-packages/airflow/example_dags/tutorial_dag.py for tasks to queue
[2023-11-03T20:03:26.429+0000] {logging_mixin.py:151} INFO - [2023-11-03T20:03:26.427+0000] {dagbag.py:536} INFO - Filling up the DagBag from /home/airflow/.local/lib/python3.8/site-packages/airflow/example_dags/tutorial_dag.py
[2023-11-03T20:03:26.448+0000] {processor.py:839} INFO - DAG(s) dict_keys(['tutorial_dag']) retrieved from /home/airflow/.local/lib/python3.8/site-packages/airflow/example_dags/tutorial_dag.py
[2023-11-03T20:03:26.508+0000] {logging_mixin.py:151} INFO - [2023-11-03T20:03:26.507+0000] {dag.py:2941} INFO - Sync 1 DAGs
[2023-11-03T20:03:26.539+0000] {logging_mixin.py:151} INFO - [2023-11-03T20:03:26.539+0000] {dag.py:3722} INFO - Setting next_dagrun for tutorial_dag to None, run_after=None
[2023-11-03T20:03:26.597+0000] {processor.py:179} INFO - Processing /home/airflow/.local/lib/python3.8/site-packages/airflow/example_dags/tutorial_dag.py took 0.188 seconds
[2023-11-03T20:03:57.067+0000] {processor.py:157} INFO - Started process (PID=36067) to work on /home/airflow/.local/lib/python3.8/site-packages/airflow/example_dags/tutorial_dag.py
[2023-11-03T20:03:57.070+0000] {processor.py:829} INFO - Processing file /home/airflow/.local/lib/python3.8/site-packages/airflow/example_dags/tutorial_dag.py for tasks to queue
[2023-11-03T20:03:57.079+0000] {logging_mixin.py:151} INFO - [2023-11-03T20:03:57.077+0000] {dagbag.py:536} INFO - Filling up the DagBag from /home/airflow/.local/lib/python3.8/site-packages/airflow/example_dags/tutorial_dag.py
[2023-11-03T20:03:57.097+0000] {processor.py:839} INFO - DAG(s) dict_keys(['tutorial_dag']) retrieved from /home/airflow/.local/lib/python3.8/site-packages/airflow/example_dags/tutorial_dag.py
[2023-11-03T20:03:57.161+0000] {logging_mixin.py:151} INFO - [2023-11-03T20:03:57.160+0000] {dag.py:2941} INFO - Sync 1 DAGs
[2023-11-03T20:03:57.219+0000] {logging_mixin.py:151} INFO - [2023-11-03T20:03:57.219+0000] {dag.py:3722} INFO - Setting next_dagrun for tutorial_dag to None, run_after=None
[2023-11-03T20:03:57.285+0000] {processor.py:179} INFO - Processing /home/airflow/.local/lib/python3.8/site-packages/airflow/example_dags/tutorial_dag.py took 0.229 seconds
[2023-11-03T20:04:28.038+0000] {processor.py:157} INFO - Started process (PID=36128) to work on /home/airflow/.local/lib/python3.8/site-packages/airflow/example_dags/tutorial_dag.py
[2023-11-03T20:04:28.040+0000] {processor.py:829} INFO - Processing file /home/airflow/.local/lib/python3.8/site-packages/airflow/example_dags/tutorial_dag.py for tasks to queue
[2023-11-03T20:04:28.047+0000] {logging_mixin.py:151} INFO - [2023-11-03T20:04:28.046+0000] {dagbag.py:536} INFO - Filling up the DagBag from /home/airflow/.local/lib/python3.8/site-packages/airflow/example_dags/tutorial_dag.py
[2023-11-03T20:04:28.063+0000] {processor.py:839} INFO - DAG(s) dict_keys(['tutorial_dag']) retrieved from /home/airflow/.local/lib/python3.8/site-packages/airflow/example_dags/tutorial_dag.py
[2023-11-03T20:04:28.130+0000] {logging_mixin.py:151} INFO - [2023-11-03T20:04:28.129+0000] {dag.py:2941} INFO - Sync 1 DAGs
[2023-11-03T20:04:28.170+0000] {logging_mixin.py:151} INFO - [2023-11-03T20:04:28.170+0000] {dag.py:3722} INFO - Setting next_dagrun for tutorial_dag to None, run_after=None
[2023-11-03T20:04:28.242+0000] {processor.py:179} INFO - Processing /home/airflow/.local/lib/python3.8/site-packages/airflow/example_dags/tutorial_dag.py took 0.212 seconds
[2023-11-03T20:04:58.632+0000] {processor.py:157} INFO - Started process (PID=36190) to work on /home/airflow/.local/lib/python3.8/site-packages/airflow/example_dags/tutorial_dag.py
[2023-11-03T20:04:58.634+0000] {processor.py:829} INFO - Processing file /home/airflow/.local/lib/python3.8/site-packages/airflow/example_dags/tutorial_dag.py for tasks to queue
[2023-11-03T20:04:58.641+0000] {logging_mixin.py:151} INFO - [2023-11-03T20:04:58.640+0000] {dagbag.py:536} INFO - Filling up the DagBag from /home/airflow/.local/lib/python3.8/site-packages/airflow/example_dags/tutorial_dag.py
[2023-11-03T20:04:58.655+0000] {processor.py:839} INFO - DAG(s) dict_keys(['tutorial_dag']) retrieved from /home/airflow/.local/lib/python3.8/site-packages/airflow/example_dags/tutorial_dag.py
[2023-11-03T20:04:58.719+0000] {logging_mixin.py:151} INFO - [2023-11-03T20:04:58.718+0000] {dag.py:2941} INFO - Sync 1 DAGs
[2023-11-03T20:04:58.753+0000] {logging_mixin.py:151} INFO - [2023-11-03T20:04:58.752+0000] {dag.py:3722} INFO - Setting next_dagrun for tutorial_dag to None, run_after=None
[2023-11-03T20:04:58.811+0000] {processor.py:179} INFO - Processing /home/airflow/.local/lib/python3.8/site-packages/airflow/example_dags/tutorial_dag.py took 0.187 seconds
[2023-11-03T20:05:30.054+0000] {processor.py:157} INFO - Started process (PID=36252) to work on /home/airflow/.local/lib/python3.8/site-packages/airflow/example_dags/tutorial_dag.py
[2023-11-03T20:05:30.058+0000] {processor.py:829} INFO - Processing file /home/airflow/.local/lib/python3.8/site-packages/airflow/example_dags/tutorial_dag.py for tasks to queue
[2023-11-03T20:05:30.066+0000] {logging_mixin.py:151} INFO - [2023-11-03T20:05:30.065+0000] {dagbag.py:536} INFO - Filling up the DagBag from /home/airflow/.local/lib/python3.8/site-packages/airflow/example_dags/tutorial_dag.py
[2023-11-03T20:05:30.089+0000] {processor.py:839} INFO - DAG(s) dict_keys(['tutorial_dag']) retrieved from /home/airflow/.local/lib/python3.8/site-packages/airflow/example_dags/tutorial_dag.py
[2023-11-03T20:05:30.164+0000] {logging_mixin.py:151} INFO - [2023-11-03T20:05:30.163+0000] {dag.py:2941} INFO - Sync 1 DAGs
[2023-11-03T20:05:30.214+0000] {logging_mixin.py:151} INFO - [2023-11-03T20:05:30.213+0000] {dag.py:3722} INFO - Setting next_dagrun for tutorial_dag to None, run_after=None
[2023-11-03T20:05:30.285+0000] {processor.py:179} INFO - Processing /home/airflow/.local/lib/python3.8/site-packages/airflow/example_dags/tutorial_dag.py took 0.252 seconds
[2023-11-03T20:06:01.005+0000] {processor.py:157} INFO - Started process (PID=36314) to work on /home/airflow/.local/lib/python3.8/site-packages/airflow/example_dags/tutorial_dag.py
[2023-11-03T20:06:01.007+0000] {processor.py:829} INFO - Processing file /home/airflow/.local/lib/python3.8/site-packages/airflow/example_dags/tutorial_dag.py for tasks to queue
[2023-11-03T20:06:01.014+0000] {logging_mixin.py:151} INFO - [2023-11-03T20:06:01.013+0000] {dagbag.py:536} INFO - Filling up the DagBag from /home/airflow/.local/lib/python3.8/site-packages/airflow/example_dags/tutorial_dag.py
[2023-11-03T20:06:01.027+0000] {processor.py:839} INFO - DAG(s) dict_keys(['tutorial_dag']) retrieved from /home/airflow/.local/lib/python3.8/site-packages/airflow/example_dags/tutorial_dag.py
[2023-11-03T20:06:01.078+0000] {logging_mixin.py:151} INFO - [2023-11-03T20:06:01.077+0000] {dag.py:2941} INFO - Sync 1 DAGs
[2023-11-03T20:06:01.116+0000] {logging_mixin.py:151} INFO - [2023-11-03T20:06:01.116+0000] {dag.py:3722} INFO - Setting next_dagrun for tutorial_dag to None, run_after=None
[2023-11-03T20:06:01.171+0000] {processor.py:179} INFO - Processing /home/airflow/.local/lib/python3.8/site-packages/airflow/example_dags/tutorial_dag.py took 0.173 seconds
