[2023-11-03T19:42:34.603+0000] {processor.py:157} INFO - Started process (PID=33471) to work on /home/airflow/.local/lib/python3.8/site-packages/airflow/example_dags/tutorial_taskflow_api_virtualenv.py
[2023-11-03T19:42:34.608+0000] {processor.py:829} INFO - Processing file /home/airflow/.local/lib/python3.8/site-packages/airflow/example_dags/tutorial_taskflow_api_virtualenv.py for tasks to queue
[2023-11-03T19:42:34.616+0000] {logging_mixin.py:151} INFO - [2023-11-03T19:42:34.615+0000] {dagbag.py:536} INFO - Filling up the DagBag from /home/airflow/.local/lib/python3.8/site-packages/airflow/example_dags/tutorial_taskflow_api_virtualenv.py
[2023-11-03T19:42:34.641+0000] {processor.py:839} INFO - DAG(s) dict_keys(['tutorial_taskflow_api_virtualenv']) retrieved from /home/airflow/.local/lib/python3.8/site-packages/airflow/example_dags/tutorial_taskflow_api_virtualenv.py
[2023-11-03T19:42:35.220+0000] {logging_mixin.py:151} INFO - [2023-11-03T19:42:35.219+0000] {dag.py:2941} INFO - Sync 1 DAGs
[2023-11-03T19:42:35.274+0000] {logging_mixin.py:151} INFO - [2023-11-03T19:42:35.273+0000] {dag.py:3722} INFO - Setting next_dagrun for tutorial_taskflow_api_virtualenv to None, run_after=None
[2023-11-03T19:42:35.396+0000] {processor.py:179} INFO - Processing /home/airflow/.local/lib/python3.8/site-packages/airflow/example_dags/tutorial_taskflow_api_virtualenv.py took 0.812 seconds
[2023-11-03T19:43:05.595+0000] {processor.py:157} INFO - Started process (PID=33533) to work on /home/airflow/.local/lib/python3.8/site-packages/airflow/example_dags/tutorial_taskflow_api_virtualenv.py
[2023-11-03T19:43:05.598+0000] {processor.py:829} INFO - Processing file /home/airflow/.local/lib/python3.8/site-packages/airflow/example_dags/tutorial_taskflow_api_virtualenv.py for tasks to queue
[2023-11-03T19:43:05.605+0000] {logging_mixin.py:151} INFO - [2023-11-03T19:43:05.604+0000] {dagbag.py:536} INFO - Filling up the DagBag from /home/airflow/.local/lib/python3.8/site-packages/airflow/example_dags/tutorial_taskflow_api_virtualenv.py
[2023-11-03T19:43:05.627+0000] {processor.py:839} INFO - DAG(s) dict_keys(['tutorial_taskflow_api_virtualenv']) retrieved from /home/airflow/.local/lib/python3.8/site-packages/airflow/example_dags/tutorial_taskflow_api_virtualenv.py
[2023-11-03T19:43:06.202+0000] {logging_mixin.py:151} INFO - [2023-11-03T19:43:06.202+0000] {dag.py:2941} INFO - Sync 1 DAGs
[2023-11-03T19:43:06.231+0000] {logging_mixin.py:151} INFO - [2023-11-03T19:43:06.230+0000] {dag.py:3722} INFO - Setting next_dagrun for tutorial_taskflow_api_virtualenv to None, run_after=None
[2023-11-03T19:43:06.287+0000] {processor.py:179} INFO - Processing /home/airflow/.local/lib/python3.8/site-packages/airflow/example_dags/tutorial_taskflow_api_virtualenv.py took 0.700 seconds
[2023-11-03T19:43:36.684+0000] {processor.py:157} INFO - Started process (PID=33595) to work on /home/airflow/.local/lib/python3.8/site-packages/airflow/example_dags/tutorial_taskflow_api_virtualenv.py
[2023-11-03T19:43:36.687+0000] {processor.py:829} INFO - Processing file /home/airflow/.local/lib/python3.8/site-packages/airflow/example_dags/tutorial_taskflow_api_virtualenv.py for tasks to queue
[2023-11-03T19:43:36.696+0000] {logging_mixin.py:151} INFO - [2023-11-03T19:43:36.695+0000] {dagbag.py:536} INFO - Filling up the DagBag from /home/airflow/.local/lib/python3.8/site-packages/airflow/example_dags/tutorial_taskflow_api_virtualenv.py
[2023-11-03T19:43:36.721+0000] {processor.py:839} INFO - DAG(s) dict_keys(['tutorial_taskflow_api_virtualenv']) retrieved from /home/airflow/.local/lib/python3.8/site-packages/airflow/example_dags/tutorial_taskflow_api_virtualenv.py
[2023-11-03T19:43:36.781+0000] {logging_mixin.py:151} INFO - [2023-11-03T19:43:36.780+0000] {dag.py:2941} INFO - Sync 1 DAGs
[2023-11-03T19:43:36.823+0000] {logging_mixin.py:151} INFO - [2023-11-03T19:43:36.822+0000] {dag.py:3722} INFO - Setting next_dagrun for tutorial_taskflow_api_virtualenv to None, run_after=None
[2023-11-03T19:43:36.882+0000] {processor.py:179} INFO - Processing /home/airflow/.local/lib/python3.8/site-packages/airflow/example_dags/tutorial_taskflow_api_virtualenv.py took 0.212 seconds
[2023-11-03T19:44:07.345+0000] {processor.py:157} INFO - Started process (PID=33657) to work on /home/airflow/.local/lib/python3.8/site-packages/airflow/example_dags/tutorial_taskflow_api_virtualenv.py
[2023-11-03T19:44:07.348+0000] {processor.py:829} INFO - Processing file /home/airflow/.local/lib/python3.8/site-packages/airflow/example_dags/tutorial_taskflow_api_virtualenv.py for tasks to queue
[2023-11-03T19:44:07.355+0000] {logging_mixin.py:151} INFO - [2023-11-03T19:44:07.353+0000] {dagbag.py:536} INFO - Filling up the DagBag from /home/airflow/.local/lib/python3.8/site-packages/airflow/example_dags/tutorial_taskflow_api_virtualenv.py
[2023-11-03T19:44:07.379+0000] {processor.py:839} INFO - DAG(s) dict_keys(['tutorial_taskflow_api_virtualenv']) retrieved from /home/airflow/.local/lib/python3.8/site-packages/airflow/example_dags/tutorial_taskflow_api_virtualenv.py
[2023-11-03T19:44:07.456+0000] {logging_mixin.py:151} INFO - [2023-11-03T19:44:07.455+0000] {dag.py:2941} INFO - Sync 1 DAGs
[2023-11-03T19:44:07.497+0000] {logging_mixin.py:151} INFO - [2023-11-03T19:44:07.496+0000] {dag.py:3722} INFO - Setting next_dagrun for tutorial_taskflow_api_virtualenv to None, run_after=None
[2023-11-03T19:44:07.550+0000] {processor.py:179} INFO - Processing /home/airflow/.local/lib/python3.8/site-packages/airflow/example_dags/tutorial_taskflow_api_virtualenv.py took 0.216 seconds
[2023-11-03T19:44:37.704+0000] {processor.py:157} INFO - Started process (PID=33719) to work on /home/airflow/.local/lib/python3.8/site-packages/airflow/example_dags/tutorial_taskflow_api_virtualenv.py
[2023-11-03T19:44:37.708+0000] {processor.py:829} INFO - Processing file /home/airflow/.local/lib/python3.8/site-packages/airflow/example_dags/tutorial_taskflow_api_virtualenv.py for tasks to queue
[2023-11-03T19:44:37.720+0000] {logging_mixin.py:151} INFO - [2023-11-03T19:44:37.718+0000] {dagbag.py:536} INFO - Filling up the DagBag from /home/airflow/.local/lib/python3.8/site-packages/airflow/example_dags/tutorial_taskflow_api_virtualenv.py
[2023-11-03T19:44:37.746+0000] {processor.py:839} INFO - DAG(s) dict_keys(['tutorial_taskflow_api_virtualenv']) retrieved from /home/airflow/.local/lib/python3.8/site-packages/airflow/example_dags/tutorial_taskflow_api_virtualenv.py
[2023-11-03T19:44:37.814+0000] {logging_mixin.py:151} INFO - [2023-11-03T19:44:37.813+0000] {dag.py:2941} INFO - Sync 1 DAGs
[2023-11-03T19:44:37.857+0000] {logging_mixin.py:151} INFO - [2023-11-03T19:44:37.856+0000] {dag.py:3722} INFO - Setting next_dagrun for tutorial_taskflow_api_virtualenv to None, run_after=None
[2023-11-03T19:44:37.916+0000] {processor.py:179} INFO - Processing /home/airflow/.local/lib/python3.8/site-packages/airflow/example_dags/tutorial_taskflow_api_virtualenv.py took 0.228 seconds
[2023-11-03T19:45:08.138+0000] {processor.py:157} INFO - Started process (PID=33782) to work on /home/airflow/.local/lib/python3.8/site-packages/airflow/example_dags/tutorial_taskflow_api_virtualenv.py
[2023-11-03T19:45:08.140+0000] {processor.py:829} INFO - Processing file /home/airflow/.local/lib/python3.8/site-packages/airflow/example_dags/tutorial_taskflow_api_virtualenv.py for tasks to queue
[2023-11-03T19:45:08.147+0000] {logging_mixin.py:151} INFO - [2023-11-03T19:45:08.146+0000] {dagbag.py:536} INFO - Filling up the DagBag from /home/airflow/.local/lib/python3.8/site-packages/airflow/example_dags/tutorial_taskflow_api_virtualenv.py
[2023-11-03T19:45:08.179+0000] {processor.py:839} INFO - DAG(s) dict_keys(['tutorial_taskflow_api_virtualenv']) retrieved from /home/airflow/.local/lib/python3.8/site-packages/airflow/example_dags/tutorial_taskflow_api_virtualenv.py
[2023-11-03T19:45:08.256+0000] {logging_mixin.py:151} INFO - [2023-11-03T19:45:08.255+0000] {dag.py:2941} INFO - Sync 1 DAGs
[2023-11-03T19:45:08.315+0000] {logging_mixin.py:151} INFO - [2023-11-03T19:45:08.314+0000] {dag.py:3722} INFO - Setting next_dagrun for tutorial_taskflow_api_virtualenv to None, run_after=None
[2023-11-03T19:45:08.385+0000] {processor.py:179} INFO - Processing /home/airflow/.local/lib/python3.8/site-packages/airflow/example_dags/tutorial_taskflow_api_virtualenv.py took 0.255 seconds
[2023-11-03T19:45:38.643+0000] {processor.py:157} INFO - Started process (PID=33844) to work on /home/airflow/.local/lib/python3.8/site-packages/airflow/example_dags/tutorial_taskflow_api_virtualenv.py
[2023-11-03T19:45:38.648+0000] {processor.py:829} INFO - Processing file /home/airflow/.local/lib/python3.8/site-packages/airflow/example_dags/tutorial_taskflow_api_virtualenv.py for tasks to queue
[2023-11-03T19:45:38.659+0000] {logging_mixin.py:151} INFO - [2023-11-03T19:45:38.657+0000] {dagbag.py:536} INFO - Filling up the DagBag from /home/airflow/.local/lib/python3.8/site-packages/airflow/example_dags/tutorial_taskflow_api_virtualenv.py
[2023-11-03T19:45:38.688+0000] {processor.py:839} INFO - DAG(s) dict_keys(['tutorial_taskflow_api_virtualenv']) retrieved from /home/airflow/.local/lib/python3.8/site-packages/airflow/example_dags/tutorial_taskflow_api_virtualenv.py
[2023-11-03T19:45:38.750+0000] {logging_mixin.py:151} INFO - [2023-11-03T19:45:38.749+0000] {dag.py:2941} INFO - Sync 1 DAGs
[2023-11-03T19:45:38.787+0000] {logging_mixin.py:151} INFO - [2023-11-03T19:45:38.786+0000] {dag.py:3722} INFO - Setting next_dagrun for tutorial_taskflow_api_virtualenv to None, run_after=None
[2023-11-03T19:45:38.848+0000] {processor.py:179} INFO - Processing /home/airflow/.local/lib/python3.8/site-packages/airflow/example_dags/tutorial_taskflow_api_virtualenv.py took 0.219 seconds
[2023-11-03T19:46:09.660+0000] {processor.py:157} INFO - Started process (PID=33906) to work on /home/airflow/.local/lib/python3.8/site-packages/airflow/example_dags/tutorial_taskflow_api_virtualenv.py
[2023-11-03T19:46:09.663+0000] {processor.py:829} INFO - Processing file /home/airflow/.local/lib/python3.8/site-packages/airflow/example_dags/tutorial_taskflow_api_virtualenv.py for tasks to queue
[2023-11-03T19:46:09.671+0000] {logging_mixin.py:151} INFO - [2023-11-03T19:46:09.669+0000] {dagbag.py:536} INFO - Filling up the DagBag from /home/airflow/.local/lib/python3.8/site-packages/airflow/example_dags/tutorial_taskflow_api_virtualenv.py
[2023-11-03T19:46:09.689+0000] {processor.py:839} INFO - DAG(s) dict_keys(['tutorial_taskflow_api_virtualenv']) retrieved from /home/airflow/.local/lib/python3.8/site-packages/airflow/example_dags/tutorial_taskflow_api_virtualenv.py
[2023-11-03T19:46:09.780+0000] {logging_mixin.py:151} INFO - [2023-11-03T19:46:09.779+0000] {dag.py:2941} INFO - Sync 1 DAGs
[2023-11-03T19:46:09.848+0000] {logging_mixin.py:151} INFO - [2023-11-03T19:46:09.848+0000] {dag.py:3722} INFO - Setting next_dagrun for tutorial_taskflow_api_virtualenv to None, run_after=None
[2023-11-03T19:46:09.944+0000] {processor.py:179} INFO - Processing /home/airflow/.local/lib/python3.8/site-packages/airflow/example_dags/tutorial_taskflow_api_virtualenv.py took 0.292 seconds
[2023-11-03T19:46:40.999+0000] {processor.py:157} INFO - Started process (PID=33968) to work on /home/airflow/.local/lib/python3.8/site-packages/airflow/example_dags/tutorial_taskflow_api_virtualenv.py
[2023-11-03T19:46:41.002+0000] {processor.py:829} INFO - Processing file /home/airflow/.local/lib/python3.8/site-packages/airflow/example_dags/tutorial_taskflow_api_virtualenv.py for tasks to queue
[2023-11-03T19:46:41.008+0000] {logging_mixin.py:151} INFO - [2023-11-03T19:46:41.007+0000] {dagbag.py:536} INFO - Filling up the DagBag from /home/airflow/.local/lib/python3.8/site-packages/airflow/example_dags/tutorial_taskflow_api_virtualenv.py
[2023-11-03T19:46:41.027+0000] {processor.py:839} INFO - DAG(s) dict_keys(['tutorial_taskflow_api_virtualenv']) retrieved from /home/airflow/.local/lib/python3.8/site-packages/airflow/example_dags/tutorial_taskflow_api_virtualenv.py
[2023-11-03T19:46:41.092+0000] {logging_mixin.py:151} INFO - [2023-11-03T19:46:41.091+0000] {dag.py:2941} INFO - Sync 1 DAGs
[2023-11-03T19:46:41.134+0000] {logging_mixin.py:151} INFO - [2023-11-03T19:46:41.133+0000] {dag.py:3722} INFO - Setting next_dagrun for tutorial_taskflow_api_virtualenv to None, run_after=None
[2023-11-03T19:46:41.206+0000] {processor.py:179} INFO - Processing /home/airflow/.local/lib/python3.8/site-packages/airflow/example_dags/tutorial_taskflow_api_virtualenv.py took 0.215 seconds
[2023-11-03T19:47:11.475+0000] {processor.py:157} INFO - Started process (PID=34030) to work on /home/airflow/.local/lib/python3.8/site-packages/airflow/example_dags/tutorial_taskflow_api_virtualenv.py
[2023-11-03T19:47:11.479+0000] {processor.py:829} INFO - Processing file /home/airflow/.local/lib/python3.8/site-packages/airflow/example_dags/tutorial_taskflow_api_virtualenv.py for tasks to queue
[2023-11-03T19:47:11.488+0000] {logging_mixin.py:151} INFO - [2023-11-03T19:47:11.486+0000] {dagbag.py:536} INFO - Filling up the DagBag from /home/airflow/.local/lib/python3.8/site-packages/airflow/example_dags/tutorial_taskflow_api_virtualenv.py
[2023-11-03T19:47:11.519+0000] {processor.py:839} INFO - DAG(s) dict_keys(['tutorial_taskflow_api_virtualenv']) retrieved from /home/airflow/.local/lib/python3.8/site-packages/airflow/example_dags/tutorial_taskflow_api_virtualenv.py
[2023-11-03T19:47:11.588+0000] {logging_mixin.py:151} INFO - [2023-11-03T19:47:11.587+0000] {dag.py:2941} INFO - Sync 1 DAGs
[2023-11-03T19:47:11.623+0000] {logging_mixin.py:151} INFO - [2023-11-03T19:47:11.623+0000] {dag.py:3722} INFO - Setting next_dagrun for tutorial_taskflow_api_virtualenv to None, run_after=None
[2023-11-03T19:47:11.677+0000] {processor.py:179} INFO - Processing /home/airflow/.local/lib/python3.8/site-packages/airflow/example_dags/tutorial_taskflow_api_virtualenv.py took 0.211 seconds
[2023-11-03T19:47:42.096+0000] {processor.py:157} INFO - Started process (PID=34092) to work on /home/airflow/.local/lib/python3.8/site-packages/airflow/example_dags/tutorial_taskflow_api_virtualenv.py
[2023-11-03T19:47:42.100+0000] {processor.py:829} INFO - Processing file /home/airflow/.local/lib/python3.8/site-packages/airflow/example_dags/tutorial_taskflow_api_virtualenv.py for tasks to queue
[2023-11-03T19:47:42.109+0000] {logging_mixin.py:151} INFO - [2023-11-03T19:47:42.108+0000] {dagbag.py:536} INFO - Filling up the DagBag from /home/airflow/.local/lib/python3.8/site-packages/airflow/example_dags/tutorial_taskflow_api_virtualenv.py
[2023-11-03T19:47:42.130+0000] {processor.py:839} INFO - DAG(s) dict_keys(['tutorial_taskflow_api_virtualenv']) retrieved from /home/airflow/.local/lib/python3.8/site-packages/airflow/example_dags/tutorial_taskflow_api_virtualenv.py
[2023-11-03T19:47:42.183+0000] {logging_mixin.py:151} INFO - [2023-11-03T19:47:42.182+0000] {dag.py:2941} INFO - Sync 1 DAGs
[2023-11-03T19:47:42.228+0000] {logging_mixin.py:151} INFO - [2023-11-03T19:47:42.227+0000] {dag.py:3722} INFO - Setting next_dagrun for tutorial_taskflow_api_virtualenv to None, run_after=None
[2023-11-03T19:47:42.283+0000] {processor.py:179} INFO - Processing /home/airflow/.local/lib/python3.8/site-packages/airflow/example_dags/tutorial_taskflow_api_virtualenv.py took 0.198 seconds
[2023-11-03T19:48:12.580+0000] {processor.py:157} INFO - Started process (PID=34154) to work on /home/airflow/.local/lib/python3.8/site-packages/airflow/example_dags/tutorial_taskflow_api_virtualenv.py
[2023-11-03T19:48:12.583+0000] {processor.py:829} INFO - Processing file /home/airflow/.local/lib/python3.8/site-packages/airflow/example_dags/tutorial_taskflow_api_virtualenv.py for tasks to queue
[2023-11-03T19:48:12.592+0000] {logging_mixin.py:151} INFO - [2023-11-03T19:48:12.590+0000] {dagbag.py:536} INFO - Filling up the DagBag from /home/airflow/.local/lib/python3.8/site-packages/airflow/example_dags/tutorial_taskflow_api_virtualenv.py
[2023-11-03T19:48:12.623+0000] {processor.py:839} INFO - DAG(s) dict_keys(['tutorial_taskflow_api_virtualenv']) retrieved from /home/airflow/.local/lib/python3.8/site-packages/airflow/example_dags/tutorial_taskflow_api_virtualenv.py
[2023-11-03T19:48:12.679+0000] {logging_mixin.py:151} INFO - [2023-11-03T19:48:12.678+0000] {dag.py:2941} INFO - Sync 1 DAGs
[2023-11-03T19:48:12.720+0000] {logging_mixin.py:151} INFO - [2023-11-03T19:48:12.719+0000] {dag.py:3722} INFO - Setting next_dagrun for tutorial_taskflow_api_virtualenv to None, run_after=None
[2023-11-03T19:48:12.778+0000] {processor.py:179} INFO - Processing /home/airflow/.local/lib/python3.8/site-packages/airflow/example_dags/tutorial_taskflow_api_virtualenv.py took 0.210 seconds
[2023-11-03T19:48:43.172+0000] {processor.py:157} INFO - Started process (PID=34216) to work on /home/airflow/.local/lib/python3.8/site-packages/airflow/example_dags/tutorial_taskflow_api_virtualenv.py
[2023-11-03T19:48:43.175+0000] {processor.py:829} INFO - Processing file /home/airflow/.local/lib/python3.8/site-packages/airflow/example_dags/tutorial_taskflow_api_virtualenv.py for tasks to queue
[2023-11-03T19:48:43.182+0000] {logging_mixin.py:151} INFO - [2023-11-03T19:48:43.181+0000] {dagbag.py:536} INFO - Filling up the DagBag from /home/airflow/.local/lib/python3.8/site-packages/airflow/example_dags/tutorial_taskflow_api_virtualenv.py
[2023-11-03T19:48:43.211+0000] {processor.py:839} INFO - DAG(s) dict_keys(['tutorial_taskflow_api_virtualenv']) retrieved from /home/airflow/.local/lib/python3.8/site-packages/airflow/example_dags/tutorial_taskflow_api_virtualenv.py
[2023-11-03T19:48:43.281+0000] {logging_mixin.py:151} INFO - [2023-11-03T19:48:43.280+0000] {dag.py:2941} INFO - Sync 1 DAGs
[2023-11-03T19:48:43.318+0000] {logging_mixin.py:151} INFO - [2023-11-03T19:48:43.318+0000] {dag.py:3722} INFO - Setting next_dagrun for tutorial_taskflow_api_virtualenv to None, run_after=None
[2023-11-03T19:48:43.380+0000] {processor.py:179} INFO - Processing /home/airflow/.local/lib/python3.8/site-packages/airflow/example_dags/tutorial_taskflow_api_virtualenv.py took 0.216 seconds
[2023-11-03T19:49:14.200+0000] {processor.py:157} INFO - Started process (PID=34278) to work on /home/airflow/.local/lib/python3.8/site-packages/airflow/example_dags/tutorial_taskflow_api_virtualenv.py
[2023-11-03T19:49:14.203+0000] {processor.py:829} INFO - Processing file /home/airflow/.local/lib/python3.8/site-packages/airflow/example_dags/tutorial_taskflow_api_virtualenv.py for tasks to queue
[2023-11-03T19:49:14.210+0000] {logging_mixin.py:151} INFO - [2023-11-03T19:49:14.209+0000] {dagbag.py:536} INFO - Filling up the DagBag from /home/airflow/.local/lib/python3.8/site-packages/airflow/example_dags/tutorial_taskflow_api_virtualenv.py
[2023-11-03T19:49:14.230+0000] {processor.py:839} INFO - DAG(s) dict_keys(['tutorial_taskflow_api_virtualenv']) retrieved from /home/airflow/.local/lib/python3.8/site-packages/airflow/example_dags/tutorial_taskflow_api_virtualenv.py
[2023-11-03T19:49:14.282+0000] {logging_mixin.py:151} INFO - [2023-11-03T19:49:14.281+0000] {dag.py:2941} INFO - Sync 1 DAGs
[2023-11-03T19:49:14.323+0000] {logging_mixin.py:151} INFO - [2023-11-03T19:49:14.322+0000] {dag.py:3722} INFO - Setting next_dagrun for tutorial_taskflow_api_virtualenv to None, run_after=None
[2023-11-03T19:49:14.387+0000] {processor.py:179} INFO - Processing /home/airflow/.local/lib/python3.8/site-packages/airflow/example_dags/tutorial_taskflow_api_virtualenv.py took 0.195 seconds
[2023-11-03T19:49:45.243+0000] {processor.py:157} INFO - Started process (PID=34340) to work on /home/airflow/.local/lib/python3.8/site-packages/airflow/example_dags/tutorial_taskflow_api_virtualenv.py
[2023-11-03T19:49:45.246+0000] {processor.py:829} INFO - Processing file /home/airflow/.local/lib/python3.8/site-packages/airflow/example_dags/tutorial_taskflow_api_virtualenv.py for tasks to queue
[2023-11-03T19:49:45.253+0000] {logging_mixin.py:151} INFO - [2023-11-03T19:49:45.252+0000] {dagbag.py:536} INFO - Filling up the DagBag from /home/airflow/.local/lib/python3.8/site-packages/airflow/example_dags/tutorial_taskflow_api_virtualenv.py
[2023-11-03T19:49:45.273+0000] {processor.py:839} INFO - DAG(s) dict_keys(['tutorial_taskflow_api_virtualenv']) retrieved from /home/airflow/.local/lib/python3.8/site-packages/airflow/example_dags/tutorial_taskflow_api_virtualenv.py
[2023-11-03T19:49:45.332+0000] {logging_mixin.py:151} INFO - [2023-11-03T19:49:45.332+0000] {dag.py:2941} INFO - Sync 1 DAGs
[2023-11-03T19:49:45.369+0000] {logging_mixin.py:151} INFO - [2023-11-03T19:49:45.368+0000] {dag.py:3722} INFO - Setting next_dagrun for tutorial_taskflow_api_virtualenv to None, run_after=None
[2023-11-03T19:49:45.427+0000] {processor.py:179} INFO - Processing /home/airflow/.local/lib/python3.8/site-packages/airflow/example_dags/tutorial_taskflow_api_virtualenv.py took 0.195 seconds
[2023-11-03T19:50:16.121+0000] {processor.py:157} INFO - Started process (PID=34402) to work on /home/airflow/.local/lib/python3.8/site-packages/airflow/example_dags/tutorial_taskflow_api_virtualenv.py
[2023-11-03T19:50:16.125+0000] {processor.py:829} INFO - Processing file /home/airflow/.local/lib/python3.8/site-packages/airflow/example_dags/tutorial_taskflow_api_virtualenv.py for tasks to queue
[2023-11-03T19:50:16.134+0000] {logging_mixin.py:151} INFO - [2023-11-03T19:50:16.133+0000] {dagbag.py:536} INFO - Filling up the DagBag from /home/airflow/.local/lib/python3.8/site-packages/airflow/example_dags/tutorial_taskflow_api_virtualenv.py
[2023-11-03T19:50:16.154+0000] {processor.py:839} INFO - DAG(s) dict_keys(['tutorial_taskflow_api_virtualenv']) retrieved from /home/airflow/.local/lib/python3.8/site-packages/airflow/example_dags/tutorial_taskflow_api_virtualenv.py
[2023-11-03T19:50:16.230+0000] {logging_mixin.py:151} INFO - [2023-11-03T19:50:16.229+0000] {dag.py:2941} INFO - Sync 1 DAGs
[2023-11-03T19:50:16.304+0000] {logging_mixin.py:151} INFO - [2023-11-03T19:50:16.302+0000] {dag.py:3722} INFO - Setting next_dagrun for tutorial_taskflow_api_virtualenv to None, run_after=None
[2023-11-03T19:50:16.370+0000] {processor.py:179} INFO - Processing /home/airflow/.local/lib/python3.8/site-packages/airflow/example_dags/tutorial_taskflow_api_virtualenv.py took 0.262 seconds
[2023-11-03T19:50:46.671+0000] {processor.py:157} INFO - Started process (PID=34464) to work on /home/airflow/.local/lib/python3.8/site-packages/airflow/example_dags/tutorial_taskflow_api_virtualenv.py
[2023-11-03T19:50:46.673+0000] {processor.py:829} INFO - Processing file /home/airflow/.local/lib/python3.8/site-packages/airflow/example_dags/tutorial_taskflow_api_virtualenv.py for tasks to queue
[2023-11-03T19:50:46.680+0000] {logging_mixin.py:151} INFO - [2023-11-03T19:50:46.679+0000] {dagbag.py:536} INFO - Filling up the DagBag from /home/airflow/.local/lib/python3.8/site-packages/airflow/example_dags/tutorial_taskflow_api_virtualenv.py
[2023-11-03T19:50:46.701+0000] {processor.py:839} INFO - DAG(s) dict_keys(['tutorial_taskflow_api_virtualenv']) retrieved from /home/airflow/.local/lib/python3.8/site-packages/airflow/example_dags/tutorial_taskflow_api_virtualenv.py
[2023-11-03T19:50:46.761+0000] {logging_mixin.py:151} INFO - [2023-11-03T19:50:46.760+0000] {dag.py:2941} INFO - Sync 1 DAGs
[2023-11-03T19:50:46.793+0000] {logging_mixin.py:151} INFO - [2023-11-03T19:50:46.793+0000] {dag.py:3722} INFO - Setting next_dagrun for tutorial_taskflow_api_virtualenv to None, run_after=None
[2023-11-03T19:50:46.853+0000] {processor.py:179} INFO - Processing /home/airflow/.local/lib/python3.8/site-packages/airflow/example_dags/tutorial_taskflow_api_virtualenv.py took 0.190 seconds
[2023-11-03T19:51:17.045+0000] {processor.py:157} INFO - Started process (PID=34526) to work on /home/airflow/.local/lib/python3.8/site-packages/airflow/example_dags/tutorial_taskflow_api_virtualenv.py
[2023-11-03T19:51:17.047+0000] {processor.py:829} INFO - Processing file /home/airflow/.local/lib/python3.8/site-packages/airflow/example_dags/tutorial_taskflow_api_virtualenv.py for tasks to queue
[2023-11-03T19:51:17.056+0000] {logging_mixin.py:151} INFO - [2023-11-03T19:51:17.055+0000] {dagbag.py:536} INFO - Filling up the DagBag from /home/airflow/.local/lib/python3.8/site-packages/airflow/example_dags/tutorial_taskflow_api_virtualenv.py
[2023-11-03T19:51:17.088+0000] {processor.py:839} INFO - DAG(s) dict_keys(['tutorial_taskflow_api_virtualenv']) retrieved from /home/airflow/.local/lib/python3.8/site-packages/airflow/example_dags/tutorial_taskflow_api_virtualenv.py
[2023-11-03T19:51:17.156+0000] {logging_mixin.py:151} INFO - [2023-11-03T19:51:17.156+0000] {dag.py:2941} INFO - Sync 1 DAGs
[2023-11-03T19:51:17.202+0000] {logging_mixin.py:151} INFO - [2023-11-03T19:51:17.202+0000] {dag.py:3722} INFO - Setting next_dagrun for tutorial_taskflow_api_virtualenv to None, run_after=None
[2023-11-03T19:51:17.266+0000] {processor.py:179} INFO - Processing /home/airflow/.local/lib/python3.8/site-packages/airflow/example_dags/tutorial_taskflow_api_virtualenv.py took 0.233 seconds
[2023-11-03T19:51:47.650+0000] {processor.py:157} INFO - Started process (PID=34588) to work on /home/airflow/.local/lib/python3.8/site-packages/airflow/example_dags/tutorial_taskflow_api_virtualenv.py
[2023-11-03T19:51:47.653+0000] {processor.py:829} INFO - Processing file /home/airflow/.local/lib/python3.8/site-packages/airflow/example_dags/tutorial_taskflow_api_virtualenv.py for tasks to queue
[2023-11-03T19:51:47.660+0000] {logging_mixin.py:151} INFO - [2023-11-03T19:51:47.659+0000] {dagbag.py:536} INFO - Filling up the DagBag from /home/airflow/.local/lib/python3.8/site-packages/airflow/example_dags/tutorial_taskflow_api_virtualenv.py
[2023-11-03T19:51:47.683+0000] {processor.py:839} INFO - DAG(s) dict_keys(['tutorial_taskflow_api_virtualenv']) retrieved from /home/airflow/.local/lib/python3.8/site-packages/airflow/example_dags/tutorial_taskflow_api_virtualenv.py
[2023-11-03T19:51:47.739+0000] {logging_mixin.py:151} INFO - [2023-11-03T19:51:47.739+0000] {dag.py:2941} INFO - Sync 1 DAGs
[2023-11-03T19:51:47.774+0000] {logging_mixin.py:151} INFO - [2023-11-03T19:51:47.774+0000] {dag.py:3722} INFO - Setting next_dagrun for tutorial_taskflow_api_virtualenv to None, run_after=None
[2023-11-03T19:51:47.829+0000] {processor.py:179} INFO - Processing /home/airflow/.local/lib/python3.8/site-packages/airflow/example_dags/tutorial_taskflow_api_virtualenv.py took 0.188 seconds
[2023-11-03T19:52:18.022+0000] {processor.py:157} INFO - Started process (PID=34650) to work on /home/airflow/.local/lib/python3.8/site-packages/airflow/example_dags/tutorial_taskflow_api_virtualenv.py
[2023-11-03T19:52:18.026+0000] {processor.py:829} INFO - Processing file /home/airflow/.local/lib/python3.8/site-packages/airflow/example_dags/tutorial_taskflow_api_virtualenv.py for tasks to queue
[2023-11-03T19:52:18.033+0000] {logging_mixin.py:151} INFO - [2023-11-03T19:52:18.032+0000] {dagbag.py:536} INFO - Filling up the DagBag from /home/airflow/.local/lib/python3.8/site-packages/airflow/example_dags/tutorial_taskflow_api_virtualenv.py
[2023-11-03T19:52:18.056+0000] {processor.py:839} INFO - DAG(s) dict_keys(['tutorial_taskflow_api_virtualenv']) retrieved from /home/airflow/.local/lib/python3.8/site-packages/airflow/example_dags/tutorial_taskflow_api_virtualenv.py
[2023-11-03T19:52:18.115+0000] {logging_mixin.py:151} INFO - [2023-11-03T19:52:18.115+0000] {dag.py:2941} INFO - Sync 1 DAGs
[2023-11-03T19:52:18.161+0000] {logging_mixin.py:151} INFO - [2023-11-03T19:52:18.160+0000] {dag.py:3722} INFO - Setting next_dagrun for tutorial_taskflow_api_virtualenv to None, run_after=None
[2023-11-03T19:52:18.230+0000] {processor.py:179} INFO - Processing /home/airflow/.local/lib/python3.8/site-packages/airflow/example_dags/tutorial_taskflow_api_virtualenv.py took 0.218 seconds
[2023-11-03T19:52:48.636+0000] {processor.py:157} INFO - Started process (PID=34712) to work on /home/airflow/.local/lib/python3.8/site-packages/airflow/example_dags/tutorial_taskflow_api_virtualenv.py
[2023-11-03T19:52:48.639+0000] {processor.py:829} INFO - Processing file /home/airflow/.local/lib/python3.8/site-packages/airflow/example_dags/tutorial_taskflow_api_virtualenv.py for tasks to queue
[2023-11-03T19:52:48.645+0000] {logging_mixin.py:151} INFO - [2023-11-03T19:52:48.644+0000] {dagbag.py:536} INFO - Filling up the DagBag from /home/airflow/.local/lib/python3.8/site-packages/airflow/example_dags/tutorial_taskflow_api_virtualenv.py
[2023-11-03T19:52:48.666+0000] {processor.py:839} INFO - DAG(s) dict_keys(['tutorial_taskflow_api_virtualenv']) retrieved from /home/airflow/.local/lib/python3.8/site-packages/airflow/example_dags/tutorial_taskflow_api_virtualenv.py
[2023-11-03T19:52:48.725+0000] {logging_mixin.py:151} INFO - [2023-11-03T19:52:48.724+0000] {dag.py:2941} INFO - Sync 1 DAGs
[2023-11-03T19:52:48.762+0000] {logging_mixin.py:151} INFO - [2023-11-03T19:52:48.761+0000] {dag.py:3722} INFO - Setting next_dagrun for tutorial_taskflow_api_virtualenv to None, run_after=None
[2023-11-03T19:52:48.820+0000] {processor.py:179} INFO - Processing /home/airflow/.local/lib/python3.8/site-packages/airflow/example_dags/tutorial_taskflow_api_virtualenv.py took 0.191 seconds
[2023-11-03T19:53:18.958+0000] {processor.py:157} INFO - Started process (PID=34774) to work on /home/airflow/.local/lib/python3.8/site-packages/airflow/example_dags/tutorial_taskflow_api_virtualenv.py
[2023-11-03T19:53:18.961+0000] {processor.py:829} INFO - Processing file /home/airflow/.local/lib/python3.8/site-packages/airflow/example_dags/tutorial_taskflow_api_virtualenv.py for tasks to queue
[2023-11-03T19:53:18.968+0000] {logging_mixin.py:151} INFO - [2023-11-03T19:53:18.967+0000] {dagbag.py:536} INFO - Filling up the DagBag from /home/airflow/.local/lib/python3.8/site-packages/airflow/example_dags/tutorial_taskflow_api_virtualenv.py
[2023-11-03T19:53:18.987+0000] {processor.py:839} INFO - DAG(s) dict_keys(['tutorial_taskflow_api_virtualenv']) retrieved from /home/airflow/.local/lib/python3.8/site-packages/airflow/example_dags/tutorial_taskflow_api_virtualenv.py
[2023-11-03T19:53:19.053+0000] {logging_mixin.py:151} INFO - [2023-11-03T19:53:19.053+0000] {dag.py:2941} INFO - Sync 1 DAGs
[2023-11-03T19:53:19.089+0000] {logging_mixin.py:151} INFO - [2023-11-03T19:53:19.088+0000] {dag.py:3722} INFO - Setting next_dagrun for tutorial_taskflow_api_virtualenv to None, run_after=None
[2023-11-03T19:53:19.144+0000] {processor.py:179} INFO - Processing /home/airflow/.local/lib/python3.8/site-packages/airflow/example_dags/tutorial_taskflow_api_virtualenv.py took 0.196 seconds
[2023-11-03T19:53:49.575+0000] {processor.py:157} INFO - Started process (PID=34836) to work on /home/airflow/.local/lib/python3.8/site-packages/airflow/example_dags/tutorial_taskflow_api_virtualenv.py
[2023-11-03T19:53:49.578+0000] {processor.py:829} INFO - Processing file /home/airflow/.local/lib/python3.8/site-packages/airflow/example_dags/tutorial_taskflow_api_virtualenv.py for tasks to queue
[2023-11-03T19:53:49.586+0000] {logging_mixin.py:151} INFO - [2023-11-03T19:53:49.584+0000] {dagbag.py:536} INFO - Filling up the DagBag from /home/airflow/.local/lib/python3.8/site-packages/airflow/example_dags/tutorial_taskflow_api_virtualenv.py
[2023-11-03T19:53:49.610+0000] {processor.py:839} INFO - DAG(s) dict_keys(['tutorial_taskflow_api_virtualenv']) retrieved from /home/airflow/.local/lib/python3.8/site-packages/airflow/example_dags/tutorial_taskflow_api_virtualenv.py
[2023-11-03T19:53:49.675+0000] {logging_mixin.py:151} INFO - [2023-11-03T19:53:49.675+0000] {dag.py:2941} INFO - Sync 1 DAGs
[2023-11-03T19:53:49.715+0000] {logging_mixin.py:151} INFO - [2023-11-03T19:53:49.714+0000] {dag.py:3722} INFO - Setting next_dagrun for tutorial_taskflow_api_virtualenv to None, run_after=None
[2023-11-03T19:53:49.785+0000] {processor.py:179} INFO - Processing /home/airflow/.local/lib/python3.8/site-packages/airflow/example_dags/tutorial_taskflow_api_virtualenv.py took 0.219 seconds
[2023-11-03T19:54:20.605+0000] {processor.py:157} INFO - Started process (PID=34898) to work on /home/airflow/.local/lib/python3.8/site-packages/airflow/example_dags/tutorial_taskflow_api_virtualenv.py
[2023-11-03T19:54:20.608+0000] {processor.py:829} INFO - Processing file /home/airflow/.local/lib/python3.8/site-packages/airflow/example_dags/tutorial_taskflow_api_virtualenv.py for tasks to queue
[2023-11-03T19:54:20.617+0000] {logging_mixin.py:151} INFO - [2023-11-03T19:54:20.615+0000] {dagbag.py:536} INFO - Filling up the DagBag from /home/airflow/.local/lib/python3.8/site-packages/airflow/example_dags/tutorial_taskflow_api_virtualenv.py
[2023-11-03T19:54:20.644+0000] {processor.py:839} INFO - DAG(s) dict_keys(['tutorial_taskflow_api_virtualenv']) retrieved from /home/airflow/.local/lib/python3.8/site-packages/airflow/example_dags/tutorial_taskflow_api_virtualenv.py
[2023-11-03T19:54:20.721+0000] {logging_mixin.py:151} INFO - [2023-11-03T19:54:20.720+0000] {dag.py:2941} INFO - Sync 1 DAGs
[2023-11-03T19:54:20.762+0000] {logging_mixin.py:151} INFO - [2023-11-03T19:54:20.761+0000] {dag.py:3722} INFO - Setting next_dagrun for tutorial_taskflow_api_virtualenv to None, run_after=None
[2023-11-03T19:54:20.831+0000] {processor.py:179} INFO - Processing /home/airflow/.local/lib/python3.8/site-packages/airflow/example_dags/tutorial_taskflow_api_virtualenv.py took 0.234 seconds
[2023-11-03T19:54:51.291+0000] {processor.py:157} INFO - Started process (PID=34960) to work on /home/airflow/.local/lib/python3.8/site-packages/airflow/example_dags/tutorial_taskflow_api_virtualenv.py
[2023-11-03T19:54:51.294+0000] {processor.py:829} INFO - Processing file /home/airflow/.local/lib/python3.8/site-packages/airflow/example_dags/tutorial_taskflow_api_virtualenv.py for tasks to queue
[2023-11-03T19:54:51.301+0000] {logging_mixin.py:151} INFO - [2023-11-03T19:54:51.300+0000] {dagbag.py:536} INFO - Filling up the DagBag from /home/airflow/.local/lib/python3.8/site-packages/airflow/example_dags/tutorial_taskflow_api_virtualenv.py
[2023-11-03T19:54:51.320+0000] {processor.py:839} INFO - DAG(s) dict_keys(['tutorial_taskflow_api_virtualenv']) retrieved from /home/airflow/.local/lib/python3.8/site-packages/airflow/example_dags/tutorial_taskflow_api_virtualenv.py
[2023-11-03T19:54:51.377+0000] {logging_mixin.py:151} INFO - [2023-11-03T19:54:51.376+0000] {dag.py:2941} INFO - Sync 1 DAGs
[2023-11-03T19:54:51.412+0000] {logging_mixin.py:151} INFO - [2023-11-03T19:54:51.412+0000] {dag.py:3722} INFO - Setting next_dagrun for tutorial_taskflow_api_virtualenv to None, run_after=None
[2023-11-03T19:54:51.474+0000] {processor.py:179} INFO - Processing /home/airflow/.local/lib/python3.8/site-packages/airflow/example_dags/tutorial_taskflow_api_virtualenv.py took 0.196 seconds
[2023-11-03T19:55:21.943+0000] {processor.py:157} INFO - Started process (PID=35022) to work on /home/airflow/.local/lib/python3.8/site-packages/airflow/example_dags/tutorial_taskflow_api_virtualenv.py
[2023-11-03T19:55:21.946+0000] {processor.py:829} INFO - Processing file /home/airflow/.local/lib/python3.8/site-packages/airflow/example_dags/tutorial_taskflow_api_virtualenv.py for tasks to queue
[2023-11-03T19:55:21.953+0000] {logging_mixin.py:151} INFO - [2023-11-03T19:55:21.952+0000] {dagbag.py:536} INFO - Filling up the DagBag from /home/airflow/.local/lib/python3.8/site-packages/airflow/example_dags/tutorial_taskflow_api_virtualenv.py
[2023-11-03T19:55:21.979+0000] {processor.py:839} INFO - DAG(s) dict_keys(['tutorial_taskflow_api_virtualenv']) retrieved from /home/airflow/.local/lib/python3.8/site-packages/airflow/example_dags/tutorial_taskflow_api_virtualenv.py
[2023-11-03T19:55:22.037+0000] {logging_mixin.py:151} INFO - [2023-11-03T19:55:22.036+0000] {dag.py:2941} INFO - Sync 1 DAGs
[2023-11-03T19:55:22.069+0000] {logging_mixin.py:151} INFO - [2023-11-03T19:55:22.069+0000] {dag.py:3722} INFO - Setting next_dagrun for tutorial_taskflow_api_virtualenv to None, run_after=None
[2023-11-03T19:55:22.130+0000] {processor.py:179} INFO - Processing /home/airflow/.local/lib/python3.8/site-packages/airflow/example_dags/tutorial_taskflow_api_virtualenv.py took 0.197 seconds
[2023-11-03T19:55:52.633+0000] {processor.py:157} INFO - Started process (PID=35085) to work on /home/airflow/.local/lib/python3.8/site-packages/airflow/example_dags/tutorial_taskflow_api_virtualenv.py
[2023-11-03T19:55:52.637+0000] {processor.py:829} INFO - Processing file /home/airflow/.local/lib/python3.8/site-packages/airflow/example_dags/tutorial_taskflow_api_virtualenv.py for tasks to queue
[2023-11-03T19:55:52.645+0000] {logging_mixin.py:151} INFO - [2023-11-03T19:55:52.643+0000] {dagbag.py:536} INFO - Filling up the DagBag from /home/airflow/.local/lib/python3.8/site-packages/airflow/example_dags/tutorial_taskflow_api_virtualenv.py
[2023-11-03T19:55:52.669+0000] {processor.py:839} INFO - DAG(s) dict_keys(['tutorial_taskflow_api_virtualenv']) retrieved from /home/airflow/.local/lib/python3.8/site-packages/airflow/example_dags/tutorial_taskflow_api_virtualenv.py
[2023-11-03T19:55:52.729+0000] {logging_mixin.py:151} INFO - [2023-11-03T19:55:52.728+0000] {dag.py:2941} INFO - Sync 1 DAGs
[2023-11-03T19:55:52.783+0000] {logging_mixin.py:151} INFO - [2023-11-03T19:55:52.782+0000] {dag.py:3722} INFO - Setting next_dagrun for tutorial_taskflow_api_virtualenv to None, run_after=None
[2023-11-03T19:55:52.853+0000] {processor.py:179} INFO - Processing /home/airflow/.local/lib/python3.8/site-packages/airflow/example_dags/tutorial_taskflow_api_virtualenv.py took 0.230 seconds
[2023-11-03T19:56:23.601+0000] {processor.py:157} INFO - Started process (PID=35148) to work on /home/airflow/.local/lib/python3.8/site-packages/airflow/example_dags/tutorial_taskflow_api_virtualenv.py
[2023-11-03T19:56:23.604+0000] {processor.py:829} INFO - Processing file /home/airflow/.local/lib/python3.8/site-packages/airflow/example_dags/tutorial_taskflow_api_virtualenv.py for tasks to queue
[2023-11-03T19:56:23.613+0000] {logging_mixin.py:151} INFO - [2023-11-03T19:56:23.612+0000] {dagbag.py:536} INFO - Filling up the DagBag from /home/airflow/.local/lib/python3.8/site-packages/airflow/example_dags/tutorial_taskflow_api_virtualenv.py
[2023-11-03T19:56:23.639+0000] {processor.py:839} INFO - DAG(s) dict_keys(['tutorial_taskflow_api_virtualenv']) retrieved from /home/airflow/.local/lib/python3.8/site-packages/airflow/example_dags/tutorial_taskflow_api_virtualenv.py
[2023-11-03T19:56:23.692+0000] {logging_mixin.py:151} INFO - [2023-11-03T19:56:23.691+0000] {dag.py:2941} INFO - Sync 1 DAGs
[2023-11-03T19:56:23.734+0000] {logging_mixin.py:151} INFO - [2023-11-03T19:56:23.733+0000] {dag.py:3722} INFO - Setting next_dagrun for tutorial_taskflow_api_virtualenv to None, run_after=None
[2023-11-03T19:56:23.793+0000] {processor.py:179} INFO - Processing /home/airflow/.local/lib/python3.8/site-packages/airflow/example_dags/tutorial_taskflow_api_virtualenv.py took 0.203 seconds
[2023-11-03T19:56:54.381+0000] {processor.py:157} INFO - Started process (PID=35210) to work on /home/airflow/.local/lib/python3.8/site-packages/airflow/example_dags/tutorial_taskflow_api_virtualenv.py
[2023-11-03T19:56:54.383+0000] {processor.py:829} INFO - Processing file /home/airflow/.local/lib/python3.8/site-packages/airflow/example_dags/tutorial_taskflow_api_virtualenv.py for tasks to queue
[2023-11-03T19:56:54.391+0000] {logging_mixin.py:151} INFO - [2023-11-03T19:56:54.390+0000] {dagbag.py:536} INFO - Filling up the DagBag from /home/airflow/.local/lib/python3.8/site-packages/airflow/example_dags/tutorial_taskflow_api_virtualenv.py
[2023-11-03T19:56:54.416+0000] {processor.py:839} INFO - DAG(s) dict_keys(['tutorial_taskflow_api_virtualenv']) retrieved from /home/airflow/.local/lib/python3.8/site-packages/airflow/example_dags/tutorial_taskflow_api_virtualenv.py
[2023-11-03T19:56:54.485+0000] {logging_mixin.py:151} INFO - [2023-11-03T19:56:54.485+0000] {dag.py:2941} INFO - Sync 1 DAGs
[2023-11-03T19:56:54.528+0000] {logging_mixin.py:151} INFO - [2023-11-03T19:56:54.527+0000] {dag.py:3722} INFO - Setting next_dagrun for tutorial_taskflow_api_virtualenv to None, run_after=None
[2023-11-03T19:56:54.595+0000] {processor.py:179} INFO - Processing /home/airflow/.local/lib/python3.8/site-packages/airflow/example_dags/tutorial_taskflow_api_virtualenv.py took 0.222 seconds
[2023-11-03T19:57:24.983+0000] {processor.py:157} INFO - Started process (PID=35272) to work on /home/airflow/.local/lib/python3.8/site-packages/airflow/example_dags/tutorial_taskflow_api_virtualenv.py
[2023-11-03T19:57:24.987+0000] {processor.py:829} INFO - Processing file /home/airflow/.local/lib/python3.8/site-packages/airflow/example_dags/tutorial_taskflow_api_virtualenv.py for tasks to queue
[2023-11-03T19:57:24.994+0000] {logging_mixin.py:151} INFO - [2023-11-03T19:57:24.993+0000] {dagbag.py:536} INFO - Filling up the DagBag from /home/airflow/.local/lib/python3.8/site-packages/airflow/example_dags/tutorial_taskflow_api_virtualenv.py
[2023-11-03T19:57:25.017+0000] {processor.py:839} INFO - DAG(s) dict_keys(['tutorial_taskflow_api_virtualenv']) retrieved from /home/airflow/.local/lib/python3.8/site-packages/airflow/example_dags/tutorial_taskflow_api_virtualenv.py
[2023-11-03T19:57:25.072+0000] {logging_mixin.py:151} INFO - [2023-11-03T19:57:25.071+0000] {dag.py:2941} INFO - Sync 1 DAGs
[2023-11-03T19:57:25.114+0000] {logging_mixin.py:151} INFO - [2023-11-03T19:57:25.113+0000] {dag.py:3722} INFO - Setting next_dagrun for tutorial_taskflow_api_virtualenv to None, run_after=None
[2023-11-03T19:57:25.170+0000] {processor.py:179} INFO - Processing /home/airflow/.local/lib/python3.8/site-packages/airflow/example_dags/tutorial_taskflow_api_virtualenv.py took 0.195 seconds
[2023-11-03T19:57:55.665+0000] {processor.py:157} INFO - Started process (PID=35334) to work on /home/airflow/.local/lib/python3.8/site-packages/airflow/example_dags/tutorial_taskflow_api_virtualenv.py
[2023-11-03T19:57:55.667+0000] {processor.py:829} INFO - Processing file /home/airflow/.local/lib/python3.8/site-packages/airflow/example_dags/tutorial_taskflow_api_virtualenv.py for tasks to queue
[2023-11-03T19:57:55.675+0000] {logging_mixin.py:151} INFO - [2023-11-03T19:57:55.674+0000] {dagbag.py:536} INFO - Filling up the DagBag from /home/airflow/.local/lib/python3.8/site-packages/airflow/example_dags/tutorial_taskflow_api_virtualenv.py
[2023-11-03T19:57:55.696+0000] {processor.py:839} INFO - DAG(s) dict_keys(['tutorial_taskflow_api_virtualenv']) retrieved from /home/airflow/.local/lib/python3.8/site-packages/airflow/example_dags/tutorial_taskflow_api_virtualenv.py
[2023-11-03T19:57:55.863+0000] {logging_mixin.py:151} INFO - [2023-11-03T19:57:55.861+0000] {dag.py:2941} INFO - Sync 1 DAGs
[2023-11-03T19:57:55.947+0000] {logging_mixin.py:151} INFO - [2023-11-03T19:57:55.946+0000] {dag.py:3722} INFO - Setting next_dagrun for tutorial_taskflow_api_virtualenv to None, run_after=None
[2023-11-03T19:57:56.023+0000] {processor.py:179} INFO - Processing /home/airflow/.local/lib/python3.8/site-packages/airflow/example_dags/tutorial_taskflow_api_virtualenv.py took 0.366 seconds
[2023-11-03T19:58:26.880+0000] {processor.py:157} INFO - Started process (PID=35397) to work on /home/airflow/.local/lib/python3.8/site-packages/airflow/example_dags/tutorial_taskflow_api_virtualenv.py
[2023-11-03T19:58:26.883+0000] {processor.py:829} INFO - Processing file /home/airflow/.local/lib/python3.8/site-packages/airflow/example_dags/tutorial_taskflow_api_virtualenv.py for tasks to queue
[2023-11-03T19:58:26.892+0000] {logging_mixin.py:151} INFO - [2023-11-03T19:58:26.890+0000] {dagbag.py:536} INFO - Filling up the DagBag from /home/airflow/.local/lib/python3.8/site-packages/airflow/example_dags/tutorial_taskflow_api_virtualenv.py
[2023-11-03T19:58:26.916+0000] {processor.py:839} INFO - DAG(s) dict_keys(['tutorial_taskflow_api_virtualenv']) retrieved from /home/airflow/.local/lib/python3.8/site-packages/airflow/example_dags/tutorial_taskflow_api_virtualenv.py
[2023-11-03T19:58:26.975+0000] {logging_mixin.py:151} INFO - [2023-11-03T19:58:26.975+0000] {dag.py:2941} INFO - Sync 1 DAGs
[2023-11-03T19:58:27.022+0000] {logging_mixin.py:151} INFO - [2023-11-03T19:58:27.021+0000] {dag.py:3722} INFO - Setting next_dagrun for tutorial_taskflow_api_virtualenv to None, run_after=None
[2023-11-03T19:58:27.079+0000] {processor.py:179} INFO - Processing /home/airflow/.local/lib/python3.8/site-packages/airflow/example_dags/tutorial_taskflow_api_virtualenv.py took 0.209 seconds
[2023-11-03T19:58:58.158+0000] {processor.py:157} INFO - Started process (PID=35460) to work on /home/airflow/.local/lib/python3.8/site-packages/airflow/example_dags/tutorial_taskflow_api_virtualenv.py
[2023-11-03T19:58:58.160+0000] {processor.py:829} INFO - Processing file /home/airflow/.local/lib/python3.8/site-packages/airflow/example_dags/tutorial_taskflow_api_virtualenv.py for tasks to queue
[2023-11-03T19:58:58.166+0000] {logging_mixin.py:151} INFO - [2023-11-03T19:58:58.165+0000] {dagbag.py:536} INFO - Filling up the DagBag from /home/airflow/.local/lib/python3.8/site-packages/airflow/example_dags/tutorial_taskflow_api_virtualenv.py
[2023-11-03T19:58:58.188+0000] {processor.py:839} INFO - DAG(s) dict_keys(['tutorial_taskflow_api_virtualenv']) retrieved from /home/airflow/.local/lib/python3.8/site-packages/airflow/example_dags/tutorial_taskflow_api_virtualenv.py
[2023-11-03T19:58:58.253+0000] {logging_mixin.py:151} INFO - [2023-11-03T19:58:58.252+0000] {dag.py:2941} INFO - Sync 1 DAGs
[2023-11-03T19:58:58.284+0000] {logging_mixin.py:151} INFO - [2023-11-03T19:58:58.283+0000] {dag.py:3722} INFO - Setting next_dagrun for tutorial_taskflow_api_virtualenv to None, run_after=None
[2023-11-03T19:58:58.338+0000] {processor.py:179} INFO - Processing /home/airflow/.local/lib/python3.8/site-packages/airflow/example_dags/tutorial_taskflow_api_virtualenv.py took 0.186 seconds
[2023-11-03T19:59:28.724+0000] {processor.py:157} INFO - Started process (PID=35520) to work on /home/airflow/.local/lib/python3.8/site-packages/airflow/example_dags/tutorial_taskflow_api_virtualenv.py
[2023-11-03T19:59:28.727+0000] {processor.py:829} INFO - Processing file /home/airflow/.local/lib/python3.8/site-packages/airflow/example_dags/tutorial_taskflow_api_virtualenv.py for tasks to queue
[2023-11-03T19:59:28.735+0000] {logging_mixin.py:151} INFO - [2023-11-03T19:59:28.733+0000] {dagbag.py:536} INFO - Filling up the DagBag from /home/airflow/.local/lib/python3.8/site-packages/airflow/example_dags/tutorial_taskflow_api_virtualenv.py
[2023-11-03T19:59:28.759+0000] {processor.py:839} INFO - DAG(s) dict_keys(['tutorial_taskflow_api_virtualenv']) retrieved from /home/airflow/.local/lib/python3.8/site-packages/airflow/example_dags/tutorial_taskflow_api_virtualenv.py
[2023-11-03T19:59:28.831+0000] {logging_mixin.py:151} INFO - [2023-11-03T19:59:28.830+0000] {dag.py:2941} INFO - Sync 1 DAGs
[2023-11-03T19:59:28.875+0000] {logging_mixin.py:151} INFO - [2023-11-03T19:59:28.875+0000] {dag.py:3722} INFO - Setting next_dagrun for tutorial_taskflow_api_virtualenv to None, run_after=None
[2023-11-03T19:59:28.945+0000] {processor.py:179} INFO - Processing /home/airflow/.local/lib/python3.8/site-packages/airflow/example_dags/tutorial_taskflow_api_virtualenv.py took 0.231 seconds
[2023-11-03T19:59:59.344+0000] {processor.py:157} INFO - Started process (PID=35582) to work on /home/airflow/.local/lib/python3.8/site-packages/airflow/example_dags/tutorial_taskflow_api_virtualenv.py
[2023-11-03T19:59:59.347+0000] {processor.py:829} INFO - Processing file /home/airflow/.local/lib/python3.8/site-packages/airflow/example_dags/tutorial_taskflow_api_virtualenv.py for tasks to queue
[2023-11-03T19:59:59.356+0000] {logging_mixin.py:151} INFO - [2023-11-03T19:59:59.354+0000] {dagbag.py:536} INFO - Filling up the DagBag from /home/airflow/.local/lib/python3.8/site-packages/airflow/example_dags/tutorial_taskflow_api_virtualenv.py
[2023-11-03T19:59:59.378+0000] {processor.py:839} INFO - DAG(s) dict_keys(['tutorial_taskflow_api_virtualenv']) retrieved from /home/airflow/.local/lib/python3.8/site-packages/airflow/example_dags/tutorial_taskflow_api_virtualenv.py
[2023-11-03T19:59:59.453+0000] {logging_mixin.py:151} INFO - [2023-11-03T19:59:59.452+0000] {dag.py:2941} INFO - Sync 1 DAGs
[2023-11-03T19:59:59.500+0000] {logging_mixin.py:151} INFO - [2023-11-03T19:59:59.499+0000] {dag.py:3722} INFO - Setting next_dagrun for tutorial_taskflow_api_virtualenv to None, run_after=None
[2023-11-03T19:59:59.560+0000] {processor.py:179} INFO - Processing /home/airflow/.local/lib/python3.8/site-packages/airflow/example_dags/tutorial_taskflow_api_virtualenv.py took 0.223 seconds
[2023-11-03T20:00:30.065+0000] {processor.py:157} INFO - Started process (PID=35645) to work on /home/airflow/.local/lib/python3.8/site-packages/airflow/example_dags/tutorial_taskflow_api_virtualenv.py
[2023-11-03T20:00:30.068+0000] {processor.py:829} INFO - Processing file /home/airflow/.local/lib/python3.8/site-packages/airflow/example_dags/tutorial_taskflow_api_virtualenv.py for tasks to queue
[2023-11-03T20:00:30.075+0000] {logging_mixin.py:151} INFO - [2023-11-03T20:00:30.074+0000] {dagbag.py:536} INFO - Filling up the DagBag from /home/airflow/.local/lib/python3.8/site-packages/airflow/example_dags/tutorial_taskflow_api_virtualenv.py
[2023-11-03T20:00:30.097+0000] {processor.py:839} INFO - DAG(s) dict_keys(['tutorial_taskflow_api_virtualenv']) retrieved from /home/airflow/.local/lib/python3.8/site-packages/airflow/example_dags/tutorial_taskflow_api_virtualenv.py
[2023-11-03T20:00:30.152+0000] {logging_mixin.py:151} INFO - [2023-11-03T20:00:30.151+0000] {dag.py:2941} INFO - Sync 1 DAGs
[2023-11-03T20:00:30.182+0000] {logging_mixin.py:151} INFO - [2023-11-03T20:00:30.181+0000] {dag.py:3722} INFO - Setting next_dagrun for tutorial_taskflow_api_virtualenv to None, run_after=None
[2023-11-03T20:00:30.245+0000] {processor.py:179} INFO - Processing /home/airflow/.local/lib/python3.8/site-packages/airflow/example_dags/tutorial_taskflow_api_virtualenv.py took 0.187 seconds
[2023-11-03T20:01:00.471+0000] {processor.py:157} INFO - Started process (PID=35707) to work on /home/airflow/.local/lib/python3.8/site-packages/airflow/example_dags/tutorial_taskflow_api_virtualenv.py
[2023-11-03T20:01:00.474+0000] {processor.py:829} INFO - Processing file /home/airflow/.local/lib/python3.8/site-packages/airflow/example_dags/tutorial_taskflow_api_virtualenv.py for tasks to queue
[2023-11-03T20:01:00.482+0000] {logging_mixin.py:151} INFO - [2023-11-03T20:01:00.480+0000] {dagbag.py:536} INFO - Filling up the DagBag from /home/airflow/.local/lib/python3.8/site-packages/airflow/example_dags/tutorial_taskflow_api_virtualenv.py
[2023-11-03T20:01:00.505+0000] {processor.py:839} INFO - DAG(s) dict_keys(['tutorial_taskflow_api_virtualenv']) retrieved from /home/airflow/.local/lib/python3.8/site-packages/airflow/example_dags/tutorial_taskflow_api_virtualenv.py
[2023-11-03T20:01:00.561+0000] {logging_mixin.py:151} INFO - [2023-11-03T20:01:00.560+0000] {dag.py:2941} INFO - Sync 1 DAGs
[2023-11-03T20:01:00.604+0000] {logging_mixin.py:151} INFO - [2023-11-03T20:01:00.604+0000] {dag.py:3722} INFO - Setting next_dagrun for tutorial_taskflow_api_virtualenv to None, run_after=None
[2023-11-03T20:01:00.664+0000] {processor.py:179} INFO - Processing /home/airflow/.local/lib/python3.8/site-packages/airflow/example_dags/tutorial_taskflow_api_virtualenv.py took 0.202 seconds
[2023-11-03T20:01:31.204+0000] {processor.py:157} INFO - Started process (PID=35770) to work on /home/airflow/.local/lib/python3.8/site-packages/airflow/example_dags/tutorial_taskflow_api_virtualenv.py
[2023-11-03T20:01:31.208+0000] {processor.py:829} INFO - Processing file /home/airflow/.local/lib/python3.8/site-packages/airflow/example_dags/tutorial_taskflow_api_virtualenv.py for tasks to queue
[2023-11-03T20:01:31.215+0000] {logging_mixin.py:151} INFO - [2023-11-03T20:01:31.213+0000] {dagbag.py:536} INFO - Filling up the DagBag from /home/airflow/.local/lib/python3.8/site-packages/airflow/example_dags/tutorial_taskflow_api_virtualenv.py
[2023-11-03T20:01:31.235+0000] {processor.py:839} INFO - DAG(s) dict_keys(['tutorial_taskflow_api_virtualenv']) retrieved from /home/airflow/.local/lib/python3.8/site-packages/airflow/example_dags/tutorial_taskflow_api_virtualenv.py
[2023-11-03T20:01:31.287+0000] {logging_mixin.py:151} INFO - [2023-11-03T20:01:31.287+0000] {dag.py:2941} INFO - Sync 1 DAGs
[2023-11-03T20:01:31.327+0000] {logging_mixin.py:151} INFO - [2023-11-03T20:01:31.326+0000] {dag.py:3722} INFO - Setting next_dagrun for tutorial_taskflow_api_virtualenv to None, run_after=None
[2023-11-03T20:01:31.389+0000] {processor.py:179} INFO - Processing /home/airflow/.local/lib/python3.8/site-packages/airflow/example_dags/tutorial_taskflow_api_virtualenv.py took 0.205 seconds
[2023-11-03T20:02:02.199+0000] {processor.py:157} INFO - Started process (PID=35832) to work on /home/airflow/.local/lib/python3.8/site-packages/airflow/example_dags/tutorial_taskflow_api_virtualenv.py
[2023-11-03T20:02:02.202+0000] {processor.py:829} INFO - Processing file /home/airflow/.local/lib/python3.8/site-packages/airflow/example_dags/tutorial_taskflow_api_virtualenv.py for tasks to queue
[2023-11-03T20:02:02.210+0000] {logging_mixin.py:151} INFO - [2023-11-03T20:02:02.209+0000] {dagbag.py:536} INFO - Filling up the DagBag from /home/airflow/.local/lib/python3.8/site-packages/airflow/example_dags/tutorial_taskflow_api_virtualenv.py
[2023-11-03T20:02:02.230+0000] {processor.py:839} INFO - DAG(s) dict_keys(['tutorial_taskflow_api_virtualenv']) retrieved from /home/airflow/.local/lib/python3.8/site-packages/airflow/example_dags/tutorial_taskflow_api_virtualenv.py
[2023-11-03T20:02:02.284+0000] {logging_mixin.py:151} INFO - [2023-11-03T20:02:02.283+0000] {dag.py:2941} INFO - Sync 1 DAGs
[2023-11-03T20:02:02.320+0000] {logging_mixin.py:151} INFO - [2023-11-03T20:02:02.320+0000] {dag.py:3722} INFO - Setting next_dagrun for tutorial_taskflow_api_virtualenv to None, run_after=None
[2023-11-03T20:02:02.390+0000] {processor.py:179} INFO - Processing /home/airflow/.local/lib/python3.8/site-packages/airflow/example_dags/tutorial_taskflow_api_virtualenv.py took 0.202 seconds
[2023-11-03T20:02:33.184+0000] {processor.py:157} INFO - Started process (PID=35894) to work on /home/airflow/.local/lib/python3.8/site-packages/airflow/example_dags/tutorial_taskflow_api_virtualenv.py
[2023-11-03T20:02:33.187+0000] {processor.py:829} INFO - Processing file /home/airflow/.local/lib/python3.8/site-packages/airflow/example_dags/tutorial_taskflow_api_virtualenv.py for tasks to queue
[2023-11-03T20:02:33.201+0000] {logging_mixin.py:151} INFO - [2023-11-03T20:02:33.199+0000] {dagbag.py:536} INFO - Filling up the DagBag from /home/airflow/.local/lib/python3.8/site-packages/airflow/example_dags/tutorial_taskflow_api_virtualenv.py
[2023-11-03T20:02:33.231+0000] {processor.py:839} INFO - DAG(s) dict_keys(['tutorial_taskflow_api_virtualenv']) retrieved from /home/airflow/.local/lib/python3.8/site-packages/airflow/example_dags/tutorial_taskflow_api_virtualenv.py
[2023-11-03T20:02:33.291+0000] {logging_mixin.py:151} INFO - [2023-11-03T20:02:33.291+0000] {dag.py:2941} INFO - Sync 1 DAGs
[2023-11-03T20:02:33.330+0000] {logging_mixin.py:151} INFO - [2023-11-03T20:02:33.330+0000] {dag.py:3722} INFO - Setting next_dagrun for tutorial_taskflow_api_virtualenv to None, run_after=None
[2023-11-03T20:02:33.407+0000] {processor.py:179} INFO - Processing /home/airflow/.local/lib/python3.8/site-packages/airflow/example_dags/tutorial_taskflow_api_virtualenv.py took 0.232 seconds
[2023-11-03T20:03:04.010+0000] {processor.py:157} INFO - Started process (PID=35957) to work on /home/airflow/.local/lib/python3.8/site-packages/airflow/example_dags/tutorial_taskflow_api_virtualenv.py
[2023-11-03T20:03:04.014+0000] {processor.py:829} INFO - Processing file /home/airflow/.local/lib/python3.8/site-packages/airflow/example_dags/tutorial_taskflow_api_virtualenv.py for tasks to queue
[2023-11-03T20:03:04.024+0000] {logging_mixin.py:151} INFO - [2023-11-03T20:03:04.023+0000] {dagbag.py:536} INFO - Filling up the DagBag from /home/airflow/.local/lib/python3.8/site-packages/airflow/example_dags/tutorial_taskflow_api_virtualenv.py
[2023-11-03T20:03:04.052+0000] {processor.py:839} INFO - DAG(s) dict_keys(['tutorial_taskflow_api_virtualenv']) retrieved from /home/airflow/.local/lib/python3.8/site-packages/airflow/example_dags/tutorial_taskflow_api_virtualenv.py
[2023-11-03T20:03:04.115+0000] {logging_mixin.py:151} INFO - [2023-11-03T20:03:04.114+0000] {dag.py:2941} INFO - Sync 1 DAGs
[2023-11-03T20:03:04.154+0000] {logging_mixin.py:151} INFO - [2023-11-03T20:03:04.154+0000] {dag.py:3722} INFO - Setting next_dagrun for tutorial_taskflow_api_virtualenv to None, run_after=None
[2023-11-03T20:03:04.230+0000] {processor.py:179} INFO - Processing /home/airflow/.local/lib/python3.8/site-packages/airflow/example_dags/tutorial_taskflow_api_virtualenv.py took 0.231 seconds
[2023-11-03T20:03:34.785+0000] {processor.py:157} INFO - Started process (PID=36021) to work on /home/airflow/.local/lib/python3.8/site-packages/airflow/example_dags/tutorial_taskflow_api_virtualenv.py
[2023-11-03T20:03:34.788+0000] {processor.py:829} INFO - Processing file /home/airflow/.local/lib/python3.8/site-packages/airflow/example_dags/tutorial_taskflow_api_virtualenv.py for tasks to queue
[2023-11-03T20:03:34.796+0000] {logging_mixin.py:151} INFO - [2023-11-03T20:03:34.794+0000] {dagbag.py:536} INFO - Filling up the DagBag from /home/airflow/.local/lib/python3.8/site-packages/airflow/example_dags/tutorial_taskflow_api_virtualenv.py
[2023-11-03T20:03:34.812+0000] {processor.py:839} INFO - DAG(s) dict_keys(['tutorial_taskflow_api_virtualenv']) retrieved from /home/airflow/.local/lib/python3.8/site-packages/airflow/example_dags/tutorial_taskflow_api_virtualenv.py
[2023-11-03T20:03:34.868+0000] {logging_mixin.py:151} INFO - [2023-11-03T20:03:34.867+0000] {dag.py:2941} INFO - Sync 1 DAGs
[2023-11-03T20:03:34.909+0000] {logging_mixin.py:151} INFO - [2023-11-03T20:03:34.909+0000] {dag.py:3722} INFO - Setting next_dagrun for tutorial_taskflow_api_virtualenv to None, run_after=None
[2023-11-03T20:03:34.972+0000] {processor.py:179} INFO - Processing /home/airflow/.local/lib/python3.8/site-packages/airflow/example_dags/tutorial_taskflow_api_virtualenv.py took 0.194 seconds
[2023-11-03T20:04:05.765+0000] {processor.py:157} INFO - Started process (PID=36084) to work on /home/airflow/.local/lib/python3.8/site-packages/airflow/example_dags/tutorial_taskflow_api_virtualenv.py
[2023-11-03T20:04:05.767+0000] {processor.py:829} INFO - Processing file /home/airflow/.local/lib/python3.8/site-packages/airflow/example_dags/tutorial_taskflow_api_virtualenv.py for tasks to queue
[2023-11-03T20:04:05.776+0000] {logging_mixin.py:151} INFO - [2023-11-03T20:04:05.775+0000] {dagbag.py:536} INFO - Filling up the DagBag from /home/airflow/.local/lib/python3.8/site-packages/airflow/example_dags/tutorial_taskflow_api_virtualenv.py
[2023-11-03T20:04:05.794+0000] {processor.py:839} INFO - DAG(s) dict_keys(['tutorial_taskflow_api_virtualenv']) retrieved from /home/airflow/.local/lib/python3.8/site-packages/airflow/example_dags/tutorial_taskflow_api_virtualenv.py
[2023-11-03T20:04:05.851+0000] {logging_mixin.py:151} INFO - [2023-11-03T20:04:05.850+0000] {dag.py:2941} INFO - Sync 1 DAGs
[2023-11-03T20:04:05.887+0000] {logging_mixin.py:151} INFO - [2023-11-03T20:04:05.886+0000] {dag.py:3722} INFO - Setting next_dagrun for tutorial_taskflow_api_virtualenv to None, run_after=None
[2023-11-03T20:04:05.942+0000] {processor.py:179} INFO - Processing /home/airflow/.local/lib/python3.8/site-packages/airflow/example_dags/tutorial_taskflow_api_virtualenv.py took 0.185 seconds
[2023-11-03T20:04:36.337+0000] {processor.py:157} INFO - Started process (PID=36145) to work on /home/airflow/.local/lib/python3.8/site-packages/airflow/example_dags/tutorial_taskflow_api_virtualenv.py
[2023-11-03T20:04:36.340+0000] {processor.py:829} INFO - Processing file /home/airflow/.local/lib/python3.8/site-packages/airflow/example_dags/tutorial_taskflow_api_virtualenv.py for tasks to queue
[2023-11-03T20:04:36.347+0000] {logging_mixin.py:151} INFO - [2023-11-03T20:04:36.345+0000] {dagbag.py:536} INFO - Filling up the DagBag from /home/airflow/.local/lib/python3.8/site-packages/airflow/example_dags/tutorial_taskflow_api_virtualenv.py
[2023-11-03T20:04:36.369+0000] {processor.py:839} INFO - DAG(s) dict_keys(['tutorial_taskflow_api_virtualenv']) retrieved from /home/airflow/.local/lib/python3.8/site-packages/airflow/example_dags/tutorial_taskflow_api_virtualenv.py
[2023-11-03T20:04:36.420+0000] {logging_mixin.py:151} INFO - [2023-11-03T20:04:36.419+0000] {dag.py:2941} INFO - Sync 1 DAGs
[2023-11-03T20:04:36.456+0000] {logging_mixin.py:151} INFO - [2023-11-03T20:04:36.455+0000] {dag.py:3722} INFO - Setting next_dagrun for tutorial_taskflow_api_virtualenv to None, run_after=None
[2023-11-03T20:04:36.518+0000] {processor.py:179} INFO - Processing /home/airflow/.local/lib/python3.8/site-packages/airflow/example_dags/tutorial_taskflow_api_virtualenv.py took 0.189 seconds
[2023-11-03T20:05:07.118+0000] {processor.py:157} INFO - Started process (PID=36207) to work on /home/airflow/.local/lib/python3.8/site-packages/airflow/example_dags/tutorial_taskflow_api_virtualenv.py
[2023-11-03T20:05:07.121+0000] {processor.py:829} INFO - Processing file /home/airflow/.local/lib/python3.8/site-packages/airflow/example_dags/tutorial_taskflow_api_virtualenv.py for tasks to queue
[2023-11-03T20:05:07.130+0000] {logging_mixin.py:151} INFO - [2023-11-03T20:05:07.128+0000] {dagbag.py:536} INFO - Filling up the DagBag from /home/airflow/.local/lib/python3.8/site-packages/airflow/example_dags/tutorial_taskflow_api_virtualenv.py
[2023-11-03T20:05:07.147+0000] {processor.py:839} INFO - DAG(s) dict_keys(['tutorial_taskflow_api_virtualenv']) retrieved from /home/airflow/.local/lib/python3.8/site-packages/airflow/example_dags/tutorial_taskflow_api_virtualenv.py
[2023-11-03T20:05:07.213+0000] {logging_mixin.py:151} INFO - [2023-11-03T20:05:07.212+0000] {dag.py:2941} INFO - Sync 1 DAGs
[2023-11-03T20:05:07.251+0000] {logging_mixin.py:151} INFO - [2023-11-03T20:05:07.251+0000] {dag.py:3722} INFO - Setting next_dagrun for tutorial_taskflow_api_virtualenv to None, run_after=None
[2023-11-03T20:05:07.318+0000] {processor.py:179} INFO - Processing /home/airflow/.local/lib/python3.8/site-packages/airflow/example_dags/tutorial_taskflow_api_virtualenv.py took 0.208 seconds
[2023-11-03T20:05:37.537+0000] {processor.py:157} INFO - Started process (PID=36268) to work on /home/airflow/.local/lib/python3.8/site-packages/airflow/example_dags/tutorial_taskflow_api_virtualenv.py
[2023-11-03T20:05:37.540+0000] {processor.py:829} INFO - Processing file /home/airflow/.local/lib/python3.8/site-packages/airflow/example_dags/tutorial_taskflow_api_virtualenv.py for tasks to queue
[2023-11-03T20:05:37.548+0000] {logging_mixin.py:151} INFO - [2023-11-03T20:05:37.546+0000] {dagbag.py:536} INFO - Filling up the DagBag from /home/airflow/.local/lib/python3.8/site-packages/airflow/example_dags/tutorial_taskflow_api_virtualenv.py
[2023-11-03T20:05:37.568+0000] {processor.py:839} INFO - DAG(s) dict_keys(['tutorial_taskflow_api_virtualenv']) retrieved from /home/airflow/.local/lib/python3.8/site-packages/airflow/example_dags/tutorial_taskflow_api_virtualenv.py
[2023-11-03T20:05:37.628+0000] {logging_mixin.py:151} INFO - [2023-11-03T20:05:37.628+0000] {dag.py:2941} INFO - Sync 1 DAGs
[2023-11-03T20:05:37.665+0000] {logging_mixin.py:151} INFO - [2023-11-03T20:05:37.664+0000] {dag.py:3722} INFO - Setting next_dagrun for tutorial_taskflow_api_virtualenv to None, run_after=None
[2023-11-03T20:05:37.726+0000] {processor.py:179} INFO - Processing /home/airflow/.local/lib/python3.8/site-packages/airflow/example_dags/tutorial_taskflow_api_virtualenv.py took 0.197 seconds
